ARM GAS  C:\Users\MM1005~1\AppData\Local\Temp\ccqE5vO7.s 			page 1


   1              		.cpu cortex-m0plus
   2              		.fpu softvfp
   3              		.eabi_attribute 20, 1
   4              		.eabi_attribute 21, 1
   5              		.eabi_attribute 23, 3
   6              		.eabi_attribute 24, 1
   7              		.eabi_attribute 25, 1
   8              		.eabi_attribute 26, 1
   9              		.eabi_attribute 30, 1
  10              		.eabi_attribute 34, 0
  11              		.eabi_attribute 18, 4
  12              		.code	16
  13              		.file	"cyfitter_cfg.c"
  14              		.text
  15              	.Ltext0:
  16              		.cfi_sections	.debug_frame
  17              		.section	.psocinit,"ax",%progbits
  18              		.align	2
  19              		.code	16
  20              		.thumb_func
  21              		.type	ClockSetup, %function
  22              	ClockSetup:
  23              	.LFB4:
  24              		.file 1 "Generated_Source\\PSoC4\\cyfitter_cfg.c"
   1:Generated_Source\PSoC4/cyfitter_cfg.c **** /*******************************************************************************
   2:Generated_Source\PSoC4/cyfitter_cfg.c **** * File Name: cyfitter_cfg.c
   3:Generated_Source\PSoC4/cyfitter_cfg.c **** * 
   4:Generated_Source\PSoC4/cyfitter_cfg.c **** * PSoC Creator  4.0 Update 1
   5:Generated_Source\PSoC4/cyfitter_cfg.c **** *
   6:Generated_Source\PSoC4/cyfitter_cfg.c **** * Description:
   7:Generated_Source\PSoC4/cyfitter_cfg.c **** * This file contains device initialization code.
   8:Generated_Source\PSoC4/cyfitter_cfg.c **** * Except for the user defined sections in CyClockStartupError(), this file should not be modified.
   9:Generated_Source\PSoC4/cyfitter_cfg.c **** * This file is automatically generated by PSoC Creator.
  10:Generated_Source\PSoC4/cyfitter_cfg.c **** *
  11:Generated_Source\PSoC4/cyfitter_cfg.c **** ********************************************************************************
  12:Generated_Source\PSoC4/cyfitter_cfg.c **** * Copyright (c) 2007-2016 Cypress Semiconductor.  All rights reserved.
  13:Generated_Source\PSoC4/cyfitter_cfg.c **** * You may use this file only in accordance with the license, terms, conditions, 
  14:Generated_Source\PSoC4/cyfitter_cfg.c **** * disclaimers, and limitations in the end user license agreement accompanying 
  15:Generated_Source\PSoC4/cyfitter_cfg.c **** * the software package with which this file was provided.
  16:Generated_Source\PSoC4/cyfitter_cfg.c **** ********************************************************************************/
  17:Generated_Source\PSoC4/cyfitter_cfg.c **** 
  18:Generated_Source\PSoC4/cyfitter_cfg.c **** #include <string.h>
  19:Generated_Source\PSoC4/cyfitter_cfg.c **** #include "cytypes.h"
  20:Generated_Source\PSoC4/cyfitter_cfg.c **** #include "cydevice_trm.h"
  21:Generated_Source\PSoC4/cyfitter_cfg.c **** #include "cyfitter.h"
  22:Generated_Source\PSoC4/cyfitter_cfg.c **** #include "CyLib.h"
  23:Generated_Source\PSoC4/cyfitter_cfg.c **** #include "cyfitter_cfg.h"
  24:Generated_Source\PSoC4/cyfitter_cfg.c **** 
  25:Generated_Source\PSoC4/cyfitter_cfg.c **** 
  26:Generated_Source\PSoC4/cyfitter_cfg.c **** #if defined(__GNUC__) || defined(__ARMCC_VERSION)
  27:Generated_Source\PSoC4/cyfitter_cfg.c ****     #define CYPACKED 
  28:Generated_Source\PSoC4/cyfitter_cfg.c ****     #define CYPACKED_ATTR __attribute__ ((packed))
  29:Generated_Source\PSoC4/cyfitter_cfg.c ****     #define CYALIGNED __attribute__ ((aligned))
  30:Generated_Source\PSoC4/cyfitter_cfg.c ****     #define CY_CFG_UNUSED __attribute__ ((unused))
  31:Generated_Source\PSoC4/cyfitter_cfg.c ****     #ifndef CY_CFG_SECTION
  32:Generated_Source\PSoC4/cyfitter_cfg.c ****         #define CY_CFG_SECTION __attribute__ ((section(".psocinit")))
  33:Generated_Source\PSoC4/cyfitter_cfg.c ****     #endif
ARM GAS  C:\Users\MM1005~1\AppData\Local\Temp\ccqE5vO7.s 			page 2


  34:Generated_Source\PSoC4/cyfitter_cfg.c ****     
  35:Generated_Source\PSoC4/cyfitter_cfg.c ****     #if defined(__ARMCC_VERSION)
  36:Generated_Source\PSoC4/cyfitter_cfg.c ****         #define CY_CFG_MEMORY_BARRIER() __memory_changed()
  37:Generated_Source\PSoC4/cyfitter_cfg.c ****     #else
  38:Generated_Source\PSoC4/cyfitter_cfg.c ****         #define CY_CFG_MEMORY_BARRIER() __sync_synchronize()
  39:Generated_Source\PSoC4/cyfitter_cfg.c ****     #endif
  40:Generated_Source\PSoC4/cyfitter_cfg.c ****     
  41:Generated_Source\PSoC4/cyfitter_cfg.c **** #elif defined(__ICCARM__)
  42:Generated_Source\PSoC4/cyfitter_cfg.c ****     #include <intrinsics.h>
  43:Generated_Source\PSoC4/cyfitter_cfg.c **** 
  44:Generated_Source\PSoC4/cyfitter_cfg.c ****     #define CYPACKED __packed
  45:Generated_Source\PSoC4/cyfitter_cfg.c ****     #define CYPACKED_ATTR 
  46:Generated_Source\PSoC4/cyfitter_cfg.c ****     #define CYALIGNED _Pragma("data_alignment=4")
  47:Generated_Source\PSoC4/cyfitter_cfg.c ****     #define CY_CFG_UNUSED _Pragma("diag_suppress=Pe177")
  48:Generated_Source\PSoC4/cyfitter_cfg.c ****     #define CY_CFG_SECTION _Pragma("location=\".psocinit\"")
  49:Generated_Source\PSoC4/cyfitter_cfg.c ****     
  50:Generated_Source\PSoC4/cyfitter_cfg.c ****     #define CY_CFG_MEMORY_BARRIER() __DMB()
  51:Generated_Source\PSoC4/cyfitter_cfg.c ****     
  52:Generated_Source\PSoC4/cyfitter_cfg.c **** #else
  53:Generated_Source\PSoC4/cyfitter_cfg.c ****     #error Unsupported toolchain
  54:Generated_Source\PSoC4/cyfitter_cfg.c **** #endif
  55:Generated_Source\PSoC4/cyfitter_cfg.c **** 
  56:Generated_Source\PSoC4/cyfitter_cfg.c **** 
  57:Generated_Source\PSoC4/cyfitter_cfg.c **** CY_CFG_UNUSED
  58:Generated_Source\PSoC4/cyfitter_cfg.c **** static void CYMEMZERO(void *s, size_t n);
  59:Generated_Source\PSoC4/cyfitter_cfg.c **** CY_CFG_UNUSED
  60:Generated_Source\PSoC4/cyfitter_cfg.c **** static void CYMEMZERO(void *s, size_t n)
  61:Generated_Source\PSoC4/cyfitter_cfg.c **** {
  62:Generated_Source\PSoC4/cyfitter_cfg.c **** 	(void)memset(s, 0, n);
  63:Generated_Source\PSoC4/cyfitter_cfg.c **** }
  64:Generated_Source\PSoC4/cyfitter_cfg.c **** CY_CFG_UNUSED
  65:Generated_Source\PSoC4/cyfitter_cfg.c **** static void CYCONFIGCPY(void *dest, const void *src, size_t n);
  66:Generated_Source\PSoC4/cyfitter_cfg.c **** CY_CFG_UNUSED
  67:Generated_Source\PSoC4/cyfitter_cfg.c **** static void CYCONFIGCPY(void *dest, const void *src, size_t n)
  68:Generated_Source\PSoC4/cyfitter_cfg.c **** {
  69:Generated_Source\PSoC4/cyfitter_cfg.c **** 	(void)memcpy(dest, src, n);
  70:Generated_Source\PSoC4/cyfitter_cfg.c **** }
  71:Generated_Source\PSoC4/cyfitter_cfg.c **** CY_CFG_UNUSED
  72:Generated_Source\PSoC4/cyfitter_cfg.c **** static void CYCONFIGCPYCODE(void *dest, const void *src, size_t n);
  73:Generated_Source\PSoC4/cyfitter_cfg.c **** CY_CFG_UNUSED
  74:Generated_Source\PSoC4/cyfitter_cfg.c **** static void CYCONFIGCPYCODE(void *dest, const void *src, size_t n)
  75:Generated_Source\PSoC4/cyfitter_cfg.c **** {
  76:Generated_Source\PSoC4/cyfitter_cfg.c **** 	(void)memcpy(dest, src, n);
  77:Generated_Source\PSoC4/cyfitter_cfg.c **** }
  78:Generated_Source\PSoC4/cyfitter_cfg.c **** 
  79:Generated_Source\PSoC4/cyfitter_cfg.c **** 
  80:Generated_Source\PSoC4/cyfitter_cfg.c **** 
  81:Generated_Source\PSoC4/cyfitter_cfg.c **** 
  82:Generated_Source\PSoC4/cyfitter_cfg.c **** /* Clock startup error codes                                                   */
  83:Generated_Source\PSoC4/cyfitter_cfg.c **** #define CYCLOCKSTART_NO_ERROR    0u
  84:Generated_Source\PSoC4/cyfitter_cfg.c **** #define CYCLOCKSTART_XTAL_ERROR  1u
  85:Generated_Source\PSoC4/cyfitter_cfg.c **** #define CYCLOCKSTART_32KHZ_ERROR 2u
  86:Generated_Source\PSoC4/cyfitter_cfg.c **** #define CYCLOCKSTART_PLL_ERROR   3u
  87:Generated_Source\PSoC4/cyfitter_cfg.c **** 
  88:Generated_Source\PSoC4/cyfitter_cfg.c **** 
  89:Generated_Source\PSoC4/cyfitter_cfg.c **** #ifdef CY_NEED_CYCLOCKSTARTUPERROR
  90:Generated_Source\PSoC4/cyfitter_cfg.c **** /*******************************************************************************
ARM GAS  C:\Users\MM1005~1\AppData\Local\Temp\ccqE5vO7.s 			page 3


  91:Generated_Source\PSoC4/cyfitter_cfg.c **** * Function Name: CyClockStartupError
  92:Generated_Source\PSoC4/cyfitter_cfg.c **** ********************************************************************************
  93:Generated_Source\PSoC4/cyfitter_cfg.c **** * Summary:
  94:Generated_Source\PSoC4/cyfitter_cfg.c **** *  If an error is encountered during clock configuration (crystal startup error,
  95:Generated_Source\PSoC4/cyfitter_cfg.c **** *  PLL lock error, etc.), the system will end up here.  Unless reimplemented by
  96:Generated_Source\PSoC4/cyfitter_cfg.c **** *  the customer, this function will stop in an infinite loop.
  97:Generated_Source\PSoC4/cyfitter_cfg.c **** *
  98:Generated_Source\PSoC4/cyfitter_cfg.c **** * Parameters:
  99:Generated_Source\PSoC4/cyfitter_cfg.c **** *   void
 100:Generated_Source\PSoC4/cyfitter_cfg.c **** *
 101:Generated_Source\PSoC4/cyfitter_cfg.c **** * Return:
 102:Generated_Source\PSoC4/cyfitter_cfg.c **** *   void
 103:Generated_Source\PSoC4/cyfitter_cfg.c **** *
 104:Generated_Source\PSoC4/cyfitter_cfg.c **** *******************************************************************************/
 105:Generated_Source\PSoC4/cyfitter_cfg.c **** CY_CFG_UNUSED
 106:Generated_Source\PSoC4/cyfitter_cfg.c **** static void CyClockStartupError(uint8 errorCode);
 107:Generated_Source\PSoC4/cyfitter_cfg.c **** CY_CFG_UNUSED
 108:Generated_Source\PSoC4/cyfitter_cfg.c **** static void CyClockStartupError(uint8 errorCode)
 109:Generated_Source\PSoC4/cyfitter_cfg.c **** {
 110:Generated_Source\PSoC4/cyfitter_cfg.c ****     /* To remove the compiler warning if errorCode not used.                */
 111:Generated_Source\PSoC4/cyfitter_cfg.c ****     errorCode = errorCode;
 112:Generated_Source\PSoC4/cyfitter_cfg.c **** 
 113:Generated_Source\PSoC4/cyfitter_cfg.c ****     /* If we have a clock startup error (bad MHz crystal, PLL lock, etc.),  */
 114:Generated_Source\PSoC4/cyfitter_cfg.c ****     /* we will end up here to allow the customer to implement something to  */
 115:Generated_Source\PSoC4/cyfitter_cfg.c ****     /* deal with the clock condition.                                       */
 116:Generated_Source\PSoC4/cyfitter_cfg.c **** 
 117:Generated_Source\PSoC4/cyfitter_cfg.c **** #ifdef CY_CFG_CLOCK_STARTUP_ERROR_CALLBACK
 118:Generated_Source\PSoC4/cyfitter_cfg.c **** 	CY_CFG_Clock_Startup_ErrorCallback();
 119:Generated_Source\PSoC4/cyfitter_cfg.c **** #else
 120:Generated_Source\PSoC4/cyfitter_cfg.c **** 	/*  If not using CY_CFG_CLOCK_STARTUP_ERROR_CALLBACK, place your clock startup code here. */
 121:Generated_Source\PSoC4/cyfitter_cfg.c ****     /* `#START CyClockStartupError` */
 122:Generated_Source\PSoC4/cyfitter_cfg.c **** 
 123:Generated_Source\PSoC4/cyfitter_cfg.c ****     /* If we have a clock startup error (bad MHz crystal, PLL lock, etc.),  */
 124:Generated_Source\PSoC4/cyfitter_cfg.c ****     /* we will end up here to allow the customer to implement something to  */
 125:Generated_Source\PSoC4/cyfitter_cfg.c ****     /* deal with the clock condition.                                       */
 126:Generated_Source\PSoC4/cyfitter_cfg.c **** 
 127:Generated_Source\PSoC4/cyfitter_cfg.c ****     /* `#END` */
 128:Generated_Source\PSoC4/cyfitter_cfg.c **** 
 129:Generated_Source\PSoC4/cyfitter_cfg.c ****     /* If nothing else, stop here since the clocks have not started         */
 130:Generated_Source\PSoC4/cyfitter_cfg.c ****     /* correctly.                                                           */
 131:Generated_Source\PSoC4/cyfitter_cfg.c ****     while(1) {}
 132:Generated_Source\PSoC4/cyfitter_cfg.c **** #endif /* CY_CFG_CLOCK_STARTUP_ERROR_CALLBACK */ 
 133:Generated_Source\PSoC4/cyfitter_cfg.c **** }
 134:Generated_Source\PSoC4/cyfitter_cfg.c **** #endif
 135:Generated_Source\PSoC4/cyfitter_cfg.c **** 
 136:Generated_Source\PSoC4/cyfitter_cfg.c **** 
 137:Generated_Source\PSoC4/cyfitter_cfg.c **** 
 138:Generated_Source\PSoC4/cyfitter_cfg.c **** /*******************************************************************************
 139:Generated_Source\PSoC4/cyfitter_cfg.c **** * Function Name: ClockSetup
 140:Generated_Source\PSoC4/cyfitter_cfg.c **** ********************************************************************************
 141:Generated_Source\PSoC4/cyfitter_cfg.c **** *
 142:Generated_Source\PSoC4/cyfitter_cfg.c **** * Summary:
 143:Generated_Source\PSoC4/cyfitter_cfg.c **** *   Performs the initialization of all of the clocks in the device based on the
 144:Generated_Source\PSoC4/cyfitter_cfg.c **** *   settings in the Clock tab of the DWR.  This includes enabling the requested
 145:Generated_Source\PSoC4/cyfitter_cfg.c **** *   clocks and setting the necessary dividers to produce the desired frequency. 
 146:Generated_Source\PSoC4/cyfitter_cfg.c **** *
 147:Generated_Source\PSoC4/cyfitter_cfg.c **** * Parameters:
ARM GAS  C:\Users\MM1005~1\AppData\Local\Temp\ccqE5vO7.s 			page 4


 148:Generated_Source\PSoC4/cyfitter_cfg.c **** *   void
 149:Generated_Source\PSoC4/cyfitter_cfg.c **** *
 150:Generated_Source\PSoC4/cyfitter_cfg.c **** * Return:
 151:Generated_Source\PSoC4/cyfitter_cfg.c **** *   void
 152:Generated_Source\PSoC4/cyfitter_cfg.c **** *
 153:Generated_Source\PSoC4/cyfitter_cfg.c **** *******************************************************************************/
 154:Generated_Source\PSoC4/cyfitter_cfg.c **** static void ClockSetup(void);
 155:Generated_Source\PSoC4/cyfitter_cfg.c **** CY_CFG_SECTION
 156:Generated_Source\PSoC4/cyfitter_cfg.c **** static void ClockSetup(void)
 157:Generated_Source\PSoC4/cyfitter_cfg.c **** {
  25              		.loc 1 157 0
  26              		.cfi_startproc
  27 0000 10B5     		push	{r4, lr}
  28              		.cfi_def_cfa_offset 8
  29              		.cfi_offset 4, -8
  30              		.cfi_offset 14, -4
 158:Generated_Source\PSoC4/cyfitter_cfg.c **** 
 159:Generated_Source\PSoC4/cyfitter_cfg.c **** 	/* Set Flash Cycles based on max possible frequency in case a glitch occurs during ClockSetup(). *
 160:Generated_Source\PSoC4/cyfitter_cfg.c **** 	CY_SET_REG32((void CYXDATA *)(CYREG_CPUSS_FLASH_CTL), (0x0012u));
  31              		.loc 1 160 0
  32 0002 174C     		ldr	r4, .L2
  33 0004 1223     		mov	r3, #18
  34 0006 2360     		str	r3, [r4]
 161:Generated_Source\PSoC4/cyfitter_cfg.c **** 	/* Update IMO to new clock speed. */
 162:Generated_Source\PSoC4/cyfitter_cfg.c **** 	CySysClkWriteImoFreq(24u);
  35              		.loc 1 162 0
  36 0008 1820     		mov	r0, #24
  37 000a FFF7FEFF 		bl	CySysClkWriteImoFreq
  38              	.LVL0:
 163:Generated_Source\PSoC4/cyfitter_cfg.c **** 
 164:Generated_Source\PSoC4/cyfitter_cfg.c **** 	/* Setup phase aligned clocks */
 165:Generated_Source\PSoC4/cyfitter_cfg.c **** 	CY_SET_REG32((void *)CYREG_PERI_DIV_16_CTL2, 0x00000100u);
  39              		.loc 1 165 0
  40 000e 8022     		mov	r2, #128
  41 0010 5200     		lsl	r2, r2, #1
  42 0012 144B     		ldr	r3, .L2+4
  43 0014 1A60     		str	r2, [r3]
 166:Generated_Source\PSoC4/cyfitter_cfg.c **** 	CY_SET_REG32((void *)CYREG_PERI_DIV_CMD, 0x8000FF42u);
  44              		.loc 1 166 0
  45 0016 144B     		ldr	r3, .L2+8
  46 0018 144A     		ldr	r2, .L2+12
  47 001a 1A60     		str	r2, [r3]
 167:Generated_Source\PSoC4/cyfitter_cfg.c **** 	CY_SET_REG32((void *)CYREG_PERI_DIV_16_CTL0, 0x0000FE00u);
  48              		.loc 1 167 0
  49 001c FE21     		mov	r1, #254
  50 001e 0902     		lsl	r1, r1, #8
  51 0020 134A     		ldr	r2, .L2+16
  52 0022 1160     		str	r1, [r2]
 168:Generated_Source\PSoC4/cyfitter_cfg.c **** 	CY_SET_REG32((void *)CYREG_PERI_DIV_CMD, 0x8000FF40u);
  53              		.loc 1 168 0
  54 0024 134A     		ldr	r2, .L2+20
  55 0026 1A60     		str	r2, [r3]
 169:Generated_Source\PSoC4/cyfitter_cfg.c **** 	CY_SET_REG32((void *)CYREG_PERI_DIV_16_CTL1, 0x00000000u);
  56              		.loc 1 169 0
  57 0028 0022     		mov	r2, #0
  58 002a 1349     		ldr	r1, .L2+24
  59 002c 0A60     		str	r2, [r1]
ARM GAS  C:\Users\MM1005~1\AppData\Local\Temp\ccqE5vO7.s 			page 5


 170:Generated_Source\PSoC4/cyfitter_cfg.c **** 	CY_SET_REG32((void *)CYREG_PERI_DIV_CMD, 0x8000FF41u);
  60              		.loc 1 170 0
  61 002e 1349     		ldr	r1, .L2+28
  62 0030 1960     		str	r1, [r3]
 171:Generated_Source\PSoC4/cyfitter_cfg.c **** 	CY_SET_REG32((void *)CYREG_PERI_DIV_16_CTL3, 0x00000E00u);
  63              		.loc 1 171 0
  64 0032 E020     		mov	r0, #224
  65 0034 0001     		lsl	r0, r0, #4
  66 0036 1249     		ldr	r1, .L2+32
  67 0038 0860     		str	r0, [r1]
 172:Generated_Source\PSoC4/cyfitter_cfg.c **** 	CY_SET_REG32((void *)CYREG_PERI_DIV_CMD, 0x8000FF43u);
  68              		.loc 1 172 0
  69 003a 1249     		ldr	r1, .L2+36
  70 003c 1960     		str	r1, [r3]
 173:Generated_Source\PSoC4/cyfitter_cfg.c **** 
 174:Generated_Source\PSoC4/cyfitter_cfg.c **** 	/* CYDEV_CLK_SELECT Starting address: CYDEV_CLK_SELECT */
 175:Generated_Source\PSoC4/cyfitter_cfg.c **** 	CY_SET_XTND_REG32((void CYFAR *)(CYREG_CLK_SELECT), 0x00000000u);
  71              		.loc 1 175 0
  72 003e 124B     		ldr	r3, .L2+40
  73 0040 1A60     		str	r2, [r3]
 176:Generated_Source\PSoC4/cyfitter_cfg.c **** 
 177:Generated_Source\PSoC4/cyfitter_cfg.c **** 	/* CYDEV_PERI_PCLK_CTL3 Starting address: CYDEV_PERI_PCLK_CTL3 */
 178:Generated_Source\PSoC4/cyfitter_cfg.c **** 	CY_SET_XTND_REG32((void CYFAR *)(CYREG_PERI_PCLK_CTL3), 0x00000042u);
  74              		.loc 1 178 0
  75 0042 4232     		add	r2, r2, #66
  76 0044 114B     		ldr	r3, .L2+44
  77 0046 1A60     		str	r2, [r3]
 179:Generated_Source\PSoC4/cyfitter_cfg.c **** 
 180:Generated_Source\PSoC4/cyfitter_cfg.c **** 	/* CYDEV_PERI_PCLK_CTL2 Starting address: CYDEV_PERI_PCLK_CTL2 */
 181:Generated_Source\PSoC4/cyfitter_cfg.c **** 	CY_SET_XTND_REG32((void CYFAR *)(CYREG_PERI_PCLK_CTL2), 0x00000040u);
  78              		.loc 1 181 0
  79 0048 023A     		sub	r2, r2, #2
  80 004a 114B     		ldr	r3, .L2+48
  81 004c 1A60     		str	r2, [r3]
 182:Generated_Source\PSoC4/cyfitter_cfg.c **** 
 183:Generated_Source\PSoC4/cyfitter_cfg.c **** 	/* CYDEV_PERI_PCLK_CTL1 Starting address: CYDEV_PERI_PCLK_CTL1 */
 184:Generated_Source\PSoC4/cyfitter_cfg.c **** 	CY_SET_XTND_REG32((void CYFAR *)(CYREG_PERI_PCLK_CTL1), 0x00000041u);
  82              		.loc 1 184 0
  83 004e 0132     		add	r2, r2, #1
  84 0050 104B     		ldr	r3, .L2+52
  85 0052 1A60     		str	r2, [r3]
 185:Generated_Source\PSoC4/cyfitter_cfg.c **** 
 186:Generated_Source\PSoC4/cyfitter_cfg.c **** 	/* CYDEV_PERI_PCLK_CTL0 Starting address: CYDEV_PERI_PCLK_CTL0 */
 187:Generated_Source\PSoC4/cyfitter_cfg.c **** 	CY_SET_XTND_REG32((void CYFAR *)(CYREG_PERI_PCLK_CTL0), 0x00000043u);
  86              		.loc 1 187 0
  87 0054 0232     		add	r2, r2, #2
  88 0056 104B     		ldr	r3, .L2+56
  89 0058 1A60     		str	r2, [r3]
 188:Generated_Source\PSoC4/cyfitter_cfg.c **** 
 189:Generated_Source\PSoC4/cyfitter_cfg.c **** 	/* Set Flash Cycles based on newly configured 24.00MHz HFCLK. */
 190:Generated_Source\PSoC4/cyfitter_cfg.c **** 	CY_SET_REG32((void CYXDATA *)(CYREG_CPUSS_FLASH_CTL), (0x0011u));
  90              		.loc 1 190 0
  91 005a 1123     		mov	r3, #17
  92 005c 2360     		str	r3, [r4]
 191:Generated_Source\PSoC4/cyfitter_cfg.c **** }
  93              		.loc 1 191 0
  94              		@ sp needed
ARM GAS  C:\Users\MM1005~1\AppData\Local\Temp\ccqE5vO7.s 			page 6


  95 005e 10BD     		pop	{r4, pc}
  96              	.L3:
  97              		.align	2
  98              	.L2:
  99 0060 30001040 		.word	1074790448
 100 0064 08030140 		.word	1073808136
 101 0068 00000140 		.word	1073807360
 102 006c 42FF0080 		.word	-2147418302
 103 0070 00030140 		.word	1073808128
 104 0074 40FF0080 		.word	-2147418304
 105 0078 04030140 		.word	1073808132
 106 007c 41FF0080 		.word	-2147418303
 107 0080 0C030140 		.word	1073808140
 108 0084 43FF0080 		.word	-2147418301
 109 0088 28000340 		.word	1073938472
 110 008c 0C010140 		.word	1073807628
 111 0090 08010140 		.word	1073807624
 112 0094 04010140 		.word	1073807620
 113 0098 00010140 		.word	1073807616
 114              		.cfi_endproc
 115              	.LFE4:
 116              		.size	ClockSetup, .-ClockSetup
 117              		.section	.text.SetAnalogRoutingPumps,"ax",%progbits
 118              		.align	2
 119              		.global	SetAnalogRoutingPumps
 120              		.code	16
 121              		.thumb_func
 122              		.type	SetAnalogRoutingPumps, %function
 123              	SetAnalogRoutingPumps:
 124              	.LFB6:
 192:Generated_Source\PSoC4/cyfitter_cfg.c **** 
 193:Generated_Source\PSoC4/cyfitter_cfg.c **** 
 194:Generated_Source\PSoC4/cyfitter_cfg.c **** /* Analog API Functions */
 195:Generated_Source\PSoC4/cyfitter_cfg.c **** 
 196:Generated_Source\PSoC4/cyfitter_cfg.c **** 
 197:Generated_Source\PSoC4/cyfitter_cfg.c **** /*******************************************************************************
 198:Generated_Source\PSoC4/cyfitter_cfg.c **** * Function Name: AnalogSetDefault
 199:Generated_Source\PSoC4/cyfitter_cfg.c **** ********************************************************************************
 200:Generated_Source\PSoC4/cyfitter_cfg.c **** *
 201:Generated_Source\PSoC4/cyfitter_cfg.c **** * Summary:
 202:Generated_Source\PSoC4/cyfitter_cfg.c **** *  Sets up the analog portions of the chip to default values based on chip
 203:Generated_Source\PSoC4/cyfitter_cfg.c **** *  configuration options from the project.
 204:Generated_Source\PSoC4/cyfitter_cfg.c **** *
 205:Generated_Source\PSoC4/cyfitter_cfg.c **** * Parameters:
 206:Generated_Source\PSoC4/cyfitter_cfg.c **** *  void
 207:Generated_Source\PSoC4/cyfitter_cfg.c **** *
 208:Generated_Source\PSoC4/cyfitter_cfg.c **** * Return:
 209:Generated_Source\PSoC4/cyfitter_cfg.c **** *  void
 210:Generated_Source\PSoC4/cyfitter_cfg.c **** *
 211:Generated_Source\PSoC4/cyfitter_cfg.c **** *******************************************************************************/
 212:Generated_Source\PSoC4/cyfitter_cfg.c **** static void AnalogSetDefault(void);
 213:Generated_Source\PSoC4/cyfitter_cfg.c **** static void AnalogSetDefault(void)
 214:Generated_Source\PSoC4/cyfitter_cfg.c **** {
 215:Generated_Source\PSoC4/cyfitter_cfg.c **** 	CY_SET_XTND_REG32((void CYFAR *)CYREG_CSD_SW_DSI_SEL, 0x00000001u);
 216:Generated_Source\PSoC4/cyfitter_cfg.c **** 	SetAnalogRoutingPumps(1);
 217:Generated_Source\PSoC4/cyfitter_cfg.c **** }
 218:Generated_Source\PSoC4/cyfitter_cfg.c **** 
ARM GAS  C:\Users\MM1005~1\AppData\Local\Temp\ccqE5vO7.s 			page 7


 219:Generated_Source\PSoC4/cyfitter_cfg.c **** 
 220:Generated_Source\PSoC4/cyfitter_cfg.c **** /*******************************************************************************
 221:Generated_Source\PSoC4/cyfitter_cfg.c **** * Function Name: SetAnalogRoutingPumps
 222:Generated_Source\PSoC4/cyfitter_cfg.c **** ********************************************************************************
 223:Generated_Source\PSoC4/cyfitter_cfg.c **** *
 224:Generated_Source\PSoC4/cyfitter_cfg.c **** * Summary:
 225:Generated_Source\PSoC4/cyfitter_cfg.c **** * Enables or disables the analog pumps feeding analog routing switches.
 226:Generated_Source\PSoC4/cyfitter_cfg.c **** * Intended to be called at startup, based on the Vdda system configuration;
 227:Generated_Source\PSoC4/cyfitter_cfg.c **** * may be called during operation when the user informs us that the Vdda voltage crossed the pump th
 228:Generated_Source\PSoC4/cyfitter_cfg.c **** *
 229:Generated_Source\PSoC4/cyfitter_cfg.c **** * Parameters:
 230:Generated_Source\PSoC4/cyfitter_cfg.c **** *  enabled - 1 to enable the pumps, 0 to disable the pumps
 231:Generated_Source\PSoC4/cyfitter_cfg.c **** *
 232:Generated_Source\PSoC4/cyfitter_cfg.c **** * Return:
 233:Generated_Source\PSoC4/cyfitter_cfg.c **** *  void
 234:Generated_Source\PSoC4/cyfitter_cfg.c **** *
 235:Generated_Source\PSoC4/cyfitter_cfg.c **** *******************************************************************************/
 236:Generated_Source\PSoC4/cyfitter_cfg.c **** void SetAnalogRoutingPumps(uint8 enabled)
 237:Generated_Source\PSoC4/cyfitter_cfg.c **** {
 125              		.loc 1 237 0
 126              		.cfi_startproc
 127              	.LVL1:
 238:Generated_Source\PSoC4/cyfitter_cfg.c **** 	uint32 regValue = CY_GET_XTND_REG32((void *)(CYREG_HSIOM_PUMP_CTL));
 128              		.loc 1 238 0
 129 0000 0B4B     		ldr	r3, .L9
 130 0002 1B68     		ldr	r3, [r3]
 131              	.LVL2:
 239:Generated_Source\PSoC4/cyfitter_cfg.c **** 	if (enabled != 0u)
 132              		.loc 1 239 0
 133 0004 0028     		cmp	r0, #0
 134 0006 03D0     		beq	.L5
 240:Generated_Source\PSoC4/cyfitter_cfg.c **** 	{
 241:Generated_Source\PSoC4/cyfitter_cfg.c **** 		regValue |= 0x80000000u;
 135              		.loc 1 241 0
 136 0008 8022     		mov	r2, #128
 137 000a 1206     		lsl	r2, r2, #24
 138 000c 1343     		orr	r3, r2
 139              	.LVL3:
 140 000e 01E0     		b	.L6
 141              	.L5:
 242:Generated_Source\PSoC4/cyfitter_cfg.c **** 	}
 243:Generated_Source\PSoC4/cyfitter_cfg.c **** 	else
 244:Generated_Source\PSoC4/cyfitter_cfg.c **** 	{
 245:Generated_Source\PSoC4/cyfitter_cfg.c **** 		regValue &= ~0x80000000u;
 142              		.loc 1 245 0
 143 0010 5B00     		lsl	r3, r3, #1
 144              	.LVL4:
 145 0012 5B08     		lsr	r3, r3, #1
 146              	.LVL5:
 147              	.L6:
 246:Generated_Source\PSoC4/cyfitter_cfg.c **** 	}
 247:Generated_Source\PSoC4/cyfitter_cfg.c **** 	CY_SET_XTND_REG32((void *)(CYREG_HSIOM_PUMP_CTL), regValue);
 148              		.loc 1 247 0
 149 0014 064A     		ldr	r2, .L9
 150 0016 1360     		str	r3, [r2]
 248:Generated_Source\PSoC4/cyfitter_cfg.c **** 	regValue = CY_GET_XTND_REG32((void *)(CYREG_CLK_SELECT));
 151              		.loc 1 248 0
ARM GAS  C:\Users\MM1005~1\AppData\Local\Temp\ccqE5vO7.s 			page 8


 152 0018 064B     		ldr	r3, .L9+4
 153              	.LVL6:
 154 001a 1B68     		ldr	r3, [r3]
 155              	.LVL7:
 249:Generated_Source\PSoC4/cyfitter_cfg.c **** 	if (enabled != 0u)
 156              		.loc 1 249 0
 157 001c 0028     		cmp	r0, #0
 158 001e 02D0     		beq	.L7
 250:Generated_Source\PSoC4/cyfitter_cfg.c **** 	{
 251:Generated_Source\PSoC4/cyfitter_cfg.c **** 		regValue |= 0x00000020u;
 159              		.loc 1 251 0
 160 0020 2022     		mov	r2, #32
 161 0022 1343     		orr	r3, r2
 162              	.LVL8:
 163 0024 01E0     		b	.L8
 164              	.L7:
 252:Generated_Source\PSoC4/cyfitter_cfg.c **** 	}
 253:Generated_Source\PSoC4/cyfitter_cfg.c **** 	else
 254:Generated_Source\PSoC4/cyfitter_cfg.c **** 	{
 255:Generated_Source\PSoC4/cyfitter_cfg.c **** 		regValue &= ~0x00000020u;
 165              		.loc 1 255 0
 166 0026 2022     		mov	r2, #32
 167 0028 9343     		bic	r3, r2
 168              	.LVL9:
 169              	.L8:
 256:Generated_Source\PSoC4/cyfitter_cfg.c **** 	}
 257:Generated_Source\PSoC4/cyfitter_cfg.c **** 	CY_SET_XTND_REG32((void *)(CYREG_CLK_SELECT), regValue);
 170              		.loc 1 257 0
 171 002a 024A     		ldr	r2, .L9+4
 172 002c 1360     		str	r3, [r2]
 258:Generated_Source\PSoC4/cyfitter_cfg.c **** }
 173              		.loc 1 258 0
 174              		@ sp needed
 175 002e 7047     		bx	lr
 176              	.L10:
 177              		.align	2
 178              	.L9:
 179 0030 00200240 		.word	1073881088
 180 0034 28000340 		.word	1073938472
 181              		.cfi_endproc
 182              	.LFE6:
 183              		.size	SetAnalogRoutingPumps, .-SetAnalogRoutingPumps
 184              		.section	.text.AnalogSetDefault,"ax",%progbits
 185              		.align	2
 186              		.code	16
 187              		.thumb_func
 188              		.type	AnalogSetDefault, %function
 189              	AnalogSetDefault:
 190              	.LFB5:
 214:Generated_Source\PSoC4/cyfitter_cfg.c **** 	CY_SET_XTND_REG32((void CYFAR *)CYREG_CSD_SW_DSI_SEL, 0x00000001u);
 191              		.loc 1 214 0
 192              		.cfi_startproc
 193 0000 08B5     		push	{r3, lr}
 194              		.cfi_def_cfa_offset 8
 195              		.cfi_offset 3, -8
 196              		.cfi_offset 14, -4
 215:Generated_Source\PSoC4/cyfitter_cfg.c **** 	SetAnalogRoutingPumps(1);
ARM GAS  C:\Users\MM1005~1\AppData\Local\Temp\ccqE5vO7.s 			page 9


 197              		.loc 1 215 0
 198 0002 0122     		mov	r2, #1
 199 0004 024B     		ldr	r3, .L12
 200 0006 1A60     		str	r2, [r3]
 216:Generated_Source\PSoC4/cyfitter_cfg.c **** }
 201              		.loc 1 216 0
 202 0008 0120     		mov	r0, #1
 203 000a FFF7FEFF 		bl	SetAnalogRoutingPumps
 204              	.LVL10:
 217:Generated_Source\PSoC4/cyfitter_cfg.c **** 
 205              		.loc 1 217 0
 206              		@ sp needed
 207 000e 08BD     		pop	{r3, pc}
 208              	.L13:
 209              		.align	2
 210              	.L12:
 211 0010 C0020B40 		.word	1074463424
 212              		.cfi_endproc
 213              	.LFE5:
 214              		.size	AnalogSetDefault, .-AnalogSetDefault
 215              		.section	.psocinit
 216              		.align	2
 217              		.global	cyfitter_cfg
 218              		.code	16
 219              		.thumb_func
 220              		.type	cyfitter_cfg, %function
 221              	cyfitter_cfg:
 222              	.LFB7:
 259:Generated_Source\PSoC4/cyfitter_cfg.c **** 
 260:Generated_Source\PSoC4/cyfitter_cfg.c **** #define CY_AMUX_UNUSED CYREG_CM0P_ROM_DWT
 261:Generated_Source\PSoC4/cyfitter_cfg.c **** 
 262:Generated_Source\PSoC4/cyfitter_cfg.c **** 
 263:Generated_Source\PSoC4/cyfitter_cfg.c **** /*******************************************************************************
 264:Generated_Source\PSoC4/cyfitter_cfg.c **** * Function Name: cyfitter_cfg
 265:Generated_Source\PSoC4/cyfitter_cfg.c **** ********************************************************************************
 266:Generated_Source\PSoC4/cyfitter_cfg.c **** * Summary:
 267:Generated_Source\PSoC4/cyfitter_cfg.c **** *  This function is called by the start-up code for the selected device. It
 268:Generated_Source\PSoC4/cyfitter_cfg.c **** *  performs all of the necessary device configuration based on the design
 269:Generated_Source\PSoC4/cyfitter_cfg.c **** *  settings.  This includes settings from the Design Wide Resources (DWR) such
 270:Generated_Source\PSoC4/cyfitter_cfg.c **** *  as Clocks and Pins as well as any component configuration that is necessary.
 271:Generated_Source\PSoC4/cyfitter_cfg.c **** *
 272:Generated_Source\PSoC4/cyfitter_cfg.c **** * Parameters:  
 273:Generated_Source\PSoC4/cyfitter_cfg.c **** *   void
 274:Generated_Source\PSoC4/cyfitter_cfg.c **** *
 275:Generated_Source\PSoC4/cyfitter_cfg.c **** * Return:
 276:Generated_Source\PSoC4/cyfitter_cfg.c **** *   void
 277:Generated_Source\PSoC4/cyfitter_cfg.c **** *
 278:Generated_Source\PSoC4/cyfitter_cfg.c **** *******************************************************************************/
 279:Generated_Source\PSoC4/cyfitter_cfg.c **** CY_CFG_SECTION
 280:Generated_Source\PSoC4/cyfitter_cfg.c **** void cyfitter_cfg(void)
 281:Generated_Source\PSoC4/cyfitter_cfg.c **** {
 223              		.loc 1 281 0
 224              		.cfi_startproc
 225 009c 08B5     		push	{r3, lr}
 226              		.cfi_def_cfa_offset 8
 227              		.cfi_offset 3, -8
 228              		.cfi_offset 14, -4
ARM GAS  C:\Users\MM1005~1\AppData\Local\Temp\ccqE5vO7.s 			page 10


 282:Generated_Source\PSoC4/cyfitter_cfg.c **** 	/* Disable interrupts by default. Let user enable if/when they want. */
 283:Generated_Source\PSoC4/cyfitter_cfg.c **** 	CyGlobalIntDisable;
 229              		.loc 1 283 0
 230              	@ 283 "Generated_Source\PSoC4\cyfitter_cfg.c" 1
 231 009e 72B6     		CPSID   i
 232              	@ 0 "" 2
 284:Generated_Source\PSoC4/cyfitter_cfg.c **** 
 285:Generated_Source\PSoC4/cyfitter_cfg.c **** 	{
 286:Generated_Source\PSoC4/cyfitter_cfg.c **** 		/* HSIOM Starting address: CYDEV_HSIOM_BASE */
 287:Generated_Source\PSoC4/cyfitter_cfg.c **** 		CY_SET_XTND_REG32((void CYFAR *)(CYDEV_HSIOM_BASE), 0x0F000000u);
 233              		.loc 1 287 0
 234              		.code	16
 235 00a0 F022     		mov	r2, #240
 236 00a2 1205     		lsl	r2, r2, #20
 237 00a4 164B     		ldr	r3, .L15
 238 00a6 1A60     		str	r2, [r3]
 288:Generated_Source\PSoC4/cyfitter_cfg.c **** 		CY_SET_XTND_REG32((void CYFAR *)(CYREG_HSIOM_PORT_SEL3), 0x0000EE0Fu);
 239              		.loc 1 288 0
 240 00a8 164A     		ldr	r2, .L15+4
 241 00aa 174B     		ldr	r3, .L15+8
 242 00ac 1A60     		str	r2, [r3]
 289:Generated_Source\PSoC4/cyfitter_cfg.c **** 		CY_SET_XTND_REG32((void CYFAR *)(CYREG_HSIOM_PORT_SEL4), 0x000000EEu);
 243              		.loc 1 289 0
 244 00ae EE22     		mov	r2, #238
 245 00b0 164B     		ldr	r3, .L15+12
 246 00b2 1A60     		str	r2, [r3]
 290:Generated_Source\PSoC4/cyfitter_cfg.c **** 
 291:Generated_Source\PSoC4/cyfitter_cfg.c **** 	}
 292:Generated_Source\PSoC4/cyfitter_cfg.c **** 
 293:Generated_Source\PSoC4/cyfitter_cfg.c **** 	/* Perform second pass device configuration. These items must be configured in specific order afte
 294:Generated_Source\PSoC4/cyfitter_cfg.c **** 	/* IOPINS0_0 Starting address: CYDEV_GPIO_PRT0_BASE */
 295:Generated_Source\PSoC4/cyfitter_cfg.c **** 	CY_SET_XTND_REG32((void CYFAR *)(CYDEV_GPIO_PRT0_BASE), 0x00000040u);
 247              		.loc 1 295 0
 248 00b4 AE3A     		sub	r2, r2, #174
 249 00b6 164B     		ldr	r3, .L15+16
 250 00b8 1A60     		str	r2, [r3]
 296:Generated_Source\PSoC4/cyfitter_cfg.c **** 	CY_SET_XTND_REG32((void CYFAR *)(CYREG_GPIO_PRT0_PC), 0x00180000u);
 251              		.loc 1 296 0
 252 00ba C022     		mov	r2, #192
 253 00bc 5203     		lsl	r2, r2, #13
 254 00be 154B     		ldr	r3, .L15+20
 255 00c0 1A60     		str	r2, [r3]
 297:Generated_Source\PSoC4/cyfitter_cfg.c **** 	CY_SET_XTND_REG32((void CYFAR *)(CYREG_GPIO_PRT0_PC2), 0x00000041u);
 256              		.loc 1 297 0
 257 00c2 4122     		mov	r2, #65
 258 00c4 144B     		ldr	r3, .L15+24
 259 00c6 1A60     		str	r2, [r3]
 298:Generated_Source\PSoC4/cyfitter_cfg.c **** 
 299:Generated_Source\PSoC4/cyfitter_cfg.c **** 	/* IOPINS0_2 Starting address: CYDEV_GPIO_PRT2_BASE */
 300:Generated_Source\PSoC4/cyfitter_cfg.c **** 	CY_SET_XTND_REG32((void CYFAR *)(CYREG_GPIO_PRT2_PC), 0x00D80000u);
 260              		.loc 1 300 0
 261 00c8 D822     		mov	r2, #216
 262 00ca 1204     		lsl	r2, r2, #16
 263 00cc 134B     		ldr	r3, .L15+28
 264 00ce 1A60     		str	r2, [r3]
 301:Generated_Source\PSoC4/cyfitter_cfg.c **** 
 302:Generated_Source\PSoC4/cyfitter_cfg.c **** 	/* IOPINS0_3 Starting address: CYDEV_GPIO_PRT3_BASE */
ARM GAS  C:\Users\MM1005~1\AppData\Local\Temp\ccqE5vO7.s 			page 11


 303:Generated_Source\PSoC4/cyfitter_cfg.c **** 	CY_SET_XTND_REG32((void CYFAR *)(CYDEV_GPIO_PRT3_BASE), 0x00000001u);
 265              		.loc 1 303 0
 266 00d0 0123     		mov	r3, #1
 267 00d2 134A     		ldr	r2, .L15+32
 268 00d4 1360     		str	r3, [r2]
 304:Generated_Source\PSoC4/cyfitter_cfg.c **** 	CY_SET_XTND_REG32((void CYFAR *)(CYREG_GPIO_PRT3_PC), 0x00000D86u);
 269              		.loc 1 304 0
 270 00d6 1349     		ldr	r1, .L15+36
 271 00d8 134A     		ldr	r2, .L15+40
 272 00da 1160     		str	r1, [r2]
 305:Generated_Source\PSoC4/cyfitter_cfg.c **** 	CY_SET_XTND_REG32((void CYFAR *)(CYREG_GPIO_PRT3_PC2), 0x00000001u);
 273              		.loc 1 305 0
 274 00dc 134A     		ldr	r2, .L15+44
 275 00de 1360     		str	r3, [r2]
 306:Generated_Source\PSoC4/cyfitter_cfg.c **** 
 307:Generated_Source\PSoC4/cyfitter_cfg.c **** 	/* IOPINS0_4 Starting address: CYDEV_GPIO_PRT4_BASE */
 308:Generated_Source\PSoC4/cyfitter_cfg.c **** 	CY_SET_XTND_REG32((void CYFAR *)(CYDEV_GPIO_PRT4_BASE), 0x00000003u);
 276              		.loc 1 308 0
 277 00e0 0322     		mov	r2, #3
 278 00e2 134B     		ldr	r3, .L15+48
 279 00e4 1A60     		str	r2, [r3]
 309:Generated_Source\PSoC4/cyfitter_cfg.c **** 	CY_SET_XTND_REG32((void CYFAR *)(CYREG_GPIO_PRT4_PC), 0x000001A4u);
 280              		.loc 1 309 0
 281 00e6 A232     		add	r2, r2, #162
 282 00e8 FF32     		add	r2, r2, #255
 283 00ea 124B     		ldr	r3, .L15+52
 284 00ec 1A60     		str	r2, [r3]
 310:Generated_Source\PSoC4/cyfitter_cfg.c **** 	CY_SET_XTND_REG32((void CYFAR *)(CYREG_GPIO_PRT4_PC2), 0x00000008u);
 285              		.loc 1 310 0
 286 00ee 9D3A     		sub	r2, r2, #157
 287 00f0 FF3A     		sub	r2, r2, #255
 288 00f2 114B     		ldr	r3, .L15+56
 289 00f4 1A60     		str	r2, [r3]
 311:Generated_Source\PSoC4/cyfitter_cfg.c **** 
 312:Generated_Source\PSoC4/cyfitter_cfg.c **** 
 313:Generated_Source\PSoC4/cyfitter_cfg.c **** 	/* Setup clocks based on selections from Clock DWR */
 314:Generated_Source\PSoC4/cyfitter_cfg.c **** 	ClockSetup();
 290              		.loc 1 314 0
 291 00f6 FFF783FF 		bl	ClockSetup
 292              	.LVL11:
 315:Generated_Source\PSoC4/cyfitter_cfg.c **** 
 316:Generated_Source\PSoC4/cyfitter_cfg.c **** 	/* Perform basic analog initialization to defaults */
 317:Generated_Source\PSoC4/cyfitter_cfg.c **** 	AnalogSetDefault();
 293              		.loc 1 317 0
 294 00fa FFF7FEFF 		bl	AnalogSetDefault
 295              	.LVL12:
 318:Generated_Source\PSoC4/cyfitter_cfg.c **** 
 319:Generated_Source\PSoC4/cyfitter_cfg.c **** }
 296              		.loc 1 319 0
 297              		@ sp needed
 298 00fe 08BD     		pop	{r3, pc}
 299              	.L16:
 300              		.align	2
 301              	.L15:
 302 0100 00000240 		.word	1073872896
 303 0104 0FEE0000 		.word	60943
 304 0108 00030240 		.word	1073873664
ARM GAS  C:\Users\MM1005~1\AppData\Local\Temp\ccqE5vO7.s 			page 12


 305 010c 00040240 		.word	1073873920
 306 0110 00000440 		.word	1074003968
 307 0114 08000440 		.word	1074003976
 308 0118 18000440 		.word	1074003992
 309 011c 08020440 		.word	1074004488
 310 0120 00030440 		.word	1074004736
 311 0124 860D0000 		.word	3462
 312 0128 08030440 		.word	1074004744
 313 012c 18030440 		.word	1074004760
 314 0130 00040440 		.word	1074004992
 315 0134 08040440 		.word	1074005000
 316 0138 18040440 		.word	1074005016
 317              		.cfi_endproc
 318              	.LFE7:
 319              		.size	cyfitter_cfg, .-cyfitter_cfg
 320              		.text
 321              	.Letext0:
 322              		.file 2 "Generated_Source\\PSoC4\\cytypes.h"
 323              		.file 3 "Generated_Source\\PSoC4\\CyLib.h"
 324              		.section	.debug_info,"",%progbits
 325              	.Ldebug_info0:
 326 0000 5F010000 		.4byte	0x15f
 327 0004 0400     		.2byte	0x4
 328 0006 00000000 		.4byte	.Ldebug_abbrev0
 329 000a 04       		.byte	0x4
 330 000b 01       		.uleb128 0x1
 331 000c 47010000 		.4byte	.LASF20
 332 0010 01       		.byte	0x1
 333 0011 15000000 		.4byte	.LASF21
 334 0015 4E000000 		.4byte	.LASF22
 335 0019 00000000 		.4byte	.Ldebug_ranges0+0
 336 001d 00000000 		.4byte	0
 337 0021 00000000 		.4byte	.Ldebug_line0
 338 0025 02       		.uleb128 0x2
 339 0026 04       		.byte	0x4
 340 0027 05       		.byte	0x5
 341 0028 696E7400 		.ascii	"int\000"
 342 002c 03       		.uleb128 0x3
 343 002d 04       		.byte	0x4
 344 002e 07       		.byte	0x7
 345 002f 3B000000 		.4byte	.LASF0
 346 0033 03       		.uleb128 0x3
 347 0034 01       		.byte	0x1
 348 0035 06       		.byte	0x6
 349 0036 3B010000 		.4byte	.LASF1
 350 003a 03       		.uleb128 0x3
 351 003b 01       		.byte	0x1
 352 003c 08       		.byte	0x8
 353 003d D1000000 		.4byte	.LASF2
 354 0041 03       		.uleb128 0x3
 355 0042 02       		.byte	0x2
 356 0043 05       		.byte	0x5
 357 0044 EA010000 		.4byte	.LASF3
 358 0048 03       		.uleb128 0x3
 359 0049 02       		.byte	0x2
 360 004a 07       		.byte	0x7
 361 004b 28010000 		.4byte	.LASF4
ARM GAS  C:\Users\MM1005~1\AppData\Local\Temp\ccqE5vO7.s 			page 13


 362 004f 03       		.uleb128 0x3
 363 0050 04       		.byte	0x4
 364 0051 05       		.byte	0x5
 365 0052 E4000000 		.4byte	.LASF5
 366 0056 03       		.uleb128 0x3
 367 0057 04       		.byte	0x4
 368 0058 07       		.byte	0x7
 369 0059 09010000 		.4byte	.LASF6
 370 005d 03       		.uleb128 0x3
 371 005e 08       		.byte	0x8
 372 005f 05       		.byte	0x5
 373 0060 00000000 		.4byte	.LASF7
 374 0064 03       		.uleb128 0x3
 375 0065 08       		.byte	0x8
 376 0066 07       		.byte	0x7
 377 0067 89000000 		.4byte	.LASF8
 378 006b 03       		.uleb128 0x3
 379 006c 04       		.byte	0x4
 380 006d 07       		.byte	0x7
 381 006e F4010000 		.4byte	.LASF9
 382 0072 03       		.uleb128 0x3
 383 0073 01       		.byte	0x1
 384 0074 08       		.byte	0x8
 385 0075 DF000000 		.4byte	.LASF10
 386 0079 04       		.uleb128 0x4
 387 007a 48000000 		.4byte	.LASF11
 388 007e 02       		.byte	0x2
 389 007f B901     		.2byte	0x1b9
 390 0081 3A000000 		.4byte	0x3a
 391 0085 04       		.uleb128 0x4
 392 0086 0E000000 		.4byte	.LASF12
 393 008a 02       		.byte	0x2
 394 008b BB01     		.2byte	0x1bb
 395 008d 56000000 		.4byte	0x56
 396 0091 03       		.uleb128 0x3
 397 0092 04       		.byte	0x4
 398 0093 04       		.byte	0x4
 399 0094 A0000000 		.4byte	.LASF13
 400 0098 03       		.uleb128 0x3
 401 0099 08       		.byte	0x8
 402 009a 04       		.byte	0x4
 403 009b 1B010000 		.4byte	.LASF14
 404 009f 04       		.uleb128 0x4
 405 00a0 22010000 		.4byte	.LASF15
 406 00a4 02       		.byte	0x2
 407 00a5 6502     		.2byte	0x265
 408 00a7 AB000000 		.4byte	0xab
 409 00ab 05       		.uleb128 0x5
 410 00ac 85000000 		.4byte	0x85
 411 00b0 06       		.uleb128 0x6
 412 00b1 FE000000 		.4byte	.LASF16
 413 00b5 01       		.byte	0x1
 414 00b6 9C       		.byte	0x9c
 415 00b7 00000000 		.4byte	.LFB4
 416 00bb 9C000000 		.4byte	.LFE4-.LFB4
 417 00bf 01       		.uleb128 0x1
 418 00c0 9C       		.byte	0x9c
ARM GAS  C:\Users\MM1005~1\AppData\Local\Temp\ccqE5vO7.s 			page 14


 419 00c1 D5000000 		.4byte	0xd5
 420 00c5 07       		.uleb128 0x7
 421 00c6 0E000000 		.4byte	.LVL0
 422 00ca 55010000 		.4byte	0x155
 423 00ce 08       		.uleb128 0x8
 424 00cf 01       		.uleb128 0x1
 425 00d0 50       		.byte	0x50
 426 00d1 01       		.uleb128 0x1
 427 00d2 48       		.byte	0x48
 428 00d3 00       		.byte	0
 429 00d4 00       		.byte	0
 430 00d5 09       		.uleb128 0x9
 431 00d6 A6000000 		.4byte	.LASF18
 432 00da 01       		.byte	0x1
 433 00db EC       		.byte	0xec
 434 00dc 00000000 		.4byte	.LFB6
 435 00e0 38000000 		.4byte	.LFE6-.LFB6
 436 00e4 01       		.uleb128 0x1
 437 00e5 9C       		.byte	0x9c
 438 00e6 07010000 		.4byte	0x107
 439 00ea 0A       		.uleb128 0xa
 440 00eb D9010000 		.4byte	.LASF23
 441 00ef 01       		.byte	0x1
 442 00f0 EC       		.byte	0xec
 443 00f1 79000000 		.4byte	0x79
 444 00f5 01       		.uleb128 0x1
 445 00f6 50       		.byte	0x50
 446 00f7 0B       		.uleb128 0xb
 447 00f8 E1010000 		.4byte	.LASF24
 448 00fc 01       		.byte	0x1
 449 00fd EE       		.byte	0xee
 450 00fe 85000000 		.4byte	0x85
 451 0102 00000000 		.4byte	.LLST0
 452 0106 00       		.byte	0
 453 0107 06       		.uleb128 0x6
 454 0108 ED000000 		.4byte	.LASF17
 455 010c 01       		.byte	0x1
 456 010d D5       		.byte	0xd5
 457 010e 00000000 		.4byte	.LFB5
 458 0112 14000000 		.4byte	.LFE5-.LFB5
 459 0116 01       		.uleb128 0x1
 460 0117 9C       		.byte	0x9c
 461 0118 2C010000 		.4byte	0x12c
 462 011c 07       		.uleb128 0x7
 463 011d 0E000000 		.4byte	.LVL10
 464 0121 D5000000 		.4byte	0xd5
 465 0125 08       		.uleb128 0x8
 466 0126 01       		.uleb128 0x1
 467 0127 50       		.byte	0x50
 468 0128 01       		.uleb128 0x1
 469 0129 31       		.byte	0x31
 470 012a 00       		.byte	0
 471 012b 00       		.byte	0
 472 012c 0C       		.uleb128 0xc
 473 012d 7C000000 		.4byte	.LASF19
 474 0131 01       		.byte	0x1
 475 0132 1801     		.2byte	0x118
ARM GAS  C:\Users\MM1005~1\AppData\Local\Temp\ccqE5vO7.s 			page 15


 476 0134 9C000000 		.4byte	.LFB7
 477 0138 A0000000 		.4byte	.LFE7-.LFB7
 478 013c 01       		.uleb128 0x1
 479 013d 9C       		.byte	0x9c
 480 013e 55010000 		.4byte	0x155
 481 0142 0D       		.uleb128 0xd
 482 0143 FA000000 		.4byte	.LVL11
 483 0147 B0000000 		.4byte	0xb0
 484 014b 0D       		.uleb128 0xd
 485 014c FE000000 		.4byte	.LVL12
 486 0150 07010000 		.4byte	0x107
 487 0154 00       		.byte	0
 488 0155 0E       		.uleb128 0xe
 489 0156 BC000000 		.4byte	.LASF25
 490 015a 03       		.byte	0x3
 491 015b 6C       		.byte	0x6c
 492 015c 0F       		.uleb128 0xf
 493 015d 85000000 		.4byte	0x85
 494 0161 00       		.byte	0
 495 0162 00       		.byte	0
 496              		.section	.debug_abbrev,"",%progbits
 497              	.Ldebug_abbrev0:
 498 0000 01       		.uleb128 0x1
 499 0001 11       		.uleb128 0x11
 500 0002 01       		.byte	0x1
 501 0003 25       		.uleb128 0x25
 502 0004 0E       		.uleb128 0xe
 503 0005 13       		.uleb128 0x13
 504 0006 0B       		.uleb128 0xb
 505 0007 03       		.uleb128 0x3
 506 0008 0E       		.uleb128 0xe
 507 0009 1B       		.uleb128 0x1b
 508 000a 0E       		.uleb128 0xe
 509 000b 55       		.uleb128 0x55
 510 000c 17       		.uleb128 0x17
 511 000d 11       		.uleb128 0x11
 512 000e 01       		.uleb128 0x1
 513 000f 10       		.uleb128 0x10
 514 0010 17       		.uleb128 0x17
 515 0011 00       		.byte	0
 516 0012 00       		.byte	0
 517 0013 02       		.uleb128 0x2
 518 0014 24       		.uleb128 0x24
 519 0015 00       		.byte	0
 520 0016 0B       		.uleb128 0xb
 521 0017 0B       		.uleb128 0xb
 522 0018 3E       		.uleb128 0x3e
 523 0019 0B       		.uleb128 0xb
 524 001a 03       		.uleb128 0x3
 525 001b 08       		.uleb128 0x8
 526 001c 00       		.byte	0
 527 001d 00       		.byte	0
 528 001e 03       		.uleb128 0x3
 529 001f 24       		.uleb128 0x24
 530 0020 00       		.byte	0
 531 0021 0B       		.uleb128 0xb
 532 0022 0B       		.uleb128 0xb
ARM GAS  C:\Users\MM1005~1\AppData\Local\Temp\ccqE5vO7.s 			page 16


 533 0023 3E       		.uleb128 0x3e
 534 0024 0B       		.uleb128 0xb
 535 0025 03       		.uleb128 0x3
 536 0026 0E       		.uleb128 0xe
 537 0027 00       		.byte	0
 538 0028 00       		.byte	0
 539 0029 04       		.uleb128 0x4
 540 002a 16       		.uleb128 0x16
 541 002b 00       		.byte	0
 542 002c 03       		.uleb128 0x3
 543 002d 0E       		.uleb128 0xe
 544 002e 3A       		.uleb128 0x3a
 545 002f 0B       		.uleb128 0xb
 546 0030 3B       		.uleb128 0x3b
 547 0031 05       		.uleb128 0x5
 548 0032 49       		.uleb128 0x49
 549 0033 13       		.uleb128 0x13
 550 0034 00       		.byte	0
 551 0035 00       		.byte	0
 552 0036 05       		.uleb128 0x5
 553 0037 35       		.uleb128 0x35
 554 0038 00       		.byte	0
 555 0039 49       		.uleb128 0x49
 556 003a 13       		.uleb128 0x13
 557 003b 00       		.byte	0
 558 003c 00       		.byte	0
 559 003d 06       		.uleb128 0x6
 560 003e 2E       		.uleb128 0x2e
 561 003f 01       		.byte	0x1
 562 0040 03       		.uleb128 0x3
 563 0041 0E       		.uleb128 0xe
 564 0042 3A       		.uleb128 0x3a
 565 0043 0B       		.uleb128 0xb
 566 0044 3B       		.uleb128 0x3b
 567 0045 0B       		.uleb128 0xb
 568 0046 27       		.uleb128 0x27
 569 0047 19       		.uleb128 0x19
 570 0048 11       		.uleb128 0x11
 571 0049 01       		.uleb128 0x1
 572 004a 12       		.uleb128 0x12
 573 004b 06       		.uleb128 0x6
 574 004c 40       		.uleb128 0x40
 575 004d 18       		.uleb128 0x18
 576 004e 9742     		.uleb128 0x2117
 577 0050 19       		.uleb128 0x19
 578 0051 01       		.uleb128 0x1
 579 0052 13       		.uleb128 0x13
 580 0053 00       		.byte	0
 581 0054 00       		.byte	0
 582 0055 07       		.uleb128 0x7
 583 0056 898201   		.uleb128 0x4109
 584 0059 01       		.byte	0x1
 585 005a 11       		.uleb128 0x11
 586 005b 01       		.uleb128 0x1
 587 005c 31       		.uleb128 0x31
 588 005d 13       		.uleb128 0x13
 589 005e 00       		.byte	0
ARM GAS  C:\Users\MM1005~1\AppData\Local\Temp\ccqE5vO7.s 			page 17


 590 005f 00       		.byte	0
 591 0060 08       		.uleb128 0x8
 592 0061 8A8201   		.uleb128 0x410a
 593 0064 00       		.byte	0
 594 0065 02       		.uleb128 0x2
 595 0066 18       		.uleb128 0x18
 596 0067 9142     		.uleb128 0x2111
 597 0069 18       		.uleb128 0x18
 598 006a 00       		.byte	0
 599 006b 00       		.byte	0
 600 006c 09       		.uleb128 0x9
 601 006d 2E       		.uleb128 0x2e
 602 006e 01       		.byte	0x1
 603 006f 3F       		.uleb128 0x3f
 604 0070 19       		.uleb128 0x19
 605 0071 03       		.uleb128 0x3
 606 0072 0E       		.uleb128 0xe
 607 0073 3A       		.uleb128 0x3a
 608 0074 0B       		.uleb128 0xb
 609 0075 3B       		.uleb128 0x3b
 610 0076 0B       		.uleb128 0xb
 611 0077 27       		.uleb128 0x27
 612 0078 19       		.uleb128 0x19
 613 0079 11       		.uleb128 0x11
 614 007a 01       		.uleb128 0x1
 615 007b 12       		.uleb128 0x12
 616 007c 06       		.uleb128 0x6
 617 007d 40       		.uleb128 0x40
 618 007e 18       		.uleb128 0x18
 619 007f 9742     		.uleb128 0x2117
 620 0081 19       		.uleb128 0x19
 621 0082 01       		.uleb128 0x1
 622 0083 13       		.uleb128 0x13
 623 0084 00       		.byte	0
 624 0085 00       		.byte	0
 625 0086 0A       		.uleb128 0xa
 626 0087 05       		.uleb128 0x5
 627 0088 00       		.byte	0
 628 0089 03       		.uleb128 0x3
 629 008a 0E       		.uleb128 0xe
 630 008b 3A       		.uleb128 0x3a
 631 008c 0B       		.uleb128 0xb
 632 008d 3B       		.uleb128 0x3b
 633 008e 0B       		.uleb128 0xb
 634 008f 49       		.uleb128 0x49
 635 0090 13       		.uleb128 0x13
 636 0091 02       		.uleb128 0x2
 637 0092 18       		.uleb128 0x18
 638 0093 00       		.byte	0
 639 0094 00       		.byte	0
 640 0095 0B       		.uleb128 0xb
 641 0096 34       		.uleb128 0x34
 642 0097 00       		.byte	0
 643 0098 03       		.uleb128 0x3
 644 0099 0E       		.uleb128 0xe
 645 009a 3A       		.uleb128 0x3a
 646 009b 0B       		.uleb128 0xb
ARM GAS  C:\Users\MM1005~1\AppData\Local\Temp\ccqE5vO7.s 			page 18


 647 009c 3B       		.uleb128 0x3b
 648 009d 0B       		.uleb128 0xb
 649 009e 49       		.uleb128 0x49
 650 009f 13       		.uleb128 0x13
 651 00a0 02       		.uleb128 0x2
 652 00a1 17       		.uleb128 0x17
 653 00a2 00       		.byte	0
 654 00a3 00       		.byte	0
 655 00a4 0C       		.uleb128 0xc
 656 00a5 2E       		.uleb128 0x2e
 657 00a6 01       		.byte	0x1
 658 00a7 3F       		.uleb128 0x3f
 659 00a8 19       		.uleb128 0x19
 660 00a9 03       		.uleb128 0x3
 661 00aa 0E       		.uleb128 0xe
 662 00ab 3A       		.uleb128 0x3a
 663 00ac 0B       		.uleb128 0xb
 664 00ad 3B       		.uleb128 0x3b
 665 00ae 05       		.uleb128 0x5
 666 00af 27       		.uleb128 0x27
 667 00b0 19       		.uleb128 0x19
 668 00b1 11       		.uleb128 0x11
 669 00b2 01       		.uleb128 0x1
 670 00b3 12       		.uleb128 0x12
 671 00b4 06       		.uleb128 0x6
 672 00b5 40       		.uleb128 0x40
 673 00b6 18       		.uleb128 0x18
 674 00b7 9742     		.uleb128 0x2117
 675 00b9 19       		.uleb128 0x19
 676 00ba 01       		.uleb128 0x1
 677 00bb 13       		.uleb128 0x13
 678 00bc 00       		.byte	0
 679 00bd 00       		.byte	0
 680 00be 0D       		.uleb128 0xd
 681 00bf 898201   		.uleb128 0x4109
 682 00c2 00       		.byte	0
 683 00c3 11       		.uleb128 0x11
 684 00c4 01       		.uleb128 0x1
 685 00c5 31       		.uleb128 0x31
 686 00c6 13       		.uleb128 0x13
 687 00c7 00       		.byte	0
 688 00c8 00       		.byte	0
 689 00c9 0E       		.uleb128 0xe
 690 00ca 2E       		.uleb128 0x2e
 691 00cb 01       		.byte	0x1
 692 00cc 3F       		.uleb128 0x3f
 693 00cd 19       		.uleb128 0x19
 694 00ce 03       		.uleb128 0x3
 695 00cf 0E       		.uleb128 0xe
 696 00d0 3A       		.uleb128 0x3a
 697 00d1 0B       		.uleb128 0xb
 698 00d2 3B       		.uleb128 0x3b
 699 00d3 0B       		.uleb128 0xb
 700 00d4 27       		.uleb128 0x27
 701 00d5 19       		.uleb128 0x19
 702 00d6 3C       		.uleb128 0x3c
 703 00d7 19       		.uleb128 0x19
ARM GAS  C:\Users\MM1005~1\AppData\Local\Temp\ccqE5vO7.s 			page 19


 704 00d8 00       		.byte	0
 705 00d9 00       		.byte	0
 706 00da 0F       		.uleb128 0xf
 707 00db 05       		.uleb128 0x5
 708 00dc 00       		.byte	0
 709 00dd 49       		.uleb128 0x49
 710 00de 13       		.uleb128 0x13
 711 00df 00       		.byte	0
 712 00e0 00       		.byte	0
 713 00e1 00       		.byte	0
 714              		.section	.debug_loc,"",%progbits
 715              	.Ldebug_loc0:
 716              	.LLST0:
 717 0000 04000000 		.4byte	.LVL2
 718 0004 12000000 		.4byte	.LVL4
 719 0008 0100     		.2byte	0x1
 720 000a 53       		.byte	0x53
 721 000b 14000000 		.4byte	.LVL5
 722 000f 1A000000 		.4byte	.LVL6
 723 0013 0100     		.2byte	0x1
 724 0015 53       		.byte	0x53
 725 0016 1A000000 		.4byte	.LVL6
 726 001a 1C000000 		.4byte	.LVL7
 727 001e 0200     		.2byte	0x2
 728 0020 72       		.byte	0x72
 729 0021 00       		.sleb128 0
 730 0022 1C000000 		.4byte	.LVL7
 731 0026 38000000 		.4byte	.LFE6
 732 002a 0100     		.2byte	0x1
 733 002c 53       		.byte	0x53
 734 002d 00000000 		.4byte	0
 735 0031 00000000 		.4byte	0
 736              		.section	.debug_aranges,"",%progbits
 737 0000 34000000 		.4byte	0x34
 738 0004 0200     		.2byte	0x2
 739 0006 00000000 		.4byte	.Ldebug_info0
 740 000a 04       		.byte	0x4
 741 000b 00       		.byte	0
 742 000c 0000     		.2byte	0
 743 000e 0000     		.2byte	0
 744 0010 00000000 		.4byte	.LFB4
 745 0014 9C000000 		.4byte	.LFE4-.LFB4
 746 0018 00000000 		.4byte	.LFB6
 747 001c 38000000 		.4byte	.LFE6-.LFB6
 748 0020 00000000 		.4byte	.LFB5
 749 0024 14000000 		.4byte	.LFE5-.LFB5
 750 0028 9C000000 		.4byte	.LFB7
 751 002c A0000000 		.4byte	.LFE7-.LFB7
 752 0030 00000000 		.4byte	0
 753 0034 00000000 		.4byte	0
 754              		.section	.debug_ranges,"",%progbits
 755              	.Ldebug_ranges0:
 756 0000 00000000 		.4byte	.LFB4
 757 0004 9C000000 		.4byte	.LFE4
 758 0008 00000000 		.4byte	.LFB6
 759 000c 38000000 		.4byte	.LFE6
 760 0010 00000000 		.4byte	.LFB5
ARM GAS  C:\Users\MM1005~1\AppData\Local\Temp\ccqE5vO7.s 			page 20


 761 0014 14000000 		.4byte	.LFE5
 762 0018 9C000000 		.4byte	.LFB7
 763 001c 3C010000 		.4byte	.LFE7
 764 0020 00000000 		.4byte	0
 765 0024 00000000 		.4byte	0
 766              		.section	.debug_line,"",%progbits
 767              	.Ldebug_line0:
 768 0000 BF000000 		.section	.debug_str,"MS",%progbits,1
 768      02005400 
 768      00000201 
 768      FB0E0D00 
 768      01010101 
 769              	.LASF7:
 770 0000 6C6F6E67 		.ascii	"long long int\000"
 770      206C6F6E 
 770      6720696E 
 770      7400
 771              	.LASF12:
 772 000e 75696E74 		.ascii	"uint32\000"
 772      333200
 773              	.LASF21:
 774 0015 47656E65 		.ascii	"Generated_Source\\PSoC4\\cyfitter_cfg.c\000"
 774      72617465 
 774      645F536F 
 774      75726365 
 774      5C50536F 
 775              	.LASF0:
 776 003b 756E7369 		.ascii	"unsigned int\000"
 776      676E6564 
 776      20696E74 
 776      00
 777              	.LASF11:
 778 0048 75696E74 		.ascii	"uint8\000"
 778      3800
 779              	.LASF22:
 780 004e 433A5C77 		.ascii	"C:\\work\\Eddie\\Eddie_DP0_Slider\\Prof_DP0.cydsn\000"
 780      6F726B5C 
 780      45646469 
 780      655C4564 
 780      6469655F 
 781              	.LASF19:
 782 007c 63796669 		.ascii	"cyfitter_cfg\000"
 782      74746572 
 782      5F636667 
 782      00
 783              	.LASF8:
 784 0089 6C6F6E67 		.ascii	"long long unsigned int\000"
 784      206C6F6E 
 784      6720756E 
 784      7369676E 
 784      65642069 
 785              	.LASF13:
 786 00a0 666C6F61 		.ascii	"float\000"
 786      7400
 787              	.LASF18:
 788 00a6 53657441 		.ascii	"SetAnalogRoutingPumps\000"
 788      6E616C6F 
ARM GAS  C:\Users\MM1005~1\AppData\Local\Temp\ccqE5vO7.s 			page 21


 788      67526F75 
 788      74696E67 
 788      50756D70 
 789              	.LASF25:
 790 00bc 43795379 		.ascii	"CySysClkWriteImoFreq\000"
 790      73436C6B 
 790      57726974 
 790      65496D6F 
 790      46726571 
 791              	.LASF2:
 792 00d1 756E7369 		.ascii	"unsigned char\000"
 792      676E6564 
 792      20636861 
 792      7200
 793              	.LASF10:
 794 00df 63686172 		.ascii	"char\000"
 794      00
 795              	.LASF5:
 796 00e4 6C6F6E67 		.ascii	"long int\000"
 796      20696E74 
 796      00
 797              	.LASF17:
 798 00ed 416E616C 		.ascii	"AnalogSetDefault\000"
 798      6F675365 
 798      74446566 
 798      61756C74 
 798      00
 799              	.LASF16:
 800 00fe 436C6F63 		.ascii	"ClockSetup\000"
 800      6B536574 
 800      757000
 801              	.LASF6:
 802 0109 6C6F6E67 		.ascii	"long unsigned int\000"
 802      20756E73 
 802      69676E65 
 802      6420696E 
 802      7400
 803              	.LASF14:
 804 011b 646F7562 		.ascii	"double\000"
 804      6C6500
 805              	.LASF15:
 806 0122 72656733 		.ascii	"reg32\000"
 806      3200
 807              	.LASF4:
 808 0128 73686F72 		.ascii	"short unsigned int\000"
 808      7420756E 
 808      7369676E 
 808      65642069 
 808      6E7400
 809              	.LASF1:
 810 013b 7369676E 		.ascii	"signed char\000"
 810      65642063 
 810      68617200 
 811              	.LASF20:
 812 0147 474E5520 		.ascii	"GNU C 4.9.3 20150303 (release) [ARM/embedded-4_9-br"
 812      4320342E 
 812      392E3320 
ARM GAS  C:\Users\MM1005~1\AppData\Local\Temp\ccqE5vO7.s 			page 22


 812      32303135 
 812      30333033 
 813 017a 616E6368 		.ascii	"anch revision 221220] -mcpu=cortex-m0plus -mthumb -"
 813      20726576 
 813      6973696F 
 813      6E203232 
 813      31323230 
 814 01ad 67202D4F 		.ascii	"g -Og -ffunction-sections -ffat-lto-objects\000"
 814      67202D66 
 814      66756E63 
 814      74696F6E 
 814      2D736563 
 815              	.LASF23:
 816 01d9 656E6162 		.ascii	"enabled\000"
 816      6C656400 
 817              	.LASF24:
 818 01e1 72656756 		.ascii	"regValue\000"
 818      616C7565 
 818      00
 819              	.LASF3:
 820 01ea 73686F72 		.ascii	"short int\000"
 820      7420696E 
 820      7400
 821              	.LASF9:
 822 01f4 73697A65 		.ascii	"sizetype\000"
 822      74797065 
 822      00
 823              		.ident	"GCC: (GNU Tools for ARM Embedded Processors) 4.9.3 20150303 (release) [ARM/embedded-4_9-br
