--------------- Build Started: 06/01/2017 06:39:32 Project: Blinking LED red, Configuration: ARM GCC 4.9-2015-q1-update Debug ---------------
cydsfit.exe -.appdatapath "C:\Users\mm1005301\AppData\Local\Cypress Semiconductor\PSoC Creator\4.0" -.fdsnotice -.fdswarpdepfile=warp_dependencies.txt -.fdselabdepfile=elab_dependencies.txt -.fdsbldfile=generated_files.txt -.fdsreffile=referenced_files.txt -p "C:\work\Blinking LED red\Blinking LED red.cydsn\Blinking LED red.cyprj" -d CY8C4245AXI-483 -s "C:\work\Blinking LED red\Blinking LED red.cydsn\Generated_Source\PSoC4" -- -yv2 -q10 -ygs -o2 -v3 -.fftcfgtype=LE
Elaborating Design...
ADD: pft.M0074: information: A (re)build is required to use the analog device editor. Unable to load the necessary information from the cyfit file. Partial/wrong data will be displayed until this has been resolved.
 * C:\work\Blinking LED red\Blinking LED red.cydsn\Blinking LED red.cydwr ()
HDL Generation...
Synthesis...
Tech Mapping...
Analog Placement...
Analog Routing...
Analog Code Generation...
Digital Placement...
Digital Routing...
Bitstream Generation...
Bitstream Verification...
Static timing analysis...
API Generation...
DEL: pft.M0074: information: A (re)build is required to use the analog device editor. Unable to load the necessary information from the cyfit file. Partial/wrong data will be displayed until this has been resolved.
 * C:\work\Blinking LED red\Blinking LED red.cydsn\Blinking LED red.cydwr ()
Dependency Generation...
Cleanup...
arm-none-eabi-gcc.exe -mcpu=cortex-m0 -mthumb -I. -IGenerated_Source\PSoC4 -Wa,-alh=.\CortexM0\ARM_GCC_493\Debug/main.lst -g -D DEBUG -Wall -ffunction-sections -O0 -ffat-lto-objects -c main.c -o .\CortexM0\ARM_GCC_493\Debug\main.o
arm-none-eabi-gcc.exe -mcpu=cortex-m0 -mthumb -I. -IGenerated_Source\PSoC4 -Wa,-alh=.\CortexM0\ARM_GCC_493\Debug/cyfitter_cfg.lst -g -D DEBUG -Wall -ffunction-sections -O0 -ffat-lto-objects -c Generated_Source\PSoC4\cyfitter_cfg.c -o .\CortexM0\ARM_GCC_493\Debug\cyfitter_cfg.o
arm-none-eabi-gcc.exe -mcpu=cortex-m0 -mthumb -I. -IGenerated_Source\PSoC4 -Wa,-alh=.\CortexM0\ARM_GCC_493\Debug/cymetadata.lst -g -D DEBUG -Wall -ffunction-sections -O0 -ffat-lto-objects -c Generated_Source\PSoC4\cymetadata.c -o .\CortexM0\ARM_GCC_493\Debug\cymetadata.o
arm-none-eabi-gcc.exe -mcpu=cortex-m0 -mthumb -I. -IGenerated_Source\PSoC4 -Wa,-alh=.\CortexM0\ARM_GCC_493\Debug/PWM.lst -g -D DEBUG -Wall -ffunction-sections -O0 -ffat-lto-objects -c Generated_Source\PSoC4\PWM.c -o .\CortexM0\ARM_GCC_493\Debug\PWM.o
arm-none-eabi-gcc.exe -mcpu=cortex-m0 -mthumb -I. -IGenerated_Source\PSoC4 -Wa,-alh=.\CortexM0\ARM_GCC_493\Debug/PWM_PM.lst -g -D DEBUG -Wall -ffunction-sections -O0 -ffat-lto-objects -c Generated_Source\PSoC4\PWM_PM.c -o .\CortexM0\ARM_GCC_493\Debug\PWM_PM.o
arm-none-eabi-gcc.exe -mcpu=cortex-m0 -mthumb -I. -IGenerated_Source\PSoC4 -Wa,-alh=.\CortexM0\ARM_GCC_493\Debug/Clock.lst -g -D DEBUG -Wall -ffunction-sections -O0 -ffat-lto-objects -c Generated_Source\PSoC4\Clock.c -o .\CortexM0\ARM_GCC_493\Debug\Clock.o
arm-none-eabi-gcc.exe -mcpu=cortex-m0 -mthumb -I. -IGenerated_Source\PSoC4 -Wa,-alh=.\CortexM0\ARM_GCC_493\Debug/Pin_BlueLED.lst -g -D DEBUG -Wall -ffunction-sections -O0 -ffat-lto-objects -c Generated_Source\PSoC4\Pin_BlueLED.c -o .\CortexM0\ARM_GCC_493\Debug\Pin_BlueLED.o
arm-none-eabi-gcc.exe -mcpu=cortex-m0 -mthumb -I. -IGenerated_Source\PSoC4 -Wa,-alh=.\CortexM0\ARM_GCC_493\Debug/Cm0Start.lst -g -D DEBUG -Wall -ffunction-sections -O0 -ffat-lto-objects -c Generated_Source\PSoC4\Cm0Start.c -o .\CortexM0\ARM_GCC_493\Debug\Cm0Start.o
arm-none-eabi-gcc.exe -mcpu=cortex-m0 -mthumb -I. -IGenerated_Source\PSoC4 -Wa,-alh=.\CortexM0\ARM_GCC_493\Debug/CyFlash.lst -g -D DEBUG -Wall -ffunction-sections -O0 -ffat-lto-objects -c Generated_Source\PSoC4\CyFlash.c -o .\CortexM0\ARM_GCC_493\Debug\CyFlash.o
arm-none-eabi-gcc.exe -mcpu=cortex-m0 -mthumb -I. -IGenerated_Source\PSoC4 -Wa,-alh=.\CortexM0\ARM_GCC_493\Debug/CyLib.lst -g -D DEBUG -Wall -ffunction-sections -O0 -ffat-lto-objects -c Generated_Source\PSoC4\CyLib.c -o .\CortexM0\ARM_GCC_493\Debug\CyLib.o
arm-none-eabi-gcc.exe -mcpu=cortex-m0 -mthumb -I. -IGenerated_Source\PSoC4 -Wa,-alh=.\CortexM0\ARM_GCC_493\Debug/cyPm.lst -g -D DEBUG -Wall -ffunction-sections -O0 -ffat-lto-objects -c Generated_Source\PSoC4\cyPm.c -o .\CortexM0\ARM_GCC_493\Debug\cyPm.o
arm-none-eabi-gcc.exe -mcpu=cortex-m0 -mthumb -I. -IGenerated_Source\PSoC4 -Wa,-alh=.\CortexM0\ARM_GCC_493\Debug/cyutils.lst -g -D DEBUG -Wall -ffunction-sections -O0 -ffat-lto-objects -c Generated_Source\PSoC4\cyutils.c -o .\CortexM0\ARM_GCC_493\Debug\cyutils.o
arm-none-eabi-gcc.exe -mcpu=cortex-m0 -mthumb -I. -IGenerated_Source\PSoC4 -Wa,-alh=.\CortexM0\ARM_GCC_493\Debug/cybootloader.lst -g -D DEBUG -Wall -ffunction-sections -O0 -ffat-lto-objects -c Generated_Source\PSoC4\cybootloader.c -o .\CortexM0\ARM_GCC_493\Debug\cybootloader.o
arm-none-eabi-gcc.exe -mcpu=cortex-m0 -mthumb -I. -IGenerated_Source\PSoC4 -Wa,-alh=.\CortexM0\ARM_GCC_493\Debug/Bootloadable_1.lst -g -D DEBUG -Wall -ffunction-sections -O0 -ffat-lto-objects -c Generated_Source\PSoC4\Bootloadable_1.c -o .\CortexM0\ARM_GCC_493\Debug\Bootloadable_1.o
arm-none-eabi-as.exe -mcpu=cortex-m0 -mthumb -I. -IGenerated_Source\PSoC4 -alh=.\CortexM0\ARM_GCC_493\Debug/CyBootAsmGnu.lst -g -o .\CortexM0\ARM_GCC_493\Debug\CyBootAsmGnu.o Generated_Source\PSoC4\CyBootAsmGnu.s
arm-none-eabi-ar.exe -rs ".\CortexM0\ARM_GCC_493\Debug\Blinking LED red.a" .\CortexM0\ARM_GCC_493\Debug\cyfitter_cfg.o .\CortexM0\ARM_GCC_493\Debug\PWM.o .\CortexM0\ARM_GCC_493\Debug\PWM_PM.o .\CortexM0\ARM_GCC_493\Debug\Clock.o .\CortexM0\ARM_GCC_493\Debug\Pin_BlueLED.o .\CortexM0\ARM_GCC_493\Debug\CyFlash.o .\CortexM0\ARM_GCC_493\Debug\CyLib.o .\CortexM0\ARM_GCC_493\Debug\cyPm.o .\CortexM0\ARM_GCC_493\Debug\cyutils.o .\CortexM0\ARM_GCC_493\Debug\Bootloadable_1.o .\CortexM0\ARM_GCC_493\Debug\CyBootAsmGnu.o
arm-none-eabi-ar.exe: creating .\CortexM0\ARM_GCC_493\Debug\Blinking LED red.a
arm-none-eabi-gcc.exe -Wl,--start-group -o ".\CortexM0\ARM_GCC_493\Debug\Blinking LED red.elf" .\CortexM0\ARM_GCC_493\Debug\main.o .\CortexM0\ARM_GCC_493\Debug\cymetadata.o .\CortexM0\ARM_GCC_493\Debug\Cm0Start.o .\CortexM0\ARM_GCC_493\Debug\cybootloader.o ".\CortexM0\ARM_GCC_493\Debug\Blinking LED red.a" "C:\Program Files\Cypress\PSoC Creator\4.0\PSoC Creator\psoc\content\cycomponentlibrary\CyComponentLibrary.cylib\CortexM0\ARM_GCC_493\Debug\CyComponentLibrary.a" -mcpu=cortex-m0 -mthumb -g -ffunction-sections -O0 -ffat-lto-objects -L Generated_Source\PSoC4 "-Wl,-Map,.\CortexM0\ARM_GCC_493\Debug/Blinking LED red.map" -T "C:\work\Blinking LED red\Blinking LED red.cydsn\Generated_Source\PSoC4\cm0gcc.ld" -specs=nano.specs -Wl,--gc-sections -Wl,--end-group
cyelftool.exe -B "C:\work\Blinking LED red\Blinking LED red.cydsn\CortexM0\ARM_GCC_493\Debug\Blinking LED red.elf" --flash_row_size 128 --flash_size 32768 --flash_array_size 32768
cyelftool.exe -S "C:\work\Blinking LED red\Blinking LED red.cydsn\CortexM0\ARM_GCC_493\Debug\Blinking LED red.elf"
Flash used: 8832 of 32768 bytes (27.0 %). Bootloader: 6528 bytes. Application: 2176 bytes. Metadata: 128 bytes.
SRAM used: 1536 of 4096 bytes (37.5 %). Stack: 1024 bytes. Heap: 256 bytes.
--------------- Build Succeeded: 06/01/2017 06:39:45 ---------------
