ARM GAS  C:\Users\MM1005~1\AppData\Local\Temp\ccW1Y9eF.s 			page 1


   1              		.cpu cortex-m0
   2              		.fpu softvfp
   3              		.eabi_attribute 20, 1
   4              		.eabi_attribute 21, 1
   5              		.eabi_attribute 23, 3
   6              		.eabi_attribute 24, 1
   7              		.eabi_attribute 25, 1
   8              		.eabi_attribute 26, 1
   9              		.eabi_attribute 30, 6
  10              		.eabi_attribute 34, 0
  11              		.eabi_attribute 18, 4
  12              		.code	16
  13              		.file	"cyfitter_cfg.c"
  14              		.text
  15              	.Ltext0:
  16              		.cfi_sections	.debug_frame
  17              		.section	.text.CYMEMZERO,"ax",%progbits
  18              		.align	2
  19              		.code	16
  20              		.thumb_func
  21              		.type	CYMEMZERO, %function
  22              	CYMEMZERO:
  23              	.LFB0:
  24              		.file 1 "Generated_Source\\PSoC4\\cyfitter_cfg.c"
   1:Generated_Source\PSoC4/cyfitter_cfg.c **** /*******************************************************************************
   2:Generated_Source\PSoC4/cyfitter_cfg.c **** * File Name: cyfitter_cfg.c
   3:Generated_Source\PSoC4/cyfitter_cfg.c **** * 
   4:Generated_Source\PSoC4/cyfitter_cfg.c **** * PSoC Creator  4.0 Update 1
   5:Generated_Source\PSoC4/cyfitter_cfg.c **** *
   6:Generated_Source\PSoC4/cyfitter_cfg.c **** * Description:
   7:Generated_Source\PSoC4/cyfitter_cfg.c **** * This file contains device initialization code.
   8:Generated_Source\PSoC4/cyfitter_cfg.c **** * Except for the user defined sections in CyClockStartupError(), this file should not be modified.
   9:Generated_Source\PSoC4/cyfitter_cfg.c **** * This file is automatically generated by PSoC Creator.
  10:Generated_Source\PSoC4/cyfitter_cfg.c **** *
  11:Generated_Source\PSoC4/cyfitter_cfg.c **** ********************************************************************************
  12:Generated_Source\PSoC4/cyfitter_cfg.c **** * Copyright (c) 2007-2016 Cypress Semiconductor.  All rights reserved.
  13:Generated_Source\PSoC4/cyfitter_cfg.c **** * You may use this file only in accordance with the license, terms, conditions, 
  14:Generated_Source\PSoC4/cyfitter_cfg.c **** * disclaimers, and limitations in the end user license agreement accompanying 
  15:Generated_Source\PSoC4/cyfitter_cfg.c **** * the software package with which this file was provided.
  16:Generated_Source\PSoC4/cyfitter_cfg.c **** ********************************************************************************/
  17:Generated_Source\PSoC4/cyfitter_cfg.c **** 
  18:Generated_Source\PSoC4/cyfitter_cfg.c **** #include <string.h>
  19:Generated_Source\PSoC4/cyfitter_cfg.c **** #include "cytypes.h"
  20:Generated_Source\PSoC4/cyfitter_cfg.c **** #include "cydevice_trm.h"
  21:Generated_Source\PSoC4/cyfitter_cfg.c **** #include "cyfitter.h"
  22:Generated_Source\PSoC4/cyfitter_cfg.c **** #include "CyLib.h"
  23:Generated_Source\PSoC4/cyfitter_cfg.c **** #include "cyfitter_cfg.h"
  24:Generated_Source\PSoC4/cyfitter_cfg.c **** 
  25:Generated_Source\PSoC4/cyfitter_cfg.c **** 
  26:Generated_Source\PSoC4/cyfitter_cfg.c **** #if defined(__GNUC__) || defined(__ARMCC_VERSION)
  27:Generated_Source\PSoC4/cyfitter_cfg.c ****     #define CYPACKED 
  28:Generated_Source\PSoC4/cyfitter_cfg.c ****     #define CYPACKED_ATTR __attribute__ ((packed))
  29:Generated_Source\PSoC4/cyfitter_cfg.c ****     #define CYALIGNED __attribute__ ((aligned))
  30:Generated_Source\PSoC4/cyfitter_cfg.c ****     #define CY_CFG_UNUSED __attribute__ ((unused))
  31:Generated_Source\PSoC4/cyfitter_cfg.c ****     #ifndef CY_CFG_SECTION
  32:Generated_Source\PSoC4/cyfitter_cfg.c ****         #define CY_CFG_SECTION __attribute__ ((section(".psocinit")))
  33:Generated_Source\PSoC4/cyfitter_cfg.c ****     #endif
ARM GAS  C:\Users\MM1005~1\AppData\Local\Temp\ccW1Y9eF.s 			page 2


  34:Generated_Source\PSoC4/cyfitter_cfg.c ****     
  35:Generated_Source\PSoC4/cyfitter_cfg.c ****     #if defined(__ARMCC_VERSION)
  36:Generated_Source\PSoC4/cyfitter_cfg.c ****         #define CY_CFG_MEMORY_BARRIER() __memory_changed()
  37:Generated_Source\PSoC4/cyfitter_cfg.c ****     #else
  38:Generated_Source\PSoC4/cyfitter_cfg.c ****         #define CY_CFG_MEMORY_BARRIER() __sync_synchronize()
  39:Generated_Source\PSoC4/cyfitter_cfg.c ****     #endif
  40:Generated_Source\PSoC4/cyfitter_cfg.c ****     
  41:Generated_Source\PSoC4/cyfitter_cfg.c **** #elif defined(__ICCARM__)
  42:Generated_Source\PSoC4/cyfitter_cfg.c ****     #include <intrinsics.h>
  43:Generated_Source\PSoC4/cyfitter_cfg.c **** 
  44:Generated_Source\PSoC4/cyfitter_cfg.c ****     #define CYPACKED __packed
  45:Generated_Source\PSoC4/cyfitter_cfg.c ****     #define CYPACKED_ATTR 
  46:Generated_Source\PSoC4/cyfitter_cfg.c ****     #define CYALIGNED _Pragma("data_alignment=4")
  47:Generated_Source\PSoC4/cyfitter_cfg.c ****     #define CY_CFG_UNUSED _Pragma("diag_suppress=Pe177")
  48:Generated_Source\PSoC4/cyfitter_cfg.c ****     #define CY_CFG_SECTION _Pragma("location=\".psocinit\"")
  49:Generated_Source\PSoC4/cyfitter_cfg.c ****     
  50:Generated_Source\PSoC4/cyfitter_cfg.c ****     #define CY_CFG_MEMORY_BARRIER() __DMB()
  51:Generated_Source\PSoC4/cyfitter_cfg.c ****     
  52:Generated_Source\PSoC4/cyfitter_cfg.c **** #else
  53:Generated_Source\PSoC4/cyfitter_cfg.c ****     #error Unsupported toolchain
  54:Generated_Source\PSoC4/cyfitter_cfg.c **** #endif
  55:Generated_Source\PSoC4/cyfitter_cfg.c **** 
  56:Generated_Source\PSoC4/cyfitter_cfg.c **** 
  57:Generated_Source\PSoC4/cyfitter_cfg.c **** CY_CFG_UNUSED
  58:Generated_Source\PSoC4/cyfitter_cfg.c **** static void CYMEMZERO(void *s, size_t n);
  59:Generated_Source\PSoC4/cyfitter_cfg.c **** CY_CFG_UNUSED
  60:Generated_Source\PSoC4/cyfitter_cfg.c **** static void CYMEMZERO(void *s, size_t n)
  61:Generated_Source\PSoC4/cyfitter_cfg.c **** {
  25              		.loc 1 61 0
  26              		.cfi_startproc
  27 0000 80B5     		push	{r7, lr}
  28              		.cfi_def_cfa_offset 8
  29              		.cfi_offset 7, -8
  30              		.cfi_offset 14, -4
  31 0002 82B0     		sub	sp, sp, #8
  32              		.cfi_def_cfa_offset 16
  33 0004 00AF     		add	r7, sp, #0
  34              		.cfi_def_cfa_register 7
  35 0006 7860     		str	r0, [r7, #4]
  36 0008 3960     		str	r1, [r7]
  62:Generated_Source\PSoC4/cyfitter_cfg.c **** 	(void)memset(s, 0, n);
  37              		.loc 1 62 0
  38 000a 7A68     		ldr	r2, [r7, #4]
  39 000c 3B68     		ldr	r3, [r7]
  40 000e 101C     		mov	r0, r2
  41 0010 0021     		mov	r1, #0
  42 0012 1A1C     		mov	r2, r3
  43 0014 FFF7FEFF 		bl	memset
  63:Generated_Source\PSoC4/cyfitter_cfg.c **** }
  44              		.loc 1 63 0
  45 0018 BD46     		mov	sp, r7
  46 001a 02B0     		add	sp, sp, #8
  47              		@ sp needed
  48 001c 80BD     		pop	{r7, pc}
  49              		.cfi_endproc
  50              	.LFE0:
  51              		.size	CYMEMZERO, .-CYMEMZERO
ARM GAS  C:\Users\MM1005~1\AppData\Local\Temp\ccW1Y9eF.s 			page 3


  52 001e C046     		.section	.text.CYCONFIGCPY,"ax",%progbits
  53              		.align	2
  54              		.code	16
  55              		.thumb_func
  56              		.type	CYCONFIGCPY, %function
  57              	CYCONFIGCPY:
  58              	.LFB1:
  64:Generated_Source\PSoC4/cyfitter_cfg.c **** CY_CFG_UNUSED
  65:Generated_Source\PSoC4/cyfitter_cfg.c **** static void CYCONFIGCPY(void *dest, const void *src, size_t n);
  66:Generated_Source\PSoC4/cyfitter_cfg.c **** CY_CFG_UNUSED
  67:Generated_Source\PSoC4/cyfitter_cfg.c **** static void CYCONFIGCPY(void *dest, const void *src, size_t n)
  68:Generated_Source\PSoC4/cyfitter_cfg.c **** {
  59              		.loc 1 68 0
  60              		.cfi_startproc
  61 0000 80B5     		push	{r7, lr}
  62              		.cfi_def_cfa_offset 8
  63              		.cfi_offset 7, -8
  64              		.cfi_offset 14, -4
  65 0002 84B0     		sub	sp, sp, #16
  66              		.cfi_def_cfa_offset 24
  67 0004 00AF     		add	r7, sp, #0
  68              		.cfi_def_cfa_register 7
  69 0006 F860     		str	r0, [r7, #12]
  70 0008 B960     		str	r1, [r7, #8]
  71 000a 7A60     		str	r2, [r7, #4]
  69:Generated_Source\PSoC4/cyfitter_cfg.c **** 	(void)memcpy(dest, src, n);
  72              		.loc 1 69 0
  73 000c F968     		ldr	r1, [r7, #12]
  74 000e BA68     		ldr	r2, [r7, #8]
  75 0010 7B68     		ldr	r3, [r7, #4]
  76 0012 081C     		mov	r0, r1
  77 0014 111C     		mov	r1, r2
  78 0016 1A1C     		mov	r2, r3
  79 0018 FFF7FEFF 		bl	memcpy
  70:Generated_Source\PSoC4/cyfitter_cfg.c **** }
  80              		.loc 1 70 0
  81 001c BD46     		mov	sp, r7
  82 001e 04B0     		add	sp, sp, #16
  83              		@ sp needed
  84 0020 80BD     		pop	{r7, pc}
  85              		.cfi_endproc
  86              	.LFE1:
  87              		.size	CYCONFIGCPY, .-CYCONFIGCPY
  88 0022 C046     		.section	.text.CYCONFIGCPYCODE,"ax",%progbits
  89              		.align	2
  90              		.code	16
  91              		.thumb_func
  92              		.type	CYCONFIGCPYCODE, %function
  93              	CYCONFIGCPYCODE:
  94              	.LFB2:
  71:Generated_Source\PSoC4/cyfitter_cfg.c **** CY_CFG_UNUSED
  72:Generated_Source\PSoC4/cyfitter_cfg.c **** static void CYCONFIGCPYCODE(void *dest, const void *src, size_t n);
  73:Generated_Source\PSoC4/cyfitter_cfg.c **** CY_CFG_UNUSED
  74:Generated_Source\PSoC4/cyfitter_cfg.c **** static void CYCONFIGCPYCODE(void *dest, const void *src, size_t n)
  75:Generated_Source\PSoC4/cyfitter_cfg.c **** {
  95              		.loc 1 75 0
  96              		.cfi_startproc
ARM GAS  C:\Users\MM1005~1\AppData\Local\Temp\ccW1Y9eF.s 			page 4


  97 0000 80B5     		push	{r7, lr}
  98              		.cfi_def_cfa_offset 8
  99              		.cfi_offset 7, -8
 100              		.cfi_offset 14, -4
 101 0002 84B0     		sub	sp, sp, #16
 102              		.cfi_def_cfa_offset 24
 103 0004 00AF     		add	r7, sp, #0
 104              		.cfi_def_cfa_register 7
 105 0006 F860     		str	r0, [r7, #12]
 106 0008 B960     		str	r1, [r7, #8]
 107 000a 7A60     		str	r2, [r7, #4]
  76:Generated_Source\PSoC4/cyfitter_cfg.c **** 	(void)memcpy(dest, src, n);
 108              		.loc 1 76 0
 109 000c F968     		ldr	r1, [r7, #12]
 110 000e BA68     		ldr	r2, [r7, #8]
 111 0010 7B68     		ldr	r3, [r7, #4]
 112 0012 081C     		mov	r0, r1
 113 0014 111C     		mov	r1, r2
 114 0016 1A1C     		mov	r2, r3
 115 0018 FFF7FEFF 		bl	memcpy
  77:Generated_Source\PSoC4/cyfitter_cfg.c **** }
 116              		.loc 1 77 0
 117 001c BD46     		mov	sp, r7
 118 001e 04B0     		add	sp, sp, #16
 119              		@ sp needed
 120 0020 80BD     		pop	{r7, pc}
 121              		.cfi_endproc
 122              	.LFE2:
 123              		.size	CYCONFIGCPYCODE, .-CYCONFIGCPYCODE
 124 0022 C046     		.section	.text.cfg_write_bytes32,"ax",%progbits
 125              		.align	2
 126              		.code	16
 127              		.thumb_func
 128              		.type	cfg_write_bytes32, %function
 129              	cfg_write_bytes32:
 130              	.LFB3:
  78:Generated_Source\PSoC4/cyfitter_cfg.c **** 
  79:Generated_Source\PSoC4/cyfitter_cfg.c **** 
  80:Generated_Source\PSoC4/cyfitter_cfg.c **** 
  81:Generated_Source\PSoC4/cyfitter_cfg.c **** 
  82:Generated_Source\PSoC4/cyfitter_cfg.c **** /* Clock startup error codes                                                   */
  83:Generated_Source\PSoC4/cyfitter_cfg.c **** #define CYCLOCKSTART_NO_ERROR    0u
  84:Generated_Source\PSoC4/cyfitter_cfg.c **** #define CYCLOCKSTART_XTAL_ERROR  1u
  85:Generated_Source\PSoC4/cyfitter_cfg.c **** #define CYCLOCKSTART_32KHZ_ERROR 2u
  86:Generated_Source\PSoC4/cyfitter_cfg.c **** #define CYCLOCKSTART_PLL_ERROR   3u
  87:Generated_Source\PSoC4/cyfitter_cfg.c **** 
  88:Generated_Source\PSoC4/cyfitter_cfg.c **** 
  89:Generated_Source\PSoC4/cyfitter_cfg.c **** #ifdef CY_NEED_CYCLOCKSTARTUPERROR
  90:Generated_Source\PSoC4/cyfitter_cfg.c **** /*******************************************************************************
  91:Generated_Source\PSoC4/cyfitter_cfg.c **** * Function Name: CyClockStartupError
  92:Generated_Source\PSoC4/cyfitter_cfg.c **** ********************************************************************************
  93:Generated_Source\PSoC4/cyfitter_cfg.c **** * Summary:
  94:Generated_Source\PSoC4/cyfitter_cfg.c **** *  If an error is encountered during clock configuration (crystal startup error,
  95:Generated_Source\PSoC4/cyfitter_cfg.c **** *  PLL lock error, etc.), the system will end up here.  Unless reimplemented by
  96:Generated_Source\PSoC4/cyfitter_cfg.c **** *  the customer, this function will stop in an infinite loop.
  97:Generated_Source\PSoC4/cyfitter_cfg.c **** *
  98:Generated_Source\PSoC4/cyfitter_cfg.c **** * Parameters:
ARM GAS  C:\Users\MM1005~1\AppData\Local\Temp\ccW1Y9eF.s 			page 5


  99:Generated_Source\PSoC4/cyfitter_cfg.c **** *   void
 100:Generated_Source\PSoC4/cyfitter_cfg.c **** *
 101:Generated_Source\PSoC4/cyfitter_cfg.c **** * Return:
 102:Generated_Source\PSoC4/cyfitter_cfg.c **** *   void
 103:Generated_Source\PSoC4/cyfitter_cfg.c **** *
 104:Generated_Source\PSoC4/cyfitter_cfg.c **** *******************************************************************************/
 105:Generated_Source\PSoC4/cyfitter_cfg.c **** CY_CFG_UNUSED
 106:Generated_Source\PSoC4/cyfitter_cfg.c **** static void CyClockStartupError(uint8 errorCode);
 107:Generated_Source\PSoC4/cyfitter_cfg.c **** CY_CFG_UNUSED
 108:Generated_Source\PSoC4/cyfitter_cfg.c **** static void CyClockStartupError(uint8 errorCode)
 109:Generated_Source\PSoC4/cyfitter_cfg.c **** {
 110:Generated_Source\PSoC4/cyfitter_cfg.c ****     /* To remove the compiler warning if errorCode not used.                */
 111:Generated_Source\PSoC4/cyfitter_cfg.c ****     errorCode = errorCode;
 112:Generated_Source\PSoC4/cyfitter_cfg.c **** 
 113:Generated_Source\PSoC4/cyfitter_cfg.c ****     /* If we have a clock startup error (bad MHz crystal, PLL lock, etc.),  */
 114:Generated_Source\PSoC4/cyfitter_cfg.c ****     /* we will end up here to allow the customer to implement something to  */
 115:Generated_Source\PSoC4/cyfitter_cfg.c ****     /* deal with the clock condition.                                       */
 116:Generated_Source\PSoC4/cyfitter_cfg.c **** 
 117:Generated_Source\PSoC4/cyfitter_cfg.c **** #ifdef CY_CFG_CLOCK_STARTUP_ERROR_CALLBACK
 118:Generated_Source\PSoC4/cyfitter_cfg.c **** 	CY_CFG_Clock_Startup_ErrorCallback();
 119:Generated_Source\PSoC4/cyfitter_cfg.c **** #else
 120:Generated_Source\PSoC4/cyfitter_cfg.c **** 	/*  If not using CY_CFG_CLOCK_STARTUP_ERROR_CALLBACK, place your clock startup code here. */
 121:Generated_Source\PSoC4/cyfitter_cfg.c ****     /* `#START CyClockStartupError` */
 122:Generated_Source\PSoC4/cyfitter_cfg.c **** 
 123:Generated_Source\PSoC4/cyfitter_cfg.c **** 
 124:Generated_Source\PSoC4/cyfitter_cfg.c **** 
 125:Generated_Source\PSoC4/cyfitter_cfg.c ****     /* `#END` */
 126:Generated_Source\PSoC4/cyfitter_cfg.c **** 
 127:Generated_Source\PSoC4/cyfitter_cfg.c ****     /* If nothing else, stop here since the clocks have not started         */
 128:Generated_Source\PSoC4/cyfitter_cfg.c ****     /* correctly.                                                           */
 129:Generated_Source\PSoC4/cyfitter_cfg.c ****     while(1) {}
 130:Generated_Source\PSoC4/cyfitter_cfg.c **** #endif /* CY_CFG_CLOCK_STARTUP_ERROR_CALLBACK */ 
 131:Generated_Source\PSoC4/cyfitter_cfg.c **** }
 132:Generated_Source\PSoC4/cyfitter_cfg.c **** #endif
 133:Generated_Source\PSoC4/cyfitter_cfg.c **** 
 134:Generated_Source\PSoC4/cyfitter_cfg.c **** #define CY_CFG_BASE_ADDR_COUNT 3u
 135:Generated_Source\PSoC4/cyfitter_cfg.c **** CYPACKED typedef struct
 136:Generated_Source\PSoC4/cyfitter_cfg.c **** {
 137:Generated_Source\PSoC4/cyfitter_cfg.c **** 	uint8 offset;
 138:Generated_Source\PSoC4/cyfitter_cfg.c **** 	uint8 value;
 139:Generated_Source\PSoC4/cyfitter_cfg.c **** } CYPACKED_ATTR cy_cfg_addrvalue_t;
 140:Generated_Source\PSoC4/cyfitter_cfg.c **** 
 141:Generated_Source\PSoC4/cyfitter_cfg.c **** 
 142:Generated_Source\PSoC4/cyfitter_cfg.c **** 
 143:Generated_Source\PSoC4/cyfitter_cfg.c **** /*******************************************************************************
 144:Generated_Source\PSoC4/cyfitter_cfg.c **** * Function Name: cfg_write_bytes32
 145:Generated_Source\PSoC4/cyfitter_cfg.c **** ********************************************************************************
 146:Generated_Source\PSoC4/cyfitter_cfg.c **** * Summary:
 147:Generated_Source\PSoC4/cyfitter_cfg.c **** *  This function is used for setting up the chip configuration areas that
 148:Generated_Source\PSoC4/cyfitter_cfg.c **** *  contain relatively sparse data.
 149:Generated_Source\PSoC4/cyfitter_cfg.c **** *
 150:Generated_Source\PSoC4/cyfitter_cfg.c **** * Parameters:
 151:Generated_Source\PSoC4/cyfitter_cfg.c **** *   void
 152:Generated_Source\PSoC4/cyfitter_cfg.c **** *
 153:Generated_Source\PSoC4/cyfitter_cfg.c **** * Return:
 154:Generated_Source\PSoC4/cyfitter_cfg.c **** *   void
 155:Generated_Source\PSoC4/cyfitter_cfg.c **** *
ARM GAS  C:\Users\MM1005~1\AppData\Local\Temp\ccW1Y9eF.s 			page 6


 156:Generated_Source\PSoC4/cyfitter_cfg.c **** *******************************************************************************/
 157:Generated_Source\PSoC4/cyfitter_cfg.c **** static void cfg_write_bytes32(const uint32 addr_table[], const cy_cfg_addrvalue_t data_table[]);
 158:Generated_Source\PSoC4/cyfitter_cfg.c **** static void cfg_write_bytes32(const uint32 addr_table[], const cy_cfg_addrvalue_t data_table[])
 159:Generated_Source\PSoC4/cyfitter_cfg.c **** {
 131              		.loc 1 159 0
 132              		.cfi_startproc
 133 0000 80B5     		push	{r7, lr}
 134              		.cfi_def_cfa_offset 8
 135              		.cfi_offset 7, -8
 136              		.cfi_offset 14, -4
 137 0002 86B0     		sub	sp, sp, #24
 138              		.cfi_def_cfa_offset 32
 139 0004 00AF     		add	r7, sp, #0
 140              		.cfi_def_cfa_register 7
 141 0006 7860     		str	r0, [r7, #4]
 142 0008 3960     		str	r1, [r7]
 160:Generated_Source\PSoC4/cyfitter_cfg.c **** 	/* For 32-bit little-endian architectures */
 161:Generated_Source\PSoC4/cyfitter_cfg.c **** 	uint32 i, j = 0u;
 143              		.loc 1 161 0
 144 000a 0023     		mov	r3, #0
 145 000c 3B61     		str	r3, [r7, #16]
 162:Generated_Source\PSoC4/cyfitter_cfg.c **** 	for (i = 0u; i < CY_CFG_BASE_ADDR_COUNT; i++)
 146              		.loc 1 162 0
 147 000e 0023     		mov	r3, #0
 148 0010 7B61     		str	r3, [r7, #20]
 149 0012 2FE0     		b	.L5
 150              	.L8:
 151              	.LBB2:
 163:Generated_Source\PSoC4/cyfitter_cfg.c **** 	{
 164:Generated_Source\PSoC4/cyfitter_cfg.c **** 		uint32 baseAddr = addr_table[i];
 152              		.loc 1 164 0
 153 0014 7B69     		ldr	r3, [r7, #20]
 154 0016 9B00     		lsl	r3, r3, #2
 155 0018 7A68     		ldr	r2, [r7, #4]
 156 001a D318     		add	r3, r2, r3
 157 001c 1B68     		ldr	r3, [r3]
 158 001e BB60     		str	r3, [r7, #8]
 165:Generated_Source\PSoC4/cyfitter_cfg.c **** 		uint8 count = (uint8)baseAddr;
 159              		.loc 1 165 0
 160 0020 0F23     		mov	r3, #15
 161 0022 FB18     		add	r3, r7, r3
 162 0024 BA68     		ldr	r2, [r7, #8]
 163 0026 1A70     		strb	r2, [r3]
 166:Generated_Source\PSoC4/cyfitter_cfg.c **** 		baseAddr &= 0xFFFFFF00u;
 164              		.loc 1 166 0
 165 0028 BB68     		ldr	r3, [r7, #8]
 166 002a FF22     		mov	r2, #255
 167 002c 9343     		bic	r3, r2
 168 002e BB60     		str	r3, [r7, #8]
 167:Generated_Source\PSoC4/cyfitter_cfg.c **** 		while (count != 0u)
 169              		.loc 1 167 0
 170 0030 18E0     		b	.L6
 171              	.L7:
 168:Generated_Source\PSoC4/cyfitter_cfg.c **** 		{
 169:Generated_Source\PSoC4/cyfitter_cfg.c **** 			CY_SET_XTND_REG8((void CYFAR *)(baseAddr + data_table[j].offset), data_table[j].value);
 172              		.loc 1 169 0
 173 0032 3B69     		ldr	r3, [r7, #16]
ARM GAS  C:\Users\MM1005~1\AppData\Local\Temp\ccW1Y9eF.s 			page 7


 174 0034 5B00     		lsl	r3, r3, #1
 175 0036 3A68     		ldr	r2, [r7]
 176 0038 D318     		add	r3, r2, r3
 177 003a 1B78     		ldrb	r3, [r3]
 178 003c 1A1C     		mov	r2, r3
 179 003e BB68     		ldr	r3, [r7, #8]
 180 0040 D318     		add	r3, r2, r3
 181 0042 191C     		mov	r1, r3
 182 0044 3B69     		ldr	r3, [r7, #16]
 183 0046 5B00     		lsl	r3, r3, #1
 184 0048 3A68     		ldr	r2, [r7]
 185 004a D318     		add	r3, r2, r3
 186 004c 5B78     		ldrb	r3, [r3, #1]
 187 004e 0B70     		strb	r3, [r1]
 170:Generated_Source\PSoC4/cyfitter_cfg.c **** 			j++;
 188              		.loc 1 170 0
 189 0050 3B69     		ldr	r3, [r7, #16]
 190 0052 0133     		add	r3, r3, #1
 191 0054 3B61     		str	r3, [r7, #16]
 171:Generated_Source\PSoC4/cyfitter_cfg.c **** 			count--;
 192              		.loc 1 171 0
 193 0056 0F23     		mov	r3, #15
 194 0058 FB18     		add	r3, r7, r3
 195 005a 1A78     		ldrb	r2, [r3]
 196 005c 0F23     		mov	r3, #15
 197 005e FB18     		add	r3, r7, r3
 198 0060 013A     		sub	r2, r2, #1
 199 0062 1A70     		strb	r2, [r3]
 200              	.L6:
 167:Generated_Source\PSoC4/cyfitter_cfg.c **** 		{
 201              		.loc 1 167 0
 202 0064 0F23     		mov	r3, #15
 203 0066 FB18     		add	r3, r7, r3
 204 0068 1B78     		ldrb	r3, [r3]
 205 006a 002B     		cmp	r3, #0
 206 006c E1D1     		bne	.L7
 207              	.LBE2:
 162:Generated_Source\PSoC4/cyfitter_cfg.c **** 	{
 208              		.loc 1 162 0 discriminator 2
 209 006e 7B69     		ldr	r3, [r7, #20]
 210 0070 0133     		add	r3, r3, #1
 211 0072 7B61     		str	r3, [r7, #20]
 212              	.L5:
 162:Generated_Source\PSoC4/cyfitter_cfg.c **** 	{
 213              		.loc 1 162 0 is_stmt 0 discriminator 1
 214 0074 7B69     		ldr	r3, [r7, #20]
 215 0076 022B     		cmp	r3, #2
 216 0078 CCD9     		bls	.L8
 172:Generated_Source\PSoC4/cyfitter_cfg.c **** 		}
 173:Generated_Source\PSoC4/cyfitter_cfg.c **** 	}
 174:Generated_Source\PSoC4/cyfitter_cfg.c **** }
 217              		.loc 1 174 0 is_stmt 1
 218 007a BD46     		mov	sp, r7
 219 007c 06B0     		add	sp, sp, #24
 220              		@ sp needed
 221 007e 80BD     		pop	{r7, pc}
 222              		.cfi_endproc
ARM GAS  C:\Users\MM1005~1\AppData\Local\Temp\ccW1Y9eF.s 			page 8


 223              	.LFE3:
 224              		.size	cfg_write_bytes32, .-cfg_write_bytes32
 225              		.section	.psocinit,"ax",%progbits
 226              		.align	2
 227              		.code	16
 228              		.thumb_func
 229              		.type	ClockSetup, %function
 230              	ClockSetup:
 231              	.LFB4:
 175:Generated_Source\PSoC4/cyfitter_cfg.c **** 
 176:Generated_Source\PSoC4/cyfitter_cfg.c **** 
 177:Generated_Source\PSoC4/cyfitter_cfg.c **** /*******************************************************************************
 178:Generated_Source\PSoC4/cyfitter_cfg.c **** * Function Name: ClockSetup
 179:Generated_Source\PSoC4/cyfitter_cfg.c **** ********************************************************************************
 180:Generated_Source\PSoC4/cyfitter_cfg.c **** *
 181:Generated_Source\PSoC4/cyfitter_cfg.c **** * Summary:
 182:Generated_Source\PSoC4/cyfitter_cfg.c **** *   Performs the initialization of all of the clocks in the device based on the
 183:Generated_Source\PSoC4/cyfitter_cfg.c **** *   settings in the Clock tab of the DWR.  This includes enabling the requested
 184:Generated_Source\PSoC4/cyfitter_cfg.c **** *   clocks and setting the necessary dividers to produce the desired frequency. 
 185:Generated_Source\PSoC4/cyfitter_cfg.c **** *
 186:Generated_Source\PSoC4/cyfitter_cfg.c **** * Parameters:
 187:Generated_Source\PSoC4/cyfitter_cfg.c **** *   void
 188:Generated_Source\PSoC4/cyfitter_cfg.c **** *
 189:Generated_Source\PSoC4/cyfitter_cfg.c **** * Return:
 190:Generated_Source\PSoC4/cyfitter_cfg.c **** *   void
 191:Generated_Source\PSoC4/cyfitter_cfg.c **** *
 192:Generated_Source\PSoC4/cyfitter_cfg.c **** *******************************************************************************/
 193:Generated_Source\PSoC4/cyfitter_cfg.c **** static void ClockSetup(void);
 194:Generated_Source\PSoC4/cyfitter_cfg.c **** CY_CFG_SECTION
 195:Generated_Source\PSoC4/cyfitter_cfg.c **** static void ClockSetup(void)
 196:Generated_Source\PSoC4/cyfitter_cfg.c **** {
 232              		.loc 1 196 0
 233              		.cfi_startproc
 234 0000 80B5     		push	{r7, lr}
 235              		.cfi_def_cfa_offset 8
 236              		.cfi_offset 7, -8
 237              		.cfi_offset 14, -4
 238 0002 00AF     		add	r7, sp, #0
 239              		.cfi_def_cfa_register 7
 197:Generated_Source\PSoC4/cyfitter_cfg.c **** 	/* Enable HALF_EN before trimming for the flash accelerator. */
 198:Generated_Source\PSoC4/cyfitter_cfg.c **** 	CY_SET_REG32((void CYXDATA *)(CYREG_CLK_SELECT), (CY_GET_REG32((void *)CYREG_CLK_SELECT) | 0x00040
 240              		.loc 1 198 0
 241 0004 124B     		ldr	r3, .L10
 242 0006 124A     		ldr	r2, .L10
 243 0008 1268     		ldr	r2, [r2]
 244 000a 8021     		mov	r1, #128
 245 000c C902     		lsl	r1, r1, #11
 246 000e 0A43     		orr	r2, r1
 247 0010 1A60     		str	r2, [r3]
 199:Generated_Source\PSoC4/cyfitter_cfg.c **** 
 200:Generated_Source\PSoC4/cyfitter_cfg.c **** 	/* Setup and trim IMO based on desired frequency. */
 201:Generated_Source\PSoC4/cyfitter_cfg.c **** 	CySysClkWriteImoFreq(24u);
 248              		.loc 1 201 0
 249 0012 1820     		mov	r0, #24
 250 0014 FFF7FEFF 		bl	CySysClkWriteImoFreq
 202:Generated_Source\PSoC4/cyfitter_cfg.c **** 
 203:Generated_Source\PSoC4/cyfitter_cfg.c **** 	/* Disable HALF_EN since it is not required at this IMO frequency. */
ARM GAS  C:\Users\MM1005~1\AppData\Local\Temp\ccW1Y9eF.s 			page 9


 204:Generated_Source\PSoC4/cyfitter_cfg.c **** 	CY_SET_REG32((void CYXDATA *)(CYREG_CLK_SELECT), (CY_GET_REG32((void *)CYREG_CLK_SELECT) & 0xFFFBF
 251              		.loc 1 204 0
 252 0018 0D4B     		ldr	r3, .L10
 253 001a 0D4A     		ldr	r2, .L10
 254 001c 1268     		ldr	r2, [r2]
 255 001e 0D49     		ldr	r1, .L10+4
 256 0020 0A40     		and	r2, r1
 257 0022 1A60     		str	r2, [r3]
 205:Generated_Source\PSoC4/cyfitter_cfg.c **** 	/* CYDEV_CLK_ILO_CONFIG Starting address: CYDEV_CLK_ILO_CONFIG */
 206:Generated_Source\PSoC4/cyfitter_cfg.c **** 	CY_SET_XTND_REG32((void CYFAR *)(CYREG_CLK_ILO_CONFIG), 0x80000006u);
 258              		.loc 1 206 0
 259 0024 0C4B     		ldr	r3, .L10+8
 260 0026 0D4A     		ldr	r2, .L10+12
 261 0028 1A60     		str	r2, [r3]
 207:Generated_Source\PSoC4/cyfitter_cfg.c **** 
 208:Generated_Source\PSoC4/cyfitter_cfg.c **** 
 209:Generated_Source\PSoC4/cyfitter_cfg.c **** 	/* CYDEV_CLK_SELECT00 Starting address: CYDEV_CLK_SELECT00 */
 210:Generated_Source\PSoC4/cyfitter_cfg.c **** 	CY_SET_XTND_REG32((void CYFAR *)(CYREG_CLK_SELECT08), 0x00000010u);
 262              		.loc 1 210 0
 263 002a 0D4B     		ldr	r3, .L10+16
 264 002c 1022     		mov	r2, #16
 265 002e 1A60     		str	r2, [r3]
 211:Generated_Source\PSoC4/cyfitter_cfg.c **** 
 212:Generated_Source\PSoC4/cyfitter_cfg.c **** 	/* CYDEV_CLK_IMO_CONFIG Starting address: CYDEV_CLK_IMO_CONFIG */
 213:Generated_Source\PSoC4/cyfitter_cfg.c **** 	CY_SET_XTND_REG32((void CYFAR *)(CYREG_CLK_IMO_CONFIG), 0x80000000u);
 266              		.loc 1 213 0
 267 0030 0C4B     		ldr	r3, .L10+20
 268 0032 8022     		mov	r2, #128
 269 0034 1206     		lsl	r2, r2, #24
 270 0036 1A60     		str	r2, [r3]
 214:Generated_Source\PSoC4/cyfitter_cfg.c **** 
 215:Generated_Source\PSoC4/cyfitter_cfg.c **** 	/* CYDEV_CLK_SELECT Starting address: CYDEV_CLK_SELECT */
 216:Generated_Source\PSoC4/cyfitter_cfg.c **** 	CY_SET_XTND_REG32((void CYFAR *)(CYREG_CLK_SELECT), 0x00000000u);
 271              		.loc 1 216 0
 272 0038 054B     		ldr	r3, .L10
 273 003a 0022     		mov	r2, #0
 274 003c 1A60     		str	r2, [r3]
 217:Generated_Source\PSoC4/cyfitter_cfg.c **** 
 218:Generated_Source\PSoC4/cyfitter_cfg.c **** 	/* CYDEV_CLK_DIVIDER_A00 Starting address: CYDEV_CLK_DIVIDER_A00 */
 219:Generated_Source\PSoC4/cyfitter_cfg.c **** 	CY_SET_XTND_REG32((void CYFAR *)(CYREG_CLK_DIVIDER_A00), 0x0000095Fu);
 275              		.loc 1 219 0
 276 003e 0A4B     		ldr	r3, .L10+24
 277 0040 0A4A     		ldr	r2, .L10+28
 278 0042 1A60     		str	r2, [r3]
 220:Generated_Source\PSoC4/cyfitter_cfg.c **** 
 221:Generated_Source\PSoC4/cyfitter_cfg.c **** 	CY_SET_XTND_REG32((void CYFAR *)(CYREG_WDT_CONFIG), 0x00000000u);
 279              		.loc 1 221 0
 280 0044 0A4B     		ldr	r3, .L10+32
 281 0046 0022     		mov	r2, #0
 282 0048 1A60     		str	r2, [r3]
 222:Generated_Source\PSoC4/cyfitter_cfg.c **** }
 283              		.loc 1 222 0
 284 004a BD46     		mov	sp, r7
 285              		@ sp needed
 286 004c 80BD     		pop	{r7, pc}
 287              	.L11:
 288 004e C046     		.align	2
ARM GAS  C:\Users\MM1005~1\AppData\Local\Temp\ccW1Y9eF.s 			page 10


 289              	.L10:
 290 0050 00010B40 		.word	1074462976
 291 0054 FFFFFBFF 		.word	-262145
 292 0058 04010B40 		.word	1074462980
 293 005c 06000080 		.word	-2147483642
 294 0060 20020240 		.word	1073873440
 295 0064 08010B40 		.word	1074462984
 296 0068 00000240 		.word	1073872896
 297 006c 5F090000 		.word	2399
 298 0070 0C020B40 		.word	1074463244
 299              		.cfi_endproc
 300              	.LFE4:
 301              		.size	ClockSetup, .-ClockSetup
 302              		.section	.text.AnalogSetDefault,"ax",%progbits
 303              		.align	2
 304              		.code	16
 305              		.thumb_func
 306              		.type	AnalogSetDefault, %function
 307              	AnalogSetDefault:
 308              	.LFB5:
 223:Generated_Source\PSoC4/cyfitter_cfg.c **** 
 224:Generated_Source\PSoC4/cyfitter_cfg.c **** 
 225:Generated_Source\PSoC4/cyfitter_cfg.c **** /* Analog API Functions */
 226:Generated_Source\PSoC4/cyfitter_cfg.c **** 
 227:Generated_Source\PSoC4/cyfitter_cfg.c **** 
 228:Generated_Source\PSoC4/cyfitter_cfg.c **** /*******************************************************************************
 229:Generated_Source\PSoC4/cyfitter_cfg.c **** * Function Name: AnalogSetDefault
 230:Generated_Source\PSoC4/cyfitter_cfg.c **** ********************************************************************************
 231:Generated_Source\PSoC4/cyfitter_cfg.c **** *
 232:Generated_Source\PSoC4/cyfitter_cfg.c **** * Summary:
 233:Generated_Source\PSoC4/cyfitter_cfg.c **** *  Sets up the analog portions of the chip to default values based on chip
 234:Generated_Source\PSoC4/cyfitter_cfg.c **** *  configuration options from the project.
 235:Generated_Source\PSoC4/cyfitter_cfg.c **** *
 236:Generated_Source\PSoC4/cyfitter_cfg.c **** * Parameters:
 237:Generated_Source\PSoC4/cyfitter_cfg.c **** *  void
 238:Generated_Source\PSoC4/cyfitter_cfg.c **** *
 239:Generated_Source\PSoC4/cyfitter_cfg.c **** * Return:
 240:Generated_Source\PSoC4/cyfitter_cfg.c **** *  void
 241:Generated_Source\PSoC4/cyfitter_cfg.c **** *
 242:Generated_Source\PSoC4/cyfitter_cfg.c **** *******************************************************************************/
 243:Generated_Source\PSoC4/cyfitter_cfg.c **** static void AnalogSetDefault(void);
 244:Generated_Source\PSoC4/cyfitter_cfg.c **** static void AnalogSetDefault(void)
 245:Generated_Source\PSoC4/cyfitter_cfg.c **** {
 309              		.loc 1 245 0
 310              		.cfi_startproc
 311 0000 80B5     		push	{r7, lr}
 312              		.cfi_def_cfa_offset 8
 313              		.cfi_offset 7, -8
 314              		.cfi_offset 14, -4
 315 0002 00AF     		add	r7, sp, #0
 316              		.cfi_def_cfa_register 7
 246:Generated_Source\PSoC4/cyfitter_cfg.c **** }
 317              		.loc 1 246 0
 318 0004 BD46     		mov	sp, r7
 319              		@ sp needed
 320 0006 80BD     		pop	{r7, pc}
 321              		.cfi_endproc
ARM GAS  C:\Users\MM1005~1\AppData\Local\Temp\ccW1Y9eF.s 			page 11


 322              	.LFE5:
 323              		.size	AnalogSetDefault, .-AnalogSetDefault
 324              		.section	.psocinit
 325              		.align	2
 326              		.global	cyfitter_cfg
 327              		.code	16
 328              		.thumb_func
 329              		.type	cyfitter_cfg, %function
 330              	cyfitter_cfg:
 331              	.LFB6:
 247:Generated_Source\PSoC4/cyfitter_cfg.c **** 
 248:Generated_Source\PSoC4/cyfitter_cfg.c **** #define CY_AMUX_UNUSED CYREG_CM0_ROM_DWT
 249:Generated_Source\PSoC4/cyfitter_cfg.c **** 
 250:Generated_Source\PSoC4/cyfitter_cfg.c **** 
 251:Generated_Source\PSoC4/cyfitter_cfg.c **** /*******************************************************************************
 252:Generated_Source\PSoC4/cyfitter_cfg.c **** * Function Name: cyfitter_cfg
 253:Generated_Source\PSoC4/cyfitter_cfg.c **** ********************************************************************************
 254:Generated_Source\PSoC4/cyfitter_cfg.c **** * Summary:
 255:Generated_Source\PSoC4/cyfitter_cfg.c **** *  This function is called by the start-up code for the selected device. It
 256:Generated_Source\PSoC4/cyfitter_cfg.c **** *  performs all of the necessary device configuration based on the design
 257:Generated_Source\PSoC4/cyfitter_cfg.c **** *  settings.  This includes settings from the Design Wide Resources (DWR) such
 258:Generated_Source\PSoC4/cyfitter_cfg.c **** *  as Clocks and Pins as well as any component configuration that is necessary.
 259:Generated_Source\PSoC4/cyfitter_cfg.c **** *
 260:Generated_Source\PSoC4/cyfitter_cfg.c **** * Parameters:  
 261:Generated_Source\PSoC4/cyfitter_cfg.c **** *   void
 262:Generated_Source\PSoC4/cyfitter_cfg.c **** *
 263:Generated_Source\PSoC4/cyfitter_cfg.c **** * Return:
 264:Generated_Source\PSoC4/cyfitter_cfg.c **** *   void
 265:Generated_Source\PSoC4/cyfitter_cfg.c **** *
 266:Generated_Source\PSoC4/cyfitter_cfg.c **** *******************************************************************************/
 267:Generated_Source\PSoC4/cyfitter_cfg.c **** CY_CFG_SECTION
 268:Generated_Source\PSoC4/cyfitter_cfg.c **** void cyfitter_cfg(void)
 269:Generated_Source\PSoC4/cyfitter_cfg.c **** {
 332              		.loc 1 269 0
 333              		.cfi_startproc
 334 0074 80B5     		push	{r7, lr}
 335              		.cfi_def_cfa_offset 8
 336              		.cfi_offset 7, -8
 337              		.cfi_offset 14, -4
 338 0076 82B0     		sub	sp, sp, #8
 339              		.cfi_def_cfa_offset 16
 340 0078 00AF     		add	r7, sp, #0
 341              		.cfi_def_cfa_register 7
 270:Generated_Source\PSoC4/cyfitter_cfg.c **** 	/* Disable interrupts by default. Let user enable if/when they want. */
 271:Generated_Source\PSoC4/cyfitter_cfg.c **** 	CyGlobalIntDisable;
 342              		.loc 1 271 0
 343              	@ 271 "Generated_Source\PSoC4\cyfitter_cfg.c" 1
 344 007a 72B6     		CPSID   i
 345              	@ 0 "" 2
 346              		.code	16
 347              	.LBB3:
 272:Generated_Source\PSoC4/cyfitter_cfg.c **** 
 273:Generated_Source\PSoC4/cyfitter_cfg.c **** 	{
 274:Generated_Source\PSoC4/cyfitter_cfg.c **** 		static const uint32 CYCODE cy_cfg_addr_table[] = {
 275:Generated_Source\PSoC4/cyfitter_cfg.c **** 			0x400F3301u, /* Base address: 0x400F3300 Count: 1 */
 276:Generated_Source\PSoC4/cyfitter_cfg.c **** 			0x400F4103u, /* Base address: 0x400F4100 Count: 3 */
 277:Generated_Source\PSoC4/cyfitter_cfg.c **** 			0x400F4304u, /* Base address: 0x400F4300 Count: 4 */
ARM GAS  C:\Users\MM1005~1\AppData\Local\Temp\ccW1Y9eF.s 			page 12


 278:Generated_Source\PSoC4/cyfitter_cfg.c **** 		};
 279:Generated_Source\PSoC4/cyfitter_cfg.c **** 
 280:Generated_Source\PSoC4/cyfitter_cfg.c **** 		static const cy_cfg_addrvalue_t CYCODE cy_cfg_data_table[] = {
 281:Generated_Source\PSoC4/cyfitter_cfg.c **** 			{0xE6u, 0x10u},
 282:Generated_Source\PSoC4/cyfitter_cfg.c **** 			{0x62u, 0x04u},
 283:Generated_Source\PSoC4/cyfitter_cfg.c **** 			{0x8Eu, 0x04u},
 284:Generated_Source\PSoC4/cyfitter_cfg.c **** 			{0xD8u, 0x40u},
 285:Generated_Source\PSoC4/cyfitter_cfg.c **** 			{0x18u, 0x80u},
 286:Generated_Source\PSoC4/cyfitter_cfg.c **** 			{0x8Cu, 0x40u},
 287:Generated_Source\PSoC4/cyfitter_cfg.c **** 			{0xC6u, 0x08u},
 288:Generated_Source\PSoC4/cyfitter_cfg.c **** 			{0xE6u, 0x08u},
 289:Generated_Source\PSoC4/cyfitter_cfg.c **** 		};
 290:Generated_Source\PSoC4/cyfitter_cfg.c **** 
 291:Generated_Source\PSoC4/cyfitter_cfg.c **** 
 292:Generated_Source\PSoC4/cyfitter_cfg.c **** 
 293:Generated_Source\PSoC4/cyfitter_cfg.c **** 		CYPACKED typedef struct {
 294:Generated_Source\PSoC4/cyfitter_cfg.c **** 			void CYFAR *address;
 295:Generated_Source\PSoC4/cyfitter_cfg.c **** 			uint16 size;
 296:Generated_Source\PSoC4/cyfitter_cfg.c **** 		} CYPACKED_ATTR cfg_memset_t;
 297:Generated_Source\PSoC4/cyfitter_cfg.c **** 
 298:Generated_Source\PSoC4/cyfitter_cfg.c **** 		static const cfg_memset_t CYCODE cfg_memset_list [] = {
 299:Generated_Source\PSoC4/cyfitter_cfg.c **** 			/* address, size */
 300:Generated_Source\PSoC4/cyfitter_cfg.c **** 			{(void CYFAR *)(CYDEV_UDB_P0_U0_BASE), 1024u},
 301:Generated_Source\PSoC4/cyfitter_cfg.c **** 			{(void CYFAR *)(CYDEV_UDB_DSI0_BASE), 1024u},
 302:Generated_Source\PSoC4/cyfitter_cfg.c **** 		};
 303:Generated_Source\PSoC4/cyfitter_cfg.c **** 
 304:Generated_Source\PSoC4/cyfitter_cfg.c **** 		uint8 CYDATA i;
 305:Generated_Source\PSoC4/cyfitter_cfg.c **** 
 306:Generated_Source\PSoC4/cyfitter_cfg.c **** 		/* Zero out critical memory blocks before beginning configuration */
 307:Generated_Source\PSoC4/cyfitter_cfg.c **** 		for (i = 0u; i < (sizeof(cfg_memset_list)/sizeof(cfg_memset_list[0])); i++)
 348              		.loc 1 307 0
 349 007c FB1D     		add	r3, r7, #7
 350 007e 0022     		mov	r2, #0
 351 0080 1A70     		strb	r2, [r3]
 352 0082 23E0     		b	.L14
 353              	.L15:
 354              	.LBB4:
 308:Generated_Source\PSoC4/cyfitter_cfg.c **** 		{
 309:Generated_Source\PSoC4/cyfitter_cfg.c **** 			const cfg_memset_t CYCODE * CYDATA ms = &cfg_memset_list[i];
 355              		.loc 1 309 0 discriminator 3
 356 0084 FB1D     		add	r3, r7, #7
 357 0086 1A78     		ldrb	r2, [r3]
 358 0088 131C     		mov	r3, r2
 359 008a 5B00     		lsl	r3, r3, #1
 360 008c 9B18     		add	r3, r3, r2
 361 008e 5B00     		lsl	r3, r3, #1
 362 0090 354A     		ldr	r2, .L16
 363 0092 9B18     		add	r3, r3, r2
 364 0094 3B60     		str	r3, [r7]
 310:Generated_Source\PSoC4/cyfitter_cfg.c **** 			CYMEMZERO(ms->address, (size_t)(uint32)(ms->size));
 365              		.loc 1 310 0 discriminator 3
 366 0096 3B68     		ldr	r3, [r7]
 367 0098 1A78     		ldrb	r2, [r3]
 368 009a 5978     		ldrb	r1, [r3, #1]
 369 009c 0902     		lsl	r1, r1, #8
 370 009e 0A43     		orr	r2, r1
 371 00a0 9978     		ldrb	r1, [r3, #2]
ARM GAS  C:\Users\MM1005~1\AppData\Local\Temp\ccW1Y9eF.s 			page 13


 372 00a2 0904     		lsl	r1, r1, #16
 373 00a4 0A43     		orr	r2, r1
 374 00a6 DB78     		ldrb	r3, [r3, #3]
 375 00a8 1B06     		lsl	r3, r3, #24
 376 00aa 1343     		orr	r3, r2
 377 00ac 191C     		mov	r1, r3
 378 00ae 3B68     		ldr	r3, [r7]
 379 00b0 1A79     		ldrb	r2, [r3, #4]
 380 00b2 5B79     		ldrb	r3, [r3, #5]
 381 00b4 1B02     		lsl	r3, r3, #8
 382 00b6 1343     		orr	r3, r2
 383 00b8 9BB2     		uxth	r3, r3
 384 00ba 081C     		mov	r0, r1
 385 00bc 191C     		mov	r1, r3
 386 00be FFF7FEFF 		bl	CYMEMZERO
 387              	.LBE4:
 307:Generated_Source\PSoC4/cyfitter_cfg.c **** 		{
 388              		.loc 1 307 0 discriminator 3
 389 00c2 FB1D     		add	r3, r7, #7
 390 00c4 1A78     		ldrb	r2, [r3]
 391 00c6 FB1D     		add	r3, r7, #7
 392 00c8 0132     		add	r2, r2, #1
 393 00ca 1A70     		strb	r2, [r3]
 394              	.L14:
 307:Generated_Source\PSoC4/cyfitter_cfg.c **** 		{
 395              		.loc 1 307 0 is_stmt 0 discriminator 1
 396 00cc FB1D     		add	r3, r7, #7
 397 00ce 1B78     		ldrb	r3, [r3]
 398 00d0 012B     		cmp	r3, #1
 399 00d2 D7D9     		bls	.L15
 311:Generated_Source\PSoC4/cyfitter_cfg.c **** 		}
 312:Generated_Source\PSoC4/cyfitter_cfg.c **** 
 313:Generated_Source\PSoC4/cyfitter_cfg.c **** 		cfg_write_bytes32(cy_cfg_addr_table, cy_cfg_data_table);
 400              		.loc 1 313 0 is_stmt 1
 401 00d4 254A     		ldr	r2, .L16+4
 402 00d6 264B     		ldr	r3, .L16+8
 403 00d8 101C     		mov	r0, r2
 404 00da 191C     		mov	r1, r3
 405 00dc FFF7FEFF 		bl	cfg_write_bytes32
 314:Generated_Source\PSoC4/cyfitter_cfg.c **** 
 315:Generated_Source\PSoC4/cyfitter_cfg.c **** 		/* HSIOM Starting address: CYDEV_HSIOM_BASE */
 316:Generated_Source\PSoC4/cyfitter_cfg.c **** 		CY_SET_XTND_REG32((void CYFAR *)(CYREG_HSIOM_PORT_SEL1), 0x03000000u);
 406              		.loc 1 316 0
 407 00e0 244B     		ldr	r3, .L16+12
 408 00e2 C022     		mov	r2, #192
 409 00e4 9204     		lsl	r2, r2, #18
 410 00e6 1A60     		str	r2, [r3]
 317:Generated_Source\PSoC4/cyfitter_cfg.c **** 		CY_SET_XTND_REG32((void CYFAR *)(CYREG_HSIOM_PORT_SEL3), 0x0000EE00u);
 411              		.loc 1 317 0
 412 00e8 234B     		ldr	r3, .L16+16
 413 00ea EE22     		mov	r2, #238
 414 00ec 1202     		lsl	r2, r2, #8
 415 00ee 1A60     		str	r2, [r3]
 318:Generated_Source\PSoC4/cyfitter_cfg.c **** 
 319:Generated_Source\PSoC4/cyfitter_cfg.c **** 		/* UDB_PA_1 Starting address: CYDEV_UDB_PA1_BASE */
 320:Generated_Source\PSoC4/cyfitter_cfg.c **** 		CY_SET_XTND_REG32((void CYFAR *)(CYDEV_UDB_PA1_BASE), 0x00990000u);
 416              		.loc 1 320 0
ARM GAS  C:\Users\MM1005~1\AppData\Local\Temp\ccW1Y9eF.s 			page 14


 417 00f0 224B     		ldr	r3, .L16+20
 418 00f2 9922     		mov	r2, #153
 419 00f4 1204     		lsl	r2, r2, #16
 420 00f6 1A60     		str	r2, [r3]
 321:Generated_Source\PSoC4/cyfitter_cfg.c **** 		CY_SET_XTND_REG32((void CYFAR *)(CYREG_UDB_PA1_CFG8), 0x20000000u);
 421              		.loc 1 321 0
 422 00f8 214B     		ldr	r3, .L16+24
 423 00fa 8022     		mov	r2, #128
 424 00fc 9205     		lsl	r2, r2, #22
 425 00fe 1A60     		str	r2, [r3]
 322:Generated_Source\PSoC4/cyfitter_cfg.c **** 
 323:Generated_Source\PSoC4/cyfitter_cfg.c **** 		/* UDB_PA_3 Starting address: CYDEV_UDB_PA3_BASE */
 324:Generated_Source\PSoC4/cyfitter_cfg.c **** 		CY_SET_XTND_REG32((void CYFAR *)(CYDEV_UDB_PA3_BASE), 0x00990000u);
 426              		.loc 1 324 0
 427 0100 204B     		ldr	r3, .L16+28
 428 0102 9922     		mov	r2, #153
 429 0104 1204     		lsl	r2, r2, #16
 430 0106 1A60     		str	r2, [r3]
 325:Generated_Source\PSoC4/cyfitter_cfg.c **** 
 326:Generated_Source\PSoC4/cyfitter_cfg.c **** 		/* TCPWM_CNT0 Starting address: CYDEV_TCPWM_CNT0_TR_CTRL0 */
 327:Generated_Source\PSoC4/cyfitter_cfg.c **** 		CY_SET_XTND_REG32((void CYFAR *)(CYREG_TCPWM_CNT0_TR_CTRL0), 0x00010010u);
 431              		.loc 1 327 0
 432 0108 1F4B     		ldr	r3, .L16+32
 433 010a 204A     		ldr	r2, .L16+36
 434 010c 1A60     		str	r2, [r3]
 328:Generated_Source\PSoC4/cyfitter_cfg.c **** 
 329:Generated_Source\PSoC4/cyfitter_cfg.c **** 		/* Enable digital routing */
 330:Generated_Source\PSoC4/cyfitter_cfg.c **** 		CY_SET_XTND_REG8((void *)CYREG_UDB_UDBIF_BANK_CTL, CY_GET_XTND_REG8((void *)CYREG_UDB_UDBIF_BANK_
 435              		.loc 1 330 0
 436 010e 204A     		ldr	r2, .L16+40
 437 0110 1F4B     		ldr	r3, .L16+40
 438 0112 1B78     		ldrb	r3, [r3]
 439 0114 DBB2     		uxtb	r3, r3
 440 0116 0221     		mov	r1, #2
 441 0118 0B43     		orr	r3, r1
 442 011a DBB2     		uxtb	r3, r3
 443 011c 1370     		strb	r3, [r2]
 331:Generated_Source\PSoC4/cyfitter_cfg.c **** 
 332:Generated_Source\PSoC4/cyfitter_cfg.c **** 		/* Enable UDB array */
 333:Generated_Source\PSoC4/cyfitter_cfg.c **** 		CY_SET_XTND_REG8((void *)CYREG_UDB_UDBIF_WAIT_CFG, (uint8)((CY_GET_XTND_REG8((void *)CYREG_UDB_UD
 444              		.loc 1 333 0
 445 011e 1D4A     		ldr	r2, .L16+44
 446 0120 1C4B     		ldr	r3, .L16+44
 447 0122 1B78     		ldrb	r3, [r3]
 448 0124 DBB2     		uxtb	r3, r3
 449 0126 3C21     		mov	r1, #60
 450 0128 8B43     		bic	r3, r1
 451 012a DBB2     		uxtb	r3, r3
 452 012c 1421     		mov	r1, #20
 453 012e 0B43     		orr	r3, r1
 454 0130 DBB2     		uxtb	r3, r3
 455 0132 1370     		strb	r3, [r2]
 334:Generated_Source\PSoC4/cyfitter_cfg.c **** 		CY_SET_XTND_REG8((void *)CYREG_UDB_UDBIF_BANK_CTL, (uint8)(CY_GET_XTND_REG8((void *)CYREG_UDB_UDB
 456              		.loc 1 334 0
 457 0134 164A     		ldr	r2, .L16+40
 458 0136 164B     		ldr	r3, .L16+40
 459 0138 1B78     		ldrb	r3, [r3]
ARM GAS  C:\Users\MM1005~1\AppData\Local\Temp\ccW1Y9eF.s 			page 15


 460 013a DBB2     		uxtb	r3, r3
 461 013c 1621     		mov	r1, #22
 462 013e 0B43     		orr	r3, r1
 463 0140 DBB2     		uxtb	r3, r3
 464 0142 1370     		strb	r3, [r2]
 465              	.LBE3:
 335:Generated_Source\PSoC4/cyfitter_cfg.c **** 	}
 336:Generated_Source\PSoC4/cyfitter_cfg.c **** 
 337:Generated_Source\PSoC4/cyfitter_cfg.c **** 	/* Perform second pass device configuration. These items must be configured in specific order afte
 338:Generated_Source\PSoC4/cyfitter_cfg.c **** 	/* IOPINS0_1 Starting address: CYDEV_PRT1_BASE */
 339:Generated_Source\PSoC4/cyfitter_cfg.c **** 	CY_SET_XTND_REG32((void CYFAR *)(CYDEV_PRT1_BASE), 0x00000040u);
 466              		.loc 1 339 0
 467 0144 144B     		ldr	r3, .L16+48
 468 0146 4022     		mov	r2, #64
 469 0148 1A60     		str	r2, [r3]
 340:Generated_Source\PSoC4/cyfitter_cfg.c **** 	CY_SET_XTND_REG32((void CYFAR *)(CYREG_PRT1_PC), 0x00180000u);
 470              		.loc 1 340 0
 471 014a 144B     		ldr	r3, .L16+52
 472 014c C022     		mov	r2, #192
 473 014e 5203     		lsl	r2, r2, #13
 474 0150 1A60     		str	r2, [r3]
 341:Generated_Source\PSoC4/cyfitter_cfg.c **** 
 342:Generated_Source\PSoC4/cyfitter_cfg.c **** 	/* IOPINS0_3 Starting address: CYDEV_PRT3_BASE */
 343:Generated_Source\PSoC4/cyfitter_cfg.c **** 	CY_SET_XTND_REG32((void CYFAR *)(CYREG_PRT3_PC), 0x00000D80u);
 475              		.loc 1 343 0
 476 0152 134B     		ldr	r3, .L16+56
 477 0154 D822     		mov	r2, #216
 478 0156 1201     		lsl	r2, r2, #4
 479 0158 1A60     		str	r2, [r3]
 344:Generated_Source\PSoC4/cyfitter_cfg.c **** 
 345:Generated_Source\PSoC4/cyfitter_cfg.c **** 
 346:Generated_Source\PSoC4/cyfitter_cfg.c **** 	/* Setup clocks based on selections from Clock DWR */
 347:Generated_Source\PSoC4/cyfitter_cfg.c **** 	ClockSetup();
 480              		.loc 1 347 0
 481 015a FFF751FF 		bl	ClockSetup
 348:Generated_Source\PSoC4/cyfitter_cfg.c **** 
 349:Generated_Source\PSoC4/cyfitter_cfg.c **** 	/* Perform basic analog initialization to defaults */
 350:Generated_Source\PSoC4/cyfitter_cfg.c **** 	AnalogSetDefault();
 482              		.loc 1 350 0
 483 015e FFF7FEFF 		bl	AnalogSetDefault
 351:Generated_Source\PSoC4/cyfitter_cfg.c **** 
 352:Generated_Source\PSoC4/cyfitter_cfg.c **** }
 484              		.loc 1 352 0
 485 0162 BD46     		mov	sp, r7
 486 0164 02B0     		add	sp, sp, #8
 487              		@ sp needed
 488 0166 80BD     		pop	{r7, pc}
 489              	.L17:
 490              		.align	2
 491              	.L16:
 492 0168 00000000 		.word	cfg_memset_list.4711
 493 016c 0C000000 		.word	cy_cfg_addr_table.4705
 494 0170 18000000 		.word	cy_cfg_data_table.4706
 495 0174 04000140 		.word	1073807364
 496 0178 0C000140 		.word	1073807372
 497 017c 10500F40 		.word	1074745360
 498 0180 18500F40 		.word	1074745368
ARM GAS  C:\Users\MM1005~1\AppData\Local\Temp\ccW1Y9eF.s 			page 16


 499 0184 30500F40 		.word	1074745392
 500 0188 20010540 		.word	1074069792
 501 018c 10000100 		.word	65552
 502 0190 00700F40 		.word	1074753536
 503 0194 01700F40 		.word	1074753537
 504 0198 00010440 		.word	1074004224
 505 019c 08010440 		.word	1074004232
 506 01a0 08030440 		.word	1074004744
 507              		.cfi_endproc
 508              	.LFE6:
 509              		.size	cyfitter_cfg, .-cyfitter_cfg
 510              		.section	.rodata
 511              		.align	2
 512              		.type	cfg_memset_list.4711, %object
 513              		.size	cfg_memset_list.4711, 12
 514              	cfg_memset_list.4711:
 515 0000 00300F40 		.word	1074737152
 516 0004 0004     		.short	1024
 517 0006 00400F40 		.4byte	1074741248
 518 000a 0004     		.short	1024
 519              		.align	2
 520              		.type	cy_cfg_addr_table.4705, %object
 521              		.size	cy_cfg_addr_table.4705, 12
 522              	cy_cfg_addr_table.4705:
 523 000c 01330F40 		.word	1074737921
 524 0010 03410F40 		.word	1074741507
 525 0014 04430F40 		.word	1074742020
 526              		.align	2
 527              		.type	cy_cfg_data_table.4706, %object
 528              		.size	cy_cfg_data_table.4706, 16
 529              	cy_cfg_data_table.4706:
 530 0018 E6       		.byte	-26
 531 0019 10       		.byte	16
 532 001a 62       		.byte	98
 533 001b 04       		.byte	4
 534 001c 8E       		.byte	-114
 535 001d 04       		.byte	4
 536 001e D8       		.byte	-40
 537 001f 40       		.byte	64
 538 0020 18       		.byte	24
 539 0021 80       		.byte	-128
 540 0022 8C       		.byte	-116
 541 0023 40       		.byte	64
 542 0024 C6       		.byte	-58
 543 0025 08       		.byte	8
 544 0026 E6       		.byte	-26
 545 0027 08       		.byte	8
 546              		.text
 547              	.Letext0:
 548              		.file 2 "c:\\program files\\cypress\\psoc creator\\4.0\\psoc creator\\import\\gnu\\arm\\4.9.3\\lib
 549              		.file 3 "Generated_Source\\PSoC4\\cytypes.h"
 550              		.section	.debug_info,"",%progbits
 551              	.Ldebug_info0:
 552 0000 4F030000 		.4byte	0x34f
 553 0004 0400     		.2byte	0x4
 554 0006 00000000 		.4byte	.Ldebug_abbrev0
 555 000a 04       		.byte	0x4
ARM GAS  C:\Users\MM1005~1\AppData\Local\Temp\ccW1Y9eF.s 			page 17


 556 000b 01       		.uleb128 0x1
 557 000c 1B010000 		.4byte	.LASF39
 558 0010 01       		.byte	0x1
 559 0011 60020000 		.4byte	.LASF40
 560 0015 C7000000 		.4byte	.LASF41
 561 0019 00000000 		.4byte	.Ldebug_ranges0+0
 562 001d 00000000 		.4byte	0
 563 0021 00000000 		.4byte	.Ldebug_line0
 564 0025 02       		.uleb128 0x2
 565 0026 04       		.byte	0x4
 566 0027 05       		.byte	0x5
 567 0028 696E7400 		.ascii	"int\000"
 568 002c 03       		.uleb128 0x3
 569 002d 06000000 		.4byte	.LASF11
 570 0031 02       		.byte	0x2
 571 0032 D4       		.byte	0xd4
 572 0033 37000000 		.4byte	0x37
 573 0037 04       		.uleb128 0x4
 574 0038 04       		.byte	0x4
 575 0039 07       		.byte	0x7
 576 003a A9010000 		.4byte	.LASF0
 577 003e 04       		.uleb128 0x4
 578 003f 01       		.byte	0x1
 579 0040 06       		.byte	0x6
 580 0041 54020000 		.4byte	.LASF1
 581 0045 04       		.uleb128 0x4
 582 0046 01       		.byte	0x1
 583 0047 08       		.byte	0x8
 584 0048 A0000000 		.4byte	.LASF2
 585 004c 04       		.uleb128 0x4
 586 004d 02       		.byte	0x2
 587 004e 05       		.byte	0x5
 588 004f 41020000 		.4byte	.LASF3
 589 0053 04       		.uleb128 0x4
 590 0054 02       		.byte	0x2
 591 0055 07       		.byte	0x7
 592 0056 01020000 		.4byte	.LASF4
 593 005a 04       		.uleb128 0x4
 594 005b 04       		.byte	0x4
 595 005c 05       		.byte	0x5
 596 005d 4B020000 		.4byte	.LASF5
 597 0061 04       		.uleb128 0x4
 598 0062 04       		.byte	0x4
 599 0063 07       		.byte	0x7
 600 0064 7E000000 		.4byte	.LASF6
 601 0068 04       		.uleb128 0x4
 602 0069 08       		.byte	0x8
 603 006a 05       		.byte	0x5
 604 006b 14020000 		.4byte	.LASF7
 605 006f 04       		.uleb128 0x4
 606 0070 08       		.byte	0x8
 607 0071 07       		.byte	0x7
 608 0072 CB010000 		.4byte	.LASF8
 609 0076 04       		.uleb128 0x4
 610 0077 04       		.byte	0x4
 611 0078 07       		.byte	0x7
 612 0079 F8010000 		.4byte	.LASF9
ARM GAS  C:\Users\MM1005~1\AppData\Local\Temp\ccW1Y9eF.s 			page 18


 613 007d 05       		.uleb128 0x5
 614 007e 04       		.byte	0x4
 615 007f 04       		.uleb128 0x4
 616 0080 01       		.byte	0x1
 617 0081 08       		.byte	0x8
 618 0082 22020000 		.4byte	.LASF10
 619 0086 03       		.uleb128 0x3
 620 0087 90000000 		.4byte	.LASF12
 621 008b 03       		.byte	0x3
 622 008c A1       		.byte	0xa1
 623 008d 45000000 		.4byte	0x45
 624 0091 03       		.uleb128 0x3
 625 0092 02010000 		.4byte	.LASF13
 626 0096 03       		.byte	0x3
 627 0097 A2       		.byte	0xa2
 628 0098 53000000 		.4byte	0x53
 629 009c 03       		.uleb128 0x3
 630 009d 14010000 		.4byte	.LASF14
 631 00a1 03       		.byte	0x3
 632 00a2 A3       		.byte	0xa3
 633 00a3 61000000 		.4byte	0x61
 634 00a7 04       		.uleb128 0x4
 635 00a8 04       		.byte	0x4
 636 00a9 04       		.byte	0x4
 637 00aa 59000000 		.4byte	.LASF15
 638 00ae 04       		.uleb128 0x4
 639 00af 08       		.byte	0x8
 640 00b0 04       		.byte	0x4
 641 00b1 AE000000 		.4byte	.LASF16
 642 00b5 06       		.uleb128 0x6
 643 00b6 79000000 		.4byte	.LASF17
 644 00ba 03       		.byte	0x3
 645 00bb 4B01     		.2byte	0x14b
 646 00bd C1000000 		.4byte	0xc1
 647 00c1 07       		.uleb128 0x7
 648 00c2 86000000 		.4byte	0x86
 649 00c6 06       		.uleb128 0x6
 650 00c7 00000000 		.4byte	.LASF18
 651 00cb 03       		.byte	0x3
 652 00cc 4D01     		.2byte	0x14d
 653 00ce D2000000 		.4byte	0xd2
 654 00d2 07       		.uleb128 0x7
 655 00d3 9C000000 		.4byte	0x9c
 656 00d7 08       		.uleb128 0x8
 657 00d8 02       		.byte	0x2
 658 00d9 01       		.byte	0x1
 659 00da 87       		.byte	0x87
 660 00db F8000000 		.4byte	0xf8
 661 00df 09       		.uleb128 0x9
 662 00e0 3A020000 		.4byte	.LASF19
 663 00e4 01       		.byte	0x1
 664 00e5 89       		.byte	0x89
 665 00e6 86000000 		.4byte	0x86
 666 00ea 00       		.byte	0
 667 00eb 09       		.uleb128 0x9
 668 00ec 1E000000 		.4byte	.LASF20
 669 00f0 01       		.byte	0x1
ARM GAS  C:\Users\MM1005~1\AppData\Local\Temp\ccW1Y9eF.s 			page 19


 670 00f1 8A       		.byte	0x8a
 671 00f2 86000000 		.4byte	0x86
 672 00f6 01       		.byte	0x1
 673 00f7 00       		.byte	0
 674 00f8 03       		.uleb128 0x3
 675 00f9 27020000 		.4byte	.LASF21
 676 00fd 01       		.byte	0x1
 677 00fe 8B       		.byte	0x8b
 678 00ff D7000000 		.4byte	0xd7
 679 0103 0A       		.uleb128 0xa
 680 0104 96000000 		.4byte	.LASF22
 681 0108 01       		.byte	0x1
 682 0109 3C       		.byte	0x3c
 683 010a 00000000 		.4byte	.LFB0
 684 010e 1E000000 		.4byte	.LFE0-.LFB0
 685 0112 01       		.uleb128 0x1
 686 0113 9C       		.byte	0x9c
 687 0114 31010000 		.4byte	0x131
 688 0118 0B       		.uleb128 0xb
 689 0119 7300     		.ascii	"s\000"
 690 011b 01       		.byte	0x1
 691 011c 3C       		.byte	0x3c
 692 011d 7D000000 		.4byte	0x7d
 693 0121 02       		.uleb128 0x2
 694 0122 91       		.byte	0x91
 695 0123 74       		.sleb128 -12
 696 0124 0B       		.uleb128 0xb
 697 0125 6E00     		.ascii	"n\000"
 698 0127 01       		.byte	0x1
 699 0128 3C       		.byte	0x3c
 700 0129 2C000000 		.4byte	0x2c
 701 012d 02       		.uleb128 0x2
 702 012e 91       		.byte	0x91
 703 012f 70       		.sleb128 -16
 704 0130 00       		.byte	0
 705 0131 0A       		.uleb128 0xa
 706 0132 96020000 		.4byte	.LASF23
 707 0136 01       		.byte	0x1
 708 0137 43       		.byte	0x43
 709 0138 00000000 		.4byte	.LFB1
 710 013c 22000000 		.4byte	.LFE1-.LFB1
 711 0140 01       		.uleb128 0x1
 712 0141 9C       		.byte	0x9c
 713 0142 6F010000 		.4byte	0x16f
 714 0146 0C       		.uleb128 0xc
 715 0147 5F000000 		.4byte	.LASF24
 716 014b 01       		.byte	0x1
 717 014c 43       		.byte	0x43
 718 014d 7D000000 		.4byte	0x7d
 719 0151 02       		.uleb128 0x2
 720 0152 91       		.byte	0x91
 721 0153 74       		.sleb128 -12
 722 0154 0B       		.uleb128 0xb
 723 0155 73726300 		.ascii	"src\000"
 724 0159 01       		.byte	0x1
 725 015a 43       		.byte	0x43
 726 015b 6F010000 		.4byte	0x16f
ARM GAS  C:\Users\MM1005~1\AppData\Local\Temp\ccW1Y9eF.s 			page 20


 727 015f 02       		.uleb128 0x2
 728 0160 91       		.byte	0x91
 729 0161 70       		.sleb128 -16
 730 0162 0B       		.uleb128 0xb
 731 0163 6E00     		.ascii	"n\000"
 732 0165 01       		.byte	0x1
 733 0166 43       		.byte	0x43
 734 0167 2C000000 		.4byte	0x2c
 735 016b 02       		.uleb128 0x2
 736 016c 91       		.byte	0x91
 737 016d 6C       		.sleb128 -20
 738 016e 00       		.byte	0
 739 016f 0D       		.uleb128 0xd
 740 0170 04       		.byte	0x4
 741 0171 75010000 		.4byte	0x175
 742 0175 0E       		.uleb128 0xe
 743 0176 0A       		.uleb128 0xa
 744 0177 86020000 		.4byte	.LASF25
 745 017b 01       		.byte	0x1
 746 017c 4A       		.byte	0x4a
 747 017d 00000000 		.4byte	.LFB2
 748 0181 22000000 		.4byte	.LFE2-.LFB2
 749 0185 01       		.uleb128 0x1
 750 0186 9C       		.byte	0x9c
 751 0187 B4010000 		.4byte	0x1b4
 752 018b 0C       		.uleb128 0xc
 753 018c 5F000000 		.4byte	.LASF24
 754 0190 01       		.byte	0x1
 755 0191 4A       		.byte	0x4a
 756 0192 7D000000 		.4byte	0x7d
 757 0196 02       		.uleb128 0x2
 758 0197 91       		.byte	0x91
 759 0198 74       		.sleb128 -12
 760 0199 0B       		.uleb128 0xb
 761 019a 73726300 		.ascii	"src\000"
 762 019e 01       		.byte	0x1
 763 019f 4A       		.byte	0x4a
 764 01a0 6F010000 		.4byte	0x16f
 765 01a4 02       		.uleb128 0x2
 766 01a5 91       		.byte	0x91
 767 01a6 70       		.sleb128 -16
 768 01a7 0B       		.uleb128 0xb
 769 01a8 6E00     		.ascii	"n\000"
 770 01aa 01       		.byte	0x1
 771 01ab 4A       		.byte	0x4a
 772 01ac 2C000000 		.4byte	0x2c
 773 01b0 02       		.uleb128 0x2
 774 01b1 91       		.byte	0x91
 775 01b2 6C       		.sleb128 -20
 776 01b3 00       		.byte	0
 777 01b4 0F       		.uleb128 0xf
 778 01b5 B5000000 		.4byte	.LASF26
 779 01b9 01       		.byte	0x1
 780 01ba 9E       		.byte	0x9e
 781 01bb 00000000 		.4byte	.LFB3
 782 01bf 80000000 		.4byte	.LFE3-.LFB3
 783 01c3 01       		.uleb128 0x1
ARM GAS  C:\Users\MM1005~1\AppData\Local\Temp\ccW1Y9eF.s 			page 21


 784 01c4 9C       		.byte	0x9c
 785 01c5 24020000 		.4byte	0x224
 786 01c9 0C       		.uleb128 0xc
 787 01ca F7000000 		.4byte	.LASF27
 788 01ce 01       		.byte	0x1
 789 01cf 9E       		.byte	0x9e
 790 01d0 24020000 		.4byte	0x224
 791 01d4 02       		.uleb128 0x2
 792 01d5 91       		.byte	0x91
 793 01d6 64       		.sleb128 -28
 794 01d7 0C       		.uleb128 0xc
 795 01d8 09010000 		.4byte	.LASF28
 796 01dc 01       		.byte	0x1
 797 01dd 9E       		.byte	0x9e
 798 01de 2F020000 		.4byte	0x22f
 799 01e2 02       		.uleb128 0x2
 800 01e3 91       		.byte	0x91
 801 01e4 60       		.sleb128 -32
 802 01e5 10       		.uleb128 0x10
 803 01e6 6900     		.ascii	"i\000"
 804 01e8 01       		.byte	0x1
 805 01e9 A1       		.byte	0xa1
 806 01ea 9C000000 		.4byte	0x9c
 807 01ee 02       		.uleb128 0x2
 808 01ef 91       		.byte	0x91
 809 01f0 74       		.sleb128 -12
 810 01f1 10       		.uleb128 0x10
 811 01f2 6A00     		.ascii	"j\000"
 812 01f4 01       		.byte	0x1
 813 01f5 A1       		.byte	0xa1
 814 01f6 9C000000 		.4byte	0x9c
 815 01fa 02       		.uleb128 0x2
 816 01fb 91       		.byte	0x91
 817 01fc 70       		.sleb128 -16
 818 01fd 11       		.uleb128 0x11
 819 01fe 14000000 		.4byte	.LBB2
 820 0202 5A000000 		.4byte	.LBE2-.LBB2
 821 0206 12       		.uleb128 0x12
 822 0207 EF010000 		.4byte	.LASF29
 823 020b 01       		.byte	0x1
 824 020c A4       		.byte	0xa4
 825 020d 9C000000 		.4byte	0x9c
 826 0211 02       		.uleb128 0x2
 827 0212 91       		.byte	0x91
 828 0213 68       		.sleb128 -24
 829 0214 12       		.uleb128 0x12
 830 0215 24000000 		.4byte	.LASF30
 831 0219 01       		.byte	0x1
 832 021a A5       		.byte	0xa5
 833 021b 86000000 		.4byte	0x86
 834 021f 02       		.uleb128 0x2
 835 0220 91       		.byte	0x91
 836 0221 6F       		.sleb128 -17
 837 0222 00       		.byte	0
 838 0223 00       		.byte	0
 839 0224 0D       		.uleb128 0xd
 840 0225 04       		.byte	0x4
ARM GAS  C:\Users\MM1005~1\AppData\Local\Temp\ccW1Y9eF.s 			page 22


 841 0226 2A020000 		.4byte	0x22a
 842 022a 13       		.uleb128 0x13
 843 022b 9C000000 		.4byte	0x9c
 844 022f 0D       		.uleb128 0xd
 845 0230 04       		.byte	0x4
 846 0231 35020000 		.4byte	0x235
 847 0235 13       		.uleb128 0x13
 848 0236 F8000000 		.4byte	0xf8
 849 023a 14       		.uleb128 0x14
 850 023b 2A000000 		.4byte	.LASF31
 851 023f 01       		.byte	0x1
 852 0240 C3       		.byte	0xc3
 853 0241 00000000 		.4byte	.LFB4
 854 0245 74000000 		.4byte	.LFE4-.LFB4
 855 0249 01       		.uleb128 0x1
 856 024a 9C       		.byte	0x9c
 857 024b 15       		.uleb128 0x15
 858 024c 0D000000 		.4byte	.LASF32
 859 0250 01       		.byte	0x1
 860 0251 F4       		.byte	0xf4
 861 0252 00000000 		.4byte	.LFB5
 862 0256 08000000 		.4byte	.LFE5-.LFB5
 863 025a 01       		.uleb128 0x1
 864 025b 9C       		.byte	0x9c
 865 025c 16       		.uleb128 0x16
 866 025d B6010000 		.4byte	.LASF42
 867 0261 01       		.byte	0x1
 868 0262 0C01     		.2byte	0x10c
 869 0264 74000000 		.4byte	.LFB6
 870 0268 30010000 		.4byte	.LFE6-.LFB6
 871 026c 01       		.uleb128 0x1
 872 026d 9C       		.byte	0x9c
 873 026e 28030000 		.4byte	0x328
 874 0272 11       		.uleb128 0x11
 875 0273 7C000000 		.4byte	.LBB3
 876 0277 C8000000 		.4byte	.LBE3-.LBB3
 877 027b 17       		.uleb128 0x17
 878 027c 35000000 		.4byte	.LASF33
 879 0280 01       		.byte	0x1
 880 0281 1201     		.2byte	0x112
 881 0283 38030000 		.4byte	0x338
 882 0287 05       		.uleb128 0x5
 883 0288 03       		.byte	0x3
 884 0289 0C000000 		.4byte	cy_cfg_addr_table.4705
 885 028d 17       		.uleb128 0x17
 886 028e 47000000 		.4byte	.LASF34
 887 0292 01       		.byte	0x1
 888 0293 1801     		.2byte	0x118
 889 0295 4D030000 		.4byte	0x34d
 890 0299 05       		.uleb128 0x5
 891 029a 03       		.byte	0x3
 892 029b 18000000 		.4byte	cy_cfg_data_table.4706
 893 029f 18       		.uleb128 0x18
 894 02a0 06       		.byte	0x6
 895 02a1 01       		.byte	0x1
 896 02a2 2501     		.2byte	0x125
 897 02a4 C3020000 		.4byte	0x2c3
ARM GAS  C:\Users\MM1005~1\AppData\Local\Temp\ccW1Y9eF.s 			page 23


 898 02a8 19       		.uleb128 0x19
 899 02a9 C3010000 		.4byte	.LASF35
 900 02ad 01       		.byte	0x1
 901 02ae 2601     		.2byte	0x126
 902 02b0 7D000000 		.4byte	0x7d
 903 02b4 00       		.byte	0
 904 02b5 19       		.uleb128 0x19
 905 02b6 74000000 		.4byte	.LASF36
 906 02ba 01       		.byte	0x1
 907 02bb 2701     		.2byte	0x127
 908 02bd 91000000 		.4byte	0x91
 909 02c1 04       		.byte	0x4
 910 02c2 00       		.byte	0
 911 02c3 06       		.uleb128 0x6
 912 02c4 E2010000 		.4byte	.LASF37
 913 02c8 01       		.byte	0x1
 914 02c9 2801     		.2byte	0x128
 915 02cb 9F020000 		.4byte	0x29f
 916 02cf 1A       		.uleb128 0x1a
 917 02d0 C3020000 		.4byte	0x2c3
 918 02d4 DF020000 		.4byte	0x2df
 919 02d8 1B       		.uleb128 0x1b
 920 02d9 76000000 		.4byte	0x76
 921 02dd 01       		.byte	0x1
 922 02de 00       		.byte	0
 923 02df 17       		.uleb128 0x17
 924 02e0 64000000 		.4byte	.LASF38
 925 02e4 01       		.byte	0x1
 926 02e5 2A01     		.2byte	0x12a
 927 02e7 F1020000 		.4byte	0x2f1
 928 02eb 05       		.uleb128 0x5
 929 02ec 03       		.byte	0x3
 930 02ed 00000000 		.4byte	cfg_memset_list.4711
 931 02f1 13       		.uleb128 0x13
 932 02f2 CF020000 		.4byte	0x2cf
 933 02f6 1C       		.uleb128 0x1c
 934 02f7 6900     		.ascii	"i\000"
 935 02f9 01       		.byte	0x1
 936 02fa 3001     		.2byte	0x130
 937 02fc 86000000 		.4byte	0x86
 938 0300 02       		.uleb128 0x2
 939 0301 91       		.byte	0x91
 940 0302 77       		.sleb128 -9
 941 0303 11       		.uleb128 0x11
 942 0304 84000000 		.4byte	.LBB4
 943 0308 3E000000 		.4byte	.LBE4-.LBB4
 944 030c 1C       		.uleb128 0x1c
 945 030d 6D7300   		.ascii	"ms\000"
 946 0310 01       		.byte	0x1
 947 0311 3501     		.2byte	0x135
 948 0313 1A030000 		.4byte	0x31a
 949 0317 02       		.uleb128 0x2
 950 0318 91       		.byte	0x91
 951 0319 70       		.sleb128 -16
 952 031a 0D       		.uleb128 0xd
 953 031b 04       		.byte	0x4
 954 031c 20030000 		.4byte	0x320
ARM GAS  C:\Users\MM1005~1\AppData\Local\Temp\ccW1Y9eF.s 			page 24


 955 0320 13       		.uleb128 0x13
 956 0321 C3020000 		.4byte	0x2c3
 957 0325 00       		.byte	0
 958 0326 00       		.byte	0
 959 0327 00       		.byte	0
 960 0328 1A       		.uleb128 0x1a
 961 0329 9C000000 		.4byte	0x9c
 962 032d 38030000 		.4byte	0x338
 963 0331 1B       		.uleb128 0x1b
 964 0332 76000000 		.4byte	0x76
 965 0336 02       		.byte	0x2
 966 0337 00       		.byte	0
 967 0338 13       		.uleb128 0x13
 968 0339 28030000 		.4byte	0x328
 969 033d 1A       		.uleb128 0x1a
 970 033e F8000000 		.4byte	0xf8
 971 0342 4D030000 		.4byte	0x34d
 972 0346 1B       		.uleb128 0x1b
 973 0347 76000000 		.4byte	0x76
 974 034b 07       		.byte	0x7
 975 034c 00       		.byte	0
 976 034d 13       		.uleb128 0x13
 977 034e 3D030000 		.4byte	0x33d
 978 0352 00       		.byte	0
 979              		.section	.debug_abbrev,"",%progbits
 980              	.Ldebug_abbrev0:
 981 0000 01       		.uleb128 0x1
 982 0001 11       		.uleb128 0x11
 983 0002 01       		.byte	0x1
 984 0003 25       		.uleb128 0x25
 985 0004 0E       		.uleb128 0xe
 986 0005 13       		.uleb128 0x13
 987 0006 0B       		.uleb128 0xb
 988 0007 03       		.uleb128 0x3
 989 0008 0E       		.uleb128 0xe
 990 0009 1B       		.uleb128 0x1b
 991 000a 0E       		.uleb128 0xe
 992 000b 55       		.uleb128 0x55
 993 000c 17       		.uleb128 0x17
 994 000d 11       		.uleb128 0x11
 995 000e 01       		.uleb128 0x1
 996 000f 10       		.uleb128 0x10
 997 0010 17       		.uleb128 0x17
 998 0011 00       		.byte	0
 999 0012 00       		.byte	0
 1000 0013 02       		.uleb128 0x2
 1001 0014 24       		.uleb128 0x24
 1002 0015 00       		.byte	0
 1003 0016 0B       		.uleb128 0xb
 1004 0017 0B       		.uleb128 0xb
 1005 0018 3E       		.uleb128 0x3e
 1006 0019 0B       		.uleb128 0xb
 1007 001a 03       		.uleb128 0x3
 1008 001b 08       		.uleb128 0x8
 1009 001c 00       		.byte	0
 1010 001d 00       		.byte	0
 1011 001e 03       		.uleb128 0x3
ARM GAS  C:\Users\MM1005~1\AppData\Local\Temp\ccW1Y9eF.s 			page 25


 1012 001f 16       		.uleb128 0x16
 1013 0020 00       		.byte	0
 1014 0021 03       		.uleb128 0x3
 1015 0022 0E       		.uleb128 0xe
 1016 0023 3A       		.uleb128 0x3a
 1017 0024 0B       		.uleb128 0xb
 1018 0025 3B       		.uleb128 0x3b
 1019 0026 0B       		.uleb128 0xb
 1020 0027 49       		.uleb128 0x49
 1021 0028 13       		.uleb128 0x13
 1022 0029 00       		.byte	0
 1023 002a 00       		.byte	0
 1024 002b 04       		.uleb128 0x4
 1025 002c 24       		.uleb128 0x24
 1026 002d 00       		.byte	0
 1027 002e 0B       		.uleb128 0xb
 1028 002f 0B       		.uleb128 0xb
 1029 0030 3E       		.uleb128 0x3e
 1030 0031 0B       		.uleb128 0xb
 1031 0032 03       		.uleb128 0x3
 1032 0033 0E       		.uleb128 0xe
 1033 0034 00       		.byte	0
 1034 0035 00       		.byte	0
 1035 0036 05       		.uleb128 0x5
 1036 0037 0F       		.uleb128 0xf
 1037 0038 00       		.byte	0
 1038 0039 0B       		.uleb128 0xb
 1039 003a 0B       		.uleb128 0xb
 1040 003b 00       		.byte	0
 1041 003c 00       		.byte	0
 1042 003d 06       		.uleb128 0x6
 1043 003e 16       		.uleb128 0x16
 1044 003f 00       		.byte	0
 1045 0040 03       		.uleb128 0x3
 1046 0041 0E       		.uleb128 0xe
 1047 0042 3A       		.uleb128 0x3a
 1048 0043 0B       		.uleb128 0xb
 1049 0044 3B       		.uleb128 0x3b
 1050 0045 05       		.uleb128 0x5
 1051 0046 49       		.uleb128 0x49
 1052 0047 13       		.uleb128 0x13
 1053 0048 00       		.byte	0
 1054 0049 00       		.byte	0
 1055 004a 07       		.uleb128 0x7
 1056 004b 35       		.uleb128 0x35
 1057 004c 00       		.byte	0
 1058 004d 49       		.uleb128 0x49
 1059 004e 13       		.uleb128 0x13
 1060 004f 00       		.byte	0
 1061 0050 00       		.byte	0
 1062 0051 08       		.uleb128 0x8
 1063 0052 13       		.uleb128 0x13
 1064 0053 01       		.byte	0x1
 1065 0054 0B       		.uleb128 0xb
 1066 0055 0B       		.uleb128 0xb
 1067 0056 3A       		.uleb128 0x3a
 1068 0057 0B       		.uleb128 0xb
ARM GAS  C:\Users\MM1005~1\AppData\Local\Temp\ccW1Y9eF.s 			page 26


 1069 0058 3B       		.uleb128 0x3b
 1070 0059 0B       		.uleb128 0xb
 1071 005a 01       		.uleb128 0x1
 1072 005b 13       		.uleb128 0x13
 1073 005c 00       		.byte	0
 1074 005d 00       		.byte	0
 1075 005e 09       		.uleb128 0x9
 1076 005f 0D       		.uleb128 0xd
 1077 0060 00       		.byte	0
 1078 0061 03       		.uleb128 0x3
 1079 0062 0E       		.uleb128 0xe
 1080 0063 3A       		.uleb128 0x3a
 1081 0064 0B       		.uleb128 0xb
 1082 0065 3B       		.uleb128 0x3b
 1083 0066 0B       		.uleb128 0xb
 1084 0067 49       		.uleb128 0x49
 1085 0068 13       		.uleb128 0x13
 1086 0069 38       		.uleb128 0x38
 1087 006a 0B       		.uleb128 0xb
 1088 006b 00       		.byte	0
 1089 006c 00       		.byte	0
 1090 006d 0A       		.uleb128 0xa
 1091 006e 2E       		.uleb128 0x2e
 1092 006f 01       		.byte	0x1
 1093 0070 03       		.uleb128 0x3
 1094 0071 0E       		.uleb128 0xe
 1095 0072 3A       		.uleb128 0x3a
 1096 0073 0B       		.uleb128 0xb
 1097 0074 3B       		.uleb128 0x3b
 1098 0075 0B       		.uleb128 0xb
 1099 0076 27       		.uleb128 0x27
 1100 0077 19       		.uleb128 0x19
 1101 0078 11       		.uleb128 0x11
 1102 0079 01       		.uleb128 0x1
 1103 007a 12       		.uleb128 0x12
 1104 007b 06       		.uleb128 0x6
 1105 007c 40       		.uleb128 0x40
 1106 007d 18       		.uleb128 0x18
 1107 007e 9642     		.uleb128 0x2116
 1108 0080 19       		.uleb128 0x19
 1109 0081 01       		.uleb128 0x1
 1110 0082 13       		.uleb128 0x13
 1111 0083 00       		.byte	0
 1112 0084 00       		.byte	0
 1113 0085 0B       		.uleb128 0xb
 1114 0086 05       		.uleb128 0x5
 1115 0087 00       		.byte	0
 1116 0088 03       		.uleb128 0x3
 1117 0089 08       		.uleb128 0x8
 1118 008a 3A       		.uleb128 0x3a
 1119 008b 0B       		.uleb128 0xb
 1120 008c 3B       		.uleb128 0x3b
 1121 008d 0B       		.uleb128 0xb
 1122 008e 49       		.uleb128 0x49
 1123 008f 13       		.uleb128 0x13
 1124 0090 02       		.uleb128 0x2
 1125 0091 18       		.uleb128 0x18
ARM GAS  C:\Users\MM1005~1\AppData\Local\Temp\ccW1Y9eF.s 			page 27


 1126 0092 00       		.byte	0
 1127 0093 00       		.byte	0
 1128 0094 0C       		.uleb128 0xc
 1129 0095 05       		.uleb128 0x5
 1130 0096 00       		.byte	0
 1131 0097 03       		.uleb128 0x3
 1132 0098 0E       		.uleb128 0xe
 1133 0099 3A       		.uleb128 0x3a
 1134 009a 0B       		.uleb128 0xb
 1135 009b 3B       		.uleb128 0x3b
 1136 009c 0B       		.uleb128 0xb
 1137 009d 49       		.uleb128 0x49
 1138 009e 13       		.uleb128 0x13
 1139 009f 02       		.uleb128 0x2
 1140 00a0 18       		.uleb128 0x18
 1141 00a1 00       		.byte	0
 1142 00a2 00       		.byte	0
 1143 00a3 0D       		.uleb128 0xd
 1144 00a4 0F       		.uleb128 0xf
 1145 00a5 00       		.byte	0
 1146 00a6 0B       		.uleb128 0xb
 1147 00a7 0B       		.uleb128 0xb
 1148 00a8 49       		.uleb128 0x49
 1149 00a9 13       		.uleb128 0x13
 1150 00aa 00       		.byte	0
 1151 00ab 00       		.byte	0
 1152 00ac 0E       		.uleb128 0xe
 1153 00ad 26       		.uleb128 0x26
 1154 00ae 00       		.byte	0
 1155 00af 00       		.byte	0
 1156 00b0 00       		.byte	0
 1157 00b1 0F       		.uleb128 0xf
 1158 00b2 2E       		.uleb128 0x2e
 1159 00b3 01       		.byte	0x1
 1160 00b4 03       		.uleb128 0x3
 1161 00b5 0E       		.uleb128 0xe
 1162 00b6 3A       		.uleb128 0x3a
 1163 00b7 0B       		.uleb128 0xb
 1164 00b8 3B       		.uleb128 0x3b
 1165 00b9 0B       		.uleb128 0xb
 1166 00ba 27       		.uleb128 0x27
 1167 00bb 19       		.uleb128 0x19
 1168 00bc 11       		.uleb128 0x11
 1169 00bd 01       		.uleb128 0x1
 1170 00be 12       		.uleb128 0x12
 1171 00bf 06       		.uleb128 0x6
 1172 00c0 40       		.uleb128 0x40
 1173 00c1 18       		.uleb128 0x18
 1174 00c2 9742     		.uleb128 0x2117
 1175 00c4 19       		.uleb128 0x19
 1176 00c5 01       		.uleb128 0x1
 1177 00c6 13       		.uleb128 0x13
 1178 00c7 00       		.byte	0
 1179 00c8 00       		.byte	0
 1180 00c9 10       		.uleb128 0x10
 1181 00ca 34       		.uleb128 0x34
 1182 00cb 00       		.byte	0
ARM GAS  C:\Users\MM1005~1\AppData\Local\Temp\ccW1Y9eF.s 			page 28


 1183 00cc 03       		.uleb128 0x3
 1184 00cd 08       		.uleb128 0x8
 1185 00ce 3A       		.uleb128 0x3a
 1186 00cf 0B       		.uleb128 0xb
 1187 00d0 3B       		.uleb128 0x3b
 1188 00d1 0B       		.uleb128 0xb
 1189 00d2 49       		.uleb128 0x49
 1190 00d3 13       		.uleb128 0x13
 1191 00d4 02       		.uleb128 0x2
 1192 00d5 18       		.uleb128 0x18
 1193 00d6 00       		.byte	0
 1194 00d7 00       		.byte	0
 1195 00d8 11       		.uleb128 0x11
 1196 00d9 0B       		.uleb128 0xb
 1197 00da 01       		.byte	0x1
 1198 00db 11       		.uleb128 0x11
 1199 00dc 01       		.uleb128 0x1
 1200 00dd 12       		.uleb128 0x12
 1201 00de 06       		.uleb128 0x6
 1202 00df 00       		.byte	0
 1203 00e0 00       		.byte	0
 1204 00e1 12       		.uleb128 0x12
 1205 00e2 34       		.uleb128 0x34
 1206 00e3 00       		.byte	0
 1207 00e4 03       		.uleb128 0x3
 1208 00e5 0E       		.uleb128 0xe
 1209 00e6 3A       		.uleb128 0x3a
 1210 00e7 0B       		.uleb128 0xb
 1211 00e8 3B       		.uleb128 0x3b
 1212 00e9 0B       		.uleb128 0xb
 1213 00ea 49       		.uleb128 0x49
 1214 00eb 13       		.uleb128 0x13
 1215 00ec 02       		.uleb128 0x2
 1216 00ed 18       		.uleb128 0x18
 1217 00ee 00       		.byte	0
 1218 00ef 00       		.byte	0
 1219 00f0 13       		.uleb128 0x13
 1220 00f1 26       		.uleb128 0x26
 1221 00f2 00       		.byte	0
 1222 00f3 49       		.uleb128 0x49
 1223 00f4 13       		.uleb128 0x13
 1224 00f5 00       		.byte	0
 1225 00f6 00       		.byte	0
 1226 00f7 14       		.uleb128 0x14
 1227 00f8 2E       		.uleb128 0x2e
 1228 00f9 00       		.byte	0
 1229 00fa 03       		.uleb128 0x3
 1230 00fb 0E       		.uleb128 0xe
 1231 00fc 3A       		.uleb128 0x3a
 1232 00fd 0B       		.uleb128 0xb
 1233 00fe 3B       		.uleb128 0x3b
 1234 00ff 0B       		.uleb128 0xb
 1235 0100 27       		.uleb128 0x27
 1236 0101 19       		.uleb128 0x19
 1237 0102 11       		.uleb128 0x11
 1238 0103 01       		.uleb128 0x1
 1239 0104 12       		.uleb128 0x12
ARM GAS  C:\Users\MM1005~1\AppData\Local\Temp\ccW1Y9eF.s 			page 29


 1240 0105 06       		.uleb128 0x6
 1241 0106 40       		.uleb128 0x40
 1242 0107 18       		.uleb128 0x18
 1243 0108 9642     		.uleb128 0x2116
 1244 010a 19       		.uleb128 0x19
 1245 010b 00       		.byte	0
 1246 010c 00       		.byte	0
 1247 010d 15       		.uleb128 0x15
 1248 010e 2E       		.uleb128 0x2e
 1249 010f 00       		.byte	0
 1250 0110 03       		.uleb128 0x3
 1251 0111 0E       		.uleb128 0xe
 1252 0112 3A       		.uleb128 0x3a
 1253 0113 0B       		.uleb128 0xb
 1254 0114 3B       		.uleb128 0x3b
 1255 0115 0B       		.uleb128 0xb
 1256 0116 27       		.uleb128 0x27
 1257 0117 19       		.uleb128 0x19
 1258 0118 11       		.uleb128 0x11
 1259 0119 01       		.uleb128 0x1
 1260 011a 12       		.uleb128 0x12
 1261 011b 06       		.uleb128 0x6
 1262 011c 40       		.uleb128 0x40
 1263 011d 18       		.uleb128 0x18
 1264 011e 9742     		.uleb128 0x2117
 1265 0120 19       		.uleb128 0x19
 1266 0121 00       		.byte	0
 1267 0122 00       		.byte	0
 1268 0123 16       		.uleb128 0x16
 1269 0124 2E       		.uleb128 0x2e
 1270 0125 01       		.byte	0x1
 1271 0126 3F       		.uleb128 0x3f
 1272 0127 19       		.uleb128 0x19
 1273 0128 03       		.uleb128 0x3
 1274 0129 0E       		.uleb128 0xe
 1275 012a 3A       		.uleb128 0x3a
 1276 012b 0B       		.uleb128 0xb
 1277 012c 3B       		.uleb128 0x3b
 1278 012d 05       		.uleb128 0x5
 1279 012e 27       		.uleb128 0x27
 1280 012f 19       		.uleb128 0x19
 1281 0130 11       		.uleb128 0x11
 1282 0131 01       		.uleb128 0x1
 1283 0132 12       		.uleb128 0x12
 1284 0133 06       		.uleb128 0x6
 1285 0134 40       		.uleb128 0x40
 1286 0135 18       		.uleb128 0x18
 1287 0136 9642     		.uleb128 0x2116
 1288 0138 19       		.uleb128 0x19
 1289 0139 01       		.uleb128 0x1
 1290 013a 13       		.uleb128 0x13
 1291 013b 00       		.byte	0
 1292 013c 00       		.byte	0
 1293 013d 17       		.uleb128 0x17
 1294 013e 34       		.uleb128 0x34
 1295 013f 00       		.byte	0
 1296 0140 03       		.uleb128 0x3
ARM GAS  C:\Users\MM1005~1\AppData\Local\Temp\ccW1Y9eF.s 			page 30


 1297 0141 0E       		.uleb128 0xe
 1298 0142 3A       		.uleb128 0x3a
 1299 0143 0B       		.uleb128 0xb
 1300 0144 3B       		.uleb128 0x3b
 1301 0145 05       		.uleb128 0x5
 1302 0146 49       		.uleb128 0x49
 1303 0147 13       		.uleb128 0x13
 1304 0148 02       		.uleb128 0x2
 1305 0149 18       		.uleb128 0x18
 1306 014a 00       		.byte	0
 1307 014b 00       		.byte	0
 1308 014c 18       		.uleb128 0x18
 1309 014d 13       		.uleb128 0x13
 1310 014e 01       		.byte	0x1
 1311 014f 0B       		.uleb128 0xb
 1312 0150 0B       		.uleb128 0xb
 1313 0151 3A       		.uleb128 0x3a
 1314 0152 0B       		.uleb128 0xb
 1315 0153 3B       		.uleb128 0x3b
 1316 0154 05       		.uleb128 0x5
 1317 0155 01       		.uleb128 0x1
 1318 0156 13       		.uleb128 0x13
 1319 0157 00       		.byte	0
 1320 0158 00       		.byte	0
 1321 0159 19       		.uleb128 0x19
 1322 015a 0D       		.uleb128 0xd
 1323 015b 00       		.byte	0
 1324 015c 03       		.uleb128 0x3
 1325 015d 0E       		.uleb128 0xe
 1326 015e 3A       		.uleb128 0x3a
 1327 015f 0B       		.uleb128 0xb
 1328 0160 3B       		.uleb128 0x3b
 1329 0161 05       		.uleb128 0x5
 1330 0162 49       		.uleb128 0x49
 1331 0163 13       		.uleb128 0x13
 1332 0164 38       		.uleb128 0x38
 1333 0165 0B       		.uleb128 0xb
 1334 0166 00       		.byte	0
 1335 0167 00       		.byte	0
 1336 0168 1A       		.uleb128 0x1a
 1337 0169 01       		.uleb128 0x1
 1338 016a 01       		.byte	0x1
 1339 016b 49       		.uleb128 0x49
 1340 016c 13       		.uleb128 0x13
 1341 016d 01       		.uleb128 0x1
 1342 016e 13       		.uleb128 0x13
 1343 016f 00       		.byte	0
 1344 0170 00       		.byte	0
 1345 0171 1B       		.uleb128 0x1b
 1346 0172 21       		.uleb128 0x21
 1347 0173 00       		.byte	0
 1348 0174 49       		.uleb128 0x49
 1349 0175 13       		.uleb128 0x13
 1350 0176 2F       		.uleb128 0x2f
 1351 0177 0B       		.uleb128 0xb
 1352 0178 00       		.byte	0
 1353 0179 00       		.byte	0
ARM GAS  C:\Users\MM1005~1\AppData\Local\Temp\ccW1Y9eF.s 			page 31


 1354 017a 1C       		.uleb128 0x1c
 1355 017b 34       		.uleb128 0x34
 1356 017c 00       		.byte	0
 1357 017d 03       		.uleb128 0x3
 1358 017e 08       		.uleb128 0x8
 1359 017f 3A       		.uleb128 0x3a
 1360 0180 0B       		.uleb128 0xb
 1361 0181 3B       		.uleb128 0x3b
 1362 0182 05       		.uleb128 0x5
 1363 0183 49       		.uleb128 0x49
 1364 0184 13       		.uleb128 0x13
 1365 0185 02       		.uleb128 0x2
 1366 0186 18       		.uleb128 0x18
 1367 0187 00       		.byte	0
 1368 0188 00       		.byte	0
 1369 0189 00       		.byte	0
 1370              		.section	.debug_aranges,"",%progbits
 1371 0000 4C000000 		.4byte	0x4c
 1372 0004 0200     		.2byte	0x2
 1373 0006 00000000 		.4byte	.Ldebug_info0
 1374 000a 04       		.byte	0x4
 1375 000b 00       		.byte	0
 1376 000c 0000     		.2byte	0
 1377 000e 0000     		.2byte	0
 1378 0010 00000000 		.4byte	.LFB0
 1379 0014 1E000000 		.4byte	.LFE0-.LFB0
 1380 0018 00000000 		.4byte	.LFB1
 1381 001c 22000000 		.4byte	.LFE1-.LFB1
 1382 0020 00000000 		.4byte	.LFB2
 1383 0024 22000000 		.4byte	.LFE2-.LFB2
 1384 0028 00000000 		.4byte	.LFB3
 1385 002c 80000000 		.4byte	.LFE3-.LFB3
 1386 0030 00000000 		.4byte	.LFB4
 1387 0034 74000000 		.4byte	.LFE4-.LFB4
 1388 0038 00000000 		.4byte	.LFB5
 1389 003c 08000000 		.4byte	.LFE5-.LFB5
 1390 0040 74000000 		.4byte	.LFB6
 1391 0044 30010000 		.4byte	.LFE6-.LFB6
 1392 0048 00000000 		.4byte	0
 1393 004c 00000000 		.4byte	0
 1394              		.section	.debug_ranges,"",%progbits
 1395              	.Ldebug_ranges0:
 1396 0000 00000000 		.4byte	.LFB0
 1397 0004 1E000000 		.4byte	.LFE0
 1398 0008 00000000 		.4byte	.LFB1
 1399 000c 22000000 		.4byte	.LFE1
 1400 0010 00000000 		.4byte	.LFB2
 1401 0014 22000000 		.4byte	.LFE2
 1402 0018 00000000 		.4byte	.LFB3
 1403 001c 80000000 		.4byte	.LFE3
 1404 0020 00000000 		.4byte	.LFB4
 1405 0024 74000000 		.4byte	.LFE4
 1406 0028 00000000 		.4byte	.LFB5
 1407 002c 08000000 		.4byte	.LFE5
 1408 0030 74000000 		.4byte	.LFB6
 1409 0034 A4010000 		.4byte	.LFE6
 1410 0038 00000000 		.4byte	0
ARM GAS  C:\Users\MM1005~1\AppData\Local\Temp\ccW1Y9eF.s 			page 32


 1411 003c 00000000 		.4byte	0
 1412              		.section	.debug_line,"",%progbits
 1413              	.Ldebug_line0:
 1414 0000 83010000 		.section	.debug_str,"MS",%progbits,1
 1414      0200C500 
 1414      00000201 
 1414      FB0E0D00 
 1414      01010101 
 1415              	.LASF18:
 1416 0000 72656733 		.ascii	"reg32\000"
 1416      3200
 1417              	.LASF11:
 1418 0006 73697A65 		.ascii	"size_t\000"
 1418      5F7400
 1419              	.LASF32:
 1420 000d 416E616C 		.ascii	"AnalogSetDefault\000"
 1420      6F675365 
 1420      74446566 
 1420      61756C74 
 1420      00
 1421              	.LASF20:
 1422 001e 76616C75 		.ascii	"value\000"
 1422      6500
 1423              	.LASF30:
 1424 0024 636F756E 		.ascii	"count\000"
 1424      7400
 1425              	.LASF31:
 1426 002a 436C6F63 		.ascii	"ClockSetup\000"
 1426      6B536574 
 1426      757000
 1427              	.LASF33:
 1428 0035 63795F63 		.ascii	"cy_cfg_addr_table\000"
 1428      66675F61 
 1428      6464725F 
 1428      7461626C 
 1428      6500
 1429              	.LASF34:
 1430 0047 63795F63 		.ascii	"cy_cfg_data_table\000"
 1430      66675F64 
 1430      6174615F 
 1430      7461626C 
 1430      6500
 1431              	.LASF15:
 1432 0059 666C6F61 		.ascii	"float\000"
 1432      7400
 1433              	.LASF24:
 1434 005f 64657374 		.ascii	"dest\000"
 1434      00
 1435              	.LASF38:
 1436 0064 6366675F 		.ascii	"cfg_memset_list\000"
 1436      6D656D73 
 1436      65745F6C 
 1436      69737400 
 1437              	.LASF36:
 1438 0074 73697A65 		.ascii	"size\000"
 1438      00
 1439              	.LASF17:
ARM GAS  C:\Users\MM1005~1\AppData\Local\Temp\ccW1Y9eF.s 			page 33


 1440 0079 72656738 		.ascii	"reg8\000"
 1440      00
 1441              	.LASF6:
 1442 007e 6C6F6E67 		.ascii	"long unsigned int\000"
 1442      20756E73 
 1442      69676E65 
 1442      6420696E 
 1442      7400
 1443              	.LASF12:
 1444 0090 75696E74 		.ascii	"uint8\000"
 1444      3800
 1445              	.LASF22:
 1446 0096 43594D45 		.ascii	"CYMEMZERO\000"
 1446      4D5A4552 
 1446      4F00
 1447              	.LASF2:
 1448 00a0 756E7369 		.ascii	"unsigned char\000"
 1448      676E6564 
 1448      20636861 
 1448      7200
 1449              	.LASF16:
 1450 00ae 646F7562 		.ascii	"double\000"
 1450      6C6500
 1451              	.LASF26:
 1452 00b5 6366675F 		.ascii	"cfg_write_bytes32\000"
 1452      77726974 
 1452      655F6279 
 1452      74657333 
 1452      3200
 1453              	.LASF41:
 1454 00c7 433A5C77 		.ascii	"C:\\work\\Blinking LED red\\Blinking LED red.cydsn\000"
 1454      6F726B5C 
 1454      426C696E 
 1454      6B696E67 
 1454      204C4544 
 1455              	.LASF27:
 1456 00f7 61646472 		.ascii	"addr_table\000"
 1456      5F746162 
 1456      6C6500
 1457              	.LASF13:
 1458 0102 75696E74 		.ascii	"uint16\000"
 1458      313600
 1459              	.LASF28:
 1460 0109 64617461 		.ascii	"data_table\000"
 1460      5F746162 
 1460      6C6500
 1461              	.LASF14:
 1462 0114 75696E74 		.ascii	"uint32\000"
 1462      333200
 1463              	.LASF39:
 1464 011b 474E5520 		.ascii	"GNU C 4.9.3 20150303 (release) [ARM/embedded-4_9-br"
 1464      4320342E 
 1464      392E3320 
 1464      32303135 
 1464      30333033 
 1465 014e 616E6368 		.ascii	"anch revision 221220] -mcpu=cortex-m0 -mthumb -g -O"
 1465      20726576 
ARM GAS  C:\Users\MM1005~1\AppData\Local\Temp\ccW1Y9eF.s 			page 34


 1465      6973696F 
 1465      6E203232 
 1465      31323230 
 1466 0181 30202D66 		.ascii	"0 -ffunction-sections -ffat-lto-objects\000"
 1466      66756E63 
 1466      74696F6E 
 1466      2D736563 
 1466      74696F6E 
 1467              	.LASF0:
 1468 01a9 756E7369 		.ascii	"unsigned int\000"
 1468      676E6564 
 1468      20696E74 
 1468      00
 1469              	.LASF42:
 1470 01b6 63796669 		.ascii	"cyfitter_cfg\000"
 1470      74746572 
 1470      5F636667 
 1470      00
 1471              	.LASF35:
 1472 01c3 61646472 		.ascii	"address\000"
 1472      65737300 
 1473              	.LASF8:
 1474 01cb 6C6F6E67 		.ascii	"long long unsigned int\000"
 1474      206C6F6E 
 1474      6720756E 
 1474      7369676E 
 1474      65642069 
 1475              	.LASF37:
 1476 01e2 6366675F 		.ascii	"cfg_memset_t\000"
 1476      6D656D73 
 1476      65745F74 
 1476      00
 1477              	.LASF29:
 1478 01ef 62617365 		.ascii	"baseAddr\000"
 1478      41646472 
 1478      00
 1479              	.LASF9:
 1480 01f8 73697A65 		.ascii	"sizetype\000"
 1480      74797065 
 1480      00
 1481              	.LASF4:
 1482 0201 73686F72 		.ascii	"short unsigned int\000"
 1482      7420756E 
 1482      7369676E 
 1482      65642069 
 1482      6E7400
 1483              	.LASF7:
 1484 0214 6C6F6E67 		.ascii	"long long int\000"
 1484      206C6F6E 
 1484      6720696E 
 1484      7400
 1485              	.LASF10:
 1486 0222 63686172 		.ascii	"char\000"
 1486      00
 1487              	.LASF21:
 1488 0227 63795F63 		.ascii	"cy_cfg_addrvalue_t\000"
 1488      66675F61 
ARM GAS  C:\Users\MM1005~1\AppData\Local\Temp\ccW1Y9eF.s 			page 35


 1488      64647276 
 1488      616C7565 
 1488      5F7400
 1489              	.LASF19:
 1490 023a 6F666673 		.ascii	"offset\000"
 1490      657400
 1491              	.LASF3:
 1492 0241 73686F72 		.ascii	"short int\000"
 1492      7420696E 
 1492      7400
 1493              	.LASF5:
 1494 024b 6C6F6E67 		.ascii	"long int\000"
 1494      20696E74 
 1494      00
 1495              	.LASF1:
 1496 0254 7369676E 		.ascii	"signed char\000"
 1496      65642063 
 1496      68617200 
 1497              	.LASF40:
 1498 0260 47656E65 		.ascii	"Generated_Source\\PSoC4\\cyfitter_cfg.c\000"
 1498      72617465 
 1498      645F536F 
 1498      75726365 
 1498      5C50536F 
 1499              	.LASF25:
 1500 0286 4359434F 		.ascii	"CYCONFIGCPYCODE\000"
 1500      4E464947 
 1500      43505943 
 1500      4F444500 
 1501              	.LASF23:
 1502 0296 4359434F 		.ascii	"CYCONFIGCPY\000"
 1502      4E464947 
 1502      43505900 
 1503              		.ident	"GCC: (GNU Tools for ARM Embedded Processors) 4.9.3 20150303 (release) [ARM/embedded-4_9-br
