ARM GAS  C:\Users\MM1005~1\AppData\Local\Temp\ccs2hh0x.s 			page 1


   1              		.cpu cortex-m0
   2              		.fpu softvfp
   3              		.eabi_attribute 20, 1
   4              		.eabi_attribute 21, 1
   5              		.eabi_attribute 23, 3
   6              		.eabi_attribute 24, 1
   7              		.eabi_attribute 25, 1
   8              		.eabi_attribute 26, 1
   9              		.eabi_attribute 30, 6
  10              		.eabi_attribute 34, 0
  11              		.eabi_attribute 18, 4
  12              		.code	16
  13              		.file	"main.c"
  14              		.text
  15              	.Ltext0:
  16              		.cfi_sections	.debug_frame
  17              		.section	.text.main,"ax",%progbits
  18              		.align	2
  19              		.global	main
  20              		.code	16
  21              		.thumb_func
  22              		.type	main, %function
  23              	main:
  24              	.LFB33:
  25              		.file 1 "main.c"
   1:main.c        **** /******************************************************************************
   2:main.c        **** * Project Name		: Blinking LED
   3:main.c        **** * File Name			: main.c
   4:main.c        **** * Version 			: 1.0
   5:main.c        **** * Device Used		: CY8C4245AXI-483
   6:main.c        **** * Software Used		: PSoC Creator 3.1
   7:main.c        **** * Compiler    		: ARMGCC, ARM RVDS Generic , ARM MDK Generic
   8:main.c        **** * Related Hardware	: CY8CKIT-042 PSoC 4 Pioneer Kit 
   9:main.c        **** *
  10:main.c        **** ********************************************************************************
  11:main.c        **** * Copyright (2015), Cypress Semiconductor Corporation. All Rights Reserved.
  12:main.c        **** ********************************************************************************
  13:main.c        **** * This software is owned by Cypress Semiconductor Corporation (Cypress)
  14:main.c        **** * and is protected by and subject to worldwide patent protection (United
  15:main.c        **** * States and foreign), United States copyright laws and international treaty
  16:main.c        **** * provisions. Cypress hereby grants to licensee a personal, non-exclusive,
  17:main.c        **** * non-transferable license to copy, use, modify, create derivative works of,
  18:main.c        **** * and compile the Cypress Source Code and derivative works for the sole
  19:main.c        **** * purpose of creating custom software in support of licensee product to be
  20:main.c        **** * used only in conjunction with a Cypress integrated circuit as specified in
  21:main.c        **** * the applicable agreement. Any reproduction, modification, translation,
  22:main.c        **** * compilation, or representation of this software except as specified above 
  23:main.c        **** * is prohibited without the express written permission of Cypress.
  24:main.c        **** *
  25:main.c        **** * Disclaimer: CYPRESS MAKES NO WARRANTY OF ANY KIND, EXPRESS OR IMPLIED, WITH 
  26:main.c        **** * REGARD TO THIS MATERIAL, INCLUDING, BUT NOT LIMITED TO, THE IMPLIED 
  27:main.c        **** * WARRANTIES OF MERCHANTABILITY AND FITNESS FOR A PARTICULAR PURPOSE.
  28:main.c        **** * Cypress reserves the right to make changes without further notice to the 
  29:main.c        **** * materials described herein. Cypress does not assume any liability arising out 
  30:main.c        **** * of the application or use of any product or circuit described herein. Cypress 
  31:main.c        **** * does not authorize its products for use as critical components in life-support 
  32:main.c        **** * systems where a malfunction or failure may reasonably be expected to result in 
ARM GAS  C:\Users\MM1005~1\AppData\Local\Temp\ccs2hh0x.s 			page 2


  33:main.c        **** * significant injury to the user. The inclusion of Cypress' product in a life-
  34:main.c        **** * support systems application implies that the manufacturer assumes all risk of 
  35:main.c        **** * such use and in doing so indemnifies Cypress against all charges. 
  36:main.c        **** *
  37:main.c        **** * Use of this Software may be limited by and subject to the applicable Cypress
  38:main.c        **** * software license agreement. 
  39:main.c        **** *******************************************************************************/
  40:main.c        **** 
  41:main.c        **** /******************************************************************************
  42:main.c        **** *                           THEORY OF OPERATION
  43:main.c        **** * This is a blinking LED project. A PWM component drives the pin connected to 
  44:main.c        **** * the LED on the CY8CKIT-042 to blink the LED at regular intervals.
  45:main.c        **** *
  46:main.c        **** * Hardware connection on the Kit
  47:main.c        **** * Blue LED - P0[3]
  48:main.c        **** ******************************************************************************/
  49:main.c        **** #include <device.h>
  50:main.c        **** 
  51:main.c        **** int main()
  52:main.c        **** {
  26              		.loc 1 52 0
  27              		.cfi_startproc
  28 0000 80B5     		push	{r7, lr}
  29              		.cfi_def_cfa_offset 8
  30              		.cfi_offset 7, -8
  31              		.cfi_offset 14, -4
  32 0002 00AF     		add	r7, sp, #0
  33              		.cfi_def_cfa_register 7
  53:main.c        **** 	/* Start the Clock and PWM components. Clock can be started automatically 
  54:main.c        **** 	after reset by enabling “Start on Reset” in the Clocks tab of 
  55:main.c        **** 	Blinking LED.cydwr. We are doing this manually for instructive purpose. */
  56:main.c        ****     Clock_Start();
  34              		.loc 1 56 0
  35 0004 FFF7FEFF 		bl	Clock_Start
  57:main.c        **** 	PWM_Start();
  36              		.loc 1 57 0
  37 0008 FFF7FEFF 		bl	PWM_Start
  38              	.L2:
  58:main.c        ****     
  59:main.c        **** 	for(;;)
  60:main.c        ****     {
  61:main.c        ****         
  62:main.c        ****     }
  39              		.loc 1 62 0 discriminator 1
  40 000c FEE7     		b	.L2
  41              		.cfi_endproc
  42              	.LFE33:
  43              		.size	main, .-main
  44 000e C046     		.text
  45              	.Letext0:
  46              		.section	.debug_info,"",%progbits
  47              	.Ldebug_info0:
  48 0000 99000000 		.4byte	0x99
  49 0004 0400     		.2byte	0x4
  50 0006 00000000 		.4byte	.Ldebug_abbrev0
  51 000a 04       		.byte	0x4
  52 000b 01       		.uleb128 0x1
ARM GAS  C:\Users\MM1005~1\AppData\Local\Temp\ccs2hh0x.s 			page 3


  53 000c 0E000000 		.4byte	.LASF13
  54 0010 01       		.byte	0x1
  55 0011 A9000000 		.4byte	.LASF14
  56 0015 B5000000 		.4byte	.LASF15
  57 0019 00000000 		.4byte	.Ldebug_ranges0+0
  58 001d 00000000 		.4byte	0
  59 0021 00000000 		.4byte	.Ldebug_line0
  60 0025 02       		.uleb128 0x2
  61 0026 01       		.byte	0x1
  62 0027 06       		.byte	0x6
  63 0028 44010000 		.4byte	.LASF0
  64 002c 02       		.uleb128 0x2
  65 002d 01       		.byte	0x1
  66 002e 08       		.byte	0x8
  67 002f 0E010000 		.4byte	.LASF1
  68 0033 02       		.uleb128 0x2
  69 0034 02       		.byte	0x2
  70 0035 05       		.byte	0x5
  71 0036 56010000 		.4byte	.LASF2
  72 003a 02       		.uleb128 0x2
  73 003b 02       		.byte	0x2
  74 003c 07       		.byte	0x7
  75 003d 31010000 		.4byte	.LASF3
  76 0041 02       		.uleb128 0x2
  77 0042 04       		.byte	0x4
  78 0043 05       		.byte	0x5
  79 0044 21010000 		.4byte	.LASF4
  80 0048 02       		.uleb128 0x2
  81 0049 04       		.byte	0x4
  82 004a 07       		.byte	0x7
  83 004b E5000000 		.4byte	.LASF5
  84 004f 02       		.uleb128 0x2
  85 0050 08       		.byte	0x8
  86 0051 05       		.byte	0x5
  87 0052 00000000 		.4byte	.LASF6
  88 0056 02       		.uleb128 0x2
  89 0057 08       		.byte	0x8
  90 0058 07       		.byte	0x7
  91 0059 F7000000 		.4byte	.LASF7
  92 005d 03       		.uleb128 0x3
  93 005e 04       		.byte	0x4
  94 005f 05       		.byte	0x5
  95 0060 696E7400 		.ascii	"int\000"
  96 0064 02       		.uleb128 0x2
  97 0065 04       		.byte	0x4
  98 0066 07       		.byte	0x7
  99 0067 9C000000 		.4byte	.LASF8
 100 006b 02       		.uleb128 0x2
 101 006c 04       		.byte	0x4
 102 006d 04       		.byte	0x4
 103 006e 50010000 		.4byte	.LASF9
 104 0072 02       		.uleb128 0x2
 105 0073 08       		.byte	0x8
 106 0074 04       		.byte	0x4
 107 0075 2A010000 		.4byte	.LASF10
 108 0079 02       		.uleb128 0x2
 109 007a 01       		.byte	0x1
ARM GAS  C:\Users\MM1005~1\AppData\Local\Temp\ccs2hh0x.s 			page 4


 110 007b 08       		.byte	0x8
 111 007c 1C010000 		.4byte	.LASF11
 112 0080 02       		.uleb128 0x2
 113 0081 04       		.byte	0x4
 114 0082 07       		.byte	0x7
 115 0083 60010000 		.4byte	.LASF12
 116 0087 04       		.uleb128 0x4
 117 0088 B0000000 		.4byte	.LASF16
 118 008c 01       		.byte	0x1
 119 008d 33       		.byte	0x33
 120 008e 5D000000 		.4byte	0x5d
 121 0092 00000000 		.4byte	.LFB33
 122 0096 0E000000 		.4byte	.LFE33-.LFB33
 123 009a 01       		.uleb128 0x1
 124 009b 9C       		.byte	0x9c
 125 009c 00       		.byte	0
 126              		.section	.debug_abbrev,"",%progbits
 127              	.Ldebug_abbrev0:
 128 0000 01       		.uleb128 0x1
 129 0001 11       		.uleb128 0x11
 130 0002 01       		.byte	0x1
 131 0003 25       		.uleb128 0x25
 132 0004 0E       		.uleb128 0xe
 133 0005 13       		.uleb128 0x13
 134 0006 0B       		.uleb128 0xb
 135 0007 03       		.uleb128 0x3
 136 0008 0E       		.uleb128 0xe
 137 0009 1B       		.uleb128 0x1b
 138 000a 0E       		.uleb128 0xe
 139 000b 55       		.uleb128 0x55
 140 000c 17       		.uleb128 0x17
 141 000d 11       		.uleb128 0x11
 142 000e 01       		.uleb128 0x1
 143 000f 10       		.uleb128 0x10
 144 0010 17       		.uleb128 0x17
 145 0011 00       		.byte	0
 146 0012 00       		.byte	0
 147 0013 02       		.uleb128 0x2
 148 0014 24       		.uleb128 0x24
 149 0015 00       		.byte	0
 150 0016 0B       		.uleb128 0xb
 151 0017 0B       		.uleb128 0xb
 152 0018 3E       		.uleb128 0x3e
 153 0019 0B       		.uleb128 0xb
 154 001a 03       		.uleb128 0x3
 155 001b 0E       		.uleb128 0xe
 156 001c 00       		.byte	0
 157 001d 00       		.byte	0
 158 001e 03       		.uleb128 0x3
 159 001f 24       		.uleb128 0x24
 160 0020 00       		.byte	0
 161 0021 0B       		.uleb128 0xb
 162 0022 0B       		.uleb128 0xb
 163 0023 3E       		.uleb128 0x3e
 164 0024 0B       		.uleb128 0xb
 165 0025 03       		.uleb128 0x3
 166 0026 08       		.uleb128 0x8
ARM GAS  C:\Users\MM1005~1\AppData\Local\Temp\ccs2hh0x.s 			page 5


 167 0027 00       		.byte	0
 168 0028 00       		.byte	0
 169 0029 04       		.uleb128 0x4
 170 002a 2E       		.uleb128 0x2e
 171 002b 00       		.byte	0
 172 002c 3F       		.uleb128 0x3f
 173 002d 19       		.uleb128 0x19
 174 002e 03       		.uleb128 0x3
 175 002f 0E       		.uleb128 0xe
 176 0030 3A       		.uleb128 0x3a
 177 0031 0B       		.uleb128 0xb
 178 0032 3B       		.uleb128 0x3b
 179 0033 0B       		.uleb128 0xb
 180 0034 49       		.uleb128 0x49
 181 0035 13       		.uleb128 0x13
 182 0036 11       		.uleb128 0x11
 183 0037 01       		.uleb128 0x1
 184 0038 12       		.uleb128 0x12
 185 0039 06       		.uleb128 0x6
 186 003a 40       		.uleb128 0x40
 187 003b 18       		.uleb128 0x18
 188 003c 9642     		.uleb128 0x2116
 189 003e 19       		.uleb128 0x19
 190 003f 00       		.byte	0
 191 0040 00       		.byte	0
 192 0041 00       		.byte	0
 193              		.section	.debug_aranges,"",%progbits
 194 0000 1C000000 		.4byte	0x1c
 195 0004 0200     		.2byte	0x2
 196 0006 00000000 		.4byte	.Ldebug_info0
 197 000a 04       		.byte	0x4
 198 000b 00       		.byte	0
 199 000c 0000     		.2byte	0
 200 000e 0000     		.2byte	0
 201 0010 00000000 		.4byte	.LFB33
 202 0014 0E000000 		.4byte	.LFE33-.LFB33
 203 0018 00000000 		.4byte	0
 204 001c 00000000 		.4byte	0
 205              		.section	.debug_ranges,"",%progbits
 206              	.Ldebug_ranges0:
 207 0000 00000000 		.4byte	.LFB33
 208 0004 0E000000 		.4byte	.LFE33
 209 0008 00000000 		.4byte	0
 210 000c 00000000 		.4byte	0
 211              		.section	.debug_line,"",%progbits
 212              	.Ldebug_line0:
 213 0000 39000000 		.section	.debug_str,"MS",%progbits,1
 213      02001D00 
 213      00000201 
 213      FB0E0D00 
 213      01010101 
 214              	.LASF6:
 215 0000 6C6F6E67 		.ascii	"long long int\000"
 215      206C6F6E 
 215      6720696E 
 215      7400
 216              	.LASF13:
ARM GAS  C:\Users\MM1005~1\AppData\Local\Temp\ccs2hh0x.s 			page 6


 217 000e 474E5520 		.ascii	"GNU C 4.9.3 20150303 (release) [ARM/embedded-4_9-br"
 217      4320342E 
 217      392E3320 
 217      32303135 
 217      30333033 
 218 0041 616E6368 		.ascii	"anch revision 221220] -mcpu=cortex-m0 -mthumb -g -O"
 218      20726576 
 218      6973696F 
 218      6E203232 
 218      31323230 
 219 0074 30202D66 		.ascii	"0 -ffunction-sections -ffat-lto-objects\000"
 219      66756E63 
 219      74696F6E 
 219      2D736563 
 219      74696F6E 
 220              	.LASF8:
 221 009c 756E7369 		.ascii	"unsigned int\000"
 221      676E6564 
 221      20696E74 
 221      00
 222              	.LASF14:
 223 00a9 6D61696E 		.ascii	"main.c\000"
 223      2E6300
 224              	.LASF16:
 225 00b0 6D61696E 		.ascii	"main\000"
 225      00
 226              	.LASF15:
 227 00b5 433A5C77 		.ascii	"C:\\work\\Blinking LED red\\Blinking LED red.cydsn\000"
 227      6F726B5C 
 227      426C696E 
 227      6B696E67 
 227      204C4544 
 228              	.LASF5:
 229 00e5 6C6F6E67 		.ascii	"long unsigned int\000"
 229      20756E73 
 229      69676E65 
 229      6420696E 
 229      7400
 230              	.LASF7:
 231 00f7 6C6F6E67 		.ascii	"long long unsigned int\000"
 231      206C6F6E 
 231      6720756E 
 231      7369676E 
 231      65642069 
 232              	.LASF1:
 233 010e 756E7369 		.ascii	"unsigned char\000"
 233      676E6564 
 233      20636861 
 233      7200
 234              	.LASF11:
 235 011c 63686172 		.ascii	"char\000"
 235      00
 236              	.LASF4:
 237 0121 6C6F6E67 		.ascii	"long int\000"
 237      20696E74 
 237      00
 238              	.LASF10:
ARM GAS  C:\Users\MM1005~1\AppData\Local\Temp\ccs2hh0x.s 			page 7


 239 012a 646F7562 		.ascii	"double\000"
 239      6C6500
 240              	.LASF3:
 241 0131 73686F72 		.ascii	"short unsigned int\000"
 241      7420756E 
 241      7369676E 
 241      65642069 
 241      6E7400
 242              	.LASF0:
 243 0144 7369676E 		.ascii	"signed char\000"
 243      65642063 
 243      68617200 
 244              	.LASF9:
 245 0150 666C6F61 		.ascii	"float\000"
 245      7400
 246              	.LASF2:
 247 0156 73686F72 		.ascii	"short int\000"
 247      7420696E 
 247      7400
 248              	.LASF12:
 249 0160 73697A65 		.ascii	"sizetype\000"
 249      74797065 
 249      00
 250              		.ident	"GCC: (GNU Tools for ARM Embedded Processors) 4.9.3 20150303 (release) [ARM/embedded-4_9-br
