ARM GAS  C:\Users\MM1005~1\AppData\Local\Temp\ccdEWA4e.s 			page 1


   1              		.cpu cortex-m0plus
   2              		.fpu softvfp
   3              		.eabi_attribute 20, 1
   4              		.eabi_attribute 21, 1
   5              		.eabi_attribute 23, 3
   6              		.eabi_attribute 24, 1
   7              		.eabi_attribute 25, 1
   8              		.eabi_attribute 26, 1
   9              		.eabi_attribute 30, 1
  10              		.eabi_attribute 34, 0
  11              		.eabi_attribute 18, 4
  12              		.code	16
  13              		.file	"I2CS_I2C_BOOT.c"
  14              		.text
  15              	.Ltext0:
  16              		.cfi_sections	.debug_frame
  17              		.section	.text.I2CS_I2CResposeInsert,"ax",%progbits
  18              		.align	2
  19              		.code	16
  20              		.thumb_func
  21              		.type	I2CS_I2CResposeInsert, %function
  22              	I2CS_I2CResposeInsert:
  23              	.LFB6:
  24              		.file 1 "Generated_Source\\PSoC4\\I2CS_I2C_BOOT.c"
   1:Generated_Source\PSoC4/I2CS_I2C_BOOT.c **** /***************************************************************************//**
   2:Generated_Source\PSoC4/I2CS_I2C_BOOT.c **** * \file I2CS_I2C_BOOT.c
   3:Generated_Source\PSoC4/I2CS_I2C_BOOT.c **** * \version 3.20
   4:Generated_Source\PSoC4/I2CS_I2C_BOOT.c **** *
   5:Generated_Source\PSoC4/I2CS_I2C_BOOT.c **** * \brief
   6:Generated_Source\PSoC4/I2CS_I2C_BOOT.c **** *  This file provides the source code of the bootloader communication APIs
   7:Generated_Source\PSoC4/I2CS_I2C_BOOT.c **** *  for the SCB Component I2C mode.
   8:Generated_Source\PSoC4/I2CS_I2C_BOOT.c **** *
   9:Generated_Source\PSoC4/I2CS_I2C_BOOT.c **** * Note:
  10:Generated_Source\PSoC4/I2CS_I2C_BOOT.c **** *
  11:Generated_Source\PSoC4/I2CS_I2C_BOOT.c **** ********************************************************************************
  12:Generated_Source\PSoC4/I2CS_I2C_BOOT.c **** * \copyright
  13:Generated_Source\PSoC4/I2CS_I2C_BOOT.c **** * Copyright 2013-2016, Cypress Semiconductor Corporation.  All rights reserved.
  14:Generated_Source\PSoC4/I2CS_I2C_BOOT.c **** * You may use this file only in accordance with the license, terms, conditions,
  15:Generated_Source\PSoC4/I2CS_I2C_BOOT.c **** * disclaimers, and limitations in the end user license agreement accompanying
  16:Generated_Source\PSoC4/I2CS_I2C_BOOT.c **** * the software package with which this file was provided.
  17:Generated_Source\PSoC4/I2CS_I2C_BOOT.c **** *******************************************************************************/
  18:Generated_Source\PSoC4/I2CS_I2C_BOOT.c **** 
  19:Generated_Source\PSoC4/I2CS_I2C_BOOT.c **** #include "I2CS_BOOT.h"
  20:Generated_Source\PSoC4/I2CS_I2C_BOOT.c **** #include "I2CS_I2C_PVT.h"
  21:Generated_Source\PSoC4/I2CS_I2C_BOOT.c **** 
  22:Generated_Source\PSoC4/I2CS_I2C_BOOT.c **** #if defined(CYDEV_BOOTLOADER_IO_COMP) && (I2CS_I2C_BTLDR_COMM_ENABLED)
  23:Generated_Source\PSoC4/I2CS_I2C_BOOT.c **** 
  24:Generated_Source\PSoC4/I2CS_I2C_BOOT.c **** /***************************************
  25:Generated_Source\PSoC4/I2CS_I2C_BOOT.c **** *    Private I/O Component Vars
  26:Generated_Source\PSoC4/I2CS_I2C_BOOT.c **** ***************************************/
  27:Generated_Source\PSoC4/I2CS_I2C_BOOT.c **** 
  28:Generated_Source\PSoC4/I2CS_I2C_BOOT.c **** /* Writes to this buffer */
  29:Generated_Source\PSoC4/I2CS_I2C_BOOT.c **** static uint8 I2CS_slReadBuf[I2CS_I2C_BTLDR_SIZEOF_READ_BUFFER];
  30:Generated_Source\PSoC4/I2CS_I2C_BOOT.c **** 
  31:Generated_Source\PSoC4/I2CS_I2C_BOOT.c **** /* Reads from this buffer */
  32:Generated_Source\PSoC4/I2CS_I2C_BOOT.c **** static uint8 I2CS_slWriteBuf[I2CS_I2C_BTLDR_SIZEOF_WRITE_BUFFER];
  33:Generated_Source\PSoC4/I2CS_I2C_BOOT.c **** 
ARM GAS  C:\Users\MM1005~1\AppData\Local\Temp\ccdEWA4e.s 			page 2


  34:Generated_Source\PSoC4/I2CS_I2C_BOOT.c **** /* Flag to release buffer to be read */
  35:Generated_Source\PSoC4/I2CS_I2C_BOOT.c **** static uint32 I2CS_applyBuffer;
  36:Generated_Source\PSoC4/I2CS_I2C_BOOT.c **** 
  37:Generated_Source\PSoC4/I2CS_I2C_BOOT.c **** 
  38:Generated_Source\PSoC4/I2CS_I2C_BOOT.c **** /***************************************
  39:Generated_Source\PSoC4/I2CS_I2C_BOOT.c **** *    Private Function Prototypes
  40:Generated_Source\PSoC4/I2CS_I2C_BOOT.c **** ***************************************/
  41:Generated_Source\PSoC4/I2CS_I2C_BOOT.c **** 
  42:Generated_Source\PSoC4/I2CS_I2C_BOOT.c **** static void I2CS_I2CResposeInsert(void);
  43:Generated_Source\PSoC4/I2CS_I2C_BOOT.c **** 
  44:Generated_Source\PSoC4/I2CS_I2C_BOOT.c **** 
  45:Generated_Source\PSoC4/I2CS_I2C_BOOT.c **** /*******************************************************************************
  46:Generated_Source\PSoC4/I2CS_I2C_BOOT.c **** * Function Name: I2CS_I2CCyBtldrCommStart
  47:Generated_Source\PSoC4/I2CS_I2C_BOOT.c **** ****************************************************************************//**
  48:Generated_Source\PSoC4/I2CS_I2C_BOOT.c **** *
  49:Generated_Source\PSoC4/I2CS_I2C_BOOT.c **** *  Starts the I2C component and enables its interrupt.
  50:Generated_Source\PSoC4/I2CS_I2C_BOOT.c **** *  Every incoming I2C write transaction is treated as a command for the
  51:Generated_Source\PSoC4/I2CS_I2C_BOOT.c **** *  bootloader.
  52:Generated_Source\PSoC4/I2CS_I2C_BOOT.c **** *  Every incoming I2C read transaction returns 0xFF until the bootloader
  53:Generated_Source\PSoC4/I2CS_I2C_BOOT.c **** *  provides a response to the executed command.
  54:Generated_Source\PSoC4/I2CS_I2C_BOOT.c **** *
  55:Generated_Source\PSoC4/I2CS_I2C_BOOT.c **** * \globalvars
  56:Generated_Source\PSoC4/I2CS_I2C_BOOT.c **** *  I2CS_applyBuffer - the flag to release the buffer with a response
  57:Generated_Source\PSoC4/I2CS_I2C_BOOT.c **** *  to be read by the host.
  58:Generated_Source\PSoC4/I2CS_I2C_BOOT.c **** *
  59:Generated_Source\PSoC4/I2CS_I2C_BOOT.c **** *******************************************************************************/
  60:Generated_Source\PSoC4/I2CS_I2C_BOOT.c **** void I2CS_I2CCyBtldrCommStart(void)
  61:Generated_Source\PSoC4/I2CS_I2C_BOOT.c **** {
  62:Generated_Source\PSoC4/I2CS_I2C_BOOT.c ****     I2CS_I2CSlaveInitWriteBuf(I2CS_slWriteBuf, I2CS_I2C_BTLDR_SIZEOF_WRITE_BUFFER);
  63:Generated_Source\PSoC4/I2CS_I2C_BOOT.c ****     I2CS_I2CSlaveInitReadBuf (I2CS_slReadBuf, 0u);
  64:Generated_Source\PSoC4/I2CS_I2C_BOOT.c **** 
  65:Generated_Source\PSoC4/I2CS_I2C_BOOT.c ****     I2CS_SetCustomInterruptHandler(&I2CS_I2CResposeInsert);
  66:Generated_Source\PSoC4/I2CS_I2C_BOOT.c ****     I2CS_applyBuffer = 0u;
  67:Generated_Source\PSoC4/I2CS_I2C_BOOT.c **** 
  68:Generated_Source\PSoC4/I2CS_I2C_BOOT.c ****     I2CS_Start();
  69:Generated_Source\PSoC4/I2CS_I2C_BOOT.c **** }
  70:Generated_Source\PSoC4/I2CS_I2C_BOOT.c **** 
  71:Generated_Source\PSoC4/I2CS_I2C_BOOT.c **** 
  72:Generated_Source\PSoC4/I2CS_I2C_BOOT.c **** /*******************************************************************************
  73:Generated_Source\PSoC4/I2CS_I2C_BOOT.c **** * Function Name: I2CS_I2CCyBtldrCommStop
  74:Generated_Source\PSoC4/I2CS_I2C_BOOT.c **** ****************************************************************************//**
  75:Generated_Source\PSoC4/I2CS_I2C_BOOT.c **** *
  76:Generated_Source\PSoC4/I2CS_I2C_BOOT.c **** *  Disables the I2C component.
  77:Generated_Source\PSoC4/I2CS_I2C_BOOT.c **** *
  78:Generated_Source\PSoC4/I2CS_I2C_BOOT.c **** *******************************************************************************/
  79:Generated_Source\PSoC4/I2CS_I2C_BOOT.c **** void I2CS_I2CCyBtldrCommStop(void)
  80:Generated_Source\PSoC4/I2CS_I2C_BOOT.c **** {
  81:Generated_Source\PSoC4/I2CS_I2C_BOOT.c ****     I2CS_Stop();
  82:Generated_Source\PSoC4/I2CS_I2C_BOOT.c **** }
  83:Generated_Source\PSoC4/I2CS_I2C_BOOT.c **** 
  84:Generated_Source\PSoC4/I2CS_I2C_BOOT.c **** 
  85:Generated_Source\PSoC4/I2CS_I2C_BOOT.c **** /*******************************************************************************
  86:Generated_Source\PSoC4/I2CS_I2C_BOOT.c **** * Function Name: I2CS_I2CCyBtldrCommReset
  87:Generated_Source\PSoC4/I2CS_I2C_BOOT.c **** ****************************************************************************//**
  88:Generated_Source\PSoC4/I2CS_I2C_BOOT.c **** *
  89:Generated_Source\PSoC4/I2CS_I2C_BOOT.c **** *  Resets read and write I2C buffers to the initial state and resets the slave
  90:Generated_Source\PSoC4/I2CS_I2C_BOOT.c **** *  status.
ARM GAS  C:\Users\MM1005~1\AppData\Local\Temp\ccdEWA4e.s 			page 3


  91:Generated_Source\PSoC4/I2CS_I2C_BOOT.c **** *
  92:Generated_Source\PSoC4/I2CS_I2C_BOOT.c **** * \globalvars
  93:Generated_Source\PSoC4/I2CS_I2C_BOOT.c **** *  I2CS_slRdBufSize - used to store slave read buffer size.
  94:Generated_Source\PSoC4/I2CS_I2C_BOOT.c **** *  I2CS_slRdBufIndex - used to store the current index within the
  95:Generated_Source\PSoC4/I2CS_I2C_BOOT.c **** *  slave read buffer.
  96:Generated_Source\PSoC4/I2CS_I2C_BOOT.c **** *  I2CS_slWrBufIndex - used to store current index within slave
  97:Generated_Source\PSoC4/I2CS_I2C_BOOT.c **** *  write buffer.
  98:Generated_Source\PSoC4/I2CS_I2C_BOOT.c **** *  I2CS_slStatus  - used to store current status of I2C slave.
  99:Generated_Source\PSoC4/I2CS_I2C_BOOT.c **** *
 100:Generated_Source\PSoC4/I2CS_I2C_BOOT.c **** *******************************************************************************/
 101:Generated_Source\PSoC4/I2CS_I2C_BOOT.c **** void I2CS_I2CCyBtldrCommReset(void)
 102:Generated_Source\PSoC4/I2CS_I2C_BOOT.c **** {
 103:Generated_Source\PSoC4/I2CS_I2C_BOOT.c ****     /* Make read buffer full */
 104:Generated_Source\PSoC4/I2CS_I2C_BOOT.c ****     I2CS_slRdBufSize = 0u;
 105:Generated_Source\PSoC4/I2CS_I2C_BOOT.c **** 
 106:Generated_Source\PSoC4/I2CS_I2C_BOOT.c ****     /* Reset write buffer and Read buffer */
 107:Generated_Source\PSoC4/I2CS_I2C_BOOT.c ****     I2CS_slRdBufIndex = 0u;
 108:Generated_Source\PSoC4/I2CS_I2C_BOOT.c ****     I2CS_slWrBufIndex = 0u;
 109:Generated_Source\PSoC4/I2CS_I2C_BOOT.c **** 
 110:Generated_Source\PSoC4/I2CS_I2C_BOOT.c ****     /* Clear read and write status */
 111:Generated_Source\PSoC4/I2CS_I2C_BOOT.c ****     I2CS_slStatus = 0u;
 112:Generated_Source\PSoC4/I2CS_I2C_BOOT.c **** }
 113:Generated_Source\PSoC4/I2CS_I2C_BOOT.c **** 
 114:Generated_Source\PSoC4/I2CS_I2C_BOOT.c **** 
 115:Generated_Source\PSoC4/I2CS_I2C_BOOT.c **** /*******************************************************************************
 116:Generated_Source\PSoC4/I2CS_I2C_BOOT.c **** * Function Name: I2CS_I2CCyBtldrCommRead
 117:Generated_Source\PSoC4/I2CS_I2C_BOOT.c **** ****************************************************************************//**
 118:Generated_Source\PSoC4/I2CS_I2C_BOOT.c **** *
 119:Generated_Source\PSoC4/I2CS_I2C_BOOT.c **** *  Allows the caller to read data from the bootloader host (the host writes the
 120:Generated_Source\PSoC4/I2CS_I2C_BOOT.c **** *  data). The function handles polling to allow a block of data to be completely
 121:Generated_Source\PSoC4/I2CS_I2C_BOOT.c **** *  received from the host device.
 122:Generated_Source\PSoC4/I2CS_I2C_BOOT.c **** *
 123:Generated_Source\PSoC4/I2CS_I2C_BOOT.c **** *  \param pData: Pointer to storage for the block of data to be read from the
 124:Generated_Source\PSoC4/I2CS_I2C_BOOT.c **** *   bootloader host
 125:Generated_Source\PSoC4/I2CS_I2C_BOOT.c **** *  \param size: Number of bytes to be read.
 126:Generated_Source\PSoC4/I2CS_I2C_BOOT.c **** *  \param count: Pointer to the variable to write the number of bytes actually
 127:Generated_Source\PSoC4/I2CS_I2C_BOOT.c **** *   read.
 128:Generated_Source\PSoC4/I2CS_I2C_BOOT.c **** *  \param timeOut: Number of units in 10 ms to wait before returning
 129:Generated_Source\PSoC4/I2CS_I2C_BOOT.c **** *   because of a timeout.
 130:Generated_Source\PSoC4/I2CS_I2C_BOOT.c **** *
 131:Generated_Source\PSoC4/I2CS_I2C_BOOT.c **** *  \return
 132:Generated_Source\PSoC4/I2CS_I2C_BOOT.c **** *   Returns CYRET_SUCCESS if no problem was encountered or returns the value
 133:Generated_Source\PSoC4/I2CS_I2C_BOOT.c **** *   that best describes the problem. For more information refer to the
 134:Generated_Source\PSoC4/I2CS_I2C_BOOT.c **** *   "Return Codes" section of the System Reference Guide.
 135:Generated_Source\PSoC4/I2CS_I2C_BOOT.c **** *
 136:Generated_Source\PSoC4/I2CS_I2C_BOOT.c **** * \globalvars
 137:Generated_Source\PSoC4/I2CS_I2C_BOOT.c **** *  I2CS_slStatus  - used to store current status of I2C slave.
 138:Generated_Source\PSoC4/I2CS_I2C_BOOT.c **** *  I2CS_slWriteBuf - used to store received command.
 139:Generated_Source\PSoC4/I2CS_I2C_BOOT.c **** *  I2CS_slWrBufIndex - used to store current index within slave
 140:Generated_Source\PSoC4/I2CS_I2C_BOOT.c **** *  write buffer.
 141:Generated_Source\PSoC4/I2CS_I2C_BOOT.c **** *
 142:Generated_Source\PSoC4/I2CS_I2C_BOOT.c **** *******************************************************************************/
 143:Generated_Source\PSoC4/I2CS_I2C_BOOT.c **** cystatus I2CS_I2CCyBtldrCommRead(uint8 pData[], uint16 size, uint16 * count, uint8 timeOut)
 144:Generated_Source\PSoC4/I2CS_I2C_BOOT.c **** {
 145:Generated_Source\PSoC4/I2CS_I2C_BOOT.c ****     cystatus status;
 146:Generated_Source\PSoC4/I2CS_I2C_BOOT.c ****     uint32 timeoutMs;
 147:Generated_Source\PSoC4/I2CS_I2C_BOOT.c **** 
ARM GAS  C:\Users\MM1005~1\AppData\Local\Temp\ccdEWA4e.s 			page 4


 148:Generated_Source\PSoC4/I2CS_I2C_BOOT.c ****     status = CYRET_BAD_PARAM;
 149:Generated_Source\PSoC4/I2CS_I2C_BOOT.c **** 
 150:Generated_Source\PSoC4/I2CS_I2C_BOOT.c ****     if ((NULL != pData) && (size > 0u))
 151:Generated_Source\PSoC4/I2CS_I2C_BOOT.c ****     {
 152:Generated_Source\PSoC4/I2CS_I2C_BOOT.c ****         status = CYRET_TIMEOUT;
 153:Generated_Source\PSoC4/I2CS_I2C_BOOT.c ****         timeoutMs = ((uint32) 10u * timeOut); /* Convert from 10mS check to 1mS checks */
 154:Generated_Source\PSoC4/I2CS_I2C_BOOT.c **** 
 155:Generated_Source\PSoC4/I2CS_I2C_BOOT.c ****         while (0u != timeoutMs)
 156:Generated_Source\PSoC4/I2CS_I2C_BOOT.c ****         {
 157:Generated_Source\PSoC4/I2CS_I2C_BOOT.c ****             /* Check if host complete write */
 158:Generated_Source\PSoC4/I2CS_I2C_BOOT.c ****             if (0u != (I2CS_I2C_SSTAT_WR_CMPLT & I2CS_slStatus))
 159:Generated_Source\PSoC4/I2CS_I2C_BOOT.c ****             {
 160:Generated_Source\PSoC4/I2CS_I2C_BOOT.c ****                 /* Copy number of written bytes */
 161:Generated_Source\PSoC4/I2CS_I2C_BOOT.c ****                 *count = (uint16) I2CS_slWrBufIndex;
 162:Generated_Source\PSoC4/I2CS_I2C_BOOT.c **** 
 163:Generated_Source\PSoC4/I2CS_I2C_BOOT.c ****                 /* Clear slave status and write index */
 164:Generated_Source\PSoC4/I2CS_I2C_BOOT.c ****                 I2CS_slStatus = 0u;
 165:Generated_Source\PSoC4/I2CS_I2C_BOOT.c ****                 I2CS_slWrBufIndex = 0u;
 166:Generated_Source\PSoC4/I2CS_I2C_BOOT.c **** 
 167:Generated_Source\PSoC4/I2CS_I2C_BOOT.c ****                 /* Copy command into bootloader buffer */
 168:Generated_Source\PSoC4/I2CS_I2C_BOOT.c ****                 (void) memcpy((void *) pData, (const void *) I2CS_slWriteBuf,
 169:Generated_Source\PSoC4/I2CS_I2C_BOOT.c ****                                               I2CS_BYTES_TO_COPY(*count, size));
 170:Generated_Source\PSoC4/I2CS_I2C_BOOT.c **** 
 171:Generated_Source\PSoC4/I2CS_I2C_BOOT.c ****                 status = CYRET_SUCCESS;
 172:Generated_Source\PSoC4/I2CS_I2C_BOOT.c ****                 break;
 173:Generated_Source\PSoC4/I2CS_I2C_BOOT.c ****             }
 174:Generated_Source\PSoC4/I2CS_I2C_BOOT.c **** 
 175:Generated_Source\PSoC4/I2CS_I2C_BOOT.c ****             CyDelay(I2CS_WAIT_1_MS);
 176:Generated_Source\PSoC4/I2CS_I2C_BOOT.c ****             --timeoutMs;
 177:Generated_Source\PSoC4/I2CS_I2C_BOOT.c ****         }
 178:Generated_Source\PSoC4/I2CS_I2C_BOOT.c ****     }
 179:Generated_Source\PSoC4/I2CS_I2C_BOOT.c **** 
 180:Generated_Source\PSoC4/I2CS_I2C_BOOT.c ****     return(status);
 181:Generated_Source\PSoC4/I2CS_I2C_BOOT.c **** }
 182:Generated_Source\PSoC4/I2CS_I2C_BOOT.c **** 
 183:Generated_Source\PSoC4/I2CS_I2C_BOOT.c **** 
 184:Generated_Source\PSoC4/I2CS_I2C_BOOT.c **** /*******************************************************************************
 185:Generated_Source\PSoC4/I2CS_I2C_BOOT.c **** * Function Name: I2CS_I2CCyBtldrCommWrite
 186:Generated_Source\PSoC4/I2CS_I2C_BOOT.c **** ****************************************************************************//**
 187:Generated_Source\PSoC4/I2CS_I2C_BOOT.c **** *
 188:Generated_Source\PSoC4/I2CS_I2C_BOOT.c **** *  Allows the caller to write data to the bootloader host (the host reads the
 189:Generated_Source\PSoC4/I2CS_I2C_BOOT.c **** *  data). The function does not use timeout and returns after data has been
 190:Generated_Source\PSoC4/I2CS_I2C_BOOT.c **** *  copied into the slave read buffer. This data is available to be read by the
 191:Generated_Source\PSoC4/I2CS_I2C_BOOT.c **** *  bootloader host until following host data write.
 192:Generated_Source\PSoC4/I2CS_I2C_BOOT.c **** *
 193:Generated_Source\PSoC4/I2CS_I2C_BOOT.c **** *  \param pData: Pointer to the block of data to be written to the bootloader
 194:Generated_Source\PSoC4/I2CS_I2C_BOOT.c **** *   host.
 195:Generated_Source\PSoC4/I2CS_I2C_BOOT.c **** *  \param size: Number of bytes to be written.
 196:Generated_Source\PSoC4/I2CS_I2C_BOOT.c **** *  \param count: Pointer to the variable to write the number of bytes actually
 197:Generated_Source\PSoC4/I2CS_I2C_BOOT.c **** *   written.
 198:Generated_Source\PSoC4/I2CS_I2C_BOOT.c **** *  \param timeOut: Number of units in 10 ms to wait before returning
 199:Generated_Source\PSoC4/I2CS_I2C_BOOT.c **** *   because of a timeout.
 200:Generated_Source\PSoC4/I2CS_I2C_BOOT.c **** *
 201:Generated_Source\PSoC4/I2CS_I2C_BOOT.c **** *  \return
 202:Generated_Source\PSoC4/I2CS_I2C_BOOT.c **** *   Returns CYRET_SUCCESS if no problem was encountered or returns the value
 203:Generated_Source\PSoC4/I2CS_I2C_BOOT.c **** *   that best describes the problem. For more information refer to the
 204:Generated_Source\PSoC4/I2CS_I2C_BOOT.c **** *   "Return Codes" section of the System Reference Guide.
ARM GAS  C:\Users\MM1005~1\AppData\Local\Temp\ccdEWA4e.s 			page 5


 205:Generated_Source\PSoC4/I2CS_I2C_BOOT.c **** *
 206:Generated_Source\PSoC4/I2CS_I2C_BOOT.c **** * \globalvars
 207:Generated_Source\PSoC4/I2CS_I2C_BOOT.c **** *  I2CS_applyBuffer - the flag to release the buffer with
 208:Generated_Source\PSoC4/I2CS_I2C_BOOT.c **** *  to be read by the host.
 209:Generated_Source\PSoC4/I2CS_I2C_BOOT.c **** *
 210:Generated_Source\PSoC4/I2CS_I2C_BOOT.c **** *******************************************************************************/
 211:Generated_Source\PSoC4/I2CS_I2C_BOOT.c **** cystatus I2CS_I2CCyBtldrCommWrite(const uint8 pData[], uint16 size, uint16 * count, uint8 timeOut)
 212:Generated_Source\PSoC4/I2CS_I2C_BOOT.c **** {
 213:Generated_Source\PSoC4/I2CS_I2C_BOOT.c ****     cystatus status;
 214:Generated_Source\PSoC4/I2CS_I2C_BOOT.c **** 
 215:Generated_Source\PSoC4/I2CS_I2C_BOOT.c ****     status = CYRET_BAD_PARAM;
 216:Generated_Source\PSoC4/I2CS_I2C_BOOT.c **** 
 217:Generated_Source\PSoC4/I2CS_I2C_BOOT.c ****     if ((NULL != pData) && (size > 0u))
 218:Generated_Source\PSoC4/I2CS_I2C_BOOT.c ****     {
 219:Generated_Source\PSoC4/I2CS_I2C_BOOT.c ****         /* Copy response into read buffer */
 220:Generated_Source\PSoC4/I2CS_I2C_BOOT.c ****         *count = size;
 221:Generated_Source\PSoC4/I2CS_I2C_BOOT.c ****         (void) memcpy((void *) I2CS_slReadBuf, (const void *) pData, (uint32) size);
 222:Generated_Source\PSoC4/I2CS_I2C_BOOT.c **** 
 223:Generated_Source\PSoC4/I2CS_I2C_BOOT.c ****         /* Read buffer is ready to be released to host */
 224:Generated_Source\PSoC4/I2CS_I2C_BOOT.c ****         I2CS_applyBuffer = (uint32) size;
 225:Generated_Source\PSoC4/I2CS_I2C_BOOT.c **** 
 226:Generated_Source\PSoC4/I2CS_I2C_BOOT.c ****         if (0u != timeOut)
 227:Generated_Source\PSoC4/I2CS_I2C_BOOT.c ****         {
 228:Generated_Source\PSoC4/I2CS_I2C_BOOT.c ****             /* Suppress compiler warning */
 229:Generated_Source\PSoC4/I2CS_I2C_BOOT.c ****         }
 230:Generated_Source\PSoC4/I2CS_I2C_BOOT.c **** 
 231:Generated_Source\PSoC4/I2CS_I2C_BOOT.c ****         status = CYRET_SUCCESS;
 232:Generated_Source\PSoC4/I2CS_I2C_BOOT.c ****     }
 233:Generated_Source\PSoC4/I2CS_I2C_BOOT.c **** 
 234:Generated_Source\PSoC4/I2CS_I2C_BOOT.c ****     return(status);
 235:Generated_Source\PSoC4/I2CS_I2C_BOOT.c **** }
 236:Generated_Source\PSoC4/I2CS_I2C_BOOT.c **** 
 237:Generated_Source\PSoC4/I2CS_I2C_BOOT.c **** 
 238:Generated_Source\PSoC4/I2CS_I2C_BOOT.c **** /*******************************************************************************
 239:Generated_Source\PSoC4/I2CS_I2C_BOOT.c **** * Function Name: I2CS_I2CResposeInsert
 240:Generated_Source\PSoC4/I2CS_I2C_BOOT.c **** ****************************************************************************//**
 241:Generated_Source\PSoC4/I2CS_I2C_BOOT.c **** *
 242:Generated_Source\PSoC4/I2CS_I2C_BOOT.c **** *  Releases the read buffer to be read when a response is copied to the buffer
 243:Generated_Source\PSoC4/I2CS_I2C_BOOT.c **** *  and a new read transaction starts.
 244:Generated_Source\PSoC4/I2CS_I2C_BOOT.c **** *  Closes the read buffer when write transaction is started.
 245:Generated_Source\PSoC4/I2CS_I2C_BOOT.c **** *
 246:Generated_Source\PSoC4/I2CS_I2C_BOOT.c **** * \globalvars
 247:Generated_Source\PSoC4/I2CS_I2C_BOOT.c **** *  I2CS_applyBuffer - the flag to release the buffer with a response
 248:Generated_Source\PSoC4/I2CS_I2C_BOOT.c **** *  to be read by the host.
 249:Generated_Source\PSoC4/I2CS_I2C_BOOT.c **** *
 250:Generated_Source\PSoC4/I2CS_I2C_BOOT.c **** *******************************************************************************/
 251:Generated_Source\PSoC4/I2CS_I2C_BOOT.c **** static void I2CS_I2CResposeInsert(void)
 252:Generated_Source\PSoC4/I2CS_I2C_BOOT.c **** {
  25              		.loc 1 252 0
  26              		.cfi_startproc
 253:Generated_Source\PSoC4/I2CS_I2C_BOOT.c ****     if (I2CS_CHECK_INTR_SLAVE_MASKED(I2CS_INTR_SLAVE_I2C_ADDR_MATCH))
  27              		.loc 1 253 0
  28 0000 0F4B     		ldr	r3, .L4
  29 0002 1B68     		ldr	r3, [r3]
  30 0004 5B06     		lsl	r3, r3, #25
  31 0006 19D5     		bpl	.L1
 254:Generated_Source\PSoC4/I2CS_I2C_BOOT.c ****     {
ARM GAS  C:\Users\MM1005~1\AppData\Local\Temp\ccdEWA4e.s 			page 6


 255:Generated_Source\PSoC4/I2CS_I2C_BOOT.c ****         if (I2CS_CHECK_I2C_STATUS(I2CS_I2C_STATUS_S_READ))
  32              		.loc 1 255 0
  33 0008 0E4B     		ldr	r3, .L4+4
  34 000a 1B68     		ldr	r3, [r3]
  35 000c DB06     		lsl	r3, r3, #27
  36 000e 0BD5     		bpl	.L3
 256:Generated_Source\PSoC4/I2CS_I2C_BOOT.c ****         {
 257:Generated_Source\PSoC4/I2CS_I2C_BOOT.c ****             /* Address phase, host reads: release read buffer */
 258:Generated_Source\PSoC4/I2CS_I2C_BOOT.c ****             if (0u != I2CS_applyBuffer)
  37              		.loc 1 258 0
  38 0010 0D4B     		ldr	r3, .L4+8
  39 0012 1B68     		ldr	r3, [r3]
  40 0014 002B     		cmp	r3, #0
  41 0016 11D0     		beq	.L1
 259:Generated_Source\PSoC4/I2CS_I2C_BOOT.c ****             {
 260:Generated_Source\PSoC4/I2CS_I2C_BOOT.c ****                 I2CS_slRdBufSize  = I2CS_applyBuffer;
  42              		.loc 1 260 0
  43 0018 0C4A     		ldr	r2, .L4+12
  44 001a 1360     		str	r3, [r2]
 261:Generated_Source\PSoC4/I2CS_I2C_BOOT.c ****                 I2CS_slRdBufIndex = 0u;
  45              		.loc 1 261 0
  46 001c 0023     		mov	r3, #0
  47 001e 0C4A     		ldr	r2, .L4+16
  48 0020 1360     		str	r3, [r2]
 262:Generated_Source\PSoC4/I2CS_I2C_BOOT.c ****                 I2CS_applyBuffer  = 0u;
  49              		.loc 1 262 0
  50 0022 094A     		ldr	r2, .L4+8
  51 0024 1360     		str	r3, [r2]
  52 0026 09E0     		b	.L1
  53              	.L3:
 263:Generated_Source\PSoC4/I2CS_I2C_BOOT.c ****             }
 264:Generated_Source\PSoC4/I2CS_I2C_BOOT.c ****         }
 265:Generated_Source\PSoC4/I2CS_I2C_BOOT.c ****         else
 266:Generated_Source\PSoC4/I2CS_I2C_BOOT.c ****         {
 267:Generated_Source\PSoC4/I2CS_I2C_BOOT.c ****             /* Address phase, host writes: close read buffer */
 268:Generated_Source\PSoC4/I2CS_I2C_BOOT.c ****             if (I2CS_slRdBufIndex != I2CS_slRdBufSize)
  54              		.loc 1 268 0
  55 0028 094B     		ldr	r3, .L4+16
  56 002a 1A68     		ldr	r2, [r3]
  57 002c 074B     		ldr	r3, .L4+12
  58 002e 1B68     		ldr	r3, [r3]
  59 0030 9A42     		cmp	r2, r3
  60 0032 03D0     		beq	.L1
 269:Generated_Source\PSoC4/I2CS_I2C_BOOT.c ****             {
 270:Generated_Source\PSoC4/I2CS_I2C_BOOT.c ****                 I2CS_slRdBufIndex = I2CS_slRdBufSize;
  61              		.loc 1 270 0
  62 0034 054B     		ldr	r3, .L4+12
  63 0036 1A68     		ldr	r2, [r3]
  64 0038 054B     		ldr	r3, .L4+16
  65 003a 1A60     		str	r2, [r3]
  66              	.L1:
 271:Generated_Source\PSoC4/I2CS_I2C_BOOT.c ****             }
 272:Generated_Source\PSoC4/I2CS_I2C_BOOT.c ****         }
 273:Generated_Source\PSoC4/I2CS_I2C_BOOT.c ****     }
 274:Generated_Source\PSoC4/I2CS_I2C_BOOT.c **** }
  67              		.loc 1 274 0
  68              		@ sp needed
ARM GAS  C:\Users\MM1005~1\AppData\Local\Temp\ccdEWA4e.s 			page 7


  69 003c 7047     		bx	lr
  70              	.L5:
  71 003e C046     		.align	2
  72              	.L4:
  73 0040 4C0F0840 		.word	1074270028
  74 0044 64000840 		.word	1074266212
  75 0048 00000000 		.word	.LANCHOR0
  76 004c 00000000 		.word	I2CS_slRdBufSize
  77 0050 00000000 		.word	I2CS_slRdBufIndex
  78              		.cfi_endproc
  79              	.LFE6:
  80              		.size	I2CS_I2CResposeInsert, .-I2CS_I2CResposeInsert
  81              		.section	.text.I2CS_I2CCyBtldrCommStart,"ax",%progbits
  82              		.align	2
  83              		.global	I2CS_I2CCyBtldrCommStart
  84              		.code	16
  85              		.thumb_func
  86              		.type	I2CS_I2CCyBtldrCommStart, %function
  87              	I2CS_I2CCyBtldrCommStart:
  88              	.LFB1:
  61:Generated_Source\PSoC4/I2CS_I2C_BOOT.c ****     I2CS_I2CSlaveInitWriteBuf(I2CS_slWriteBuf, I2CS_I2C_BTLDR_SIZEOF_WRITE_BUFFER);
  89              		.loc 1 61 0
  90              		.cfi_startproc
  91 0000 10B5     		push	{r4, lr}
  92              		.cfi_def_cfa_offset 8
  93              		.cfi_offset 4, -8
  94              		.cfi_offset 14, -4
  62:Generated_Source\PSoC4/I2CS_I2C_BOOT.c ****     I2CS_I2CSlaveInitReadBuf (I2CS_slReadBuf, 0u);
  95              		.loc 1 62 0
  96 0002 094C     		ldr	r4, .L7
  97 0004 201D     		add	r0, r4, #4
  98 0006 4021     		mov	r1, #64
  99 0008 FFF7FEFF 		bl	I2CS_I2CSlaveInitWriteBuf
 100              	.LVL0:
  63:Generated_Source\PSoC4/I2CS_I2C_BOOT.c **** 
 101              		.loc 1 63 0
 102 000c 201C     		mov	r0, r4
 103 000e 4430     		add	r0, r0, #68
 104 0010 0021     		mov	r1, #0
 105 0012 FFF7FEFF 		bl	I2CS_I2CSlaveInitReadBuf
 106              	.LVL1:
  65:Generated_Source\PSoC4/I2CS_I2C_BOOT.c ****     I2CS_applyBuffer = 0u;
 107              		.loc 1 65 0
 108 0016 0548     		ldr	r0, .L7+4
 109 0018 FFF7FEFF 		bl	I2CS_SetCustomInterruptHandler
 110              	.LVL2:
  66:Generated_Source\PSoC4/I2CS_I2C_BOOT.c **** 
 111              		.loc 1 66 0
 112 001c 0023     		mov	r3, #0
 113 001e 2360     		str	r3, [r4]
  68:Generated_Source\PSoC4/I2CS_I2C_BOOT.c **** }
 114              		.loc 1 68 0
 115 0020 FFF7FEFF 		bl	I2CS_Start
 116              	.LVL3:
  69:Generated_Source\PSoC4/I2CS_I2C_BOOT.c **** 
 117              		.loc 1 69 0
 118              		@ sp needed
ARM GAS  C:\Users\MM1005~1\AppData\Local\Temp\ccdEWA4e.s 			page 8


 119 0024 10BD     		pop	{r4, pc}
 120              	.L8:
 121 0026 C046     		.align	2
 122              	.L7:
 123 0028 00000000 		.word	.LANCHOR0
 124 002c 00000000 		.word	I2CS_I2CResposeInsert
 125              		.cfi_endproc
 126              	.LFE1:
 127              		.size	I2CS_I2CCyBtldrCommStart, .-I2CS_I2CCyBtldrCommStart
 128              		.section	.text.I2CS_I2CCyBtldrCommStop,"ax",%progbits
 129              		.align	2
 130              		.global	I2CS_I2CCyBtldrCommStop
 131              		.code	16
 132              		.thumb_func
 133              		.type	I2CS_I2CCyBtldrCommStop, %function
 134              	I2CS_I2CCyBtldrCommStop:
 135              	.LFB2:
  80:Generated_Source\PSoC4/I2CS_I2C_BOOT.c ****     I2CS_Stop();
 136              		.loc 1 80 0
 137              		.cfi_startproc
 138 0000 08B5     		push	{r3, lr}
 139              		.cfi_def_cfa_offset 8
 140              		.cfi_offset 3, -8
 141              		.cfi_offset 14, -4
  81:Generated_Source\PSoC4/I2CS_I2C_BOOT.c **** }
 142              		.loc 1 81 0
 143 0002 FFF7FEFF 		bl	I2CS_Stop
 144              	.LVL4:
  82:Generated_Source\PSoC4/I2CS_I2C_BOOT.c **** 
 145              		.loc 1 82 0
 146              		@ sp needed
 147 0006 08BD     		pop	{r3, pc}
 148              		.cfi_endproc
 149              	.LFE2:
 150              		.size	I2CS_I2CCyBtldrCommStop, .-I2CS_I2CCyBtldrCommStop
 151              		.section	.text.I2CS_I2CCyBtldrCommReset,"ax",%progbits
 152              		.align	2
 153              		.global	I2CS_I2CCyBtldrCommReset
 154              		.code	16
 155              		.thumb_func
 156              		.type	I2CS_I2CCyBtldrCommReset, %function
 157              	I2CS_I2CCyBtldrCommReset:
 158              	.LFB3:
 102:Generated_Source\PSoC4/I2CS_I2C_BOOT.c ****     /* Make read buffer full */
 159              		.loc 1 102 0
 160              		.cfi_startproc
 104:Generated_Source\PSoC4/I2CS_I2C_BOOT.c **** 
 161              		.loc 1 104 0
 162 0000 0023     		mov	r3, #0
 163 0002 044A     		ldr	r2, .L11
 164 0004 1360     		str	r3, [r2]
 107:Generated_Source\PSoC4/I2CS_I2C_BOOT.c ****     I2CS_slWrBufIndex = 0u;
 165              		.loc 1 107 0
 166 0006 044A     		ldr	r2, .L11+4
 167 0008 1360     		str	r3, [r2]
 108:Generated_Source\PSoC4/I2CS_I2C_BOOT.c **** 
 168              		.loc 1 108 0
ARM GAS  C:\Users\MM1005~1\AppData\Local\Temp\ccdEWA4e.s 			page 9


 169 000a 044A     		ldr	r2, .L11+8
 170 000c 1360     		str	r3, [r2]
 111:Generated_Source\PSoC4/I2CS_I2C_BOOT.c **** }
 171              		.loc 1 111 0
 172 000e 044A     		ldr	r2, .L11+12
 173 0010 1370     		strb	r3, [r2]
 112:Generated_Source\PSoC4/I2CS_I2C_BOOT.c **** 
 174              		.loc 1 112 0
 175              		@ sp needed
 176 0012 7047     		bx	lr
 177              	.L12:
 178              		.align	2
 179              	.L11:
 180 0014 00000000 		.word	I2CS_slRdBufSize
 181 0018 00000000 		.word	I2CS_slRdBufIndex
 182 001c 00000000 		.word	I2CS_slWrBufIndex
 183 0020 00000000 		.word	I2CS_slStatus
 184              		.cfi_endproc
 185              	.LFE3:
 186              		.size	I2CS_I2CCyBtldrCommReset, .-I2CS_I2CCyBtldrCommReset
 187              		.section	.text.I2CS_I2CCyBtldrCommRead,"ax",%progbits
 188              		.align	2
 189              		.global	I2CS_I2CCyBtldrCommRead
 190              		.code	16
 191              		.thumb_func
 192              		.type	I2CS_I2CCyBtldrCommRead, %function
 193              	I2CS_I2CCyBtldrCommRead:
 194              	.LFB4:
 144:Generated_Source\PSoC4/I2CS_I2C_BOOT.c ****     cystatus status;
 195              		.loc 1 144 0
 196              		.cfi_startproc
 197              	.LVL5:
 198 0000 F8B5     		push	{r3, r4, r5, r6, r7, lr}
 199              		.cfi_def_cfa_offset 24
 200              		.cfi_offset 3, -24
 201              		.cfi_offset 4, -20
 202              		.cfi_offset 5, -16
 203              		.cfi_offset 6, -12
 204              		.cfi_offset 7, -8
 205              		.cfi_offset 14, -4
 206 0002 071C     		mov	r7, r0
 207 0004 0E1C     		mov	r6, r1
 208 0006 151C     		mov	r5, r2
 209              	.LVL6:
 150:Generated_Source\PSoC4/I2CS_I2C_BOOT.c ****     {
 210              		.loc 1 150 0
 211 0008 0028     		cmp	r0, #0
 212 000a 25D0     		beq	.L19
 150:Generated_Source\PSoC4/I2CS_I2C_BOOT.c ****     {
 213              		.loc 1 150 0 is_stmt 0 discriminator 1
 214 000c 0029     		cmp	r1, #0
 215 000e 25D0     		beq	.L20
 216              	.LVL7:
 153:Generated_Source\PSoC4/I2CS_I2C_BOOT.c **** 
 217              		.loc 1 153 0 is_stmt 1
 218 0010 9C00     		lsl	r4, r3, #2
 219 0012 E418     		add	r4, r4, r3
ARM GAS  C:\Users\MM1005~1\AppData\Local\Temp\ccdEWA4e.s 			page 10


 220 0014 6400     		lsl	r4, r4, #1
 221              	.LVL8:
 155:Generated_Source\PSoC4/I2CS_I2C_BOOT.c ****         {
 222              		.loc 1 155 0
 223 0016 1BE0     		b	.L15
 224              	.LVL9:
 225              	.L18:
 158:Generated_Source\PSoC4/I2CS_I2C_BOOT.c ****             {
 226              		.loc 1 158 0
 227 0018 114B     		ldr	r3, .L21
 228 001a 1B78     		ldrb	r3, [r3]
 229 001c DB06     		lsl	r3, r3, #27
 230 001e 13D5     		bpl	.L16
 161:Generated_Source\PSoC4/I2CS_I2C_BOOT.c **** 
 231              		.loc 1 161 0
 232 0020 104B     		ldr	r3, .L21+4
 233 0022 1A68     		ldr	r2, [r3]
 234 0024 2A80     		strh	r2, [r5]
 164:Generated_Source\PSoC4/I2CS_I2C_BOOT.c ****                 I2CS_slWrBufIndex = 0u;
 235              		.loc 1 164 0
 236 0026 0022     		mov	r2, #0
 237 0028 0D49     		ldr	r1, .L21
 238 002a 0A70     		strb	r2, [r1]
 165:Generated_Source\PSoC4/I2CS_I2C_BOOT.c **** 
 239              		.loc 1 165 0
 240 002c 1A60     		str	r2, [r3]
 169:Generated_Source\PSoC4/I2CS_I2C_BOOT.c **** 
 241              		.loc 1 169 0
 242 002e 2B88     		ldrh	r3, [r5]
 243 0030 1A1C     		add	r2, r3, #0
 244 0032 B342     		cmp	r3, r6
 245 0034 00D9     		bls	.L17
 246 0036 321C     		add	r2, r6, #0
 247              	.L17:
 248 0038 92B2     		uxth	r2, r2
 168:Generated_Source\PSoC4/I2CS_I2C_BOOT.c ****                                               I2CS_BYTES_TO_COPY(*count, size));
 249              		.loc 1 168 0
 250 003a 381C     		mov	r0, r7
 251 003c 0A49     		ldr	r1, .L21+8
 252 003e 0431     		add	r1, r1, #4
 253 0040 FFF7FEFF 		bl	memcpy
 254              	.LVL10:
 171:Generated_Source\PSoC4/I2CS_I2C_BOOT.c ****                 break;
 255              		.loc 1 171 0
 256 0044 0020     		mov	r0, #0
 172:Generated_Source\PSoC4/I2CS_I2C_BOOT.c ****             }
 257              		.loc 1 172 0
 258 0046 0AE0     		b	.L14
 259              	.LVL11:
 260              	.L16:
 175:Generated_Source\PSoC4/I2CS_I2C_BOOT.c ****             --timeoutMs;
 261              		.loc 1 175 0
 262 0048 0120     		mov	r0, #1
 263 004a FFF7FEFF 		bl	CyDelay
 264              	.LVL12:
 176:Generated_Source\PSoC4/I2CS_I2C_BOOT.c ****         }
 265              		.loc 1 176 0
ARM GAS  C:\Users\MM1005~1\AppData\Local\Temp\ccdEWA4e.s 			page 11


 266 004e 013C     		sub	r4, r4, #1
 267              	.LVL13:
 268              	.L15:
 155:Generated_Source\PSoC4/I2CS_I2C_BOOT.c ****         {
 269              		.loc 1 155 0
 270 0050 002C     		cmp	r4, #0
 271 0052 E1D1     		bne	.L18
 152:Generated_Source\PSoC4/I2CS_I2C_BOOT.c ****         timeoutMs = ((uint32) 10u * timeOut); /* Convert from 10mS check to 1mS checks */
 272              		.loc 1 152 0
 273 0054 1020     		mov	r0, #16
 274 0056 02E0     		b	.L14
 275              	.LVL14:
 276              	.L19:
 148:Generated_Source\PSoC4/I2CS_I2C_BOOT.c **** 
 277              		.loc 1 148 0
 278 0058 0120     		mov	r0, #1
 279              	.LVL15:
 280 005a 00E0     		b	.L14
 281              	.LVL16:
 282              	.L20:
 283 005c 0120     		mov	r0, #1
 284              	.LVL17:
 285              	.L14:
 181:Generated_Source\PSoC4/I2CS_I2C_BOOT.c **** 
 286              		.loc 1 181 0
 287              		@ sp needed
 288              	.LVL18:
 289              	.LVL19:
 290 005e F8BD     		pop	{r3, r4, r5, r6, r7, pc}
 291              	.L22:
 292              		.align	2
 293              	.L21:
 294 0060 00000000 		.word	I2CS_slStatus
 295 0064 00000000 		.word	I2CS_slWrBufIndex
 296 0068 00000000 		.word	.LANCHOR0
 297              		.cfi_endproc
 298              	.LFE4:
 299              		.size	I2CS_I2CCyBtldrCommRead, .-I2CS_I2CCyBtldrCommRead
 300              		.section	.text.I2CS_I2CCyBtldrCommWrite,"ax",%progbits
 301              		.align	2
 302              		.global	I2CS_I2CCyBtldrCommWrite
 303              		.code	16
 304              		.thumb_func
 305              		.type	I2CS_I2CCyBtldrCommWrite, %function
 306              	I2CS_I2CCyBtldrCommWrite:
 307              	.LFB5:
 212:Generated_Source\PSoC4/I2CS_I2C_BOOT.c ****     cystatus status;
 308              		.loc 1 212 0
 309              		.cfi_startproc
 310              	.LVL20:
 311 0000 38B5     		push	{r3, r4, r5, lr}
 312              		.cfi_def_cfa_offset 16
 313              		.cfi_offset 3, -16
 314              		.cfi_offset 4, -12
 315              		.cfi_offset 5, -8
 316              		.cfi_offset 14, -4
 317 0002 031C     		mov	r3, r0
ARM GAS  C:\Users\MM1005~1\AppData\Local\Temp\ccdEWA4e.s 			page 12


 318              	.LVL21:
 319 0004 0C1C     		mov	r4, r1
 320              	.LVL22:
 217:Generated_Source\PSoC4/I2CS_I2C_BOOT.c ****     {
 321              		.loc 1 217 0
 322 0006 0028     		cmp	r0, #0
 323 0008 0CD0     		beq	.L25
 217:Generated_Source\PSoC4/I2CS_I2C_BOOT.c ****     {
 324              		.loc 1 217 0 is_stmt 0 discriminator 1
 325 000a 0029     		cmp	r1, #0
 326 000c 0CD0     		beq	.L26
 220:Generated_Source\PSoC4/I2CS_I2C_BOOT.c ****         (void) memcpy((void *) I2CS_slReadBuf, (const void *) pData, (uint32) size);
 327              		.loc 1 220 0 is_stmt 1
 328 000e 1180     		strh	r1, [r2]
 221:Generated_Source\PSoC4/I2CS_I2C_BOOT.c **** 
 329              		.loc 1 221 0
 330 0010 064D     		ldr	r5, .L27
 331 0012 281C     		mov	r0, r5
 332              	.LVL23:
 333 0014 4430     		add	r0, r0, #68
 334 0016 191C     		mov	r1, r3
 335              	.LVL24:
 336 0018 221C     		mov	r2, r4
 337              	.LVL25:
 338 001a FFF7FEFF 		bl	memcpy
 339              	.LVL26:
 224:Generated_Source\PSoC4/I2CS_I2C_BOOT.c **** 
 340              		.loc 1 224 0
 341 001e 2C60     		str	r4, [r5]
 342              	.LVL27:
 231:Generated_Source\PSoC4/I2CS_I2C_BOOT.c ****     }
 343              		.loc 1 231 0
 344 0020 0020     		mov	r0, #0
 345 0022 02E0     		b	.L24
 346              	.LVL28:
 347              	.L25:
 215:Generated_Source\PSoC4/I2CS_I2C_BOOT.c **** 
 348              		.loc 1 215 0
 349 0024 0120     		mov	r0, #1
 350              	.LVL29:
 351 0026 00E0     		b	.L24
 352              	.LVL30:
 353              	.L26:
 354 0028 0120     		mov	r0, #1
 355              	.LVL31:
 356              	.L24:
 235:Generated_Source\PSoC4/I2CS_I2C_BOOT.c **** 
 357              		.loc 1 235 0
 358              		@ sp needed
 359 002a 38BD     		pop	{r3, r4, r5, pc}
 360              	.L28:
 361              		.align	2
 362              	.L27:
 363 002c 00000000 		.word	.LANCHOR0
 364              		.cfi_endproc
 365              	.LFE5:
 366              		.size	I2CS_I2CCyBtldrCommWrite, .-I2CS_I2CCyBtldrCommWrite
ARM GAS  C:\Users\MM1005~1\AppData\Local\Temp\ccdEWA4e.s 			page 13


 367              		.bss
 368              		.align	2
 369              		.set	.LANCHOR0,. + 0
 370              		.type	I2CS_applyBuffer, %object
 371              		.size	I2CS_applyBuffer, 4
 372              	I2CS_applyBuffer:
 373 0000 00000000 		.space	4
 374              		.type	I2CS_slWriteBuf, %object
 375              		.size	I2CS_slWriteBuf, 64
 376              	I2CS_slWriteBuf:
 377 0004 00000000 		.space	64
 377      00000000 
 377      00000000 
 377      00000000 
 377      00000000 
 378              		.type	I2CS_slReadBuf, %object
 379              		.size	I2CS_slReadBuf, 64
 380              	I2CS_slReadBuf:
 381 0044 00000000 		.space	64
 381      00000000 
 381      00000000 
 381      00000000 
 381      00000000 
 382              		.text
 383              	.Letext0:
 384              		.file 2 "Generated_Source\\PSoC4/cytypes.h"
 385              		.file 3 "Generated_Source\\PSoC4\\I2CS_I2C_PVT.h"
 386              		.file 4 "Generated_Source\\PSoC4\\I2CS_I2C.h"
 387              		.file 5 "Generated_Source\\PSoC4\\I2CS.h"
 388              		.file 6 "Generated_Source\\PSoC4/CyLib.h"
 389              		.section	.debug_info,"",%progbits
 390              	.Ldebug_info0:
 391 0000 A5030000 		.4byte	0x3a5
 392 0004 0400     		.2byte	0x4
 393 0006 00000000 		.4byte	.Ldebug_abbrev0
 394 000a 04       		.byte	0x4
 395 000b 01       		.uleb128 0x1
 396 000c CC000000 		.4byte	.LASF41
 397 0010 01       		.byte	0x1
 398 0011 C5020000 		.4byte	.LASF42
 399 0015 89020000 		.4byte	.LASF43
 400 0019 00000000 		.4byte	.Ldebug_ranges0+0
 401 001d 00000000 		.4byte	0
 402 0021 00000000 		.4byte	.Ldebug_line0
 403 0025 02       		.uleb128 0x2
 404 0026 01       		.byte	0x1
 405 0027 06       		.byte	0x6
 406 0028 13030000 		.4byte	.LASF0
 407 002c 02       		.uleb128 0x2
 408 002d 01       		.byte	0x1
 409 002e 08       		.byte	0x8
 410 002f B8010000 		.4byte	.LASF1
 411 0033 02       		.uleb128 0x2
 412 0034 02       		.byte	0x2
 413 0035 05       		.byte	0x5
 414 0036 BB020000 		.4byte	.LASF2
 415 003a 02       		.uleb128 0x2
ARM GAS  C:\Users\MM1005~1\AppData\Local\Temp\ccdEWA4e.s 			page 14


 416 003b 02       		.byte	0x2
 417 003c 07       		.byte	0x7
 418 003d 48000000 		.4byte	.LASF3
 419 0041 02       		.uleb128 0x2
 420 0042 04       		.byte	0x4
 421 0043 05       		.byte	0x5
 422 0044 EC020000 		.4byte	.LASF4
 423 0048 02       		.uleb128 0x2
 424 0049 04       		.byte	0x4
 425 004a 07       		.byte	0x7
 426 004b 8F010000 		.4byte	.LASF5
 427 004f 02       		.uleb128 0x2
 428 0050 08       		.byte	0x8
 429 0051 05       		.byte	0x5
 430 0052 74020000 		.4byte	.LASF6
 431 0056 02       		.uleb128 0x2
 432 0057 08       		.byte	0x8
 433 0058 07       		.byte	0x7
 434 0059 30020000 		.4byte	.LASF7
 435 005d 03       		.uleb128 0x3
 436 005e 04       		.byte	0x4
 437 005f 05       		.byte	0x5
 438 0060 696E7400 		.ascii	"int\000"
 439 0064 02       		.uleb128 0x2
 440 0065 04       		.byte	0x4
 441 0066 07       		.byte	0x7
 442 0067 23020000 		.4byte	.LASF8
 443 006b 04       		.uleb128 0x4
 444 006c A1010000 		.4byte	.LASF9
 445 0070 02       		.byte	0x2
 446 0071 B901     		.2byte	0x1b9
 447 0073 2C000000 		.4byte	0x2c
 448 0077 04       		.uleb128 0x4
 449 0078 F2010000 		.4byte	.LASF10
 450 007c 02       		.byte	0x2
 451 007d BA01     		.2byte	0x1ba
 452 007f 3A000000 		.4byte	0x3a
 453 0083 04       		.uleb128 0x4
 454 0084 02020000 		.4byte	.LASF11
 455 0088 02       		.byte	0x2
 456 0089 BB01     		.2byte	0x1bb
 457 008b 48000000 		.4byte	0x48
 458 008f 02       		.uleb128 0x2
 459 0090 04       		.byte	0x4
 460 0091 04       		.byte	0x4
 461 0092 A9000000 		.4byte	.LASF12
 462 0096 02       		.uleb128 0x2
 463 0097 08       		.byte	0x8
 464 0098 04       		.byte	0x4
 465 0099 DC010000 		.4byte	.LASF13
 466 009d 02       		.uleb128 0x2
 467 009e 01       		.byte	0x1
 468 009f 08       		.byte	0x8
 469 00a0 F5020000 		.4byte	.LASF14
 470 00a4 04       		.uleb128 0x4
 471 00a5 F9010000 		.4byte	.LASF15
 472 00a9 02       		.byte	0x2
ARM GAS  C:\Users\MM1005~1\AppData\Local\Temp\ccdEWA4e.s 			page 15


 473 00aa 5B02     		.2byte	0x25b
 474 00ac 48000000 		.4byte	0x48
 475 00b0 05       		.uleb128 0x5
 476 00b1 6B000000 		.4byte	0x6b
 477 00b5 04       		.uleb128 0x4
 478 00b6 23000000 		.4byte	.LASF16
 479 00ba 02       		.byte	0x2
 480 00bb 6502     		.2byte	0x265
 481 00bd C1000000 		.4byte	0xc1
 482 00c1 05       		.uleb128 0x5
 483 00c2 83000000 		.4byte	0x83
 484 00c6 06       		.uleb128 0x6
 485 00c7 04       		.byte	0x4
 486 00c8 CC000000 		.4byte	0xcc
 487 00cc 07       		.uleb128 0x7
 488 00cd 02       		.uleb128 0x2
 489 00ce 04       		.byte	0x4
 490 00cf 07       		.byte	0x7
 491 00d0 6B020000 		.4byte	.LASF17
 492 00d4 08       		.uleb128 0x8
 493 00d5 04       		.byte	0x4
 494 00d6 09       		.uleb128 0x9
 495 00d7 C6010000 		.4byte	.LASF44
 496 00db 01       		.byte	0x1
 497 00dc FB       		.byte	0xfb
 498 00dd 00000000 		.4byte	.LFB6
 499 00e1 54000000 		.4byte	.LFE6-.LFB6
 500 00e5 01       		.uleb128 0x1
 501 00e6 9C       		.byte	0x9c
 502 00e7 0A       		.uleb128 0xa
 503 00e8 30030000 		.4byte	.LASF18
 504 00ec 01       		.byte	0x1
 505 00ed 3C       		.byte	0x3c
 506 00ee 00000000 		.4byte	.LFB1
 507 00f2 30000000 		.4byte	.LFE1-.LFB1
 508 00f6 01       		.uleb128 0x1
 509 00f7 9C       		.byte	0x9c
 510 00f8 51010000 		.4byte	0x151
 511 00fc 0B       		.uleb128 0xb
 512 00fd 0C000000 		.4byte	.LVL0
 513 0101 2A030000 		.4byte	0x32a
 514 0105 16010000 		.4byte	0x116
 515 0109 0C       		.uleb128 0xc
 516 010a 01       		.uleb128 0x1
 517 010b 51       		.byte	0x51
 518 010c 02       		.uleb128 0x2
 519 010d 08       		.byte	0x8
 520 010e 40       		.byte	0x40
 521 010f 0C       		.uleb128 0xc
 522 0110 01       		.uleb128 0x1
 523 0111 50       		.byte	0x50
 524 0112 02       		.uleb128 0x2
 525 0113 74       		.byte	0x74
 526 0114 04       		.sleb128 4
 527 0115 00       		.byte	0
 528 0116 0B       		.uleb128 0xb
 529 0117 16000000 		.4byte	.LVL1
ARM GAS  C:\Users\MM1005~1\AppData\Local\Temp\ccdEWA4e.s 			page 16


 530 011b 41030000 		.4byte	0x341
 531 011f 30010000 		.4byte	0x130
 532 0123 0C       		.uleb128 0xc
 533 0124 01       		.uleb128 0x1
 534 0125 51       		.byte	0x51
 535 0126 01       		.uleb128 0x1
 536 0127 30       		.byte	0x30
 537 0128 0C       		.uleb128 0xc
 538 0129 01       		.uleb128 0x1
 539 012a 50       		.byte	0x50
 540 012b 03       		.uleb128 0x3
 541 012c 74       		.byte	0x74
 542 012d C400     		.sleb128 68
 543 012f 00       		.byte	0
 544 0130 0B       		.uleb128 0xb
 545 0131 1C000000 		.4byte	.LVL2
 546 0135 58030000 		.4byte	0x358
 547 0139 47010000 		.4byte	0x147
 548 013d 0C       		.uleb128 0xc
 549 013e 01       		.uleb128 0x1
 550 013f 50       		.byte	0x50
 551 0140 05       		.uleb128 0x5
 552 0141 03       		.byte	0x3
 553 0142 00000000 		.4byte	I2CS_I2CResposeInsert
 554 0146 00       		.byte	0
 555 0147 0D       		.uleb128 0xd
 556 0148 24000000 		.4byte	.LVL3
 557 014c 69030000 		.4byte	0x369
 558 0150 00       		.byte	0
 559 0151 0A       		.uleb128 0xa
 560 0152 5B000000 		.4byte	.LASF19
 561 0156 01       		.byte	0x1
 562 0157 4F       		.byte	0x4f
 563 0158 00000000 		.4byte	.LFB2
 564 015c 08000000 		.4byte	.LFE2-.LFB2
 565 0160 01       		.uleb128 0x1
 566 0161 9C       		.byte	0x9c
 567 0162 70010000 		.4byte	0x170
 568 0166 0D       		.uleb128 0xd
 569 0167 06000000 		.4byte	.LVL4
 570 016b 70030000 		.4byte	0x370
 571 016f 00       		.byte	0
 572 0170 0E       		.uleb128 0xe
 573 0171 FA020000 		.4byte	.LASF45
 574 0175 01       		.byte	0x1
 575 0176 65       		.byte	0x65
 576 0177 00000000 		.4byte	.LFB3
 577 017b 24000000 		.4byte	.LFE3-.LFB3
 578 017f 01       		.uleb128 0x1
 579 0180 9C       		.byte	0x9c
 580 0181 0F       		.uleb128 0xf
 581 0182 AF000000 		.4byte	.LASF26
 582 0186 01       		.byte	0x1
 583 0187 8F       		.byte	0x8f
 584 0188 A4000000 		.4byte	0xa4
 585 018c 00000000 		.4byte	.LFB4
 586 0190 6C000000 		.4byte	.LFE4-.LFB4
ARM GAS  C:\Users\MM1005~1\AppData\Local\Temp\ccdEWA4e.s 			page 17


 587 0194 01       		.uleb128 0x1
 588 0195 9C       		.byte	0x9c
 589 0196 21020000 		.4byte	0x221
 590 019a 10       		.uleb128 0x10
 591 019b 93000000 		.4byte	.LASF20
 592 019f 01       		.byte	0x1
 593 01a0 8F       		.byte	0x8f
 594 01a1 21020000 		.4byte	0x221
 595 01a5 00000000 		.4byte	.LLST0
 596 01a9 10       		.uleb128 0x10
 597 01aa C7000000 		.4byte	.LASF21
 598 01ae 01       		.byte	0x1
 599 01af 8F       		.byte	0x8f
 600 01b0 77000000 		.4byte	0x77
 601 01b4 58000000 		.4byte	.LLST1
 602 01b8 10       		.uleb128 0x10
 603 01b9 42000000 		.4byte	.LASF22
 604 01bd 01       		.byte	0x1
 605 01be 8F       		.byte	0x8f
 606 01bf 27020000 		.4byte	0x227
 607 01c3 92000000 		.4byte	.LLST2
 608 01c7 10       		.uleb128 0x10
 609 01c8 51020000 		.4byte	.LASF23
 610 01cc 01       		.byte	0x1
 611 01cd 8F       		.byte	0x8f
 612 01ce 6B000000 		.4byte	0x6b
 613 01d2 D4000000 		.4byte	.LLST3
 614 01d6 11       		.uleb128 0x11
 615 01d7 73000000 		.4byte	.LASF24
 616 01db 01       		.byte	0x1
 617 01dc 91       		.byte	0x91
 618 01dd A4000000 		.4byte	0xa4
 619 01e1 0E010000 		.4byte	.LLST4
 620 01e5 11       		.uleb128 0x11
 621 01e6 00000000 		.4byte	.LASF25
 622 01ea 01       		.byte	0x1
 623 01eb 92       		.byte	0x92
 624 01ec 83000000 		.4byte	0x83
 625 01f0 5D010000 		.4byte	.LLST5
 626 01f4 0B       		.uleb128 0xb
 627 01f5 44000000 		.4byte	.LVL10
 628 01f9 77030000 		.4byte	0x377
 629 01fd 11020000 		.4byte	0x211
 630 0201 0C       		.uleb128 0xc
 631 0202 01       		.uleb128 0x1
 632 0203 51       		.byte	0x51
 633 0204 05       		.uleb128 0x5
 634 0205 03       		.byte	0x3
 635 0206 04000000 		.4byte	.LANCHOR0+4
 636 020a 0C       		.uleb128 0xc
 637 020b 01       		.uleb128 0x1
 638 020c 50       		.byte	0x50
 639 020d 02       		.uleb128 0x2
 640 020e 77       		.byte	0x77
 641 020f 00       		.sleb128 0
 642 0210 00       		.byte	0
 643 0211 12       		.uleb128 0x12
ARM GAS  C:\Users\MM1005~1\AppData\Local\Temp\ccdEWA4e.s 			page 18


 644 0212 4E000000 		.4byte	.LVL12
 645 0216 9B030000 		.4byte	0x39b
 646 021a 0C       		.uleb128 0xc
 647 021b 01       		.uleb128 0x1
 648 021c 50       		.byte	0x50
 649 021d 01       		.uleb128 0x1
 650 021e 31       		.byte	0x31
 651 021f 00       		.byte	0
 652 0220 00       		.byte	0
 653 0221 06       		.uleb128 0x6
 654 0222 04       		.byte	0x4
 655 0223 6B000000 		.4byte	0x6b
 656 0227 06       		.uleb128 0x6
 657 0228 04       		.byte	0x4
 658 0229 77000000 		.4byte	0x77
 659 022d 0F       		.uleb128 0xf
 660 022e 7A000000 		.4byte	.LASF27
 661 0232 01       		.byte	0x1
 662 0233 D3       		.byte	0xd3
 663 0234 A4000000 		.4byte	0xa4
 664 0238 00000000 		.4byte	.LFB5
 665 023c 30000000 		.4byte	.LFE5-.LFB5
 666 0240 01       		.uleb128 0x1
 667 0241 9C       		.byte	0x9c
 668 0242 B0020000 		.4byte	0x2b0
 669 0246 10       		.uleb128 0x10
 670 0247 93000000 		.4byte	.LASF20
 671 024b 01       		.byte	0x1
 672 024c D3       		.byte	0xd3
 673 024d B0020000 		.4byte	0x2b0
 674 0251 70010000 		.4byte	.LLST6
 675 0255 10       		.uleb128 0x10
 676 0256 C7000000 		.4byte	.LASF21
 677 025a 01       		.byte	0x1
 678 025b D3       		.byte	0xd3
 679 025c 77000000 		.4byte	0x77
 680 0260 CB010000 		.4byte	.LLST7
 681 0264 10       		.uleb128 0x10
 682 0265 42000000 		.4byte	.LASF22
 683 0269 01       		.byte	0x1
 684 026a D3       		.byte	0xd3
 685 026b 27020000 		.4byte	0x227
 686 026f 1E020000 		.4byte	.LLST8
 687 0273 10       		.uleb128 0x10
 688 0274 51020000 		.4byte	.LASF23
 689 0278 01       		.byte	0x1
 690 0279 D3       		.byte	0xd3
 691 027a 6B000000 		.4byte	0x6b
 692 027e 58020000 		.4byte	.LLST9
 693 0282 11       		.uleb128 0x11
 694 0283 73000000 		.4byte	.LASF24
 695 0287 01       		.byte	0x1
 696 0288 D5       		.byte	0xd5
 697 0289 A4000000 		.4byte	0xa4
 698 028d 79020000 		.4byte	.LLST10
 699 0291 12       		.uleb128 0x12
 700 0292 1E000000 		.4byte	.LVL26
ARM GAS  C:\Users\MM1005~1\AppData\Local\Temp\ccdEWA4e.s 			page 19


 701 0296 77030000 		.4byte	0x377
 702 029a 0C       		.uleb128 0xc
 703 029b 01       		.uleb128 0x1
 704 029c 52       		.byte	0x52
 705 029d 02       		.uleb128 0x2
 706 029e 74       		.byte	0x74
 707 029f 00       		.sleb128 0
 708 02a0 0C       		.uleb128 0xc
 709 02a1 01       		.uleb128 0x1
 710 02a2 51       		.byte	0x51
 711 02a3 03       		.uleb128 0x3
 712 02a4 F3       		.byte	0xf3
 713 02a5 01       		.uleb128 0x1
 714 02a6 50       		.byte	0x50
 715 02a7 0C       		.uleb128 0xc
 716 02a8 01       		.uleb128 0x1
 717 02a9 50       		.byte	0x50
 718 02aa 03       		.uleb128 0x3
 719 02ab 75       		.byte	0x75
 720 02ac C400     		.sleb128 68
 721 02ae 00       		.byte	0
 722 02af 00       		.byte	0
 723 02b0 06       		.uleb128 0x6
 724 02b1 04       		.byte	0x4
 725 02b2 B6020000 		.4byte	0x2b6
 726 02b6 13       		.uleb128 0x13
 727 02b7 6B000000 		.4byte	0x6b
 728 02bb 14       		.uleb128 0x14
 729 02bc 6B000000 		.4byte	0x6b
 730 02c0 CB020000 		.4byte	0x2cb
 731 02c4 15       		.uleb128 0x15
 732 02c5 CD000000 		.4byte	0xcd
 733 02c9 3F       		.byte	0x3f
 734 02ca 00       		.byte	0
 735 02cb 16       		.uleb128 0x16
 736 02cc E3010000 		.4byte	.LASF28
 737 02d0 01       		.byte	0x1
 738 02d1 1D       		.byte	0x1d
 739 02d2 BB020000 		.4byte	0x2bb
 740 02d6 05       		.uleb128 0x5
 741 02d7 03       		.byte	0x3
 742 02d8 44000000 		.4byte	I2CS_slReadBuf
 743 02dc 16       		.uleb128 0x16
 744 02dd 99000000 		.4byte	.LASF29
 745 02e1 01       		.byte	0x1
 746 02e2 20       		.byte	0x20
 747 02e3 BB020000 		.4byte	0x2bb
 748 02e7 05       		.uleb128 0x5
 749 02e8 03       		.byte	0x3
 750 02e9 04000000 		.4byte	I2CS_slWriteBuf
 751 02ed 16       		.uleb128 0x16
 752 02ee A7010000 		.4byte	.LASF30
 753 02f2 01       		.byte	0x1
 754 02f3 23       		.byte	0x23
 755 02f4 83000000 		.4byte	0x83
 756 02f8 05       		.uleb128 0x5
 757 02f9 03       		.byte	0x3
ARM GAS  C:\Users\MM1005~1\AppData\Local\Temp\ccdEWA4e.s 			page 20


 758 02fa 00000000 		.4byte	I2CS_applyBuffer
 759 02fe 17       		.uleb128 0x17
 760 02ff 0A000000 		.4byte	.LASF31
 761 0303 03       		.byte	0x3
 762 0304 21       		.byte	0x21
 763 0305 B0000000 		.4byte	0xb0
 764 0309 17       		.uleb128 0x17
 765 030a 5E010000 		.4byte	.LASF32
 766 030e 03       		.byte	0x3
 767 030f 26       		.byte	0x26
 768 0310 C1000000 		.4byte	0xc1
 769 0314 17       		.uleb128 0x17
 770 0315 1F030000 		.4byte	.LASF33
 771 0319 03       		.byte	0x3
 772 031a 2A       		.byte	0x2a
 773 031b C1000000 		.4byte	0xc1
 774 031f 17       		.uleb128 0x17
 775 0320 59020000 		.4byte	.LASF34
 776 0324 03       		.byte	0x3
 777 0325 2B       		.byte	0x2b
 778 0326 C1000000 		.4byte	0xc1
 779 032a 18       		.uleb128 0x18
 780 032b 09020000 		.4byte	.LASF35
 781 032f 04       		.byte	0x4
 782 0330 2F01     		.2byte	0x12f
 783 0332 41030000 		.4byte	0x341
 784 0336 19       		.uleb128 0x19
 785 0337 21020000 		.4byte	0x221
 786 033b 19       		.uleb128 0x19
 787 033c 83000000 		.4byte	0x83
 788 0340 00       		.byte	0
 789 0341 18       		.uleb128 0x18
 790 0342 29000000 		.4byte	.LASF36
 791 0346 04       		.byte	0x4
 792 0347 2E01     		.2byte	0x12e
 793 0349 58030000 		.4byte	0x358
 794 034d 19       		.uleb128 0x19
 795 034e 21020000 		.4byte	0x221
 796 0352 19       		.uleb128 0x19
 797 0353 83000000 		.4byte	0x83
 798 0357 00       		.byte	0
 799 0358 1A       		.uleb128 0x1a
 800 0359 70010000 		.4byte	.LASF37
 801 035d 05       		.byte	0x5
 802 035e 82       		.byte	0x82
 803 035f 69030000 		.4byte	0x369
 804 0363 19       		.uleb128 0x19
 805 0364 C6000000 		.4byte	0xc6
 806 0368 00       		.byte	0
 807 0369 1B       		.uleb128 0x1b
 808 036a 18000000 		.4byte	.LASF38
 809 036e 05       		.byte	0x5
 810 036f 6E       		.byte	0x6e
 811 0370 1B       		.uleb128 0x1b
 812 0371 47020000 		.4byte	.LASF39
 813 0375 05       		.byte	0x5
 814 0376 6F       		.byte	0x6f
ARM GAS  C:\Users\MM1005~1\AppData\Local\Temp\ccdEWA4e.s 			page 21


 815 0377 1C       		.uleb128 0x1c
 816 0378 82020000 		.4byte	.LASF40
 817 037c D4000000 		.4byte	0xd4
 818 0380 94030000 		.4byte	0x394
 819 0384 19       		.uleb128 0x19
 820 0385 D4000000 		.4byte	0xd4
 821 0389 19       		.uleb128 0x19
 822 038a 94030000 		.4byte	0x394
 823 038e 19       		.uleb128 0x19
 824 038f CD000000 		.4byte	0xcd
 825 0393 00       		.byte	0
 826 0394 06       		.uleb128 0x6
 827 0395 04       		.byte	0x4
 828 0396 9A030000 		.4byte	0x39a
 829 039a 1D       		.uleb128 0x1d
 830 039b 1E       		.uleb128 0x1e
 831 039c 49030000 		.4byte	.LASF46
 832 03a0 06       		.byte	0x6
 833 03a1 D9       		.byte	0xd9
 834 03a2 19       		.uleb128 0x19
 835 03a3 83000000 		.4byte	0x83
 836 03a7 00       		.byte	0
 837 03a8 00       		.byte	0
 838              		.section	.debug_abbrev,"",%progbits
 839              	.Ldebug_abbrev0:
 840 0000 01       		.uleb128 0x1
 841 0001 11       		.uleb128 0x11
 842 0002 01       		.byte	0x1
 843 0003 25       		.uleb128 0x25
 844 0004 0E       		.uleb128 0xe
 845 0005 13       		.uleb128 0x13
 846 0006 0B       		.uleb128 0xb
 847 0007 03       		.uleb128 0x3
 848 0008 0E       		.uleb128 0xe
 849 0009 1B       		.uleb128 0x1b
 850 000a 0E       		.uleb128 0xe
 851 000b 55       		.uleb128 0x55
 852 000c 17       		.uleb128 0x17
 853 000d 11       		.uleb128 0x11
 854 000e 01       		.uleb128 0x1
 855 000f 10       		.uleb128 0x10
 856 0010 17       		.uleb128 0x17
 857 0011 00       		.byte	0
 858 0012 00       		.byte	0
 859 0013 02       		.uleb128 0x2
 860 0014 24       		.uleb128 0x24
 861 0015 00       		.byte	0
 862 0016 0B       		.uleb128 0xb
 863 0017 0B       		.uleb128 0xb
 864 0018 3E       		.uleb128 0x3e
 865 0019 0B       		.uleb128 0xb
 866 001a 03       		.uleb128 0x3
 867 001b 0E       		.uleb128 0xe
 868 001c 00       		.byte	0
 869 001d 00       		.byte	0
 870 001e 03       		.uleb128 0x3
 871 001f 24       		.uleb128 0x24
ARM GAS  C:\Users\MM1005~1\AppData\Local\Temp\ccdEWA4e.s 			page 22


 872 0020 00       		.byte	0
 873 0021 0B       		.uleb128 0xb
 874 0022 0B       		.uleb128 0xb
 875 0023 3E       		.uleb128 0x3e
 876 0024 0B       		.uleb128 0xb
 877 0025 03       		.uleb128 0x3
 878 0026 08       		.uleb128 0x8
 879 0027 00       		.byte	0
 880 0028 00       		.byte	0
 881 0029 04       		.uleb128 0x4
 882 002a 16       		.uleb128 0x16
 883 002b 00       		.byte	0
 884 002c 03       		.uleb128 0x3
 885 002d 0E       		.uleb128 0xe
 886 002e 3A       		.uleb128 0x3a
 887 002f 0B       		.uleb128 0xb
 888 0030 3B       		.uleb128 0x3b
 889 0031 05       		.uleb128 0x5
 890 0032 49       		.uleb128 0x49
 891 0033 13       		.uleb128 0x13
 892 0034 00       		.byte	0
 893 0035 00       		.byte	0
 894 0036 05       		.uleb128 0x5
 895 0037 35       		.uleb128 0x35
 896 0038 00       		.byte	0
 897 0039 49       		.uleb128 0x49
 898 003a 13       		.uleb128 0x13
 899 003b 00       		.byte	0
 900 003c 00       		.byte	0
 901 003d 06       		.uleb128 0x6
 902 003e 0F       		.uleb128 0xf
 903 003f 00       		.byte	0
 904 0040 0B       		.uleb128 0xb
 905 0041 0B       		.uleb128 0xb
 906 0042 49       		.uleb128 0x49
 907 0043 13       		.uleb128 0x13
 908 0044 00       		.byte	0
 909 0045 00       		.byte	0
 910 0046 07       		.uleb128 0x7
 911 0047 15       		.uleb128 0x15
 912 0048 00       		.byte	0
 913 0049 27       		.uleb128 0x27
 914 004a 19       		.uleb128 0x19
 915 004b 00       		.byte	0
 916 004c 00       		.byte	0
 917 004d 08       		.uleb128 0x8
 918 004e 0F       		.uleb128 0xf
 919 004f 00       		.byte	0
 920 0050 0B       		.uleb128 0xb
 921 0051 0B       		.uleb128 0xb
 922 0052 00       		.byte	0
 923 0053 00       		.byte	0
 924 0054 09       		.uleb128 0x9
 925 0055 2E       		.uleb128 0x2e
 926 0056 00       		.byte	0
 927 0057 03       		.uleb128 0x3
 928 0058 0E       		.uleb128 0xe
ARM GAS  C:\Users\MM1005~1\AppData\Local\Temp\ccdEWA4e.s 			page 23


 929 0059 3A       		.uleb128 0x3a
 930 005a 0B       		.uleb128 0xb
 931 005b 3B       		.uleb128 0x3b
 932 005c 0B       		.uleb128 0xb
 933 005d 27       		.uleb128 0x27
 934 005e 19       		.uleb128 0x19
 935 005f 11       		.uleb128 0x11
 936 0060 01       		.uleb128 0x1
 937 0061 12       		.uleb128 0x12
 938 0062 06       		.uleb128 0x6
 939 0063 40       		.uleb128 0x40
 940 0064 18       		.uleb128 0x18
 941 0065 9742     		.uleb128 0x2117
 942 0067 19       		.uleb128 0x19
 943 0068 00       		.byte	0
 944 0069 00       		.byte	0
 945 006a 0A       		.uleb128 0xa
 946 006b 2E       		.uleb128 0x2e
 947 006c 01       		.byte	0x1
 948 006d 3F       		.uleb128 0x3f
 949 006e 19       		.uleb128 0x19
 950 006f 03       		.uleb128 0x3
 951 0070 0E       		.uleb128 0xe
 952 0071 3A       		.uleb128 0x3a
 953 0072 0B       		.uleb128 0xb
 954 0073 3B       		.uleb128 0x3b
 955 0074 0B       		.uleb128 0xb
 956 0075 27       		.uleb128 0x27
 957 0076 19       		.uleb128 0x19
 958 0077 11       		.uleb128 0x11
 959 0078 01       		.uleb128 0x1
 960 0079 12       		.uleb128 0x12
 961 007a 06       		.uleb128 0x6
 962 007b 40       		.uleb128 0x40
 963 007c 18       		.uleb128 0x18
 964 007d 9742     		.uleb128 0x2117
 965 007f 19       		.uleb128 0x19
 966 0080 01       		.uleb128 0x1
 967 0081 13       		.uleb128 0x13
 968 0082 00       		.byte	0
 969 0083 00       		.byte	0
 970 0084 0B       		.uleb128 0xb
 971 0085 898201   		.uleb128 0x4109
 972 0088 01       		.byte	0x1
 973 0089 11       		.uleb128 0x11
 974 008a 01       		.uleb128 0x1
 975 008b 31       		.uleb128 0x31
 976 008c 13       		.uleb128 0x13
 977 008d 01       		.uleb128 0x1
 978 008e 13       		.uleb128 0x13
 979 008f 00       		.byte	0
 980 0090 00       		.byte	0
 981 0091 0C       		.uleb128 0xc
 982 0092 8A8201   		.uleb128 0x410a
 983 0095 00       		.byte	0
 984 0096 02       		.uleb128 0x2
 985 0097 18       		.uleb128 0x18
ARM GAS  C:\Users\MM1005~1\AppData\Local\Temp\ccdEWA4e.s 			page 24


 986 0098 9142     		.uleb128 0x2111
 987 009a 18       		.uleb128 0x18
 988 009b 00       		.byte	0
 989 009c 00       		.byte	0
 990 009d 0D       		.uleb128 0xd
 991 009e 898201   		.uleb128 0x4109
 992 00a1 00       		.byte	0
 993 00a2 11       		.uleb128 0x11
 994 00a3 01       		.uleb128 0x1
 995 00a4 31       		.uleb128 0x31
 996 00a5 13       		.uleb128 0x13
 997 00a6 00       		.byte	0
 998 00a7 00       		.byte	0
 999 00a8 0E       		.uleb128 0xe
 1000 00a9 2E       		.uleb128 0x2e
 1001 00aa 00       		.byte	0
 1002 00ab 3F       		.uleb128 0x3f
 1003 00ac 19       		.uleb128 0x19
 1004 00ad 03       		.uleb128 0x3
 1005 00ae 0E       		.uleb128 0xe
 1006 00af 3A       		.uleb128 0x3a
 1007 00b0 0B       		.uleb128 0xb
 1008 00b1 3B       		.uleb128 0x3b
 1009 00b2 0B       		.uleb128 0xb
 1010 00b3 27       		.uleb128 0x27
 1011 00b4 19       		.uleb128 0x19
 1012 00b5 11       		.uleb128 0x11
 1013 00b6 01       		.uleb128 0x1
 1014 00b7 12       		.uleb128 0x12
 1015 00b8 06       		.uleb128 0x6
 1016 00b9 40       		.uleb128 0x40
 1017 00ba 18       		.uleb128 0x18
 1018 00bb 9742     		.uleb128 0x2117
 1019 00bd 19       		.uleb128 0x19
 1020 00be 00       		.byte	0
 1021 00bf 00       		.byte	0
 1022 00c0 0F       		.uleb128 0xf
 1023 00c1 2E       		.uleb128 0x2e
 1024 00c2 01       		.byte	0x1
 1025 00c3 3F       		.uleb128 0x3f
 1026 00c4 19       		.uleb128 0x19
 1027 00c5 03       		.uleb128 0x3
 1028 00c6 0E       		.uleb128 0xe
 1029 00c7 3A       		.uleb128 0x3a
 1030 00c8 0B       		.uleb128 0xb
 1031 00c9 3B       		.uleb128 0x3b
 1032 00ca 0B       		.uleb128 0xb
 1033 00cb 27       		.uleb128 0x27
 1034 00cc 19       		.uleb128 0x19
 1035 00cd 49       		.uleb128 0x49
 1036 00ce 13       		.uleb128 0x13
 1037 00cf 11       		.uleb128 0x11
 1038 00d0 01       		.uleb128 0x1
 1039 00d1 12       		.uleb128 0x12
 1040 00d2 06       		.uleb128 0x6
 1041 00d3 40       		.uleb128 0x40
 1042 00d4 18       		.uleb128 0x18
ARM GAS  C:\Users\MM1005~1\AppData\Local\Temp\ccdEWA4e.s 			page 25


 1043 00d5 9742     		.uleb128 0x2117
 1044 00d7 19       		.uleb128 0x19
 1045 00d8 01       		.uleb128 0x1
 1046 00d9 13       		.uleb128 0x13
 1047 00da 00       		.byte	0
 1048 00db 00       		.byte	0
 1049 00dc 10       		.uleb128 0x10
 1050 00dd 05       		.uleb128 0x5
 1051 00de 00       		.byte	0
 1052 00df 03       		.uleb128 0x3
 1053 00e0 0E       		.uleb128 0xe
 1054 00e1 3A       		.uleb128 0x3a
 1055 00e2 0B       		.uleb128 0xb
 1056 00e3 3B       		.uleb128 0x3b
 1057 00e4 0B       		.uleb128 0xb
 1058 00e5 49       		.uleb128 0x49
 1059 00e6 13       		.uleb128 0x13
 1060 00e7 02       		.uleb128 0x2
 1061 00e8 17       		.uleb128 0x17
 1062 00e9 00       		.byte	0
 1063 00ea 00       		.byte	0
 1064 00eb 11       		.uleb128 0x11
 1065 00ec 34       		.uleb128 0x34
 1066 00ed 00       		.byte	0
 1067 00ee 03       		.uleb128 0x3
 1068 00ef 0E       		.uleb128 0xe
 1069 00f0 3A       		.uleb128 0x3a
 1070 00f1 0B       		.uleb128 0xb
 1071 00f2 3B       		.uleb128 0x3b
 1072 00f3 0B       		.uleb128 0xb
 1073 00f4 49       		.uleb128 0x49
 1074 00f5 13       		.uleb128 0x13
 1075 00f6 02       		.uleb128 0x2
 1076 00f7 17       		.uleb128 0x17
 1077 00f8 00       		.byte	0
 1078 00f9 00       		.byte	0
 1079 00fa 12       		.uleb128 0x12
 1080 00fb 898201   		.uleb128 0x4109
 1081 00fe 01       		.byte	0x1
 1082 00ff 11       		.uleb128 0x11
 1083 0100 01       		.uleb128 0x1
 1084 0101 31       		.uleb128 0x31
 1085 0102 13       		.uleb128 0x13
 1086 0103 00       		.byte	0
 1087 0104 00       		.byte	0
 1088 0105 13       		.uleb128 0x13
 1089 0106 26       		.uleb128 0x26
 1090 0107 00       		.byte	0
 1091 0108 49       		.uleb128 0x49
 1092 0109 13       		.uleb128 0x13
 1093 010a 00       		.byte	0
 1094 010b 00       		.byte	0
 1095 010c 14       		.uleb128 0x14
 1096 010d 01       		.uleb128 0x1
 1097 010e 01       		.byte	0x1
 1098 010f 49       		.uleb128 0x49
 1099 0110 13       		.uleb128 0x13
ARM GAS  C:\Users\MM1005~1\AppData\Local\Temp\ccdEWA4e.s 			page 26


 1100 0111 01       		.uleb128 0x1
 1101 0112 13       		.uleb128 0x13
 1102 0113 00       		.byte	0
 1103 0114 00       		.byte	0
 1104 0115 15       		.uleb128 0x15
 1105 0116 21       		.uleb128 0x21
 1106 0117 00       		.byte	0
 1107 0118 49       		.uleb128 0x49
 1108 0119 13       		.uleb128 0x13
 1109 011a 2F       		.uleb128 0x2f
 1110 011b 0B       		.uleb128 0xb
 1111 011c 00       		.byte	0
 1112 011d 00       		.byte	0
 1113 011e 16       		.uleb128 0x16
 1114 011f 34       		.uleb128 0x34
 1115 0120 00       		.byte	0
 1116 0121 03       		.uleb128 0x3
 1117 0122 0E       		.uleb128 0xe
 1118 0123 3A       		.uleb128 0x3a
 1119 0124 0B       		.uleb128 0xb
 1120 0125 3B       		.uleb128 0x3b
 1121 0126 0B       		.uleb128 0xb
 1122 0127 49       		.uleb128 0x49
 1123 0128 13       		.uleb128 0x13
 1124 0129 02       		.uleb128 0x2
 1125 012a 18       		.uleb128 0x18
 1126 012b 00       		.byte	0
 1127 012c 00       		.byte	0
 1128 012d 17       		.uleb128 0x17
 1129 012e 34       		.uleb128 0x34
 1130 012f 00       		.byte	0
 1131 0130 03       		.uleb128 0x3
 1132 0131 0E       		.uleb128 0xe
 1133 0132 3A       		.uleb128 0x3a
 1134 0133 0B       		.uleb128 0xb
 1135 0134 3B       		.uleb128 0x3b
 1136 0135 0B       		.uleb128 0xb
 1137 0136 49       		.uleb128 0x49
 1138 0137 13       		.uleb128 0x13
 1139 0138 3F       		.uleb128 0x3f
 1140 0139 19       		.uleb128 0x19
 1141 013a 3C       		.uleb128 0x3c
 1142 013b 19       		.uleb128 0x19
 1143 013c 00       		.byte	0
 1144 013d 00       		.byte	0
 1145 013e 18       		.uleb128 0x18
 1146 013f 2E       		.uleb128 0x2e
 1147 0140 01       		.byte	0x1
 1148 0141 3F       		.uleb128 0x3f
 1149 0142 19       		.uleb128 0x19
 1150 0143 03       		.uleb128 0x3
 1151 0144 0E       		.uleb128 0xe
 1152 0145 3A       		.uleb128 0x3a
 1153 0146 0B       		.uleb128 0xb
 1154 0147 3B       		.uleb128 0x3b
 1155 0148 05       		.uleb128 0x5
 1156 0149 27       		.uleb128 0x27
ARM GAS  C:\Users\MM1005~1\AppData\Local\Temp\ccdEWA4e.s 			page 27


 1157 014a 19       		.uleb128 0x19
 1158 014b 3C       		.uleb128 0x3c
 1159 014c 19       		.uleb128 0x19
 1160 014d 01       		.uleb128 0x1
 1161 014e 13       		.uleb128 0x13
 1162 014f 00       		.byte	0
 1163 0150 00       		.byte	0
 1164 0151 19       		.uleb128 0x19
 1165 0152 05       		.uleb128 0x5
 1166 0153 00       		.byte	0
 1167 0154 49       		.uleb128 0x49
 1168 0155 13       		.uleb128 0x13
 1169 0156 00       		.byte	0
 1170 0157 00       		.byte	0
 1171 0158 1A       		.uleb128 0x1a
 1172 0159 2E       		.uleb128 0x2e
 1173 015a 01       		.byte	0x1
 1174 015b 3F       		.uleb128 0x3f
 1175 015c 19       		.uleb128 0x19
 1176 015d 03       		.uleb128 0x3
 1177 015e 0E       		.uleb128 0xe
 1178 015f 3A       		.uleb128 0x3a
 1179 0160 0B       		.uleb128 0xb
 1180 0161 3B       		.uleb128 0x3b
 1181 0162 0B       		.uleb128 0xb
 1182 0163 27       		.uleb128 0x27
 1183 0164 19       		.uleb128 0x19
 1184 0165 3C       		.uleb128 0x3c
 1185 0166 19       		.uleb128 0x19
 1186 0167 01       		.uleb128 0x1
 1187 0168 13       		.uleb128 0x13
 1188 0169 00       		.byte	0
 1189 016a 00       		.byte	0
 1190 016b 1B       		.uleb128 0x1b
 1191 016c 2E       		.uleb128 0x2e
 1192 016d 00       		.byte	0
 1193 016e 3F       		.uleb128 0x3f
 1194 016f 19       		.uleb128 0x19
 1195 0170 03       		.uleb128 0x3
 1196 0171 0E       		.uleb128 0xe
 1197 0172 3A       		.uleb128 0x3a
 1198 0173 0B       		.uleb128 0xb
 1199 0174 3B       		.uleb128 0x3b
 1200 0175 0B       		.uleb128 0xb
 1201 0176 27       		.uleb128 0x27
 1202 0177 19       		.uleb128 0x19
 1203 0178 3C       		.uleb128 0x3c
 1204 0179 19       		.uleb128 0x19
 1205 017a 00       		.byte	0
 1206 017b 00       		.byte	0
 1207 017c 1C       		.uleb128 0x1c
 1208 017d 2E       		.uleb128 0x2e
 1209 017e 01       		.byte	0x1
 1210 017f 3F       		.uleb128 0x3f
 1211 0180 19       		.uleb128 0x19
 1212 0181 03       		.uleb128 0x3
 1213 0182 0E       		.uleb128 0xe
ARM GAS  C:\Users\MM1005~1\AppData\Local\Temp\ccdEWA4e.s 			page 28


 1214 0183 27       		.uleb128 0x27
 1215 0184 19       		.uleb128 0x19
 1216 0185 49       		.uleb128 0x49
 1217 0186 13       		.uleb128 0x13
 1218 0187 34       		.uleb128 0x34
 1219 0188 19       		.uleb128 0x19
 1220 0189 3C       		.uleb128 0x3c
 1221 018a 19       		.uleb128 0x19
 1222 018b 01       		.uleb128 0x1
 1223 018c 13       		.uleb128 0x13
 1224 018d 00       		.byte	0
 1225 018e 00       		.byte	0
 1226 018f 1D       		.uleb128 0x1d
 1227 0190 26       		.uleb128 0x26
 1228 0191 00       		.byte	0
 1229 0192 00       		.byte	0
 1230 0193 00       		.byte	0
 1231 0194 1E       		.uleb128 0x1e
 1232 0195 2E       		.uleb128 0x2e
 1233 0196 01       		.byte	0x1
 1234 0197 3F       		.uleb128 0x3f
 1235 0198 19       		.uleb128 0x19
 1236 0199 03       		.uleb128 0x3
 1237 019a 0E       		.uleb128 0xe
 1238 019b 3A       		.uleb128 0x3a
 1239 019c 0B       		.uleb128 0xb
 1240 019d 3B       		.uleb128 0x3b
 1241 019e 0B       		.uleb128 0xb
 1242 019f 27       		.uleb128 0x27
 1243 01a0 19       		.uleb128 0x19
 1244 01a1 3C       		.uleb128 0x3c
 1245 01a2 19       		.uleb128 0x19
 1246 01a3 00       		.byte	0
 1247 01a4 00       		.byte	0
 1248 01a5 00       		.byte	0
 1249              		.section	.debug_loc,"",%progbits
 1250              	.Ldebug_loc0:
 1251              	.LLST0:
 1252 0000 00000000 		.4byte	.LVL5
 1253 0004 18000000 		.4byte	.LVL9
 1254 0008 0100     		.2byte	0x1
 1255 000a 50       		.byte	0x50
 1256 000b 18000000 		.4byte	.LVL9
 1257 000f 58000000 		.4byte	.LVL14
 1258 0013 0100     		.2byte	0x1
 1259 0015 57       		.byte	0x57
 1260 0016 58000000 		.4byte	.LVL14
 1261 001a 5A000000 		.4byte	.LVL15
 1262 001e 0100     		.2byte	0x1
 1263 0020 50       		.byte	0x50
 1264 0021 5A000000 		.4byte	.LVL15
 1265 0025 5C000000 		.4byte	.LVL16
 1266 0029 0100     		.2byte	0x1
 1267 002b 57       		.byte	0x57
 1268 002c 5C000000 		.4byte	.LVL16
 1269 0030 5E000000 		.4byte	.LVL17
 1270 0034 0100     		.2byte	0x1
ARM GAS  C:\Users\MM1005~1\AppData\Local\Temp\ccdEWA4e.s 			page 29


 1271 0036 50       		.byte	0x50
 1272 0037 5E000000 		.4byte	.LVL17
 1273 003b 5E000000 		.4byte	.LVL19
 1274 003f 0100     		.2byte	0x1
 1275 0041 57       		.byte	0x57
 1276 0042 5E000000 		.4byte	.LVL19
 1277 0046 6C000000 		.4byte	.LFE4
 1278 004a 0400     		.2byte	0x4
 1279 004c F3       		.byte	0xf3
 1280 004d 01       		.uleb128 0x1
 1281 004e 50       		.byte	0x50
 1282 004f 9F       		.byte	0x9f
 1283 0050 00000000 		.4byte	0
 1284 0054 00000000 		.4byte	0
 1285              	.LLST1:
 1286 0058 00000000 		.4byte	.LVL5
 1287 005c 18000000 		.4byte	.LVL9
 1288 0060 0100     		.2byte	0x1
 1289 0062 51       		.byte	0x51
 1290 0063 18000000 		.4byte	.LVL9
 1291 0067 58000000 		.4byte	.LVL14
 1292 006b 0400     		.2byte	0x4
 1293 006d F3       		.byte	0xf3
 1294 006e 01       		.uleb128 0x1
 1295 006f 51       		.byte	0x51
 1296 0070 9F       		.byte	0x9f
 1297 0071 58000000 		.4byte	.LVL14
 1298 0075 5E000000 		.4byte	.LVL17
 1299 0079 0100     		.2byte	0x1
 1300 007b 51       		.byte	0x51
 1301 007c 5E000000 		.4byte	.LVL17
 1302 0080 6C000000 		.4byte	.LFE4
 1303 0084 0400     		.2byte	0x4
 1304 0086 F3       		.byte	0xf3
 1305 0087 01       		.uleb128 0x1
 1306 0088 51       		.byte	0x51
 1307 0089 9F       		.byte	0x9f
 1308 008a 00000000 		.4byte	0
 1309 008e 00000000 		.4byte	0
 1310              	.LLST2:
 1311 0092 00000000 		.4byte	.LVL5
 1312 0096 18000000 		.4byte	.LVL9
 1313 009a 0100     		.2byte	0x1
 1314 009c 52       		.byte	0x52
 1315 009d 18000000 		.4byte	.LVL9
 1316 00a1 58000000 		.4byte	.LVL14
 1317 00a5 0100     		.2byte	0x1
 1318 00a7 55       		.byte	0x55
 1319 00a8 58000000 		.4byte	.LVL14
 1320 00ac 5E000000 		.4byte	.LVL17
 1321 00b0 0100     		.2byte	0x1
 1322 00b2 52       		.byte	0x52
 1323 00b3 5E000000 		.4byte	.LVL17
 1324 00b7 5E000000 		.4byte	.LVL18
 1325 00bb 0100     		.2byte	0x1
 1326 00bd 55       		.byte	0x55
 1327 00be 5E000000 		.4byte	.LVL18
ARM GAS  C:\Users\MM1005~1\AppData\Local\Temp\ccdEWA4e.s 			page 30


 1328 00c2 6C000000 		.4byte	.LFE4
 1329 00c6 0400     		.2byte	0x4
 1330 00c8 F3       		.byte	0xf3
 1331 00c9 01       		.uleb128 0x1
 1332 00ca 52       		.byte	0x52
 1333 00cb 9F       		.byte	0x9f
 1334 00cc 00000000 		.4byte	0
 1335 00d0 00000000 		.4byte	0
 1336              	.LLST3:
 1337 00d4 00000000 		.4byte	.LVL5
 1338 00d8 18000000 		.4byte	.LVL9
 1339 00dc 0100     		.2byte	0x1
 1340 00de 53       		.byte	0x53
 1341 00df 18000000 		.4byte	.LVL9
 1342 00e3 58000000 		.4byte	.LVL14
 1343 00e7 0400     		.2byte	0x4
 1344 00e9 F3       		.byte	0xf3
 1345 00ea 01       		.uleb128 0x1
 1346 00eb 53       		.byte	0x53
 1347 00ec 9F       		.byte	0x9f
 1348 00ed 58000000 		.4byte	.LVL14
 1349 00f1 5E000000 		.4byte	.LVL17
 1350 00f5 0100     		.2byte	0x1
 1351 00f7 53       		.byte	0x53
 1352 00f8 5E000000 		.4byte	.LVL17
 1353 00fc 6C000000 		.4byte	.LFE4
 1354 0100 0400     		.2byte	0x4
 1355 0102 F3       		.byte	0xf3
 1356 0103 01       		.uleb128 0x1
 1357 0104 53       		.byte	0x53
 1358 0105 9F       		.byte	0x9f
 1359 0106 00000000 		.4byte	0
 1360 010a 00000000 		.4byte	0
 1361              	.LLST4:
 1362 010e 08000000 		.4byte	.LVL6
 1363 0112 10000000 		.4byte	.LVL7
 1364 0116 0200     		.2byte	0x2
 1365 0118 31       		.byte	0x31
 1366 0119 9F       		.byte	0x9f
 1367 011a 10000000 		.4byte	.LVL7
 1368 011e 44000000 		.4byte	.LVL10
 1369 0122 0200     		.2byte	0x2
 1370 0124 40       		.byte	0x40
 1371 0125 9F       		.byte	0x9f
 1372 0126 44000000 		.4byte	.LVL10
 1373 012a 48000000 		.4byte	.LVL11
 1374 012e 0200     		.2byte	0x2
 1375 0130 30       		.byte	0x30
 1376 0131 9F       		.byte	0x9f
 1377 0132 48000000 		.4byte	.LVL11
 1378 0136 58000000 		.4byte	.LVL14
 1379 013a 0200     		.2byte	0x2
 1380 013c 40       		.byte	0x40
 1381 013d 9F       		.byte	0x9f
 1382 013e 58000000 		.4byte	.LVL14
 1383 0142 5E000000 		.4byte	.LVL17
 1384 0146 0200     		.2byte	0x2
ARM GAS  C:\Users\MM1005~1\AppData\Local\Temp\ccdEWA4e.s 			page 31


 1385 0148 31       		.byte	0x31
 1386 0149 9F       		.byte	0x9f
 1387 014a 5E000000 		.4byte	.LVL17
 1388 014e 6C000000 		.4byte	.LFE4
 1389 0152 0100     		.2byte	0x1
 1390 0154 50       		.byte	0x50
 1391 0155 00000000 		.4byte	0
 1392 0159 00000000 		.4byte	0
 1393              	.LLST5:
 1394 015d 16000000 		.4byte	.LVL8
 1395 0161 58000000 		.4byte	.LVL14
 1396 0165 0100     		.2byte	0x1
 1397 0167 54       		.byte	0x54
 1398 0168 00000000 		.4byte	0
 1399 016c 00000000 		.4byte	0
 1400              	.LLST6:
 1401 0170 00000000 		.4byte	.LVL20
 1402 0174 14000000 		.4byte	.LVL23
 1403 0178 0100     		.2byte	0x1
 1404 017a 50       		.byte	0x50
 1405 017b 14000000 		.4byte	.LVL23
 1406 017f 1D000000 		.4byte	.LVL26-1
 1407 0183 0100     		.2byte	0x1
 1408 0185 53       		.byte	0x53
 1409 0186 1D000000 		.4byte	.LVL26-1
 1410 018a 24000000 		.4byte	.LVL28
 1411 018e 0400     		.2byte	0x4
 1412 0190 F3       		.byte	0xf3
 1413 0191 01       		.uleb128 0x1
 1414 0192 50       		.byte	0x50
 1415 0193 9F       		.byte	0x9f
 1416 0194 24000000 		.4byte	.LVL28
 1417 0198 26000000 		.4byte	.LVL29
 1418 019c 0100     		.2byte	0x1
 1419 019e 50       		.byte	0x50
 1420 019f 26000000 		.4byte	.LVL29
 1421 01a3 28000000 		.4byte	.LVL30
 1422 01a7 0100     		.2byte	0x1
 1423 01a9 53       		.byte	0x53
 1424 01aa 28000000 		.4byte	.LVL30
 1425 01ae 2A000000 		.4byte	.LVL31
 1426 01b2 0100     		.2byte	0x1
 1427 01b4 50       		.byte	0x50
 1428 01b5 2A000000 		.4byte	.LVL31
 1429 01b9 30000000 		.4byte	.LFE5
 1430 01bd 0400     		.2byte	0x4
 1431 01bf F3       		.byte	0xf3
 1432 01c0 01       		.uleb128 0x1
 1433 01c1 50       		.byte	0x50
 1434 01c2 9F       		.byte	0x9f
 1435 01c3 00000000 		.4byte	0
 1436 01c7 00000000 		.4byte	0
 1437              	.LLST7:
 1438 01cb 00000000 		.4byte	.LVL20
 1439 01cf 18000000 		.4byte	.LVL24
 1440 01d3 0100     		.2byte	0x1
 1441 01d5 51       		.byte	0x51
ARM GAS  C:\Users\MM1005~1\AppData\Local\Temp\ccdEWA4e.s 			page 32


 1442 01d6 18000000 		.4byte	.LVL24
 1443 01da 1A000000 		.4byte	.LVL25
 1444 01de 0200     		.2byte	0x2
 1445 01e0 72       		.byte	0x72
 1446 01e1 00       		.sleb128 0
 1447 01e2 1A000000 		.4byte	.LVL25
 1448 01e6 1D000000 		.4byte	.LVL26-1
 1449 01ea 0300     		.2byte	0x3
 1450 01ec F3       		.byte	0xf3
 1451 01ed 01       		.uleb128 0x1
 1452 01ee 52       		.byte	0x52
 1453 01ef 1D000000 		.4byte	.LVL26-1
 1454 01f3 24000000 		.4byte	.LVL28
 1455 01f7 0400     		.2byte	0x4
 1456 01f9 F3       		.byte	0xf3
 1457 01fa 01       		.uleb128 0x1
 1458 01fb 51       		.byte	0x51
 1459 01fc 9F       		.byte	0x9f
 1460 01fd 24000000 		.4byte	.LVL28
 1461 0201 2A000000 		.4byte	.LVL31
 1462 0205 0100     		.2byte	0x1
 1463 0207 51       		.byte	0x51
 1464 0208 2A000000 		.4byte	.LVL31
 1465 020c 30000000 		.4byte	.LFE5
 1466 0210 0400     		.2byte	0x4
 1467 0212 F3       		.byte	0xf3
 1468 0213 01       		.uleb128 0x1
 1469 0214 51       		.byte	0x51
 1470 0215 9F       		.byte	0x9f
 1471 0216 00000000 		.4byte	0
 1472 021a 00000000 		.4byte	0
 1473              	.LLST8:
 1474 021e 00000000 		.4byte	.LVL20
 1475 0222 1A000000 		.4byte	.LVL25
 1476 0226 0100     		.2byte	0x1
 1477 0228 52       		.byte	0x52
 1478 0229 1A000000 		.4byte	.LVL25
 1479 022d 24000000 		.4byte	.LVL28
 1480 0231 0400     		.2byte	0x4
 1481 0233 F3       		.byte	0xf3
 1482 0234 01       		.uleb128 0x1
 1483 0235 52       		.byte	0x52
 1484 0236 9F       		.byte	0x9f
 1485 0237 24000000 		.4byte	.LVL28
 1486 023b 2A000000 		.4byte	.LVL31
 1487 023f 0100     		.2byte	0x1
 1488 0241 52       		.byte	0x52
 1489 0242 2A000000 		.4byte	.LVL31
 1490 0246 30000000 		.4byte	.LFE5
 1491 024a 0400     		.2byte	0x4
 1492 024c F3       		.byte	0xf3
 1493 024d 01       		.uleb128 0x1
 1494 024e 52       		.byte	0x52
 1495 024f 9F       		.byte	0x9f
 1496 0250 00000000 		.4byte	0
 1497 0254 00000000 		.4byte	0
 1498              	.LLST9:
ARM GAS  C:\Users\MM1005~1\AppData\Local\Temp\ccdEWA4e.s 			page 33


 1499 0258 00000000 		.4byte	.LVL20
 1500 025c 04000000 		.4byte	.LVL21
 1501 0260 0100     		.2byte	0x1
 1502 0262 53       		.byte	0x53
 1503 0263 04000000 		.4byte	.LVL21
 1504 0267 30000000 		.4byte	.LFE5
 1505 026b 0400     		.2byte	0x4
 1506 026d F3       		.byte	0xf3
 1507 026e 01       		.uleb128 0x1
 1508 026f 53       		.byte	0x53
 1509 0270 9F       		.byte	0x9f
 1510 0271 00000000 		.4byte	0
 1511 0275 00000000 		.4byte	0
 1512              	.LLST10:
 1513 0279 06000000 		.4byte	.LVL22
 1514 027d 20000000 		.4byte	.LVL27
 1515 0281 0200     		.2byte	0x2
 1516 0283 31       		.byte	0x31
 1517 0284 9F       		.byte	0x9f
 1518 0285 20000000 		.4byte	.LVL27
 1519 0289 24000000 		.4byte	.LVL28
 1520 028d 0200     		.2byte	0x2
 1521 028f 30       		.byte	0x30
 1522 0290 9F       		.byte	0x9f
 1523 0291 24000000 		.4byte	.LVL28
 1524 0295 2A000000 		.4byte	.LVL31
 1525 0299 0200     		.2byte	0x2
 1526 029b 31       		.byte	0x31
 1527 029c 9F       		.byte	0x9f
 1528 029d 2A000000 		.4byte	.LVL31
 1529 02a1 30000000 		.4byte	.LFE5
 1530 02a5 0100     		.2byte	0x1
 1531 02a7 50       		.byte	0x50
 1532 02a8 00000000 		.4byte	0
 1533 02ac 00000000 		.4byte	0
 1534              		.section	.debug_aranges,"",%progbits
 1535 0000 44000000 		.4byte	0x44
 1536 0004 0200     		.2byte	0x2
 1537 0006 00000000 		.4byte	.Ldebug_info0
 1538 000a 04       		.byte	0x4
 1539 000b 00       		.byte	0
 1540 000c 0000     		.2byte	0
 1541 000e 0000     		.2byte	0
 1542 0010 00000000 		.4byte	.LFB6
 1543 0014 54000000 		.4byte	.LFE6-.LFB6
 1544 0018 00000000 		.4byte	.LFB1
 1545 001c 30000000 		.4byte	.LFE1-.LFB1
 1546 0020 00000000 		.4byte	.LFB2
 1547 0024 08000000 		.4byte	.LFE2-.LFB2
 1548 0028 00000000 		.4byte	.LFB3
 1549 002c 24000000 		.4byte	.LFE3-.LFB3
 1550 0030 00000000 		.4byte	.LFB4
 1551 0034 6C000000 		.4byte	.LFE4-.LFB4
 1552 0038 00000000 		.4byte	.LFB5
 1553 003c 30000000 		.4byte	.LFE5-.LFB5
 1554 0040 00000000 		.4byte	0
 1555 0044 00000000 		.4byte	0
ARM GAS  C:\Users\MM1005~1\AppData\Local\Temp\ccdEWA4e.s 			page 34


 1556              		.section	.debug_ranges,"",%progbits
 1557              	.Ldebug_ranges0:
 1558 0000 00000000 		.4byte	.LFB6
 1559 0004 54000000 		.4byte	.LFE6
 1560 0008 00000000 		.4byte	.LFB1
 1561 000c 30000000 		.4byte	.LFE1
 1562 0010 00000000 		.4byte	.LFB2
 1563 0014 08000000 		.4byte	.LFE2
 1564 0018 00000000 		.4byte	.LFB3
 1565 001c 24000000 		.4byte	.LFE3
 1566 0020 00000000 		.4byte	.LFB4
 1567 0024 6C000000 		.4byte	.LFE4
 1568 0028 00000000 		.4byte	.LFB5
 1569 002c 30000000 		.4byte	.LFE5
 1570 0030 00000000 		.4byte	0
 1571 0034 00000000 		.4byte	0
 1572              		.section	.debug_line,"",%progbits
 1573              	.Ldebug_line0:
 1574 0000 28010000 		.section	.debug_str,"MS",%progbits,1
 1574      02007F00 
 1574      00000201 
 1574      FB0E0D00 
 1574      01010101 
 1575              	.LASF25:
 1576 0000 74696D65 		.ascii	"timeoutMs\000"
 1576      6F75744D 
 1576      7300
 1577              	.LASF31:
 1578 000a 49324353 		.ascii	"I2CS_slStatus\000"
 1578      5F736C53 
 1578      74617475 
 1578      7300
 1579              	.LASF38:
 1580 0018 49324353 		.ascii	"I2CS_Start\000"
 1580      5F537461 
 1580      727400
 1581              	.LASF16:
 1582 0023 72656733 		.ascii	"reg32\000"
 1582      3200
 1583              	.LASF36:
 1584 0029 49324353 		.ascii	"I2CS_I2CSlaveInitReadBuf\000"
 1584      5F493243 
 1584      536C6176 
 1584      65496E69 
 1584      74526561 
 1585              	.LASF22:
 1586 0042 636F756E 		.ascii	"count\000"
 1586      7400
 1587              	.LASF3:
 1588 0048 73686F72 		.ascii	"short unsigned int\000"
 1588      7420756E 
 1588      7369676E 
 1588      65642069 
 1588      6E7400
 1589              	.LASF19:
 1590 005b 49324353 		.ascii	"I2CS_I2CCyBtldrCommStop\000"
 1590      5F493243 
ARM GAS  C:\Users\MM1005~1\AppData\Local\Temp\ccdEWA4e.s 			page 35


 1590      43794274 
 1590      6C647243 
 1590      6F6D6D53 
 1591              	.LASF24:
 1592 0073 73746174 		.ascii	"status\000"
 1592      757300
 1593              	.LASF27:
 1594 007a 49324353 		.ascii	"I2CS_I2CCyBtldrCommWrite\000"
 1594      5F493243 
 1594      43794274 
 1594      6C647243 
 1594      6F6D6D57 
 1595              	.LASF20:
 1596 0093 70446174 		.ascii	"pData\000"
 1596      6100
 1597              	.LASF29:
 1598 0099 49324353 		.ascii	"I2CS_slWriteBuf\000"
 1598      5F736C57 
 1598      72697465 
 1598      42756600 
 1599              	.LASF12:
 1600 00a9 666C6F61 		.ascii	"float\000"
 1600      7400
 1601              	.LASF26:
 1602 00af 49324353 		.ascii	"I2CS_I2CCyBtldrCommRead\000"
 1602      5F493243 
 1602      43794274 
 1602      6C647243 
 1602      6F6D6D52 
 1603              	.LASF21:
 1604 00c7 73697A65 		.ascii	"size\000"
 1604      00
 1605              	.LASF41:
 1606 00cc 474E5520 		.ascii	"GNU C 4.9.3 20150303 (release) [ARM/embedded-4_9-br"
 1606      4320342E 
 1606      392E3320 
 1606      32303135 
 1606      30333033 
 1607 00ff 616E6368 		.ascii	"anch revision 221220] -mcpu=cortex-m0plus -mthumb -"
 1607      20726576 
 1607      6973696F 
 1607      6E203232 
 1607      31323230 
 1608 0132 67202D4F 		.ascii	"g -Og -ffunction-sections -ffat-lto-objects\000"
 1608      67202D66 
 1608      66756E63 
 1608      74696F6E 
 1608      2D736563 
 1609              	.LASF32:
 1610 015e 49324353 		.ascii	"I2CS_slWrBufIndex\000"
 1610      5F736C57 
 1610      72427566 
 1610      496E6465 
 1610      7800
 1611              	.LASF37:
 1612 0170 49324353 		.ascii	"I2CS_SetCustomInterruptHandler\000"
 1612      5F536574 
ARM GAS  C:\Users\MM1005~1\AppData\Local\Temp\ccdEWA4e.s 			page 36


 1612      43757374 
 1612      6F6D496E 
 1612      74657272 
 1613              	.LASF5:
 1614 018f 6C6F6E67 		.ascii	"long unsigned int\000"
 1614      20756E73 
 1614      69676E65 
 1614      6420696E 
 1614      7400
 1615              	.LASF9:
 1616 01a1 75696E74 		.ascii	"uint8\000"
 1616      3800
 1617              	.LASF30:
 1618 01a7 49324353 		.ascii	"I2CS_applyBuffer\000"
 1618      5F617070 
 1618      6C794275 
 1618      66666572 
 1618      00
 1619              	.LASF1:
 1620 01b8 756E7369 		.ascii	"unsigned char\000"
 1620      676E6564 
 1620      20636861 
 1620      7200
 1621              	.LASF44:
 1622 01c6 49324353 		.ascii	"I2CS_I2CResposeInsert\000"
 1622      5F493243 
 1622      52657370 
 1622      6F736549 
 1622      6E736572 
 1623              	.LASF13:
 1624 01dc 646F7562 		.ascii	"double\000"
 1624      6C6500
 1625              	.LASF28:
 1626 01e3 49324353 		.ascii	"I2CS_slReadBuf\000"
 1626      5F736C52 
 1626      65616442 
 1626      756600
 1627              	.LASF10:
 1628 01f2 75696E74 		.ascii	"uint16\000"
 1628      313600
 1629              	.LASF15:
 1630 01f9 63797374 		.ascii	"cystatus\000"
 1630      61747573 
 1630      00
 1631              	.LASF11:
 1632 0202 75696E74 		.ascii	"uint32\000"
 1632      333200
 1633              	.LASF35:
 1634 0209 49324353 		.ascii	"I2CS_I2CSlaveInitWriteBuf\000"
 1634      5F493243 
 1634      536C6176 
 1634      65496E69 
 1634      74577269 
 1635              	.LASF8:
 1636 0223 756E7369 		.ascii	"unsigned int\000"
 1636      676E6564 
 1636      20696E74 
ARM GAS  C:\Users\MM1005~1\AppData\Local\Temp\ccdEWA4e.s 			page 37


 1636      00
 1637              	.LASF7:
 1638 0230 6C6F6E67 		.ascii	"long long unsigned int\000"
 1638      206C6F6E 
 1638      6720756E 
 1638      7369676E 
 1638      65642069 
 1639              	.LASF39:
 1640 0247 49324353 		.ascii	"I2CS_Stop\000"
 1640      5F53746F 
 1640      7000
 1641              	.LASF23:
 1642 0251 74696D65 		.ascii	"timeOut\000"
 1642      4F757400 
 1643              	.LASF34:
 1644 0259 49324353 		.ascii	"I2CS_slRdBufIndex\000"
 1644      5F736C52 
 1644      64427566 
 1644      496E6465 
 1644      7800
 1645              	.LASF17:
 1646 026b 73697A65 		.ascii	"sizetype\000"
 1646      74797065 
 1646      00
 1647              	.LASF6:
 1648 0274 6C6F6E67 		.ascii	"long long int\000"
 1648      206C6F6E 
 1648      6720696E 
 1648      7400
 1649              	.LASF40:
 1650 0282 6D656D63 		.ascii	"memcpy\000"
 1650      707900
 1651              	.LASF43:
 1652 0289 433A5C77 		.ascii	"C:\\work\\Eddie\\capsense\\i2csimple\\Bootloader.cy"
 1652      6F726B5C 
 1652      45646469 
 1652      655C6361 
 1652      7073656E 
 1653 02b7 64736E00 		.ascii	"dsn\000"
 1654              	.LASF2:
 1655 02bb 73686F72 		.ascii	"short int\000"
 1655      7420696E 
 1655      7400
 1656              	.LASF42:
 1657 02c5 47656E65 		.ascii	"Generated_Source\\PSoC4\\I2CS_I2C_BOOT.c\000"
 1657      72617465 
 1657      645F536F 
 1657      75726365 
 1657      5C50536F 
 1658              	.LASF4:
 1659 02ec 6C6F6E67 		.ascii	"long int\000"
 1659      20696E74 
 1659      00
 1660              	.LASF14:
 1661 02f5 63686172 		.ascii	"char\000"
 1661      00
 1662              	.LASF45:
ARM GAS  C:\Users\MM1005~1\AppData\Local\Temp\ccdEWA4e.s 			page 38


 1663 02fa 49324353 		.ascii	"I2CS_I2CCyBtldrCommReset\000"
 1663      5F493243 
 1663      43794274 
 1663      6C647243 
 1663      6F6D6D52 
 1664              	.LASF0:
 1665 0313 7369676E 		.ascii	"signed char\000"
 1665      65642063 
 1665      68617200 
 1666              	.LASF33:
 1667 031f 49324353 		.ascii	"I2CS_slRdBufSize\000"
 1667      5F736C52 
 1667      64427566 
 1667      53697A65 
 1667      00
 1668              	.LASF18:
 1669 0330 49324353 		.ascii	"I2CS_I2CCyBtldrCommStart\000"
 1669      5F493243 
 1669      43794274 
 1669      6C647243 
 1669      6F6D6D53 
 1670              	.LASF46:
 1671 0349 43794465 		.ascii	"CyDelay\000"
 1671      6C617900 
 1672              		.ident	"GCC: (GNU Tools for ARM Embedded Processors) 4.9.3 20150303 (release) [ARM/embedded-4_9-br
