--------------- Build Started: 05/15/2017 14:29:06 Project: SCB_I2cCommSlave01, Configuration: ARM GCC 4.9-2015-q1-update Debug ---------------
cydsfit.exe -.appdatapath "C:\Users\mm1005301\AppData\Local\Cypress Semiconductor\PSoC Creator\4.0" -.fdsnotice -.fdswarpdepfile=warp_dependencies.txt -.fdselabdepfile=elab_dependencies.txt -.fdsbldfile=generated_files.txt -.fdsreffile=referenced_files.txt -p "C:\Users\mm1005301\Documents\PSoC Creator\SCB_I2cCommSlave01\SCB_I2cCommSlave01.cydsn\SCB_I2cCommSlave01.cyprj" -d CY8C4245AXI-483 -s "C:\Users\mm1005301\Documents\PSoC Creator\SCB_I2cCommSlave01\SCB_I2cCommSlave01.cydsn\Generated_Source\PSoC4" -- -yv2 -q10 -ygs -o2 -v3 -.fftcfgtype=LE
Elaborating Design...
HDL Generation...
Synthesis...
Tech Mapping...
Analog Placement...
Analog Routing...
Analog Code Generation...
Digital Placement...
Digital Routing...
Bitstream Generation...
Bitstream Verification...
Static timing analysis...
API Generation...
Dependency Generation...
Cleanup...
arm-none-eabi-gcc.exe -mcpu=cortex-m0 -mthumb -I. -IGenerated_Source\PSoC4 -Wa,-alh=.\CortexM0\ARM_GCC_493\Debug/main.lst -g -D DEBUG -Wall -ffunction-sections -O0 -ffat-lto-objects -c main.c -o .\CortexM0\ARM_GCC_493\Debug\main.o
arm-none-eabi-gcc.exe -mcpu=cortex-m0 -mthumb -I. -IGenerated_Source\PSoC4 -Wa,-alh=.\CortexM0\ARM_GCC_493\Debug/cyfitter_cfg.lst -g -D DEBUG -Wall -ffunction-sections -O0 -ffat-lto-objects -c Generated_Source\PSoC4\cyfitter_cfg.c -o .\CortexM0\ARM_GCC_493\Debug\cyfitter_cfg.o
arm-none-eabi-gcc.exe -mcpu=cortex-m0 -mthumb -I. -IGenerated_Source\PSoC4 -Wa,-alh=.\CortexM0\ARM_GCC_493\Debug/cymetadata.lst -g -D DEBUG -Wall -ffunction-sections -O0 -ffat-lto-objects -c Generated_Source\PSoC4\cymetadata.c -o .\CortexM0\ARM_GCC_493\Debug\cymetadata.o
arm-none-eabi-gcc.exe -mcpu=cortex-m0 -mthumb -I. -IGenerated_Source\PSoC4 -Wa,-alh=.\CortexM0\ARM_GCC_493\Debug/LED_RED.lst -g -D DEBUG -Wall -ffunction-sections -O0 -ffat-lto-objects -c Generated_Source\PSoC4\LED_RED.c -o .\CortexM0\ARM_GCC_493\Debug\LED_RED.o
arm-none-eabi-gcc.exe -mcpu=cortex-m0 -mthumb -I. -IGenerated_Source\PSoC4 -Wa,-alh=.\CortexM0\ARM_GCC_493\Debug/LED_RED_PM.lst -g -D DEBUG -Wall -ffunction-sections -O0 -ffat-lto-objects -c Generated_Source\PSoC4\LED_RED_PM.c -o .\CortexM0\ARM_GCC_493\Debug\LED_RED_PM.o
arm-none-eabi-gcc.exe -mcpu=cortex-m0 -mthumb -I. -IGenerated_Source\PSoC4 -Wa,-alh=.\CortexM0\ARM_GCC_493\Debug/LED_GREEN.lst -g -D DEBUG -Wall -ffunction-sections -O0 -ffat-lto-objects -c Generated_Source\PSoC4\LED_GREEN.c -o .\CortexM0\ARM_GCC_493\Debug\LED_GREEN.o
arm-none-eabi-gcc.exe -mcpu=cortex-m0 -mthumb -I. -IGenerated_Source\PSoC4 -Wa,-alh=.\CortexM0\ARM_GCC_493\Debug/LED_GREEN_PM.lst -g -D DEBUG -Wall -ffunction-sections -O0 -ffat-lto-objects -c Generated_Source\PSoC4\LED_GREEN_PM.c -o .\CortexM0\ARM_GCC_493\Debug\LED_GREEN_PM.o
arm-none-eabi-gcc.exe -mcpu=cortex-m0 -mthumb -I. -IGenerated_Source\PSoC4 -Wa,-alh=.\CortexM0\ARM_GCC_493\Debug/LED_BLUE.lst -g -D DEBUG -Wall -ffunction-sections -O0 -ffat-lto-objects -c Generated_Source\PSoC4\LED_BLUE.c -o .\CortexM0\ARM_GCC_493\Debug\LED_BLUE.o
arm-none-eabi-gcc.exe -mcpu=cortex-m0 -mthumb -I. -IGenerated_Source\PSoC4 -Wa,-alh=.\CortexM0\ARM_GCC_493\Debug/LED_BLUE_PM.lst -g -D DEBUG -Wall -ffunction-sections -O0 -ffat-lto-objects -c Generated_Source\PSoC4\LED_BLUE_PM.c -o .\CortexM0\ARM_GCC_493\Debug\LED_BLUE_PM.o
arm-none-eabi-gcc.exe -mcpu=cortex-m0 -mthumb -I. -IGenerated_Source\PSoC4 -Wa,-alh=.\CortexM0\ARM_GCC_493\Debug/I2CS.lst -g -D DEBUG -Wall -ffunction-sections -O0 -ffat-lto-objects -c Generated_Source\PSoC4\I2CS.c -o .\CortexM0\ARM_GCC_493\Debug\I2CS.o
arm-none-eabi-gcc.exe -mcpu=cortex-m0 -mthumb -I. -IGenerated_Source\PSoC4 -Wa,-alh=.\CortexM0\ARM_GCC_493\Debug/I2CS_I2C_INT.lst -g -D DEBUG -Wall -ffunction-sections -O0 -ffat-lto-objects -c Generated_Source\PSoC4\I2CS_I2C_INT.c -o .\CortexM0\ARM_GCC_493\Debug\I2CS_I2C_INT.o
arm-none-eabi-gcc.exe -mcpu=cortex-m0 -mthumb -I. -IGenerated_Source\PSoC4 -Wa,-alh=.\CortexM0\ARM_GCC_493\Debug/I2CS_I2C.lst -g -D DEBUG -Wall -ffunction-sections -O0 -ffat-lto-objects -c Generated_Source\PSoC4\I2CS_I2C.c -o .\CortexM0\ARM_GCC_493\Debug\I2CS_I2C.o
arm-none-eabi-gcc.exe -mcpu=cortex-m0 -mthumb -I. -IGenerated_Source\PSoC4 -Wa,-alh=.\CortexM0\ARM_GCC_493\Debug/I2CS_I2C_BOOT.lst -g -D DEBUG -Wall -ffunction-sections -O0 -ffat-lto-objects -c Generated_Source\PSoC4\I2CS_I2C_BOOT.c -o .\CortexM0\ARM_GCC_493\Debug\I2CS_I2C_BOOT.o
arm-none-eabi-gcc.exe -mcpu=cortex-m0 -mthumb -I. -IGenerated_Source\PSoC4 -Wa,-alh=.\CortexM0\ARM_GCC_493\Debug/I2CS_I2C_SLAVE.lst -g -D DEBUG -Wall -ffunction-sections -O0 -ffat-lto-objects -c Generated_Source\PSoC4\I2CS_I2C_SLAVE.c -o .\CortexM0\ARM_GCC_493\Debug\I2CS_I2C_SLAVE.o
arm-none-eabi-gcc.exe -mcpu=cortex-m0 -mthumb -I. -IGenerated_Source\PSoC4 -Wa,-alh=.\CortexM0\ARM_GCC_493\Debug/I2CS_PM.lst -g -D DEBUG -Wall -ffunction-sections -O0 -ffat-lto-objects -c Generated_Source\PSoC4\I2CS_PM.c -o .\CortexM0\ARM_GCC_493\Debug\I2CS_PM.o
arm-none-eabi-gcc.exe -mcpu=cortex-m0 -mthumb -I. -IGenerated_Source\PSoC4 -Wa,-alh=.\CortexM0\ARM_GCC_493\Debug/I2CS_BOOT.lst -g -D DEBUG -Wall -ffunction-sections -O0 -ffat-lto-objects -c Generated_Source\PSoC4\I2CS_BOOT.c -o .\CortexM0\ARM_GCC_493\Debug\I2CS_BOOT.o
arm-none-eabi-gcc.exe -mcpu=cortex-m0 -mthumb -I. -IGenerated_Source\PSoC4 -Wa,-alh=.\CortexM0\ARM_GCC_493\Debug/I2CS_SCBCLK.lst -g -D DEBUG -Wall -ffunction-sections -O0 -ffat-lto-objects -c Generated_Source\PSoC4\I2CS_SCBCLK.c -o .\CortexM0\ARM_GCC_493\Debug\I2CS_SCBCLK.o
arm-none-eabi-gcc.exe -mcpu=cortex-m0 -mthumb -I. -IGenerated_Source\PSoC4 -Wa,-alh=.\CortexM0\ARM_GCC_493\Debug/I2CS_sda.lst -g -D DEBUG -Wall -ffunction-sections -O0 -ffat-lto-objects -c Generated_Source\PSoC4\I2CS_sda.c -o .\CortexM0\ARM_GCC_493\Debug\I2CS_sda.o
arm-none-eabi-gcc.exe -mcpu=cortex-m0 -mthumb -I. -IGenerated_Source\PSoC4 -Wa,-alh=.\CortexM0\ARM_GCC_493\Debug/I2CS_sda_PM.lst -g -D DEBUG -Wall -ffunction-sections -O0 -ffat-lto-objects -c Generated_Source\PSoC4\I2CS_sda_PM.c -o .\CortexM0\ARM_GCC_493\Debug\I2CS_sda_PM.o
arm-none-eabi-gcc.exe -mcpu=cortex-m0 -mthumb -I. -IGenerated_Source\PSoC4 -Wa,-alh=.\CortexM0\ARM_GCC_493\Debug/I2CS_scl.lst -g -D DEBUG -Wall -ffunction-sections -O0 -ffat-lto-objects -c Generated_Source\PSoC4\I2CS_scl.c -o .\CortexM0\ARM_GCC_493\Debug\I2CS_scl.o
arm-none-eabi-gcc.exe -mcpu=cortex-m0 -mthumb -I. -IGenerated_Source\PSoC4 -Wa,-alh=.\CortexM0\ARM_GCC_493\Debug/I2CS_scl_PM.lst -g -D DEBUG -Wall -ffunction-sections -O0 -ffat-lto-objects -c Generated_Source\PSoC4\I2CS_scl_PM.c -o .\CortexM0\ARM_GCC_493\Debug\I2CS_scl_PM.o
arm-none-eabi-gcc.exe -mcpu=cortex-m0 -mthumb -I. -IGenerated_Source\PSoC4 -Wa,-alh=.\CortexM0\ARM_GCC_493\Debug/I2CS_SCB_IRQ.lst -g -D DEBUG -Wall -ffunction-sections -O0 -ffat-lto-objects -c Generated_Source\PSoC4\I2CS_SCB_IRQ.c -o .\CortexM0\ARM_GCC_493\Debug\I2CS_SCB_IRQ.o
arm-none-eabi-gcc.exe -mcpu=cortex-m0 -mthumb -I. -IGenerated_Source\PSoC4 -Wa,-alh=.\CortexM0\ARM_GCC_493\Debug/Cm0Start.lst -g -D DEBUG -Wall -ffunction-sections -O0 -ffat-lto-objects -c Generated_Source\PSoC4\Cm0Start.c -o .\CortexM0\ARM_GCC_493\Debug\Cm0Start.o
arm-none-eabi-gcc.exe -mcpu=cortex-m0 -mthumb -I. -IGenerated_Source\PSoC4 -Wa,-alh=.\CortexM0\ARM_GCC_493\Debug/CyFlash.lst -g -D DEBUG -Wall -ffunction-sections -O0 -ffat-lto-objects -c Generated_Source\PSoC4\CyFlash.c -o .\CortexM0\ARM_GCC_493\Debug\CyFlash.o
arm-none-eabi-gcc.exe -mcpu=cortex-m0 -mthumb -I. -IGenerated_Source\PSoC4 -Wa,-alh=.\CortexM0\ARM_GCC_493\Debug/CyLib.lst -g -D DEBUG -Wall -ffunction-sections -O0 -ffat-lto-objects -c Generated_Source\PSoC4\CyLib.c -o .\CortexM0\ARM_GCC_493\Debug\CyLib.o
arm-none-eabi-gcc.exe -mcpu=cortex-m0 -mthumb -I. -IGenerated_Source\PSoC4 -Wa,-alh=.\CortexM0\ARM_GCC_493\Debug/cyPm.lst -g -D DEBUG -Wall -ffunction-sections -O0 -ffat-lto-objects -c Generated_Source\PSoC4\cyPm.c -o .\CortexM0\ARM_GCC_493\Debug\cyPm.o
arm-none-eabi-gcc.exe -mcpu=cortex-m0 -mthumb -I. -IGenerated_Source\PSoC4 -Wa,-alh=.\CortexM0\ARM_GCC_493\Debug/cyutils.lst -g -D DEBUG -Wall -ffunction-sections -O0 -ffat-lto-objects -c Generated_Source\PSoC4\cyutils.c -o .\CortexM0\ARM_GCC_493\Debug\cyutils.o
arm-none-eabi-gcc.exe -mcpu=cortex-m0 -mthumb -I. -IGenerated_Source\PSoC4 -Wa,-alh=.\CortexM0\ARM_GCC_493\Debug/CyLFClk.lst -g -D DEBUG -Wall -ffunction-sections -O0 -ffat-lto-objects -c Generated_Source\PSoC4\CyLFClk.c -o .\CortexM0\ARM_GCC_493\Debug\CyLFClk.o
arm-none-eabi-gcc.exe -mcpu=cortex-m0 -mthumb -I. -IGenerated_Source\PSoC4 -Wa,-alh=.\CortexM0\ARM_GCC_493\Debug/cap_int.lst -g -D DEBUG -Wall -ffunction-sections -O0 -ffat-lto-objects -c Generated_Source\PSoC4\cap_int.c -o .\CortexM0\ARM_GCC_493\Debug\cap_int.o
arm-none-eabi-gcc.exe -mcpu=cortex-m0 -mthumb -I. -IGenerated_Source\PSoC4 -Wa,-alh=.\CortexM0\ARM_GCC_493\Debug/cap_int_PM.lst -g -D DEBUG -Wall -ffunction-sections -O0 -ffat-lto-objects -c Generated_Source\PSoC4\cap_int_PM.c -o .\CortexM0\ARM_GCC_493\Debug\cap_int_PM.o
arm-none-eabi-as.exe -mcpu=cortex-m0 -mthumb -I. -IGenerated_Source\PSoC4 -alh=.\CortexM0\ARM_GCC_493\Debug/CyBootAsmGnu.lst -g -o .\CortexM0\ARM_GCC_493\Debug\CyBootAsmGnu.o Generated_Source\PSoC4\CyBootAsmGnu.s
arm-none-eabi-ar.exe -rs .\CortexM0\ARM_GCC_493\Debug\SCB_I2cCommSlave01.a .\CortexM0\ARM_GCC_493\Debug\cyfitter_cfg.o .\CortexM0\ARM_GCC_493\Debug\LED_RED.o .\CortexM0\ARM_GCC_493\Debug\LED_RED_PM.o .\CortexM0\ARM_GCC_493\Debug\LED_GREEN.o .\CortexM0\ARM_GCC_493\Debug\LED_GREEN_PM.o .\CortexM0\ARM_GCC_493\Debug\LED_BLUE.o .\CortexM0\ARM_GCC_493\Debug\LED_BLUE_PM.o .\CortexM0\ARM_GCC_493\Debug\I2CS.o .\CortexM0\ARM_GCC_493\Debug\I2CS_I2C_INT.o .\CortexM0\ARM_GCC_493\Debug\I2CS_I2C.o .\CortexM0\ARM_GCC_493\Debug\I2CS_I2C_BOOT.o .\CortexM0\ARM_GCC_493\Debug\I2CS_I2C_SLAVE.o .\CortexM0\ARM_GCC_493\Debug\I2CS_PM.o .\CortexM0\ARM_GCC_493\Debug\I2CS_BOOT.o .\CortexM0\ARM_GCC_493\Debug\I2CS_SCBCLK.o .\CortexM0\ARM_GCC_493\Debug\I2CS_sda.o .\CortexM0\ARM_GCC_493\Debug\I2CS_sda_PM.o .\CortexM0\ARM_GCC_493\Debug\I2CS_scl.o .\CortexM0\ARM_GCC_493\Debug\I2CS_scl_PM.o .\CortexM0\ARM_GCC_493\Debug\I2CS_SCB_IRQ.o .\CortexM0\ARM_GCC_493\Debug\CyFlash.o .\CortexM0\ARM_GCC_493\Debug\CyLib.o .\CortexM0\ARM_GCC_493\Debug\cyPm.o .\CortexM0\ARM_GCC_493\Debug\cyutils.o .\CortexM0\ARM_GCC_493\Debug\CyLFClk.o .\CortexM0\ARM_GCC_493\Debug\cap_int.o .\CortexM0\ARM_GCC_493\Debug\cap_int_PM.o .\CortexM0\ARM_GCC_493\Debug\CyBootAsmGnu.o
arm-none-eabi-ar.exe: creating .\CortexM0\ARM_GCC_493\Debug\SCB_I2cCommSlave01.a
arm-none-eabi-gcc.exe -Wl,--start-group -o .\CortexM0\ARM_GCC_493\Debug\SCB_I2cCommSlave01.elf .\CortexM0\ARM_GCC_493\Debug\main.o .\CortexM0\ARM_GCC_493\Debug\cymetadata.o .\CortexM0\ARM_GCC_493\Debug\Cm0Start.o .\CortexM0\ARM_GCC_493\Debug\SCB_I2cCommSlave01.a "C:\Program Files (x86)\Cypress\PSoC Creator\4.0\PSoC Creator\psoc\content\cycomponentlibrary\CyComponentLibrary.cylib\CortexM0\ARM_GCC_493\Debug\CyComponentLibrary.a" -mcpu=cortex-m0 -mthumb -g -ffunction-sections -O0 -ffat-lto-objects -L Generated_Source\PSoC4 -Wl,-Map,.\CortexM0\ARM_GCC_493\Debug/SCB_I2cCommSlave01.map -T "C:\Users\mm1005301\Documents\PSoC Creator\SCB_I2cCommSlave01\SCB_I2cCommSlave01.cydsn\Generated_Source\PSoC4\cm0gcc.ld" -specs=nano.specs -Wl,--gc-sections -Wl,--end-group
cyelftool.exe -C "C:\Users\mm1005301\Documents\PSoC Creator\SCB_I2cCommSlave01\SCB_I2cCommSlave01.cydsn\CortexM0\ARM_GCC_493\Debug\SCB_I2cCommSlave01.elf" --flash_row_size 128 --flash_size 32768
cyelftool.exe -S "C:\Users\mm1005301\Documents\PSoC Creator\SCB_I2cCommSlave01\SCB_I2cCommSlave01.cydsn\CortexM0\ARM_GCC_493\Debug\SCB_I2cCommSlave01.elf"
Flash used: 4688 of 32768 bytes (14.3 %).
SRAM used: 1684 of 4096 bytes (41.1 %). Stack: 1024 bytes. Heap: 256 bytes.
--------------- Build Succeeded: 05/15/2017 14:29:16 ---------------
