ARM GAS  /tmp/ccSLubY4.s 			page 1


   1              		.cpu cortex-m0plus
   2              		.fpu softvfp
   3              		.eabi_attribute 20, 1
   4              		.eabi_attribute 21, 1
   5              		.eabi_attribute 23, 3
   6              		.eabi_attribute 24, 1
   7              		.eabi_attribute 25, 1
   8              		.eabi_attribute 26, 1
   9              		.eabi_attribute 30, 1
  10              		.eabi_attribute 34, 0
  11              		.eabi_attribute 18, 4
  12              		.code	16
  13              		.file	"CapSense_Centroid_LL.c"
  14              		.text
  15              	.Ltext0:
  16              		.cfi_sections	.debug_frame
  17              		.section	.text.CapSense_DpFindLocalMaxSd,"ax",%progbits
  18              		.align	2
  19              		.global	CapSense_DpFindLocalMaxSd
  20              		.code	16
  21              		.thumb_func
  22              		.type	CapSense_DpFindLocalMaxSd, %function
  23              	CapSense_DpFindLocalMaxSd:
  24              	.LFB1:
  25              		.file 1 "Generated_Source/PSoC4/CapSense_Centroid_LL.c"
   1:Generated_Source/PSoC4/CapSense_Centroid_LL.c **** /***************************************************************************//**
   2:Generated_Source/PSoC4/CapSense_Centroid_LL.c **** * \file CapSense_Centroid_LL.c
   3:Generated_Source/PSoC4/CapSense_Centroid_LL.c **** * \version 3.10
   4:Generated_Source/PSoC4/CapSense_Centroid_LL.c **** *
   5:Generated_Source/PSoC4/CapSense_Centroid_LL.c **** * \brief
   6:Generated_Source/PSoC4/CapSense_Centroid_LL.c **** * This file provides the source code for the centroid calculation methods
   7:Generated_Source/PSoC4/CapSense_Centroid_LL.c **** * of the Component.
   8:Generated_Source/PSoC4/CapSense_Centroid_LL.c **** *
   9:Generated_Source/PSoC4/CapSense_Centroid_LL.c **** * \see CapSense P4 v3.10 Datasheet
  10:Generated_Source/PSoC4/CapSense_Centroid_LL.c **** * 
  11:Generated_Source/PSoC4/CapSense_Centroid_LL.c **** *//*****************************************************************************
  12:Generated_Source/PSoC4/CapSense_Centroid_LL.c **** * Copyright (2016), Cypress Semiconductor Corporation.
  13:Generated_Source/PSoC4/CapSense_Centroid_LL.c **** ********************************************************************************
  14:Generated_Source/PSoC4/CapSense_Centroid_LL.c **** * This software is owned by Cypress Semiconductor Corporation (Cypress) and is
  15:Generated_Source/PSoC4/CapSense_Centroid_LL.c **** * protected by and subject to worldwide patent protection (United States and
  16:Generated_Source/PSoC4/CapSense_Centroid_LL.c **** * foreign), United States copyright laws and international treaty provisions.
  17:Generated_Source/PSoC4/CapSense_Centroid_LL.c **** * Cypress hereby grants to licensee a personal, non-exclusive, non-transferable
  18:Generated_Source/PSoC4/CapSense_Centroid_LL.c **** * license to copy, use, modify, create derivative works of, and compile the
  19:Generated_Source/PSoC4/CapSense_Centroid_LL.c **** * Cypress Source Code and derivative works for the sole purpose of creating
  20:Generated_Source/PSoC4/CapSense_Centroid_LL.c **** * custom software in support of licensee product to be used only in conjunction
  21:Generated_Source/PSoC4/CapSense_Centroid_LL.c **** * with a Cypress integrated circuit as specified in the applicable agreement.
  22:Generated_Source/PSoC4/CapSense_Centroid_LL.c **** * Any reproduction, modification, translation, compilation, or representation of
  23:Generated_Source/PSoC4/CapSense_Centroid_LL.c **** * this software except as specified above is prohibited without the express
  24:Generated_Source/PSoC4/CapSense_Centroid_LL.c **** * written permission of Cypress.
  25:Generated_Source/PSoC4/CapSense_Centroid_LL.c **** *
  26:Generated_Source/PSoC4/CapSense_Centroid_LL.c **** * Disclaimer: CYPRESS MAKES NO WARRANTY OF ANY KIND, EXPRESS OR IMPLIED, WITH
  27:Generated_Source/PSoC4/CapSense_Centroid_LL.c **** * REGARD TO THIS MATERIAL, INCLUDING, BUT NOT LIMITED TO, THE IMPLIED
  28:Generated_Source/PSoC4/CapSense_Centroid_LL.c **** * WARRANTIES OF MERCHANTABILITY AND FITNESS FOR A PARTICULAR PURPOSE.
  29:Generated_Source/PSoC4/CapSense_Centroid_LL.c **** * Cypress reserves the right to make changes without further notice to the
  30:Generated_Source/PSoC4/CapSense_Centroid_LL.c **** * materials described herein. Cypress does not assume any liability arising out
  31:Generated_Source/PSoC4/CapSense_Centroid_LL.c **** * of the application or use of any product or circuit described herein. Cypress
  32:Generated_Source/PSoC4/CapSense_Centroid_LL.c **** * does not authorize its products for use as critical components in life-support
ARM GAS  /tmp/ccSLubY4.s 			page 2


  33:Generated_Source/PSoC4/CapSense_Centroid_LL.c **** * systems where a malfunction or failure may reasonably be expected to result in
  34:Generated_Source/PSoC4/CapSense_Centroid_LL.c **** * significant injury to the user. The inclusion of Cypress' product in a life-
  35:Generated_Source/PSoC4/CapSense_Centroid_LL.c **** * support systems application implies that the manufacturer assumes all risk of
  36:Generated_Source/PSoC4/CapSense_Centroid_LL.c **** * such use and in doing so indemnifies Cypress against all charges. Use may be
  37:Generated_Source/PSoC4/CapSense_Centroid_LL.c **** * limited by and subject to the applicable Cypress software license agreement.
  38:Generated_Source/PSoC4/CapSense_Centroid_LL.c **** *******************************************************************************/
  39:Generated_Source/PSoC4/CapSense_Centroid_LL.c **** 
  40:Generated_Source/PSoC4/CapSense_Centroid_LL.c **** #include "cytypes.h"
  41:Generated_Source/PSoC4/CapSense_Centroid_LL.c **** #include "CyLib.h"
  42:Generated_Source/PSoC4/CapSense_Centroid_LL.c **** #include "CapSense_Centroid_LL.h"
  43:Generated_Source/PSoC4/CapSense_Centroid_LL.c **** #include "CapSense_Configuration.h"
  44:Generated_Source/PSoC4/CapSense_Centroid_LL.c **** #include "CapSense_Structure.h"
  45:Generated_Source/PSoC4/CapSense_Centroid_LL.c **** #include "CapSense_Filter.h"
  46:Generated_Source/PSoC4/CapSense_Centroid_LL.c **** 
  47:Generated_Source/PSoC4/CapSense_Centroid_LL.c **** /*******************************************************************************
  48:Generated_Source/PSoC4/CapSense_Centroid_LL.c **** * Local definition
  49:Generated_Source/PSoC4/CapSense_Centroid_LL.c **** *******************************************************************************/
  50:Generated_Source/PSoC4/CapSense_Centroid_LL.c **** #define CapSense_CENTROID_LEGACY_MODE                (0x01u)
  51:Generated_Source/PSoC4/CapSense_Centroid_LL.c **** #define CapSense_CENTROID_MULTI_TOUCH_MODE           (0x02u)
  52:Generated_Source/PSoC4/CapSense_Centroid_LL.c **** 
  53:Generated_Source/PSoC4/CapSense_Centroid_LL.c **** #if (CapSense_NUM_CENTROIDS == 0x01u)
  54:Generated_Source/PSoC4/CapSense_Centroid_LL.c ****     #define CapSense_CENTROID_MODE  CapSense_CENTROID_LEGACY_MODE
  55:Generated_Source/PSoC4/CapSense_Centroid_LL.c **** #else   
  56:Generated_Source/PSoC4/CapSense_Centroid_LL.c ****     #define CapSense_CENTROID_MODE  CapSense_CENTROID_MULTI_TOUCH_MODE
  57:Generated_Source/PSoC4/CapSense_Centroid_LL.c **** #endif /* #if CapSense_NUM_CENTROIDS == 0x01u */
  58:Generated_Source/PSoC4/CapSense_Centroid_LL.c **** 
  59:Generated_Source/PSoC4/CapSense_Centroid_LL.c **** #if CapSense_CSX_TOUCHPAD_WIDGET_EN
  60:Generated_Source/PSoC4/CapSense_Centroid_LL.c ****     #define CapSense_CSX_TOUCHPAD_BUFFER_SIZE \
  61:Generated_Source/PSoC4/CapSense_Centroid_LL.c ****             (((CapSense_CSX_MAX_LOCAL_PEAKS + 3u) * sizeof(int8)) +                                
  62:Generated_Source/PSoC4/CapSense_Centroid_LL.c ****             (CapSense_CSX_MAX_LOCAL_PEAKS * CapSense_CSX_MAX_LOCAL_PEAKS * sizeof(int32)) + /* dist
  63:Generated_Source/PSoC4/CapSense_Centroid_LL.c ****             (CapSense_CSX_MAX_LOCAL_PEAKS * sizeof(int32)) +                                       
  64:Generated_Source/PSoC4/CapSense_Centroid_LL.c ****             (CapSense_CSX_MAX_LOCAL_PEAKS * sizeof(int8)) +                                        
  65:Generated_Source/PSoC4/CapSense_Centroid_LL.c ****             (CapSense_CSX_MAX_LOCAL_PEAKS * sizeof(int8)) +                                        
  66:Generated_Source/PSoC4/CapSense_Centroid_LL.c ****             (CapSense_CSX_MAX_LOCAL_PEAKS * sizeof(int8)))                                         
  67:Generated_Source/PSoC4/CapSense_Centroid_LL.c **** 
  68:Generated_Source/PSoC4/CapSense_Centroid_LL.c ****     #define CapSense_CSX_TOUCHPAD_FT_ON_FAIL                (0x81u)
  69:Generated_Source/PSoC4/CapSense_Centroid_LL.c ****     #define CapSense_CSX_TOUCHPAD_TOUCH_ABSENT_ID           (0x82u)
  70:Generated_Source/PSoC4/CapSense_Centroid_LL.c ****     #define CapSense_CSX_TOUCHPAD_DEBOUNCE_ENABLE           (0u)
  71:Generated_Source/PSoC4/CapSense_Centroid_LL.c ****     #define CapSense_CSX_TOUCHPAD_TOUCH_MIN_ID              (0u)
  72:Generated_Source/PSoC4/CapSense_Centroid_LL.c ****     #define CapSense_CSX_TOUCHPAD_TOUCH_MAX_ID              (CapSense_CSX_MAX_LOCAL_PEAKS - 1u)
  73:Generated_Source/PSoC4/CapSense_Centroid_LL.c ****     #define CapSense_CSX_TOUCHPAD_INT32                     (0x7FFFFFFFu)
  74:Generated_Source/PSoC4/CapSense_Centroid_LL.c ****     #define CapSense_CSX_TOUCHPAD_TOUCH_DOWN                (0x80u)
  75:Generated_Source/PSoC4/CapSense_Centroid_LL.c ****     #define CapSense_CSX_TOUCHPAD_LIFT_OFF                  (0x40u)
  76:Generated_Source/PSoC4/CapSense_Centroid_LL.c ****     #define CapSense_CSX_TOUCHPAD_DEBOUNCE_MASK             (0x3Fu)
  77:Generated_Source/PSoC4/CapSense_Centroid_LL.c ****     #define CapSense_CSX_TOUCHPAD_POSITION_FILTER_EN        \
  78:Generated_Source/PSoC4/CapSense_Centroid_LL.c ****                 (CapSense_POS_IIR_FILTER_EN                     || \
  79:Generated_Source/PSoC4/CapSense_Centroid_LL.c ****                  CapSense_CSX_TOUCHPAD_POS_MEDIAN_FILTER_EN     || \
  80:Generated_Source/PSoC4/CapSense_Centroid_LL.c ****                  CapSense_POS_AVERAGE_FILTER_EN                 || \
  81:Generated_Source/PSoC4/CapSense_Centroid_LL.c ****                  CapSense_POS_JITTER_FILTER_EN)
  82:Generated_Source/PSoC4/CapSense_Centroid_LL.c ****     #define CapSense_CSX_TOUCHPAD_POSITION_NONE             (0xFFFFu)
  83:Generated_Source/PSoC4/CapSense_Centroid_LL.c ****     #define CapSense_CSX_TOUCHPAD_Z_SHIFT                   (0x04u)
  84:Generated_Source/PSoC4/CapSense_Centroid_LL.c ****     #define CapSense_CSX_TOUCHPAD_PADDING                   (3Lu)
  85:Generated_Source/PSoC4/CapSense_Centroid_LL.c ****     #define CapSense_CSX_TOUCHPAD_CENTROID_LENGTH           (3u)
  86:Generated_Source/PSoC4/CapSense_Centroid_LL.c ****     #define CapSense_CSX_TOUCHPAD_CENTROID_PREVIOUS         (0u)
  87:Generated_Source/PSoC4/CapSense_Centroid_LL.c ****     #define CapSense_CSX_TOUCHPAD_CENTROID_CENTER           (1u)
  88:Generated_Source/PSoC4/CapSense_Centroid_LL.c ****     #define CapSense_CSX_TOUCHPAD_CENTROID_NEXT             (2u)
  89:Generated_Source/PSoC4/CapSense_Centroid_LL.c **** 
ARM GAS  /tmp/ccSLubY4.s 			page 3


  90:Generated_Source/PSoC4/CapSense_Centroid_LL.c **** #endif /* CapSense_CSX_TOUCHPAD_WIDGET_EN */
  91:Generated_Source/PSoC4/CapSense_Centroid_LL.c **** 
  92:Generated_Source/PSoC4/CapSense_Centroid_LL.c **** /*******************************************************************************
  93:Generated_Source/PSoC4/CapSense_Centroid_LL.c **** * Static variables definition
  94:Generated_Source/PSoC4/CapSense_Centroid_LL.c **** *******************************************************************************/
  95:Generated_Source/PSoC4/CapSense_Centroid_LL.c **** static uint8 localMax[CapSense_NUM_CENTROIDS];
  96:Generated_Source/PSoC4/CapSense_Centroid_LL.c **** static CapSense_THRESHOLD_TYPE localDiffArray[CapSense_NUM_CENTROIDS][3u];
  97:Generated_Source/PSoC4/CapSense_Centroid_LL.c **** static uint8 localMaxIndex;
  98:Generated_Source/PSoC4/CapSense_Centroid_LL.c **** 
  99:Generated_Source/PSoC4/CapSense_Centroid_LL.c **** #if ( 0u !=CapSense_CSX_TOUCHPAD_WIDGET_EN)    
 100:Generated_Source/PSoC4/CapSense_Centroid_LL.c ****     static CapSense_CSX_TOUCHPAD_DATA_STRUCT newTouches;
 101:Generated_Source/PSoC4/CapSense_Centroid_LL.c ****     static CapSense_CSX_TOUCHPAD_DATA_STRUCT *ptrNewTouches = &newTouches;
 102:Generated_Source/PSoC4/CapSense_Centroid_LL.c ****     static uint8 newActiveIDs = 0u;
 103:Generated_Source/PSoC4/CapSense_Centroid_LL.c ****     static uint8 oldActiveIDs = 0u;
 104:Generated_Source/PSoC4/CapSense_Centroid_LL.c **** 
 105:Generated_Source/PSoC4/CapSense_Centroid_LL.c ****     typedef int32 CapSense_CSX_TOUCHPAD_DISTANCE_MAP[CapSense_CSX_MAX_LOCAL_PEAKS];
 106:Generated_Source/PSoC4/CapSense_Centroid_LL.c **** #endif /* ( 0u !=CapSense_CSX_TOUCHPAD_WIDGET_EN) */
 107:Generated_Source/PSoC4/CapSense_Centroid_LL.c **** 
 108:Generated_Source/PSoC4/CapSense_Centroid_LL.c **** /*******************************************************************************
 109:Generated_Source/PSoC4/CapSense_Centroid_LL.c **** * API Prototypes
 110:Generated_Source/PSoC4/CapSense_Centroid_LL.c **** *******************************************************************************/
 111:Generated_Source/PSoC4/CapSense_Centroid_LL.c **** #if (0u !=CapSense_CSX_TOUCHPAD_WIDGET_EN)
 112:Generated_Source/PSoC4/CapSense_Centroid_LL.c ****     CY_INLINE static void CapSense_TransferTouch(uint32 newIndex, uint32 oldIndex, CapSense_CSX_TOU
 113:Generated_Source/PSoC4/CapSense_Centroid_LL.c ****     static void CapSense_NewTouch(uint32 newIndex, uint8 onDebounce, uint16 fingerOnThreshold);
 114:Generated_Source/PSoC4/CapSense_Centroid_LL.c ****     CY_INLINE static uint8 CapSense_GetLowestId(uint16 idMask);
 115:Generated_Source/PSoC4/CapSense_Centroid_LL.c ****     CY_INLINE static uint32 CapSense_CalcDistance(uint32 newIndex, uint32 oldIndex, CapSense_CSX_TO
 116:Generated_Source/PSoC4/CapSense_Centroid_LL.c ****     static void CapSense_Hungarian(uint8 rowCount, uint8 colCount, int8 *fingerPosIndex,
 117:Generated_Source/PSoC4/CapSense_Centroid_LL.c ****                                            CapSense_CSX_TOUCHPAD_DISTANCE_MAP *distanceMap);
 118:Generated_Source/PSoC4/CapSense_Centroid_LL.c ****     static void CapSense_FillDistanceMap(CapSense_CSX_TOUCHPAD_DISTANCE_MAP *distanceMap, 
 119:Generated_Source/PSoC4/CapSense_Centroid_LL.c ****                                                  CapSense_CSX_TOUCHPAD_DATA_STRUCT *ptrOldTouches);
 120:Generated_Source/PSoC4/CapSense_Centroid_LL.c ****     CY_INLINE static void CapSense_TouchDownDebounce(void);
 121:Generated_Source/PSoC4/CapSense_Centroid_LL.c ****     CY_INLINE static void CapSense_SortByAge(void);
 122:Generated_Source/PSoC4/CapSense_Centroid_LL.c ****     CY_INLINE static void CapSense_CopyTouchRecord(CapSense_CSX_TOUCHPAD_PEAK_STRUCT *destination, 
 123:Generated_Source/PSoC4/CapSense_Centroid_LL.c ****                                                            CapSense_CSX_TOUCHPAD_PEAK_STRUCT *sourc
 124:Generated_Source/PSoC4/CapSense_Centroid_LL.c ****     #if (0u != CapSense_OFF_DEBOUNCE_EN)
 125:Generated_Source/PSoC4/CapSense_Centroid_LL.c ****     CY_INLINE static void CapSense_LiftOffDebounce(uint8 offDebounce, 
 126:Generated_Source/PSoC4/CapSense_Centroid_LL.c ****                                                            CapSense_CSX_TOUCHPAD_DATA_STRUCT *ptrOl
 127:Generated_Source/PSoC4/CapSense_Centroid_LL.c ****     #endif /* (0u != CapSense_OFF_DEBOUNCE_EN) */     
 128:Generated_Source/PSoC4/CapSense_Centroid_LL.c **** #endif /* (0u !=CapSense_CSX_TOUCHPAD_WIDGET_EN) */
 129:Generated_Source/PSoC4/CapSense_Centroid_LL.c **** 
 130:Generated_Source/PSoC4/CapSense_Centroid_LL.c **** 
 131:Generated_Source/PSoC4/CapSense_Centroid_LL.c **** /*******************************************************************************
 132:Generated_Source/PSoC4/CapSense_Centroid_LL.c **** * Function Name: CapSense_DpFindLocalMaxSd
 133:Generated_Source/PSoC4/CapSense_Centroid_LL.c **** ****************************************************************************//**
 134:Generated_Source/PSoC4/CapSense_Centroid_LL.c **** *
 135:Generated_Source/PSoC4/CapSense_Centroid_LL.c **** * \brief
 136:Generated_Source/PSoC4/CapSense_Centroid_LL.c **** *   Finds the maximum in the widget differences and prepares array with maximum difference 
 137:Generated_Source/PSoC4/CapSense_Centroid_LL.c **** *   and it's neighbour differences in Legacy mode (only one touch can be found).
 138:Generated_Source/PSoC4/CapSense_Centroid_LL.c **** *   Finds the maxima in the widget differences and prepares arrays with maxima difference 
 139:Generated_Source/PSoC4/CapSense_Centroid_LL.c **** *   and theirs neighbour differences in Multi-Touch mode (maximum three touches can be found).
 140:Generated_Source/PSoC4/CapSense_Centroid_LL.c **** *   This API is used in conjunction with CapSense_DpCalcLinearCentroid or 
 141:Generated_Source/PSoC4/CapSense_Centroid_LL.c **** *   CapSense__DpCalcRadialCentroid, because they use shared static data: localMax[], 
 142:Generated_Source/PSoC4/CapSense_Centroid_LL.c **** *   localDiffArray[][3u], localMaxIndex.
 143:Generated_Source/PSoC4/CapSense_Centroid_LL.c **** *
 144:Generated_Source/PSoC4/CapSense_Centroid_LL.c **** * \details
 145:Generated_Source/PSoC4/CapSense_Centroid_LL.c **** *   The localMax[] is used to store the index of the maximum/maxima.
 146:Generated_Source/PSoC4/CapSense_Centroid_LL.c **** *   The localDiffArray[][] is used to store values of the maximum/maxima and neighbour differences.
ARM GAS  /tmp/ccSLubY4.s 			page 4


 147:Generated_Source/PSoC4/CapSense_Centroid_LL.c **** *   The localMaxIndex is used to store the number of maxima have been actually found.
 148:Generated_Source/PSoC4/CapSense_Centroid_LL.c **** *
 149:Generated_Source/PSoC4/CapSense_Centroid_LL.c **** * \param ptrSns The pointer to the first sensor.
 150:Generated_Source/PSoC4/CapSense_Centroid_LL.c **** * \param snsCount The total sensor number in the widget.
 151:Generated_Source/PSoC4/CapSense_Centroid_LL.c **** * \param fingerThreshold The finger threshold in the widget.
 152:Generated_Source/PSoC4/CapSense_Centroid_LL.c **** *
 153:Generated_Source/PSoC4/CapSense_Centroid_LL.c **** * \return Returns the number of maxima found.
 154:Generated_Source/PSoC4/CapSense_Centroid_LL.c **** *
 155:Generated_Source/PSoC4/CapSense_Centroid_LL.c **** *******************************************************************************/    
 156:Generated_Source/PSoC4/CapSense_Centroid_LL.c **** #if (CapSense_NUM_CENTROIDS == 0x01u)
 157:Generated_Source/PSoC4/CapSense_Centroid_LL.c **** 
 158:Generated_Source/PSoC4/CapSense_Centroid_LL.c **** uint32 CapSense_DpFindLocalMaxSd(
 159:Generated_Source/PSoC4/CapSense_Centroid_LL.c ****                         CapSense_RAM_SNS_STRUCT ptrSns[],
 160:Generated_Source/PSoC4/CapSense_Centroid_LL.c ****                         uint32 snsCount, 
 161:Generated_Source/PSoC4/CapSense_Centroid_LL.c ****                         uint32 fingerThreshold)
 162:Generated_Source/PSoC4/CapSense_Centroid_LL.c **** {
  26              		.loc 1 162 0
  27              		.cfi_startproc
  28              	.LVL0:
  29 0000 F0B5     		push	{r4, r5, r6, r7, lr}
  30              		.cfi_def_cfa_offset 20
  31              		.cfi_offset 4, -20
  32              		.cfi_offset 5, -16
  33              		.cfi_offset 6, -12
  34              		.cfi_offset 7, -8
  35              		.cfi_offset 14, -4
  36              	.LVL1:
 163:Generated_Source/PSoC4/CapSense_Centroid_LL.c ****     uint32 sensorId;        
 164:Generated_Source/PSoC4/CapSense_Centroid_LL.c ****     CapSense_RAM_SNS_STRUCT *localPtrSns = ptrSns;   
 165:Generated_Source/PSoC4/CapSense_Centroid_LL.c ****     CapSense_THRESHOLD_TYPE temp = 0u;
 166:Generated_Source/PSoC4/CapSense_Centroid_LL.c ****     localMaxIndex = 0u;
  37              		.loc 1 166 0
  38 0002 0024     		mov	r4, #0
  39 0004 244B     		ldr	r3, .L8
  40 0006 1C70     		strb	r4, [r3]
  41              	.LVL2:
 164:Generated_Source/PSoC4/CapSense_Centroid_LL.c ****     CapSense_THRESHOLD_TYPE temp = 0u;
  42              		.loc 1 164 0
  43 0008 041C     		mov	r4, r0
 165:Generated_Source/PSoC4/CapSense_Centroid_LL.c ****     localMaxIndex = 0u;
  44              		.loc 1 165 0
  45 000a 0026     		mov	r6, #0
 167:Generated_Source/PSoC4/CapSense_Centroid_LL.c ****     
 168:Generated_Source/PSoC4/CapSense_Centroid_LL.c ****     for (sensorId = 0u; sensorId < snsCount; sensorId++)
  46              		.loc 1 168 0
  47 000c 0023     		mov	r3, #0
  48 000e 0BE0     		b	.L2
  49              	.LVL3:
  50              	.L4:
 169:Generated_Source/PSoC4/CapSense_Centroid_LL.c ****     {                      
 170:Generated_Source/PSoC4/CapSense_Centroid_LL.c ****         if ((localPtrSns->diff > fingerThreshold) && (localPtrSns->diff > temp))
  51              		.loc 1 170 0
  52 0010 E588     		ldrh	r5, [r4, #6]
  53 0012 9542     		cmp	r5, r2
  54 0014 06D9     		bls	.L3
  55              		.loc 1 170 0 is_stmt 0 discriminator 1
  56 0016 AE42     		cmp	r6, r5
ARM GAS  /tmp/ccSLubY4.s 			page 5


  57 0018 04D2     		bcs	.L3
 171:Generated_Source/PSoC4/CapSense_Centroid_LL.c ****         {
 172:Generated_Source/PSoC4/CapSense_Centroid_LL.c ****             localMax[0u] = LO8(sensorId);
  58              		.loc 1 172 0 is_stmt 1
  59 001a 1F4E     		ldr	r6, .L8
  60              	.LVL4:
  61 001c 3371     		strb	r3, [r6, #4]
  62              	.LVL5:
 173:Generated_Source/PSoC4/CapSense_Centroid_LL.c ****             temp = localPtrSns->diff;
 174:Generated_Source/PSoC4/CapSense_Centroid_LL.c ****             localMaxIndex = 1u;
  63              		.loc 1 174 0
  64 001e 0127     		mov	r7, #1
  65 0020 3770     		strb	r7, [r6]
 173:Generated_Source/PSoC4/CapSense_Centroid_LL.c ****             temp = localPtrSns->diff;
  66              		.loc 1 173 0
  67 0022 2E1C     		mov	r6, r5
  68              	.LVL6:
  69              	.L3:
 175:Generated_Source/PSoC4/CapSense_Centroid_LL.c ****         }
 176:Generated_Source/PSoC4/CapSense_Centroid_LL.c ****         localPtrSns++;
  70              		.loc 1 176 0 discriminator 2
  71 0024 0E34     		add	r4, r4, #14
  72              	.LVL7:
 168:Generated_Source/PSoC4/CapSense_Centroid_LL.c ****     {                      
  73              		.loc 1 168 0 discriminator 2
  74 0026 0133     		add	r3, r3, #1
  75              	.LVL8:
  76              	.L2:
 168:Generated_Source/PSoC4/CapSense_Centroid_LL.c ****     {                      
  77              		.loc 1 168 0 is_stmt 0 discriminator 1
  78 0028 8B42     		cmp	r3, r1
  79 002a F1D3     		bcc	.L4
 177:Generated_Source/PSoC4/CapSense_Centroid_LL.c ****     }
 178:Generated_Source/PSoC4/CapSense_Centroid_LL.c **** 
 179:Generated_Source/PSoC4/CapSense_Centroid_LL.c ****     /* Prepare single-dimension centroid calculation array */
 180:Generated_Source/PSoC4/CapSense_Centroid_LL.c ****     if (localMaxIndex != 0u)
  80              		.loc 1 180 0 is_stmt 1
  81 002c 1A4B     		ldr	r3, .L8
  82              	.LVL9:
  83 002e 1C78     		ldrb	r4, [r3]
  84              	.LVL10:
  85 0030 002C     		cmp	r4, #0
  86 0032 2FD0     		beq	.L5
 181:Generated_Source/PSoC4/CapSense_Centroid_LL.c ****     {
 182:Generated_Source/PSoC4/CapSense_Centroid_LL.c ****         localDiffArray[0u][CapSense_CENTROID_POS] = ptrSns[localMax[0u]].diff;
  87              		.loc 1 182 0
  88 0034 1D1C     		mov	r5, r3
  89 0036 1A79     		ldrb	r2, [r3, #4]
  90              	.LVL11:
  91 0038 D300     		lsl	r3, r2, #3
  92 003a 9B1A     		sub	r3, r3, r2
  93 003c 5B00     		lsl	r3, r3, #1
  94 003e C618     		add	r6, r0, r3
  95              	.LVL12:
  96 0040 F688     		ldrh	r6, [r6, #6]
  97 0042 6E81     		strh	r6, [r5, #10]
 183:Generated_Source/PSoC4/CapSense_Centroid_LL.c **** 
ARM GAS  /tmp/ccSLubY4.s 			page 6


 184:Generated_Source/PSoC4/CapSense_Centroid_LL.c ****         if (localMax[0u] == 0u)
  98              		.loc 1 184 0
  99 0044 002A     		cmp	r2, #0
 100 0046 0ED1     		bne	.L6
 185:Generated_Source/PSoC4/CapSense_Centroid_LL.c ****         {
 186:Generated_Source/PSoC4/CapSense_Centroid_LL.c ****             localDiffArray[0u][CapSense_CENTROID_POS_PREV] = ptrSns[snsCount - 1u].diff;
 101              		.loc 1 186 0
 102 0048 CB00     		lsl	r3, r1, #3
 103 004a 591A     		sub	r1, r3, r1
 104              	.LVL13:
 105 004c 4900     		lsl	r1, r1, #1
 106 004e 0E39     		sub	r1, r1, #14
 107 0050 4118     		add	r1, r0, r1
 108 0052 CB88     		ldrh	r3, [r1, #6]
 109 0054 2B81     		strh	r3, [r5, #8]
 187:Generated_Source/PSoC4/CapSense_Centroid_LL.c ****             localDiffArray[0u][CapSense_CENTROID_POS_NEXT] = ptrSns[localMax[0u] + 1u].diff;
 110              		.loc 1 187 0
 111 0056 0132     		add	r2, r2, #1
 112 0058 D300     		lsl	r3, r2, #3
 113 005a 9A1A     		sub	r2, r3, r2
 114 005c 5200     		lsl	r2, r2, #1
 115 005e 8018     		add	r0, r0, r2
 116              	.LVL14:
 117 0060 C388     		ldrh	r3, [r0, #6]
 118 0062 AB81     		strh	r3, [r5, #12]
 119 0064 16E0     		b	.L5
 120              	.LVL15:
 121              	.L6:
 188:Generated_Source/PSoC4/CapSense_Centroid_LL.c ****         }    
 189:Generated_Source/PSoC4/CapSense_Centroid_LL.c ****         else if (localMax[0u] == (snsCount - 1u))
 122              		.loc 1 189 0
 123 0066 0139     		sub	r1, r1, #1
 124              	.LVL16:
 125 0068 8A42     		cmp	r2, r1
 126 006a 07D1     		bne	.L7
 190:Generated_Source/PSoC4/CapSense_Centroid_LL.c ****         {
 191:Generated_Source/PSoC4/CapSense_Centroid_LL.c ****             localDiffArray[0u][CapSense_CENTROID_POS_PREV] = ptrSns[localMax[0u] - 1u].diff;
 127              		.loc 1 191 0
 128 006c 0E3B     		sub	r3, r3, #14
 129 006e C318     		add	r3, r0, r3
 130 0070 DA88     		ldrh	r2, [r3, #6]
 131 0072 094B     		ldr	r3, .L8
 132 0074 1A81     		strh	r2, [r3, #8]
 192:Generated_Source/PSoC4/CapSense_Centroid_LL.c ****             localDiffArray[0u][CapSense_CENTROID_POS_NEXT] = ptrSns[0u].diff;
 133              		.loc 1 192 0
 134 0076 C288     		ldrh	r2, [r0, #6]
 135 0078 9A81     		strh	r2, [r3, #12]
 136 007a 0BE0     		b	.L5
 137              	.L7:
 193:Generated_Source/PSoC4/CapSense_Centroid_LL.c ****         }
 194:Generated_Source/PSoC4/CapSense_Centroid_LL.c ****         else 
 195:Generated_Source/PSoC4/CapSense_Centroid_LL.c ****         {
 196:Generated_Source/PSoC4/CapSense_Centroid_LL.c ****             localDiffArray[0u][CapSense_CENTROID_POS_PREV] = ptrSns[localMax[0u] - 1u].diff;
 138              		.loc 1 196 0
 139 007c 0E3B     		sub	r3, r3, #14
 140 007e C318     		add	r3, r0, r3
 141 0080 DB88     		ldrh	r3, [r3, #6]
ARM GAS  /tmp/ccSLubY4.s 			page 7


 142 0082 0549     		ldr	r1, .L8
 143              	.LVL17:
 144 0084 0B81     		strh	r3, [r1, #8]
 197:Generated_Source/PSoC4/CapSense_Centroid_LL.c ****             localDiffArray[0u][CapSense_CENTROID_POS_NEXT] = ptrSns[localMax[0u] + 1u].diff;
 145              		.loc 1 197 0
 146 0086 0132     		add	r2, r2, #1
 147 0088 D300     		lsl	r3, r2, #3
 148 008a 9A1A     		sub	r2, r3, r2
 149 008c 5200     		lsl	r2, r2, #1
 150 008e 8218     		add	r2, r0, r2
 151 0090 D388     		ldrh	r3, [r2, #6]
 152 0092 8B81     		strh	r3, [r1, #12]
 153              	.LVL18:
 154              	.L5:
 198:Generated_Source/PSoC4/CapSense_Centroid_LL.c ****         }
 199:Generated_Source/PSoC4/CapSense_Centroid_LL.c ****     }    
 200:Generated_Source/PSoC4/CapSense_Centroid_LL.c ****     /* Return status to check if at least one maximum has been found */
 201:Generated_Source/PSoC4/CapSense_Centroid_LL.c ****     return (uint32)(localMaxIndex);
 202:Generated_Source/PSoC4/CapSense_Centroid_LL.c **** }
 155              		.loc 1 202 0
 156 0094 201C     		mov	r0, r4
 157              		@ sp needed
 158 0096 F0BD     		pop	{r4, r5, r6, r7, pc}
 159              	.L9:
 160              		.align	2
 161              	.L8:
 162 0098 00000000 		.word	.LANCHOR0
 163              		.cfi_endproc
 164              	.LFE1:
 165              		.size	CapSense_DpFindLocalMaxSd, .-CapSense_DpFindLocalMaxSd
 166              		.global	__aeabi_idiv
 167              		.section	.text.CapSense_DpCalcLinearCentroid,"ax",%progbits
 168              		.align	2
 169              		.global	CapSense_DpCalcLinearCentroid
 170              		.code	16
 171              		.thumb_func
 172              		.type	CapSense_DpCalcLinearCentroid, %function
 173              	CapSense_DpCalcLinearCentroid:
 174              	.LFB2:
 203:Generated_Source/PSoC4/CapSense_Centroid_LL.c **** 
 204:Generated_Source/PSoC4/CapSense_Centroid_LL.c **** #else /* (CapSense_NUM_CENTROIDS == 0x01u) */
 205:Generated_Source/PSoC4/CapSense_Centroid_LL.c ****     
 206:Generated_Source/PSoC4/CapSense_Centroid_LL.c **** uint32 CapSense_DpFindLocalMaxSd(
 207:Generated_Source/PSoC4/CapSense_Centroid_LL.c ****                         CapSense_RAM_SNS_STRUCT ptrSns[],
 208:Generated_Source/PSoC4/CapSense_Centroid_LL.c ****                         uint32 snsCount, 
 209:Generated_Source/PSoC4/CapSense_Centroid_LL.c ****                         uint32 fingerThreshold)
 210:Generated_Source/PSoC4/CapSense_Centroid_LL.c **** {
 211:Generated_Source/PSoC4/CapSense_Centroid_LL.c ****     uint32 sensorId;
 212:Generated_Source/PSoC4/CapSense_Centroid_LL.c ****     uint32 i;
 213:Generated_Source/PSoC4/CapSense_Centroid_LL.c ****     uint32 proceed = 0u;
 214:Generated_Source/PSoC4/CapSense_Centroid_LL.c ****     localMaxIndex = 0u;
 215:Generated_Source/PSoC4/CapSense_Centroid_LL.c **** 
 216:Generated_Source/PSoC4/CapSense_Centroid_LL.c ****     /* Check if local max is located on the first sensor */
 217:Generated_Source/PSoC4/CapSense_Centroid_LL.c ****     if ((ptrSns[0u].diff > fingerThreshold) && (ptrSns[0u].diff >= ptrSns[1u].diff))
 218:Generated_Source/PSoC4/CapSense_Centroid_LL.c ****     {
 219:Generated_Source/PSoC4/CapSense_Centroid_LL.c ****         localMax[localMaxIndex] = 0u;
 220:Generated_Source/PSoC4/CapSense_Centroid_LL.c ****         localMaxIndex++;
ARM GAS  /tmp/ccSLubY4.s 			page 8


 221:Generated_Source/PSoC4/CapSense_Centroid_LL.c ****     }
 222:Generated_Source/PSoC4/CapSense_Centroid_LL.c **** 
 223:Generated_Source/PSoC4/CapSense_Centroid_LL.c ****     /* Check if local max is located on the last sensor */
 224:Generated_Source/PSoC4/CapSense_Centroid_LL.c ****     if ((ptrSns[snsCount - 1u].diff > fingerThreshold) && (ptrSns[snsCount - 1u].diff > ptrSns[snsC
 225:Generated_Source/PSoC4/CapSense_Centroid_LL.c ****     {
 226:Generated_Source/PSoC4/CapSense_Centroid_LL.c ****         localMax[localMaxIndex] = (uint8)snsCount - 1u;
 227:Generated_Source/PSoC4/CapSense_Centroid_LL.c ****         localMaxIndex++;
 228:Generated_Source/PSoC4/CapSense_Centroid_LL.c ****         
 229:Generated_Source/PSoC4/CapSense_Centroid_LL.c ****         #if (CapSense_NUM_CENTROIDS == 0x02u)
 230:Generated_Source/PSoC4/CapSense_Centroid_LL.c ****             if (localMaxIndex >= CapSense_NUM_CENTROIDS)
 231:Generated_Source/PSoC4/CapSense_Centroid_LL.c ****             {
 232:Generated_Source/PSoC4/CapSense_Centroid_LL.c ****                 proceed = 1u;
 233:Generated_Source/PSoC4/CapSense_Centroid_LL.c ****             }
 234:Generated_Source/PSoC4/CapSense_Centroid_LL.c ****         #endif /* (CapSense_NUM_CENTROIDS == 0x02u) */
 235:Generated_Source/PSoC4/CapSense_Centroid_LL.c ****     }
 236:Generated_Source/PSoC4/CapSense_Centroid_LL.c **** 
 237:Generated_Source/PSoC4/CapSense_Centroid_LL.c ****     /* Check all rest sensors for local max */
 238:Generated_Source/PSoC4/CapSense_Centroid_LL.c ****     for (sensorId = 1u; sensorId < (snsCount - 1u); sensorId++)
 239:Generated_Source/PSoC4/CapSense_Centroid_LL.c ****     {                      
 240:Generated_Source/PSoC4/CapSense_Centroid_LL.c ****         if ((proceed == 0u) && (ptrSns[sensorId].diff > fingerThreshold) && (ptrSns[sensorId].diff 
 241:Generated_Source/PSoC4/CapSense_Centroid_LL.c ****         {
 242:Generated_Source/PSoC4/CapSense_Centroid_LL.c ****             if (ptrSns[sensorId].diff > ptrSns[sensorId - 1u].diff)
 243:Generated_Source/PSoC4/CapSense_Centroid_LL.c ****             {   
 244:Generated_Source/PSoC4/CapSense_Centroid_LL.c ****                 localMax[localMaxIndex] = (uint8)sensorId;
 245:Generated_Source/PSoC4/CapSense_Centroid_LL.c ****                 localMaxIndex++;
 246:Generated_Source/PSoC4/CapSense_Centroid_LL.c **** 
 247:Generated_Source/PSoC4/CapSense_Centroid_LL.c ****                 if (localMaxIndex >= CapSense_NUM_CENTROIDS)
 248:Generated_Source/PSoC4/CapSense_Centroid_LL.c ****                 {
 249:Generated_Source/PSoC4/CapSense_Centroid_LL.c ****                     proceed = 1u;
 250:Generated_Source/PSoC4/CapSense_Centroid_LL.c ****                 }
 251:Generated_Source/PSoC4/CapSense_Centroid_LL.c ****             }
 252:Generated_Source/PSoC4/CapSense_Centroid_LL.c ****         }
 253:Generated_Source/PSoC4/CapSense_Centroid_LL.c ****     }   
 254:Generated_Source/PSoC4/CapSense_Centroid_LL.c ****     
 255:Generated_Source/PSoC4/CapSense_Centroid_LL.c ****     /* Save found local max signal for the further processing */
 256:Generated_Source/PSoC4/CapSense_Centroid_LL.c ****     for (i = 0u; i < localMaxIndex; i++)
 257:Generated_Source/PSoC4/CapSense_Centroid_LL.c ****     {
 258:Generated_Source/PSoC4/CapSense_Centroid_LL.c ****         localDiffArray[i][CapSense_CENTROID_POS] = ptrSns[localMax[i]].diff;
 259:Generated_Source/PSoC4/CapSense_Centroid_LL.c **** 
 260:Generated_Source/PSoC4/CapSense_Centroid_LL.c ****         if (localMax[i] == 0u)
 261:Generated_Source/PSoC4/CapSense_Centroid_LL.c ****         {
 262:Generated_Source/PSoC4/CapSense_Centroid_LL.c ****             localDiffArray[i][CapSense_CENTROID_POS_PREV] = ptrSns[snsCount - 1u].diff;
 263:Generated_Source/PSoC4/CapSense_Centroid_LL.c ****             localDiffArray[i][CapSense_CENTROID_POS_NEXT] = ptrSns[localMax[i] + 1u].diff;
 264:Generated_Source/PSoC4/CapSense_Centroid_LL.c ****         }
 265:Generated_Source/PSoC4/CapSense_Centroid_LL.c ****         else if (localMax[i] == (snsCount - 1u))
 266:Generated_Source/PSoC4/CapSense_Centroid_LL.c ****         {
 267:Generated_Source/PSoC4/CapSense_Centroid_LL.c ****             localDiffArray[i][CapSense_CENTROID_POS_PREV] = ptrSns[localMax[i] - 1u].diff;
 268:Generated_Source/PSoC4/CapSense_Centroid_LL.c ****             localDiffArray[i][CapSense_CENTROID_POS_NEXT] = ptrSns[0u].diff;
 269:Generated_Source/PSoC4/CapSense_Centroid_LL.c ****         }
 270:Generated_Source/PSoC4/CapSense_Centroid_LL.c ****         else
 271:Generated_Source/PSoC4/CapSense_Centroid_LL.c ****         {
 272:Generated_Source/PSoC4/CapSense_Centroid_LL.c ****             localDiffArray[i][CapSense_CENTROID_POS_PREV] = ptrSns[localMax[i] - 1u].diff;
 273:Generated_Source/PSoC4/CapSense_Centroid_LL.c ****             localDiffArray[i][CapSense_CENTROID_POS_NEXT] = ptrSns[localMax[i] + 1u].diff;
 274:Generated_Source/PSoC4/CapSense_Centroid_LL.c ****         }
 275:Generated_Source/PSoC4/CapSense_Centroid_LL.c ****     }
 276:Generated_Source/PSoC4/CapSense_Centroid_LL.c ****    
 277:Generated_Source/PSoC4/CapSense_Centroid_LL.c ****     return (uint32)(localMaxIndex);
ARM GAS  /tmp/ccSLubY4.s 			page 9


 278:Generated_Source/PSoC4/CapSense_Centroid_LL.c **** }
 279:Generated_Source/PSoC4/CapSense_Centroid_LL.c **** #endif /* #if (CapSense_NUM_CENTROIDS == 0x01u) */
 280:Generated_Source/PSoC4/CapSense_Centroid_LL.c **** 
 281:Generated_Source/PSoC4/CapSense_Centroid_LL.c **** 
 282:Generated_Source/PSoC4/CapSense_Centroid_LL.c **** #if CapSense_TOTAL_DIPLEXED_SLIDERS
 283:Generated_Source/PSoC4/CapSense_Centroid_LL.c **** /*******************************************************************************
 284:Generated_Source/PSoC4/CapSense_Centroid_LL.c **** * Function Name: CapSense_DpFindLocalMaxDiplex
 285:Generated_Source/PSoC4/CapSense_Centroid_LL.c **** ****************************************************************************//**
 286:Generated_Source/PSoC4/CapSense_Centroid_LL.c **** *
 287:Generated_Source/PSoC4/CapSense_Centroid_LL.c **** * \brief
 288:Generated_Source/PSoC4/CapSense_Centroid_LL.c **** *   Finds the maximum in the widget differences. Used only for diplexed linear slider. 
 289:Generated_Source/PSoC4/CapSense_Centroid_LL.c **** *
 290:Generated_Source/PSoC4/CapSense_Centroid_LL.c **** * \details
 291:Generated_Source/PSoC4/CapSense_Centroid_LL.c **** *   The localMax[] is used to store the index of the maximum/maxima.
 292:Generated_Source/PSoC4/CapSense_Centroid_LL.c **** *   The localDiffArray[][] is used to store values of the maximum/maxima and neighbour differences.
 293:Generated_Source/PSoC4/CapSense_Centroid_LL.c **** *   The localMaxIndex is used to store the number of maxima have been actually found.
 294:Generated_Source/PSoC4/CapSense_Centroid_LL.c **** *
 295:Generated_Source/PSoC4/CapSense_Centroid_LL.c **** * \param ptrSns The pointer to the first sensor.
 296:Generated_Source/PSoC4/CapSense_Centroid_LL.c **** * \param snsCount The total sensor number in the widget.
 297:Generated_Source/PSoC4/CapSense_Centroid_LL.c **** * \param diplexTable The pointer to the diplex table.
 298:Generated_Source/PSoC4/CapSense_Centroid_LL.c **** * \param fingerThreshold The finger threshold in the widget.
 299:Generated_Source/PSoC4/CapSense_Centroid_LL.c **** *
 300:Generated_Source/PSoC4/CapSense_Centroid_LL.c **** * \return Returns the number of maxima found.
 301:Generated_Source/PSoC4/CapSense_Centroid_LL.c **** *
 302:Generated_Source/PSoC4/CapSense_Centroid_LL.c **** *******************************************************************************/
 303:Generated_Source/PSoC4/CapSense_Centroid_LL.c **** uint32 CapSense_DpFindLocalMaxDiplex(
 304:Generated_Source/PSoC4/CapSense_Centroid_LL.c ****                         CapSense_RAM_SNS_STRUCT ptrSns[],
 305:Generated_Source/PSoC4/CapSense_Centroid_LL.c ****                         uint32 snsCount,
 306:Generated_Source/PSoC4/CapSense_Centroid_LL.c ****                         uint8 const diplexTable[],
 307:Generated_Source/PSoC4/CapSense_Centroid_LL.c ****                         uint32 fingerThreshold)
 308:Generated_Source/PSoC4/CapSense_Centroid_LL.c **** {
 309:Generated_Source/PSoC4/CapSense_Centroid_LL.c ****     uint32 sensorId;
 310:Generated_Source/PSoC4/CapSense_Centroid_LL.c ****     uint32 diplexSensorId;
 311:Generated_Source/PSoC4/CapSense_Centroid_LL.c **** 
 312:Generated_Source/PSoC4/CapSense_Centroid_LL.c ****     uint32 biggestStartPos = 0u;
 313:Generated_Source/PSoC4/CapSense_Centroid_LL.c ****     uint32 biggestSize = 0u;
 314:Generated_Source/PSoC4/CapSense_Centroid_LL.c ****     uint32 curStartPos = 0u;
 315:Generated_Source/PSoC4/CapSense_Centroid_LL.c ****     uint32 curSize = 0u;
 316:Generated_Source/PSoC4/CapSense_Centroid_LL.c ****     CapSense_THRESHOLD_TYPE temp = 0u;
 317:Generated_Source/PSoC4/CapSense_Centroid_LL.c ****     
 318:Generated_Source/PSoC4/CapSense_Centroid_LL.c ****     localMaxIndex = 0u;
 319:Generated_Source/PSoC4/CapSense_Centroid_LL.c ****     
 320:Generated_Source/PSoC4/CapSense_Centroid_LL.c ****     for (sensorId = 0u; sensorId < (snsCount << 1u); sensorId++)
 321:Generated_Source/PSoC4/CapSense_Centroid_LL.c ****     {                      
 322:Generated_Source/PSoC4/CapSense_Centroid_LL.c ****         diplexSensorId = diplexTable[sensorId];
 323:Generated_Source/PSoC4/CapSense_Centroid_LL.c ****         
 324:Generated_Source/PSoC4/CapSense_Centroid_LL.c ****         if (ptrSns[diplexSensorId].diff > fingerThreshold) 
 325:Generated_Source/PSoC4/CapSense_Centroid_LL.c ****         {
 326:Generated_Source/PSoC4/CapSense_Centroid_LL.c ****             if (0u == curSize)
 327:Generated_Source/PSoC4/CapSense_Centroid_LL.c ****             {
 328:Generated_Source/PSoC4/CapSense_Centroid_LL.c ****                 curStartPos = sensorId;
 329:Generated_Source/PSoC4/CapSense_Centroid_LL.c ****             }
 330:Generated_Source/PSoC4/CapSense_Centroid_LL.c **** 
 331:Generated_Source/PSoC4/CapSense_Centroid_LL.c ****             curSize++;
 332:Generated_Source/PSoC4/CapSense_Centroid_LL.c ****         }
 333:Generated_Source/PSoC4/CapSense_Centroid_LL.c ****         else
 334:Generated_Source/PSoC4/CapSense_Centroid_LL.c ****         {
ARM GAS  /tmp/ccSLubY4.s 			page 10


 335:Generated_Source/PSoC4/CapSense_Centroid_LL.c ****             if (curSize > biggestSize)
 336:Generated_Source/PSoC4/CapSense_Centroid_LL.c ****             {
 337:Generated_Source/PSoC4/CapSense_Centroid_LL.c ****                 biggestSize = curSize;
 338:Generated_Source/PSoC4/CapSense_Centroid_LL.c ****                 biggestStartPos = curStartPos;
 339:Generated_Source/PSoC4/CapSense_Centroid_LL.c ****             }
 340:Generated_Source/PSoC4/CapSense_Centroid_LL.c ****             curSize = 0u;
 341:Generated_Source/PSoC4/CapSense_Centroid_LL.c ****         }
 342:Generated_Source/PSoC4/CapSense_Centroid_LL.c ****     }
 343:Generated_Source/PSoC4/CapSense_Centroid_LL.c ****     
 344:Generated_Source/PSoC4/CapSense_Centroid_LL.c ****     if (curSize > biggestSize)
 345:Generated_Source/PSoC4/CapSense_Centroid_LL.c ****     {
 346:Generated_Source/PSoC4/CapSense_Centroid_LL.c ****         biggestSize = curSize;
 347:Generated_Source/PSoC4/CapSense_Centroid_LL.c ****         biggestStartPos = curStartPos;
 348:Generated_Source/PSoC4/CapSense_Centroid_LL.c ****     }
 349:Generated_Source/PSoC4/CapSense_Centroid_LL.c **** 
 350:Generated_Source/PSoC4/CapSense_Centroid_LL.c ****     if (biggestSize >= CapSense_CENTROID_DIPLEX_SECTION_LENGTH)
 351:Generated_Source/PSoC4/CapSense_Centroid_LL.c ****     {
 352:Generated_Source/PSoC4/CapSense_Centroid_LL.c ****         for (sensorId = biggestStartPos; sensorId < (biggestStartPos + biggestSize); sensorId++)
 353:Generated_Source/PSoC4/CapSense_Centroid_LL.c ****         {
 354:Generated_Source/PSoC4/CapSense_Centroid_LL.c ****             diplexSensorId = diplexTable[sensorId];
 355:Generated_Source/PSoC4/CapSense_Centroid_LL.c **** 
 356:Generated_Source/PSoC4/CapSense_Centroid_LL.c ****             if (ptrSns[diplexSensorId].diff > temp)
 357:Generated_Source/PSoC4/CapSense_Centroid_LL.c ****             {
 358:Generated_Source/PSoC4/CapSense_Centroid_LL.c ****                 localMax[0u] = LO8(sensorId);
 359:Generated_Source/PSoC4/CapSense_Centroid_LL.c ****                 temp = ptrSns[diplexSensorId].diff;
 360:Generated_Source/PSoC4/CapSense_Centroid_LL.c ****                 localMaxIndex = 1u;
 361:Generated_Source/PSoC4/CapSense_Centroid_LL.c ****             }
 362:Generated_Source/PSoC4/CapSense_Centroid_LL.c ****         }
 363:Generated_Source/PSoC4/CapSense_Centroid_LL.c **** 
 364:Generated_Source/PSoC4/CapSense_Centroid_LL.c ****         /* Prepare single-dimension centroid calculation array */
 365:Generated_Source/PSoC4/CapSense_Centroid_LL.c ****         if (localMax[0u] == 0u)
 366:Generated_Source/PSoC4/CapSense_Centroid_LL.c ****         {
 367:Generated_Source/PSoC4/CapSense_Centroid_LL.c ****             localDiffArray[0u][CapSense_CENTROID_POS_PREV] = 0u;
 368:Generated_Source/PSoC4/CapSense_Centroid_LL.c ****             localDiffArray[0u][CapSense_CENTROID_POS] = ptrSns[localMax[0u]].diff;
 369:Generated_Source/PSoC4/CapSense_Centroid_LL.c ****             localDiffArray[0u][CapSense_CENTROID_POS_NEXT] = ptrSns[localMax[0u] + 1u].diff;
 370:Generated_Source/PSoC4/CapSense_Centroid_LL.c ****             
 371:Generated_Source/PSoC4/CapSense_Centroid_LL.c ****         }    
 372:Generated_Source/PSoC4/CapSense_Centroid_LL.c ****         else if (localMax[0u] == ((snsCount << 1u) - 1u))
 373:Generated_Source/PSoC4/CapSense_Centroid_LL.c ****         {
 374:Generated_Source/PSoC4/CapSense_Centroid_LL.c ****             diplexSensorId = diplexTable[localMax[0u] - 1u];
 375:Generated_Source/PSoC4/CapSense_Centroid_LL.c ****             localDiffArray[0u][CapSense_CENTROID_POS_PREV] = ptrSns[diplexSensorId].diff;
 376:Generated_Source/PSoC4/CapSense_Centroid_LL.c ****             diplexSensorId = diplexTable[localMax[0u]];
 377:Generated_Source/PSoC4/CapSense_Centroid_LL.c ****             localDiffArray[0u][CapSense_CENTROID_POS] = ptrSns[diplexSensorId].diff;
 378:Generated_Source/PSoC4/CapSense_Centroid_LL.c ****             localDiffArray[0u][CapSense_CENTROID_POS_NEXT] = 0u;
 379:Generated_Source/PSoC4/CapSense_Centroid_LL.c ****         }
 380:Generated_Source/PSoC4/CapSense_Centroid_LL.c ****         else
 381:Generated_Source/PSoC4/CapSense_Centroid_LL.c ****         {
 382:Generated_Source/PSoC4/CapSense_Centroid_LL.c ****             diplexSensorId = diplexTable[localMax[0u] - 1u];
 383:Generated_Source/PSoC4/CapSense_Centroid_LL.c ****             localDiffArray[0u][CapSense_CENTROID_POS_PREV] = ptrSns[diplexSensorId].diff;
 384:Generated_Source/PSoC4/CapSense_Centroid_LL.c ****             diplexSensorId = diplexTable[localMax[0u]];
 385:Generated_Source/PSoC4/CapSense_Centroid_LL.c ****             localDiffArray[0u][CapSense_CENTROID_POS] = ptrSns[diplexSensorId].diff;
 386:Generated_Source/PSoC4/CapSense_Centroid_LL.c ****             diplexSensorId = diplexTable[localMax[0u] + 1u];
 387:Generated_Source/PSoC4/CapSense_Centroid_LL.c ****             localDiffArray[0u][CapSense_CENTROID_POS_NEXT] = ptrSns[diplexSensorId].diff;
 388:Generated_Source/PSoC4/CapSense_Centroid_LL.c ****         }
 389:Generated_Source/PSoC4/CapSense_Centroid_LL.c ****     } 
 390:Generated_Source/PSoC4/CapSense_Centroid_LL.c **** 
 391:Generated_Source/PSoC4/CapSense_Centroid_LL.c ****     return (uint32)(localMaxIndex);
ARM GAS  /tmp/ccSLubY4.s 			page 11


 392:Generated_Source/PSoC4/CapSense_Centroid_LL.c **** }
 393:Generated_Source/PSoC4/CapSense_Centroid_LL.c **** #endif /* #if CapSense_TOTAL_DIPLEXED_SLIDERS */
 394:Generated_Source/PSoC4/CapSense_Centroid_LL.c **** 
 395:Generated_Source/PSoC4/CapSense_Centroid_LL.c **** 
 396:Generated_Source/PSoC4/CapSense_Centroid_LL.c **** /*******************************************************************************
 397:Generated_Source/PSoC4/CapSense_Centroid_LL.c **** * Function Name: CapSense_DpCalcLinearCentroid
 398:Generated_Source/PSoC4/CapSense_Centroid_LL.c **** ****************************************************************************//**
 399:Generated_Source/PSoC4/CapSense_Centroid_LL.c **** *
 400:Generated_Source/PSoC4/CapSense_Centroid_LL.c **** * \brief
 401:Generated_Source/PSoC4/CapSense_Centroid_LL.c **** *   Calculates the position of the linear slider. 
 402:Generated_Source/PSoC4/CapSense_Centroid_LL.c **** *
 403:Generated_Source/PSoC4/CapSense_Centroid_LL.c **** * \details
 404:Generated_Source/PSoC4/CapSense_Centroid_LL.c **** *   The localMax[] is used to store the index of the maximum/maxima.
 405:Generated_Source/PSoC4/CapSense_Centroid_LL.c **** *   The localDiffArray[][] is used to store values of the maximum/maxima and neighbour differences.
 406:Generated_Source/PSoC4/CapSense_Centroid_LL.c **** *   The localMaxIndex is used to store the number of maxima have been actually found.
 407:Generated_Source/PSoC4/CapSense_Centroid_LL.c **** *
 408:Generated_Source/PSoC4/CapSense_Centroid_LL.c **** * \param  *position The pointer to the position array for temporal position storage.
 409:Generated_Source/PSoC4/CapSense_Centroid_LL.c **** * \param multiplier The multiplier used for position calculation. 
 410:Generated_Source/PSoC4/CapSense_Centroid_LL.c **** *                       Contains the widget resolution and total sensor information. It is generate
 411:Generated_Source/PSoC4/CapSense_Centroid_LL.c **** * \param snsCount The number of sensors in the linear slider. The doubled snsCount has to be passed
 412:Generated_Source/PSoC4/CapSense_Centroid_LL.c **** *                       if this API is called for diplexed slider.                       
 413:Generated_Source/PSoC4/CapSense_Centroid_LL.c **** *
 414:Generated_Source/PSoC4/CapSense_Centroid_LL.c **** * \return Returns the number of positions calculated.
 415:Generated_Source/PSoC4/CapSense_Centroid_LL.c **** *
 416:Generated_Source/PSoC4/CapSense_Centroid_LL.c **** *******************************************************************************/
 417:Generated_Source/PSoC4/CapSense_Centroid_LL.c **** uint32 CapSense_DpCalcLinearCentroid(uint16 position[], uint32 multiplier, uint32 snsCount)
 418:Generated_Source/PSoC4/CapSense_Centroid_LL.c **** {    
 175              		.loc 1 418 0
 176              		.cfi_startproc
 177              	.LVL19:
 178 0000 F0B5     		push	{r4, r5, r6, r7, lr}
 179              		.cfi_def_cfa_offset 20
 180              		.cfi_offset 4, -20
 181              		.cfi_offset 5, -16
 182              		.cfi_offset 6, -12
 183              		.cfi_offset 7, -8
 184              		.cfi_offset 14, -4
 185 0002 4746     		mov	r7, r8
 186 0004 80B4     		push	{r7}
 187              		.cfi_def_cfa_offset 24
 188              		.cfi_offset 8, -24
 189 0006 82B0     		sub	sp, sp, #8
 190              		.cfi_def_cfa_offset 32
 191 0008 8046     		mov	r8, r0
 192 000a 0F1C     		mov	r7, r1
 193 000c 0192     		str	r2, [sp, #4]
 194              	.LVL20:
 419:Generated_Source/PSoC4/CapSense_Centroid_LL.c ****     int32 numerator;
 420:Generated_Source/PSoC4/CapSense_Centroid_LL.c ****     int32 denominator;
 421:Generated_Source/PSoC4/CapSense_Centroid_LL.c ****     uint32 i;
 422:Generated_Source/PSoC4/CapSense_Centroid_LL.c **** 
 423:Generated_Source/PSoC4/CapSense_Centroid_LL.c ****     for (i = 0u; i < localMaxIndex; i++)
 195              		.loc 1 423 0
 196 000e 0026     		mov	r6, #0
 197 0010 2CE0     		b	.L11
 198              	.LVL21:
 199              	.L14:
ARM GAS  /tmp/ccSLubY4.s 			page 12


 424:Generated_Source/PSoC4/CapSense_Centroid_LL.c ****     {
 425:Generated_Source/PSoC4/CapSense_Centroid_LL.c ****         /* 
 426:Generated_Source/PSoC4/CapSense_Centroid_LL.c ****          * The CapSense_DpFindLocalMaxSd API prepares the unified localDiffArray[][] for linear and
 427:Generated_Source/PSoC4/CapSense_Centroid_LL.c ****          *  Therefore, the difference of the first and the last elements of linear slider are clear
 428:Generated_Source/PSoC4/CapSense_Centroid_LL.c ****          */
 429:Generated_Source/PSoC4/CapSense_Centroid_LL.c ****         
 430:Generated_Source/PSoC4/CapSense_Centroid_LL.c ****         if (localMax[i] == 0u)
 200              		.loc 1 430 0
 201 0012 1A4B     		ldr	r3, .L15
 202 0014 9B19     		add	r3, r3, r6
 203 0016 1C79     		ldrb	r4, [r3, #4]
 204 0018 002C     		cmp	r4, #0
 205 001a 07D1     		bne	.L12
 431:Generated_Source/PSoC4/CapSense_Centroid_LL.c ****         {
 432:Generated_Source/PSoC4/CapSense_Centroid_LL.c ****             localDiffArray[i][CapSense_CENTROID_POS_PREV] = 0u;
 206              		.loc 1 432 0
 207 001c 7300     		lsl	r3, r6, #1
 208 001e 9B19     		add	r3, r3, r6
 209 0020 5B00     		lsl	r3, r3, #1
 210 0022 164A     		ldr	r2, .L15
 211 0024 D318     		add	r3, r2, r3
 212 0026 0022     		mov	r2, #0
 213 0028 1A81     		strh	r2, [r3, #8]
 214 002a 0AE0     		b	.L13
 215              	.L12:
 433:Generated_Source/PSoC4/CapSense_Centroid_LL.c ****         }
 434:Generated_Source/PSoC4/CapSense_Centroid_LL.c ****         else
 435:Generated_Source/PSoC4/CapSense_Centroid_LL.c ****         {
 436:Generated_Source/PSoC4/CapSense_Centroid_LL.c ****             if (localMax[i] == (snsCount - 1u))
 216              		.loc 1 436 0
 217 002c 019B     		ldr	r3, [sp, #4]
 218 002e 013B     		sub	r3, r3, #1
 219 0030 9C42     		cmp	r4, r3
 220 0032 06D1     		bne	.L13
 437:Generated_Source/PSoC4/CapSense_Centroid_LL.c ****             {
 438:Generated_Source/PSoC4/CapSense_Centroid_LL.c ****                 localDiffArray[i][CapSense_CENTROID_POS_NEXT] = 0u;
 221              		.loc 1 438 0
 222 0034 7300     		lsl	r3, r6, #1
 223 0036 9B19     		add	r3, r3, r6
 224 0038 5B00     		lsl	r3, r3, #1
 225 003a 104A     		ldr	r2, .L15
 226 003c D318     		add	r3, r2, r3
 227 003e 0022     		mov	r2, #0
 228 0040 9A81     		strh	r2, [r3, #12]
 229              	.L13:
 439:Generated_Source/PSoC4/CapSense_Centroid_LL.c ****             }
 440:Generated_Source/PSoC4/CapSense_Centroid_LL.c ****         }
 441:Generated_Source/PSoC4/CapSense_Centroid_LL.c ****         
 442:Generated_Source/PSoC4/CapSense_Centroid_LL.c ****         /* Si+1 - Si-1 */
 443:Generated_Source/PSoC4/CapSense_Centroid_LL.c ****         numerator = (int32) localDiffArray[i][CapSense_CENTROID_POS_NEXT] -
 230              		.loc 1 443 0 discriminator 2
 231 0042 7500     		lsl	r5, r6, #1
 232 0044 AB19     		add	r3, r5, r6
 233 0046 5B00     		lsl	r3, r3, #1
 234 0048 0C4A     		ldr	r2, .L15
 235 004a D318     		add	r3, r2, r3
 236 004c 9A89     		ldrh	r2, [r3, #12]
ARM GAS  /tmp/ccSLubY4.s 			page 13


 444:Generated_Source/PSoC4/CapSense_Centroid_LL.c ****                     (int32) localDiffArray[i][CapSense_CENTROID_POS_PREV];
 237              		.loc 1 444 0 discriminator 2
 238 004e 1989     		ldrh	r1, [r3, #8]
 443:Generated_Source/PSoC4/CapSense_Centroid_LL.c ****                     (int32) localDiffArray[i][CapSense_CENTROID_POS_PREV];
 239              		.loc 1 443 0 discriminator 2
 240 0050 501A     		sub	r0, r2, r1
 241              	.LVL22:
 445:Generated_Source/PSoC4/CapSense_Centroid_LL.c **** 
 446:Generated_Source/PSoC4/CapSense_Centroid_LL.c ****         /* Si+1 + Si + Si-1 */
 447:Generated_Source/PSoC4/CapSense_Centroid_LL.c ****         denominator = (int32) localDiffArray[i][CapSense_CENTROID_POS_PREV] + 
 448:Generated_Source/PSoC4/CapSense_Centroid_LL.c ****                       (int32) localDiffArray[i][CapSense_CENTROID_POS] + 
 242              		.loc 1 448 0 discriminator 2
 243 0052 5B89     		ldrh	r3, [r3, #10]
 447:Generated_Source/PSoC4/CapSense_Centroid_LL.c ****                       (int32) localDiffArray[i][CapSense_CENTROID_POS] + 
 244              		.loc 1 447 0 discriminator 2
 245 0054 C918     		add	r1, r1, r3
 246 0056 5118     		add	r1, r2, r1
 247              	.LVL23:
 449:Generated_Source/PSoC4/CapSense_Centroid_LL.c ****                       (int32) localDiffArray[i][CapSense_CENTROID_POS_NEXT];    
 450:Generated_Source/PSoC4/CapSense_Centroid_LL.c ****         
 451:Generated_Source/PSoC4/CapSense_Centroid_LL.c ****         denominator = ((numerator * (int32)multiplier) / denominator) + 
 248              		.loc 1 451 0 discriminator 2
 249 0058 7843     		mul	r0, r7
 250              	.LVL24:
 251 005a FFF7FEFF 		bl	__aeabi_idiv
 252              	.LVL25:
 452:Generated_Source/PSoC4/CapSense_Centroid_LL.c ****                       ((int32)localMax[i] * (int32)multiplier);
 253              		.loc 1 452 0 discriminator 2
 254 005e 7C43     		mul	r4, r7
 451:Generated_Source/PSoC4/CapSense_Centroid_LL.c ****                       ((int32)localMax[i] * (int32)multiplier);
 255              		.loc 1 451 0 discriminator 2
 256 0060 0019     		add	r0, r0, r4
 257              	.LVL26:
 453:Generated_Source/PSoC4/CapSense_Centroid_LL.c ****         
 454:Generated_Source/PSoC4/CapSense_Centroid_LL.c ****         /* Round result and shift 8bits left */
 455:Generated_Source/PSoC4/CapSense_Centroid_LL.c ****         position[i] = LO16(((uint32)denominator + CapSense_CENTROID_ROUND_VALUE) >> 8u);
 258              		.loc 1 455 0 discriminator 2
 259 0062 7F30     		add	r0, r0, #127
 260              	.LVL27:
 261 0064 000A     		lsr	r0, r0, #8
 262              	.LVL28:
 263 0066 4346     		mov	r3, r8
 264 0068 5853     		strh	r0, [r3, r5]
 423:Generated_Source/PSoC4/CapSense_Centroid_LL.c ****     {
 265              		.loc 1 423 0 discriminator 2
 266 006a 0136     		add	r6, r6, #1
 267              	.LVL29:
 268              	.L11:
 423:Generated_Source/PSoC4/CapSense_Centroid_LL.c ****     {
 269              		.loc 1 423 0 is_stmt 0 discriminator 1
 270 006c 034B     		ldr	r3, .L15
 271 006e 1878     		ldrb	r0, [r3]
 272 0070 B042     		cmp	r0, r6
 273 0072 CED8     		bhi	.L14
 456:Generated_Source/PSoC4/CapSense_Centroid_LL.c ****     }
 457:Generated_Source/PSoC4/CapSense_Centroid_LL.c ****     return (uint32)(localMaxIndex);
 458:Generated_Source/PSoC4/CapSense_Centroid_LL.c **** }
ARM GAS  /tmp/ccSLubY4.s 			page 14


 274              		.loc 1 458 0 is_stmt 1
 275 0074 02B0     		add	sp, sp, #8
 276              		@ sp needed
 277              	.LVL30:
 278              	.LVL31:
 279              	.LVL32:
 280 0076 04BC     		pop	{r2}
 281 0078 9046     		mov	r8, r2
 282 007a F0BD     		pop	{r4, r5, r6, r7, pc}
 283              	.L16:
 284              		.align	2
 285              	.L15:
 286 007c 00000000 		.word	.LANCHOR0
 287              		.cfi_endproc
 288              	.LFE2:
 289              		.size	CapSense_DpCalcLinearCentroid, .-CapSense_DpCalcLinearCentroid
 290              		.bss
 291              		.align	2
 292              		.set	.LANCHOR0,. + 0
 293              		.type	localMaxIndex, %object
 294              		.size	localMaxIndex, 1
 295              	localMaxIndex:
 296 0000 00       		.space	1
 297 0001 000000   		.space	3
 298              		.type	localMax, %object
 299              		.size	localMax, 1
 300              	localMax:
 301 0004 00       		.space	1
 302 0005 000000   		.space	3
 303              		.type	localDiffArray, %object
 304              		.size	localDiffArray, 6
 305              	localDiffArray:
 306 0008 00000000 		.space	6
 306      0000
 307              		.text
 308              	.Letext0:
 309              		.file 2 "Generated_Source/PSoC4/cytypes.h"
 310              		.file 3 "Generated_Source/PSoC4/CapSense_Configuration.h"
 311              		.file 4 "Generated_Source/PSoC4/CapSense_Structure.h"
 312              		.section	.debug_info,"",%progbits
 313              	.Ldebug_info0:
 314 0000 AD020000 		.4byte	0x2ad
 315 0004 0400     		.2byte	0x4
 316 0006 00000000 		.4byte	.Ldebug_abbrev0
 317 000a 04       		.byte	0x4
 318 000b 01       		.uleb128 0x1
 319 000c 3C000000 		.4byte	.LASF41
 320 0010 01       		.byte	0x1
 321 0011 0A020000 		.4byte	.LASF42
 322 0015 77010000 		.4byte	.LASF43
 323 0019 00000000 		.4byte	.Ldebug_ranges0+0
 324 001d 00000000 		.4byte	0
 325 0021 00000000 		.4byte	.Ldebug_line0
 326 0025 02       		.uleb128 0x2
 327 0026 01       		.byte	0x1
 328 0027 06       		.byte	0x6
 329 0028 69020000 		.4byte	.LASF0
ARM GAS  /tmp/ccSLubY4.s 			page 15


 330 002c 02       		.uleb128 0x2
 331 002d 01       		.byte	0x1
 332 002e 08       		.byte	0x8
 333 002f B6000000 		.4byte	.LASF1
 334 0033 02       		.uleb128 0x2
 335 0034 02       		.byte	0x2
 336 0035 05       		.byte	0x5
 337 0036 46020000 		.4byte	.LASF2
 338 003a 02       		.uleb128 0x2
 339 003b 02       		.byte	0x2
 340 003c 07       		.byte	0x7
 341 003d 29000000 		.4byte	.LASF3
 342 0041 02       		.uleb128 0x2
 343 0042 04       		.byte	0x4
 344 0043 05       		.byte	0x5
 345 0044 60020000 		.4byte	.LASF4
 346 0048 02       		.uleb128 0x2
 347 0049 04       		.byte	0x4
 348 004a 07       		.byte	0x7
 349 004b CB000000 		.4byte	.LASF5
 350 004f 02       		.uleb128 0x2
 351 0050 08       		.byte	0x8
 352 0051 05       		.byte	0x5
 353 0052 CF010000 		.4byte	.LASF6
 354 0056 02       		.uleb128 0x2
 355 0057 08       		.byte	0x8
 356 0058 07       		.byte	0x7
 357 0059 51010000 		.4byte	.LASF7
 358 005d 03       		.uleb128 0x3
 359 005e 04       		.byte	0x4
 360 005f 05       		.byte	0x5
 361 0060 696E7400 		.ascii	"int\000"
 362 0064 02       		.uleb128 0x2
 363 0065 04       		.byte	0x4
 364 0066 07       		.byte	0x7
 365 0067 33010000 		.4byte	.LASF8
 366 006b 04       		.uleb128 0x4
 367 006c 50020000 		.4byte	.LASF9
 368 0070 02       		.byte	0x2
 369 0071 B901     		.2byte	0x1b9
 370 0073 2C000000 		.4byte	0x2c
 371 0077 04       		.uleb128 0x4
 372 0078 1C010000 		.4byte	.LASF10
 373 007c 02       		.byte	0x2
 374 007d BA01     		.2byte	0x1ba
 375 007f 3A000000 		.4byte	0x3a
 376 0083 04       		.uleb128 0x4
 377 0084 2C010000 		.4byte	.LASF11
 378 0088 02       		.byte	0x2
 379 0089 BB01     		.2byte	0x1bb
 380 008b 48000000 		.4byte	0x48
 381 008f 04       		.uleb128 0x4
 382 0090 E6000000 		.4byte	.LASF12
 383 0094 02       		.byte	0x2
 384 0095 BE01     		.2byte	0x1be
 385 0097 41000000 		.4byte	0x41
 386 009b 02       		.uleb128 0x2
ARM GAS  /tmp/ccSLubY4.s 			page 16


 387 009c 04       		.byte	0x4
 388 009d 04       		.byte	0x4
 389 009e B0000000 		.4byte	.LASF13
 390 00a2 02       		.uleb128 0x2
 391 00a3 08       		.byte	0x8
 392 00a4 04       		.byte	0x4
 393 00a5 15010000 		.4byte	.LASF14
 394 00a9 02       		.uleb128 0x2
 395 00aa 01       		.byte	0x1
 396 00ab 08       		.byte	0x8
 397 00ac F5010000 		.4byte	.LASF15
 398 00b0 02       		.uleb128 0x2
 399 00b1 04       		.byte	0x4
 400 00b2 07       		.byte	0x7
 401 00b3 C6010000 		.4byte	.LASF16
 402 00b7 05       		.uleb128 0x5
 403 00b8 00000000 		.4byte	.LASF17
 404 00bc 03       		.byte	0x3
 405 00bd E0       		.byte	0xe0
 406 00be 77000000 		.4byte	0x77
 407 00c2 05       		.uleb128 0x5
 408 00c3 94020000 		.4byte	.LASF18
 409 00c7 03       		.byte	0x3
 410 00c8 E4       		.byte	0xe4
 411 00c9 6B000000 		.4byte	0x6b
 412 00cd 06       		.uleb128 0x6
 413 00ce 04       		.byte	0x4
 414 00cf 77000000 		.4byte	0x77
 415 00d3 07       		.uleb128 0x7
 416 00d4 6B000000 		.4byte	0x6b
 417 00d8 E3000000 		.4byte	0xe3
 418 00dc 08       		.uleb128 0x8
 419 00dd B0000000 		.4byte	0xb0
 420 00e1 00       		.byte	0
 421 00e2 00       		.byte	0
 422 00e3 07       		.uleb128 0x7
 423 00e4 77000000 		.4byte	0x77
 424 00e8 F3000000 		.4byte	0xf3
 425 00ec 08       		.uleb128 0x8
 426 00ed B0000000 		.4byte	0xb0
 427 00f1 00       		.byte	0
 428 00f2 00       		.byte	0
 429 00f3 09       		.uleb128 0x9
 430 00f4 0E       		.byte	0xe
 431 00f5 04       		.byte	0x4
 432 00f6 2A01     		.2byte	0x12a
 433 00f8 58010000 		.4byte	0x158
 434 00fc 0A       		.uleb128 0xa
 435 00fd 72617700 		.ascii	"raw\000"
 436 0101 04       		.byte	0x4
 437 0102 2F01     		.2byte	0x12f
 438 0104 E3000000 		.4byte	0xe3
 439 0108 00       		.byte	0
 440 0109 0B       		.uleb128 0xb
 441 010a 8F020000 		.4byte	.LASF19
 442 010e 04       		.byte	0x4
 443 010f 3401     		.2byte	0x134
ARM GAS  /tmp/ccSLubY4.s 			page 17


 444 0111 E3000000 		.4byte	0xe3
 445 0115 02       		.byte	0x2
 446 0116 0B       		.uleb128 0xb
 447 0117 18000000 		.4byte	.LASF20
 448 011b 04       		.byte	0x4
 449 011c 3A01     		.2byte	0x13a
 450 011e D3000000 		.4byte	0xd3
 451 0122 04       		.byte	0x4
 452 0123 0B       		.uleb128 0xb
 453 0124 C1010000 		.4byte	.LASF21
 454 0128 04       		.byte	0x4
 455 0129 3F01     		.2byte	0x13f
 456 012b B7000000 		.4byte	0xb7
 457 012f 06       		.byte	0x6
 458 0130 0B       		.uleb128 0xb
 459 0131 A5010000 		.4byte	.LASF22
 460 0135 04       		.byte	0x4
 461 0136 4401     		.2byte	0x144
 462 0138 58010000 		.4byte	0x158
 463 013c 08       		.byte	0x8
 464 013d 0B       		.uleb128 0xb
 465 013e B3010000 		.4byte	.LASF23
 466 0142 04       		.byte	0x4
 467 0143 4901     		.2byte	0x149
 468 0145 E3000000 		.4byte	0xe3
 469 0149 0A       		.byte	0xa
 470 014a 0B       		.uleb128 0xb
 471 014b 20000000 		.4byte	.LASF24
 472 014f 04       		.byte	0x4
 473 0150 4F01     		.2byte	0x14f
 474 0152 D3000000 		.4byte	0xd3
 475 0156 0C       		.byte	0xc
 476 0157 00       		.byte	0
 477 0158 07       		.uleb128 0x7
 478 0159 C2000000 		.4byte	0xc2
 479 015d 68010000 		.4byte	0x168
 480 0161 08       		.uleb128 0x8
 481 0162 B0000000 		.4byte	0xb0
 482 0166 00       		.byte	0
 483 0167 00       		.byte	0
 484 0168 04       		.uleb128 0x4
 485 0169 DD010000 		.4byte	.LASF25
 486 016d 04       		.byte	0x4
 487 016e 5001     		.2byte	0x150
 488 0170 F3000000 		.4byte	0xf3
 489 0174 06       		.uleb128 0x6
 490 0175 04       		.byte	0x4
 491 0176 68010000 		.4byte	0x168
 492 017a 0C       		.uleb128 0xc
 493 017b 75020000 		.4byte	.LASF32
 494 017f 01       		.byte	0x1
 495 0180 9E       		.byte	0x9e
 496 0181 83000000 		.4byte	0x83
 497 0185 00000000 		.4byte	.LFB1
 498 0189 9C000000 		.4byte	.LFE1-.LFB1
 499 018d 01       		.uleb128 0x1
 500 018e 9C       		.byte	0x9c
ARM GAS  /tmp/ccSLubY4.s 			page 18


 501 018f EE010000 		.4byte	0x1ee
 502 0193 0D       		.uleb128 0xd
 503 0194 C4000000 		.4byte	.LASF26
 504 0198 01       		.byte	0x1
 505 0199 9F       		.byte	0x9f
 506 019a 74010000 		.4byte	0x174
 507 019e 00000000 		.4byte	.LLST0
 508 01a2 0D       		.uleb128 0xd
 509 01a3 A7000000 		.4byte	.LASF27
 510 01a7 01       		.byte	0x1
 511 01a8 A0       		.byte	0xa0
 512 01a9 83000000 		.4byte	0x83
 513 01ad 3A000000 		.4byte	.LLST1
 514 01b1 0D       		.uleb128 0xd
 515 01b2 FA010000 		.4byte	.LASF28
 516 01b6 01       		.byte	0x1
 517 01b7 A1       		.byte	0xa1
 518 01b8 83000000 		.4byte	0x83
 519 01bc 81000000 		.4byte	.LLST2
 520 01c0 0E       		.uleb128 0xe
 521 01c1 DD000000 		.4byte	.LASF29
 522 01c5 01       		.byte	0x1
 523 01c6 A3       		.byte	0xa3
 524 01c7 83000000 		.4byte	0x83
 525 01cb A2000000 		.4byte	.LLST3
 526 01cf 0E       		.uleb128 0xe
 527 01d0 45010000 		.4byte	.LASF30
 528 01d4 01       		.byte	0x1
 529 01d5 A4       		.byte	0xa4
 530 01d6 74010000 		.4byte	0x174
 531 01da C1000000 		.4byte	.LLST4
 532 01de 0E       		.uleb128 0xe
 533 01df 40010000 		.4byte	.LASF31
 534 01e3 01       		.byte	0x1
 535 01e4 A5       		.byte	0xa5
 536 01e5 B7000000 		.4byte	0xb7
 537 01e9 DF000000 		.4byte	.LLST5
 538 01ed 00       		.byte	0
 539 01ee 0F       		.uleb128 0xf
 540 01ef EC000000 		.4byte	.LASF33
 541 01f3 01       		.byte	0x1
 542 01f4 A101     		.2byte	0x1a1
 543 01f6 83000000 		.4byte	0x83
 544 01fa 00000000 		.4byte	.LFB2
 545 01fe 80000000 		.4byte	.LFE2-.LFB2
 546 0202 01       		.uleb128 0x1
 547 0203 9C       		.byte	0x9c
 548 0204 67020000 		.4byte	0x267
 549 0208 10       		.uleb128 0x10
 550 0209 23010000 		.4byte	.LASF34
 551 020d 01       		.byte	0x1
 552 020e A101     		.2byte	0x1a1
 553 0210 CD000000 		.4byte	0xcd
 554 0214 14010000 		.4byte	.LLST6
 555 0218 10       		.uleb128 0x10
 556 0219 0A010000 		.4byte	.LASF35
 557 021d 01       		.byte	0x1
ARM GAS  /tmp/ccSLubY4.s 			page 19


 558 021e A101     		.2byte	0x1a1
 559 0220 83000000 		.4byte	0x83
 560 0224 40010000 		.4byte	.LLST7
 561 0228 10       		.uleb128 0x10
 562 0229 A7000000 		.4byte	.LASF27
 563 022d 01       		.byte	0x1
 564 022e A101     		.2byte	0x1a1
 565 0230 83000000 		.4byte	0x83
 566 0234 6C010000 		.4byte	.LLST8
 567 0238 11       		.uleb128 0x11
 568 0239 56020000 		.4byte	.LASF36
 569 023d 01       		.byte	0x1
 570 023e A301     		.2byte	0x1a3
 571 0240 8F000000 		.4byte	0x8f
 572 0244 8B010000 		.4byte	.LLST9
 573 0248 11       		.uleb128 0x11
 574 0249 AF020000 		.4byte	.LASF37
 575 024d 01       		.byte	0x1
 576 024e A401     		.2byte	0x1a4
 577 0250 8F000000 		.4byte	0x8f
 578 0254 BF010000 		.4byte	.LLST10
 579 0258 12       		.uleb128 0x12
 580 0259 6900     		.ascii	"i\000"
 581 025b 01       		.byte	0x1
 582 025c A501     		.2byte	0x1a5
 583 025e 83000000 		.4byte	0x83
 584 0262 EB010000 		.4byte	.LLST11
 585 0266 00       		.byte	0
 586 0267 13       		.uleb128 0x13
 587 0268 9C010000 		.4byte	.LASF38
 588 026c 01       		.byte	0x1
 589 026d 5F       		.byte	0x5f
 590 026e D3000000 		.4byte	0xd3
 591 0272 05       		.uleb128 0x5
 592 0273 03       		.byte	0x3
 593 0274 04000000 		.4byte	localMax
 594 0278 07       		.uleb128 0x7
 595 0279 B7000000 		.4byte	0xb7
 596 027d 8E020000 		.4byte	0x28e
 597 0281 08       		.uleb128 0x8
 598 0282 B0000000 		.4byte	0xb0
 599 0286 00       		.byte	0
 600 0287 08       		.uleb128 0x8
 601 0288 B0000000 		.4byte	0xb0
 602 028c 02       		.byte	0x2
 603 028d 00       		.byte	0
 604 028e 13       		.uleb128 0x13
 605 028f 68010000 		.4byte	.LASF39
 606 0293 01       		.byte	0x1
 607 0294 60       		.byte	0x60
 608 0295 78020000 		.4byte	0x278
 609 0299 05       		.uleb128 0x5
 610 029a 03       		.byte	0x3
 611 029b 08000000 		.4byte	localDiffArray
 612 029f 13       		.uleb128 0x13
 613 02a0 38020000 		.4byte	.LASF40
 614 02a4 01       		.byte	0x1
ARM GAS  /tmp/ccSLubY4.s 			page 20


 615 02a5 61       		.byte	0x61
 616 02a6 6B000000 		.4byte	0x6b
 617 02aa 05       		.uleb128 0x5
 618 02ab 03       		.byte	0x3
 619 02ac 00000000 		.4byte	localMaxIndex
 620 02b0 00       		.byte	0
 621              		.section	.debug_abbrev,"",%progbits
 622              	.Ldebug_abbrev0:
 623 0000 01       		.uleb128 0x1
 624 0001 11       		.uleb128 0x11
 625 0002 01       		.byte	0x1
 626 0003 25       		.uleb128 0x25
 627 0004 0E       		.uleb128 0xe
 628 0005 13       		.uleb128 0x13
 629 0006 0B       		.uleb128 0xb
 630 0007 03       		.uleb128 0x3
 631 0008 0E       		.uleb128 0xe
 632 0009 1B       		.uleb128 0x1b
 633 000a 0E       		.uleb128 0xe
 634 000b 55       		.uleb128 0x55
 635 000c 17       		.uleb128 0x17
 636 000d 11       		.uleb128 0x11
 637 000e 01       		.uleb128 0x1
 638 000f 10       		.uleb128 0x10
 639 0010 17       		.uleb128 0x17
 640 0011 00       		.byte	0
 641 0012 00       		.byte	0
 642 0013 02       		.uleb128 0x2
 643 0014 24       		.uleb128 0x24
 644 0015 00       		.byte	0
 645 0016 0B       		.uleb128 0xb
 646 0017 0B       		.uleb128 0xb
 647 0018 3E       		.uleb128 0x3e
 648 0019 0B       		.uleb128 0xb
 649 001a 03       		.uleb128 0x3
 650 001b 0E       		.uleb128 0xe
 651 001c 00       		.byte	0
 652 001d 00       		.byte	0
 653 001e 03       		.uleb128 0x3
 654 001f 24       		.uleb128 0x24
 655 0020 00       		.byte	0
 656 0021 0B       		.uleb128 0xb
 657 0022 0B       		.uleb128 0xb
 658 0023 3E       		.uleb128 0x3e
 659 0024 0B       		.uleb128 0xb
 660 0025 03       		.uleb128 0x3
 661 0026 08       		.uleb128 0x8
 662 0027 00       		.byte	0
 663 0028 00       		.byte	0
 664 0029 04       		.uleb128 0x4
 665 002a 16       		.uleb128 0x16
 666 002b 00       		.byte	0
 667 002c 03       		.uleb128 0x3
 668 002d 0E       		.uleb128 0xe
 669 002e 3A       		.uleb128 0x3a
 670 002f 0B       		.uleb128 0xb
 671 0030 3B       		.uleb128 0x3b
ARM GAS  /tmp/ccSLubY4.s 			page 21


 672 0031 05       		.uleb128 0x5
 673 0032 49       		.uleb128 0x49
 674 0033 13       		.uleb128 0x13
 675 0034 00       		.byte	0
 676 0035 00       		.byte	0
 677 0036 05       		.uleb128 0x5
 678 0037 16       		.uleb128 0x16
 679 0038 00       		.byte	0
 680 0039 03       		.uleb128 0x3
 681 003a 0E       		.uleb128 0xe
 682 003b 3A       		.uleb128 0x3a
 683 003c 0B       		.uleb128 0xb
 684 003d 3B       		.uleb128 0x3b
 685 003e 0B       		.uleb128 0xb
 686 003f 49       		.uleb128 0x49
 687 0040 13       		.uleb128 0x13
 688 0041 00       		.byte	0
 689 0042 00       		.byte	0
 690 0043 06       		.uleb128 0x6
 691 0044 0F       		.uleb128 0xf
 692 0045 00       		.byte	0
 693 0046 0B       		.uleb128 0xb
 694 0047 0B       		.uleb128 0xb
 695 0048 49       		.uleb128 0x49
 696 0049 13       		.uleb128 0x13
 697 004a 00       		.byte	0
 698 004b 00       		.byte	0
 699 004c 07       		.uleb128 0x7
 700 004d 01       		.uleb128 0x1
 701 004e 01       		.byte	0x1
 702 004f 49       		.uleb128 0x49
 703 0050 13       		.uleb128 0x13
 704 0051 01       		.uleb128 0x1
 705 0052 13       		.uleb128 0x13
 706 0053 00       		.byte	0
 707 0054 00       		.byte	0
 708 0055 08       		.uleb128 0x8
 709 0056 21       		.uleb128 0x21
 710 0057 00       		.byte	0
 711 0058 49       		.uleb128 0x49
 712 0059 13       		.uleb128 0x13
 713 005a 2F       		.uleb128 0x2f
 714 005b 0B       		.uleb128 0xb
 715 005c 00       		.byte	0
 716 005d 00       		.byte	0
 717 005e 09       		.uleb128 0x9
 718 005f 13       		.uleb128 0x13
 719 0060 01       		.byte	0x1
 720 0061 0B       		.uleb128 0xb
 721 0062 0B       		.uleb128 0xb
 722 0063 3A       		.uleb128 0x3a
 723 0064 0B       		.uleb128 0xb
 724 0065 3B       		.uleb128 0x3b
 725 0066 05       		.uleb128 0x5
 726 0067 01       		.uleb128 0x1
 727 0068 13       		.uleb128 0x13
 728 0069 00       		.byte	0
ARM GAS  /tmp/ccSLubY4.s 			page 22


 729 006a 00       		.byte	0
 730 006b 0A       		.uleb128 0xa
 731 006c 0D       		.uleb128 0xd
 732 006d 00       		.byte	0
 733 006e 03       		.uleb128 0x3
 734 006f 08       		.uleb128 0x8
 735 0070 3A       		.uleb128 0x3a
 736 0071 0B       		.uleb128 0xb
 737 0072 3B       		.uleb128 0x3b
 738 0073 05       		.uleb128 0x5
 739 0074 49       		.uleb128 0x49
 740 0075 13       		.uleb128 0x13
 741 0076 38       		.uleb128 0x38
 742 0077 0B       		.uleb128 0xb
 743 0078 00       		.byte	0
 744 0079 00       		.byte	0
 745 007a 0B       		.uleb128 0xb
 746 007b 0D       		.uleb128 0xd
 747 007c 00       		.byte	0
 748 007d 03       		.uleb128 0x3
 749 007e 0E       		.uleb128 0xe
 750 007f 3A       		.uleb128 0x3a
 751 0080 0B       		.uleb128 0xb
 752 0081 3B       		.uleb128 0x3b
 753 0082 05       		.uleb128 0x5
 754 0083 49       		.uleb128 0x49
 755 0084 13       		.uleb128 0x13
 756 0085 38       		.uleb128 0x38
 757 0086 0B       		.uleb128 0xb
 758 0087 00       		.byte	0
 759 0088 00       		.byte	0
 760 0089 0C       		.uleb128 0xc
 761 008a 2E       		.uleb128 0x2e
 762 008b 01       		.byte	0x1
 763 008c 3F       		.uleb128 0x3f
 764 008d 19       		.uleb128 0x19
 765 008e 03       		.uleb128 0x3
 766 008f 0E       		.uleb128 0xe
 767 0090 3A       		.uleb128 0x3a
 768 0091 0B       		.uleb128 0xb
 769 0092 3B       		.uleb128 0x3b
 770 0093 0B       		.uleb128 0xb
 771 0094 27       		.uleb128 0x27
 772 0095 19       		.uleb128 0x19
 773 0096 49       		.uleb128 0x49
 774 0097 13       		.uleb128 0x13
 775 0098 11       		.uleb128 0x11
 776 0099 01       		.uleb128 0x1
 777 009a 12       		.uleb128 0x12
 778 009b 06       		.uleb128 0x6
 779 009c 40       		.uleb128 0x40
 780 009d 18       		.uleb128 0x18
 781 009e 9742     		.uleb128 0x2117
 782 00a0 19       		.uleb128 0x19
 783 00a1 01       		.uleb128 0x1
 784 00a2 13       		.uleb128 0x13
 785 00a3 00       		.byte	0
ARM GAS  /tmp/ccSLubY4.s 			page 23


 786 00a4 00       		.byte	0
 787 00a5 0D       		.uleb128 0xd
 788 00a6 05       		.uleb128 0x5
 789 00a7 00       		.byte	0
 790 00a8 03       		.uleb128 0x3
 791 00a9 0E       		.uleb128 0xe
 792 00aa 3A       		.uleb128 0x3a
 793 00ab 0B       		.uleb128 0xb
 794 00ac 3B       		.uleb128 0x3b
 795 00ad 0B       		.uleb128 0xb
 796 00ae 49       		.uleb128 0x49
 797 00af 13       		.uleb128 0x13
 798 00b0 02       		.uleb128 0x2
 799 00b1 17       		.uleb128 0x17
 800 00b2 00       		.byte	0
 801 00b3 00       		.byte	0
 802 00b4 0E       		.uleb128 0xe
 803 00b5 34       		.uleb128 0x34
 804 00b6 00       		.byte	0
 805 00b7 03       		.uleb128 0x3
 806 00b8 0E       		.uleb128 0xe
 807 00b9 3A       		.uleb128 0x3a
 808 00ba 0B       		.uleb128 0xb
 809 00bb 3B       		.uleb128 0x3b
 810 00bc 0B       		.uleb128 0xb
 811 00bd 49       		.uleb128 0x49
 812 00be 13       		.uleb128 0x13
 813 00bf 02       		.uleb128 0x2
 814 00c0 17       		.uleb128 0x17
 815 00c1 00       		.byte	0
 816 00c2 00       		.byte	0
 817 00c3 0F       		.uleb128 0xf
 818 00c4 2E       		.uleb128 0x2e
 819 00c5 01       		.byte	0x1
 820 00c6 3F       		.uleb128 0x3f
 821 00c7 19       		.uleb128 0x19
 822 00c8 03       		.uleb128 0x3
 823 00c9 0E       		.uleb128 0xe
 824 00ca 3A       		.uleb128 0x3a
 825 00cb 0B       		.uleb128 0xb
 826 00cc 3B       		.uleb128 0x3b
 827 00cd 05       		.uleb128 0x5
 828 00ce 27       		.uleb128 0x27
 829 00cf 19       		.uleb128 0x19
 830 00d0 49       		.uleb128 0x49
 831 00d1 13       		.uleb128 0x13
 832 00d2 11       		.uleb128 0x11
 833 00d3 01       		.uleb128 0x1
 834 00d4 12       		.uleb128 0x12
 835 00d5 06       		.uleb128 0x6
 836 00d6 40       		.uleb128 0x40
 837 00d7 18       		.uleb128 0x18
 838 00d8 9642     		.uleb128 0x2116
 839 00da 19       		.uleb128 0x19
 840 00db 01       		.uleb128 0x1
 841 00dc 13       		.uleb128 0x13
 842 00dd 00       		.byte	0
ARM GAS  /tmp/ccSLubY4.s 			page 24


 843 00de 00       		.byte	0
 844 00df 10       		.uleb128 0x10
 845 00e0 05       		.uleb128 0x5
 846 00e1 00       		.byte	0
 847 00e2 03       		.uleb128 0x3
 848 00e3 0E       		.uleb128 0xe
 849 00e4 3A       		.uleb128 0x3a
 850 00e5 0B       		.uleb128 0xb
 851 00e6 3B       		.uleb128 0x3b
 852 00e7 05       		.uleb128 0x5
 853 00e8 49       		.uleb128 0x49
 854 00e9 13       		.uleb128 0x13
 855 00ea 02       		.uleb128 0x2
 856 00eb 17       		.uleb128 0x17
 857 00ec 00       		.byte	0
 858 00ed 00       		.byte	0
 859 00ee 11       		.uleb128 0x11
 860 00ef 34       		.uleb128 0x34
 861 00f0 00       		.byte	0
 862 00f1 03       		.uleb128 0x3
 863 00f2 0E       		.uleb128 0xe
 864 00f3 3A       		.uleb128 0x3a
 865 00f4 0B       		.uleb128 0xb
 866 00f5 3B       		.uleb128 0x3b
 867 00f6 05       		.uleb128 0x5
 868 00f7 49       		.uleb128 0x49
 869 00f8 13       		.uleb128 0x13
 870 00f9 02       		.uleb128 0x2
 871 00fa 17       		.uleb128 0x17
 872 00fb 00       		.byte	0
 873 00fc 00       		.byte	0
 874 00fd 12       		.uleb128 0x12
 875 00fe 34       		.uleb128 0x34
 876 00ff 00       		.byte	0
 877 0100 03       		.uleb128 0x3
 878 0101 08       		.uleb128 0x8
 879 0102 3A       		.uleb128 0x3a
 880 0103 0B       		.uleb128 0xb
 881 0104 3B       		.uleb128 0x3b
 882 0105 05       		.uleb128 0x5
 883 0106 49       		.uleb128 0x49
 884 0107 13       		.uleb128 0x13
 885 0108 02       		.uleb128 0x2
 886 0109 17       		.uleb128 0x17
 887 010a 00       		.byte	0
 888 010b 00       		.byte	0
 889 010c 13       		.uleb128 0x13
 890 010d 34       		.uleb128 0x34
 891 010e 00       		.byte	0
 892 010f 03       		.uleb128 0x3
 893 0110 0E       		.uleb128 0xe
 894 0111 3A       		.uleb128 0x3a
 895 0112 0B       		.uleb128 0xb
 896 0113 3B       		.uleb128 0x3b
 897 0114 0B       		.uleb128 0xb
 898 0115 49       		.uleb128 0x49
 899 0116 13       		.uleb128 0x13
ARM GAS  /tmp/ccSLubY4.s 			page 25


 900 0117 02       		.uleb128 0x2
 901 0118 18       		.uleb128 0x18
 902 0119 00       		.byte	0
 903 011a 00       		.byte	0
 904 011b 00       		.byte	0
 905              		.section	.debug_loc,"",%progbits
 906              	.Ldebug_loc0:
 907              	.LLST0:
 908 0000 00000000 		.4byte	.LVL0
 909 0004 60000000 		.4byte	.LVL14
 910 0008 0100     		.2byte	0x1
 911 000a 50       		.byte	0x50
 912 000b 60000000 		.4byte	.LVL14
 913 000f 66000000 		.4byte	.LVL15
 914 0013 0400     		.2byte	0x4
 915 0015 F3       		.byte	0xf3
 916 0016 01       		.uleb128 0x1
 917 0017 50       		.byte	0x50
 918 0018 9F       		.byte	0x9f
 919 0019 66000000 		.4byte	.LVL15
 920 001d 94000000 		.4byte	.LVL18
 921 0021 0100     		.2byte	0x1
 922 0023 50       		.byte	0x50
 923 0024 94000000 		.4byte	.LVL18
 924 0028 9C000000 		.4byte	.LFE1
 925 002c 0400     		.2byte	0x4
 926 002e F3       		.byte	0xf3
 927 002f 01       		.uleb128 0x1
 928 0030 50       		.byte	0x50
 929 0031 9F       		.byte	0x9f
 930 0032 00000000 		.4byte	0
 931 0036 00000000 		.4byte	0
 932              	.LLST1:
 933 003a 00000000 		.4byte	.LVL0
 934 003e 4C000000 		.4byte	.LVL13
 935 0042 0100     		.2byte	0x1
 936 0044 51       		.byte	0x51
 937 0045 4C000000 		.4byte	.LVL13
 938 0049 66000000 		.4byte	.LVL15
 939 004d 0400     		.2byte	0x4
 940 004f F3       		.byte	0xf3
 941 0050 01       		.uleb128 0x1
 942 0051 51       		.byte	0x51
 943 0052 9F       		.byte	0x9f
 944 0053 66000000 		.4byte	.LVL15
 945 0057 68000000 		.4byte	.LVL16
 946 005b 0100     		.2byte	0x1
 947 005d 51       		.byte	0x51
 948 005e 68000000 		.4byte	.LVL16
 949 0062 84000000 		.4byte	.LVL17
 950 0066 0300     		.2byte	0x3
 951 0068 71       		.byte	0x71
 952 0069 01       		.sleb128 1
 953 006a 9F       		.byte	0x9f
 954 006b 84000000 		.4byte	.LVL17
 955 006f 9C000000 		.4byte	.LFE1
 956 0073 0400     		.2byte	0x4
ARM GAS  /tmp/ccSLubY4.s 			page 26


 957 0075 F3       		.byte	0xf3
 958 0076 01       		.uleb128 0x1
 959 0077 51       		.byte	0x51
 960 0078 9F       		.byte	0x9f
 961 0079 00000000 		.4byte	0
 962 007d 00000000 		.4byte	0
 963              	.LLST2:
 964 0081 00000000 		.4byte	.LVL0
 965 0085 38000000 		.4byte	.LVL11
 966 0089 0100     		.2byte	0x1
 967 008b 52       		.byte	0x52
 968 008c 38000000 		.4byte	.LVL11
 969 0090 9C000000 		.4byte	.LFE1
 970 0094 0400     		.2byte	0x4
 971 0096 F3       		.byte	0xf3
 972 0097 01       		.uleb128 0x1
 973 0098 52       		.byte	0x52
 974 0099 9F       		.byte	0x9f
 975 009a 00000000 		.4byte	0
 976 009e 00000000 		.4byte	0
 977              	.LLST3:
 978 00a2 08000000 		.4byte	.LVL2
 979 00a6 10000000 		.4byte	.LVL3
 980 00aa 0200     		.2byte	0x2
 981 00ac 30       		.byte	0x30
 982 00ad 9F       		.byte	0x9f
 983 00ae 10000000 		.4byte	.LVL3
 984 00b2 2E000000 		.4byte	.LVL9
 985 00b6 0100     		.2byte	0x1
 986 00b8 53       		.byte	0x53
 987 00b9 00000000 		.4byte	0
 988 00bd 00000000 		.4byte	0
 989              	.LLST4:
 990 00c1 02000000 		.4byte	.LVL1
 991 00c5 10000000 		.4byte	.LVL3
 992 00c9 0100     		.2byte	0x1
 993 00cb 50       		.byte	0x50
 994 00cc 10000000 		.4byte	.LVL3
 995 00d0 30000000 		.4byte	.LVL10
 996 00d4 0100     		.2byte	0x1
 997 00d6 54       		.byte	0x54
 998 00d7 00000000 		.4byte	0
 999 00db 00000000 		.4byte	0
 1000              	.LLST5:
 1001 00df 02000000 		.4byte	.LVL1
 1002 00e3 10000000 		.4byte	.LVL3
 1003 00e7 0200     		.2byte	0x2
 1004 00e9 30       		.byte	0x30
 1005 00ea 9F       		.byte	0x9f
 1006 00eb 10000000 		.4byte	.LVL3
 1007 00ef 1C000000 		.4byte	.LVL4
 1008 00f3 0100     		.2byte	0x1
 1009 00f5 56       		.byte	0x56
 1010 00f6 1E000000 		.4byte	.LVL5
 1011 00fa 24000000 		.4byte	.LVL6
 1012 00fe 0100     		.2byte	0x1
 1013 0100 55       		.byte	0x55
ARM GAS  /tmp/ccSLubY4.s 			page 27


 1014 0101 24000000 		.4byte	.LVL6
 1015 0105 40000000 		.4byte	.LVL12
 1016 0109 0100     		.2byte	0x1
 1017 010b 56       		.byte	0x56
 1018 010c 00000000 		.4byte	0
 1019 0110 00000000 		.4byte	0
 1020              	.LLST6:
 1021 0114 00000000 		.4byte	.LVL19
 1022 0118 12000000 		.4byte	.LVL21
 1023 011c 0100     		.2byte	0x1
 1024 011e 50       		.byte	0x50
 1025 011f 12000000 		.4byte	.LVL21
 1026 0123 76000000 		.4byte	.LVL32
 1027 0127 0100     		.2byte	0x1
 1028 0129 58       		.byte	0x58
 1029 012a 76000000 		.4byte	.LVL32
 1030 012e 80000000 		.4byte	.LFE2
 1031 0132 0400     		.2byte	0x4
 1032 0134 F3       		.byte	0xf3
 1033 0135 01       		.uleb128 0x1
 1034 0136 50       		.byte	0x50
 1035 0137 9F       		.byte	0x9f
 1036 0138 00000000 		.4byte	0
 1037 013c 00000000 		.4byte	0
 1038              	.LLST7:
 1039 0140 00000000 		.4byte	.LVL19
 1040 0144 12000000 		.4byte	.LVL21
 1041 0148 0100     		.2byte	0x1
 1042 014a 51       		.byte	0x51
 1043 014b 12000000 		.4byte	.LVL21
 1044 014f 76000000 		.4byte	.LVL31
 1045 0153 0100     		.2byte	0x1
 1046 0155 57       		.byte	0x57
 1047 0156 76000000 		.4byte	.LVL31
 1048 015a 80000000 		.4byte	.LFE2
 1049 015e 0400     		.2byte	0x4
 1050 0160 F3       		.byte	0xf3
 1051 0161 01       		.uleb128 0x1
 1052 0162 51       		.byte	0x51
 1053 0163 9F       		.byte	0x9f
 1054 0164 00000000 		.4byte	0
 1055 0168 00000000 		.4byte	0
 1056              	.LLST8:
 1057 016c 00000000 		.4byte	.LVL19
 1058 0170 12000000 		.4byte	.LVL21
 1059 0174 0100     		.2byte	0x1
 1060 0176 52       		.byte	0x52
 1061 0177 12000000 		.4byte	.LVL21
 1062 017b 80000000 		.4byte	.LFE2
 1063 017f 0200     		.2byte	0x2
 1064 0181 91       		.byte	0x91
 1065 0182 64       		.sleb128 -28
 1066 0183 00000000 		.4byte	0
 1067 0187 00000000 		.4byte	0
 1068              	.LLST9:
 1069 018b 52000000 		.4byte	.LVL22
 1070 018f 5A000000 		.4byte	.LVL24
ARM GAS  /tmp/ccSLubY4.s 			page 28


 1071 0193 0100     		.2byte	0x1
 1072 0195 50       		.byte	0x50
 1073 0196 5A000000 		.4byte	.LVL24
 1074 019a 5D000000 		.4byte	.LVL25-1
 1075 019e 1700     		.2byte	0x17
 1076 01a0 72       		.byte	0x72
 1077 01a1 00       		.sleb128 0
 1078 01a2 75       		.byte	0x75
 1079 01a3 00       		.sleb128 0
 1080 01a4 76       		.byte	0x76
 1081 01a5 00       		.sleb128 0
 1082 01a6 22       		.byte	0x22
 1083 01a7 31       		.byte	0x31
 1084 01a8 24       		.byte	0x24
 1085 01a9 03       		.byte	0x3
 1086 01aa 08000000 		.4byte	.LANCHOR0+8
 1087 01ae 22       		.byte	0x22
 1088 01af 94       		.byte	0x94
 1089 01b0 02       		.byte	0x2
 1090 01b1 0A       		.byte	0xa
 1091 01b2 FFFF     		.2byte	0xffff
 1092 01b4 1A       		.byte	0x1a
 1093 01b5 1C       		.byte	0x1c
 1094 01b6 9F       		.byte	0x9f
 1095 01b7 00000000 		.4byte	0
 1096 01bb 00000000 		.4byte	0
 1097              	.LLST10:
 1098 01bf 58000000 		.4byte	.LVL23
 1099 01c3 5D000000 		.4byte	.LVL25-1
 1100 01c7 0100     		.2byte	0x1
 1101 01c9 51       		.byte	0x51
 1102 01ca 62000000 		.4byte	.LVL26
 1103 01ce 64000000 		.4byte	.LVL27
 1104 01d2 0100     		.2byte	0x1
 1105 01d4 50       		.byte	0x50
 1106 01d5 64000000 		.4byte	.LVL27
 1107 01d9 66000000 		.4byte	.LVL28
 1108 01dd 0400     		.2byte	0x4
 1109 01df 70       		.byte	0x70
 1110 01e0 817F     		.sleb128 -127
 1111 01e2 9F       		.byte	0x9f
 1112 01e3 00000000 		.4byte	0
 1113 01e7 00000000 		.4byte	0
 1114              	.LLST11:
 1115 01eb 0E000000 		.4byte	.LVL20
 1116 01ef 12000000 		.4byte	.LVL21
 1117 01f3 0200     		.2byte	0x2
 1118 01f5 30       		.byte	0x30
 1119 01f6 9F       		.byte	0x9f
 1120 01f7 12000000 		.4byte	.LVL21
 1121 01fb 76000000 		.4byte	.LVL30
 1122 01ff 0100     		.2byte	0x1
 1123 0201 56       		.byte	0x56
 1124 0202 00000000 		.4byte	0
 1125 0206 00000000 		.4byte	0
 1126              		.section	.debug_aranges,"",%progbits
 1127 0000 24000000 		.4byte	0x24
ARM GAS  /tmp/ccSLubY4.s 			page 29


 1128 0004 0200     		.2byte	0x2
 1129 0006 00000000 		.4byte	.Ldebug_info0
 1130 000a 04       		.byte	0x4
 1131 000b 00       		.byte	0
 1132 000c 0000     		.2byte	0
 1133 000e 0000     		.2byte	0
 1134 0010 00000000 		.4byte	.LFB1
 1135 0014 9C000000 		.4byte	.LFE1-.LFB1
 1136 0018 00000000 		.4byte	.LFB2
 1137 001c 80000000 		.4byte	.LFE2-.LFB2
 1138 0020 00000000 		.4byte	0
 1139 0024 00000000 		.4byte	0
 1140              		.section	.debug_ranges,"",%progbits
 1141              	.Ldebug_ranges0:
 1142 0000 00000000 		.4byte	.LFB1
 1143 0004 9C000000 		.4byte	.LFE1
 1144 0008 00000000 		.4byte	.LFB2
 1145 000c 80000000 		.4byte	.LFE2
 1146 0010 00000000 		.4byte	0
 1147 0014 00000000 		.4byte	0
 1148              		.section	.debug_line,"",%progbits
 1149              	.Ldebug_line0:
 1150 0000 1D010000 		.section	.debug_str,"MS",%progbits,1
 1150      02008500 
 1150      00000201 
 1150      FB0E0D00 
 1150      01010101 
 1151              	.LASF17:
 1152 0000 43617053 		.ascii	"CapSense_THRESHOLD_TYPE\000"
 1152      656E7365 
 1152      5F544852 
 1152      4553484F 
 1152      4C445F54 
 1153              	.LASF20:
 1154 0018 62736C6E 		.ascii	"bslnExt\000"
 1154      45787400 
 1155              	.LASF24:
 1156 0020 69646163 		.ascii	"idacComp\000"
 1156      436F6D70 
 1156      00
 1157              	.LASF3:
 1158 0029 73686F72 		.ascii	"short unsigned int\000"
 1158      7420756E 
 1158      7369676E 
 1158      65642069 
 1158      6E7400
 1159              	.LASF41:
 1160 003c 474E5520 		.ascii	"GNU C 4.9.3 20150529 (prerelease) -mcpu=cortex-m0pl"
 1160      4320342E 
 1160      392E3320 
 1160      32303135 
 1160      30353239 
 1161 006f 7573202D 		.ascii	"us -mthumb -g -Og -ffunction-sections -ffat-lto-obj"
 1161      6D746875 
 1161      6D62202D 
 1161      67202D4F 
 1161      67202D66 
ARM GAS  /tmp/ccSLubY4.s 			page 30


 1162 00a2 65637473 		.ascii	"ects\000"
 1162      00
 1163              	.LASF27:
 1164 00a7 736E7343 		.ascii	"snsCount\000"
 1164      6F756E74 
 1164      00
 1165              	.LASF13:
 1166 00b0 666C6F61 		.ascii	"float\000"
 1166      7400
 1167              	.LASF1:
 1168 00b6 756E7369 		.ascii	"unsigned char\000"
 1168      676E6564 
 1168      20636861 
 1168      7200
 1169              	.LASF26:
 1170 00c4 70747253 		.ascii	"ptrSns\000"
 1170      6E7300
 1171              	.LASF5:
 1172 00cb 6C6F6E67 		.ascii	"long unsigned int\000"
 1172      20756E73 
 1172      69676E65 
 1172      6420696E 
 1172      7400
 1173              	.LASF29:
 1174 00dd 73656E73 		.ascii	"sensorId\000"
 1174      6F724964 
 1174      00
 1175              	.LASF12:
 1176 00e6 696E7433 		.ascii	"int32\000"
 1176      3200
 1177              	.LASF33:
 1178 00ec 43617053 		.ascii	"CapSense_DpCalcLinearCentroid\000"
 1178      656E7365 
 1178      5F447043 
 1178      616C634C 
 1178      696E6561 
 1179              	.LASF35:
 1180 010a 6D756C74 		.ascii	"multiplier\000"
 1180      69706C69 
 1180      657200
 1181              	.LASF14:
 1182 0115 646F7562 		.ascii	"double\000"
 1182      6C6500
 1183              	.LASF10:
 1184 011c 75696E74 		.ascii	"uint16\000"
 1184      313600
 1185              	.LASF34:
 1186 0123 706F7369 		.ascii	"position\000"
 1186      74696F6E 
 1186      00
 1187              	.LASF11:
 1188 012c 75696E74 		.ascii	"uint32\000"
 1188      333200
 1189              	.LASF8:
 1190 0133 756E7369 		.ascii	"unsigned int\000"
 1190      676E6564 
 1190      20696E74 
ARM GAS  /tmp/ccSLubY4.s 			page 31


 1190      00
 1191              	.LASF31:
 1192 0140 74656D70 		.ascii	"temp\000"
 1192      00
 1193              	.LASF30:
 1194 0145 6C6F6361 		.ascii	"localPtrSns\000"
 1194      6C507472 
 1194      536E7300 
 1195              	.LASF7:
 1196 0151 6C6F6E67 		.ascii	"long long unsigned int\000"
 1196      206C6F6E 
 1196      6720756E 
 1196      7369676E 
 1196      65642069 
 1197              	.LASF39:
 1198 0168 6C6F6361 		.ascii	"localDiffArray\000"
 1198      6C446966 
 1198      66417272 
 1198      617900
 1199              	.LASF43:
 1200 0177 2F736372 		.ascii	"/scratch/eddie/capsense/Slider.cydsn\000"
 1200      61746368 
 1200      2F656464 
 1200      69652F63 
 1200      61707365 
 1201              	.LASF38:
 1202 019c 6C6F6361 		.ascii	"localMax\000"
 1202      6C4D6178 
 1202      00
 1203              	.LASF22:
 1204 01a5 6E656742 		.ascii	"negBslnRstCnt\000"
 1204      736C6E52 
 1204      7374436E 
 1204      7400
 1205              	.LASF23:
 1206 01b3 706F7342 		.ascii	"posBslnRstCnt\000"
 1206      736C6E52 
 1206      7374436E 
 1206      7400
 1207              	.LASF21:
 1208 01c1 64696666 		.ascii	"diff\000"
 1208      00
 1209              	.LASF16:
 1210 01c6 73697A65 		.ascii	"sizetype\000"
 1210      74797065 
 1210      00
 1211              	.LASF6:
 1212 01cf 6C6F6E67 		.ascii	"long long int\000"
 1212      206C6F6E 
 1212      6720696E 
 1212      7400
 1213              	.LASF25:
 1214 01dd 43617053 		.ascii	"CapSense_RAM_SNS_STRUCT\000"
 1214      656E7365 
 1214      5F52414D 
 1214      5F534E53 
 1214      5F535452 
ARM GAS  /tmp/ccSLubY4.s 			page 32


 1215              	.LASF15:
 1216 01f5 63686172 		.ascii	"char\000"
 1216      00
 1217              	.LASF28:
 1218 01fa 66696E67 		.ascii	"fingerThreshold\000"
 1218      65725468 
 1218      72657368 
 1218      6F6C6400 
 1219              	.LASF42:
 1220 020a 47656E65 		.ascii	"Generated_Source/PSoC4/CapSense_Centroid_LL.c\000"
 1220      72617465 
 1220      645F536F 
 1220      75726365 
 1220      2F50536F 
 1221              	.LASF40:
 1222 0238 6C6F6361 		.ascii	"localMaxIndex\000"
 1222      6C4D6178 
 1222      496E6465 
 1222      7800
 1223              	.LASF2:
 1224 0246 73686F72 		.ascii	"short int\000"
 1224      7420696E 
 1224      7400
 1225              	.LASF9:
 1226 0250 75696E74 		.ascii	"uint8\000"
 1226      3800
 1227              	.LASF36:
 1228 0256 6E756D65 		.ascii	"numerator\000"
 1228      7261746F 
 1228      7200
 1229              	.LASF4:
 1230 0260 6C6F6E67 		.ascii	"long int\000"
 1230      20696E74 
 1230      00
 1231              	.LASF0:
 1232 0269 7369676E 		.ascii	"signed char\000"
 1232      65642063 
 1232      68617200 
 1233              	.LASF32:
 1234 0275 43617053 		.ascii	"CapSense_DpFindLocalMaxSd\000"
 1234      656E7365 
 1234      5F447046 
 1234      696E644C 
 1234      6F63616C 
 1235              	.LASF19:
 1236 028f 62736C6E 		.ascii	"bsln\000"
 1236      00
 1237              	.LASF18:
 1238 0294 43617053 		.ascii	"CapSense_LOW_BSLN_RST_TYPE\000"
 1238      656E7365 
 1238      5F4C4F57 
 1238      5F42534C 
 1238      4E5F5253 
 1239              	.LASF37:
 1240 02af 64656E6F 		.ascii	"denominator\000"
 1240      6D696E61 
 1240      746F7200 
ARM GAS  /tmp/ccSLubY4.s 			page 33


 1241              		.ident	"GCC: (15:4.9.3+svn231177-1) 4.9.3 20150529 (prerelease)"
