ARM GAS  /tmp/ccNuozho.s 			page 1


   1              		.cpu cortex-m0plus
   2              		.fpu softvfp
   3              		.eabi_attribute 20, 1
   4              		.eabi_attribute 21, 1
   5              		.eabi_attribute 23, 3
   6              		.eabi_attribute 24, 1
   7              		.eabi_attribute 25, 1
   8              		.eabi_attribute 26, 1
   9              		.eabi_attribute 30, 1
  10              		.eabi_attribute 34, 0
  11              		.eabi_attribute 18, 4
  12              		.code	16
  13              		.file	"cyfitter_cfg.c"
  14              		.text
  15              	.Ltext0:
  16              		.cfi_sections	.debug_frame
  17              		.section	.psocinit,"ax",%progbits
  18              		.align	2
  19              		.code	16
  20              		.thumb_func
  21              		.type	ClockSetup, %function
  22              	ClockSetup:
  23              	.LFB4:
  24              		.file 1 "Generated_Source/PSoC4/cyfitter_cfg.c"
   1:Generated_Source/PSoC4/cyfitter_cfg.c **** /*******************************************************************************
   2:Generated_Source/PSoC4/cyfitter_cfg.c **** * File Name: cyfitter_cfg.c
   3:Generated_Source/PSoC4/cyfitter_cfg.c **** * 
   4:Generated_Source/PSoC4/cyfitter_cfg.c **** * PSoC Creator  4.0 Update 1
   5:Generated_Source/PSoC4/cyfitter_cfg.c **** *
   6:Generated_Source/PSoC4/cyfitter_cfg.c **** * Description:
   7:Generated_Source/PSoC4/cyfitter_cfg.c **** * This file contains device initialization code.
   8:Generated_Source/PSoC4/cyfitter_cfg.c **** * Except for the user defined sections in CyClockStartupError(), this file should not be modified.
   9:Generated_Source/PSoC4/cyfitter_cfg.c **** * This file is automatically generated by PSoC Creator.
  10:Generated_Source/PSoC4/cyfitter_cfg.c **** *
  11:Generated_Source/PSoC4/cyfitter_cfg.c **** ********************************************************************************
  12:Generated_Source/PSoC4/cyfitter_cfg.c **** * Copyright (c) 2007-2016 Cypress Semiconductor.  All rights reserved.
  13:Generated_Source/PSoC4/cyfitter_cfg.c **** * You may use this file only in accordance with the license, terms, conditions, 
  14:Generated_Source/PSoC4/cyfitter_cfg.c **** * disclaimers, and limitations in the end user license agreement accompanying 
  15:Generated_Source/PSoC4/cyfitter_cfg.c **** * the software package with which this file was provided.
  16:Generated_Source/PSoC4/cyfitter_cfg.c **** ********************************************************************************/
  17:Generated_Source/PSoC4/cyfitter_cfg.c **** 
  18:Generated_Source/PSoC4/cyfitter_cfg.c **** #include <string.h>
  19:Generated_Source/PSoC4/cyfitter_cfg.c **** #include "cytypes.h"
  20:Generated_Source/PSoC4/cyfitter_cfg.c **** #include "cydevice_trm.h"
  21:Generated_Source/PSoC4/cyfitter_cfg.c **** #include "cyfitter.h"
  22:Generated_Source/PSoC4/cyfitter_cfg.c **** #include "CyLib.h"
  23:Generated_Source/PSoC4/cyfitter_cfg.c **** #include "cyfitter_cfg.h"
  24:Generated_Source/PSoC4/cyfitter_cfg.c **** 
  25:Generated_Source/PSoC4/cyfitter_cfg.c **** 
  26:Generated_Source/PSoC4/cyfitter_cfg.c **** #if defined(__GNUC__) || defined(__ARMCC_VERSION)
  27:Generated_Source/PSoC4/cyfitter_cfg.c ****     #define CYPACKED 
  28:Generated_Source/PSoC4/cyfitter_cfg.c ****     #define CYPACKED_ATTR __attribute__ ((packed))
  29:Generated_Source/PSoC4/cyfitter_cfg.c ****     #define CYALIGNED __attribute__ ((aligned))
  30:Generated_Source/PSoC4/cyfitter_cfg.c ****     #define CY_CFG_UNUSED __attribute__ ((unused))
  31:Generated_Source/PSoC4/cyfitter_cfg.c ****     #ifndef CY_CFG_SECTION
  32:Generated_Source/PSoC4/cyfitter_cfg.c ****         #define CY_CFG_SECTION __attribute__ ((section(".psocinit")))
  33:Generated_Source/PSoC4/cyfitter_cfg.c ****     #endif
ARM GAS  /tmp/ccNuozho.s 			page 2


  34:Generated_Source/PSoC4/cyfitter_cfg.c ****     
  35:Generated_Source/PSoC4/cyfitter_cfg.c ****     #if defined(__ARMCC_VERSION)
  36:Generated_Source/PSoC4/cyfitter_cfg.c ****         #define CY_CFG_MEMORY_BARRIER() __memory_changed()
  37:Generated_Source/PSoC4/cyfitter_cfg.c ****     #else
  38:Generated_Source/PSoC4/cyfitter_cfg.c ****         #define CY_CFG_MEMORY_BARRIER() __sync_synchronize()
  39:Generated_Source/PSoC4/cyfitter_cfg.c ****     #endif
  40:Generated_Source/PSoC4/cyfitter_cfg.c ****     
  41:Generated_Source/PSoC4/cyfitter_cfg.c **** #elif defined(__ICCARM__)
  42:Generated_Source/PSoC4/cyfitter_cfg.c ****     #include <intrinsics.h>
  43:Generated_Source/PSoC4/cyfitter_cfg.c **** 
  44:Generated_Source/PSoC4/cyfitter_cfg.c ****     #define CYPACKED __packed
  45:Generated_Source/PSoC4/cyfitter_cfg.c ****     #define CYPACKED_ATTR 
  46:Generated_Source/PSoC4/cyfitter_cfg.c ****     #define CYALIGNED _Pragma("data_alignment=4")
  47:Generated_Source/PSoC4/cyfitter_cfg.c ****     #define CY_CFG_UNUSED _Pragma("diag_suppress=Pe177")
  48:Generated_Source/PSoC4/cyfitter_cfg.c ****     #define CY_CFG_SECTION _Pragma("location=\".psocinit\"")
  49:Generated_Source/PSoC4/cyfitter_cfg.c ****     
  50:Generated_Source/PSoC4/cyfitter_cfg.c ****     #define CY_CFG_MEMORY_BARRIER() __DMB()
  51:Generated_Source/PSoC4/cyfitter_cfg.c ****     
  52:Generated_Source/PSoC4/cyfitter_cfg.c **** #else
  53:Generated_Source/PSoC4/cyfitter_cfg.c ****     #error Unsupported toolchain
  54:Generated_Source/PSoC4/cyfitter_cfg.c **** #endif
  55:Generated_Source/PSoC4/cyfitter_cfg.c **** 
  56:Generated_Source/PSoC4/cyfitter_cfg.c **** 
  57:Generated_Source/PSoC4/cyfitter_cfg.c **** CY_CFG_UNUSED
  58:Generated_Source/PSoC4/cyfitter_cfg.c **** static void CYMEMZERO(void *s, size_t n);
  59:Generated_Source/PSoC4/cyfitter_cfg.c **** CY_CFG_UNUSED
  60:Generated_Source/PSoC4/cyfitter_cfg.c **** static void CYMEMZERO(void *s, size_t n)
  61:Generated_Source/PSoC4/cyfitter_cfg.c **** {
  62:Generated_Source/PSoC4/cyfitter_cfg.c **** 	(void)memset(s, 0, n);
  63:Generated_Source/PSoC4/cyfitter_cfg.c **** }
  64:Generated_Source/PSoC4/cyfitter_cfg.c **** CY_CFG_UNUSED
  65:Generated_Source/PSoC4/cyfitter_cfg.c **** static void CYCONFIGCPY(void *dest, const void *src, size_t n);
  66:Generated_Source/PSoC4/cyfitter_cfg.c **** CY_CFG_UNUSED
  67:Generated_Source/PSoC4/cyfitter_cfg.c **** static void CYCONFIGCPY(void *dest, const void *src, size_t n)
  68:Generated_Source/PSoC4/cyfitter_cfg.c **** {
  69:Generated_Source/PSoC4/cyfitter_cfg.c **** 	(void)memcpy(dest, src, n);
  70:Generated_Source/PSoC4/cyfitter_cfg.c **** }
  71:Generated_Source/PSoC4/cyfitter_cfg.c **** CY_CFG_UNUSED
  72:Generated_Source/PSoC4/cyfitter_cfg.c **** static void CYCONFIGCPYCODE(void *dest, const void *src, size_t n);
  73:Generated_Source/PSoC4/cyfitter_cfg.c **** CY_CFG_UNUSED
  74:Generated_Source/PSoC4/cyfitter_cfg.c **** static void CYCONFIGCPYCODE(void *dest, const void *src, size_t n)
  75:Generated_Source/PSoC4/cyfitter_cfg.c **** {
  76:Generated_Source/PSoC4/cyfitter_cfg.c **** 	(void)memcpy(dest, src, n);
  77:Generated_Source/PSoC4/cyfitter_cfg.c **** }
  78:Generated_Source/PSoC4/cyfitter_cfg.c **** 
  79:Generated_Source/PSoC4/cyfitter_cfg.c **** 
  80:Generated_Source/PSoC4/cyfitter_cfg.c **** 
  81:Generated_Source/PSoC4/cyfitter_cfg.c **** 
  82:Generated_Source/PSoC4/cyfitter_cfg.c **** /* Clock startup error codes                                                   */
  83:Generated_Source/PSoC4/cyfitter_cfg.c **** #define CYCLOCKSTART_NO_ERROR    0u
  84:Generated_Source/PSoC4/cyfitter_cfg.c **** #define CYCLOCKSTART_XTAL_ERROR  1u
  85:Generated_Source/PSoC4/cyfitter_cfg.c **** #define CYCLOCKSTART_32KHZ_ERROR 2u
  86:Generated_Source/PSoC4/cyfitter_cfg.c **** #define CYCLOCKSTART_PLL_ERROR   3u
  87:Generated_Source/PSoC4/cyfitter_cfg.c **** 
  88:Generated_Source/PSoC4/cyfitter_cfg.c **** 
  89:Generated_Source/PSoC4/cyfitter_cfg.c **** #ifdef CY_NEED_CYCLOCKSTARTUPERROR
  90:Generated_Source/PSoC4/cyfitter_cfg.c **** /*******************************************************************************
ARM GAS  /tmp/ccNuozho.s 			page 3


  91:Generated_Source/PSoC4/cyfitter_cfg.c **** * Function Name: CyClockStartupError
  92:Generated_Source/PSoC4/cyfitter_cfg.c **** ********************************************************************************
  93:Generated_Source/PSoC4/cyfitter_cfg.c **** * Summary:
  94:Generated_Source/PSoC4/cyfitter_cfg.c **** *  If an error is encountered during clock configuration (crystal startup error,
  95:Generated_Source/PSoC4/cyfitter_cfg.c **** *  PLL lock error, etc.), the system will end up here.  Unless reimplemented by
  96:Generated_Source/PSoC4/cyfitter_cfg.c **** *  the customer, this function will stop in an infinite loop.
  97:Generated_Source/PSoC4/cyfitter_cfg.c **** *
  98:Generated_Source/PSoC4/cyfitter_cfg.c **** * Parameters:
  99:Generated_Source/PSoC4/cyfitter_cfg.c **** *   void
 100:Generated_Source/PSoC4/cyfitter_cfg.c **** *
 101:Generated_Source/PSoC4/cyfitter_cfg.c **** * Return:
 102:Generated_Source/PSoC4/cyfitter_cfg.c **** *   void
 103:Generated_Source/PSoC4/cyfitter_cfg.c **** *
 104:Generated_Source/PSoC4/cyfitter_cfg.c **** *******************************************************************************/
 105:Generated_Source/PSoC4/cyfitter_cfg.c **** CY_CFG_UNUSED
 106:Generated_Source/PSoC4/cyfitter_cfg.c **** static void CyClockStartupError(uint8 errorCode);
 107:Generated_Source/PSoC4/cyfitter_cfg.c **** CY_CFG_UNUSED
 108:Generated_Source/PSoC4/cyfitter_cfg.c **** static void CyClockStartupError(uint8 errorCode)
 109:Generated_Source/PSoC4/cyfitter_cfg.c **** {
 110:Generated_Source/PSoC4/cyfitter_cfg.c ****     /* To remove the compiler warning if errorCode not used.                */
 111:Generated_Source/PSoC4/cyfitter_cfg.c ****     errorCode = errorCode;
 112:Generated_Source/PSoC4/cyfitter_cfg.c **** 
 113:Generated_Source/PSoC4/cyfitter_cfg.c ****     /* If we have a clock startup error (bad MHz crystal, PLL lock, etc.),  */
 114:Generated_Source/PSoC4/cyfitter_cfg.c ****     /* we will end up here to allow the customer to implement something to  */
 115:Generated_Source/PSoC4/cyfitter_cfg.c ****     /* deal with the clock condition.                                       */
 116:Generated_Source/PSoC4/cyfitter_cfg.c **** 
 117:Generated_Source/PSoC4/cyfitter_cfg.c **** #ifdef CY_CFG_CLOCK_STARTUP_ERROR_CALLBACK
 118:Generated_Source/PSoC4/cyfitter_cfg.c **** 	CY_CFG_Clock_Startup_ErrorCallback();
 119:Generated_Source/PSoC4/cyfitter_cfg.c **** #else
 120:Generated_Source/PSoC4/cyfitter_cfg.c **** 	/*  If not using CY_CFG_CLOCK_STARTUP_ERROR_CALLBACK, place your clock startup code here. */
 121:Generated_Source/PSoC4/cyfitter_cfg.c ****     /* `#START CyClockStartupError` */
 122:Generated_Source/PSoC4/cyfitter_cfg.c **** 
 123:Generated_Source/PSoC4/cyfitter_cfg.c ****     /* If we have a clock startup error (bad MHz crystal, PLL lock, etc.),  */
 124:Generated_Source/PSoC4/cyfitter_cfg.c ****     /* we will end up here to allow the customer to implement something to  */
 125:Generated_Source/PSoC4/cyfitter_cfg.c ****     /* deal with the clock condition.                                       */
 126:Generated_Source/PSoC4/cyfitter_cfg.c **** 
 127:Generated_Source/PSoC4/cyfitter_cfg.c ****     /* `#END` */
 128:Generated_Source/PSoC4/cyfitter_cfg.c **** 
 129:Generated_Source/PSoC4/cyfitter_cfg.c ****     /* If nothing else, stop here since the clocks have not started         */
 130:Generated_Source/PSoC4/cyfitter_cfg.c ****     /* correctly.                                                           */
 131:Generated_Source/PSoC4/cyfitter_cfg.c ****     while(1) {}
 132:Generated_Source/PSoC4/cyfitter_cfg.c **** #endif /* CY_CFG_CLOCK_STARTUP_ERROR_CALLBACK */ 
 133:Generated_Source/PSoC4/cyfitter_cfg.c **** }
 134:Generated_Source/PSoC4/cyfitter_cfg.c **** #endif
 135:Generated_Source/PSoC4/cyfitter_cfg.c **** 
 136:Generated_Source/PSoC4/cyfitter_cfg.c **** 
 137:Generated_Source/PSoC4/cyfitter_cfg.c **** 
 138:Generated_Source/PSoC4/cyfitter_cfg.c **** /*******************************************************************************
 139:Generated_Source/PSoC4/cyfitter_cfg.c **** * Function Name: ClockSetup
 140:Generated_Source/PSoC4/cyfitter_cfg.c **** ********************************************************************************
 141:Generated_Source/PSoC4/cyfitter_cfg.c **** *
 142:Generated_Source/PSoC4/cyfitter_cfg.c **** * Summary:
 143:Generated_Source/PSoC4/cyfitter_cfg.c **** *   Performs the initialization of all of the clocks in the device based on the
 144:Generated_Source/PSoC4/cyfitter_cfg.c **** *   settings in the Clock tab of the DWR.  This includes enabling the requested
 145:Generated_Source/PSoC4/cyfitter_cfg.c **** *   clocks and setting the necessary dividers to produce the desired frequency. 
 146:Generated_Source/PSoC4/cyfitter_cfg.c **** *
 147:Generated_Source/PSoC4/cyfitter_cfg.c **** * Parameters:
ARM GAS  /tmp/ccNuozho.s 			page 4


 148:Generated_Source/PSoC4/cyfitter_cfg.c **** *   void
 149:Generated_Source/PSoC4/cyfitter_cfg.c **** *
 150:Generated_Source/PSoC4/cyfitter_cfg.c **** * Return:
 151:Generated_Source/PSoC4/cyfitter_cfg.c **** *   void
 152:Generated_Source/PSoC4/cyfitter_cfg.c **** *
 153:Generated_Source/PSoC4/cyfitter_cfg.c **** *******************************************************************************/
 154:Generated_Source/PSoC4/cyfitter_cfg.c **** static void ClockSetup(void);
 155:Generated_Source/PSoC4/cyfitter_cfg.c **** CY_CFG_SECTION
 156:Generated_Source/PSoC4/cyfitter_cfg.c **** static void ClockSetup(void)
 157:Generated_Source/PSoC4/cyfitter_cfg.c **** {
  25              		.loc 1 157 0
  26              		.cfi_startproc
  27 0000 10B5     		push	{r4, lr}
  28              		.cfi_def_cfa_offset 8
  29              		.cfi_offset 4, -8
  30              		.cfi_offset 14, -4
 158:Generated_Source/PSoC4/cyfitter_cfg.c **** 
 159:Generated_Source/PSoC4/cyfitter_cfg.c **** 	/* Set Flash Cycles based on max possible frequency in case a glitch occurs during ClockSetup(). *
 160:Generated_Source/PSoC4/cyfitter_cfg.c **** 	CY_SET_REG32((void CYXDATA *)(CYREG_CPUSS_FLASH_CTL), (0x0012u));
  31              		.loc 1 160 0
  32 0002 134C     		ldr	r4, .L2
  33 0004 1223     		mov	r3, #18
  34 0006 2360     		str	r3, [r4]
 161:Generated_Source/PSoC4/cyfitter_cfg.c **** 	/* Update IMO to new clock speed. */
 162:Generated_Source/PSoC4/cyfitter_cfg.c **** 	CySysClkWriteImoFreq(24u);
  35              		.loc 1 162 0
  36 0008 1820     		mov	r0, #24
  37 000a FFF7FEFF 		bl	CySysClkWriteImoFreq
  38              	.LVL0:
 163:Generated_Source/PSoC4/cyfitter_cfg.c **** 
 164:Generated_Source/PSoC4/cyfitter_cfg.c **** 	/* Setup phase aligned clocks */
 165:Generated_Source/PSoC4/cyfitter_cfg.c **** 	CY_SET_REG32((void *)CYREG_PERI_DIV_16_CTL0, 0x0000FE00u);
  39              		.loc 1 165 0
  40 000e FE22     		mov	r2, #254
  41 0010 1202     		lsl	r2, r2, #8
  42 0012 104B     		ldr	r3, .L2+4
  43 0014 1A60     		str	r2, [r3]
 166:Generated_Source/PSoC4/cyfitter_cfg.c **** 	CY_SET_REG32((void *)CYREG_PERI_DIV_CMD, 0x8000FF40u);
  44              		.loc 1 166 0
  45 0016 104B     		ldr	r3, .L2+8
  46 0018 104A     		ldr	r2, .L2+12
  47 001a 1A60     		str	r2, [r3]
 167:Generated_Source/PSoC4/cyfitter_cfg.c **** 	CY_SET_REG32((void *)CYREG_PERI_DIV_16_CTL1, 0x00000000u);
  48              		.loc 1 167 0
  49 001c 0022     		mov	r2, #0
  50 001e 1049     		ldr	r1, .L2+16
  51 0020 0A60     		str	r2, [r1]
 168:Generated_Source/PSoC4/cyfitter_cfg.c **** 	CY_SET_REG32((void *)CYREG_PERI_DIV_CMD, 0x8000FF41u);
  52              		.loc 1 168 0
  53 0022 1049     		ldr	r1, .L2+20
  54 0024 1960     		str	r1, [r3]
 169:Generated_Source/PSoC4/cyfitter_cfg.c **** 	CY_SET_REG32((void *)CYREG_PERI_DIV_16_CTL2, 0x00001900u);
  55              		.loc 1 169 0
  56 0026 C820     		mov	r0, #200
  57 0028 4001     		lsl	r0, r0, #5
  58 002a 0F49     		ldr	r1, .L2+24
  59 002c 0860     		str	r0, [r1]
ARM GAS  /tmp/ccNuozho.s 			page 5


 170:Generated_Source/PSoC4/cyfitter_cfg.c **** 	CY_SET_REG32((void *)CYREG_PERI_DIV_CMD, 0x8000FF42u);
  60              		.loc 1 170 0
  61 002e 0F49     		ldr	r1, .L2+28
  62 0030 1960     		str	r1, [r3]
 171:Generated_Source/PSoC4/cyfitter_cfg.c **** 
 172:Generated_Source/PSoC4/cyfitter_cfg.c **** 	/* CYDEV_CLK_SELECT Starting address: CYDEV_CLK_SELECT */
 173:Generated_Source/PSoC4/cyfitter_cfg.c **** 	CY_SET_XTND_REG32((void CYFAR *)(CYREG_CLK_SELECT), 0x00000000u);
  63              		.loc 1 173 0
  64 0032 0F4B     		ldr	r3, .L2+32
  65 0034 1A60     		str	r2, [r3]
 174:Generated_Source/PSoC4/cyfitter_cfg.c **** 
 175:Generated_Source/PSoC4/cyfitter_cfg.c **** 	/* CYDEV_PERI_PCLK_CTL2 Starting address: CYDEV_PERI_PCLK_CTL2 */
 176:Generated_Source/PSoC4/cyfitter_cfg.c **** 	CY_SET_XTND_REG32((void CYFAR *)(CYREG_PERI_PCLK_CTL2), 0x00000040u);
  66              		.loc 1 176 0
  67 0036 4032     		add	r2, r2, #64
  68 0038 0E4B     		ldr	r3, .L2+36
  69 003a 1A60     		str	r2, [r3]
 177:Generated_Source/PSoC4/cyfitter_cfg.c **** 
 178:Generated_Source/PSoC4/cyfitter_cfg.c **** 	/* CYDEV_PERI_PCLK_CTL1 Starting address: CYDEV_PERI_PCLK_CTL1 */
 179:Generated_Source/PSoC4/cyfitter_cfg.c **** 	CY_SET_XTND_REG32((void CYFAR *)(CYREG_PERI_PCLK_CTL1), 0x00000041u);
  70              		.loc 1 179 0
  71 003c 0132     		add	r2, r2, #1
  72 003e 0E4B     		ldr	r3, .L2+40
  73 0040 1A60     		str	r2, [r3]
 180:Generated_Source/PSoC4/cyfitter_cfg.c **** 
 181:Generated_Source/PSoC4/cyfitter_cfg.c **** 	/* CYDEV_PERI_PCLK_CTL0 Starting address: CYDEV_PERI_PCLK_CTL0 */
 182:Generated_Source/PSoC4/cyfitter_cfg.c **** 	CY_SET_XTND_REG32((void CYFAR *)(CYREG_PERI_PCLK_CTL0), 0x00000042u);
  74              		.loc 1 182 0
  75 0042 0132     		add	r2, r2, #1
  76 0044 0D4B     		ldr	r3, .L2+44
  77 0046 1A60     		str	r2, [r3]
 183:Generated_Source/PSoC4/cyfitter_cfg.c **** 
 184:Generated_Source/PSoC4/cyfitter_cfg.c **** 	/* Set Flash Cycles based on newly configured 24.00MHz HFCLK. */
 185:Generated_Source/PSoC4/cyfitter_cfg.c **** 	CY_SET_REG32((void CYXDATA *)(CYREG_CPUSS_FLASH_CTL), (0x0011u));
  78              		.loc 1 185 0
  79 0048 1123     		mov	r3, #17
  80 004a 2360     		str	r3, [r4]
 186:Generated_Source/PSoC4/cyfitter_cfg.c **** }
  81              		.loc 1 186 0
  82              		@ sp needed
  83 004c 10BD     		pop	{r4, pc}
  84              	.L3:
  85 004e C046     		.align	2
  86              	.L2:
  87 0050 30001040 		.word	1074790448
  88 0054 00030140 		.word	1073808128
  89 0058 00000140 		.word	1073807360
  90 005c 40FF0080 		.word	-2147418304
  91 0060 04030140 		.word	1073808132
  92 0064 41FF0080 		.word	-2147418303
  93 0068 08030140 		.word	1073808136
  94 006c 42FF0080 		.word	-2147418302
  95 0070 28000340 		.word	1073938472
  96 0074 08010140 		.word	1073807624
  97 0078 04010140 		.word	1073807620
  98 007c 00010140 		.word	1073807616
  99              		.cfi_endproc
ARM GAS  /tmp/ccNuozho.s 			page 6


 100              	.LFE4:
 101              		.size	ClockSetup, .-ClockSetup
 102              		.section	.text.SetAnalogRoutingPumps,"ax",%progbits
 103              		.align	2
 104              		.global	SetAnalogRoutingPumps
 105              		.code	16
 106              		.thumb_func
 107              		.type	SetAnalogRoutingPumps, %function
 108              	SetAnalogRoutingPumps:
 109              	.LFB6:
 187:Generated_Source/PSoC4/cyfitter_cfg.c **** 
 188:Generated_Source/PSoC4/cyfitter_cfg.c **** 
 189:Generated_Source/PSoC4/cyfitter_cfg.c **** /* Analog API Functions */
 190:Generated_Source/PSoC4/cyfitter_cfg.c **** 
 191:Generated_Source/PSoC4/cyfitter_cfg.c **** 
 192:Generated_Source/PSoC4/cyfitter_cfg.c **** /*******************************************************************************
 193:Generated_Source/PSoC4/cyfitter_cfg.c **** * Function Name: AnalogSetDefault
 194:Generated_Source/PSoC4/cyfitter_cfg.c **** ********************************************************************************
 195:Generated_Source/PSoC4/cyfitter_cfg.c **** *
 196:Generated_Source/PSoC4/cyfitter_cfg.c **** * Summary:
 197:Generated_Source/PSoC4/cyfitter_cfg.c **** *  Sets up the analog portions of the chip to default values based on chip
 198:Generated_Source/PSoC4/cyfitter_cfg.c **** *  configuration options from the project.
 199:Generated_Source/PSoC4/cyfitter_cfg.c **** *
 200:Generated_Source/PSoC4/cyfitter_cfg.c **** * Parameters:
 201:Generated_Source/PSoC4/cyfitter_cfg.c **** *  void
 202:Generated_Source/PSoC4/cyfitter_cfg.c **** *
 203:Generated_Source/PSoC4/cyfitter_cfg.c **** * Return:
 204:Generated_Source/PSoC4/cyfitter_cfg.c **** *  void
 205:Generated_Source/PSoC4/cyfitter_cfg.c **** *
 206:Generated_Source/PSoC4/cyfitter_cfg.c **** *******************************************************************************/
 207:Generated_Source/PSoC4/cyfitter_cfg.c **** static void AnalogSetDefault(void);
 208:Generated_Source/PSoC4/cyfitter_cfg.c **** static void AnalogSetDefault(void)
 209:Generated_Source/PSoC4/cyfitter_cfg.c **** {
 210:Generated_Source/PSoC4/cyfitter_cfg.c **** 	CY_SET_XTND_REG32((void CYFAR *)CYREG_CSD_SW_DSI_SEL, 0x00000011u);
 211:Generated_Source/PSoC4/cyfitter_cfg.c **** 	SetAnalogRoutingPumps(1);
 212:Generated_Source/PSoC4/cyfitter_cfg.c **** }
 213:Generated_Source/PSoC4/cyfitter_cfg.c **** 
 214:Generated_Source/PSoC4/cyfitter_cfg.c **** 
 215:Generated_Source/PSoC4/cyfitter_cfg.c **** /*******************************************************************************
 216:Generated_Source/PSoC4/cyfitter_cfg.c **** * Function Name: SetAnalogRoutingPumps
 217:Generated_Source/PSoC4/cyfitter_cfg.c **** ********************************************************************************
 218:Generated_Source/PSoC4/cyfitter_cfg.c **** *
 219:Generated_Source/PSoC4/cyfitter_cfg.c **** * Summary:
 220:Generated_Source/PSoC4/cyfitter_cfg.c **** * Enables or disables the analog pumps feeding analog routing switches.
 221:Generated_Source/PSoC4/cyfitter_cfg.c **** * Intended to be called at startup, based on the Vdda system configuration;
 222:Generated_Source/PSoC4/cyfitter_cfg.c **** * may be called during operation when the user informs us that the Vdda voltage crossed the pump th
 223:Generated_Source/PSoC4/cyfitter_cfg.c **** *
 224:Generated_Source/PSoC4/cyfitter_cfg.c **** * Parameters:
 225:Generated_Source/PSoC4/cyfitter_cfg.c **** *  enabled - 1 to enable the pumps, 0 to disable the pumps
 226:Generated_Source/PSoC4/cyfitter_cfg.c **** *
 227:Generated_Source/PSoC4/cyfitter_cfg.c **** * Return:
 228:Generated_Source/PSoC4/cyfitter_cfg.c **** *  void
 229:Generated_Source/PSoC4/cyfitter_cfg.c **** *
 230:Generated_Source/PSoC4/cyfitter_cfg.c **** *******************************************************************************/
 231:Generated_Source/PSoC4/cyfitter_cfg.c **** void SetAnalogRoutingPumps(uint8 enabled)
 232:Generated_Source/PSoC4/cyfitter_cfg.c **** {
 110              		.loc 1 232 0
ARM GAS  /tmp/ccNuozho.s 			page 7


 111              		.cfi_startproc
 112              	.LVL1:
 233:Generated_Source/PSoC4/cyfitter_cfg.c **** 	uint32 regValue = CY_GET_XTND_REG32((void *)(CYREG_HSIOM_PUMP_CTL));
 113              		.loc 1 233 0
 114 0000 0B4B     		ldr	r3, .L9
 115 0002 1B68     		ldr	r3, [r3]
 116              	.LVL2:
 234:Generated_Source/PSoC4/cyfitter_cfg.c **** 	if (enabled != 0u)
 117              		.loc 1 234 0
 118 0004 0028     		cmp	r0, #0
 119 0006 03D0     		beq	.L5
 235:Generated_Source/PSoC4/cyfitter_cfg.c **** 	{
 236:Generated_Source/PSoC4/cyfitter_cfg.c **** 		regValue |= 0x80000000u;
 120              		.loc 1 236 0
 121 0008 8022     		mov	r2, #128
 122 000a 1206     		lsl	r2, r2, #24
 123 000c 1343     		orr	r3, r2
 124              	.LVL3:
 125 000e 01E0     		b	.L6
 126              	.L5:
 237:Generated_Source/PSoC4/cyfitter_cfg.c **** 	}
 238:Generated_Source/PSoC4/cyfitter_cfg.c **** 	else
 239:Generated_Source/PSoC4/cyfitter_cfg.c **** 	{
 240:Generated_Source/PSoC4/cyfitter_cfg.c **** 		regValue &= ~0x80000000u;
 127              		.loc 1 240 0
 128 0010 5B00     		lsl	r3, r3, #1
 129              	.LVL4:
 130 0012 5B08     		lsr	r3, r3, #1
 131              	.LVL5:
 132              	.L6:
 241:Generated_Source/PSoC4/cyfitter_cfg.c **** 	}
 242:Generated_Source/PSoC4/cyfitter_cfg.c **** 	CY_SET_XTND_REG32((void *)(CYREG_HSIOM_PUMP_CTL), regValue);
 133              		.loc 1 242 0
 134 0014 064A     		ldr	r2, .L9
 135 0016 1360     		str	r3, [r2]
 243:Generated_Source/PSoC4/cyfitter_cfg.c **** 	regValue = CY_GET_XTND_REG32((void *)(CYREG_CLK_SELECT));
 136              		.loc 1 243 0
 137 0018 064B     		ldr	r3, .L9+4
 138              	.LVL6:
 139 001a 1B68     		ldr	r3, [r3]
 140              	.LVL7:
 244:Generated_Source/PSoC4/cyfitter_cfg.c **** 	if (enabled != 0u)
 141              		.loc 1 244 0
 142 001c 0028     		cmp	r0, #0
 143 001e 02D0     		beq	.L7
 245:Generated_Source/PSoC4/cyfitter_cfg.c **** 	{
 246:Generated_Source/PSoC4/cyfitter_cfg.c **** 		regValue |= 0x00000020u;
 144              		.loc 1 246 0
 145 0020 2022     		mov	r2, #32
 146 0022 1343     		orr	r3, r2
 147              	.LVL8:
 148 0024 01E0     		b	.L8
 149              	.L7:
 247:Generated_Source/PSoC4/cyfitter_cfg.c **** 	}
 248:Generated_Source/PSoC4/cyfitter_cfg.c **** 	else
 249:Generated_Source/PSoC4/cyfitter_cfg.c **** 	{
 250:Generated_Source/PSoC4/cyfitter_cfg.c **** 		regValue &= ~0x00000020u;
ARM GAS  /tmp/ccNuozho.s 			page 8


 150              		.loc 1 250 0
 151 0026 2022     		mov	r2, #32
 152 0028 9343     		bic	r3, r2
 153              	.LVL9:
 154              	.L8:
 251:Generated_Source/PSoC4/cyfitter_cfg.c **** 	}
 252:Generated_Source/PSoC4/cyfitter_cfg.c **** 	CY_SET_XTND_REG32((void *)(CYREG_CLK_SELECT), regValue);
 155              		.loc 1 252 0
 156 002a 024A     		ldr	r2, .L9+4
 157 002c 1360     		str	r3, [r2]
 253:Generated_Source/PSoC4/cyfitter_cfg.c **** }
 158              		.loc 1 253 0
 159              		@ sp needed
 160 002e 7047     		bx	lr
 161              	.L10:
 162              		.align	2
 163              	.L9:
 164 0030 00200240 		.word	1073881088
 165 0034 28000340 		.word	1073938472
 166              		.cfi_endproc
 167              	.LFE6:
 168              		.size	SetAnalogRoutingPumps, .-SetAnalogRoutingPumps
 169              		.section	.text.AnalogSetDefault,"ax",%progbits
 170              		.align	2
 171              		.code	16
 172              		.thumb_func
 173              		.type	AnalogSetDefault, %function
 174              	AnalogSetDefault:
 175              	.LFB5:
 209:Generated_Source/PSoC4/cyfitter_cfg.c **** 	CY_SET_XTND_REG32((void CYFAR *)CYREG_CSD_SW_DSI_SEL, 0x00000011u);
 176              		.loc 1 209 0
 177              		.cfi_startproc
 178 0000 08B5     		push	{r3, lr}
 179              		.cfi_def_cfa_offset 8
 180              		.cfi_offset 3, -8
 181              		.cfi_offset 14, -4
 210:Generated_Source/PSoC4/cyfitter_cfg.c **** 	SetAnalogRoutingPumps(1);
 182              		.loc 1 210 0
 183 0002 1122     		mov	r2, #17
 184 0004 024B     		ldr	r3, .L12
 185 0006 1A60     		str	r2, [r3]
 211:Generated_Source/PSoC4/cyfitter_cfg.c **** }
 186              		.loc 1 211 0
 187 0008 0120     		mov	r0, #1
 188 000a FFF7FEFF 		bl	SetAnalogRoutingPumps
 189              	.LVL10:
 212:Generated_Source/PSoC4/cyfitter_cfg.c **** 
 190              		.loc 1 212 0
 191              		@ sp needed
 192 000e 08BD     		pop	{r3, pc}
 193              	.L13:
 194              		.align	2
 195              	.L12:
 196 0010 C0020B40 		.word	1074463424
 197              		.cfi_endproc
 198              	.LFE5:
 199              		.size	AnalogSetDefault, .-AnalogSetDefault
ARM GAS  /tmp/ccNuozho.s 			page 9


 200              		.section	.psocinit
 201              		.align	2
 202              		.global	cyfitter_cfg
 203              		.code	16
 204              		.thumb_func
 205              		.type	cyfitter_cfg, %function
 206              	cyfitter_cfg:
 207              	.LFB7:
 254:Generated_Source/PSoC4/cyfitter_cfg.c **** 
 255:Generated_Source/PSoC4/cyfitter_cfg.c **** #define CY_AMUX_UNUSED CYREG_CM0P_ROM_DWT
 256:Generated_Source/PSoC4/cyfitter_cfg.c **** 
 257:Generated_Source/PSoC4/cyfitter_cfg.c **** 
 258:Generated_Source/PSoC4/cyfitter_cfg.c **** /*******************************************************************************
 259:Generated_Source/PSoC4/cyfitter_cfg.c **** * Function Name: cyfitter_cfg
 260:Generated_Source/PSoC4/cyfitter_cfg.c **** ********************************************************************************
 261:Generated_Source/PSoC4/cyfitter_cfg.c **** * Summary:
 262:Generated_Source/PSoC4/cyfitter_cfg.c **** *  This function is called by the start-up code for the selected device. It
 263:Generated_Source/PSoC4/cyfitter_cfg.c **** *  performs all of the necessary device configuration based on the design
 264:Generated_Source/PSoC4/cyfitter_cfg.c **** *  settings.  This includes settings from the Design Wide Resources (DWR) such
 265:Generated_Source/PSoC4/cyfitter_cfg.c **** *  as Clocks and Pins as well as any component configuration that is necessary.
 266:Generated_Source/PSoC4/cyfitter_cfg.c **** *
 267:Generated_Source/PSoC4/cyfitter_cfg.c **** * Parameters:  
 268:Generated_Source/PSoC4/cyfitter_cfg.c **** *   void
 269:Generated_Source/PSoC4/cyfitter_cfg.c **** *
 270:Generated_Source/PSoC4/cyfitter_cfg.c **** * Return:
 271:Generated_Source/PSoC4/cyfitter_cfg.c **** *   void
 272:Generated_Source/PSoC4/cyfitter_cfg.c **** *
 273:Generated_Source/PSoC4/cyfitter_cfg.c **** *******************************************************************************/
 274:Generated_Source/PSoC4/cyfitter_cfg.c **** CY_CFG_SECTION
 275:Generated_Source/PSoC4/cyfitter_cfg.c **** void cyfitter_cfg(void)
 276:Generated_Source/PSoC4/cyfitter_cfg.c **** {
 208              		.loc 1 276 0
 209              		.cfi_startproc
 210 0080 08B5     		push	{r3, lr}
 211              		.cfi_def_cfa_offset 8
 212              		.cfi_offset 3, -8
 213              		.cfi_offset 14, -4
 277:Generated_Source/PSoC4/cyfitter_cfg.c **** 	/* Disable interrupts by default. Let user enable if/when they want. */
 278:Generated_Source/PSoC4/cyfitter_cfg.c **** 	CyGlobalIntDisable;
 214              		.loc 1 278 0
 215              	@ 278 "Generated_Source/PSoC4/cyfitter_cfg.c" 1
 216 0082 72B6     		CPSID   i
 217              	@ 0 "" 2
 279:Generated_Source/PSoC4/cyfitter_cfg.c **** 
 280:Generated_Source/PSoC4/cyfitter_cfg.c **** 	{
 281:Generated_Source/PSoC4/cyfitter_cfg.c **** 		/* HSIOM Starting address: CYDEV_HSIOM_BASE */
 282:Generated_Source/PSoC4/cyfitter_cfg.c **** 		CY_SET_XTND_REG32((void CYFAR *)(CYDEV_HSIOM_BASE), 0x0F000000u);
 218              		.loc 1 282 0
 219              		.code	16
 220 0084 F022     		mov	r2, #240
 221 0086 1205     		lsl	r2, r2, #20
 222 0088 1A4B     		ldr	r3, .L15
 223 008a 1A60     		str	r2, [r3]
 283:Generated_Source/PSoC4/cyfitter_cfg.c **** 		CY_SET_XTND_REG32((void CYFAR *)(CYREG_HSIOM_PORT_SEL3), 0x0000EE0Fu);
 224              		.loc 1 283 0
 225 008c 1A4A     		ldr	r2, .L15+4
 226 008e 1B4B     		ldr	r3, .L15+8
ARM GAS  /tmp/ccNuozho.s 			page 10


 227 0090 1A60     		str	r2, [r3]
 284:Generated_Source/PSoC4/cyfitter_cfg.c **** 		CY_SET_XTND_REG32((void CYFAR *)(CYREG_HSIOM_PORT_SEL4), 0x00000099u);
 228              		.loc 1 284 0
 229 0092 9922     		mov	r2, #153
 230 0094 1A4B     		ldr	r3, .L15+12
 231 0096 1A60     		str	r2, [r3]
 285:Generated_Source/PSoC4/cyfitter_cfg.c **** 
 286:Generated_Source/PSoC4/cyfitter_cfg.c **** 	}
 287:Generated_Source/PSoC4/cyfitter_cfg.c **** 
 288:Generated_Source/PSoC4/cyfitter_cfg.c **** 	/* Perform second pass device configuration. These items must be configured in specific order afte
 289:Generated_Source/PSoC4/cyfitter_cfg.c **** 	/* IOPINS0_0 Starting address: CYDEV_GPIO_PRT0_BASE */
 290:Generated_Source/PSoC4/cyfitter_cfg.c **** 	CY_SET_XTND_REG32((void CYFAR *)(CYDEV_GPIO_PRT0_BASE), 0x00000073u);
 232              		.loc 1 290 0
 233 0098 7323     		mov	r3, #115
 234 009a 1A4A     		ldr	r2, .L15+16
 235 009c 1360     		str	r3, [r2]
 291:Generated_Source/PSoC4/cyfitter_cfg.c **** 	CY_SET_XTND_REG32((void CYFAR *)(CYREG_GPIO_PRT0_PC), 0x00180000u);
 236              		.loc 1 291 0
 237 009e C021     		mov	r1, #192
 238 00a0 4903     		lsl	r1, r1, #13
 239 00a2 194A     		ldr	r2, .L15+20
 240 00a4 1160     		str	r1, [r2]
 292:Generated_Source/PSoC4/cyfitter_cfg.c **** 	CY_SET_XTND_REG32((void CYFAR *)(CYREG_GPIO_PRT0_PC2), 0x00000073u);
 241              		.loc 1 292 0
 242 00a6 194A     		ldr	r2, .L15+24
 243 00a8 1360     		str	r3, [r2]
 293:Generated_Source/PSoC4/cyfitter_cfg.c **** 
 294:Generated_Source/PSoC4/cyfitter_cfg.c **** 	/* IOPINS0_1 Starting address: CYDEV_GPIO_PRT1_BASE */
 295:Generated_Source/PSoC4/cyfitter_cfg.c **** 	CY_SET_XTND_REG32((void CYFAR *)(CYDEV_GPIO_PRT1_BASE), 0x0000008Cu);
 244              		.loc 1 295 0
 245 00aa 1933     		add	r3, r3, #25
 246 00ac 184A     		ldr	r2, .L15+28
 247 00ae 1360     		str	r3, [r2]
 296:Generated_Source/PSoC4/cyfitter_cfg.c **** 	CY_SET_XTND_REG32((void CYFAR *)(CYREG_GPIO_PRT1_PC2), 0x0000008Cu);
 248              		.loc 1 296 0
 249 00b0 184A     		ldr	r2, .L15+32
 250 00b2 1360     		str	r3, [r2]
 297:Generated_Source/PSoC4/cyfitter_cfg.c **** 
 298:Generated_Source/PSoC4/cyfitter_cfg.c **** 	/* IOPINS0_2 Starting address: CYDEV_GPIO_PRT2_BASE */
 299:Generated_Source/PSoC4/cyfitter_cfg.c **** 	CY_SET_XTND_REG32((void CYFAR *)(CYDEV_GPIO_PRT2_BASE), 0x00000003u);
 251              		.loc 1 299 0
 252 00b4 893B     		sub	r3, r3, #137
 253 00b6 184A     		ldr	r2, .L15+36
 254 00b8 1360     		str	r3, [r2]
 300:Generated_Source/PSoC4/cyfitter_cfg.c **** 	CY_SET_XTND_REG32((void CYFAR *)(CYREG_GPIO_PRT2_PC), 0x00D80000u);
 255              		.loc 1 300 0
 256 00ba D821     		mov	r1, #216
 257 00bc 0904     		lsl	r1, r1, #16
 258 00be 174A     		ldr	r2, .L15+40
 259 00c0 1160     		str	r1, [r2]
 301:Generated_Source/PSoC4/cyfitter_cfg.c **** 	CY_SET_XTND_REG32((void CYFAR *)(CYREG_GPIO_PRT2_PC2), 0x00000003u);
 260              		.loc 1 301 0
 261 00c2 174A     		ldr	r2, .L15+44
 262 00c4 1360     		str	r3, [r2]
 302:Generated_Source/PSoC4/cyfitter_cfg.c **** 
 303:Generated_Source/PSoC4/cyfitter_cfg.c **** 	/* IOPINS0_3 Starting address: CYDEV_GPIO_PRT3_BASE */
 304:Generated_Source/PSoC4/cyfitter_cfg.c **** 	CY_SET_XTND_REG32((void CYFAR *)(CYDEV_GPIO_PRT3_BASE), 0x00000001u);
ARM GAS  /tmp/ccNuozho.s 			page 11


 263              		.loc 1 304 0
 264 00c6 023B     		sub	r3, r3, #2
 265 00c8 164A     		ldr	r2, .L15+48
 266 00ca 1360     		str	r3, [r2]
 305:Generated_Source/PSoC4/cyfitter_cfg.c **** 	CY_SET_XTND_REG32((void CYFAR *)(CYREG_GPIO_PRT3_PC), 0x00000D86u);
 267              		.loc 1 305 0
 268 00cc 1649     		ldr	r1, .L15+52
 269 00ce 174A     		ldr	r2, .L15+56
 270 00d0 1160     		str	r1, [r2]
 306:Generated_Source/PSoC4/cyfitter_cfg.c **** 	CY_SET_XTND_REG32((void CYFAR *)(CYREG_GPIO_PRT3_PC2), 0x00000001u);
 271              		.loc 1 306 0
 272 00d2 174A     		ldr	r2, .L15+60
 273 00d4 1360     		str	r3, [r2]
 307:Generated_Source/PSoC4/cyfitter_cfg.c **** 
 308:Generated_Source/PSoC4/cyfitter_cfg.c **** 	/* IOPINS0_4 Starting address: CYDEV_GPIO_PRT4_BASE */
 309:Generated_Source/PSoC4/cyfitter_cfg.c **** 	CY_SET_XTND_REG32((void CYFAR *)(CYDEV_GPIO_PRT4_BASE), 0x00000002u);
 274              		.loc 1 309 0
 275 00d6 0222     		mov	r2, #2
 276 00d8 164B     		ldr	r3, .L15+64
 277 00da 1A60     		str	r2, [r3]
 310:Generated_Source/PSoC4/cyfitter_cfg.c **** 	CY_SET_XTND_REG32((void CYFAR *)(CYREG_GPIO_PRT4_PC), 0x00000031u);
 278              		.loc 1 310 0
 279 00dc 2F32     		add	r2, r2, #47
 280 00de 164B     		ldr	r3, .L15+68
 281 00e0 1A60     		str	r2, [r3]
 311:Generated_Source/PSoC4/cyfitter_cfg.c **** 	CY_SET_XTND_REG32((void CYFAR *)(CYREG_GPIO_PRT4_PC2), 0x0000000Eu);
 282              		.loc 1 311 0
 283 00e2 233A     		sub	r2, r2, #35
 284 00e4 154B     		ldr	r3, .L15+72
 285 00e6 1A60     		str	r2, [r3]
 312:Generated_Source/PSoC4/cyfitter_cfg.c **** 
 313:Generated_Source/PSoC4/cyfitter_cfg.c **** 
 314:Generated_Source/PSoC4/cyfitter_cfg.c **** 	/* Setup clocks based on selections from Clock DWR */
 315:Generated_Source/PSoC4/cyfitter_cfg.c **** 	ClockSetup();
 286              		.loc 1 315 0
 287 00e8 FFF78AFF 		bl	ClockSetup
 288              	.LVL11:
 316:Generated_Source/PSoC4/cyfitter_cfg.c **** 
 317:Generated_Source/PSoC4/cyfitter_cfg.c **** 	/* Perform basic analog initialization to defaults */
 318:Generated_Source/PSoC4/cyfitter_cfg.c **** 	AnalogSetDefault();
 289              		.loc 1 318 0
 290 00ec FFF7FEFF 		bl	AnalogSetDefault
 291              	.LVL12:
 319:Generated_Source/PSoC4/cyfitter_cfg.c **** 
 320:Generated_Source/PSoC4/cyfitter_cfg.c **** }
 292              		.loc 1 320 0
 293              		@ sp needed
 294 00f0 08BD     		pop	{r3, pc}
 295              	.L16:
 296 00f2 C046     		.align	2
 297              	.L15:
 298 00f4 00000240 		.word	1073872896
 299 00f8 0FEE0000 		.word	60943
 300 00fc 00030240 		.word	1073873664
 301 0100 00040240 		.word	1073873920
 302 0104 00000440 		.word	1074003968
 303 0108 08000440 		.word	1074003976
ARM GAS  /tmp/ccNuozho.s 			page 12


 304 010c 18000440 		.word	1074003992
 305 0110 00010440 		.word	1074004224
 306 0114 18010440 		.word	1074004248
 307 0118 00020440 		.word	1074004480
 308 011c 08020440 		.word	1074004488
 309 0120 18020440 		.word	1074004504
 310 0124 00030440 		.word	1074004736
 311 0128 860D0000 		.word	3462
 312 012c 08030440 		.word	1074004744
 313 0130 18030440 		.word	1074004760
 314 0134 00040440 		.word	1074004992
 315 0138 08040440 		.word	1074005000
 316 013c 18040440 		.word	1074005016
 317              		.cfi_endproc
 318              	.LFE7:
 319              		.size	cyfitter_cfg, .-cyfitter_cfg
 320              		.text
 321              	.Letext0:
 322              		.file 2 "Generated_Source/PSoC4/cytypes.h"
 323              		.file 3 "Generated_Source/PSoC4/CyLib.h"
 324              		.section	.debug_info,"",%progbits
 325              	.Ldebug_info0:
 326 0000 5F010000 		.4byte	0x15f
 327 0004 0400     		.2byte	0x4
 328 0006 00000000 		.4byte	.Ldebug_abbrev0
 329 000a 04       		.byte	0x4
 330 000b 01       		.uleb128 0x1
 331 000c 4F000000 		.4byte	.LASF20
 332 0010 01       		.byte	0x1
 333 0011 12010000 		.4byte	.LASF21
 334 0015 2A000000 		.4byte	.LASF22
 335 0019 00000000 		.4byte	.Ldebug_ranges0+0
 336 001d 00000000 		.4byte	0
 337 0021 00000000 		.4byte	.Ldebug_line0
 338 0025 02       		.uleb128 0x2
 339 0026 04       		.byte	0x4
 340 0027 05       		.byte	0x5
 341 0028 696E7400 		.ascii	"int\000"
 342 002c 03       		.uleb128 0x3
 343 002d 04       		.byte	0x4
 344 002e 07       		.byte	0x7
 345 002f 1D000000 		.4byte	.LASF0
 346 0033 03       		.uleb128 0x3
 347 0034 01       		.byte	0x1
 348 0035 06       		.byte	0x6
 349 0036 A5010000 		.4byte	.LASF1
 350 003a 03       		.uleb128 0x3
 351 003b 01       		.byte	0x1
 352 003c 08       		.byte	0x8
 353 003d 38010000 		.4byte	.LASF2
 354 0041 03       		.uleb128 0x3
 355 0042 02       		.byte	0x2
 356 0043 05       		.byte	0x5
 357 0044 BA010000 		.4byte	.LASF3
 358 0048 03       		.uleb128 0x3
 359 0049 02       		.byte	0x2
 360 004a 07       		.byte	0x7
ARM GAS  /tmp/ccNuozho.s 			page 13


 361 004b 92010000 		.4byte	.LASF4
 362 004f 03       		.uleb128 0x3
 363 0050 04       		.byte	0x4
 364 0051 05       		.byte	0x5
 365 0052 4B010000 		.4byte	.LASF5
 366 0056 03       		.uleb128 0x3
 367 0057 04       		.byte	0x4
 368 0058 07       		.byte	0x7
 369 0059 C0000000 		.4byte	.LASF6
 370 005d 03       		.uleb128 0x3
 371 005e 08       		.byte	0x8
 372 005f 05       		.byte	0x5
 373 0060 00000000 		.4byte	.LASF7
 374 0064 03       		.uleb128 0x3
 375 0065 08       		.byte	0x8
 376 0066 07       		.byte	0x7
 377 0067 DF000000 		.4byte	.LASF8
 378 006b 03       		.uleb128 0x3
 379 006c 04       		.byte	0x4
 380 006d 07       		.byte	0x7
 381 006e C4010000 		.4byte	.LASF9
 382 0072 03       		.uleb128 0x3
 383 0073 01       		.byte	0x1
 384 0074 08       		.byte	0x8
 385 0075 46010000 		.4byte	.LASF10
 386 0079 04       		.uleb128 0x4
 387 007a BA000000 		.4byte	.LASF11
 388 007e 02       		.byte	0x2
 389 007f B901     		.2byte	0x1b9
 390 0081 3A000000 		.4byte	0x3a
 391 0085 04       		.uleb128 0x4
 392 0086 0E000000 		.4byte	.LASF12
 393 008a 02       		.byte	0x2
 394 008b BB01     		.2byte	0x1bb
 395 008d 56000000 		.4byte	0x56
 396 0091 03       		.uleb128 0x3
 397 0092 04       		.byte	0x4
 398 0093 04       		.byte	0x4
 399 0094 F6000000 		.4byte	.LASF13
 400 0098 03       		.uleb128 0x3
 401 0099 08       		.byte	0x8
 402 009a 04       		.byte	0x4
 403 009b 70010000 		.4byte	.LASF14
 404 009f 04       		.uleb128 0x4
 405 00a0 8C010000 		.4byte	.LASF15
 406 00a4 02       		.byte	0x2
 407 00a5 6502     		.2byte	0x265
 408 00a7 AB000000 		.4byte	0xab
 409 00ab 05       		.uleb128 0x5
 410 00ac 85000000 		.4byte	0x85
 411 00b0 06       		.uleb128 0x6
 412 00b1 65010000 		.4byte	.LASF16
 413 00b5 01       		.byte	0x1
 414 00b6 9C       		.byte	0x9c
 415 00b7 00000000 		.4byte	.LFB4
 416 00bb 80000000 		.4byte	.LFE4-.LFB4
 417 00bf 01       		.uleb128 0x1
ARM GAS  /tmp/ccNuozho.s 			page 14


 418 00c0 9C       		.byte	0x9c
 419 00c1 D5000000 		.4byte	0xd5
 420 00c5 07       		.uleb128 0x7
 421 00c6 0E000000 		.4byte	.LVL0
 422 00ca 55010000 		.4byte	0x155
 423 00ce 08       		.uleb128 0x8
 424 00cf 01       		.uleb128 0x1
 425 00d0 50       		.byte	0x50
 426 00d1 01       		.uleb128 0x1
 427 00d2 48       		.byte	0x48
 428 00d3 00       		.byte	0
 429 00d4 00       		.byte	0
 430 00d5 09       		.uleb128 0x9
 431 00d6 FC000000 		.4byte	.LASF18
 432 00da 01       		.byte	0x1
 433 00db E7       		.byte	0xe7
 434 00dc 00000000 		.4byte	.LFB6
 435 00e0 38000000 		.4byte	.LFE6-.LFB6
 436 00e4 01       		.uleb128 0x1
 437 00e5 9C       		.byte	0x9c
 438 00e6 07010000 		.4byte	0x107
 439 00ea 0A       		.uleb128 0xa
 440 00eb 15000000 		.4byte	.LASF23
 441 00ef 01       		.byte	0x1
 442 00f0 E7       		.byte	0xe7
 443 00f1 79000000 		.4byte	0x79
 444 00f5 01       		.uleb128 0x1
 445 00f6 50       		.byte	0x50
 446 00f7 0B       		.uleb128 0xb
 447 00f8 B1010000 		.4byte	.LASF24
 448 00fc 01       		.byte	0x1
 449 00fd E9       		.byte	0xe9
 450 00fe 85000000 		.4byte	0x85
 451 0102 00000000 		.4byte	.LLST0
 452 0106 00       		.byte	0
 453 0107 06       		.uleb128 0x6
 454 0108 54010000 		.4byte	.LASF17
 455 010c 01       		.byte	0x1
 456 010d D0       		.byte	0xd0
 457 010e 00000000 		.4byte	.LFB5
 458 0112 14000000 		.4byte	.LFE5-.LFB5
 459 0116 01       		.uleb128 0x1
 460 0117 9C       		.byte	0x9c
 461 0118 2C010000 		.4byte	0x12c
 462 011c 07       		.uleb128 0x7
 463 011d 0E000000 		.4byte	.LVL10
 464 0121 D5000000 		.4byte	0xd5
 465 0125 08       		.uleb128 0x8
 466 0126 01       		.uleb128 0x1
 467 0127 50       		.byte	0x50
 468 0128 01       		.uleb128 0x1
 469 0129 31       		.byte	0x31
 470 012a 00       		.byte	0
 471 012b 00       		.byte	0
 472 012c 0C       		.uleb128 0xc
 473 012d D2000000 		.4byte	.LASF19
 474 0131 01       		.byte	0x1
ARM GAS  /tmp/ccNuozho.s 			page 15


 475 0132 1301     		.2byte	0x113
 476 0134 80000000 		.4byte	.LFB7
 477 0138 C0000000 		.4byte	.LFE7-.LFB7
 478 013c 01       		.uleb128 0x1
 479 013d 9C       		.byte	0x9c
 480 013e 55010000 		.4byte	0x155
 481 0142 0D       		.uleb128 0xd
 482 0143 EC000000 		.4byte	.LVL11
 483 0147 B0000000 		.4byte	0xb0
 484 014b 0D       		.uleb128 0xd
 485 014c F0000000 		.4byte	.LVL12
 486 0150 07010000 		.4byte	0x107
 487 0154 00       		.byte	0
 488 0155 0E       		.uleb128 0xe
 489 0156 77010000 		.4byte	.LASF25
 490 015a 03       		.byte	0x3
 491 015b 6C       		.byte	0x6c
 492 015c 0F       		.uleb128 0xf
 493 015d 85000000 		.4byte	0x85
 494 0161 00       		.byte	0
 495 0162 00       		.byte	0
 496              		.section	.debug_abbrev,"",%progbits
 497              	.Ldebug_abbrev0:
 498 0000 01       		.uleb128 0x1
 499 0001 11       		.uleb128 0x11
 500 0002 01       		.byte	0x1
 501 0003 25       		.uleb128 0x25
 502 0004 0E       		.uleb128 0xe
 503 0005 13       		.uleb128 0x13
 504 0006 0B       		.uleb128 0xb
 505 0007 03       		.uleb128 0x3
 506 0008 0E       		.uleb128 0xe
 507 0009 1B       		.uleb128 0x1b
 508 000a 0E       		.uleb128 0xe
 509 000b 55       		.uleb128 0x55
 510 000c 17       		.uleb128 0x17
 511 000d 11       		.uleb128 0x11
 512 000e 01       		.uleb128 0x1
 513 000f 10       		.uleb128 0x10
 514 0010 17       		.uleb128 0x17
 515 0011 00       		.byte	0
 516 0012 00       		.byte	0
 517 0013 02       		.uleb128 0x2
 518 0014 24       		.uleb128 0x24
 519 0015 00       		.byte	0
 520 0016 0B       		.uleb128 0xb
 521 0017 0B       		.uleb128 0xb
 522 0018 3E       		.uleb128 0x3e
 523 0019 0B       		.uleb128 0xb
 524 001a 03       		.uleb128 0x3
 525 001b 08       		.uleb128 0x8
 526 001c 00       		.byte	0
 527 001d 00       		.byte	0
 528 001e 03       		.uleb128 0x3
 529 001f 24       		.uleb128 0x24
 530 0020 00       		.byte	0
 531 0021 0B       		.uleb128 0xb
ARM GAS  /tmp/ccNuozho.s 			page 16


 532 0022 0B       		.uleb128 0xb
 533 0023 3E       		.uleb128 0x3e
 534 0024 0B       		.uleb128 0xb
 535 0025 03       		.uleb128 0x3
 536 0026 0E       		.uleb128 0xe
 537 0027 00       		.byte	0
 538 0028 00       		.byte	0
 539 0029 04       		.uleb128 0x4
 540 002a 16       		.uleb128 0x16
 541 002b 00       		.byte	0
 542 002c 03       		.uleb128 0x3
 543 002d 0E       		.uleb128 0xe
 544 002e 3A       		.uleb128 0x3a
 545 002f 0B       		.uleb128 0xb
 546 0030 3B       		.uleb128 0x3b
 547 0031 05       		.uleb128 0x5
 548 0032 49       		.uleb128 0x49
 549 0033 13       		.uleb128 0x13
 550 0034 00       		.byte	0
 551 0035 00       		.byte	0
 552 0036 05       		.uleb128 0x5
 553 0037 35       		.uleb128 0x35
 554 0038 00       		.byte	0
 555 0039 49       		.uleb128 0x49
 556 003a 13       		.uleb128 0x13
 557 003b 00       		.byte	0
 558 003c 00       		.byte	0
 559 003d 06       		.uleb128 0x6
 560 003e 2E       		.uleb128 0x2e
 561 003f 01       		.byte	0x1
 562 0040 03       		.uleb128 0x3
 563 0041 0E       		.uleb128 0xe
 564 0042 3A       		.uleb128 0x3a
 565 0043 0B       		.uleb128 0xb
 566 0044 3B       		.uleb128 0x3b
 567 0045 0B       		.uleb128 0xb
 568 0046 27       		.uleb128 0x27
 569 0047 19       		.uleb128 0x19
 570 0048 11       		.uleb128 0x11
 571 0049 01       		.uleb128 0x1
 572 004a 12       		.uleb128 0x12
 573 004b 06       		.uleb128 0x6
 574 004c 40       		.uleb128 0x40
 575 004d 18       		.uleb128 0x18
 576 004e 9742     		.uleb128 0x2117
 577 0050 19       		.uleb128 0x19
 578 0051 01       		.uleb128 0x1
 579 0052 13       		.uleb128 0x13
 580 0053 00       		.byte	0
 581 0054 00       		.byte	0
 582 0055 07       		.uleb128 0x7
 583 0056 898201   		.uleb128 0x4109
 584 0059 01       		.byte	0x1
 585 005a 11       		.uleb128 0x11
 586 005b 01       		.uleb128 0x1
 587 005c 31       		.uleb128 0x31
 588 005d 13       		.uleb128 0x13
ARM GAS  /tmp/ccNuozho.s 			page 17


 589 005e 00       		.byte	0
 590 005f 00       		.byte	0
 591 0060 08       		.uleb128 0x8
 592 0061 8A8201   		.uleb128 0x410a
 593 0064 00       		.byte	0
 594 0065 02       		.uleb128 0x2
 595 0066 18       		.uleb128 0x18
 596 0067 9142     		.uleb128 0x2111
 597 0069 18       		.uleb128 0x18
 598 006a 00       		.byte	0
 599 006b 00       		.byte	0
 600 006c 09       		.uleb128 0x9
 601 006d 2E       		.uleb128 0x2e
 602 006e 01       		.byte	0x1
 603 006f 3F       		.uleb128 0x3f
 604 0070 19       		.uleb128 0x19
 605 0071 03       		.uleb128 0x3
 606 0072 0E       		.uleb128 0xe
 607 0073 3A       		.uleb128 0x3a
 608 0074 0B       		.uleb128 0xb
 609 0075 3B       		.uleb128 0x3b
 610 0076 0B       		.uleb128 0xb
 611 0077 27       		.uleb128 0x27
 612 0078 19       		.uleb128 0x19
 613 0079 11       		.uleb128 0x11
 614 007a 01       		.uleb128 0x1
 615 007b 12       		.uleb128 0x12
 616 007c 06       		.uleb128 0x6
 617 007d 40       		.uleb128 0x40
 618 007e 18       		.uleb128 0x18
 619 007f 9742     		.uleb128 0x2117
 620 0081 19       		.uleb128 0x19
 621 0082 01       		.uleb128 0x1
 622 0083 13       		.uleb128 0x13
 623 0084 00       		.byte	0
 624 0085 00       		.byte	0
 625 0086 0A       		.uleb128 0xa
 626 0087 05       		.uleb128 0x5
 627 0088 00       		.byte	0
 628 0089 03       		.uleb128 0x3
 629 008a 0E       		.uleb128 0xe
 630 008b 3A       		.uleb128 0x3a
 631 008c 0B       		.uleb128 0xb
 632 008d 3B       		.uleb128 0x3b
 633 008e 0B       		.uleb128 0xb
 634 008f 49       		.uleb128 0x49
 635 0090 13       		.uleb128 0x13
 636 0091 02       		.uleb128 0x2
 637 0092 18       		.uleb128 0x18
 638 0093 00       		.byte	0
 639 0094 00       		.byte	0
 640 0095 0B       		.uleb128 0xb
 641 0096 34       		.uleb128 0x34
 642 0097 00       		.byte	0
 643 0098 03       		.uleb128 0x3
 644 0099 0E       		.uleb128 0xe
 645 009a 3A       		.uleb128 0x3a
ARM GAS  /tmp/ccNuozho.s 			page 18


 646 009b 0B       		.uleb128 0xb
 647 009c 3B       		.uleb128 0x3b
 648 009d 0B       		.uleb128 0xb
 649 009e 49       		.uleb128 0x49
 650 009f 13       		.uleb128 0x13
 651 00a0 02       		.uleb128 0x2
 652 00a1 17       		.uleb128 0x17
 653 00a2 00       		.byte	0
 654 00a3 00       		.byte	0
 655 00a4 0C       		.uleb128 0xc
 656 00a5 2E       		.uleb128 0x2e
 657 00a6 01       		.byte	0x1
 658 00a7 3F       		.uleb128 0x3f
 659 00a8 19       		.uleb128 0x19
 660 00a9 03       		.uleb128 0x3
 661 00aa 0E       		.uleb128 0xe
 662 00ab 3A       		.uleb128 0x3a
 663 00ac 0B       		.uleb128 0xb
 664 00ad 3B       		.uleb128 0x3b
 665 00ae 05       		.uleb128 0x5
 666 00af 27       		.uleb128 0x27
 667 00b0 19       		.uleb128 0x19
 668 00b1 11       		.uleb128 0x11
 669 00b2 01       		.uleb128 0x1
 670 00b3 12       		.uleb128 0x12
 671 00b4 06       		.uleb128 0x6
 672 00b5 40       		.uleb128 0x40
 673 00b6 18       		.uleb128 0x18
 674 00b7 9742     		.uleb128 0x2117
 675 00b9 19       		.uleb128 0x19
 676 00ba 01       		.uleb128 0x1
 677 00bb 13       		.uleb128 0x13
 678 00bc 00       		.byte	0
 679 00bd 00       		.byte	0
 680 00be 0D       		.uleb128 0xd
 681 00bf 898201   		.uleb128 0x4109
 682 00c2 00       		.byte	0
 683 00c3 11       		.uleb128 0x11
 684 00c4 01       		.uleb128 0x1
 685 00c5 31       		.uleb128 0x31
 686 00c6 13       		.uleb128 0x13
 687 00c7 00       		.byte	0
 688 00c8 00       		.byte	0
 689 00c9 0E       		.uleb128 0xe
 690 00ca 2E       		.uleb128 0x2e
 691 00cb 01       		.byte	0x1
 692 00cc 3F       		.uleb128 0x3f
 693 00cd 19       		.uleb128 0x19
 694 00ce 03       		.uleb128 0x3
 695 00cf 0E       		.uleb128 0xe
 696 00d0 3A       		.uleb128 0x3a
 697 00d1 0B       		.uleb128 0xb
 698 00d2 3B       		.uleb128 0x3b
 699 00d3 0B       		.uleb128 0xb
 700 00d4 27       		.uleb128 0x27
 701 00d5 19       		.uleb128 0x19
 702 00d6 3C       		.uleb128 0x3c
ARM GAS  /tmp/ccNuozho.s 			page 19


 703 00d7 19       		.uleb128 0x19
 704 00d8 00       		.byte	0
 705 00d9 00       		.byte	0
 706 00da 0F       		.uleb128 0xf
 707 00db 05       		.uleb128 0x5
 708 00dc 00       		.byte	0
 709 00dd 49       		.uleb128 0x49
 710 00de 13       		.uleb128 0x13
 711 00df 00       		.byte	0
 712 00e0 00       		.byte	0
 713 00e1 00       		.byte	0
 714              		.section	.debug_loc,"",%progbits
 715              	.Ldebug_loc0:
 716              	.LLST0:
 717 0000 04000000 		.4byte	.LVL2
 718 0004 12000000 		.4byte	.LVL4
 719 0008 0100     		.2byte	0x1
 720 000a 53       		.byte	0x53
 721 000b 14000000 		.4byte	.LVL5
 722 000f 1A000000 		.4byte	.LVL6
 723 0013 0100     		.2byte	0x1
 724 0015 53       		.byte	0x53
 725 0016 1A000000 		.4byte	.LVL6
 726 001a 1C000000 		.4byte	.LVL7
 727 001e 0200     		.2byte	0x2
 728 0020 72       		.byte	0x72
 729 0021 00       		.sleb128 0
 730 0022 1C000000 		.4byte	.LVL7
 731 0026 38000000 		.4byte	.LFE6
 732 002a 0100     		.2byte	0x1
 733 002c 53       		.byte	0x53
 734 002d 00000000 		.4byte	0
 735 0031 00000000 		.4byte	0
 736              		.section	.debug_aranges,"",%progbits
 737 0000 34000000 		.4byte	0x34
 738 0004 0200     		.2byte	0x2
 739 0006 00000000 		.4byte	.Ldebug_info0
 740 000a 04       		.byte	0x4
 741 000b 00       		.byte	0
 742 000c 0000     		.2byte	0
 743 000e 0000     		.2byte	0
 744 0010 00000000 		.4byte	.LFB4
 745 0014 80000000 		.4byte	.LFE4-.LFB4
 746 0018 00000000 		.4byte	.LFB6
 747 001c 38000000 		.4byte	.LFE6-.LFB6
 748 0020 00000000 		.4byte	.LFB5
 749 0024 14000000 		.4byte	.LFE5-.LFB5
 750 0028 80000000 		.4byte	.LFB7
 751 002c C0000000 		.4byte	.LFE7-.LFB7
 752 0030 00000000 		.4byte	0
 753 0034 00000000 		.4byte	0
 754              		.section	.debug_ranges,"",%progbits
 755              	.Ldebug_ranges0:
 756 0000 00000000 		.4byte	.LFB4
 757 0004 80000000 		.4byte	.LFE4
 758 0008 00000000 		.4byte	.LFB6
 759 000c 38000000 		.4byte	.LFE6
ARM GAS  /tmp/ccNuozho.s 			page 20


 760 0010 00000000 		.4byte	.LFB5
 761 0014 14000000 		.4byte	.LFE5
 762 0018 80000000 		.4byte	.LFB7
 763 001c 40010000 		.4byte	.LFE7
 764 0020 00000000 		.4byte	0
 765 0024 00000000 		.4byte	0
 766              		.section	.debug_line,"",%progbits
 767              	.Ldebug_line0:
 768 0000 C0000000 		.section	.debug_str,"MS",%progbits,1
 768      02005400 
 768      00000201 
 768      FB0E0D00 
 768      01010101 
 769              	.LASF7:
 770 0000 6C6F6E67 		.ascii	"long long int\000"
 770      206C6F6E 
 770      6720696E 
 770      7400
 771              	.LASF12:
 772 000e 75696E74 		.ascii	"uint32\000"
 772      333200
 773              	.LASF23:
 774 0015 656E6162 		.ascii	"enabled\000"
 774      6C656400 
 775              	.LASF0:
 776 001d 756E7369 		.ascii	"unsigned int\000"
 776      676E6564 
 776      20696E74 
 776      00
 777              	.LASF22:
 778 002a 2F736372 		.ascii	"/scratch/eddie/capsense/Slider.cydsn\000"
 778      61746368 
 778      2F656464 
 778      69652F63 
 778      61707365 
 779              	.LASF20:
 780 004f 474E5520 		.ascii	"GNU C 4.9.3 20150529 (prerelease) -mcpu=cortex-m0pl"
 780      4320342E 
 780      392E3320 
 780      32303135 
 780      30353239 
 781 0082 7573202D 		.ascii	"us -mthumb -g -Og -ffunction-sections -ffat-lto-obj"
 781      6D746875 
 781      6D62202D 
 781      67202D4F 
 781      67202D66 
 782 00b5 65637473 		.ascii	"ects\000"
 782      00
 783              	.LASF11:
 784 00ba 75696E74 		.ascii	"uint8\000"
 784      3800
 785              	.LASF6:
 786 00c0 6C6F6E67 		.ascii	"long unsigned int\000"
 786      20756E73 
 786      69676E65 
 786      6420696E 
 786      7400
ARM GAS  /tmp/ccNuozho.s 			page 21


 787              	.LASF19:
 788 00d2 63796669 		.ascii	"cyfitter_cfg\000"
 788      74746572 
 788      5F636667 
 788      00
 789              	.LASF8:
 790 00df 6C6F6E67 		.ascii	"long long unsigned int\000"
 790      206C6F6E 
 790      6720756E 
 790      7369676E 
 790      65642069 
 791              	.LASF13:
 792 00f6 666C6F61 		.ascii	"float\000"
 792      7400
 793              	.LASF18:
 794 00fc 53657441 		.ascii	"SetAnalogRoutingPumps\000"
 794      6E616C6F 
 794      67526F75 
 794      74696E67 
 794      50756D70 
 795              	.LASF21:
 796 0112 47656E65 		.ascii	"Generated_Source/PSoC4/cyfitter_cfg.c\000"
 796      72617465 
 796      645F536F 
 796      75726365 
 796      2F50536F 
 797              	.LASF2:
 798 0138 756E7369 		.ascii	"unsigned char\000"
 798      676E6564 
 798      20636861 
 798      7200
 799              	.LASF10:
 800 0146 63686172 		.ascii	"char\000"
 800      00
 801              	.LASF5:
 802 014b 6C6F6E67 		.ascii	"long int\000"
 802      20696E74 
 802      00
 803              	.LASF17:
 804 0154 416E616C 		.ascii	"AnalogSetDefault\000"
 804      6F675365 
 804      74446566 
 804      61756C74 
 804      00
 805              	.LASF16:
 806 0165 436C6F63 		.ascii	"ClockSetup\000"
 806      6B536574 
 806      757000
 807              	.LASF14:
 808 0170 646F7562 		.ascii	"double\000"
 808      6C6500
 809              	.LASF25:
 810 0177 43795379 		.ascii	"CySysClkWriteImoFreq\000"
 810      73436C6B 
 810      57726974 
 810      65496D6F 
 810      46726571 
ARM GAS  /tmp/ccNuozho.s 			page 22


 811              	.LASF15:
 812 018c 72656733 		.ascii	"reg32\000"
 812      3200
 813              	.LASF4:
 814 0192 73686F72 		.ascii	"short unsigned int\000"
 814      7420756E 
 814      7369676E 
 814      65642069 
 814      6E7400
 815              	.LASF1:
 816 01a5 7369676E 		.ascii	"signed char\000"
 816      65642063 
 816      68617200 
 817              	.LASF24:
 818 01b1 72656756 		.ascii	"regValue\000"
 818      616C7565 
 818      00
 819              	.LASF3:
 820 01ba 73686F72 		.ascii	"short int\000"
 820      7420696E 
 820      7400
 821              	.LASF9:
 822 01c4 73697A65 		.ascii	"sizetype\000"
 822      74797065 
 822      00
 823              		.ident	"GCC: (15:4.9.3+svn231177-1) 4.9.3 20150529 (prerelease)"
