ARM GAS  C:\Users\mike\AppData\Local\Temp\cc4YKHuD.s 			page 1


   1              		.cpu cortex-m0
   2              		.fpu softvfp
   3              		.eabi_attribute 20, 1
   4              		.eabi_attribute 21, 1
   5              		.eabi_attribute 23, 3
   6              		.eabi_attribute 24, 1
   7              		.eabi_attribute 25, 1
   8              		.eabi_attribute 26, 1
   9              		.eabi_attribute 30, 6
  10              		.eabi_attribute 34, 0
  11              		.eabi_attribute 18, 4
  12              		.code	16
  13              		.file	"cyfitter_cfg.c"
  14              		.text
  15              	.Ltext0:
  16              		.cfi_sections	.debug_frame
  17              		.section	.text.CYMEMZERO,"ax",%progbits
  18              		.align	2
  19              		.code	16
  20              		.thumb_func
  21              		.type	CYMEMZERO, %function
  22              	CYMEMZERO:
  23              	.LFB0:
  24              		.file 1 "Generated_Source\\PSoC4\\cyfitter_cfg.c"
   1:Generated_Source\PSoC4/cyfitter_cfg.c **** /*******************************************************************************
   2:Generated_Source\PSoC4/cyfitter_cfg.c **** * File Name: cyfitter_cfg.c
   3:Generated_Source\PSoC4/cyfitter_cfg.c **** * 
   4:Generated_Source\PSoC4/cyfitter_cfg.c **** * PSoC Creator  4.0 Update 1
   5:Generated_Source\PSoC4/cyfitter_cfg.c **** *
   6:Generated_Source\PSoC4/cyfitter_cfg.c **** * Description:
   7:Generated_Source\PSoC4/cyfitter_cfg.c **** * This file contains device initialization code.
   8:Generated_Source\PSoC4/cyfitter_cfg.c **** * Except for the user defined sections in CyClockStartupError(), this file should not be modified.
   9:Generated_Source\PSoC4/cyfitter_cfg.c **** * This file is automatically generated by PSoC Creator.
  10:Generated_Source\PSoC4/cyfitter_cfg.c **** *
  11:Generated_Source\PSoC4/cyfitter_cfg.c **** ********************************************************************************
  12:Generated_Source\PSoC4/cyfitter_cfg.c **** * Copyright (c) 2007-2016 Cypress Semiconductor.  All rights reserved.
  13:Generated_Source\PSoC4/cyfitter_cfg.c **** * You may use this file only in accordance with the license, terms, conditions, 
  14:Generated_Source\PSoC4/cyfitter_cfg.c **** * disclaimers, and limitations in the end user license agreement accompanying 
  15:Generated_Source\PSoC4/cyfitter_cfg.c **** * the software package with which this file was provided.
  16:Generated_Source\PSoC4/cyfitter_cfg.c **** ********************************************************************************/
  17:Generated_Source\PSoC4/cyfitter_cfg.c **** 
  18:Generated_Source\PSoC4/cyfitter_cfg.c **** #include <string.h>
  19:Generated_Source\PSoC4/cyfitter_cfg.c **** #include "cytypes.h"
  20:Generated_Source\PSoC4/cyfitter_cfg.c **** #include "cydevice_trm.h"
  21:Generated_Source\PSoC4/cyfitter_cfg.c **** #include "cyfitter.h"
  22:Generated_Source\PSoC4/cyfitter_cfg.c **** #include "CyLib.h"
  23:Generated_Source\PSoC4/cyfitter_cfg.c **** #include "cyfitter_cfg.h"
  24:Generated_Source\PSoC4/cyfitter_cfg.c **** 
  25:Generated_Source\PSoC4/cyfitter_cfg.c **** 
  26:Generated_Source\PSoC4/cyfitter_cfg.c **** #if defined(__GNUC__) || defined(__ARMCC_VERSION)
  27:Generated_Source\PSoC4/cyfitter_cfg.c ****     #define CYPACKED 
  28:Generated_Source\PSoC4/cyfitter_cfg.c ****     #define CYPACKED_ATTR __attribute__ ((packed))
  29:Generated_Source\PSoC4/cyfitter_cfg.c ****     #define CYALIGNED __attribute__ ((aligned))
  30:Generated_Source\PSoC4/cyfitter_cfg.c ****     #define CY_CFG_UNUSED __attribute__ ((unused))
  31:Generated_Source\PSoC4/cyfitter_cfg.c ****     #ifndef CY_CFG_SECTION
  32:Generated_Source\PSoC4/cyfitter_cfg.c ****         #define CY_CFG_SECTION __attribute__ ((section(".psocinit")))
  33:Generated_Source\PSoC4/cyfitter_cfg.c ****     #endif
ARM GAS  C:\Users\mike\AppData\Local\Temp\cc4YKHuD.s 			page 2


  34:Generated_Source\PSoC4/cyfitter_cfg.c ****     
  35:Generated_Source\PSoC4/cyfitter_cfg.c ****     #if defined(__ARMCC_VERSION)
  36:Generated_Source\PSoC4/cyfitter_cfg.c ****         #define CY_CFG_MEMORY_BARRIER() __memory_changed()
  37:Generated_Source\PSoC4/cyfitter_cfg.c ****     #else
  38:Generated_Source\PSoC4/cyfitter_cfg.c ****         #define CY_CFG_MEMORY_BARRIER() __sync_synchronize()
  39:Generated_Source\PSoC4/cyfitter_cfg.c ****     #endif
  40:Generated_Source\PSoC4/cyfitter_cfg.c ****     
  41:Generated_Source\PSoC4/cyfitter_cfg.c **** #elif defined(__ICCARM__)
  42:Generated_Source\PSoC4/cyfitter_cfg.c ****     #include <intrinsics.h>
  43:Generated_Source\PSoC4/cyfitter_cfg.c **** 
  44:Generated_Source\PSoC4/cyfitter_cfg.c ****     #define CYPACKED __packed
  45:Generated_Source\PSoC4/cyfitter_cfg.c ****     #define CYPACKED_ATTR 
  46:Generated_Source\PSoC4/cyfitter_cfg.c ****     #define CYALIGNED _Pragma("data_alignment=4")
  47:Generated_Source\PSoC4/cyfitter_cfg.c ****     #define CY_CFG_UNUSED _Pragma("diag_suppress=Pe177")
  48:Generated_Source\PSoC4/cyfitter_cfg.c ****     #define CY_CFG_SECTION _Pragma("location=\".psocinit\"")
  49:Generated_Source\PSoC4/cyfitter_cfg.c ****     
  50:Generated_Source\PSoC4/cyfitter_cfg.c ****     #define CY_CFG_MEMORY_BARRIER() __DMB()
  51:Generated_Source\PSoC4/cyfitter_cfg.c ****     
  52:Generated_Source\PSoC4/cyfitter_cfg.c **** #else
  53:Generated_Source\PSoC4/cyfitter_cfg.c ****     #error Unsupported toolchain
  54:Generated_Source\PSoC4/cyfitter_cfg.c **** #endif
  55:Generated_Source\PSoC4/cyfitter_cfg.c **** 
  56:Generated_Source\PSoC4/cyfitter_cfg.c **** 
  57:Generated_Source\PSoC4/cyfitter_cfg.c **** CY_CFG_UNUSED
  58:Generated_Source\PSoC4/cyfitter_cfg.c **** static void CYMEMZERO(void *s, size_t n);
  59:Generated_Source\PSoC4/cyfitter_cfg.c **** CY_CFG_UNUSED
  60:Generated_Source\PSoC4/cyfitter_cfg.c **** static void CYMEMZERO(void *s, size_t n)
  61:Generated_Source\PSoC4/cyfitter_cfg.c **** {
  25              		.loc 1 61 0
  26              		.cfi_startproc
  27 0000 80B5     		push	{r7, lr}
  28              		.cfi_def_cfa_offset 8
  29              		.cfi_offset 7, -8
  30              		.cfi_offset 14, -4
  31 0002 82B0     		sub	sp, sp, #8
  32              		.cfi_def_cfa_offset 16
  33 0004 00AF     		add	r7, sp, #0
  34              		.cfi_def_cfa_register 7
  35 0006 7860     		str	r0, [r7, #4]
  36 0008 3960     		str	r1, [r7]
  62:Generated_Source\PSoC4/cyfitter_cfg.c **** 	(void)memset(s, 0, n);
  37              		.loc 1 62 0
  38 000a 7A68     		ldr	r2, [r7, #4]
  39 000c 3B68     		ldr	r3, [r7]
  40 000e 101C     		mov	r0, r2
  41 0010 0021     		mov	r1, #0
  42 0012 1A1C     		mov	r2, r3
  43 0014 FFF7FEFF 		bl	memset
  63:Generated_Source\PSoC4/cyfitter_cfg.c **** }
  44              		.loc 1 63 0
  45 0018 BD46     		mov	sp, r7
  46 001a 02B0     		add	sp, sp, #8
  47              		@ sp needed
  48 001c 80BD     		pop	{r7, pc}
  49              		.cfi_endproc
  50              	.LFE0:
  51              		.size	CYMEMZERO, .-CYMEMZERO
ARM GAS  C:\Users\mike\AppData\Local\Temp\cc4YKHuD.s 			page 3


  52 001e C046     		.section	.text.CYCONFIGCPY,"ax",%progbits
  53              		.align	2
  54              		.code	16
  55              		.thumb_func
  56              		.type	CYCONFIGCPY, %function
  57              	CYCONFIGCPY:
  58              	.LFB1:
  64:Generated_Source\PSoC4/cyfitter_cfg.c **** CY_CFG_UNUSED
  65:Generated_Source\PSoC4/cyfitter_cfg.c **** static void CYCONFIGCPY(void *dest, const void *src, size_t n);
  66:Generated_Source\PSoC4/cyfitter_cfg.c **** CY_CFG_UNUSED
  67:Generated_Source\PSoC4/cyfitter_cfg.c **** static void CYCONFIGCPY(void *dest, const void *src, size_t n)
  68:Generated_Source\PSoC4/cyfitter_cfg.c **** {
  59              		.loc 1 68 0
  60              		.cfi_startproc
  61 0000 80B5     		push	{r7, lr}
  62              		.cfi_def_cfa_offset 8
  63              		.cfi_offset 7, -8
  64              		.cfi_offset 14, -4
  65 0002 84B0     		sub	sp, sp, #16
  66              		.cfi_def_cfa_offset 24
  67 0004 00AF     		add	r7, sp, #0
  68              		.cfi_def_cfa_register 7
  69 0006 F860     		str	r0, [r7, #12]
  70 0008 B960     		str	r1, [r7, #8]
  71 000a 7A60     		str	r2, [r7, #4]
  69:Generated_Source\PSoC4/cyfitter_cfg.c **** 	(void)memcpy(dest, src, n);
  72              		.loc 1 69 0
  73 000c F968     		ldr	r1, [r7, #12]
  74 000e BA68     		ldr	r2, [r7, #8]
  75 0010 7B68     		ldr	r3, [r7, #4]
  76 0012 081C     		mov	r0, r1
  77 0014 111C     		mov	r1, r2
  78 0016 1A1C     		mov	r2, r3
  79 0018 FFF7FEFF 		bl	memcpy
  70:Generated_Source\PSoC4/cyfitter_cfg.c **** }
  80              		.loc 1 70 0
  81 001c BD46     		mov	sp, r7
  82 001e 04B0     		add	sp, sp, #16
  83              		@ sp needed
  84 0020 80BD     		pop	{r7, pc}
  85              		.cfi_endproc
  86              	.LFE1:
  87              		.size	CYCONFIGCPY, .-CYCONFIGCPY
  88 0022 C046     		.section	.text.CYCONFIGCPYCODE,"ax",%progbits
  89              		.align	2
  90              		.code	16
  91              		.thumb_func
  92              		.type	CYCONFIGCPYCODE, %function
  93              	CYCONFIGCPYCODE:
  94              	.LFB2:
  71:Generated_Source\PSoC4/cyfitter_cfg.c **** CY_CFG_UNUSED
  72:Generated_Source\PSoC4/cyfitter_cfg.c **** static void CYCONFIGCPYCODE(void *dest, const void *src, size_t n);
  73:Generated_Source\PSoC4/cyfitter_cfg.c **** CY_CFG_UNUSED
  74:Generated_Source\PSoC4/cyfitter_cfg.c **** static void CYCONFIGCPYCODE(void *dest, const void *src, size_t n)
  75:Generated_Source\PSoC4/cyfitter_cfg.c **** {
  95              		.loc 1 75 0
  96              		.cfi_startproc
ARM GAS  C:\Users\mike\AppData\Local\Temp\cc4YKHuD.s 			page 4


  97 0000 80B5     		push	{r7, lr}
  98              		.cfi_def_cfa_offset 8
  99              		.cfi_offset 7, -8
 100              		.cfi_offset 14, -4
 101 0002 84B0     		sub	sp, sp, #16
 102              		.cfi_def_cfa_offset 24
 103 0004 00AF     		add	r7, sp, #0
 104              		.cfi_def_cfa_register 7
 105 0006 F860     		str	r0, [r7, #12]
 106 0008 B960     		str	r1, [r7, #8]
 107 000a 7A60     		str	r2, [r7, #4]
  76:Generated_Source\PSoC4/cyfitter_cfg.c **** 	(void)memcpy(dest, src, n);
 108              		.loc 1 76 0
 109 000c F968     		ldr	r1, [r7, #12]
 110 000e BA68     		ldr	r2, [r7, #8]
 111 0010 7B68     		ldr	r3, [r7, #4]
 112 0012 081C     		mov	r0, r1
 113 0014 111C     		mov	r1, r2
 114 0016 1A1C     		mov	r2, r3
 115 0018 FFF7FEFF 		bl	memcpy
  77:Generated_Source\PSoC4/cyfitter_cfg.c **** }
 116              		.loc 1 77 0
 117 001c BD46     		mov	sp, r7
 118 001e 04B0     		add	sp, sp, #16
 119              		@ sp needed
 120 0020 80BD     		pop	{r7, pc}
 121              		.cfi_endproc
 122              	.LFE2:
 123              		.size	CYCONFIGCPYCODE, .-CYCONFIGCPYCODE
 124 0022 C046     		.section	.text.cfg_write_bytes32,"ax",%progbits
 125              		.align	2
 126              		.code	16
 127              		.thumb_func
 128              		.type	cfg_write_bytes32, %function
 129              	cfg_write_bytes32:
 130              	.LFB3:
  78:Generated_Source\PSoC4/cyfitter_cfg.c **** 
  79:Generated_Source\PSoC4/cyfitter_cfg.c **** 
  80:Generated_Source\PSoC4/cyfitter_cfg.c **** 
  81:Generated_Source\PSoC4/cyfitter_cfg.c **** 
  82:Generated_Source\PSoC4/cyfitter_cfg.c **** /* Clock startup error codes                                                   */
  83:Generated_Source\PSoC4/cyfitter_cfg.c **** #define CYCLOCKSTART_NO_ERROR    0u
  84:Generated_Source\PSoC4/cyfitter_cfg.c **** #define CYCLOCKSTART_XTAL_ERROR  1u
  85:Generated_Source\PSoC4/cyfitter_cfg.c **** #define CYCLOCKSTART_32KHZ_ERROR 2u
  86:Generated_Source\PSoC4/cyfitter_cfg.c **** #define CYCLOCKSTART_PLL_ERROR   3u
  87:Generated_Source\PSoC4/cyfitter_cfg.c **** 
  88:Generated_Source\PSoC4/cyfitter_cfg.c **** 
  89:Generated_Source\PSoC4/cyfitter_cfg.c **** #ifdef CY_NEED_CYCLOCKSTARTUPERROR
  90:Generated_Source\PSoC4/cyfitter_cfg.c **** /*******************************************************************************
  91:Generated_Source\PSoC4/cyfitter_cfg.c **** * Function Name: CyClockStartupError
  92:Generated_Source\PSoC4/cyfitter_cfg.c **** ********************************************************************************
  93:Generated_Source\PSoC4/cyfitter_cfg.c **** * Summary:
  94:Generated_Source\PSoC4/cyfitter_cfg.c **** *  If an error is encountered during clock configuration (crystal startup error,
  95:Generated_Source\PSoC4/cyfitter_cfg.c **** *  PLL lock error, etc.), the system will end up here.  Unless reimplemented by
  96:Generated_Source\PSoC4/cyfitter_cfg.c **** *  the customer, this function will stop in an infinite loop.
  97:Generated_Source\PSoC4/cyfitter_cfg.c **** *
  98:Generated_Source\PSoC4/cyfitter_cfg.c **** * Parameters:
ARM GAS  C:\Users\mike\AppData\Local\Temp\cc4YKHuD.s 			page 5


  99:Generated_Source\PSoC4/cyfitter_cfg.c **** *   void
 100:Generated_Source\PSoC4/cyfitter_cfg.c **** *
 101:Generated_Source\PSoC4/cyfitter_cfg.c **** * Return:
 102:Generated_Source\PSoC4/cyfitter_cfg.c **** *   void
 103:Generated_Source\PSoC4/cyfitter_cfg.c **** *
 104:Generated_Source\PSoC4/cyfitter_cfg.c **** *******************************************************************************/
 105:Generated_Source\PSoC4/cyfitter_cfg.c **** CY_CFG_UNUSED
 106:Generated_Source\PSoC4/cyfitter_cfg.c **** static void CyClockStartupError(uint8 errorCode);
 107:Generated_Source\PSoC4/cyfitter_cfg.c **** CY_CFG_UNUSED
 108:Generated_Source\PSoC4/cyfitter_cfg.c **** static void CyClockStartupError(uint8 errorCode)
 109:Generated_Source\PSoC4/cyfitter_cfg.c **** {
 110:Generated_Source\PSoC4/cyfitter_cfg.c ****     /* To remove the compiler warning if errorCode not used.                */
 111:Generated_Source\PSoC4/cyfitter_cfg.c ****     errorCode = errorCode;
 112:Generated_Source\PSoC4/cyfitter_cfg.c **** 
 113:Generated_Source\PSoC4/cyfitter_cfg.c ****     /* If we have a clock startup error (bad MHz crystal, PLL lock, etc.),  */
 114:Generated_Source\PSoC4/cyfitter_cfg.c ****     /* we will end up here to allow the customer to implement something to  */
 115:Generated_Source\PSoC4/cyfitter_cfg.c ****     /* deal with the clock condition.                                       */
 116:Generated_Source\PSoC4/cyfitter_cfg.c **** 
 117:Generated_Source\PSoC4/cyfitter_cfg.c **** #ifdef CY_CFG_CLOCK_STARTUP_ERROR_CALLBACK
 118:Generated_Source\PSoC4/cyfitter_cfg.c **** 	CY_CFG_Clock_Startup_ErrorCallback();
 119:Generated_Source\PSoC4/cyfitter_cfg.c **** #else
 120:Generated_Source\PSoC4/cyfitter_cfg.c **** 	/*  If not using CY_CFG_CLOCK_STARTUP_ERROR_CALLBACK, place your clock startup code here. */
 121:Generated_Source\PSoC4/cyfitter_cfg.c ****     /* `#START CyClockStartupError` */
 122:Generated_Source\PSoC4/cyfitter_cfg.c **** 
 123:Generated_Source\PSoC4/cyfitter_cfg.c **** 
 124:Generated_Source\PSoC4/cyfitter_cfg.c **** 
 125:Generated_Source\PSoC4/cyfitter_cfg.c ****     /* `#END` */
 126:Generated_Source\PSoC4/cyfitter_cfg.c **** 
 127:Generated_Source\PSoC4/cyfitter_cfg.c ****     /* If nothing else, stop here since the clocks have not started         */
 128:Generated_Source\PSoC4/cyfitter_cfg.c ****     /* correctly.                                                           */
 129:Generated_Source\PSoC4/cyfitter_cfg.c ****     while(1) {}
 130:Generated_Source\PSoC4/cyfitter_cfg.c **** #endif /* CY_CFG_CLOCK_STARTUP_ERROR_CALLBACK */ 
 131:Generated_Source\PSoC4/cyfitter_cfg.c **** }
 132:Generated_Source\PSoC4/cyfitter_cfg.c **** #endif
 133:Generated_Source\PSoC4/cyfitter_cfg.c **** 
 134:Generated_Source\PSoC4/cyfitter_cfg.c **** #define CY_CFG_BASE_ADDR_COUNT 4u
 135:Generated_Source\PSoC4/cyfitter_cfg.c **** CYPACKED typedef struct
 136:Generated_Source\PSoC4/cyfitter_cfg.c **** {
 137:Generated_Source\PSoC4/cyfitter_cfg.c **** 	uint8 offset;
 138:Generated_Source\PSoC4/cyfitter_cfg.c **** 	uint8 value;
 139:Generated_Source\PSoC4/cyfitter_cfg.c **** } CYPACKED_ATTR cy_cfg_addrvalue_t;
 140:Generated_Source\PSoC4/cyfitter_cfg.c **** 
 141:Generated_Source\PSoC4/cyfitter_cfg.c **** 
 142:Generated_Source\PSoC4/cyfitter_cfg.c **** 
 143:Generated_Source\PSoC4/cyfitter_cfg.c **** /*******************************************************************************
 144:Generated_Source\PSoC4/cyfitter_cfg.c **** * Function Name: cfg_write_bytes32
 145:Generated_Source\PSoC4/cyfitter_cfg.c **** ********************************************************************************
 146:Generated_Source\PSoC4/cyfitter_cfg.c **** * Summary:
 147:Generated_Source\PSoC4/cyfitter_cfg.c **** *  This function is used for setting up the chip configuration areas that
 148:Generated_Source\PSoC4/cyfitter_cfg.c **** *  contain relatively sparse data.
 149:Generated_Source\PSoC4/cyfitter_cfg.c **** *
 150:Generated_Source\PSoC4/cyfitter_cfg.c **** * Parameters:
 151:Generated_Source\PSoC4/cyfitter_cfg.c **** *   void
 152:Generated_Source\PSoC4/cyfitter_cfg.c **** *
 153:Generated_Source\PSoC4/cyfitter_cfg.c **** * Return:
 154:Generated_Source\PSoC4/cyfitter_cfg.c **** *   void
 155:Generated_Source\PSoC4/cyfitter_cfg.c **** *
ARM GAS  C:\Users\mike\AppData\Local\Temp\cc4YKHuD.s 			page 6


 156:Generated_Source\PSoC4/cyfitter_cfg.c **** *******************************************************************************/
 157:Generated_Source\PSoC4/cyfitter_cfg.c **** static void cfg_write_bytes32(const uint32 addr_table[], const cy_cfg_addrvalue_t data_table[]);
 158:Generated_Source\PSoC4/cyfitter_cfg.c **** static void cfg_write_bytes32(const uint32 addr_table[], const cy_cfg_addrvalue_t data_table[])
 159:Generated_Source\PSoC4/cyfitter_cfg.c **** {
 131              		.loc 1 159 0
 132              		.cfi_startproc
 133 0000 80B5     		push	{r7, lr}
 134              		.cfi_def_cfa_offset 8
 135              		.cfi_offset 7, -8
 136              		.cfi_offset 14, -4
 137 0002 86B0     		sub	sp, sp, #24
 138              		.cfi_def_cfa_offset 32
 139 0004 00AF     		add	r7, sp, #0
 140              		.cfi_def_cfa_register 7
 141 0006 7860     		str	r0, [r7, #4]
 142 0008 3960     		str	r1, [r7]
 160:Generated_Source\PSoC4/cyfitter_cfg.c **** 	/* For 32-bit little-endian architectures */
 161:Generated_Source\PSoC4/cyfitter_cfg.c **** 	uint32 i, j = 0u;
 143              		.loc 1 161 0
 144 000a 0023     		mov	r3, #0
 145 000c 3B61     		str	r3, [r7, #16]
 162:Generated_Source\PSoC4/cyfitter_cfg.c **** 	for (i = 0u; i < CY_CFG_BASE_ADDR_COUNT; i++)
 146              		.loc 1 162 0
 147 000e 0023     		mov	r3, #0
 148 0010 7B61     		str	r3, [r7, #20]
 149 0012 2FE0     		b	.L5
 150              	.L8:
 151              	.LBB2:
 163:Generated_Source\PSoC4/cyfitter_cfg.c **** 	{
 164:Generated_Source\PSoC4/cyfitter_cfg.c **** 		uint32 baseAddr = addr_table[i];
 152              		.loc 1 164 0
 153 0014 7B69     		ldr	r3, [r7, #20]
 154 0016 9B00     		lsl	r3, r3, #2
 155 0018 7A68     		ldr	r2, [r7, #4]
 156 001a D318     		add	r3, r2, r3
 157 001c 1B68     		ldr	r3, [r3]
 158 001e BB60     		str	r3, [r7, #8]
 165:Generated_Source\PSoC4/cyfitter_cfg.c **** 		uint8 count = (uint8)baseAddr;
 159              		.loc 1 165 0
 160 0020 0F23     		mov	r3, #15
 161 0022 FB18     		add	r3, r7, r3
 162 0024 BA68     		ldr	r2, [r7, #8]
 163 0026 1A70     		strb	r2, [r3]
 166:Generated_Source\PSoC4/cyfitter_cfg.c **** 		baseAddr &= 0xFFFFFF00u;
 164              		.loc 1 166 0
 165 0028 BB68     		ldr	r3, [r7, #8]
 166 002a FF22     		mov	r2, #255
 167 002c 9343     		bic	r3, r2
 168 002e BB60     		str	r3, [r7, #8]
 167:Generated_Source\PSoC4/cyfitter_cfg.c **** 		while (count != 0u)
 169              		.loc 1 167 0
 170 0030 18E0     		b	.L6
 171              	.L7:
 168:Generated_Source\PSoC4/cyfitter_cfg.c **** 		{
 169:Generated_Source\PSoC4/cyfitter_cfg.c **** 			CY_SET_XTND_REG8((void CYFAR *)(baseAddr + data_table[j].offset), data_table[j].value);
 172              		.loc 1 169 0
 173 0032 3B69     		ldr	r3, [r7, #16]
ARM GAS  C:\Users\mike\AppData\Local\Temp\cc4YKHuD.s 			page 7


 174 0034 5B00     		lsl	r3, r3, #1
 175 0036 3A68     		ldr	r2, [r7]
 176 0038 D318     		add	r3, r2, r3
 177 003a 1B78     		ldrb	r3, [r3]
 178 003c 1A1C     		mov	r2, r3
 179 003e BB68     		ldr	r3, [r7, #8]
 180 0040 D318     		add	r3, r2, r3
 181 0042 191C     		mov	r1, r3
 182 0044 3B69     		ldr	r3, [r7, #16]
 183 0046 5B00     		lsl	r3, r3, #1
 184 0048 3A68     		ldr	r2, [r7]
 185 004a D318     		add	r3, r2, r3
 186 004c 5B78     		ldrb	r3, [r3, #1]
 187 004e 0B70     		strb	r3, [r1]
 170:Generated_Source\PSoC4/cyfitter_cfg.c **** 			j++;
 188              		.loc 1 170 0
 189 0050 3B69     		ldr	r3, [r7, #16]
 190 0052 0133     		add	r3, r3, #1
 191 0054 3B61     		str	r3, [r7, #16]
 171:Generated_Source\PSoC4/cyfitter_cfg.c **** 			count--;
 192              		.loc 1 171 0
 193 0056 0F23     		mov	r3, #15
 194 0058 FB18     		add	r3, r7, r3
 195 005a 1A78     		ldrb	r2, [r3]
 196 005c 0F23     		mov	r3, #15
 197 005e FB18     		add	r3, r7, r3
 198 0060 013A     		sub	r2, r2, #1
 199 0062 1A70     		strb	r2, [r3]
 200              	.L6:
 167:Generated_Source\PSoC4/cyfitter_cfg.c **** 		{
 201              		.loc 1 167 0
 202 0064 0F23     		mov	r3, #15
 203 0066 FB18     		add	r3, r7, r3
 204 0068 1B78     		ldrb	r3, [r3]
 205 006a 002B     		cmp	r3, #0
 206 006c E1D1     		bne	.L7
 207              	.LBE2:
 162:Generated_Source\PSoC4/cyfitter_cfg.c **** 	{
 208              		.loc 1 162 0 discriminator 2
 209 006e 7B69     		ldr	r3, [r7, #20]
 210 0070 0133     		add	r3, r3, #1
 211 0072 7B61     		str	r3, [r7, #20]
 212              	.L5:
 162:Generated_Source\PSoC4/cyfitter_cfg.c **** 	{
 213              		.loc 1 162 0 is_stmt 0 discriminator 1
 214 0074 7B69     		ldr	r3, [r7, #20]
 215 0076 032B     		cmp	r3, #3
 216 0078 CCD9     		bls	.L8
 172:Generated_Source\PSoC4/cyfitter_cfg.c **** 		}
 173:Generated_Source\PSoC4/cyfitter_cfg.c **** 	}
 174:Generated_Source\PSoC4/cyfitter_cfg.c **** }
 217              		.loc 1 174 0 is_stmt 1
 218 007a BD46     		mov	sp, r7
 219 007c 06B0     		add	sp, sp, #24
 220              		@ sp needed
 221 007e 80BD     		pop	{r7, pc}
 222              		.cfi_endproc
ARM GAS  C:\Users\mike\AppData\Local\Temp\cc4YKHuD.s 			page 8


 223              	.LFE3:
 224              		.size	cfg_write_bytes32, .-cfg_write_bytes32
 225              		.section	.psocinit,"ax",%progbits
 226              		.align	2
 227              		.code	16
 228              		.thumb_func
 229              		.type	ClockSetup, %function
 230              	ClockSetup:
 231              	.LFB4:
 175:Generated_Source\PSoC4/cyfitter_cfg.c **** 
 176:Generated_Source\PSoC4/cyfitter_cfg.c **** 
 177:Generated_Source\PSoC4/cyfitter_cfg.c **** /*******************************************************************************
 178:Generated_Source\PSoC4/cyfitter_cfg.c **** * Function Name: ClockSetup
 179:Generated_Source\PSoC4/cyfitter_cfg.c **** ********************************************************************************
 180:Generated_Source\PSoC4/cyfitter_cfg.c **** *
 181:Generated_Source\PSoC4/cyfitter_cfg.c **** * Summary:
 182:Generated_Source\PSoC4/cyfitter_cfg.c **** *   Performs the initialization of all of the clocks in the device based on the
 183:Generated_Source\PSoC4/cyfitter_cfg.c **** *   settings in the Clock tab of the DWR.  This includes enabling the requested
 184:Generated_Source\PSoC4/cyfitter_cfg.c **** *   clocks and setting the necessary dividers to produce the desired frequency. 
 185:Generated_Source\PSoC4/cyfitter_cfg.c **** *
 186:Generated_Source\PSoC4/cyfitter_cfg.c **** * Parameters:
 187:Generated_Source\PSoC4/cyfitter_cfg.c **** *   void
 188:Generated_Source\PSoC4/cyfitter_cfg.c **** *
 189:Generated_Source\PSoC4/cyfitter_cfg.c **** * Return:
 190:Generated_Source\PSoC4/cyfitter_cfg.c **** *   void
 191:Generated_Source\PSoC4/cyfitter_cfg.c **** *
 192:Generated_Source\PSoC4/cyfitter_cfg.c **** *******************************************************************************/
 193:Generated_Source\PSoC4/cyfitter_cfg.c **** static void ClockSetup(void);
 194:Generated_Source\PSoC4/cyfitter_cfg.c **** CY_CFG_SECTION
 195:Generated_Source\PSoC4/cyfitter_cfg.c **** static void ClockSetup(void)
 196:Generated_Source\PSoC4/cyfitter_cfg.c **** {
 232              		.loc 1 196 0
 233              		.cfi_startproc
 234 0000 80B5     		push	{r7, lr}
 235              		.cfi_def_cfa_offset 8
 236              		.cfi_offset 7, -8
 237              		.cfi_offset 14, -4
 238 0002 00AF     		add	r7, sp, #0
 239              		.cfi_def_cfa_register 7
 197:Generated_Source\PSoC4/cyfitter_cfg.c **** 	/* Enable HALF_EN before trimming for the flash accelerator. */
 198:Generated_Source\PSoC4/cyfitter_cfg.c **** 	CY_SET_REG32((void CYXDATA *)(CYREG_CLK_SELECT), (CY_GET_REG32((void *)CYREG_CLK_SELECT) | 0x00040
 240              		.loc 1 198 0
 241 0004 124B     		ldr	r3, .L10
 242 0006 124A     		ldr	r2, .L10
 243 0008 1268     		ldr	r2, [r2]
 244 000a 8021     		mov	r1, #128
 245 000c C902     		lsl	r1, r1, #11
 246 000e 0A43     		orr	r2, r1
 247 0010 1A60     		str	r2, [r3]
 199:Generated_Source\PSoC4/cyfitter_cfg.c **** 
 200:Generated_Source\PSoC4/cyfitter_cfg.c **** 	/* Setup and trim IMO based on desired frequency. */
 201:Generated_Source\PSoC4/cyfitter_cfg.c **** 	CySysClkWriteImoFreq(24u);
 248              		.loc 1 201 0
 249 0012 1820     		mov	r0, #24
 250 0014 FFF7FEFF 		bl	CySysClkWriteImoFreq
 202:Generated_Source\PSoC4/cyfitter_cfg.c **** 
 203:Generated_Source\PSoC4/cyfitter_cfg.c **** 	/* Disable HALF_EN since it is not required at this IMO frequency. */
ARM GAS  C:\Users\mike\AppData\Local\Temp\cc4YKHuD.s 			page 9


 204:Generated_Source\PSoC4/cyfitter_cfg.c **** 	CY_SET_REG32((void CYXDATA *)(CYREG_CLK_SELECT), (CY_GET_REG32((void *)CYREG_CLK_SELECT) & 0xFFFBF
 251              		.loc 1 204 0
 252 0018 0D4B     		ldr	r3, .L10
 253 001a 0D4A     		ldr	r2, .L10
 254 001c 1268     		ldr	r2, [r2]
 255 001e 0D49     		ldr	r1, .L10+4
 256 0020 0A40     		and	r2, r1
 257 0022 1A60     		str	r2, [r3]
 205:Generated_Source\PSoC4/cyfitter_cfg.c **** 	/* CYDEV_CLK_ILO_CONFIG Starting address: CYDEV_CLK_ILO_CONFIG */
 206:Generated_Source\PSoC4/cyfitter_cfg.c **** 	CY_SET_XTND_REG32((void CYFAR *)(CYREG_CLK_ILO_CONFIG), 0x80000006u);
 258              		.loc 1 206 0
 259 0024 0C4B     		ldr	r3, .L10+8
 260 0026 0D4A     		ldr	r2, .L10+12
 261 0028 1A60     		str	r2, [r3]
 207:Generated_Source\PSoC4/cyfitter_cfg.c **** 
 208:Generated_Source\PSoC4/cyfitter_cfg.c **** 
 209:Generated_Source\PSoC4/cyfitter_cfg.c **** 	/* CYDEV_CLK_SELECT00 Starting address: CYDEV_CLK_SELECT00 */
 210:Generated_Source\PSoC4/cyfitter_cfg.c **** 	CY_SET_XTND_REG32((void CYFAR *)(CYREG_CLK_SELECT08), 0x00000010u);
 262              		.loc 1 210 0
 263 002a 0D4B     		ldr	r3, .L10+16
 264 002c 1022     		mov	r2, #16
 265 002e 1A60     		str	r2, [r3]
 211:Generated_Source\PSoC4/cyfitter_cfg.c **** 
 212:Generated_Source\PSoC4/cyfitter_cfg.c **** 	/* CYDEV_CLK_IMO_CONFIG Starting address: CYDEV_CLK_IMO_CONFIG */
 213:Generated_Source\PSoC4/cyfitter_cfg.c **** 	CY_SET_XTND_REG32((void CYFAR *)(CYREG_CLK_IMO_CONFIG), 0x80000000u);
 266              		.loc 1 213 0
 267 0030 0C4B     		ldr	r3, .L10+20
 268 0032 8022     		mov	r2, #128
 269 0034 1206     		lsl	r2, r2, #24
 270 0036 1A60     		str	r2, [r3]
 214:Generated_Source\PSoC4/cyfitter_cfg.c **** 
 215:Generated_Source\PSoC4/cyfitter_cfg.c **** 	/* CYDEV_CLK_SELECT Starting address: CYDEV_CLK_SELECT */
 216:Generated_Source\PSoC4/cyfitter_cfg.c **** 	CY_SET_XTND_REG32((void CYFAR *)(CYREG_CLK_SELECT), 0x00000000u);
 271              		.loc 1 216 0
 272 0038 054B     		ldr	r3, .L10
 273 003a 0022     		mov	r2, #0
 274 003c 1A60     		str	r2, [r3]
 217:Generated_Source\PSoC4/cyfitter_cfg.c **** 
 218:Generated_Source\PSoC4/cyfitter_cfg.c **** 	/* CYDEV_CLK_DIVIDER_A00 Starting address: CYDEV_CLK_DIVIDER_A00 */
 219:Generated_Source\PSoC4/cyfitter_cfg.c **** 	CY_SET_XTND_REG32((void CYFAR *)(CYREG_CLK_DIVIDER_A00), 0x0000095Fu);
 275              		.loc 1 219 0
 276 003e 0A4B     		ldr	r3, .L10+24
 277 0040 0A4A     		ldr	r2, .L10+28
 278 0042 1A60     		str	r2, [r3]
 220:Generated_Source\PSoC4/cyfitter_cfg.c **** 
 221:Generated_Source\PSoC4/cyfitter_cfg.c **** 	CY_SET_XTND_REG32((void CYFAR *)(CYREG_WDT_CONFIG), 0x00000000u);
 279              		.loc 1 221 0
 280 0044 0A4B     		ldr	r3, .L10+32
 281 0046 0022     		mov	r2, #0
 282 0048 1A60     		str	r2, [r3]
 222:Generated_Source\PSoC4/cyfitter_cfg.c **** }
 283              		.loc 1 222 0
 284 004a BD46     		mov	sp, r7
 285              		@ sp needed
 286 004c 80BD     		pop	{r7, pc}
 287              	.L11:
 288 004e C046     		.align	2
ARM GAS  C:\Users\mike\AppData\Local\Temp\cc4YKHuD.s 			page 10


 289              	.L10:
 290 0050 00010B40 		.word	1074462976
 291 0054 FFFFFBFF 		.word	-262145
 292 0058 04010B40 		.word	1074462980
 293 005c 06000080 		.word	-2147483642
 294 0060 20020240 		.word	1073873440
 295 0064 08010B40 		.word	1074462984
 296 0068 00000240 		.word	1073872896
 297 006c 5F090000 		.word	2399
 298 0070 0C020B40 		.word	1074463244
 299              		.cfi_endproc
 300              	.LFE4:
 301              		.size	ClockSetup, .-ClockSetup
 302              		.section	.text.AnalogSetDefault,"ax",%progbits
 303              		.align	2
 304              		.code	16
 305              		.thumb_func
 306              		.type	AnalogSetDefault, %function
 307              	AnalogSetDefault:
 308              	.LFB5:
 223:Generated_Source\PSoC4/cyfitter_cfg.c **** 
 224:Generated_Source\PSoC4/cyfitter_cfg.c **** 
 225:Generated_Source\PSoC4/cyfitter_cfg.c **** /* Analog API Functions */
 226:Generated_Source\PSoC4/cyfitter_cfg.c **** 
 227:Generated_Source\PSoC4/cyfitter_cfg.c **** 
 228:Generated_Source\PSoC4/cyfitter_cfg.c **** /*******************************************************************************
 229:Generated_Source\PSoC4/cyfitter_cfg.c **** * Function Name: AnalogSetDefault
 230:Generated_Source\PSoC4/cyfitter_cfg.c **** ********************************************************************************
 231:Generated_Source\PSoC4/cyfitter_cfg.c **** *
 232:Generated_Source\PSoC4/cyfitter_cfg.c **** * Summary:
 233:Generated_Source\PSoC4/cyfitter_cfg.c **** *  Sets up the analog portions of the chip to default values based on chip
 234:Generated_Source\PSoC4/cyfitter_cfg.c **** *  configuration options from the project.
 235:Generated_Source\PSoC4/cyfitter_cfg.c **** *
 236:Generated_Source\PSoC4/cyfitter_cfg.c **** * Parameters:
 237:Generated_Source\PSoC4/cyfitter_cfg.c **** *  void
 238:Generated_Source\PSoC4/cyfitter_cfg.c **** *
 239:Generated_Source\PSoC4/cyfitter_cfg.c **** * Return:
 240:Generated_Source\PSoC4/cyfitter_cfg.c **** *  void
 241:Generated_Source\PSoC4/cyfitter_cfg.c **** *
 242:Generated_Source\PSoC4/cyfitter_cfg.c **** *******************************************************************************/
 243:Generated_Source\PSoC4/cyfitter_cfg.c **** static void AnalogSetDefault(void);
 244:Generated_Source\PSoC4/cyfitter_cfg.c **** static void AnalogSetDefault(void)
 245:Generated_Source\PSoC4/cyfitter_cfg.c **** {
 309              		.loc 1 245 0
 310              		.cfi_startproc
 311 0000 80B5     		push	{r7, lr}
 312              		.cfi_def_cfa_offset 8
 313              		.cfi_offset 7, -8
 314              		.cfi_offset 14, -4
 315 0002 00AF     		add	r7, sp, #0
 316              		.cfi_def_cfa_register 7
 246:Generated_Source\PSoC4/cyfitter_cfg.c **** }
 317              		.loc 1 246 0
 318 0004 BD46     		mov	sp, r7
 319              		@ sp needed
 320 0006 80BD     		pop	{r7, pc}
 321              		.cfi_endproc
ARM GAS  C:\Users\mike\AppData\Local\Temp\cc4YKHuD.s 			page 11


 322              	.LFE5:
 323              		.size	AnalogSetDefault, .-AnalogSetDefault
 324              		.section	.psocinit
 325              		.align	2
 326              		.global	cyfitter_cfg
 327              		.code	16
 328              		.thumb_func
 329              		.type	cyfitter_cfg, %function
 330              	cyfitter_cfg:
 331              	.LFB6:
 247:Generated_Source\PSoC4/cyfitter_cfg.c **** 
 248:Generated_Source\PSoC4/cyfitter_cfg.c **** #define CY_AMUX_UNUSED CYREG_CM0_ROM_DWT
 249:Generated_Source\PSoC4/cyfitter_cfg.c **** 
 250:Generated_Source\PSoC4/cyfitter_cfg.c **** 
 251:Generated_Source\PSoC4/cyfitter_cfg.c **** /*******************************************************************************
 252:Generated_Source\PSoC4/cyfitter_cfg.c **** * Function Name: cyfitter_cfg
 253:Generated_Source\PSoC4/cyfitter_cfg.c **** ********************************************************************************
 254:Generated_Source\PSoC4/cyfitter_cfg.c **** * Summary:
 255:Generated_Source\PSoC4/cyfitter_cfg.c **** *  This function is called by the start-up code for the selected device. It
 256:Generated_Source\PSoC4/cyfitter_cfg.c **** *  performs all of the necessary device configuration based on the design
 257:Generated_Source\PSoC4/cyfitter_cfg.c **** *  settings.  This includes settings from the Design Wide Resources (DWR) such
 258:Generated_Source\PSoC4/cyfitter_cfg.c **** *  as Clocks and Pins as well as any component configuration that is necessary.
 259:Generated_Source\PSoC4/cyfitter_cfg.c **** *
 260:Generated_Source\PSoC4/cyfitter_cfg.c **** * Parameters:  
 261:Generated_Source\PSoC4/cyfitter_cfg.c **** *   void
 262:Generated_Source\PSoC4/cyfitter_cfg.c **** *
 263:Generated_Source\PSoC4/cyfitter_cfg.c **** * Return:
 264:Generated_Source\PSoC4/cyfitter_cfg.c **** *   void
 265:Generated_Source\PSoC4/cyfitter_cfg.c **** *
 266:Generated_Source\PSoC4/cyfitter_cfg.c **** *******************************************************************************/
 267:Generated_Source\PSoC4/cyfitter_cfg.c **** CY_CFG_SECTION
 268:Generated_Source\PSoC4/cyfitter_cfg.c **** void cyfitter_cfg(void)
 269:Generated_Source\PSoC4/cyfitter_cfg.c **** {
 332              		.loc 1 269 0
 333              		.cfi_startproc
 334 0074 80B5     		push	{r7, lr}
 335              		.cfi_def_cfa_offset 8
 336              		.cfi_offset 7, -8
 337              		.cfi_offset 14, -4
 338 0076 82B0     		sub	sp, sp, #8
 339              		.cfi_def_cfa_offset 16
 340 0078 00AF     		add	r7, sp, #0
 341              		.cfi_def_cfa_register 7
 270:Generated_Source\PSoC4/cyfitter_cfg.c **** 	/* Disable interrupts by default. Let user enable if/when they want. */
 271:Generated_Source\PSoC4/cyfitter_cfg.c **** 	CyGlobalIntDisable;
 342              		.loc 1 271 0
 343              	@ 271 "Generated_Source\PSoC4\cyfitter_cfg.c" 1
 344 007a 72B6     		CPSID   i
 345              	@ 0 "" 2
 346              		.code	16
 347              	.LBB3:
 272:Generated_Source\PSoC4/cyfitter_cfg.c **** 
 273:Generated_Source\PSoC4/cyfitter_cfg.c **** 	{
 274:Generated_Source\PSoC4/cyfitter_cfg.c **** 		static const uint32 CYCODE cy_cfg_addr_table[] = {
 275:Generated_Source\PSoC4/cyfitter_cfg.c **** 			0x400F3301u, /* Base address: 0x400F3300 Count: 1 */
 276:Generated_Source\PSoC4/cyfitter_cfg.c **** 			0x400F4002u, /* Base address: 0x400F4000 Count: 2 */
 277:Generated_Source\PSoC4/cyfitter_cfg.c **** 			0x400F4102u, /* Base address: 0x400F4100 Count: 2 */
ARM GAS  C:\Users\mike\AppData\Local\Temp\cc4YKHuD.s 			page 12


 278:Generated_Source\PSoC4/cyfitter_cfg.c **** 			0x400F4304u, /* Base address: 0x400F4300 Count: 4 */
 279:Generated_Source\PSoC4/cyfitter_cfg.c **** 		};
 280:Generated_Source\PSoC4/cyfitter_cfg.c **** 
 281:Generated_Source\PSoC4/cyfitter_cfg.c **** 		static const cy_cfg_addrvalue_t CYCODE cy_cfg_data_table[] = {
 282:Generated_Source\PSoC4/cyfitter_cfg.c **** 			{0xE2u, 0x80u},
 283:Generated_Source\PSoC4/cyfitter_cfg.c **** 			{0x53u, 0x04u},
 284:Generated_Source\PSoC4/cyfitter_cfg.c **** 			{0xD4u, 0x20u},
 285:Generated_Source\PSoC4/cyfitter_cfg.c **** 			{0x8Bu, 0x04u},
 286:Generated_Source\PSoC4/cyfitter_cfg.c **** 			{0x97u, 0x08u},
 287:Generated_Source\PSoC4/cyfitter_cfg.c **** 			{0x19u, 0x08u},
 288:Generated_Source\PSoC4/cyfitter_cfg.c **** 			{0x89u, 0x08u},
 289:Generated_Source\PSoC4/cyfitter_cfg.c **** 			{0xC6u, 0x08u},
 290:Generated_Source\PSoC4/cyfitter_cfg.c **** 			{0xE2u, 0x01u},
 291:Generated_Source\PSoC4/cyfitter_cfg.c **** 		};
 292:Generated_Source\PSoC4/cyfitter_cfg.c **** 
 293:Generated_Source\PSoC4/cyfitter_cfg.c **** 
 294:Generated_Source\PSoC4/cyfitter_cfg.c **** 
 295:Generated_Source\PSoC4/cyfitter_cfg.c **** 		CYPACKED typedef struct {
 296:Generated_Source\PSoC4/cyfitter_cfg.c **** 			void CYFAR *address;
 297:Generated_Source\PSoC4/cyfitter_cfg.c **** 			uint16 size;
 298:Generated_Source\PSoC4/cyfitter_cfg.c **** 		} CYPACKED_ATTR cfg_memset_t;
 299:Generated_Source\PSoC4/cyfitter_cfg.c **** 
 300:Generated_Source\PSoC4/cyfitter_cfg.c **** 		static const cfg_memset_t CYCODE cfg_memset_list [] = {
 301:Generated_Source\PSoC4/cyfitter_cfg.c **** 			/* address, size */
 302:Generated_Source\PSoC4/cyfitter_cfg.c **** 			{(void CYFAR *)(CYDEV_UDB_P0_U0_BASE), 1024u},
 303:Generated_Source\PSoC4/cyfitter_cfg.c **** 			{(void CYFAR *)(CYDEV_UDB_DSI0_BASE), 1024u},
 304:Generated_Source\PSoC4/cyfitter_cfg.c **** 		};
 305:Generated_Source\PSoC4/cyfitter_cfg.c **** 
 306:Generated_Source\PSoC4/cyfitter_cfg.c **** 		uint8 CYDATA i;
 307:Generated_Source\PSoC4/cyfitter_cfg.c **** 
 308:Generated_Source\PSoC4/cyfitter_cfg.c **** 		/* Zero out critical memory blocks before beginning configuration */
 309:Generated_Source\PSoC4/cyfitter_cfg.c **** 		for (i = 0u; i < (sizeof(cfg_memset_list)/sizeof(cfg_memset_list[0])); i++)
 348              		.loc 1 309 0
 349 007c FB1D     		add	r3, r7, #7
 350 007e 0022     		mov	r2, #0
 351 0080 1A70     		strb	r2, [r3]
 352 0082 23E0     		b	.L14
 353              	.L15:
 354              	.LBB4:
 310:Generated_Source\PSoC4/cyfitter_cfg.c **** 		{
 311:Generated_Source\PSoC4/cyfitter_cfg.c **** 			const cfg_memset_t CYCODE * CYDATA ms = &cfg_memset_list[i];
 355              		.loc 1 311 0 discriminator 3
 356 0084 FB1D     		add	r3, r7, #7
 357 0086 1A78     		ldrb	r2, [r3]
 358 0088 131C     		mov	r3, r2
 359 008a 5B00     		lsl	r3, r3, #1
 360 008c 9B18     		add	r3, r3, r2
 361 008e 5B00     		lsl	r3, r3, #1
 362 0090 354A     		ldr	r2, .L16
 363 0092 9B18     		add	r3, r3, r2
 364 0094 3B60     		str	r3, [r7]
 312:Generated_Source\PSoC4/cyfitter_cfg.c **** 			CYMEMZERO(ms->address, (size_t)(uint32)(ms->size));
 365              		.loc 1 312 0 discriminator 3
 366 0096 3B68     		ldr	r3, [r7]
 367 0098 1A78     		ldrb	r2, [r3]
 368 009a 5978     		ldrb	r1, [r3, #1]
 369 009c 0902     		lsl	r1, r1, #8
ARM GAS  C:\Users\mike\AppData\Local\Temp\cc4YKHuD.s 			page 13


 370 009e 0A43     		orr	r2, r1
 371 00a0 9978     		ldrb	r1, [r3, #2]
 372 00a2 0904     		lsl	r1, r1, #16
 373 00a4 0A43     		orr	r2, r1
 374 00a6 DB78     		ldrb	r3, [r3, #3]
 375 00a8 1B06     		lsl	r3, r3, #24
 376 00aa 1343     		orr	r3, r2
 377 00ac 191C     		mov	r1, r3
 378 00ae 3B68     		ldr	r3, [r7]
 379 00b0 1A79     		ldrb	r2, [r3, #4]
 380 00b2 5B79     		ldrb	r3, [r3, #5]
 381 00b4 1B02     		lsl	r3, r3, #8
 382 00b6 1343     		orr	r3, r2
 383 00b8 9BB2     		uxth	r3, r3
 384 00ba 081C     		mov	r0, r1
 385 00bc 191C     		mov	r1, r3
 386 00be FFF7FEFF 		bl	CYMEMZERO
 387              	.LBE4:
 309:Generated_Source\PSoC4/cyfitter_cfg.c **** 		{
 388              		.loc 1 309 0 discriminator 3
 389 00c2 FB1D     		add	r3, r7, #7
 390 00c4 1A78     		ldrb	r2, [r3]
 391 00c6 FB1D     		add	r3, r7, #7
 392 00c8 0132     		add	r2, r2, #1
 393 00ca 1A70     		strb	r2, [r3]
 394              	.L14:
 309:Generated_Source\PSoC4/cyfitter_cfg.c **** 		{
 395              		.loc 1 309 0 is_stmt 0 discriminator 1
 396 00cc FB1D     		add	r3, r7, #7
 397 00ce 1B78     		ldrb	r3, [r3]
 398 00d0 012B     		cmp	r3, #1
 399 00d2 D7D9     		bls	.L15
 313:Generated_Source\PSoC4/cyfitter_cfg.c **** 		}
 314:Generated_Source\PSoC4/cyfitter_cfg.c **** 
 315:Generated_Source\PSoC4/cyfitter_cfg.c **** 		cfg_write_bytes32(cy_cfg_addr_table, cy_cfg_data_table);
 400              		.loc 1 315 0 is_stmt 1
 401 00d4 254A     		ldr	r2, .L16+4
 402 00d6 264B     		ldr	r3, .L16+8
 403 00d8 101C     		mov	r0, r2
 404 00da 191C     		mov	r1, r3
 405 00dc FFF7FEFF 		bl	cfg_write_bytes32
 316:Generated_Source\PSoC4/cyfitter_cfg.c **** 
 317:Generated_Source\PSoC4/cyfitter_cfg.c **** 		/* HSIOM Starting address: CYDEV_HSIOM_BASE */
 318:Generated_Source\PSoC4/cyfitter_cfg.c **** 		CY_SET_XTND_REG32((void CYFAR *)(CYDEV_HSIOM_BASE), 0x00003000u);
 406              		.loc 1 318 0
 407 00e0 244B     		ldr	r3, .L16+12
 408 00e2 C022     		mov	r2, #192
 409 00e4 9201     		lsl	r2, r2, #6
 410 00e6 1A60     		str	r2, [r3]
 319:Generated_Source\PSoC4/cyfitter_cfg.c **** 		CY_SET_XTND_REG32((void CYFAR *)(CYREG_HSIOM_PORT_SEL3), 0x0000EE00u);
 411              		.loc 1 319 0
 412 00e8 234B     		ldr	r3, .L16+16
 413 00ea EE22     		mov	r2, #238
 414 00ec 1202     		lsl	r2, r2, #8
 415 00ee 1A60     		str	r2, [r3]
 320:Generated_Source\PSoC4/cyfitter_cfg.c **** 
 321:Generated_Source\PSoC4/cyfitter_cfg.c **** 		/* UDB_PA_0 Starting address: CYDEV_UDB_PA0_BASE */
ARM GAS  C:\Users\mike\AppData\Local\Temp\cc4YKHuD.s 			page 14


 322:Generated_Source\PSoC4/cyfitter_cfg.c **** 		CY_SET_XTND_REG32((void CYFAR *)(CYDEV_UDB_PA0_BASE), 0x00990000u);
 416              		.loc 1 322 0
 417 00f0 224B     		ldr	r3, .L16+20
 418 00f2 9922     		mov	r2, #153
 419 00f4 1204     		lsl	r2, r2, #16
 420 00f6 1A60     		str	r2, [r3]
 323:Generated_Source\PSoC4/cyfitter_cfg.c **** 		CY_SET_XTND_REG32((void CYFAR *)(CYREG_UDB_PA0_CFG8), 0x00150000u);
 421              		.loc 1 323 0
 422 00f8 214B     		ldr	r3, .L16+24
 423 00fa A822     		mov	r2, #168
 424 00fc 5203     		lsl	r2, r2, #13
 425 00fe 1A60     		str	r2, [r3]
 324:Generated_Source\PSoC4/cyfitter_cfg.c **** 
 325:Generated_Source\PSoC4/cyfitter_cfg.c **** 		/* UDB_PA_3 Starting address: CYDEV_UDB_PA3_BASE */
 326:Generated_Source\PSoC4/cyfitter_cfg.c **** 		CY_SET_XTND_REG32((void CYFAR *)(CYDEV_UDB_PA3_BASE), 0x00990000u);
 426              		.loc 1 326 0
 427 0100 204B     		ldr	r3, .L16+28
 428 0102 9922     		mov	r2, #153
 429 0104 1204     		lsl	r2, r2, #16
 430 0106 1A60     		str	r2, [r3]
 327:Generated_Source\PSoC4/cyfitter_cfg.c **** 
 328:Generated_Source\PSoC4/cyfitter_cfg.c **** 		/* TCPWM_CNT0 Starting address: CYDEV_TCPWM_CNT0_TR_CTRL0 */
 329:Generated_Source\PSoC4/cyfitter_cfg.c **** 		CY_SET_XTND_REG32((void CYFAR *)(CYREG_TCPWM_CNT0_TR_CTRL0), 0x00010010u);
 431              		.loc 1 329 0
 432 0108 1F4B     		ldr	r3, .L16+32
 433 010a 204A     		ldr	r2, .L16+36
 434 010c 1A60     		str	r2, [r3]
 330:Generated_Source\PSoC4/cyfitter_cfg.c **** 
 331:Generated_Source\PSoC4/cyfitter_cfg.c **** 		/* Enable digital routing */
 332:Generated_Source\PSoC4/cyfitter_cfg.c **** 		CY_SET_XTND_REG8((void *)CYREG_UDB_UDBIF_BANK_CTL, CY_GET_XTND_REG8((void *)CYREG_UDB_UDBIF_BANK_
 435              		.loc 1 332 0
 436 010e 204A     		ldr	r2, .L16+40
 437 0110 1F4B     		ldr	r3, .L16+40
 438 0112 1B78     		ldrb	r3, [r3]
 439 0114 DBB2     		uxtb	r3, r3
 440 0116 0221     		mov	r1, #2
 441 0118 0B43     		orr	r3, r1
 442 011a DBB2     		uxtb	r3, r3
 443 011c 1370     		strb	r3, [r2]
 333:Generated_Source\PSoC4/cyfitter_cfg.c **** 
 334:Generated_Source\PSoC4/cyfitter_cfg.c **** 		/* Enable UDB array */
 335:Generated_Source\PSoC4/cyfitter_cfg.c **** 		CY_SET_XTND_REG8((void *)CYREG_UDB_UDBIF_WAIT_CFG, (uint8)((CY_GET_XTND_REG8((void *)CYREG_UDB_UD
 444              		.loc 1 335 0
 445 011e 1D4A     		ldr	r2, .L16+44
 446 0120 1C4B     		ldr	r3, .L16+44
 447 0122 1B78     		ldrb	r3, [r3]
 448 0124 DBB2     		uxtb	r3, r3
 449 0126 3C21     		mov	r1, #60
 450 0128 8B43     		bic	r3, r1
 451 012a DBB2     		uxtb	r3, r3
 452 012c 1421     		mov	r1, #20
 453 012e 0B43     		orr	r3, r1
 454 0130 DBB2     		uxtb	r3, r3
 455 0132 1370     		strb	r3, [r2]
 336:Generated_Source\PSoC4/cyfitter_cfg.c **** 		CY_SET_XTND_REG8((void *)CYREG_UDB_UDBIF_BANK_CTL, (uint8)(CY_GET_XTND_REG8((void *)CYREG_UDB_UDB
 456              		.loc 1 336 0
 457 0134 164A     		ldr	r2, .L16+40
ARM GAS  C:\Users\mike\AppData\Local\Temp\cc4YKHuD.s 			page 15


 458 0136 164B     		ldr	r3, .L16+40
 459 0138 1B78     		ldrb	r3, [r3]
 460 013a DBB2     		uxtb	r3, r3
 461 013c 1621     		mov	r1, #22
 462 013e 0B43     		orr	r3, r1
 463 0140 DBB2     		uxtb	r3, r3
 464 0142 1370     		strb	r3, [r2]
 465              	.LBE3:
 337:Generated_Source\PSoC4/cyfitter_cfg.c **** 	}
 338:Generated_Source\PSoC4/cyfitter_cfg.c **** 
 339:Generated_Source\PSoC4/cyfitter_cfg.c **** 	/* Perform second pass device configuration. These items must be configured in specific order afte
 340:Generated_Source\PSoC4/cyfitter_cfg.c **** 	/* IOPINS0_0 Starting address: CYDEV_PRT0_BASE */
 341:Generated_Source\PSoC4/cyfitter_cfg.c **** 	CY_SET_XTND_REG32((void CYFAR *)(CYDEV_PRT0_BASE), 0x00000008u);
 466              		.loc 1 341 0
 467 0144 144B     		ldr	r3, .L16+48
 468 0146 0822     		mov	r2, #8
 469 0148 1A60     		str	r2, [r3]
 342:Generated_Source\PSoC4/cyfitter_cfg.c **** 	CY_SET_XTND_REG32((void CYFAR *)(CYREG_PRT0_PC), 0x00000C00u);
 470              		.loc 1 342 0
 471 014a 144B     		ldr	r3, .L16+52
 472 014c C022     		mov	r2, #192
 473 014e 1201     		lsl	r2, r2, #4
 474 0150 1A60     		str	r2, [r3]
 343:Generated_Source\PSoC4/cyfitter_cfg.c **** 
 344:Generated_Source\PSoC4/cyfitter_cfg.c **** 	/* IOPINS0_3 Starting address: CYDEV_PRT3_BASE */
 345:Generated_Source\PSoC4/cyfitter_cfg.c **** 	CY_SET_XTND_REG32((void CYFAR *)(CYREG_PRT3_PC), 0x00000D80u);
 475              		.loc 1 345 0
 476 0152 134B     		ldr	r3, .L16+56
 477 0154 D822     		mov	r2, #216
 478 0156 1201     		lsl	r2, r2, #4
 479 0158 1A60     		str	r2, [r3]
 346:Generated_Source\PSoC4/cyfitter_cfg.c **** 
 347:Generated_Source\PSoC4/cyfitter_cfg.c **** 
 348:Generated_Source\PSoC4/cyfitter_cfg.c **** 	/* Setup clocks based on selections from Clock DWR */
 349:Generated_Source\PSoC4/cyfitter_cfg.c **** 	ClockSetup();
 480              		.loc 1 349 0
 481 015a FFF751FF 		bl	ClockSetup
 350:Generated_Source\PSoC4/cyfitter_cfg.c **** 
 351:Generated_Source\PSoC4/cyfitter_cfg.c **** 	/* Perform basic analog initialization to defaults */
 352:Generated_Source\PSoC4/cyfitter_cfg.c **** 	AnalogSetDefault();
 482              		.loc 1 352 0
 483 015e FFF7FEFF 		bl	AnalogSetDefault
 353:Generated_Source\PSoC4/cyfitter_cfg.c **** 
 354:Generated_Source\PSoC4/cyfitter_cfg.c **** }
 484              		.loc 1 354 0
 485 0162 BD46     		mov	sp, r7
 486 0164 02B0     		add	sp, sp, #8
 487              		@ sp needed
 488 0166 80BD     		pop	{r7, pc}
 489              	.L17:
 490              		.align	2
 491              	.L16:
 492 0168 00000000 		.word	cfg_memset_list.4711
 493 016c 0C000000 		.word	cy_cfg_addr_table.4705
 494 0170 1C000000 		.word	cy_cfg_data_table.4706
 495 0174 00000140 		.word	1073807360
 496 0178 0C000140 		.word	1073807372
ARM GAS  C:\Users\mike\AppData\Local\Temp\cc4YKHuD.s 			page 16


 497 017c 00500F40 		.word	1074745344
 498 0180 08500F40 		.word	1074745352
 499 0184 30500F40 		.word	1074745392
 500 0188 20010540 		.word	1074069792
 501 018c 10000100 		.word	65552
 502 0190 00700F40 		.word	1074753536
 503 0194 01700F40 		.word	1074753537
 504 0198 00000440 		.word	1074003968
 505 019c 08000440 		.word	1074003976
 506 01a0 08030440 		.word	1074004744
 507              		.cfi_endproc
 508              	.LFE6:
 509              		.size	cyfitter_cfg, .-cyfitter_cfg
 510              		.section	.rodata
 511              		.align	2
 512              		.type	cfg_memset_list.4711, %object
 513              		.size	cfg_memset_list.4711, 12
 514              	cfg_memset_list.4711:
 515 0000 00300F40 		.word	1074737152
 516 0004 0004     		.short	1024
 517 0006 00400F40 		.4byte	1074741248
 518 000a 0004     		.short	1024
 519              		.align	2
 520              		.type	cy_cfg_addr_table.4705, %object
 521              		.size	cy_cfg_addr_table.4705, 16
 522              	cy_cfg_addr_table.4705:
 523 000c 01330F40 		.word	1074737921
 524 0010 02400F40 		.word	1074741250
 525 0014 02410F40 		.word	1074741506
 526 0018 04430F40 		.word	1074742020
 527              		.align	2
 528              		.type	cy_cfg_data_table.4706, %object
 529              		.size	cy_cfg_data_table.4706, 18
 530              	cy_cfg_data_table.4706:
 531 001c E2       		.byte	-30
 532 001d 80       		.byte	-128
 533 001e 53       		.byte	83
 534 001f 04       		.byte	4
 535 0020 D4       		.byte	-44
 536 0021 20       		.byte	32
 537 0022 8B       		.byte	-117
 538 0023 04       		.byte	4
 539 0024 97       		.byte	-105
 540 0025 08       		.byte	8
 541 0026 19       		.byte	25
 542 0027 08       		.byte	8
 543 0028 89       		.byte	-119
 544 0029 08       		.byte	8
 545 002a C6       		.byte	-58
 546 002b 08       		.byte	8
 547 002c E2       		.byte	-30
 548 002d 01       		.byte	1
 549 002e 0000     		.text
 550              	.Letext0:
 551              		.file 2 "c:\\program files (x86)\\cypress\\psoc creator\\4.0\\psoc creator\\import\\gnu\\arm\\4.9.
 552              		.file 3 "Generated_Source\\PSoC4\\cytypes.h"
 553              		.section	.debug_info,"",%progbits
ARM GAS  C:\Users\mike\AppData\Local\Temp\cc4YKHuD.s 			page 17


 554              	.Ldebug_info0:
 555 0000 4F030000 		.4byte	0x34f
 556 0004 0400     		.2byte	0x4
 557 0006 00000000 		.4byte	.Ldebug_abbrev0
 558 000a 04       		.byte	0x4
 559 000b 01       		.uleb128 0x1
 560 000c 59010000 		.4byte	.LASF39
 561 0010 01       		.byte	0x1
 562 0011 91020000 		.4byte	.LASF40
 563 0015 59000000 		.4byte	.LASF41
 564 0019 00000000 		.4byte	.Ldebug_ranges0+0
 565 001d 00000000 		.4byte	0
 566 0021 00000000 		.4byte	.Ldebug_line0
 567 0025 02       		.uleb128 0x2
 568 0026 04       		.byte	0x4
 569 0027 05       		.byte	0x5
 570 0028 696E7400 		.ascii	"int\000"
 571 002c 03       		.uleb128 0x3
 572 002d 06000000 		.4byte	.LASF11
 573 0031 02       		.byte	0x2
 574 0032 D4       		.byte	0xd4
 575 0033 37000000 		.4byte	0x37
 576 0037 04       		.uleb128 0x4
 577 0038 04       		.byte	0x4
 578 0039 07       		.byte	0x7
 579 003a E7010000 		.4byte	.LASF0
 580 003e 04       		.uleb128 0x4
 581 003f 01       		.byte	0x1
 582 0040 06       		.byte	0x6
 583 0041 85020000 		.4byte	.LASF1
 584 0045 04       		.uleb128 0x4
 585 0046 01       		.byte	0x1
 586 0047 08       		.byte	0x8
 587 0048 01010000 		.4byte	.LASF2
 588 004c 04       		.uleb128 0x4
 589 004d 02       		.byte	0x2
 590 004e 05       		.byte	0x5
 591 004f 72020000 		.4byte	.LASF3
 592 0053 04       		.uleb128 0x4
 593 0054 02       		.byte	0x2
 594 0055 07       		.byte	0x7
 595 0056 32020000 		.4byte	.LASF4
 596 005a 04       		.uleb128 0x4
 597 005b 04       		.byte	0x4
 598 005c 05       		.byte	0x5
 599 005d 7C020000 		.4byte	.LASF5
 600 0061 04       		.uleb128 0x4
 601 0062 04       		.byte	0x4
 602 0063 07       		.byte	0x7
 603 0064 DF000000 		.4byte	.LASF6
 604 0068 04       		.uleb128 0x4
 605 0069 08       		.byte	0x8
 606 006a 05       		.byte	0x5
 607 006b 45020000 		.4byte	.LASF7
 608 006f 04       		.uleb128 0x4
 609 0070 08       		.byte	0x8
 610 0071 07       		.byte	0x7
ARM GAS  C:\Users\mike\AppData\Local\Temp\cc4YKHuD.s 			page 18


 611 0072 FC010000 		.4byte	.LASF8
 612 0076 04       		.uleb128 0x4
 613 0077 04       		.byte	0x4
 614 0078 07       		.byte	0x7
 615 0079 29020000 		.4byte	.LASF9
 616 007d 05       		.uleb128 0x5
 617 007e 04       		.byte	0x4
 618 007f 04       		.uleb128 0x4
 619 0080 01       		.byte	0x1
 620 0081 08       		.byte	0x8
 621 0082 53020000 		.4byte	.LASF10
 622 0086 03       		.uleb128 0x3
 623 0087 F1000000 		.4byte	.LASF12
 624 008b 03       		.byte	0x3
 625 008c A1       		.byte	0xa1
 626 008d 45000000 		.4byte	0x45
 627 0091 03       		.uleb128 0x3
 628 0092 40010000 		.4byte	.LASF13
 629 0096 03       		.byte	0x3
 630 0097 A2       		.byte	0xa2
 631 0098 53000000 		.4byte	0x53
 632 009c 03       		.uleb128 0x3
 633 009d 52010000 		.4byte	.LASF14
 634 00a1 03       		.byte	0x3
 635 00a2 A3       		.byte	0xa3
 636 00a3 61000000 		.4byte	0x61
 637 00a7 04       		.uleb128 0x4
 638 00a8 04       		.byte	0x4
 639 00a9 04       		.byte	0x4
 640 00aa BA000000 		.4byte	.LASF15
 641 00ae 04       		.uleb128 0x4
 642 00af 08       		.byte	0x8
 643 00b0 04       		.byte	0x4
 644 00b1 0F010000 		.4byte	.LASF16
 645 00b5 06       		.uleb128 0x6
 646 00b6 DA000000 		.4byte	.LASF17
 647 00ba 03       		.byte	0x3
 648 00bb 4B01     		.2byte	0x14b
 649 00bd C1000000 		.4byte	0xc1
 650 00c1 07       		.uleb128 0x7
 651 00c2 86000000 		.4byte	0x86
 652 00c6 06       		.uleb128 0x6
 653 00c7 00000000 		.4byte	.LASF18
 654 00cb 03       		.byte	0x3
 655 00cc 4D01     		.2byte	0x14d
 656 00ce D2000000 		.4byte	0xd2
 657 00d2 07       		.uleb128 0x7
 658 00d3 9C000000 		.4byte	0x9c
 659 00d7 08       		.uleb128 0x8
 660 00d8 02       		.byte	0x2
 661 00d9 01       		.byte	0x1
 662 00da 87       		.byte	0x87
 663 00db F8000000 		.4byte	0xf8
 664 00df 09       		.uleb128 0x9
 665 00e0 6B020000 		.4byte	.LASF19
 666 00e4 01       		.byte	0x1
 667 00e5 89       		.byte	0x89
ARM GAS  C:\Users\mike\AppData\Local\Temp\cc4YKHuD.s 			page 19


 668 00e6 86000000 		.4byte	0x86
 669 00ea 00       		.byte	0
 670 00eb 09       		.uleb128 0x9
 671 00ec 1E000000 		.4byte	.LASF20
 672 00f0 01       		.byte	0x1
 673 00f1 8A       		.byte	0x8a
 674 00f2 86000000 		.4byte	0x86
 675 00f6 01       		.byte	0x1
 676 00f7 00       		.byte	0
 677 00f8 03       		.uleb128 0x3
 678 00f9 58020000 		.4byte	.LASF21
 679 00fd 01       		.byte	0x1
 680 00fe 8B       		.byte	0x8b
 681 00ff D7000000 		.4byte	0xd7
 682 0103 0A       		.uleb128 0xa
 683 0104 F7000000 		.4byte	.LASF22
 684 0108 01       		.byte	0x1
 685 0109 3C       		.byte	0x3c
 686 010a 00000000 		.4byte	.LFB0
 687 010e 1E000000 		.4byte	.LFE0-.LFB0
 688 0112 01       		.uleb128 0x1
 689 0113 9C       		.byte	0x9c
 690 0114 31010000 		.4byte	0x131
 691 0118 0B       		.uleb128 0xb
 692 0119 7300     		.ascii	"s\000"
 693 011b 01       		.byte	0x1
 694 011c 3C       		.byte	0x3c
 695 011d 7D000000 		.4byte	0x7d
 696 0121 02       		.uleb128 0x2
 697 0122 91       		.byte	0x91
 698 0123 74       		.sleb128 -12
 699 0124 0B       		.uleb128 0xb
 700 0125 6E00     		.ascii	"n\000"
 701 0127 01       		.byte	0x1
 702 0128 3C       		.byte	0x3c
 703 0129 2C000000 		.4byte	0x2c
 704 012d 02       		.uleb128 0x2
 705 012e 91       		.byte	0x91
 706 012f 70       		.sleb128 -16
 707 0130 00       		.byte	0
 708 0131 0A       		.uleb128 0xa
 709 0132 C7020000 		.4byte	.LASF23
 710 0136 01       		.byte	0x1
 711 0137 43       		.byte	0x43
 712 0138 00000000 		.4byte	.LFB1
 713 013c 22000000 		.4byte	.LFE1-.LFB1
 714 0140 01       		.uleb128 0x1
 715 0141 9C       		.byte	0x9c
 716 0142 6F010000 		.4byte	0x16f
 717 0146 0C       		.uleb128 0xc
 718 0147 C0000000 		.4byte	.LASF24
 719 014b 01       		.byte	0x1
 720 014c 43       		.byte	0x43
 721 014d 7D000000 		.4byte	0x7d
 722 0151 02       		.uleb128 0x2
 723 0152 91       		.byte	0x91
 724 0153 74       		.sleb128 -12
ARM GAS  C:\Users\mike\AppData\Local\Temp\cc4YKHuD.s 			page 20


 725 0154 0B       		.uleb128 0xb
 726 0155 73726300 		.ascii	"src\000"
 727 0159 01       		.byte	0x1
 728 015a 43       		.byte	0x43
 729 015b 6F010000 		.4byte	0x16f
 730 015f 02       		.uleb128 0x2
 731 0160 91       		.byte	0x91
 732 0161 70       		.sleb128 -16
 733 0162 0B       		.uleb128 0xb
 734 0163 6E00     		.ascii	"n\000"
 735 0165 01       		.byte	0x1
 736 0166 43       		.byte	0x43
 737 0167 2C000000 		.4byte	0x2c
 738 016b 02       		.uleb128 0x2
 739 016c 91       		.byte	0x91
 740 016d 6C       		.sleb128 -20
 741 016e 00       		.byte	0
 742 016f 0D       		.uleb128 0xd
 743 0170 04       		.byte	0x4
 744 0171 75010000 		.4byte	0x175
 745 0175 0E       		.uleb128 0xe
 746 0176 0A       		.uleb128 0xa
 747 0177 B7020000 		.4byte	.LASF25
 748 017b 01       		.byte	0x1
 749 017c 4A       		.byte	0x4a
 750 017d 00000000 		.4byte	.LFB2
 751 0181 22000000 		.4byte	.LFE2-.LFB2
 752 0185 01       		.uleb128 0x1
 753 0186 9C       		.byte	0x9c
 754 0187 B4010000 		.4byte	0x1b4
 755 018b 0C       		.uleb128 0xc
 756 018c C0000000 		.4byte	.LASF24
 757 0190 01       		.byte	0x1
 758 0191 4A       		.byte	0x4a
 759 0192 7D000000 		.4byte	0x7d
 760 0196 02       		.uleb128 0x2
 761 0197 91       		.byte	0x91
 762 0198 74       		.sleb128 -12
 763 0199 0B       		.uleb128 0xb
 764 019a 73726300 		.ascii	"src\000"
 765 019e 01       		.byte	0x1
 766 019f 4A       		.byte	0x4a
 767 01a0 6F010000 		.4byte	0x16f
 768 01a4 02       		.uleb128 0x2
 769 01a5 91       		.byte	0x91
 770 01a6 70       		.sleb128 -16
 771 01a7 0B       		.uleb128 0xb
 772 01a8 6E00     		.ascii	"n\000"
 773 01aa 01       		.byte	0x1
 774 01ab 4A       		.byte	0x4a
 775 01ac 2C000000 		.4byte	0x2c
 776 01b0 02       		.uleb128 0x2
 777 01b1 91       		.byte	0x91
 778 01b2 6C       		.sleb128 -20
 779 01b3 00       		.byte	0
 780 01b4 0F       		.uleb128 0xf
 781 01b5 16010000 		.4byte	.LASF26
ARM GAS  C:\Users\mike\AppData\Local\Temp\cc4YKHuD.s 			page 21


 782 01b9 01       		.byte	0x1
 783 01ba 9E       		.byte	0x9e
 784 01bb 00000000 		.4byte	.LFB3
 785 01bf 80000000 		.4byte	.LFE3-.LFB3
 786 01c3 01       		.uleb128 0x1
 787 01c4 9C       		.byte	0x9c
 788 01c5 24020000 		.4byte	0x224
 789 01c9 0C       		.uleb128 0xc
 790 01ca 35010000 		.4byte	.LASF27
 791 01ce 01       		.byte	0x1
 792 01cf 9E       		.byte	0x9e
 793 01d0 24020000 		.4byte	0x224
 794 01d4 02       		.uleb128 0x2
 795 01d5 91       		.byte	0x91
 796 01d6 64       		.sleb128 -28
 797 01d7 0C       		.uleb128 0xc
 798 01d8 47010000 		.4byte	.LASF28
 799 01dc 01       		.byte	0x1
 800 01dd 9E       		.byte	0x9e
 801 01de 2F020000 		.4byte	0x22f
 802 01e2 02       		.uleb128 0x2
 803 01e3 91       		.byte	0x91
 804 01e4 60       		.sleb128 -32
 805 01e5 10       		.uleb128 0x10
 806 01e6 6900     		.ascii	"i\000"
 807 01e8 01       		.byte	0x1
 808 01e9 A1       		.byte	0xa1
 809 01ea 9C000000 		.4byte	0x9c
 810 01ee 02       		.uleb128 0x2
 811 01ef 91       		.byte	0x91
 812 01f0 74       		.sleb128 -12
 813 01f1 10       		.uleb128 0x10
 814 01f2 6A00     		.ascii	"j\000"
 815 01f4 01       		.byte	0x1
 816 01f5 A1       		.byte	0xa1
 817 01f6 9C000000 		.4byte	0x9c
 818 01fa 02       		.uleb128 0x2
 819 01fb 91       		.byte	0x91
 820 01fc 70       		.sleb128 -16
 821 01fd 11       		.uleb128 0x11
 822 01fe 14000000 		.4byte	.LBB2
 823 0202 5A000000 		.4byte	.LBE2-.LBB2
 824 0206 12       		.uleb128 0x12
 825 0207 20020000 		.4byte	.LASF29
 826 020b 01       		.byte	0x1
 827 020c A4       		.byte	0xa4
 828 020d 9C000000 		.4byte	0x9c
 829 0211 02       		.uleb128 0x2
 830 0212 91       		.byte	0x91
 831 0213 68       		.sleb128 -24
 832 0214 12       		.uleb128 0x12
 833 0215 24000000 		.4byte	.LASF30
 834 0219 01       		.byte	0x1
 835 021a A5       		.byte	0xa5
 836 021b 86000000 		.4byte	0x86
 837 021f 02       		.uleb128 0x2
 838 0220 91       		.byte	0x91
ARM GAS  C:\Users\mike\AppData\Local\Temp\cc4YKHuD.s 			page 22


 839 0221 6F       		.sleb128 -17
 840 0222 00       		.byte	0
 841 0223 00       		.byte	0
 842 0224 0D       		.uleb128 0xd
 843 0225 04       		.byte	0x4
 844 0226 2A020000 		.4byte	0x22a
 845 022a 13       		.uleb128 0x13
 846 022b 9C000000 		.4byte	0x9c
 847 022f 0D       		.uleb128 0xd
 848 0230 04       		.byte	0x4
 849 0231 35020000 		.4byte	0x235
 850 0235 13       		.uleb128 0x13
 851 0236 F8000000 		.4byte	0xf8
 852 023a 14       		.uleb128 0x14
 853 023b 2A000000 		.4byte	.LASF31
 854 023f 01       		.byte	0x1
 855 0240 C3       		.byte	0xc3
 856 0241 00000000 		.4byte	.LFB4
 857 0245 74000000 		.4byte	.LFE4-.LFB4
 858 0249 01       		.uleb128 0x1
 859 024a 9C       		.byte	0x9c
 860 024b 15       		.uleb128 0x15
 861 024c 0D000000 		.4byte	.LASF32
 862 0250 01       		.byte	0x1
 863 0251 F4       		.byte	0xf4
 864 0252 00000000 		.4byte	.LFB5
 865 0256 08000000 		.4byte	.LFE5-.LFB5
 866 025a 01       		.uleb128 0x1
 867 025b 9C       		.byte	0x9c
 868 025c 16       		.uleb128 0x16
 869 025d 28010000 		.4byte	.LASF42
 870 0261 01       		.byte	0x1
 871 0262 0C01     		.2byte	0x10c
 872 0264 74000000 		.4byte	.LFB6
 873 0268 30010000 		.4byte	.LFE6-.LFB6
 874 026c 01       		.uleb128 0x1
 875 026d 9C       		.byte	0x9c
 876 026e 28030000 		.4byte	0x328
 877 0272 11       		.uleb128 0x11
 878 0273 7C000000 		.4byte	.LBB3
 879 0277 C8000000 		.4byte	.LBE3-.LBB3
 880 027b 17       		.uleb128 0x17
 881 027c 35000000 		.4byte	.LASF33
 882 0280 01       		.byte	0x1
 883 0281 1201     		.2byte	0x112
 884 0283 38030000 		.4byte	0x338
 885 0287 05       		.uleb128 0x5
 886 0288 03       		.byte	0x3
 887 0289 0C000000 		.4byte	cy_cfg_addr_table.4705
 888 028d 17       		.uleb128 0x17
 889 028e 47000000 		.4byte	.LASF34
 890 0292 01       		.byte	0x1
 891 0293 1901     		.2byte	0x119
 892 0295 4D030000 		.4byte	0x34d
 893 0299 05       		.uleb128 0x5
 894 029a 03       		.byte	0x3
 895 029b 1C000000 		.4byte	cy_cfg_data_table.4706
ARM GAS  C:\Users\mike\AppData\Local\Temp\cc4YKHuD.s 			page 23


 896 029f 18       		.uleb128 0x18
 897 02a0 06       		.byte	0x6
 898 02a1 01       		.byte	0x1
 899 02a2 2701     		.2byte	0x127
 900 02a4 C3020000 		.4byte	0x2c3
 901 02a8 19       		.uleb128 0x19
 902 02a9 F4010000 		.4byte	.LASF35
 903 02ad 01       		.byte	0x1
 904 02ae 2801     		.2byte	0x128
 905 02b0 7D000000 		.4byte	0x7d
 906 02b4 00       		.byte	0
 907 02b5 19       		.uleb128 0x19
 908 02b6 D5000000 		.4byte	.LASF36
 909 02ba 01       		.byte	0x1
 910 02bb 2901     		.2byte	0x129
 911 02bd 91000000 		.4byte	0x91
 912 02c1 04       		.byte	0x4
 913 02c2 00       		.byte	0
 914 02c3 06       		.uleb128 0x6
 915 02c4 13020000 		.4byte	.LASF37
 916 02c8 01       		.byte	0x1
 917 02c9 2A01     		.2byte	0x12a
 918 02cb 9F020000 		.4byte	0x29f
 919 02cf 1A       		.uleb128 0x1a
 920 02d0 C3020000 		.4byte	0x2c3
 921 02d4 DF020000 		.4byte	0x2df
 922 02d8 1B       		.uleb128 0x1b
 923 02d9 76000000 		.4byte	0x76
 924 02dd 01       		.byte	0x1
 925 02de 00       		.byte	0
 926 02df 17       		.uleb128 0x17
 927 02e0 C5000000 		.4byte	.LASF38
 928 02e4 01       		.byte	0x1
 929 02e5 2C01     		.2byte	0x12c
 930 02e7 F1020000 		.4byte	0x2f1
 931 02eb 05       		.uleb128 0x5
 932 02ec 03       		.byte	0x3
 933 02ed 00000000 		.4byte	cfg_memset_list.4711
 934 02f1 13       		.uleb128 0x13
 935 02f2 CF020000 		.4byte	0x2cf
 936 02f6 1C       		.uleb128 0x1c
 937 02f7 6900     		.ascii	"i\000"
 938 02f9 01       		.byte	0x1
 939 02fa 3201     		.2byte	0x132
 940 02fc 86000000 		.4byte	0x86
 941 0300 02       		.uleb128 0x2
 942 0301 91       		.byte	0x91
 943 0302 77       		.sleb128 -9
 944 0303 11       		.uleb128 0x11
 945 0304 84000000 		.4byte	.LBB4
 946 0308 3E000000 		.4byte	.LBE4-.LBB4
 947 030c 1C       		.uleb128 0x1c
 948 030d 6D7300   		.ascii	"ms\000"
 949 0310 01       		.byte	0x1
 950 0311 3701     		.2byte	0x137
 951 0313 1A030000 		.4byte	0x31a
 952 0317 02       		.uleb128 0x2
ARM GAS  C:\Users\mike\AppData\Local\Temp\cc4YKHuD.s 			page 24


 953 0318 91       		.byte	0x91
 954 0319 70       		.sleb128 -16
 955 031a 0D       		.uleb128 0xd
 956 031b 04       		.byte	0x4
 957 031c 20030000 		.4byte	0x320
 958 0320 13       		.uleb128 0x13
 959 0321 C3020000 		.4byte	0x2c3
 960 0325 00       		.byte	0
 961 0326 00       		.byte	0
 962 0327 00       		.byte	0
 963 0328 1A       		.uleb128 0x1a
 964 0329 9C000000 		.4byte	0x9c
 965 032d 38030000 		.4byte	0x338
 966 0331 1B       		.uleb128 0x1b
 967 0332 76000000 		.4byte	0x76
 968 0336 03       		.byte	0x3
 969 0337 00       		.byte	0
 970 0338 13       		.uleb128 0x13
 971 0339 28030000 		.4byte	0x328
 972 033d 1A       		.uleb128 0x1a
 973 033e F8000000 		.4byte	0xf8
 974 0342 4D030000 		.4byte	0x34d
 975 0346 1B       		.uleb128 0x1b
 976 0347 76000000 		.4byte	0x76
 977 034b 08       		.byte	0x8
 978 034c 00       		.byte	0
 979 034d 13       		.uleb128 0x13
 980 034e 3D030000 		.4byte	0x33d
 981 0352 00       		.byte	0
 982              		.section	.debug_abbrev,"",%progbits
 983              	.Ldebug_abbrev0:
 984 0000 01       		.uleb128 0x1
 985 0001 11       		.uleb128 0x11
 986 0002 01       		.byte	0x1
 987 0003 25       		.uleb128 0x25
 988 0004 0E       		.uleb128 0xe
 989 0005 13       		.uleb128 0x13
 990 0006 0B       		.uleb128 0xb
 991 0007 03       		.uleb128 0x3
 992 0008 0E       		.uleb128 0xe
 993 0009 1B       		.uleb128 0x1b
 994 000a 0E       		.uleb128 0xe
 995 000b 55       		.uleb128 0x55
 996 000c 17       		.uleb128 0x17
 997 000d 11       		.uleb128 0x11
 998 000e 01       		.uleb128 0x1
 999 000f 10       		.uleb128 0x10
 1000 0010 17       		.uleb128 0x17
 1001 0011 00       		.byte	0
 1002 0012 00       		.byte	0
 1003 0013 02       		.uleb128 0x2
 1004 0014 24       		.uleb128 0x24
 1005 0015 00       		.byte	0
 1006 0016 0B       		.uleb128 0xb
 1007 0017 0B       		.uleb128 0xb
 1008 0018 3E       		.uleb128 0x3e
 1009 0019 0B       		.uleb128 0xb
ARM GAS  C:\Users\mike\AppData\Local\Temp\cc4YKHuD.s 			page 25


 1010 001a 03       		.uleb128 0x3
 1011 001b 08       		.uleb128 0x8
 1012 001c 00       		.byte	0
 1013 001d 00       		.byte	0
 1014 001e 03       		.uleb128 0x3
 1015 001f 16       		.uleb128 0x16
 1016 0020 00       		.byte	0
 1017 0021 03       		.uleb128 0x3
 1018 0022 0E       		.uleb128 0xe
 1019 0023 3A       		.uleb128 0x3a
 1020 0024 0B       		.uleb128 0xb
 1021 0025 3B       		.uleb128 0x3b
 1022 0026 0B       		.uleb128 0xb
 1023 0027 49       		.uleb128 0x49
 1024 0028 13       		.uleb128 0x13
 1025 0029 00       		.byte	0
 1026 002a 00       		.byte	0
 1027 002b 04       		.uleb128 0x4
 1028 002c 24       		.uleb128 0x24
 1029 002d 00       		.byte	0
 1030 002e 0B       		.uleb128 0xb
 1031 002f 0B       		.uleb128 0xb
 1032 0030 3E       		.uleb128 0x3e
 1033 0031 0B       		.uleb128 0xb
 1034 0032 03       		.uleb128 0x3
 1035 0033 0E       		.uleb128 0xe
 1036 0034 00       		.byte	0
 1037 0035 00       		.byte	0
 1038 0036 05       		.uleb128 0x5
 1039 0037 0F       		.uleb128 0xf
 1040 0038 00       		.byte	0
 1041 0039 0B       		.uleb128 0xb
 1042 003a 0B       		.uleb128 0xb
 1043 003b 00       		.byte	0
 1044 003c 00       		.byte	0
 1045 003d 06       		.uleb128 0x6
 1046 003e 16       		.uleb128 0x16
 1047 003f 00       		.byte	0
 1048 0040 03       		.uleb128 0x3
 1049 0041 0E       		.uleb128 0xe
 1050 0042 3A       		.uleb128 0x3a
 1051 0043 0B       		.uleb128 0xb
 1052 0044 3B       		.uleb128 0x3b
 1053 0045 05       		.uleb128 0x5
 1054 0046 49       		.uleb128 0x49
 1055 0047 13       		.uleb128 0x13
 1056 0048 00       		.byte	0
 1057 0049 00       		.byte	0
 1058 004a 07       		.uleb128 0x7
 1059 004b 35       		.uleb128 0x35
 1060 004c 00       		.byte	0
 1061 004d 49       		.uleb128 0x49
 1062 004e 13       		.uleb128 0x13
 1063 004f 00       		.byte	0
 1064 0050 00       		.byte	0
 1065 0051 08       		.uleb128 0x8
 1066 0052 13       		.uleb128 0x13
ARM GAS  C:\Users\mike\AppData\Local\Temp\cc4YKHuD.s 			page 26


 1067 0053 01       		.byte	0x1
 1068 0054 0B       		.uleb128 0xb
 1069 0055 0B       		.uleb128 0xb
 1070 0056 3A       		.uleb128 0x3a
 1071 0057 0B       		.uleb128 0xb
 1072 0058 3B       		.uleb128 0x3b
 1073 0059 0B       		.uleb128 0xb
 1074 005a 01       		.uleb128 0x1
 1075 005b 13       		.uleb128 0x13
 1076 005c 00       		.byte	0
 1077 005d 00       		.byte	0
 1078 005e 09       		.uleb128 0x9
 1079 005f 0D       		.uleb128 0xd
 1080 0060 00       		.byte	0
 1081 0061 03       		.uleb128 0x3
 1082 0062 0E       		.uleb128 0xe
 1083 0063 3A       		.uleb128 0x3a
 1084 0064 0B       		.uleb128 0xb
 1085 0065 3B       		.uleb128 0x3b
 1086 0066 0B       		.uleb128 0xb
 1087 0067 49       		.uleb128 0x49
 1088 0068 13       		.uleb128 0x13
 1089 0069 38       		.uleb128 0x38
 1090 006a 0B       		.uleb128 0xb
 1091 006b 00       		.byte	0
 1092 006c 00       		.byte	0
 1093 006d 0A       		.uleb128 0xa
 1094 006e 2E       		.uleb128 0x2e
 1095 006f 01       		.byte	0x1
 1096 0070 03       		.uleb128 0x3
 1097 0071 0E       		.uleb128 0xe
 1098 0072 3A       		.uleb128 0x3a
 1099 0073 0B       		.uleb128 0xb
 1100 0074 3B       		.uleb128 0x3b
 1101 0075 0B       		.uleb128 0xb
 1102 0076 27       		.uleb128 0x27
 1103 0077 19       		.uleb128 0x19
 1104 0078 11       		.uleb128 0x11
 1105 0079 01       		.uleb128 0x1
 1106 007a 12       		.uleb128 0x12
 1107 007b 06       		.uleb128 0x6
 1108 007c 40       		.uleb128 0x40
 1109 007d 18       		.uleb128 0x18
 1110 007e 9642     		.uleb128 0x2116
 1111 0080 19       		.uleb128 0x19
 1112 0081 01       		.uleb128 0x1
 1113 0082 13       		.uleb128 0x13
 1114 0083 00       		.byte	0
 1115 0084 00       		.byte	0
 1116 0085 0B       		.uleb128 0xb
 1117 0086 05       		.uleb128 0x5
 1118 0087 00       		.byte	0
 1119 0088 03       		.uleb128 0x3
 1120 0089 08       		.uleb128 0x8
 1121 008a 3A       		.uleb128 0x3a
 1122 008b 0B       		.uleb128 0xb
 1123 008c 3B       		.uleb128 0x3b
ARM GAS  C:\Users\mike\AppData\Local\Temp\cc4YKHuD.s 			page 27


 1124 008d 0B       		.uleb128 0xb
 1125 008e 49       		.uleb128 0x49
 1126 008f 13       		.uleb128 0x13
 1127 0090 02       		.uleb128 0x2
 1128 0091 18       		.uleb128 0x18
 1129 0092 00       		.byte	0
 1130 0093 00       		.byte	0
 1131 0094 0C       		.uleb128 0xc
 1132 0095 05       		.uleb128 0x5
 1133 0096 00       		.byte	0
 1134 0097 03       		.uleb128 0x3
 1135 0098 0E       		.uleb128 0xe
 1136 0099 3A       		.uleb128 0x3a
 1137 009a 0B       		.uleb128 0xb
 1138 009b 3B       		.uleb128 0x3b
 1139 009c 0B       		.uleb128 0xb
 1140 009d 49       		.uleb128 0x49
 1141 009e 13       		.uleb128 0x13
 1142 009f 02       		.uleb128 0x2
 1143 00a0 18       		.uleb128 0x18
 1144 00a1 00       		.byte	0
 1145 00a2 00       		.byte	0
 1146 00a3 0D       		.uleb128 0xd
 1147 00a4 0F       		.uleb128 0xf
 1148 00a5 00       		.byte	0
 1149 00a6 0B       		.uleb128 0xb
 1150 00a7 0B       		.uleb128 0xb
 1151 00a8 49       		.uleb128 0x49
 1152 00a9 13       		.uleb128 0x13
 1153 00aa 00       		.byte	0
 1154 00ab 00       		.byte	0
 1155 00ac 0E       		.uleb128 0xe
 1156 00ad 26       		.uleb128 0x26
 1157 00ae 00       		.byte	0
 1158 00af 00       		.byte	0
 1159 00b0 00       		.byte	0
 1160 00b1 0F       		.uleb128 0xf
 1161 00b2 2E       		.uleb128 0x2e
 1162 00b3 01       		.byte	0x1
 1163 00b4 03       		.uleb128 0x3
 1164 00b5 0E       		.uleb128 0xe
 1165 00b6 3A       		.uleb128 0x3a
 1166 00b7 0B       		.uleb128 0xb
 1167 00b8 3B       		.uleb128 0x3b
 1168 00b9 0B       		.uleb128 0xb
 1169 00ba 27       		.uleb128 0x27
 1170 00bb 19       		.uleb128 0x19
 1171 00bc 11       		.uleb128 0x11
 1172 00bd 01       		.uleb128 0x1
 1173 00be 12       		.uleb128 0x12
 1174 00bf 06       		.uleb128 0x6
 1175 00c0 40       		.uleb128 0x40
 1176 00c1 18       		.uleb128 0x18
 1177 00c2 9742     		.uleb128 0x2117
 1178 00c4 19       		.uleb128 0x19
 1179 00c5 01       		.uleb128 0x1
 1180 00c6 13       		.uleb128 0x13
ARM GAS  C:\Users\mike\AppData\Local\Temp\cc4YKHuD.s 			page 28


 1181 00c7 00       		.byte	0
 1182 00c8 00       		.byte	0
 1183 00c9 10       		.uleb128 0x10
 1184 00ca 34       		.uleb128 0x34
 1185 00cb 00       		.byte	0
 1186 00cc 03       		.uleb128 0x3
 1187 00cd 08       		.uleb128 0x8
 1188 00ce 3A       		.uleb128 0x3a
 1189 00cf 0B       		.uleb128 0xb
 1190 00d0 3B       		.uleb128 0x3b
 1191 00d1 0B       		.uleb128 0xb
 1192 00d2 49       		.uleb128 0x49
 1193 00d3 13       		.uleb128 0x13
 1194 00d4 02       		.uleb128 0x2
 1195 00d5 18       		.uleb128 0x18
 1196 00d6 00       		.byte	0
 1197 00d7 00       		.byte	0
 1198 00d8 11       		.uleb128 0x11
 1199 00d9 0B       		.uleb128 0xb
 1200 00da 01       		.byte	0x1
 1201 00db 11       		.uleb128 0x11
 1202 00dc 01       		.uleb128 0x1
 1203 00dd 12       		.uleb128 0x12
 1204 00de 06       		.uleb128 0x6
 1205 00df 00       		.byte	0
 1206 00e0 00       		.byte	0
 1207 00e1 12       		.uleb128 0x12
 1208 00e2 34       		.uleb128 0x34
 1209 00e3 00       		.byte	0
 1210 00e4 03       		.uleb128 0x3
 1211 00e5 0E       		.uleb128 0xe
 1212 00e6 3A       		.uleb128 0x3a
 1213 00e7 0B       		.uleb128 0xb
 1214 00e8 3B       		.uleb128 0x3b
 1215 00e9 0B       		.uleb128 0xb
 1216 00ea 49       		.uleb128 0x49
 1217 00eb 13       		.uleb128 0x13
 1218 00ec 02       		.uleb128 0x2
 1219 00ed 18       		.uleb128 0x18
 1220 00ee 00       		.byte	0
 1221 00ef 00       		.byte	0
 1222 00f0 13       		.uleb128 0x13
 1223 00f1 26       		.uleb128 0x26
 1224 00f2 00       		.byte	0
 1225 00f3 49       		.uleb128 0x49
 1226 00f4 13       		.uleb128 0x13
 1227 00f5 00       		.byte	0
 1228 00f6 00       		.byte	0
 1229 00f7 14       		.uleb128 0x14
 1230 00f8 2E       		.uleb128 0x2e
 1231 00f9 00       		.byte	0
 1232 00fa 03       		.uleb128 0x3
 1233 00fb 0E       		.uleb128 0xe
 1234 00fc 3A       		.uleb128 0x3a
 1235 00fd 0B       		.uleb128 0xb
 1236 00fe 3B       		.uleb128 0x3b
 1237 00ff 0B       		.uleb128 0xb
ARM GAS  C:\Users\mike\AppData\Local\Temp\cc4YKHuD.s 			page 29


 1238 0100 27       		.uleb128 0x27
 1239 0101 19       		.uleb128 0x19
 1240 0102 11       		.uleb128 0x11
 1241 0103 01       		.uleb128 0x1
 1242 0104 12       		.uleb128 0x12
 1243 0105 06       		.uleb128 0x6
 1244 0106 40       		.uleb128 0x40
 1245 0107 18       		.uleb128 0x18
 1246 0108 9642     		.uleb128 0x2116
 1247 010a 19       		.uleb128 0x19
 1248 010b 00       		.byte	0
 1249 010c 00       		.byte	0
 1250 010d 15       		.uleb128 0x15
 1251 010e 2E       		.uleb128 0x2e
 1252 010f 00       		.byte	0
 1253 0110 03       		.uleb128 0x3
 1254 0111 0E       		.uleb128 0xe
 1255 0112 3A       		.uleb128 0x3a
 1256 0113 0B       		.uleb128 0xb
 1257 0114 3B       		.uleb128 0x3b
 1258 0115 0B       		.uleb128 0xb
 1259 0116 27       		.uleb128 0x27
 1260 0117 19       		.uleb128 0x19
 1261 0118 11       		.uleb128 0x11
 1262 0119 01       		.uleb128 0x1
 1263 011a 12       		.uleb128 0x12
 1264 011b 06       		.uleb128 0x6
 1265 011c 40       		.uleb128 0x40
 1266 011d 18       		.uleb128 0x18
 1267 011e 9742     		.uleb128 0x2117
 1268 0120 19       		.uleb128 0x19
 1269 0121 00       		.byte	0
 1270 0122 00       		.byte	0
 1271 0123 16       		.uleb128 0x16
 1272 0124 2E       		.uleb128 0x2e
 1273 0125 01       		.byte	0x1
 1274 0126 3F       		.uleb128 0x3f
 1275 0127 19       		.uleb128 0x19
 1276 0128 03       		.uleb128 0x3
 1277 0129 0E       		.uleb128 0xe
 1278 012a 3A       		.uleb128 0x3a
 1279 012b 0B       		.uleb128 0xb
 1280 012c 3B       		.uleb128 0x3b
 1281 012d 05       		.uleb128 0x5
 1282 012e 27       		.uleb128 0x27
 1283 012f 19       		.uleb128 0x19
 1284 0130 11       		.uleb128 0x11
 1285 0131 01       		.uleb128 0x1
 1286 0132 12       		.uleb128 0x12
 1287 0133 06       		.uleb128 0x6
 1288 0134 40       		.uleb128 0x40
 1289 0135 18       		.uleb128 0x18
 1290 0136 9642     		.uleb128 0x2116
 1291 0138 19       		.uleb128 0x19
 1292 0139 01       		.uleb128 0x1
 1293 013a 13       		.uleb128 0x13
 1294 013b 00       		.byte	0
ARM GAS  C:\Users\mike\AppData\Local\Temp\cc4YKHuD.s 			page 30


 1295 013c 00       		.byte	0
 1296 013d 17       		.uleb128 0x17
 1297 013e 34       		.uleb128 0x34
 1298 013f 00       		.byte	0
 1299 0140 03       		.uleb128 0x3
 1300 0141 0E       		.uleb128 0xe
 1301 0142 3A       		.uleb128 0x3a
 1302 0143 0B       		.uleb128 0xb
 1303 0144 3B       		.uleb128 0x3b
 1304 0145 05       		.uleb128 0x5
 1305 0146 49       		.uleb128 0x49
 1306 0147 13       		.uleb128 0x13
 1307 0148 02       		.uleb128 0x2
 1308 0149 18       		.uleb128 0x18
 1309 014a 00       		.byte	0
 1310 014b 00       		.byte	0
 1311 014c 18       		.uleb128 0x18
 1312 014d 13       		.uleb128 0x13
 1313 014e 01       		.byte	0x1
 1314 014f 0B       		.uleb128 0xb
 1315 0150 0B       		.uleb128 0xb
 1316 0151 3A       		.uleb128 0x3a
 1317 0152 0B       		.uleb128 0xb
 1318 0153 3B       		.uleb128 0x3b
 1319 0154 05       		.uleb128 0x5
 1320 0155 01       		.uleb128 0x1
 1321 0156 13       		.uleb128 0x13
 1322 0157 00       		.byte	0
 1323 0158 00       		.byte	0
 1324 0159 19       		.uleb128 0x19
 1325 015a 0D       		.uleb128 0xd
 1326 015b 00       		.byte	0
 1327 015c 03       		.uleb128 0x3
 1328 015d 0E       		.uleb128 0xe
 1329 015e 3A       		.uleb128 0x3a
 1330 015f 0B       		.uleb128 0xb
 1331 0160 3B       		.uleb128 0x3b
 1332 0161 05       		.uleb128 0x5
 1333 0162 49       		.uleb128 0x49
 1334 0163 13       		.uleb128 0x13
 1335 0164 38       		.uleb128 0x38
 1336 0165 0B       		.uleb128 0xb
 1337 0166 00       		.byte	0
 1338 0167 00       		.byte	0
 1339 0168 1A       		.uleb128 0x1a
 1340 0169 01       		.uleb128 0x1
 1341 016a 01       		.byte	0x1
 1342 016b 49       		.uleb128 0x49
 1343 016c 13       		.uleb128 0x13
 1344 016d 01       		.uleb128 0x1
 1345 016e 13       		.uleb128 0x13
 1346 016f 00       		.byte	0
 1347 0170 00       		.byte	0
 1348 0171 1B       		.uleb128 0x1b
 1349 0172 21       		.uleb128 0x21
 1350 0173 00       		.byte	0
 1351 0174 49       		.uleb128 0x49
ARM GAS  C:\Users\mike\AppData\Local\Temp\cc4YKHuD.s 			page 31


 1352 0175 13       		.uleb128 0x13
 1353 0176 2F       		.uleb128 0x2f
 1354 0177 0B       		.uleb128 0xb
 1355 0178 00       		.byte	0
 1356 0179 00       		.byte	0
 1357 017a 1C       		.uleb128 0x1c
 1358 017b 34       		.uleb128 0x34
 1359 017c 00       		.byte	0
 1360 017d 03       		.uleb128 0x3
 1361 017e 08       		.uleb128 0x8
 1362 017f 3A       		.uleb128 0x3a
 1363 0180 0B       		.uleb128 0xb
 1364 0181 3B       		.uleb128 0x3b
 1365 0182 05       		.uleb128 0x5
 1366 0183 49       		.uleb128 0x49
 1367 0184 13       		.uleb128 0x13
 1368 0185 02       		.uleb128 0x2
 1369 0186 18       		.uleb128 0x18
 1370 0187 00       		.byte	0
 1371 0188 00       		.byte	0
 1372 0189 00       		.byte	0
 1373              		.section	.debug_aranges,"",%progbits
 1374 0000 4C000000 		.4byte	0x4c
 1375 0004 0200     		.2byte	0x2
 1376 0006 00000000 		.4byte	.Ldebug_info0
 1377 000a 04       		.byte	0x4
 1378 000b 00       		.byte	0
 1379 000c 0000     		.2byte	0
 1380 000e 0000     		.2byte	0
 1381 0010 00000000 		.4byte	.LFB0
 1382 0014 1E000000 		.4byte	.LFE0-.LFB0
 1383 0018 00000000 		.4byte	.LFB1
 1384 001c 22000000 		.4byte	.LFE1-.LFB1
 1385 0020 00000000 		.4byte	.LFB2
 1386 0024 22000000 		.4byte	.LFE2-.LFB2
 1387 0028 00000000 		.4byte	.LFB3
 1388 002c 80000000 		.4byte	.LFE3-.LFB3
 1389 0030 00000000 		.4byte	.LFB4
 1390 0034 74000000 		.4byte	.LFE4-.LFB4
 1391 0038 00000000 		.4byte	.LFB5
 1392 003c 08000000 		.4byte	.LFE5-.LFB5
 1393 0040 74000000 		.4byte	.LFB6
 1394 0044 30010000 		.4byte	.LFE6-.LFB6
 1395 0048 00000000 		.4byte	0
 1396 004c 00000000 		.4byte	0
 1397              		.section	.debug_ranges,"",%progbits
 1398              	.Ldebug_ranges0:
 1399 0000 00000000 		.4byte	.LFB0
 1400 0004 1E000000 		.4byte	.LFE0
 1401 0008 00000000 		.4byte	.LFB1
 1402 000c 22000000 		.4byte	.LFE1
 1403 0010 00000000 		.4byte	.LFB2
 1404 0014 22000000 		.4byte	.LFE2
 1405 0018 00000000 		.4byte	.LFB3
 1406 001c 80000000 		.4byte	.LFE3
 1407 0020 00000000 		.4byte	.LFB4
 1408 0024 74000000 		.4byte	.LFE4
ARM GAS  C:\Users\mike\AppData\Local\Temp\cc4YKHuD.s 			page 32


 1409 0028 00000000 		.4byte	.LFB5
 1410 002c 08000000 		.4byte	.LFE5
 1411 0030 74000000 		.4byte	.LFB6
 1412 0034 A4010000 		.4byte	.LFE6
 1413 0038 00000000 		.4byte	0
 1414 003c 00000000 		.4byte	0
 1415              		.section	.debug_line,"",%progbits
 1416              	.Ldebug_line0:
 1417 0000 89010000 		.section	.debug_str,"MS",%progbits,1
 1417      0200CB00 
 1417      00000201 
 1417      FB0E0D00 
 1417      01010101 
 1418              	.LASF18:
 1419 0000 72656733 		.ascii	"reg32\000"
 1419      3200
 1420              	.LASF11:
 1421 0006 73697A65 		.ascii	"size_t\000"
 1421      5F7400
 1422              	.LASF32:
 1423 000d 416E616C 		.ascii	"AnalogSetDefault\000"
 1423      6F675365 
 1423      74446566 
 1423      61756C74 
 1423      00
 1424              	.LASF20:
 1425 001e 76616C75 		.ascii	"value\000"
 1425      6500
 1426              	.LASF30:
 1427 0024 636F756E 		.ascii	"count\000"
 1427      7400
 1428              	.LASF31:
 1429 002a 436C6F63 		.ascii	"ClockSetup\000"
 1429      6B536574 
 1429      757000
 1430              	.LASF33:
 1431 0035 63795F63 		.ascii	"cy_cfg_addr_table\000"
 1431      66675F61 
 1431      6464725F 
 1431      7461626C 
 1431      6500
 1432              	.LASF34:
 1433 0047 63795F63 		.ascii	"cy_cfg_data_table\000"
 1433      66675F64 
 1433      6174615F 
 1433      7461626C 
 1433      6500
 1434              	.LASF41:
 1435 0059 433A5C55 		.ascii	"C:\\Users\\mike\\Clients\\Bose\\Eddie\\psoc\\CY8CKI"
 1435      73657273 
 1435      5C6D696B 
 1435      655C436C 
 1435      69656E74 
 1436 0085 542D3034 		.ascii	"T-042-examples\\PSoC4\\Blinking LED\\Blinking LED.c"
 1436      322D6578 
 1436      616D706C 
 1436      65735C50 
ARM GAS  C:\Users\mike\AppData\Local\Temp\cc4YKHuD.s 			page 33


 1436      536F4334 
 1437 00b5 7964736E 		.ascii	"ydsn\000"
 1437      00
 1438              	.LASF15:
 1439 00ba 666C6F61 		.ascii	"float\000"
 1439      7400
 1440              	.LASF24:
 1441 00c0 64657374 		.ascii	"dest\000"
 1441      00
 1442              	.LASF38:
 1443 00c5 6366675F 		.ascii	"cfg_memset_list\000"
 1443      6D656D73 
 1443      65745F6C 
 1443      69737400 
 1444              	.LASF36:
 1445 00d5 73697A65 		.ascii	"size\000"
 1445      00
 1446              	.LASF17:
 1447 00da 72656738 		.ascii	"reg8\000"
 1447      00
 1448              	.LASF6:
 1449 00df 6C6F6E67 		.ascii	"long unsigned int\000"
 1449      20756E73 
 1449      69676E65 
 1449      6420696E 
 1449      7400
 1450              	.LASF12:
 1451 00f1 75696E74 		.ascii	"uint8\000"
 1451      3800
 1452              	.LASF22:
 1453 00f7 43594D45 		.ascii	"CYMEMZERO\000"
 1453      4D5A4552 
 1453      4F00
 1454              	.LASF2:
 1455 0101 756E7369 		.ascii	"unsigned char\000"
 1455      676E6564 
 1455      20636861 
 1455      7200
 1456              	.LASF16:
 1457 010f 646F7562 		.ascii	"double\000"
 1457      6C6500
 1458              	.LASF26:
 1459 0116 6366675F 		.ascii	"cfg_write_bytes32\000"
 1459      77726974 
 1459      655F6279 
 1459      74657333 
 1459      3200
 1460              	.LASF42:
 1461 0128 63796669 		.ascii	"cyfitter_cfg\000"
 1461      74746572 
 1461      5F636667 
 1461      00
 1462              	.LASF27:
 1463 0135 61646472 		.ascii	"addr_table\000"
 1463      5F746162 
 1463      6C6500
 1464              	.LASF13:
ARM GAS  C:\Users\mike\AppData\Local\Temp\cc4YKHuD.s 			page 34


 1465 0140 75696E74 		.ascii	"uint16\000"
 1465      313600
 1466              	.LASF28:
 1467 0147 64617461 		.ascii	"data_table\000"
 1467      5F746162 
 1467      6C6500
 1468              	.LASF14:
 1469 0152 75696E74 		.ascii	"uint32\000"
 1469      333200
 1470              	.LASF39:
 1471 0159 474E5520 		.ascii	"GNU C 4.9.3 20150303 (release) [ARM/embedded-4_9-br"
 1471      4320342E 
 1471      392E3320 
 1471      32303135 
 1471      30333033 
 1472 018c 616E6368 		.ascii	"anch revision 221220] -mcpu=cortex-m0 -mthumb -g -O"
 1472      20726576 
 1472      6973696F 
 1472      6E203232 
 1472      31323230 
 1473 01bf 30202D66 		.ascii	"0 -ffunction-sections -ffat-lto-objects\000"
 1473      66756E63 
 1473      74696F6E 
 1473      2D736563 
 1473      74696F6E 
 1474              	.LASF0:
 1475 01e7 756E7369 		.ascii	"unsigned int\000"
 1475      676E6564 
 1475      20696E74 
 1475      00
 1476              	.LASF35:
 1477 01f4 61646472 		.ascii	"address\000"
 1477      65737300 
 1478              	.LASF8:
 1479 01fc 6C6F6E67 		.ascii	"long long unsigned int\000"
 1479      206C6F6E 
 1479      6720756E 
 1479      7369676E 
 1479      65642069 
 1480              	.LASF37:
 1481 0213 6366675F 		.ascii	"cfg_memset_t\000"
 1481      6D656D73 
 1481      65745F74 
 1481      00
 1482              	.LASF29:
 1483 0220 62617365 		.ascii	"baseAddr\000"
 1483      41646472 
 1483      00
 1484              	.LASF9:
 1485 0229 73697A65 		.ascii	"sizetype\000"
 1485      74797065 
 1485      00
 1486              	.LASF4:
 1487 0232 73686F72 		.ascii	"short unsigned int\000"
 1487      7420756E 
 1487      7369676E 
 1487      65642069 
ARM GAS  C:\Users\mike\AppData\Local\Temp\cc4YKHuD.s 			page 35


 1487      6E7400
 1488              	.LASF7:
 1489 0245 6C6F6E67 		.ascii	"long long int\000"
 1489      206C6F6E 
 1489      6720696E 
 1489      7400
 1490              	.LASF10:
 1491 0253 63686172 		.ascii	"char\000"
 1491      00
 1492              	.LASF21:
 1493 0258 63795F63 		.ascii	"cy_cfg_addrvalue_t\000"
 1493      66675F61 
 1493      64647276 
 1493      616C7565 
 1493      5F7400
 1494              	.LASF19:
 1495 026b 6F666673 		.ascii	"offset\000"
 1495      657400
 1496              	.LASF3:
 1497 0272 73686F72 		.ascii	"short int\000"
 1497      7420696E 
 1497      7400
 1498              	.LASF5:
 1499 027c 6C6F6E67 		.ascii	"long int\000"
 1499      20696E74 
 1499      00
 1500              	.LASF1:
 1501 0285 7369676E 		.ascii	"signed char\000"
 1501      65642063 
 1501      68617200 
 1502              	.LASF40:
 1503 0291 47656E65 		.ascii	"Generated_Source\\PSoC4\\cyfitter_cfg.c\000"
 1503      72617465 
 1503      645F536F 
 1503      75726365 
 1503      5C50536F 
 1504              	.LASF25:
 1505 02b7 4359434F 		.ascii	"CYCONFIGCPYCODE\000"
 1505      4E464947 
 1505      43505943 
 1505      4F444500 
 1506              	.LASF23:
 1507 02c7 4359434F 		.ascii	"CYCONFIGCPY\000"
 1507      4E464947 
 1507      43505900 
 1508              		.ident	"GCC: (GNU Tools for ARM Embedded Processors) 4.9.3 20150303 (release) [ARM/embedded-4_9-br
