ARM GAS  C:\Users\MM1005~1\AppData\Local\Temp\ccBafKpe.s 			page 1


   1              		.cpu cortex-m0
   2              		.fpu softvfp
   3              		.eabi_attribute 20, 1
   4              		.eabi_attribute 21, 1
   5              		.eabi_attribute 23, 3
   6              		.eabi_attribute 24, 1
   7              		.eabi_attribute 25, 1
   8              		.eabi_attribute 26, 1
   9              		.eabi_attribute 30, 6
  10              		.eabi_attribute 34, 0
  11              		.eabi_attribute 18, 4
  12              		.code	16
  13              		.file	"Cm0Start.c"
  14              		.text
  15              	.Ltext0:
  16              		.cfi_sections	.debug_frame
  17              		.section	.noinit,"aw",%progbits
  18              		.align	2
  19              		.type	cySysNoInitDataValid, %object
  20              		.size	cySysNoInitDataValid, 4
  21              	cySysNoInitDataValid:
  22 0000 00000000 		.space	4
  23              		.section	.text.IntDefaultHandler,"ax",%progbits
  24              		.align	2
  25              		.global	IntDefaultHandler
  26              		.code	16
  27              		.thumb_func
  28              		.type	IntDefaultHandler, %function
  29              	IntDefaultHandler:
  30              	.LFB0:
  31              		.file 1 "Generated_Source\\PSoC4\\Cm0Start.c"
   1:Generated_Source\PSoC4/Cm0Start.c **** /***************************************************************************//**
   2:Generated_Source\PSoC4/Cm0Start.c **** * \file Cm0Start.c
   3:Generated_Source\PSoC4/Cm0Start.c **** * \version 5.50
   4:Generated_Source\PSoC4/Cm0Start.c **** *
   5:Generated_Source\PSoC4/Cm0Start.c **** * \brief Startup code for the ARM CM0.
   6:Generated_Source\PSoC4/Cm0Start.c **** *
   7:Generated_Source\PSoC4/Cm0Start.c **** ********************************************************************************
   8:Generated_Source\PSoC4/Cm0Start.c **** * \copyright
   9:Generated_Source\PSoC4/Cm0Start.c **** * Copyright 2010-2016, Cypress Semiconductor Corporation.  All rights reserved.
  10:Generated_Source\PSoC4/Cm0Start.c **** * You may use this file only in accordance with the license, terms, conditions,
  11:Generated_Source\PSoC4/Cm0Start.c **** * disclaimers, and limitations in the end user license agreement accompanying
  12:Generated_Source\PSoC4/Cm0Start.c **** * the software package with which this file was provided.
  13:Generated_Source\PSoC4/Cm0Start.c **** *******************************************************************************/
  14:Generated_Source\PSoC4/Cm0Start.c **** 
  15:Generated_Source\PSoC4/Cm0Start.c **** #include <limits.h>
  16:Generated_Source\PSoC4/Cm0Start.c **** #include "cydevice_trm.h"
  17:Generated_Source\PSoC4/Cm0Start.c **** #include "cytypes.h"
  18:Generated_Source\PSoC4/Cm0Start.c **** #include "cyfitter_cfg.h"
  19:Generated_Source\PSoC4/Cm0Start.c **** #include "CyLib.h"
  20:Generated_Source\PSoC4/Cm0Start.c **** #include "cyfitter.h"
  21:Generated_Source\PSoC4/Cm0Start.c **** #include "cyapicallbacks.h"
  22:Generated_Source\PSoC4/Cm0Start.c **** 
  23:Generated_Source\PSoC4/Cm0Start.c **** #define CY_NUM_VECTORS              (CY_INT_IRQ_BASE + CY_NUM_INTERRUPTS)
  24:Generated_Source\PSoC4/Cm0Start.c **** 
  25:Generated_Source\PSoC4/Cm0Start.c **** #if (CY_IP_CPUSS_CM0)
  26:Generated_Source\PSoC4/Cm0Start.c ****     #define CY_CPUSS_CONFIG_VECT_IN_RAM (( uint32 ) 0x01)
ARM GAS  C:\Users\MM1005~1\AppData\Local\Temp\ccBafKpe.s 			page 2


  27:Generated_Source\PSoC4/Cm0Start.c **** #endif /* (CY_IP_CPUSS_CM0) */
  28:Generated_Source\PSoC4/Cm0Start.c **** 
  29:Generated_Source\PSoC4/Cm0Start.c **** 
  30:Generated_Source\PSoC4/Cm0Start.c **** #if (CY_IP_CPUSS_CM0)
  31:Generated_Source\PSoC4/Cm0Start.c ****     /* CPUSS Configuration register */
  32:Generated_Source\PSoC4/Cm0Start.c ****     #define CY_CPUSS_CONFIG_REG         (*(reg32 *) CYREG_CPUSS_CONFIG)
  33:Generated_Source\PSoC4/Cm0Start.c ****     #define CY_CPUSS_CONFIG_PTR         ( (reg32 *) CYREG_CPUSS_CONFIG)
  34:Generated_Source\PSoC4/Cm0Start.c **** #endif /* (CY_IP_CPUSS_CM0) */
  35:Generated_Source\PSoC4/Cm0Start.c **** 
  36:Generated_Source\PSoC4/Cm0Start.c **** 
  37:Generated_Source\PSoC4/Cm0Start.c **** #if defined (__ICCARM__)
  38:Generated_Source\PSoC4/Cm0Start.c ****     #define CY_NUM_ROM_VECTORS      (CY_NUM_VECTORS)
  39:Generated_Source\PSoC4/Cm0Start.c **** #else
  40:Generated_Source\PSoC4/Cm0Start.c ****     #define CY_NUM_ROM_VECTORS      (4u)
  41:Generated_Source\PSoC4/Cm0Start.c **** #endif  /* defined (__ICCARM__) */
  42:Generated_Source\PSoC4/Cm0Start.c **** 
  43:Generated_Source\PSoC4/Cm0Start.c **** /* Vector table address in SRAM */
  44:Generated_Source\PSoC4/Cm0Start.c **** #define CY_CPUSS_CONFIG_VECT_ADDR_IN_RAM    (0x20000000u)
  45:Generated_Source\PSoC4/Cm0Start.c **** 
  46:Generated_Source\PSoC4/Cm0Start.c **** #ifndef CY_SYS_INITIAL_STACK_POINTER
  47:Generated_Source\PSoC4/Cm0Start.c **** 
  48:Generated_Source\PSoC4/Cm0Start.c ****     #if defined(__ARMCC_VERSION)
  49:Generated_Source\PSoC4/Cm0Start.c ****         #define CY_SYS_INITIAL_STACK_POINTER ((cyisraddress)(uint32)&Image$$ARM_LIB_STACK$$ZI$$Limi
  50:Generated_Source\PSoC4/Cm0Start.c ****     #elif defined (__GNUC__)
  51:Generated_Source\PSoC4/Cm0Start.c ****         #define CY_SYS_INITIAL_STACK_POINTER (&__cy_stack)
  52:Generated_Source\PSoC4/Cm0Start.c ****     #elif defined (__ICCARM__)
  53:Generated_Source\PSoC4/Cm0Start.c ****         #pragma language=extended
  54:Generated_Source\PSoC4/Cm0Start.c ****         #pragma segment="CSTACK"
  55:Generated_Source\PSoC4/Cm0Start.c ****         #define CY_SYS_INITIAL_STACK_POINTER  { .__ptr = __sfe( "CSTACK" ) }
  56:Generated_Source\PSoC4/Cm0Start.c **** 
  57:Generated_Source\PSoC4/Cm0Start.c ****         extern void __iar_program_start( void );
  58:Generated_Source\PSoC4/Cm0Start.c ****         extern void __iar_data_init3 (void);
  59:Generated_Source\PSoC4/Cm0Start.c ****     #endif  /* (__ARMCC_VERSION) */
  60:Generated_Source\PSoC4/Cm0Start.c **** 
  61:Generated_Source\PSoC4/Cm0Start.c **** #endif /* CY_SYS_INITIAL_STACK_POINTER */
  62:Generated_Source\PSoC4/Cm0Start.c **** 
  63:Generated_Source\PSoC4/Cm0Start.c **** 
  64:Generated_Source\PSoC4/Cm0Start.c **** #if defined(__GNUC__)
  65:Generated_Source\PSoC4/Cm0Start.c ****     #include <errno.h>
  66:Generated_Source\PSoC4/Cm0Start.c ****     extern int  errno;
  67:Generated_Source\PSoC4/Cm0Start.c ****     extern int  end;
  68:Generated_Source\PSoC4/Cm0Start.c **** #endif  /* defined(__GNUC__) */
  69:Generated_Source\PSoC4/Cm0Start.c **** 
  70:Generated_Source\PSoC4/Cm0Start.c **** /* Extern functions */
  71:Generated_Source\PSoC4/Cm0Start.c **** extern void CyBtldr_CheckLaunch(void);
  72:Generated_Source\PSoC4/Cm0Start.c **** 
  73:Generated_Source\PSoC4/Cm0Start.c **** /* Function prototypes */
  74:Generated_Source\PSoC4/Cm0Start.c **** void initialize_psoc(void);
  75:Generated_Source\PSoC4/Cm0Start.c **** 
  76:Generated_Source\PSoC4/Cm0Start.c **** /* Global variables */
  77:Generated_Source\PSoC4/Cm0Start.c **** #if !defined (__ICCARM__)
  78:Generated_Source\PSoC4/Cm0Start.c ****     CY_NOINIT static uint32 cySysNoInitDataValid;
  79:Generated_Source\PSoC4/Cm0Start.c **** #endif  /* !defined (__ICCARM__) */
  80:Generated_Source\PSoC4/Cm0Start.c **** 
  81:Generated_Source\PSoC4/Cm0Start.c **** 
  82:Generated_Source\PSoC4/Cm0Start.c **** #if (CYDEV_PROJ_TYPE != CYDEV_PROJ_TYPE_STANDARD)
  83:Generated_Source\PSoC4/Cm0Start.c **** 
ARM GAS  C:\Users\MM1005~1\AppData\Local\Temp\ccBafKpe.s 			page 3


  84:Generated_Source\PSoC4/Cm0Start.c ****     /*******************************************************************************
  85:Generated_Source\PSoC4/Cm0Start.c ****     This variable is used by the Bootloader/Bootloadable components to schedule
  86:Generated_Source\PSoC4/Cm0Start.c ****     what application will be started after a software reset.
  87:Generated_Source\PSoC4/Cm0Start.c ****     *******************************************************************************/
  88:Generated_Source\PSoC4/Cm0Start.c ****     #if (__ARMCC_VERSION)
  89:Generated_Source\PSoC4/Cm0Start.c ****         __attribute__ ((section(".bootloaderruntype"), zero_init))
  90:Generated_Source\PSoC4/Cm0Start.c ****     #elif defined (__GNUC__)
  91:Generated_Source\PSoC4/Cm0Start.c ****         __attribute__ ((section(".bootloaderruntype")))
  92:Generated_Source\PSoC4/Cm0Start.c ****     #elif defined (__ICCARM__)
  93:Generated_Source\PSoC4/Cm0Start.c ****         #pragma location=".bootloaderruntype"
  94:Generated_Source\PSoC4/Cm0Start.c ****     #endif /* (__ARMCC_VERSION) */
  95:Generated_Source\PSoC4/Cm0Start.c ****     volatile uint32 cyBtldrRunType;
  96:Generated_Source\PSoC4/Cm0Start.c **** 
  97:Generated_Source\PSoC4/Cm0Start.c **** #endif  /* (CYDEV_PROJ_TYPE != CYDEV_PROJ_TYPE_STANDARD) */
  98:Generated_Source\PSoC4/Cm0Start.c **** 
  99:Generated_Source\PSoC4/Cm0Start.c **** 
 100:Generated_Source\PSoC4/Cm0Start.c **** /*******************************************************************************
 101:Generated_Source\PSoC4/Cm0Start.c **** * Function Name: IntDefaultHandler
 102:Generated_Source\PSoC4/Cm0Start.c **** ****************************************************************************//**
 103:Generated_Source\PSoC4/Cm0Start.c **** *
 104:Generated_Source\PSoC4/Cm0Start.c **** *  This function is called for all interrupts, other than a reset that is called
 105:Generated_Source\PSoC4/Cm0Start.c **** *  before the system is setup.
 106:Generated_Source\PSoC4/Cm0Start.c **** *
 107:Generated_Source\PSoC4/Cm0Start.c **** *******************************************************************************/
 108:Generated_Source\PSoC4/Cm0Start.c **** CY_NORETURN
 109:Generated_Source\PSoC4/Cm0Start.c **** CY_ISR(IntDefaultHandler)
 110:Generated_Source\PSoC4/Cm0Start.c **** {
  32              		.loc 1 110 0
  33              		.cfi_startproc
  34 0000 80B5     		push	{r7, lr}
  35              		.cfi_def_cfa_offset 8
  36              		.cfi_offset 7, -8
  37              		.cfi_offset 14, -4
  38 0002 00AF     		add	r7, sp, #0
  39              		.cfi_def_cfa_register 7
 111:Generated_Source\PSoC4/Cm0Start.c ****     /***************************************************************************
 112:Generated_Source\PSoC4/Cm0Start.c ****     * We must not get here. If we do, a serious problem occurs, so go into
 113:Generated_Source\PSoC4/Cm0Start.c ****     * an infinite loop.
 114:Generated_Source\PSoC4/Cm0Start.c ****     ***************************************************************************/
 115:Generated_Source\PSoC4/Cm0Start.c **** 
 116:Generated_Source\PSoC4/Cm0Start.c ****     #if defined(__GNUC__)
 117:Generated_Source\PSoC4/Cm0Start.c ****         if (errno == ENOMEM)
  40              		.loc 1 117 0
  41 0004 FFF7FEFF 		bl	__errno
  42 0008 031C     		mov	r3, r0
  43 000a 1B68     		ldr	r3, [r3]
  44 000c 0C2B     		cmp	r3, #12
  45 000e 00D1     		bne	.L2
  46              	.L3:
 118:Generated_Source\PSoC4/Cm0Start.c ****         {
 119:Generated_Source\PSoC4/Cm0Start.c ****             #ifdef CY_BOOT_INT_DEFAULT_HANDLER_ENOMEM_EXCEPTION_CALLBACK
 120:Generated_Source\PSoC4/Cm0Start.c ****                 CyBoot_IntDefaultHandler_Enomem_Exception_Callback();
 121:Generated_Source\PSoC4/Cm0Start.c ****             #endif /* CY_BOOT_INT_DEFAULT_HANDLER_ENOMEM_EXCEPTION_CALLBACK */
 122:Generated_Source\PSoC4/Cm0Start.c ****             
 123:Generated_Source\PSoC4/Cm0Start.c ****             while(1)
 124:Generated_Source\PSoC4/Cm0Start.c ****             {
 125:Generated_Source\PSoC4/Cm0Start.c ****                 /* Out Of Heap Space
ARM GAS  C:\Users\MM1005~1\AppData\Local\Temp\ccBafKpe.s 			page 4


 126:Generated_Source\PSoC4/Cm0Start.c ****                  * This can be increased in the System tab of the Design Wide Resources.
 127:Generated_Source\PSoC4/Cm0Start.c ****                  */
 128:Generated_Source\PSoC4/Cm0Start.c ****             }
  47              		.loc 1 128 0 discriminator 1
  48 0010 FEE7     		b	.L3
  49              	.L2:
 129:Generated_Source\PSoC4/Cm0Start.c ****         }
 130:Generated_Source\PSoC4/Cm0Start.c ****         else
 131:Generated_Source\PSoC4/Cm0Start.c ****     #endif
 132:Generated_Source\PSoC4/Cm0Start.c ****         {
 133:Generated_Source\PSoC4/Cm0Start.c ****             #ifdef CY_BOOT_INT_DEFAULT_HANDLER_EXCEPTION_ENTRY_CALLBACK
 134:Generated_Source\PSoC4/Cm0Start.c ****                 CyBoot_IntDefaultHandler_Exception_EntryCallback();
 135:Generated_Source\PSoC4/Cm0Start.c ****             #endif /* CY_BOOT_INT_DEFAULT_HANDLER_EXCEPTION_ENTRY_CALLBACK */
 136:Generated_Source\PSoC4/Cm0Start.c **** 
 137:Generated_Source\PSoC4/Cm0Start.c ****             while(1)
 138:Generated_Source\PSoC4/Cm0Start.c ****             {
 139:Generated_Source\PSoC4/Cm0Start.c **** 
 140:Generated_Source\PSoC4/Cm0Start.c ****             }
  50              		.loc 1 140 0 discriminator 2
  51 0012 FEE7     		b	.L2
  52              		.cfi_endproc
  53              	.LFE0:
  54              		.size	IntDefaultHandler, .-IntDefaultHandler
  55              		.section	.text._exit,"ax",%progbits
  56              		.align	2
  57              		.weak	_exit
  58              		.code	16
  59              		.thumb_func
  60              		.type	_exit, %function
  61              	_exit:
  62              	.LFB1:
 141:Generated_Source\PSoC4/Cm0Start.c ****         }
 142:Generated_Source\PSoC4/Cm0Start.c **** }
 143:Generated_Source\PSoC4/Cm0Start.c **** 
 144:Generated_Source\PSoC4/Cm0Start.c **** #if defined(__ARMCC_VERSION)
 145:Generated_Source\PSoC4/Cm0Start.c **** 
 146:Generated_Source\PSoC4/Cm0Start.c **** /* Local function for device reset. */
 147:Generated_Source\PSoC4/Cm0Start.c **** extern void Reset(void);
 148:Generated_Source\PSoC4/Cm0Start.c **** 
 149:Generated_Source\PSoC4/Cm0Start.c **** /* Application entry point. */
 150:Generated_Source\PSoC4/Cm0Start.c **** extern void $Super$$main(void);
 151:Generated_Source\PSoC4/Cm0Start.c **** 
 152:Generated_Source\PSoC4/Cm0Start.c **** /* Linker-generated Stack Base addresses, Two Region and One Region */
 153:Generated_Source\PSoC4/Cm0Start.c **** extern unsigned long Image$$ARM_LIB_STACK$$ZI$$Limit;
 154:Generated_Source\PSoC4/Cm0Start.c **** 
 155:Generated_Source\PSoC4/Cm0Start.c **** /* RealView C Library initialization. */
 156:Generated_Source\PSoC4/Cm0Start.c **** extern int __main(void);
 157:Generated_Source\PSoC4/Cm0Start.c **** 
 158:Generated_Source\PSoC4/Cm0Start.c **** 
 159:Generated_Source\PSoC4/Cm0Start.c **** /*******************************************************************************
 160:Generated_Source\PSoC4/Cm0Start.c **** * Function Name: Reset
 161:Generated_Source\PSoC4/Cm0Start.c **** ****************************************************************************//**
 162:Generated_Source\PSoC4/Cm0Start.c **** *
 163:Generated_Source\PSoC4/Cm0Start.c **** * This function handles the reset interrupt for the MDK toolchains.
 164:Generated_Source\PSoC4/Cm0Start.c **** * This is the first bit of code that is executed at startup.
 165:Generated_Source\PSoC4/Cm0Start.c **** *
 166:Generated_Source\PSoC4/Cm0Start.c **** *******************************************************************************/
ARM GAS  C:\Users\MM1005~1\AppData\Local\Temp\ccBafKpe.s 			page 5


 167:Generated_Source\PSoC4/Cm0Start.c **** void Reset(void)
 168:Generated_Source\PSoC4/Cm0Start.c **** {
 169:Generated_Source\PSoC4/Cm0Start.c ****     #if (CYDEV_PROJ_TYPE == CYDEV_PROJ_TYPE_LOADABLE || CYDEV_PROJ_TYPE == CYDEV_PROJ_TYPE_LOADABLE
 170:Generated_Source\PSoC4/Cm0Start.c ****         /* The bootloadable application image is started at Reset() handler
 171:Generated_Source\PSoC4/Cm0Start.c ****         * as a result of a branch instruction execution from the bootloader.
 172:Generated_Source\PSoC4/Cm0Start.c ****         * So, the stack pointer needs to be reset to be sure that
 173:Generated_Source\PSoC4/Cm0Start.c ****         * there is no garbage in the stack.
 174:Generated_Source\PSoC4/Cm0Start.c ****         */
 175:Generated_Source\PSoC4/Cm0Start.c ****         register uint32_t msp __asm("msp");
 176:Generated_Source\PSoC4/Cm0Start.c ****         msp = (uint32_t)&Image$$ARM_LIB_STACK$$ZI$$Limit;
 177:Generated_Source\PSoC4/Cm0Start.c ****     #endif /*(CYDEV_PROJ_TYPE == CYDEV_PROJ_TYPE_LOADABLE || CYDEV_PROJ_TYPE == CYDEV_PROJ_TYPE_LOA
 178:Generated_Source\PSoC4/Cm0Start.c **** 
 179:Generated_Source\PSoC4/Cm0Start.c ****     #if(CY_IP_SRSSLT)
 180:Generated_Source\PSoC4/Cm0Start.c ****         CySysWdtDisable();
 181:Generated_Source\PSoC4/Cm0Start.c ****     #endif  /* (CY_IP_SRSSLT) */
 182:Generated_Source\PSoC4/Cm0Start.c **** 
 183:Generated_Source\PSoC4/Cm0Start.c ****     #if ((CYDEV_BOOTLOADER_ENABLE) && (CYDEV_PROJ_TYPE != CYDEV_PROJ_TYPE_LOADABLEANDBOOTLOADER))
 184:Generated_Source\PSoC4/Cm0Start.c ****         CyBtldr_CheckLaunch();
 185:Generated_Source\PSoC4/Cm0Start.c ****     #endif /* ((CYDEV_BOOTLOADER_ENABLE) && (CYDEV_PROJ_TYPE != CYDEV_PROJ_TYPE_LOADABLEANDBOOTLOAD
 186:Generated_Source\PSoC4/Cm0Start.c **** 
 187:Generated_Source\PSoC4/Cm0Start.c ****     __main();
 188:Generated_Source\PSoC4/Cm0Start.c **** }
 189:Generated_Source\PSoC4/Cm0Start.c **** 
 190:Generated_Source\PSoC4/Cm0Start.c **** /*******************************************************************************
 191:Generated_Source\PSoC4/Cm0Start.c **** * Function Name: $Sub$$main
 192:Generated_Source\PSoC4/Cm0Start.c **** ****************************************************************************//**
 193:Generated_Source\PSoC4/Cm0Start.c **** *
 194:Generated_Source\PSoC4/Cm0Start.c **** * This function is called immediately before the users main
 195:Generated_Source\PSoC4/Cm0Start.c **** *
 196:Generated_Source\PSoC4/Cm0Start.c **** *******************************************************************************/
 197:Generated_Source\PSoC4/Cm0Start.c **** __attribute__ ((noreturn, __noinline__))
 198:Generated_Source\PSoC4/Cm0Start.c **** void $Sub$$main(void)
 199:Generated_Source\PSoC4/Cm0Start.c **** {
 200:Generated_Source\PSoC4/Cm0Start.c ****     initialize_psoc();
 201:Generated_Source\PSoC4/Cm0Start.c **** 
 202:Generated_Source\PSoC4/Cm0Start.c ****     /* Call original main */
 203:Generated_Source\PSoC4/Cm0Start.c ****     $Super$$main();
 204:Generated_Source\PSoC4/Cm0Start.c **** 
 205:Generated_Source\PSoC4/Cm0Start.c ****     while (1)
 206:Generated_Source\PSoC4/Cm0Start.c ****     {
 207:Generated_Source\PSoC4/Cm0Start.c ****         /* If main returns it is undefined what we should do. */
 208:Generated_Source\PSoC4/Cm0Start.c ****     }
 209:Generated_Source\PSoC4/Cm0Start.c **** }
 210:Generated_Source\PSoC4/Cm0Start.c **** 
 211:Generated_Source\PSoC4/Cm0Start.c **** #elif defined(__GNUC__)
 212:Generated_Source\PSoC4/Cm0Start.c **** 
 213:Generated_Source\PSoC4/Cm0Start.c **** /* Stack Base address */
 214:Generated_Source\PSoC4/Cm0Start.c **** extern void __cy_stack(void);
 215:Generated_Source\PSoC4/Cm0Start.c **** 
 216:Generated_Source\PSoC4/Cm0Start.c **** /* Application entry point. */
 217:Generated_Source\PSoC4/Cm0Start.c **** extern int main(void);
 218:Generated_Source\PSoC4/Cm0Start.c **** 
 219:Generated_Source\PSoC4/Cm0Start.c **** /* The static objects constructors initializer */
 220:Generated_Source\PSoC4/Cm0Start.c **** extern void __libc_init_array(void);
 221:Generated_Source\PSoC4/Cm0Start.c **** 
 222:Generated_Source\PSoC4/Cm0Start.c **** typedef unsigned char __cy_byte_align8 __attribute ((aligned (8)));
 223:Generated_Source\PSoC4/Cm0Start.c **** 
ARM GAS  C:\Users\MM1005~1\AppData\Local\Temp\ccBafKpe.s 			page 6


 224:Generated_Source\PSoC4/Cm0Start.c **** struct __cy_region
 225:Generated_Source\PSoC4/Cm0Start.c **** {
 226:Generated_Source\PSoC4/Cm0Start.c ****     __cy_byte_align8 *init; /* Initial contents of this region.  */
 227:Generated_Source\PSoC4/Cm0Start.c ****     __cy_byte_align8 *data; /* Start address of region.  */
 228:Generated_Source\PSoC4/Cm0Start.c ****     size_t init_size;       /* Size of initial data.  */
 229:Generated_Source\PSoC4/Cm0Start.c ****     size_t zero_size;       /* Additional size to be zeroed.  */
 230:Generated_Source\PSoC4/Cm0Start.c **** };
 231:Generated_Source\PSoC4/Cm0Start.c **** 
 232:Generated_Source\PSoC4/Cm0Start.c **** extern const struct __cy_region __cy_regions[];
 233:Generated_Source\PSoC4/Cm0Start.c **** extern const char __cy_region_num __attribute__((weak));
 234:Generated_Source\PSoC4/Cm0Start.c **** #define __cy_region_num ((size_t)&__cy_region_num)
 235:Generated_Source\PSoC4/Cm0Start.c **** 
 236:Generated_Source\PSoC4/Cm0Start.c **** 
 237:Generated_Source\PSoC4/Cm0Start.c **** /*******************************************************************************
 238:Generated_Source\PSoC4/Cm0Start.c **** * System Calls of the Red Hat newlib C Library
 239:Generated_Source\PSoC4/Cm0Start.c **** *******************************************************************************/
 240:Generated_Source\PSoC4/Cm0Start.c **** 
 241:Generated_Source\PSoC4/Cm0Start.c **** 
 242:Generated_Source\PSoC4/Cm0Start.c **** /*******************************************************************************
 243:Generated_Source\PSoC4/Cm0Start.c **** * Function Name: _exit
 244:Generated_Source\PSoC4/Cm0Start.c **** ****************************************************************************//**
 245:Generated_Source\PSoC4/Cm0Start.c **** *
 246:Generated_Source\PSoC4/Cm0Start.c **** * Exit a program without cleaning up files. If your system doesn't provide
 247:Generated_Source\PSoC4/Cm0Start.c **** * this, it is best to avoid linking with subroutines that require it (exit,
 248:Generated_Source\PSoC4/Cm0Start.c **** * system).
 249:Generated_Source\PSoC4/Cm0Start.c **** *
 250:Generated_Source\PSoC4/Cm0Start.c **** * \param status: Status caused program exit.
 251:Generated_Source\PSoC4/Cm0Start.c **** *
 252:Generated_Source\PSoC4/Cm0Start.c **** *******************************************************************************/
 253:Generated_Source\PSoC4/Cm0Start.c **** __attribute__((weak))
 254:Generated_Source\PSoC4/Cm0Start.c **** void _exit(int status)
 255:Generated_Source\PSoC4/Cm0Start.c **** {
  63              		.loc 1 255 0
  64              		.cfi_startproc
  65 0000 80B5     		push	{r7, lr}
  66              		.cfi_def_cfa_offset 8
  67              		.cfi_offset 7, -8
  68              		.cfi_offset 14, -4
  69 0002 82B0     		sub	sp, sp, #8
  70              		.cfi_def_cfa_offset 16
  71 0004 00AF     		add	r7, sp, #0
  72              		.cfi_def_cfa_register 7
  73 0006 7860     		str	r0, [r7, #4]
 256:Generated_Source\PSoC4/Cm0Start.c ****     CyHalt((uint8) status);
  74              		.loc 1 256 0
  75 0008 7B68     		ldr	r3, [r7, #4]
  76 000a DBB2     		uxtb	r3, r3
  77 000c 181C     		mov	r0, r3
  78 000e FFF7FEFF 		bl	CyHalt
  79              	.L5:
 257:Generated_Source\PSoC4/Cm0Start.c **** 
 258:Generated_Source\PSoC4/Cm0Start.c ****     while(1)
 259:Generated_Source\PSoC4/Cm0Start.c ****     {
 260:Generated_Source\PSoC4/Cm0Start.c **** 
 261:Generated_Source\PSoC4/Cm0Start.c ****     }
  80              		.loc 1 261 0 discriminator 1
  81 0012 FEE7     		b	.L5
ARM GAS  C:\Users\MM1005~1\AppData\Local\Temp\ccBafKpe.s 			page 7


  82              		.cfi_endproc
  83              	.LFE1:
  84              		.size	_exit, .-_exit
  85              		.section	.text._sbrk,"ax",%progbits
  86              		.align	2
  87              		.weak	_sbrk
  88              		.code	16
  89              		.thumb_func
  90              		.type	_sbrk, %function
  91              	_sbrk:
  92              	.LFB2:
 262:Generated_Source\PSoC4/Cm0Start.c **** }
 263:Generated_Source\PSoC4/Cm0Start.c **** 
 264:Generated_Source\PSoC4/Cm0Start.c **** 
 265:Generated_Source\PSoC4/Cm0Start.c **** /*******************************************************************************
 266:Generated_Source\PSoC4/Cm0Start.c **** * Function Name: _sbrk
 267:Generated_Source\PSoC4/Cm0Start.c **** ****************************************************************************//**
 268:Generated_Source\PSoC4/Cm0Start.c **** *
 269:Generated_Source\PSoC4/Cm0Start.c **** * Increase program data space. As malloc and related functions depend on this,
 270:Generated_Source\PSoC4/Cm0Start.c **** * it is useful to have a working implementation. The following suffices for a
 271:Generated_Source\PSoC4/Cm0Start.c **** * standalone system; it exploits the symbol end automatically defined by the
 272:Generated_Source\PSoC4/Cm0Start.c **** * GNU linker.
 273:Generated_Source\PSoC4/Cm0Start.c **** *
 274:Generated_Source\PSoC4/Cm0Start.c **** * \param nbytes: The number of bytes requested (if the parameter value is positive)
 275:Generated_Source\PSoC4/Cm0Start.c **** * from the heap or returned back to the heap (if the parameter value is
 276:Generated_Source\PSoC4/Cm0Start.c **** * negative).
 277:Generated_Source\PSoC4/Cm0Start.c **** *
 278:Generated_Source\PSoC4/Cm0Start.c **** *******************************************************************************/
 279:Generated_Source\PSoC4/Cm0Start.c **** __attribute__((weak))
 280:Generated_Source\PSoC4/Cm0Start.c **** void * _sbrk (int nbytes)
 281:Generated_Source\PSoC4/Cm0Start.c **** {
  93              		.loc 1 281 0
  94              		.cfi_startproc
  95 0000 80B5     		push	{r7, lr}
  96              		.cfi_def_cfa_offset 8
  97              		.cfi_offset 7, -8
  98              		.cfi_offset 14, -4
  99 0002 84B0     		sub	sp, sp, #16
 100              		.cfi_def_cfa_offset 24
 101 0004 00AF     		add	r7, sp, #0
 102              		.cfi_def_cfa_register 7
 103 0006 7860     		str	r0, [r7, #4]
 282:Generated_Source\PSoC4/Cm0Start.c ****     extern int  end;            /* Symbol defined by linker map. Start of free memory (as symbol). 
 283:Generated_Source\PSoC4/Cm0Start.c ****     void *      returnValue;
 284:Generated_Source\PSoC4/Cm0Start.c **** 
 285:Generated_Source\PSoC4/Cm0Start.c ****     /* The statically held previous end of the heap, with its initialization. */
 286:Generated_Source\PSoC4/Cm0Start.c ****     static void *heapPointer = (void *) &end;                 /* Previous end */
 287:Generated_Source\PSoC4/Cm0Start.c **** 
 288:Generated_Source\PSoC4/Cm0Start.c ****     if (((heapPointer + nbytes) - (void *) &end) <= CYDEV_HEAP_SIZE)
 104              		.loc 1 288 0
 105 0008 0F4B     		ldr	r3, .L10
 106 000a 1A68     		ldr	r2, [r3]
 107 000c 7B68     		ldr	r3, [r7, #4]
 108 000e D318     		add	r3, r2, r3
 109 0010 1A1C     		mov	r2, r3
 110 0012 0E4B     		ldr	r3, .L10+4
 111 0014 D31A     		sub	r3, r2, r3
ARM GAS  C:\Users\MM1005~1\AppData\Local\Temp\ccBafKpe.s 			page 8


 112 0016 802B     		cmp	r3, #128
 113 0018 09DC     		bgt	.L7
 289:Generated_Source\PSoC4/Cm0Start.c ****     {
 290:Generated_Source\PSoC4/Cm0Start.c ****         returnValue  = heapPointer;
 114              		.loc 1 290 0
 115 001a 0B4B     		ldr	r3, .L10
 116 001c 1B68     		ldr	r3, [r3]
 117 001e FB60     		str	r3, [r7, #12]
 291:Generated_Source\PSoC4/Cm0Start.c ****         heapPointer += nbytes;
 118              		.loc 1 291 0
 119 0020 094B     		ldr	r3, .L10
 120 0022 1A68     		ldr	r2, [r3]
 121 0024 7B68     		ldr	r3, [r7, #4]
 122 0026 D218     		add	r2, r2, r3
 123 0028 074B     		ldr	r3, .L10
 124 002a 1A60     		str	r2, [r3]
 125 002c 07E0     		b	.L8
 126              	.L7:
 292:Generated_Source\PSoC4/Cm0Start.c ****     }
 293:Generated_Source\PSoC4/Cm0Start.c ****     else
 294:Generated_Source\PSoC4/Cm0Start.c ****     {
 295:Generated_Source\PSoC4/Cm0Start.c ****         errno = ENOMEM;
 127              		.loc 1 295 0
 128 002e FFF7FEFF 		bl	__errno
 129 0032 031C     		mov	r3, r0
 130 0034 0C22     		mov	r2, #12
 131 0036 1A60     		str	r2, [r3]
 296:Generated_Source\PSoC4/Cm0Start.c ****         returnValue = (void *) -1;
 132              		.loc 1 296 0
 133 0038 0123     		mov	r3, #1
 134 003a 5B42     		neg	r3, r3
 135 003c FB60     		str	r3, [r7, #12]
 136              	.L8:
 297:Generated_Source\PSoC4/Cm0Start.c ****     }
 298:Generated_Source\PSoC4/Cm0Start.c **** 
 299:Generated_Source\PSoC4/Cm0Start.c ****     return (returnValue);
 137              		.loc 1 299 0
 138 003e FB68     		ldr	r3, [r7, #12]
 300:Generated_Source\PSoC4/Cm0Start.c **** }
 139              		.loc 1 300 0
 140 0040 181C     		mov	r0, r3
 141 0042 BD46     		mov	sp, r7
 142 0044 04B0     		add	sp, sp, #16
 143              		@ sp needed
 144 0046 80BD     		pop	{r7, pc}
 145              	.L11:
 146              		.align	2
 147              	.L10:
 148 0048 00000000 		.word	heapPointer.4723
 149 004c 00000000 		.word	end
 150              		.cfi_endproc
 151              	.LFE2:
 152              		.size	_sbrk, .-_sbrk
 153              		.section	.text.Start_c,"ax",%progbits
 154              		.align	2
 155              		.global	Start_c
 156              		.code	16
ARM GAS  C:\Users\MM1005~1\AppData\Local\Temp\ccBafKpe.s 			page 9


 157              		.thumb_func
 158              		.type	Start_c, %function
 159              	Start_c:
 160              	.LFB3:
 301:Generated_Source\PSoC4/Cm0Start.c **** 
 302:Generated_Source\PSoC4/Cm0Start.c **** 
 303:Generated_Source\PSoC4/Cm0Start.c **** /*******************************************************************************
 304:Generated_Source\PSoC4/Cm0Start.c **** * Function Name: Start_c
 305:Generated_Source\PSoC4/Cm0Start.c **** ****************************************************************************//**
 306:Generated_Source\PSoC4/Cm0Start.c **** *
 307:Generated_Source\PSoC4/Cm0Start.c **** * This function handles initializing the .data and .bss sections in
 308:Generated_Source\PSoC4/Cm0Start.c **** * preparation for running the standard c code.  Once initialization is complete
 309:Generated_Source\PSoC4/Cm0Start.c **** * it will call main().  This function will never return.
 310:Generated_Source\PSoC4/Cm0Start.c **** *
 311:Generated_Source\PSoC4/Cm0Start.c **** *******************************************************************************/
 312:Generated_Source\PSoC4/Cm0Start.c **** void Start_c(void)  __attribute__ ((noreturn, noinline));
 313:Generated_Source\PSoC4/Cm0Start.c **** void Start_c(void)
 314:Generated_Source\PSoC4/Cm0Start.c **** {
 161              		.loc 1 314 0
 162              		.cfi_startproc
 163 0000 80B5     		push	{r7, lr}
 164              		.cfi_def_cfa_offset 8
 165              		.cfi_offset 7, -8
 166              		.cfi_offset 14, -4
 167 0002 86B0     		sub	sp, sp, #24
 168              		.cfi_def_cfa_offset 32
 169 0004 00AF     		add	r7, sp, #0
 170              		.cfi_def_cfa_register 7
 315:Generated_Source\PSoC4/Cm0Start.c ****     #ifdef CY_BOOT_START_C_CALLBACK
 316:Generated_Source\PSoC4/Cm0Start.c ****         CyBoot_Start_c_Callback();
 317:Generated_Source\PSoC4/Cm0Start.c ****     #else
 318:Generated_Source\PSoC4/Cm0Start.c ****         unsigned regions = __cy_region_num;
 171              		.loc 1 318 0
 172 0006 224B     		ldr	r3, .L20
 173 0008 7B61     		str	r3, [r7, #20]
 319:Generated_Source\PSoC4/Cm0Start.c ****         const struct __cy_region *rptr = __cy_regions;
 174              		.loc 1 319 0
 175 000a 224B     		ldr	r3, .L20+4
 176 000c 3B61     		str	r3, [r7, #16]
 320:Generated_Source\PSoC4/Cm0Start.c **** 
 321:Generated_Source\PSoC4/Cm0Start.c ****         /* Initialize memory */
 322:Generated_Source\PSoC4/Cm0Start.c ****         for (regions = __cy_region_num; regions != 0u; regions--)
 177              		.loc 1 322 0
 178 000e 204B     		ldr	r3, .L20
 179 0010 7B61     		str	r3, [r7, #20]
 180 0012 35E0     		b	.L13
 181              	.L18:
 182              	.LBB2:
 323:Generated_Source\PSoC4/Cm0Start.c ****         {
 324:Generated_Source\PSoC4/Cm0Start.c ****             uint32 *src = (uint32 *)rptr->init;
 183              		.loc 1 324 0
 184 0014 3B69     		ldr	r3, [r7, #16]
 185 0016 1B68     		ldr	r3, [r3]
 186 0018 FB60     		str	r3, [r7, #12]
 325:Generated_Source\PSoC4/Cm0Start.c ****             uint32 *dst = (uint32 *)rptr->data;
 187              		.loc 1 325 0
 188 001a 3B69     		ldr	r3, [r7, #16]
ARM GAS  C:\Users\MM1005~1\AppData\Local\Temp\ccBafKpe.s 			page 10


 189 001c 5B68     		ldr	r3, [r3, #4]
 190 001e BB60     		str	r3, [r7, #8]
 326:Generated_Source\PSoC4/Cm0Start.c ****             unsigned limit = rptr->init_size;
 191              		.loc 1 326 0
 192 0020 3B69     		ldr	r3, [r7, #16]
 193 0022 9B68     		ldr	r3, [r3, #8]
 194 0024 3B60     		str	r3, [r7]
 327:Generated_Source\PSoC4/Cm0Start.c ****             unsigned count;
 328:Generated_Source\PSoC4/Cm0Start.c **** 
 329:Generated_Source\PSoC4/Cm0Start.c ****             for (count = 0u; count != limit; count += sizeof (uint32))
 195              		.loc 1 329 0
 196 0026 0023     		mov	r3, #0
 197 0028 7B60     		str	r3, [r7, #4]
 198 002a 0CE0     		b	.L14
 199              	.L15:
 330:Generated_Source\PSoC4/Cm0Start.c ****             {
 331:Generated_Source\PSoC4/Cm0Start.c ****                 *dst = *src;
 200              		.loc 1 331 0 discriminator 3
 201 002c FB68     		ldr	r3, [r7, #12]
 202 002e 1A68     		ldr	r2, [r3]
 203 0030 BB68     		ldr	r3, [r7, #8]
 204 0032 1A60     		str	r2, [r3]
 332:Generated_Source\PSoC4/Cm0Start.c ****                 dst++;
 205              		.loc 1 332 0 discriminator 3
 206 0034 BB68     		ldr	r3, [r7, #8]
 207 0036 0433     		add	r3, r3, #4
 208 0038 BB60     		str	r3, [r7, #8]
 333:Generated_Source\PSoC4/Cm0Start.c ****                 src++;
 209              		.loc 1 333 0 discriminator 3
 210 003a FB68     		ldr	r3, [r7, #12]
 211 003c 0433     		add	r3, r3, #4
 212 003e FB60     		str	r3, [r7, #12]
 329:Generated_Source\PSoC4/Cm0Start.c ****             {
 213              		.loc 1 329 0 discriminator 3
 214 0040 7B68     		ldr	r3, [r7, #4]
 215 0042 0433     		add	r3, r3, #4
 216 0044 7B60     		str	r3, [r7, #4]
 217              	.L14:
 329:Generated_Source\PSoC4/Cm0Start.c ****             {
 218              		.loc 1 329 0 is_stmt 0 discriminator 1
 219 0046 7A68     		ldr	r2, [r7, #4]
 220 0048 3B68     		ldr	r3, [r7]
 221 004a 9A42     		cmp	r2, r3
 222 004c EED1     		bne	.L15
 334:Generated_Source\PSoC4/Cm0Start.c ****             }
 335:Generated_Source\PSoC4/Cm0Start.c ****             limit = rptr->zero_size;
 223              		.loc 1 335 0 is_stmt 1
 224 004e 3B69     		ldr	r3, [r7, #16]
 225 0050 DB68     		ldr	r3, [r3, #12]
 226 0052 3B60     		str	r3, [r7]
 336:Generated_Source\PSoC4/Cm0Start.c ****             for (count = 0u; count != limit; count += sizeof (uint32))
 227              		.loc 1 336 0
 228 0054 0023     		mov	r3, #0
 229 0056 7B60     		str	r3, [r7, #4]
 230 0058 08E0     		b	.L16
 231              	.L17:
 337:Generated_Source\PSoC4/Cm0Start.c ****             {
ARM GAS  C:\Users\MM1005~1\AppData\Local\Temp\ccBafKpe.s 			page 11


 338:Generated_Source\PSoC4/Cm0Start.c ****                 *dst = 0u;
 232              		.loc 1 338 0 discriminator 3
 233 005a BB68     		ldr	r3, [r7, #8]
 234 005c 0022     		mov	r2, #0
 235 005e 1A60     		str	r2, [r3]
 339:Generated_Source\PSoC4/Cm0Start.c ****                 dst++;
 236              		.loc 1 339 0 discriminator 3
 237 0060 BB68     		ldr	r3, [r7, #8]
 238 0062 0433     		add	r3, r3, #4
 239 0064 BB60     		str	r3, [r7, #8]
 336:Generated_Source\PSoC4/Cm0Start.c ****             for (count = 0u; count != limit; count += sizeof (uint32))
 240              		.loc 1 336 0 discriminator 3
 241 0066 7B68     		ldr	r3, [r7, #4]
 242 0068 0433     		add	r3, r3, #4
 243 006a 7B60     		str	r3, [r7, #4]
 244              	.L16:
 336:Generated_Source\PSoC4/Cm0Start.c ****             for (count = 0u; count != limit; count += sizeof (uint32))
 245              		.loc 1 336 0 is_stmt 0 discriminator 1
 246 006c 7A68     		ldr	r2, [r7, #4]
 247 006e 3B68     		ldr	r3, [r7]
 248 0070 9A42     		cmp	r2, r3
 249 0072 F2D1     		bne	.L17
 340:Generated_Source\PSoC4/Cm0Start.c ****             }
 341:Generated_Source\PSoC4/Cm0Start.c **** 
 342:Generated_Source\PSoC4/Cm0Start.c ****             rptr++;
 250              		.loc 1 342 0 is_stmt 1 discriminator 2
 251 0074 3B69     		ldr	r3, [r7, #16]
 252 0076 1033     		add	r3, r3, #16
 253 0078 3B61     		str	r3, [r7, #16]
 254              	.LBE2:
 322:Generated_Source\PSoC4/Cm0Start.c ****         {
 255              		.loc 1 322 0 discriminator 2
 256 007a 7B69     		ldr	r3, [r7, #20]
 257 007c 013B     		sub	r3, r3, #1
 258 007e 7B61     		str	r3, [r7, #20]
 259              	.L13:
 322:Generated_Source\PSoC4/Cm0Start.c ****         {
 260              		.loc 1 322 0 is_stmt 0 discriminator 1
 261 0080 7B69     		ldr	r3, [r7, #20]
 262 0082 002B     		cmp	r3, #0
 263 0084 C6D1     		bne	.L18
 343:Generated_Source\PSoC4/Cm0Start.c ****         }
 344:Generated_Source\PSoC4/Cm0Start.c **** 
 345:Generated_Source\PSoC4/Cm0Start.c ****         /* Invoke static objects constructors */
 346:Generated_Source\PSoC4/Cm0Start.c ****         __libc_init_array();
 264              		.loc 1 346 0 is_stmt 1
 265 0086 FFF7FEFF 		bl	__libc_init_array
 347:Generated_Source\PSoC4/Cm0Start.c ****         (void) main();
 266              		.loc 1 347 0
 267 008a FFF7FEFF 		bl	main
 268              	.L19:
 348:Generated_Source\PSoC4/Cm0Start.c **** 
 349:Generated_Source\PSoC4/Cm0Start.c ****         while (1)
 350:Generated_Source\PSoC4/Cm0Start.c ****         {
 351:Generated_Source\PSoC4/Cm0Start.c ****             /* If main returns, make sure we don't return. */
 352:Generated_Source\PSoC4/Cm0Start.c ****         }
 269              		.loc 1 352 0 discriminator 1
ARM GAS  C:\Users\MM1005~1\AppData\Local\Temp\ccBafKpe.s 			page 12


 270 008e FEE7     		b	.L19
 271              	.L21:
 272              		.align	2
 273              	.L20:
 274 0090 00000000 		.word	__cy_region_num
 275 0094 00000000 		.word	__cy_regions
 276              		.cfi_endproc
 277              	.LFE3:
 278              		.size	Start_c, .-Start_c
 279              		.section	.text.Reset,"ax",%progbits
 280              		.align	2
 281              		.global	Reset
 282              		.code	16
 283              		.thumb_func
 284              		.type	Reset, %function
 285              	Reset:
 286              	.LFB4:
 353:Generated_Source\PSoC4/Cm0Start.c **** 
 354:Generated_Source\PSoC4/Cm0Start.c ****     #endif /* CY_BOOT_START_C_CALLBACK */
 355:Generated_Source\PSoC4/Cm0Start.c **** }
 356:Generated_Source\PSoC4/Cm0Start.c **** 
 357:Generated_Source\PSoC4/Cm0Start.c **** 
 358:Generated_Source\PSoC4/Cm0Start.c **** /*******************************************************************************
 359:Generated_Source\PSoC4/Cm0Start.c **** * Function Name: Reset
 360:Generated_Source\PSoC4/Cm0Start.c **** ****************************************************************************//**
 361:Generated_Source\PSoC4/Cm0Start.c **** *
 362:Generated_Source\PSoC4/Cm0Start.c **** * This function handles the reset interrupt for the GCC toolchain.  This is
 363:Generated_Source\PSoC4/Cm0Start.c **** * the first bit of code that is executed at startup.
 364:Generated_Source\PSoC4/Cm0Start.c **** *
 365:Generated_Source\PSoC4/Cm0Start.c **** *******************************************************************************/
 366:Generated_Source\PSoC4/Cm0Start.c **** void Reset(void)
 367:Generated_Source\PSoC4/Cm0Start.c **** {
 287              		.loc 1 367 0
 288              		.cfi_startproc
 289 0000 80B5     		push	{r7, lr}
 290              		.cfi_def_cfa_offset 8
 291              		.cfi_offset 7, -8
 292              		.cfi_offset 14, -4
 293 0002 00AF     		add	r7, sp, #0
 294              		.cfi_def_cfa_register 7
 368:Generated_Source\PSoC4/Cm0Start.c ****     #if (CYDEV_PROJ_TYPE == CYDEV_PROJ_TYPE_LOADABLE || CYDEV_PROJ_TYPE == CYDEV_PROJ_TYPE_LOADABLE
 369:Generated_Source\PSoC4/Cm0Start.c **** 
 370:Generated_Source\PSoC4/Cm0Start.c ****         /* The bootloadable application image is started at Reset() handler
 371:Generated_Source\PSoC4/Cm0Start.c ****         * as a result of a branch instruction execution from the bootloader.
 372:Generated_Source\PSoC4/Cm0Start.c ****         * So, the stack pointer needs to be reset to be sure that
 373:Generated_Source\PSoC4/Cm0Start.c ****         * there is no garbage in the stack.
 374:Generated_Source\PSoC4/Cm0Start.c ****         */
 375:Generated_Source\PSoC4/Cm0Start.c ****         __asm volatile ("MSR msp, %0\n" : : "r" ((uint32)&__cy_stack) : "sp");
 376:Generated_Source\PSoC4/Cm0Start.c ****     #endif /* CYDEV_PROJ_TYPE_LOADABLE */
 377:Generated_Source\PSoC4/Cm0Start.c **** 
 378:Generated_Source\PSoC4/Cm0Start.c ****     #if(CY_IP_SRSSLT)
 379:Generated_Source\PSoC4/Cm0Start.c ****         CySysWdtDisable();
 380:Generated_Source\PSoC4/Cm0Start.c ****     #endif  /* (CY_IP_SRSSLT) */
 381:Generated_Source\PSoC4/Cm0Start.c **** 
 382:Generated_Source\PSoC4/Cm0Start.c ****     #if ((CYDEV_BOOTLOADER_ENABLE) && (CYDEV_PROJ_TYPE != CYDEV_PROJ_TYPE_LOADABLEANDBOOTLOADER))
 383:Generated_Source\PSoC4/Cm0Start.c ****         CyBtldr_CheckLaunch();
 384:Generated_Source\PSoC4/Cm0Start.c ****     #endif /* ((CYDEV_BOOTLOADER_ENABLE) && (CYDEV_PROJ_TYPE != CYDEV_PROJ_TYPE_LOADABLEANDBOOTLOAD
ARM GAS  C:\Users\MM1005~1\AppData\Local\Temp\ccBafKpe.s 			page 13


 385:Generated_Source\PSoC4/Cm0Start.c ****     Start_c();
 295              		.loc 1 385 0
 296 0004 FFF7FEFF 		bl	Start_c
 297              		.cfi_endproc
 298              	.LFE4:
 299              		.size	Reset, .-Reset
 300              		.global	CyRamVectors
 301              		.section	.ramvectors,"aw",%progbits
 302              		.align	2
 303              		.type	CyRamVectors, %object
 304              		.size	CyRamVectors, 192
 305              	CyRamVectors:
 306 0000 00000000 		.space	192
 306      00000000 
 306      00000000 
 306      00000000 
 306      00000000 
 307              		.global	RomVectors
 308              		.section	.romvectors,"a",%progbits
 309              		.align	2
 310              		.type	RomVectors, %object
 311              		.size	RomVectors, 16
 312              	RomVectors:
 313 0000 00000000 		.word	__cy_stack
 314 0004 00000000 		.word	Reset
 315 0008 00000000 		.word	IntDefaultHandler
 316 000c 00000000 		.word	IntDefaultHandler
 317              		.section	.text.initialize_psoc,"ax",%progbits
 318              		.align	2
 319              		.global	initialize_psoc
 320              		.code	16
 321              		.thumb_func
 322              		.type	initialize_psoc, %function
 323              	initialize_psoc:
 324              	.LFB5:
 386:Generated_Source\PSoC4/Cm0Start.c **** }
 387:Generated_Source\PSoC4/Cm0Start.c **** 
 388:Generated_Source\PSoC4/Cm0Start.c **** #elif defined (__ICCARM__)
 389:Generated_Source\PSoC4/Cm0Start.c **** 
 390:Generated_Source\PSoC4/Cm0Start.c **** 
 391:Generated_Source\PSoC4/Cm0Start.c **** /*******************************************************************************
 392:Generated_Source\PSoC4/Cm0Start.c **** * Function Name: __low_level_init
 393:Generated_Source\PSoC4/Cm0Start.c **** ****************************************************************************//**
 394:Generated_Source\PSoC4/Cm0Start.c **** *
 395:Generated_Source\PSoC4/Cm0Start.c **** * This function performs early initializations for the IAR Embedded
 396:Generated_Source\PSoC4/Cm0Start.c **** * Workbench IDE. It is executed in the context of reset interrupt handler
 397:Generated_Source\PSoC4/Cm0Start.c **** * before the data sections are initialized.
 398:Generated_Source\PSoC4/Cm0Start.c **** *
 399:Generated_Source\PSoC4/Cm0Start.c **** * \return The value that determines whether or not data sections should be
 400:Generated_Source\PSoC4/Cm0Start.c **** * initialized by the system startup code:
 401:Generated_Source\PSoC4/Cm0Start.c **** *    0 - skip data sections initialization;
 402:Generated_Source\PSoC4/Cm0Start.c **** *    1 - initialize data sections;
 403:Generated_Source\PSoC4/Cm0Start.c **** *
 404:Generated_Source\PSoC4/Cm0Start.c **** *******************************************************************************/
 405:Generated_Source\PSoC4/Cm0Start.c **** #pragma inline = never
 406:Generated_Source\PSoC4/Cm0Start.c **** int __low_level_init(void)
 407:Generated_Source\PSoC4/Cm0Start.c **** {
ARM GAS  C:\Users\MM1005~1\AppData\Local\Temp\ccBafKpe.s 			page 14


 408:Generated_Source\PSoC4/Cm0Start.c ****     #if(CY_IP_SRSSLT)
 409:Generated_Source\PSoC4/Cm0Start.c ****         CySysWdtDisable();
 410:Generated_Source\PSoC4/Cm0Start.c ****     #endif  /* (CY_IP_SRSSLT) */
 411:Generated_Source\PSoC4/Cm0Start.c **** 
 412:Generated_Source\PSoC4/Cm0Start.c **** #if ((CYDEV_BOOTLOADER_ENABLE) && (CYDEV_PROJ_TYPE != CYDEV_PROJ_TYPE_LOADABLEANDBOOTLOADER))
 413:Generated_Source\PSoC4/Cm0Start.c ****     CyBtldr_CheckLaunch();
 414:Generated_Source\PSoC4/Cm0Start.c **** #endif /* ((CYDEV_BOOTLOADER_ENABLE) && (CYDEV_PROJ_TYPE != CYDEV_PROJ_TYPE_LOADABLEANDBOOTLOADER))
 415:Generated_Source\PSoC4/Cm0Start.c **** 
 416:Generated_Source\PSoC4/Cm0Start.c ****     /* Initialize data sections */
 417:Generated_Source\PSoC4/Cm0Start.c ****     __iar_data_init3();
 418:Generated_Source\PSoC4/Cm0Start.c **** 
 419:Generated_Source\PSoC4/Cm0Start.c ****     initialize_psoc();
 420:Generated_Source\PSoC4/Cm0Start.c **** 
 421:Generated_Source\PSoC4/Cm0Start.c ****     return 0;
 422:Generated_Source\PSoC4/Cm0Start.c **** }
 423:Generated_Source\PSoC4/Cm0Start.c **** 
 424:Generated_Source\PSoC4/Cm0Start.c **** #endif /* __GNUC__ */
 425:Generated_Source\PSoC4/Cm0Start.c **** 
 426:Generated_Source\PSoC4/Cm0Start.c **** 
 427:Generated_Source\PSoC4/Cm0Start.c **** /*******************************************************************************
 428:Generated_Source\PSoC4/Cm0Start.c **** * Ram Interrupt Vector table storage area. Must be placed at 0x20000000.
 429:Generated_Source\PSoC4/Cm0Start.c **** *******************************************************************************/
 430:Generated_Source\PSoC4/Cm0Start.c **** 
 431:Generated_Source\PSoC4/Cm0Start.c **** #if defined (__ICCARM__)
 432:Generated_Source\PSoC4/Cm0Start.c ****     #pragma location=".ramvectors"
 433:Generated_Source\PSoC4/Cm0Start.c **** #elif defined (__ARMCC_VERSION)
 434:Generated_Source\PSoC4/Cm0Start.c ****     #ifndef CY_SYS_RAM_VECTOR_SECTION
 435:Generated_Source\PSoC4/Cm0Start.c ****         #define CY_SYS_RAM_VECTOR_SECTION __attribute__((section(".ramvectors"), zero_init))
 436:Generated_Source\PSoC4/Cm0Start.c ****     #endif /* CY_SYS_RAM_VECTOR_SECTION */
 437:Generated_Source\PSoC4/Cm0Start.c ****     CY_SYS_RAM_VECTOR_SECTION    
 438:Generated_Source\PSoC4/Cm0Start.c **** #else
 439:Generated_Source\PSoC4/Cm0Start.c ****     #ifndef CY_SYS_RAM_VECTOR_SECTION
 440:Generated_Source\PSoC4/Cm0Start.c ****         #define CY_SYS_RAM_VECTOR_SECTION CY_SECTION(".ramvectors")
 441:Generated_Source\PSoC4/Cm0Start.c ****     #endif /* CY_SYS_RAM_VECTOR_SECTION */
 442:Generated_Source\PSoC4/Cm0Start.c ****     CY_SYS_RAM_VECTOR_SECTION
 443:Generated_Source\PSoC4/Cm0Start.c **** #endif  /* defined (__ICCARM__) */
 444:Generated_Source\PSoC4/Cm0Start.c **** cyisraddress CyRamVectors[CY_NUM_VECTORS];
 445:Generated_Source\PSoC4/Cm0Start.c **** 
 446:Generated_Source\PSoC4/Cm0Start.c **** 
 447:Generated_Source\PSoC4/Cm0Start.c **** /*******************************************************************************
 448:Generated_Source\PSoC4/Cm0Start.c **** * Rom Interrupt Vector table storage area. Must be 256-byte aligned.
 449:Generated_Source\PSoC4/Cm0Start.c **** *******************************************************************************/
 450:Generated_Source\PSoC4/Cm0Start.c **** 
 451:Generated_Source\PSoC4/Cm0Start.c **** #if defined(__ARMCC_VERSION)
 452:Generated_Source\PSoC4/Cm0Start.c ****     /* Suppress diagnostic message 1296-D: extended constant initialiser used */
 453:Generated_Source\PSoC4/Cm0Start.c ****     #pragma diag_suppress 1296
 454:Generated_Source\PSoC4/Cm0Start.c **** #endif  /* defined(__ARMCC_VERSION) */
 455:Generated_Source\PSoC4/Cm0Start.c **** 
 456:Generated_Source\PSoC4/Cm0Start.c **** #if defined (__ICCARM__)
 457:Generated_Source\PSoC4/Cm0Start.c ****     #pragma location=".romvectors"
 458:Generated_Source\PSoC4/Cm0Start.c ****     const intvec_elem __vector_table[CY_NUM_ROM_VECTORS] =
 459:Generated_Source\PSoC4/Cm0Start.c **** #else
 460:Generated_Source\PSoC4/Cm0Start.c ****     #ifndef CY_SYS_ROM_VECTOR_SECTION
 461:Generated_Source\PSoC4/Cm0Start.c ****         #define CY_SYS_ROM_VECTOR_SECTION CY_SECTION(".romvectors")
 462:Generated_Source\PSoC4/Cm0Start.c ****     #endif /* CY_SYS_ROM_VECTOR_SECTION */
 463:Generated_Source\PSoC4/Cm0Start.c ****     CY_SYS_ROM_VECTOR_SECTION
 464:Generated_Source\PSoC4/Cm0Start.c ****     const cyisraddress RomVectors[CY_NUM_ROM_VECTORS] =
ARM GAS  C:\Users\MM1005~1\AppData\Local\Temp\ccBafKpe.s 			page 15


 465:Generated_Source\PSoC4/Cm0Start.c **** #endif  /* defined (__ICCARM__) */
 466:Generated_Source\PSoC4/Cm0Start.c **** {
 467:Generated_Source\PSoC4/Cm0Start.c ****     CY_SYS_INITIAL_STACK_POINTER,   /* The initial stack pointer  0 */
 468:Generated_Source\PSoC4/Cm0Start.c ****     #if defined (__ICCARM__) /* The reset handler          1 */
 469:Generated_Source\PSoC4/Cm0Start.c ****         __iar_program_start,
 470:Generated_Source\PSoC4/Cm0Start.c ****     #else
 471:Generated_Source\PSoC4/Cm0Start.c ****         (cyisraddress)&Reset,
 472:Generated_Source\PSoC4/Cm0Start.c ****     #endif  /* defined (__ICCARM__) */
 473:Generated_Source\PSoC4/Cm0Start.c ****     &IntDefaultHandler,      /* The NMI handler            2 */
 474:Generated_Source\PSoC4/Cm0Start.c ****     &IntDefaultHandler,      /* The hard fault handler     3 */
 475:Generated_Source\PSoC4/Cm0Start.c **** };
 476:Generated_Source\PSoC4/Cm0Start.c **** 
 477:Generated_Source\PSoC4/Cm0Start.c **** #if defined(__ARMCC_VERSION)
 478:Generated_Source\PSoC4/Cm0Start.c ****     #pragma diag_default 1296
 479:Generated_Source\PSoC4/Cm0Start.c **** #endif  /* defined(__ARMCC_VERSION) */
 480:Generated_Source\PSoC4/Cm0Start.c **** 
 481:Generated_Source\PSoC4/Cm0Start.c **** 
 482:Generated_Source\PSoC4/Cm0Start.c **** /*******************************************************************************
 483:Generated_Source\PSoC4/Cm0Start.c **** * Function Name: initialize_psoc
 484:Generated_Source\PSoC4/Cm0Start.c **** ****************************************************************************//**
 485:Generated_Source\PSoC4/Cm0Start.c **** *
 486:Generated_Source\PSoC4/Cm0Start.c **** * This function is used to initialize the PSoC chip before calling main.
 487:Generated_Source\PSoC4/Cm0Start.c **** *
 488:Generated_Source\PSoC4/Cm0Start.c **** *******************************************************************************/
 489:Generated_Source\PSoC4/Cm0Start.c **** #if(defined(__GNUC__) && !defined(__ARMCC_VERSION))
 490:Generated_Source\PSoC4/Cm0Start.c **** __attribute__ ((constructor(101)))
 491:Generated_Source\PSoC4/Cm0Start.c **** #endif  /* (defined(__GNUC__) && !defined(__ARMCC_VERSION)) */
 492:Generated_Source\PSoC4/Cm0Start.c **** void initialize_psoc(void)
 493:Generated_Source\PSoC4/Cm0Start.c **** {
 325              		.loc 1 493 0
 326              		.cfi_startproc
 327 0000 80B5     		push	{r7, lr}
 328              		.cfi_def_cfa_offset 8
 329              		.cfi_offset 7, -8
 330              		.cfi_offset 14, -4
 331 0002 82B0     		sub	sp, sp, #8
 332              		.cfi_def_cfa_offset 16
 333 0004 00AF     		add	r7, sp, #0
 334              		.cfi_def_cfa_register 7
 494:Generated_Source\PSoC4/Cm0Start.c ****     uint32 indexInit;
 495:Generated_Source\PSoC4/Cm0Start.c **** 
 496:Generated_Source\PSoC4/Cm0Start.c ****     #if(CY_IP_CPUSSV2)
 497:Generated_Source\PSoC4/Cm0Start.c ****         #if (CY_IP_CPUSS_CM0)
 498:Generated_Source\PSoC4/Cm0Start.c ****             /***********************************************************************
 499:Generated_Source\PSoC4/Cm0Start.c ****             * Make sure that Vector Table is located at 0000_0000 in Flash, before
 500:Generated_Source\PSoC4/Cm0Start.c ****             * accessing RomVectors or calling functions that may be placed in
 501:Generated_Source\PSoC4/Cm0Start.c ****             * .psocinit (cyfitter_cfg and ClockSetup). Note The CY_CPUSS_CONFIG_REG
 502:Generated_Source\PSoC4/Cm0Start.c ****             * register is retention for the specified device family.
 503:Generated_Source\PSoC4/Cm0Start.c ****             ***********************************************************************/
 504:Generated_Source\PSoC4/Cm0Start.c ****             CY_CPUSS_CONFIG_REG &= (uint32) ~CY_CPUSS_CONFIG_VECT_IN_RAM;
 505:Generated_Source\PSoC4/Cm0Start.c ****         #endif /* (CY_IP_CPUSS_CM0) */
 506:Generated_Source\PSoC4/Cm0Start.c ****     #endif  /* (CY_IP_CPUSSV2) */
 507:Generated_Source\PSoC4/Cm0Start.c **** 
 508:Generated_Source\PSoC4/Cm0Start.c ****     /* Set Ram interrupt vectors to default functions. */
 509:Generated_Source\PSoC4/Cm0Start.c ****     for (indexInit = 0u; indexInit < CY_NUM_VECTORS; indexInit++)
 335              		.loc 1 509 0
 336 0006 0023     		mov	r3, #0
ARM GAS  C:\Users\MM1005~1\AppData\Local\Temp\ccBafKpe.s 			page 16


 337 0008 7B60     		str	r3, [r7, #4]
 338 000a 0FE0     		b	.L24
 339              	.L27:
 510:Generated_Source\PSoC4/Cm0Start.c ****     {
 511:Generated_Source\PSoC4/Cm0Start.c ****         CyRamVectors[indexInit] = (indexInit < CY_NUM_ROM_VECTORS) ?
 512:Generated_Source\PSoC4/Cm0Start.c ****             #if defined (__ICCARM__)
 513:Generated_Source\PSoC4/Cm0Start.c ****                 __vector_table[indexInit].__fun : &IntDefaultHandler;
 514:Generated_Source\PSoC4/Cm0Start.c ****             #else
 515:Generated_Source\PSoC4/Cm0Start.c ****                 RomVectors[indexInit] : &IntDefaultHandler;
 340              		.loc 1 515 0
 341 000c 7B68     		ldr	r3, [r7, #4]
 342 000e 032B     		cmp	r3, #3
 343 0010 04D8     		bhi	.L25
 344              		.loc 1 515 0 is_stmt 0 discriminator 1
 345 0012 104B     		ldr	r3, .L28
 346 0014 7A68     		ldr	r2, [r7, #4]
 347 0016 9200     		lsl	r2, r2, #2
 348 0018 D358     		ldr	r3, [r2, r3]
 349 001a 00E0     		b	.L26
 350              	.L25:
 351              		.loc 1 515 0 discriminator 2
 352 001c 0E4B     		ldr	r3, .L28+4
 353              	.L26:
 511:Generated_Source\PSoC4/Cm0Start.c ****             #if defined (__ICCARM__)
 354              		.loc 1 511 0 is_stmt 1 discriminator 2
 355 001e 0F4A     		ldr	r2, .L28+8
 356 0020 7968     		ldr	r1, [r7, #4]
 357 0022 8900     		lsl	r1, r1, #2
 358 0024 8B50     		str	r3, [r1, r2]
 509:Generated_Source\PSoC4/Cm0Start.c ****     {
 359              		.loc 1 509 0 discriminator 2
 360 0026 7B68     		ldr	r3, [r7, #4]
 361 0028 0133     		add	r3, r3, #1
 362 002a 7B60     		str	r3, [r7, #4]
 363              	.L24:
 509:Generated_Source\PSoC4/Cm0Start.c ****     {
 364              		.loc 1 509 0 is_stmt 0 discriminator 1
 365 002c 7B68     		ldr	r3, [r7, #4]
 366 002e 2F2B     		cmp	r3, #47
 367 0030 ECD9     		bls	.L27
 516:Generated_Source\PSoC4/Cm0Start.c ****             #endif  /* defined (__ICCARM__) */
 517:Generated_Source\PSoC4/Cm0Start.c ****     }
 518:Generated_Source\PSoC4/Cm0Start.c **** 
 519:Generated_Source\PSoC4/Cm0Start.c ****     /* Initialize configuration registers. */
 520:Generated_Source\PSoC4/Cm0Start.c ****     cyfitter_cfg();
 368              		.loc 1 520 0 is_stmt 1
 369 0032 FFF7FEFF 		bl	cyfitter_cfg
 521:Generated_Source\PSoC4/Cm0Start.c **** 
 522:Generated_Source\PSoC4/Cm0Start.c ****     #if !defined (__ICCARM__)
 523:Generated_Source\PSoC4/Cm0Start.c ****         /* Actually, no need to clean this variable, just to make compiler happy. */
 524:Generated_Source\PSoC4/Cm0Start.c ****         cySysNoInitDataValid = 0u;
 370              		.loc 1 524 0
 371 0036 0A4B     		ldr	r3, .L28+12
 372 0038 0022     		mov	r2, #0
 373 003a 1A60     		str	r2, [r3]
 525:Generated_Source\PSoC4/Cm0Start.c ****     #endif  /* !defined (__ICCARM__) */
 526:Generated_Source\PSoC4/Cm0Start.c **** 
ARM GAS  C:\Users\MM1005~1\AppData\Local\Temp\ccBafKpe.s 			page 17


 527:Generated_Source\PSoC4/Cm0Start.c ****     #if (CYDEV_PROJ_TYPE != CYDEV_PROJ_TYPE_STANDARD)
 528:Generated_Source\PSoC4/Cm0Start.c **** 
 529:Generated_Source\PSoC4/Cm0Start.c ****         /* Need to make sure that this variable will not be optimized out */
 530:Generated_Source\PSoC4/Cm0Start.c ****         if (0u == cyBtldrRunType)
 531:Generated_Source\PSoC4/Cm0Start.c ****         {
 532:Generated_Source\PSoC4/Cm0Start.c ****             cyBtldrRunType = 0u;
 533:Generated_Source\PSoC4/Cm0Start.c ****         }
 534:Generated_Source\PSoC4/Cm0Start.c **** 
 535:Generated_Source\PSoC4/Cm0Start.c ****     #endif  /* (CYDEV_PROJ_TYPE != CYDEV_PROJ_TYPE_STANDARD) */
 536:Generated_Source\PSoC4/Cm0Start.c **** 
 537:Generated_Source\PSoC4/Cm0Start.c ****     #if (CY_IP_CPUSS_CM0)
 538:Generated_Source\PSoC4/Cm0Start.c ****         /* Vector Table is located at 0x2000:0000 in SRAM */
 539:Generated_Source\PSoC4/Cm0Start.c ****         CY_CPUSS_CONFIG_REG |= CY_CPUSS_CONFIG_VECT_IN_RAM;
 374              		.loc 1 539 0
 375 003c 8023     		mov	r3, #128
 376 003e DB05     		lsl	r3, r3, #23
 377 0040 8022     		mov	r2, #128
 378 0042 D205     		lsl	r2, r2, #23
 379 0044 1268     		ldr	r2, [r2]
 380 0046 0121     		mov	r1, #1
 381 0048 0A43     		orr	r2, r1
 382 004a 1A60     		str	r2, [r3]
 540:Generated_Source\PSoC4/Cm0Start.c **** 	#else
 541:Generated_Source\PSoC4/Cm0Start.c **** 		(*(uint32 *)CYREG_CM0P_VTOR) = CY_CPUSS_CONFIG_VECT_ADDR_IN_RAM;
 542:Generated_Source\PSoC4/Cm0Start.c ****     #endif /* (CY_IP_CPUSS_CM0) */
 543:Generated_Source\PSoC4/Cm0Start.c **** }
 383              		.loc 1 543 0
 384 004c BD46     		mov	sp, r7
 385 004e 02B0     		add	sp, sp, #8
 386              		@ sp needed
 387 0050 80BD     		pop	{r7, pc}
 388              	.L29:
 389 0052 C046     		.align	2
 390              	.L28:
 391 0054 00000000 		.word	RomVectors
 392 0058 00000000 		.word	IntDefaultHandler
 393 005c 00000000 		.word	CyRamVectors
 394 0060 00000000 		.word	cySysNoInitDataValid
 395              		.cfi_endproc
 396              	.LFE5:
 397              		.size	initialize_psoc, .-initialize_psoc
 398              		.section	.init_array,"aw",%init_array
 399              		.align	2
 400 0000 00000000 		.word	initialize_psoc(target1)
 401              		.data
 402              		.align	2
 403              		.type	heapPointer.4723, %object
 404              		.size	heapPointer.4723, 4
 405              	heapPointer.4723:
 406 0000 00000000 		.word	end
 407              		.weak	__cy_region_num
 408              		.text
 409              	.Letext0:
 410              		.file 2 "Generated_Source\\PSoC4\\cytypes.h"
 411              		.file 3 "c:\\program files (x86)\\cypress\\psoc creator\\4.0\\psoc creator\\import\\gnu\\arm\\4.9.
 412              		.section	.debug_info,"",%progbits
 413              	.Ldebug_info0:
ARM GAS  C:\Users\MM1005~1\AppData\Local\Temp\ccBafKpe.s 			page 18


 414 0000 FC020000 		.4byte	0x2fc
 415 0004 0400     		.2byte	0x4
 416 0006 00000000 		.4byte	.Ldebug_abbrev0
 417 000a 04       		.byte	0x4
 418 000b 01       		.uleb128 0x1
 419 000c 06000000 		.4byte	.LASF42
 420 0010 01       		.byte	0x1
 421 0011 98010000 		.4byte	.LASF43
 422 0015 D8010000 		.4byte	.LASF44
 423 0019 00000000 		.4byte	.Ldebug_ranges0+0
 424 001d 00000000 		.4byte	0
 425 0021 00000000 		.4byte	.Ldebug_line0
 426 0025 02       		.uleb128 0x2
 427 0026 01       		.byte	0x1
 428 0027 06       		.byte	0x6
 429 0028 A3020000 		.4byte	.LASF0
 430 002c 02       		.uleb128 0x2
 431 002d 01       		.byte	0x1
 432 002e 08       		.byte	0x8
 433 002f 0B010000 		.4byte	.LASF1
 434 0033 02       		.uleb128 0x2
 435 0034 02       		.byte	0x2
 436 0035 05       		.byte	0x5
 437 0036 90020000 		.4byte	.LASF2
 438 003a 02       		.uleb128 0x2
 439 003b 02       		.byte	0x2
 440 003c 07       		.byte	0x7
 441 003d C2000000 		.4byte	.LASF3
 442 0041 02       		.uleb128 0x2
 443 0042 04       		.byte	0x4
 444 0043 05       		.byte	0x5
 445 0044 9A020000 		.4byte	.LASF4
 446 0048 02       		.uleb128 0x2
 447 0049 04       		.byte	0x4
 448 004a 07       		.byte	0x7
 449 004b 30010000 		.4byte	.LASF5
 450 004f 02       		.uleb128 0x2
 451 0050 08       		.byte	0x8
 452 0051 05       		.byte	0x5
 453 0052 7D020000 		.4byte	.LASF6
 454 0056 02       		.uleb128 0x2
 455 0057 08       		.byte	0x8
 456 0058 07       		.byte	0x7
 457 0059 2F020000 		.4byte	.LASF7
 458 005d 03       		.uleb128 0x3
 459 005e 04       		.byte	0x4
 460 005f 05       		.byte	0x5
 461 0060 696E7400 		.ascii	"int\000"
 462 0064 02       		.uleb128 0x2
 463 0065 04       		.byte	0x4
 464 0066 07       		.byte	0x7
 465 0067 CB010000 		.4byte	.LASF8
 466 006b 04       		.uleb128 0x4
 467 006c 57010000 		.4byte	.LASF9
 468 0070 02       		.byte	0x2
 469 0071 B901     		.2byte	0x1b9
 470 0073 2C000000 		.4byte	0x2c
ARM GAS  C:\Users\MM1005~1\AppData\Local\Temp\ccBafKpe.s 			page 19


 471 0077 04       		.uleb128 0x4
 472 0078 BA010000 		.4byte	.LASF10
 473 007c 02       		.byte	0x2
 474 007d BB01     		.2byte	0x1bb
 475 007f 48000000 		.4byte	0x48
 476 0083 02       		.uleb128 0x2
 477 0084 04       		.byte	0x4
 478 0085 04       		.byte	0x4
 479 0086 00010000 		.4byte	.LASF11
 480 008a 02       		.uleb128 0x2
 481 008b 08       		.byte	0x8
 482 008c 04       		.byte	0x4
 483 008d 81010000 		.4byte	.LASF12
 484 0091 02       		.uleb128 0x2
 485 0092 01       		.byte	0x1
 486 0093 08       		.byte	0x8
 487 0094 8B020000 		.4byte	.LASF13
 488 0098 04       		.uleb128 0x4
 489 0099 00000000 		.4byte	.LASF14
 490 009d 02       		.byte	0x2
 491 009e 6502     		.2byte	0x265
 492 00a0 A4000000 		.4byte	0xa4
 493 00a4 05       		.uleb128 0x5
 494 00a5 77000000 		.4byte	0x77
 495 00a9 04       		.uleb128 0x4
 496 00aa 4C020000 		.4byte	.LASF15
 497 00ae 02       		.byte	0x2
 498 00af 7502     		.2byte	0x275
 499 00b1 B5000000 		.4byte	0xb5
 500 00b5 06       		.uleb128 0x6
 501 00b6 04       		.byte	0x4
 502 00b7 BB000000 		.4byte	0xbb
 503 00bb 07       		.uleb128 0x7
 504 00bc 08       		.uleb128 0x8
 505 00bd 94000000 		.4byte	.LASF16
 506 00c1 03       		.byte	0x3
 507 00c2 D4       		.byte	0xd4
 508 00c3 64000000 		.4byte	0x64
 509 00c7 02       		.uleb128 0x2
 510 00c8 04       		.byte	0x4
 511 00c9 07       		.byte	0x7
 512 00ca 74020000 		.4byte	.LASF17
 513 00ce 09       		.uleb128 0x9
 514 00cf 04       		.byte	0x4
 515 00d0 0A       		.uleb128 0xa
 516 00d1 91000000 		.4byte	0x91
 517 00d5 08       		.uleb128 0x8
 518 00d6 63020000 		.4byte	.LASF18
 519 00da 01       		.byte	0x1
 520 00db DE       		.byte	0xde
 521 00dc 2C000000 		.4byte	0x2c
 522 00e0 0B       		.uleb128 0xb
 523 00e1 CB020000 		.4byte	.LASF45
 524 00e5 10       		.byte	0x10
 525 00e6 01       		.byte	0x1
 526 00e7 E0       		.byte	0xe0
 527 00e8 1D010000 		.4byte	0x11d
ARM GAS  C:\Users\MM1005~1\AppData\Local\Temp\ccBafKpe.s 			page 20


 528 00ec 0C       		.uleb128 0xc
 529 00ed E5000000 		.4byte	.LASF19
 530 00f1 01       		.byte	0x1
 531 00f2 E2       		.byte	0xe2
 532 00f3 1D010000 		.4byte	0x11d
 533 00f7 00       		.byte	0
 534 00f8 0C       		.uleb128 0xc
 535 00f9 06010000 		.4byte	.LASF20
 536 00fd 01       		.byte	0x1
 537 00fe E3       		.byte	0xe3
 538 00ff 1D010000 		.4byte	0x11d
 539 0103 04       		.byte	0x4
 540 0104 0C       		.uleb128 0xc
 541 0105 59020000 		.4byte	.LASF21
 542 0109 01       		.byte	0x1
 543 010a E4       		.byte	0xe4
 544 010b BC000000 		.4byte	0xbc
 545 010f 08       		.byte	0x8
 546 0110 0C       		.uleb128 0xc
 547 0111 F1000000 		.4byte	.LASF22
 548 0115 01       		.byte	0x1
 549 0116 E5       		.byte	0xe5
 550 0117 BC000000 		.4byte	0xbc
 551 011b 0C       		.byte	0xc
 552 011c 00       		.byte	0
 553 011d 06       		.uleb128 0x6
 554 011e 04       		.byte	0x4
 555 011f D5000000 		.4byte	0xd5
 556 0123 0D       		.uleb128 0xd
 557 0124 69010000 		.4byte	.LASF33
 558 0128 01       		.byte	0x1
 559 0129 6D       		.byte	0x6d
 560 012a 00000000 		.4byte	.LFB0
 561 012e 14000000 		.4byte	.LFE0-.LFB0
 562 0132 01       		.uleb128 0x1
 563 0133 9C       		.byte	0x9c
 564 0134 0E       		.uleb128 0xe
 565 0135 63010000 		.4byte	.LASF27
 566 0139 01       		.byte	0x1
 567 013a FE       		.byte	0xfe
 568 013b 00000000 		.4byte	.LFB1
 569 013f 14000000 		.4byte	.LFE1-.LFB1
 570 0143 01       		.uleb128 0x1
 571 0144 9C       		.byte	0x9c
 572 0145 58010000 		.4byte	0x158
 573 0149 0F       		.uleb128 0xf
 574 014a EA000000 		.4byte	.LASF23
 575 014e 01       		.byte	0x1
 576 014f FE       		.byte	0xfe
 577 0150 5D000000 		.4byte	0x5d
 578 0154 02       		.uleb128 0x2
 579 0155 91       		.byte	0x91
 580 0156 74       		.sleb128 -12
 581 0157 00       		.byte	0
 582 0158 10       		.uleb128 0x10
 583 0159 7B010000 		.4byte	.LASF46
 584 015d 01       		.byte	0x1
ARM GAS  C:\Users\MM1005~1\AppData\Local\Temp\ccBafKpe.s 			page 21


 585 015e 1801     		.2byte	0x118
 586 0160 CE000000 		.4byte	0xce
 587 0164 00000000 		.4byte	.LFB2
 588 0168 50000000 		.4byte	.LFE2-.LFB2
 589 016c 01       		.uleb128 0x1
 590 016d 9C       		.byte	0x9c
 591 016e AF010000 		.4byte	0x1af
 592 0172 11       		.uleb128 0x11
 593 0173 C4020000 		.4byte	.LASF24
 594 0177 01       		.byte	0x1
 595 0178 1801     		.2byte	0x118
 596 017a 5D000000 		.4byte	0x5d
 597 017e 02       		.uleb128 0x2
 598 017f 91       		.byte	0x91
 599 0180 6C       		.sleb128 -20
 600 0181 12       		.uleb128 0x12
 601 0182 656E6400 		.ascii	"end\000"
 602 0186 01       		.byte	0x1
 603 0187 1A01     		.2byte	0x11a
 604 0189 5D000000 		.4byte	0x5d
 605 018d 13       		.uleb128 0x13
 606 018e 19010000 		.4byte	.LASF25
 607 0192 01       		.byte	0x1
 608 0193 1B01     		.2byte	0x11b
 609 0195 CE000000 		.4byte	0xce
 610 0199 02       		.uleb128 0x2
 611 019a 91       		.byte	0x91
 612 019b 74       		.sleb128 -12
 613 019c 13       		.uleb128 0x13
 614 019d B6000000 		.4byte	.LASF26
 615 01a1 01       		.byte	0x1
 616 01a2 1E01     		.2byte	0x11e
 617 01a4 CE000000 		.4byte	0xce
 618 01a8 05       		.uleb128 0x5
 619 01a9 03       		.byte	0x3
 620 01aa 00000000 		.4byte	heapPointer.4723
 621 01ae 00       		.byte	0
 622 01af 14       		.uleb128 0x14
 623 01b0 A8000000 		.4byte	.LASF28
 624 01b4 01       		.byte	0x1
 625 01b5 3901     		.2byte	0x139
 626 01b7 00000000 		.4byte	.LFB3
 627 01bb 98000000 		.4byte	.LFE3-.LFB3
 628 01bf 01       		.uleb128 0x1
 629 01c0 9C       		.byte	0x9c
 630 01c1 2A020000 		.4byte	0x22a
 631 01c5 13       		.uleb128 0x13
 632 01c6 BC020000 		.4byte	.LASF29
 633 01ca 01       		.byte	0x1
 634 01cb 3E01     		.2byte	0x13e
 635 01cd 64000000 		.4byte	0x64
 636 01d1 02       		.uleb128 0x2
 637 01d2 91       		.byte	0x91
 638 01d3 74       		.sleb128 -12
 639 01d4 13       		.uleb128 0x13
 640 01d5 FB000000 		.4byte	.LASF30
 641 01d9 01       		.byte	0x1
ARM GAS  C:\Users\MM1005~1\AppData\Local\Temp\ccBafKpe.s 			page 22


 642 01da 3F01     		.2byte	0x13f
 643 01dc 2A020000 		.4byte	0x22a
 644 01e0 02       		.uleb128 0x2
 645 01e1 91       		.byte	0x91
 646 01e2 70       		.sleb128 -16
 647 01e3 15       		.uleb128 0x15
 648 01e4 14000000 		.4byte	.LBB2
 649 01e8 66000000 		.4byte	.LBE2-.LBB2
 650 01ec 16       		.uleb128 0x16
 651 01ed 73726300 		.ascii	"src\000"
 652 01f1 01       		.byte	0x1
 653 01f2 4401     		.2byte	0x144
 654 01f4 35020000 		.4byte	0x235
 655 01f8 02       		.uleb128 0x2
 656 01f9 91       		.byte	0x91
 657 01fa 6C       		.sleb128 -20
 658 01fb 16       		.uleb128 0x16
 659 01fc 64737400 		.ascii	"dst\000"
 660 0200 01       		.byte	0x1
 661 0201 4501     		.2byte	0x145
 662 0203 35020000 		.4byte	0x235
 663 0207 02       		.uleb128 0x2
 664 0208 91       		.byte	0x91
 665 0209 68       		.sleb128 -24
 666 020a 13       		.uleb128 0x13
 667 020b 46020000 		.4byte	.LASF31
 668 020f 01       		.byte	0x1
 669 0210 4601     		.2byte	0x146
 670 0212 64000000 		.4byte	0x64
 671 0216 02       		.uleb128 0x2
 672 0217 91       		.byte	0x91
 673 0218 60       		.sleb128 -32
 674 0219 13       		.uleb128 0x13
 675 021a B0000000 		.4byte	.LASF32
 676 021e 01       		.byte	0x1
 677 021f 4701     		.2byte	0x147
 678 0221 64000000 		.4byte	0x64
 679 0225 02       		.uleb128 0x2
 680 0226 91       		.byte	0x91
 681 0227 64       		.sleb128 -28
 682 0228 00       		.byte	0
 683 0229 00       		.byte	0
 684 022a 06       		.uleb128 0x6
 685 022b 04       		.byte	0x4
 686 022c 30020000 		.4byte	0x230
 687 0230 0A       		.uleb128 0xa
 688 0231 E0000000 		.4byte	0xe0
 689 0235 06       		.uleb128 0x6
 690 0236 04       		.byte	0x4
 691 0237 77000000 		.4byte	0x77
 692 023b 17       		.uleb128 0x17
 693 023c 5D010000 		.4byte	.LASF34
 694 0240 01       		.byte	0x1
 695 0241 6E01     		.2byte	0x16e
 696 0243 00000000 		.4byte	.LFB4
 697 0247 08000000 		.4byte	.LFE4-.LFB4
 698 024b 01       		.uleb128 0x1
ARM GAS  C:\Users\MM1005~1\AppData\Local\Temp\ccBafKpe.s 			page 23


 699 024c 9C       		.byte	0x9c
 700 024d 14       		.uleb128 0x14
 701 024e 88010000 		.4byte	.LASF35
 702 0252 01       		.byte	0x1
 703 0253 EC01     		.2byte	0x1ec
 704 0255 00000000 		.4byte	.LFB5
 705 0259 64000000 		.4byte	.LFE5-.LFB5
 706 025d 01       		.uleb128 0x1
 707 025e 9C       		.byte	0x9c
 708 025f 73020000 		.4byte	0x273
 709 0263 13       		.uleb128 0x13
 710 0264 C1010000 		.4byte	.LASF36
 711 0268 01       		.byte	0x1
 712 0269 EE01     		.2byte	0x1ee
 713 026b 77000000 		.4byte	0x77
 714 026f 02       		.uleb128 0x2
 715 0270 91       		.byte	0x91
 716 0271 74       		.sleb128 -12
 717 0272 00       		.byte	0
 718 0273 18       		.uleb128 0x18
 719 0274 42010000 		.4byte	.LASF37
 720 0278 01       		.byte	0x1
 721 0279 4E       		.byte	0x4e
 722 027a 77000000 		.4byte	0x77
 723 027e 05       		.uleb128 0x5
 724 027f 03       		.byte	0x3
 725 0280 00000000 		.4byte	cySysNoInitDataValid
 726 0284 12       		.uleb128 0x12
 727 0285 656E6400 		.ascii	"end\000"
 728 0289 01       		.byte	0x1
 729 028a 1A01     		.2byte	0x11a
 730 028c 5D000000 		.4byte	0x5d
 731 0290 19       		.uleb128 0x19
 732 0291 E0000000 		.4byte	0xe0
 733 0295 9B020000 		.4byte	0x29b
 734 0299 1A       		.uleb128 0x1a
 735 029a 00       		.byte	0
 736 029b 1B       		.uleb128 0x1b
 737 029c AF020000 		.4byte	.LASF38
 738 02a0 01       		.byte	0x1
 739 02a1 E8       		.byte	0xe8
 740 02a2 A6020000 		.4byte	0x2a6
 741 02a6 0A       		.uleb128 0xa
 742 02a7 90020000 		.4byte	0x290
 743 02ab 1B       		.uleb128 0x1b
 744 02ac D5000000 		.4byte	.LASF39
 745 02b0 01       		.byte	0x1
 746 02b1 E9       		.byte	0xe9
 747 02b2 D0000000 		.4byte	0xd0
 748 02b6 19       		.uleb128 0x19
 749 02b7 A9000000 		.4byte	0xa9
 750 02bb C6020000 		.4byte	0x2c6
 751 02bf 1C       		.uleb128 0x1c
 752 02c0 C7000000 		.4byte	0xc7
 753 02c4 2F       		.byte	0x2f
 754 02c5 00       		.byte	0
 755 02c6 1D       		.uleb128 0x1d
ARM GAS  C:\Users\MM1005~1\AppData\Local\Temp\ccBafKpe.s 			page 24


 756 02c7 9B000000 		.4byte	.LASF40
 757 02cb 01       		.byte	0x1
 758 02cc BC01     		.2byte	0x1bc
 759 02ce B6020000 		.4byte	0x2b6
 760 02d2 05       		.uleb128 0x5
 761 02d3 03       		.byte	0x3
 762 02d4 00000000 		.4byte	CyRamVectors
 763 02d8 19       		.uleb128 0x19
 764 02d9 A9000000 		.4byte	0xa9
 765 02dd E8020000 		.4byte	0x2e8
 766 02e1 1C       		.uleb128 0x1c
 767 02e2 C7000000 		.4byte	0xc7
 768 02e6 03       		.byte	0x3
 769 02e7 00       		.byte	0
 770 02e8 1D       		.uleb128 0x1d
 771 02e9 25010000 		.4byte	.LASF41
 772 02ed 01       		.byte	0x1
 773 02ee D001     		.2byte	0x1d0
 774 02f0 FA020000 		.4byte	0x2fa
 775 02f4 05       		.uleb128 0x5
 776 02f5 03       		.byte	0x3
 777 02f6 00000000 		.4byte	RomVectors
 778 02fa 0A       		.uleb128 0xa
 779 02fb D8020000 		.4byte	0x2d8
 780 02ff 00       		.byte	0
 781              		.section	.debug_abbrev,"",%progbits
 782              	.Ldebug_abbrev0:
 783 0000 01       		.uleb128 0x1
 784 0001 11       		.uleb128 0x11
 785 0002 01       		.byte	0x1
 786 0003 25       		.uleb128 0x25
 787 0004 0E       		.uleb128 0xe
 788 0005 13       		.uleb128 0x13
 789 0006 0B       		.uleb128 0xb
 790 0007 03       		.uleb128 0x3
 791 0008 0E       		.uleb128 0xe
 792 0009 1B       		.uleb128 0x1b
 793 000a 0E       		.uleb128 0xe
 794 000b 55       		.uleb128 0x55
 795 000c 17       		.uleb128 0x17
 796 000d 11       		.uleb128 0x11
 797 000e 01       		.uleb128 0x1
 798 000f 10       		.uleb128 0x10
 799 0010 17       		.uleb128 0x17
 800 0011 00       		.byte	0
 801 0012 00       		.byte	0
 802 0013 02       		.uleb128 0x2
 803 0014 24       		.uleb128 0x24
 804 0015 00       		.byte	0
 805 0016 0B       		.uleb128 0xb
 806 0017 0B       		.uleb128 0xb
 807 0018 3E       		.uleb128 0x3e
 808 0019 0B       		.uleb128 0xb
 809 001a 03       		.uleb128 0x3
 810 001b 0E       		.uleb128 0xe
 811 001c 00       		.byte	0
 812 001d 00       		.byte	0
ARM GAS  C:\Users\MM1005~1\AppData\Local\Temp\ccBafKpe.s 			page 25


 813 001e 03       		.uleb128 0x3
 814 001f 24       		.uleb128 0x24
 815 0020 00       		.byte	0
 816 0021 0B       		.uleb128 0xb
 817 0022 0B       		.uleb128 0xb
 818 0023 3E       		.uleb128 0x3e
 819 0024 0B       		.uleb128 0xb
 820 0025 03       		.uleb128 0x3
 821 0026 08       		.uleb128 0x8
 822 0027 00       		.byte	0
 823 0028 00       		.byte	0
 824 0029 04       		.uleb128 0x4
 825 002a 16       		.uleb128 0x16
 826 002b 00       		.byte	0
 827 002c 03       		.uleb128 0x3
 828 002d 0E       		.uleb128 0xe
 829 002e 3A       		.uleb128 0x3a
 830 002f 0B       		.uleb128 0xb
 831 0030 3B       		.uleb128 0x3b
 832 0031 05       		.uleb128 0x5
 833 0032 49       		.uleb128 0x49
 834 0033 13       		.uleb128 0x13
 835 0034 00       		.byte	0
 836 0035 00       		.byte	0
 837 0036 05       		.uleb128 0x5
 838 0037 35       		.uleb128 0x35
 839 0038 00       		.byte	0
 840 0039 49       		.uleb128 0x49
 841 003a 13       		.uleb128 0x13
 842 003b 00       		.byte	0
 843 003c 00       		.byte	0
 844 003d 06       		.uleb128 0x6
 845 003e 0F       		.uleb128 0xf
 846 003f 00       		.byte	0
 847 0040 0B       		.uleb128 0xb
 848 0041 0B       		.uleb128 0xb
 849 0042 49       		.uleb128 0x49
 850 0043 13       		.uleb128 0x13
 851 0044 00       		.byte	0
 852 0045 00       		.byte	0
 853 0046 07       		.uleb128 0x7
 854 0047 15       		.uleb128 0x15
 855 0048 00       		.byte	0
 856 0049 27       		.uleb128 0x27
 857 004a 19       		.uleb128 0x19
 858 004b 00       		.byte	0
 859 004c 00       		.byte	0
 860 004d 08       		.uleb128 0x8
 861 004e 16       		.uleb128 0x16
 862 004f 00       		.byte	0
 863 0050 03       		.uleb128 0x3
 864 0051 0E       		.uleb128 0xe
 865 0052 3A       		.uleb128 0x3a
 866 0053 0B       		.uleb128 0xb
 867 0054 3B       		.uleb128 0x3b
 868 0055 0B       		.uleb128 0xb
 869 0056 49       		.uleb128 0x49
ARM GAS  C:\Users\MM1005~1\AppData\Local\Temp\ccBafKpe.s 			page 26


 870 0057 13       		.uleb128 0x13
 871 0058 00       		.byte	0
 872 0059 00       		.byte	0
 873 005a 09       		.uleb128 0x9
 874 005b 0F       		.uleb128 0xf
 875 005c 00       		.byte	0
 876 005d 0B       		.uleb128 0xb
 877 005e 0B       		.uleb128 0xb
 878 005f 00       		.byte	0
 879 0060 00       		.byte	0
 880 0061 0A       		.uleb128 0xa
 881 0062 26       		.uleb128 0x26
 882 0063 00       		.byte	0
 883 0064 49       		.uleb128 0x49
 884 0065 13       		.uleb128 0x13
 885 0066 00       		.byte	0
 886 0067 00       		.byte	0
 887 0068 0B       		.uleb128 0xb
 888 0069 13       		.uleb128 0x13
 889 006a 01       		.byte	0x1
 890 006b 03       		.uleb128 0x3
 891 006c 0E       		.uleb128 0xe
 892 006d 0B       		.uleb128 0xb
 893 006e 0B       		.uleb128 0xb
 894 006f 3A       		.uleb128 0x3a
 895 0070 0B       		.uleb128 0xb
 896 0071 3B       		.uleb128 0x3b
 897 0072 0B       		.uleb128 0xb
 898 0073 01       		.uleb128 0x1
 899 0074 13       		.uleb128 0x13
 900 0075 00       		.byte	0
 901 0076 00       		.byte	0
 902 0077 0C       		.uleb128 0xc
 903 0078 0D       		.uleb128 0xd
 904 0079 00       		.byte	0
 905 007a 03       		.uleb128 0x3
 906 007b 0E       		.uleb128 0xe
 907 007c 3A       		.uleb128 0x3a
 908 007d 0B       		.uleb128 0xb
 909 007e 3B       		.uleb128 0x3b
 910 007f 0B       		.uleb128 0xb
 911 0080 49       		.uleb128 0x49
 912 0081 13       		.uleb128 0x13
 913 0082 38       		.uleb128 0x38
 914 0083 0B       		.uleb128 0xb
 915 0084 00       		.byte	0
 916 0085 00       		.byte	0
 917 0086 0D       		.uleb128 0xd
 918 0087 2E       		.uleb128 0x2e
 919 0088 00       		.byte	0
 920 0089 3F       		.uleb128 0x3f
 921 008a 19       		.uleb128 0x19
 922 008b 03       		.uleb128 0x3
 923 008c 0E       		.uleb128 0xe
 924 008d 3A       		.uleb128 0x3a
 925 008e 0B       		.uleb128 0xb
 926 008f 3B       		.uleb128 0x3b
ARM GAS  C:\Users\MM1005~1\AppData\Local\Temp\ccBafKpe.s 			page 27


 927 0090 0B       		.uleb128 0xb
 928 0091 27       		.uleb128 0x27
 929 0092 19       		.uleb128 0x19
 930 0093 11       		.uleb128 0x11
 931 0094 01       		.uleb128 0x1
 932 0095 12       		.uleb128 0x12
 933 0096 06       		.uleb128 0x6
 934 0097 40       		.uleb128 0x40
 935 0098 18       		.uleb128 0x18
 936 0099 9642     		.uleb128 0x2116
 937 009b 19       		.uleb128 0x19
 938 009c 00       		.byte	0
 939 009d 00       		.byte	0
 940 009e 0E       		.uleb128 0xe
 941 009f 2E       		.uleb128 0x2e
 942 00a0 01       		.byte	0x1
 943 00a1 3F       		.uleb128 0x3f
 944 00a2 19       		.uleb128 0x19
 945 00a3 03       		.uleb128 0x3
 946 00a4 0E       		.uleb128 0xe
 947 00a5 3A       		.uleb128 0x3a
 948 00a6 0B       		.uleb128 0xb
 949 00a7 3B       		.uleb128 0x3b
 950 00a8 0B       		.uleb128 0xb
 951 00a9 27       		.uleb128 0x27
 952 00aa 19       		.uleb128 0x19
 953 00ab 11       		.uleb128 0x11
 954 00ac 01       		.uleb128 0x1
 955 00ad 12       		.uleb128 0x12
 956 00ae 06       		.uleb128 0x6
 957 00af 40       		.uleb128 0x40
 958 00b0 18       		.uleb128 0x18
 959 00b1 9642     		.uleb128 0x2116
 960 00b3 19       		.uleb128 0x19
 961 00b4 01       		.uleb128 0x1
 962 00b5 13       		.uleb128 0x13
 963 00b6 00       		.byte	0
 964 00b7 00       		.byte	0
 965 00b8 0F       		.uleb128 0xf
 966 00b9 05       		.uleb128 0x5
 967 00ba 00       		.byte	0
 968 00bb 03       		.uleb128 0x3
 969 00bc 0E       		.uleb128 0xe
 970 00bd 3A       		.uleb128 0x3a
 971 00be 0B       		.uleb128 0xb
 972 00bf 3B       		.uleb128 0x3b
 973 00c0 0B       		.uleb128 0xb
 974 00c1 49       		.uleb128 0x49
 975 00c2 13       		.uleb128 0x13
 976 00c3 02       		.uleb128 0x2
 977 00c4 18       		.uleb128 0x18
 978 00c5 00       		.byte	0
 979 00c6 00       		.byte	0
 980 00c7 10       		.uleb128 0x10
 981 00c8 2E       		.uleb128 0x2e
 982 00c9 01       		.byte	0x1
 983 00ca 3F       		.uleb128 0x3f
ARM GAS  C:\Users\MM1005~1\AppData\Local\Temp\ccBafKpe.s 			page 28


 984 00cb 19       		.uleb128 0x19
 985 00cc 03       		.uleb128 0x3
 986 00cd 0E       		.uleb128 0xe
 987 00ce 3A       		.uleb128 0x3a
 988 00cf 0B       		.uleb128 0xb
 989 00d0 3B       		.uleb128 0x3b
 990 00d1 05       		.uleb128 0x5
 991 00d2 27       		.uleb128 0x27
 992 00d3 19       		.uleb128 0x19
 993 00d4 49       		.uleb128 0x49
 994 00d5 13       		.uleb128 0x13
 995 00d6 11       		.uleb128 0x11
 996 00d7 01       		.uleb128 0x1
 997 00d8 12       		.uleb128 0x12
 998 00d9 06       		.uleb128 0x6
 999 00da 40       		.uleb128 0x40
 1000 00db 18       		.uleb128 0x18
 1001 00dc 9642     		.uleb128 0x2116
 1002 00de 19       		.uleb128 0x19
 1003 00df 01       		.uleb128 0x1
 1004 00e0 13       		.uleb128 0x13
 1005 00e1 00       		.byte	0
 1006 00e2 00       		.byte	0
 1007 00e3 11       		.uleb128 0x11
 1008 00e4 05       		.uleb128 0x5
 1009 00e5 00       		.byte	0
 1010 00e6 03       		.uleb128 0x3
 1011 00e7 0E       		.uleb128 0xe
 1012 00e8 3A       		.uleb128 0x3a
 1013 00e9 0B       		.uleb128 0xb
 1014 00ea 3B       		.uleb128 0x3b
 1015 00eb 05       		.uleb128 0x5
 1016 00ec 49       		.uleb128 0x49
 1017 00ed 13       		.uleb128 0x13
 1018 00ee 02       		.uleb128 0x2
 1019 00ef 18       		.uleb128 0x18
 1020 00f0 00       		.byte	0
 1021 00f1 00       		.byte	0
 1022 00f2 12       		.uleb128 0x12
 1023 00f3 34       		.uleb128 0x34
 1024 00f4 00       		.byte	0
 1025 00f5 03       		.uleb128 0x3
 1026 00f6 08       		.uleb128 0x8
 1027 00f7 3A       		.uleb128 0x3a
 1028 00f8 0B       		.uleb128 0xb
 1029 00f9 3B       		.uleb128 0x3b
 1030 00fa 05       		.uleb128 0x5
 1031 00fb 49       		.uleb128 0x49
 1032 00fc 13       		.uleb128 0x13
 1033 00fd 3F       		.uleb128 0x3f
 1034 00fe 19       		.uleb128 0x19
 1035 00ff 3C       		.uleb128 0x3c
 1036 0100 19       		.uleb128 0x19
 1037 0101 00       		.byte	0
 1038 0102 00       		.byte	0
 1039 0103 13       		.uleb128 0x13
 1040 0104 34       		.uleb128 0x34
ARM GAS  C:\Users\MM1005~1\AppData\Local\Temp\ccBafKpe.s 			page 29


 1041 0105 00       		.byte	0
 1042 0106 03       		.uleb128 0x3
 1043 0107 0E       		.uleb128 0xe
 1044 0108 3A       		.uleb128 0x3a
 1045 0109 0B       		.uleb128 0xb
 1046 010a 3B       		.uleb128 0x3b
 1047 010b 05       		.uleb128 0x5
 1048 010c 49       		.uleb128 0x49
 1049 010d 13       		.uleb128 0x13
 1050 010e 02       		.uleb128 0x2
 1051 010f 18       		.uleb128 0x18
 1052 0110 00       		.byte	0
 1053 0111 00       		.byte	0
 1054 0112 14       		.uleb128 0x14
 1055 0113 2E       		.uleb128 0x2e
 1056 0114 01       		.byte	0x1
 1057 0115 3F       		.uleb128 0x3f
 1058 0116 19       		.uleb128 0x19
 1059 0117 03       		.uleb128 0x3
 1060 0118 0E       		.uleb128 0xe
 1061 0119 3A       		.uleb128 0x3a
 1062 011a 0B       		.uleb128 0xb
 1063 011b 3B       		.uleb128 0x3b
 1064 011c 05       		.uleb128 0x5
 1065 011d 27       		.uleb128 0x27
 1066 011e 19       		.uleb128 0x19
 1067 011f 11       		.uleb128 0x11
 1068 0120 01       		.uleb128 0x1
 1069 0121 12       		.uleb128 0x12
 1070 0122 06       		.uleb128 0x6
 1071 0123 40       		.uleb128 0x40
 1072 0124 18       		.uleb128 0x18
 1073 0125 9642     		.uleb128 0x2116
 1074 0127 19       		.uleb128 0x19
 1075 0128 01       		.uleb128 0x1
 1076 0129 13       		.uleb128 0x13
 1077 012a 00       		.byte	0
 1078 012b 00       		.byte	0
 1079 012c 15       		.uleb128 0x15
 1080 012d 0B       		.uleb128 0xb
 1081 012e 01       		.byte	0x1
 1082 012f 11       		.uleb128 0x11
 1083 0130 01       		.uleb128 0x1
 1084 0131 12       		.uleb128 0x12
 1085 0132 06       		.uleb128 0x6
 1086 0133 00       		.byte	0
 1087 0134 00       		.byte	0
 1088 0135 16       		.uleb128 0x16
 1089 0136 34       		.uleb128 0x34
 1090 0137 00       		.byte	0
 1091 0138 03       		.uleb128 0x3
 1092 0139 08       		.uleb128 0x8
 1093 013a 3A       		.uleb128 0x3a
 1094 013b 0B       		.uleb128 0xb
 1095 013c 3B       		.uleb128 0x3b
 1096 013d 05       		.uleb128 0x5
 1097 013e 49       		.uleb128 0x49
ARM GAS  C:\Users\MM1005~1\AppData\Local\Temp\ccBafKpe.s 			page 30


 1098 013f 13       		.uleb128 0x13
 1099 0140 02       		.uleb128 0x2
 1100 0141 18       		.uleb128 0x18
 1101 0142 00       		.byte	0
 1102 0143 00       		.byte	0
 1103 0144 17       		.uleb128 0x17
 1104 0145 2E       		.uleb128 0x2e
 1105 0146 00       		.byte	0
 1106 0147 3F       		.uleb128 0x3f
 1107 0148 19       		.uleb128 0x19
 1108 0149 03       		.uleb128 0x3
 1109 014a 0E       		.uleb128 0xe
 1110 014b 3A       		.uleb128 0x3a
 1111 014c 0B       		.uleb128 0xb
 1112 014d 3B       		.uleb128 0x3b
 1113 014e 05       		.uleb128 0x5
 1114 014f 27       		.uleb128 0x27
 1115 0150 19       		.uleb128 0x19
 1116 0151 11       		.uleb128 0x11
 1117 0152 01       		.uleb128 0x1
 1118 0153 12       		.uleb128 0x12
 1119 0154 06       		.uleb128 0x6
 1120 0155 40       		.uleb128 0x40
 1121 0156 18       		.uleb128 0x18
 1122 0157 9642     		.uleb128 0x2116
 1123 0159 19       		.uleb128 0x19
 1124 015a 00       		.byte	0
 1125 015b 00       		.byte	0
 1126 015c 18       		.uleb128 0x18
 1127 015d 34       		.uleb128 0x34
 1128 015e 00       		.byte	0
 1129 015f 03       		.uleb128 0x3
 1130 0160 0E       		.uleb128 0xe
 1131 0161 3A       		.uleb128 0x3a
 1132 0162 0B       		.uleb128 0xb
 1133 0163 3B       		.uleb128 0x3b
 1134 0164 0B       		.uleb128 0xb
 1135 0165 49       		.uleb128 0x49
 1136 0166 13       		.uleb128 0x13
 1137 0167 02       		.uleb128 0x2
 1138 0168 18       		.uleb128 0x18
 1139 0169 00       		.byte	0
 1140 016a 00       		.byte	0
 1141 016b 19       		.uleb128 0x19
 1142 016c 01       		.uleb128 0x1
 1143 016d 01       		.byte	0x1
 1144 016e 49       		.uleb128 0x49
 1145 016f 13       		.uleb128 0x13
 1146 0170 01       		.uleb128 0x1
 1147 0171 13       		.uleb128 0x13
 1148 0172 00       		.byte	0
 1149 0173 00       		.byte	0
 1150 0174 1A       		.uleb128 0x1a
 1151 0175 21       		.uleb128 0x21
 1152 0176 00       		.byte	0
 1153 0177 00       		.byte	0
 1154 0178 00       		.byte	0
ARM GAS  C:\Users\MM1005~1\AppData\Local\Temp\ccBafKpe.s 			page 31


 1155 0179 1B       		.uleb128 0x1b
 1156 017a 34       		.uleb128 0x34
 1157 017b 00       		.byte	0
 1158 017c 03       		.uleb128 0x3
 1159 017d 0E       		.uleb128 0xe
 1160 017e 3A       		.uleb128 0x3a
 1161 017f 0B       		.uleb128 0xb
 1162 0180 3B       		.uleb128 0x3b
 1163 0181 0B       		.uleb128 0xb
 1164 0182 49       		.uleb128 0x49
 1165 0183 13       		.uleb128 0x13
 1166 0184 3F       		.uleb128 0x3f
 1167 0185 19       		.uleb128 0x19
 1168 0186 3C       		.uleb128 0x3c
 1169 0187 19       		.uleb128 0x19
 1170 0188 00       		.byte	0
 1171 0189 00       		.byte	0
 1172 018a 1C       		.uleb128 0x1c
 1173 018b 21       		.uleb128 0x21
 1174 018c 00       		.byte	0
 1175 018d 49       		.uleb128 0x49
 1176 018e 13       		.uleb128 0x13
 1177 018f 2F       		.uleb128 0x2f
 1178 0190 0B       		.uleb128 0xb
 1179 0191 00       		.byte	0
 1180 0192 00       		.byte	0
 1181 0193 1D       		.uleb128 0x1d
 1182 0194 34       		.uleb128 0x34
 1183 0195 00       		.byte	0
 1184 0196 03       		.uleb128 0x3
 1185 0197 0E       		.uleb128 0xe
 1186 0198 3A       		.uleb128 0x3a
 1187 0199 0B       		.uleb128 0xb
 1188 019a 3B       		.uleb128 0x3b
 1189 019b 05       		.uleb128 0x5
 1190 019c 49       		.uleb128 0x49
 1191 019d 13       		.uleb128 0x13
 1192 019e 3F       		.uleb128 0x3f
 1193 019f 19       		.uleb128 0x19
 1194 01a0 02       		.uleb128 0x2
 1195 01a1 18       		.uleb128 0x18
 1196 01a2 00       		.byte	0
 1197 01a3 00       		.byte	0
 1198 01a4 00       		.byte	0
 1199              		.section	.debug_aranges,"",%progbits
 1200 0000 44000000 		.4byte	0x44
 1201 0004 0200     		.2byte	0x2
 1202 0006 00000000 		.4byte	.Ldebug_info0
 1203 000a 04       		.byte	0x4
 1204 000b 00       		.byte	0
 1205 000c 0000     		.2byte	0
 1206 000e 0000     		.2byte	0
 1207 0010 00000000 		.4byte	.LFB0
 1208 0014 14000000 		.4byte	.LFE0-.LFB0
 1209 0018 00000000 		.4byte	.LFB1
 1210 001c 14000000 		.4byte	.LFE1-.LFB1
 1211 0020 00000000 		.4byte	.LFB2
ARM GAS  C:\Users\MM1005~1\AppData\Local\Temp\ccBafKpe.s 			page 32


 1212 0024 50000000 		.4byte	.LFE2-.LFB2
 1213 0028 00000000 		.4byte	.LFB3
 1214 002c 98000000 		.4byte	.LFE3-.LFB3
 1215 0030 00000000 		.4byte	.LFB4
 1216 0034 08000000 		.4byte	.LFE4-.LFB4
 1217 0038 00000000 		.4byte	.LFB5
 1218 003c 64000000 		.4byte	.LFE5-.LFB5
 1219 0040 00000000 		.4byte	0
 1220 0044 00000000 		.4byte	0
 1221              		.section	.debug_ranges,"",%progbits
 1222              	.Ldebug_ranges0:
 1223 0000 00000000 		.4byte	.LFB0
 1224 0004 14000000 		.4byte	.LFE0
 1225 0008 00000000 		.4byte	.LFB1
 1226 000c 14000000 		.4byte	.LFE1
 1227 0010 00000000 		.4byte	.LFB2
 1228 0014 50000000 		.4byte	.LFE2
 1229 0018 00000000 		.4byte	.LFB3
 1230 001c 98000000 		.4byte	.LFE3
 1231 0020 00000000 		.4byte	.LFB4
 1232 0024 08000000 		.4byte	.LFE4
 1233 0028 00000000 		.4byte	.LFB5
 1234 002c 64000000 		.4byte	.LFE5
 1235 0030 00000000 		.4byte	0
 1236 0034 00000000 		.4byte	0
 1237              		.section	.debug_line,"",%progbits
 1238              	.Ldebug_line0:
 1239 0000 CB010000 		.section	.debug_str,"MS",%progbits,1
 1239      0200C700 
 1239      00000201 
 1239      FB0E0D00 
 1239      01010101 
 1240              	.LASF14:
 1241 0000 72656733 		.ascii	"reg32\000"
 1241      3200
 1242              	.LASF42:
 1243 0006 474E5520 		.ascii	"GNU C 4.9.3 20150303 (release) [ARM/embedded-4_9-br"
 1243      4320342E 
 1243      392E3320 
 1243      32303135 
 1243      30333033 
 1244 0039 616E6368 		.ascii	"anch revision 221220] -mcpu=cortex-m0 -mthumb -g -O"
 1244      20726576 
 1244      6973696F 
 1244      6E203232 
 1244      31323230 
 1245 006c 30202D66 		.ascii	"0 -ffunction-sections -ffat-lto-objects\000"
 1245      66756E63 
 1245      74696F6E 
 1245      2D736563 
 1245      74696F6E 
 1246              	.LASF16:
 1247 0094 73697A65 		.ascii	"size_t\000"
 1247      5F7400
 1248              	.LASF40:
 1249 009b 43795261 		.ascii	"CyRamVectors\000"
 1249      6D566563 
ARM GAS  C:\Users\MM1005~1\AppData\Local\Temp\ccBafKpe.s 			page 33


 1249      746F7273 
 1249      00
 1250              	.LASF28:
 1251 00a8 53746172 		.ascii	"Start_c\000"
 1251      745F6300 
 1252              	.LASF32:
 1253 00b0 636F756E 		.ascii	"count\000"
 1253      7400
 1254              	.LASF26:
 1255 00b6 68656170 		.ascii	"heapPointer\000"
 1255      506F696E 
 1255      74657200 
 1256              	.LASF3:
 1257 00c2 73686F72 		.ascii	"short unsigned int\000"
 1257      7420756E 
 1257      7369676E 
 1257      65642069 
 1257      6E7400
 1258              	.LASF39:
 1259 00d5 5F5F6379 		.ascii	"__cy_region_num\000"
 1259      5F726567 
 1259      696F6E5F 
 1259      6E756D00 
 1260              	.LASF19:
 1261 00e5 696E6974 		.ascii	"init\000"
 1261      00
 1262              	.LASF23:
 1263 00ea 73746174 		.ascii	"status\000"
 1263      757300
 1264              	.LASF22:
 1265 00f1 7A65726F 		.ascii	"zero_size\000"
 1265      5F73697A 
 1265      6500
 1266              	.LASF30:
 1267 00fb 72707472 		.ascii	"rptr\000"
 1267      00
 1268              	.LASF11:
 1269 0100 666C6F61 		.ascii	"float\000"
 1269      7400
 1270              	.LASF20:
 1271 0106 64617461 		.ascii	"data\000"
 1271      00
 1272              	.LASF1:
 1273 010b 756E7369 		.ascii	"unsigned char\000"
 1273      676E6564 
 1273      20636861 
 1273      7200
 1274              	.LASF25:
 1275 0119 72657475 		.ascii	"returnValue\000"
 1275      726E5661 
 1275      6C756500 
 1276              	.LASF41:
 1277 0125 526F6D56 		.ascii	"RomVectors\000"
 1277      6563746F 
 1277      727300
 1278              	.LASF5:
 1279 0130 6C6F6E67 		.ascii	"long unsigned int\000"
ARM GAS  C:\Users\MM1005~1\AppData\Local\Temp\ccBafKpe.s 			page 34


 1279      20756E73 
 1279      69676E65 
 1279      6420696E 
 1279      7400
 1280              	.LASF37:
 1281 0142 63795379 		.ascii	"cySysNoInitDataValid\000"
 1281      734E6F49 
 1281      6E697444 
 1281      61746156 
 1281      616C6964 
 1282              	.LASF9:
 1283 0157 75696E74 		.ascii	"uint8\000"
 1283      3800
 1284              	.LASF34:
 1285 015d 52657365 		.ascii	"Reset\000"
 1285      7400
 1286              	.LASF27:
 1287 0163 5F657869 		.ascii	"_exit\000"
 1287      7400
 1288              	.LASF33:
 1289 0169 496E7444 		.ascii	"IntDefaultHandler\000"
 1289      65666175 
 1289      6C744861 
 1289      6E646C65 
 1289      7200
 1290              	.LASF46:
 1291 017b 5F736272 		.ascii	"_sbrk\000"
 1291      6B00
 1292              	.LASF12:
 1293 0181 646F7562 		.ascii	"double\000"
 1293      6C6500
 1294              	.LASF35:
 1295 0188 696E6974 		.ascii	"initialize_psoc\000"
 1295      69616C69 
 1295      7A655F70 
 1295      736F6300 
 1296              	.LASF43:
 1297 0198 47656E65 		.ascii	"Generated_Source\\PSoC4\\Cm0Start.c\000"
 1297      72617465 
 1297      645F536F 
 1297      75726365 
 1297      5C50536F 
 1298              	.LASF10:
 1299 01ba 75696E74 		.ascii	"uint32\000"
 1299      333200
 1300              	.LASF36:
 1301 01c1 696E6465 		.ascii	"indexInit\000"
 1301      78496E69 
 1301      7400
 1302              	.LASF8:
 1303 01cb 756E7369 		.ascii	"unsigned int\000"
 1303      676E6564 
 1303      20696E74 
 1303      00
 1304              	.LASF44:
 1305 01d8 433A5C55 		.ascii	"C:\\Users\\mm1005301\\Documents\\PSoC Creator\\SCB_"
 1305      73657273 
ARM GAS  C:\Users\MM1005~1\AppData\Local\Temp\ccBafKpe.s 			page 35


 1305      5C6D6D31 
 1305      30303533 
 1305      30315C44 
 1306 0206 49326343 		.ascii	"I2cCommSlave01\\SCB_I2cCommMaster01.cydsn\000"
 1306      6F6D6D53 
 1306      6C617665 
 1306      30315C53 
 1306      43425F49 
 1307              	.LASF7:
 1308 022f 6C6F6E67 		.ascii	"long long unsigned int\000"
 1308      206C6F6E 
 1308      6720756E 
 1308      7369676E 
 1308      65642069 
 1309              	.LASF31:
 1310 0246 6C696D69 		.ascii	"limit\000"
 1310      7400
 1311              	.LASF15:
 1312 024c 63796973 		.ascii	"cyisraddress\000"
 1312      72616464 
 1312      72657373 
 1312      00
 1313              	.LASF21:
 1314 0259 696E6974 		.ascii	"init_size\000"
 1314      5F73697A 
 1314      6500
 1315              	.LASF18:
 1316 0263 5F5F6379 		.ascii	"__cy_byte_align8\000"
 1316      5F627974 
 1316      655F616C 
 1316      69676E38 
 1316      00
 1317              	.LASF17:
 1318 0274 73697A65 		.ascii	"sizetype\000"
 1318      74797065 
 1318      00
 1319              	.LASF6:
 1320 027d 6C6F6E67 		.ascii	"long long int\000"
 1320      206C6F6E 
 1320      6720696E 
 1320      7400
 1321              	.LASF13:
 1322 028b 63686172 		.ascii	"char\000"
 1322      00
 1323              	.LASF2:
 1324 0290 73686F72 		.ascii	"short int\000"
 1324      7420696E 
 1324      7400
 1325              	.LASF4:
 1326 029a 6C6F6E67 		.ascii	"long int\000"
 1326      20696E74 
 1326      00
 1327              	.LASF0:
 1328 02a3 7369676E 		.ascii	"signed char\000"
 1328      65642063 
 1328      68617200 
 1329              	.LASF38:
ARM GAS  C:\Users\MM1005~1\AppData\Local\Temp\ccBafKpe.s 			page 36


 1330 02af 5F5F6379 		.ascii	"__cy_regions\000"
 1330      5F726567 
 1330      696F6E73 
 1330      00
 1331              	.LASF29:
 1332 02bc 72656769 		.ascii	"regions\000"
 1332      6F6E7300 
 1333              	.LASF24:
 1334 02c4 6E627974 		.ascii	"nbytes\000"
 1334      657300
 1335              	.LASF45:
 1336 02cb 5F5F6379 		.ascii	"__cy_region\000"
 1336      5F726567 
 1336      696F6E00 
 1337              		.ident	"GCC: (GNU Tools for ARM Embedded Processors) 4.9.3 20150303 (release) [ARM/embedded-4_9-br
