--------------- Rebuild Started: 01/24/2017 18:01:05 Project: Slider, Configuration: ARM GCC 4.9-2015-q1-update Debug ---------------
Deleting file ".\ARM_GCC_493\Debug\main.o"
Deleting file ".\ARM_GCC_493\Debug\cyfitter_cfg.o"
Deleting file ".\ARM_GCC_493\Debug\cymetadata.o"
Deleting file ".\ARM_GCC_493\Debug\CapSense_Control.o"
Deleting file ".\ARM_GCC_493\Debug\CapSense_Processing.o"
Deleting file ".\ARM_GCC_493\Debug\CapSense_Structure.o"
Deleting file ".\ARM_GCC_493\Debug\CapSense_Tuner.o"
Deleting file ".\ARM_GCC_493\Debug\CapSense_Filter.o"
Deleting file ".\ARM_GCC_493\Debug\CapSense_Sensing.o"
Deleting file ".\ARM_GCC_493\Debug\CapSense_INT.o"
Deleting file ".\ARM_GCC_493\Debug\CapSense_SensingCSD_LL.o"
Deleting file ".\ARM_GCC_493\Debug\CapSense_Centroid_LL.o"
Deleting file ".\ARM_GCC_493\Debug\CapSense_ISR.o"
Deleting file ".\ARM_GCC_493\Debug\Cm0plusStart.o"
Deleting file ".\ARM_GCC_493\Debug\CyBootAsmGnu.o"
Deleting file ".\ARM_GCC_493\Debug\CyFlash.o"
Deleting file ".\ARM_GCC_493\Debug\CyLib.o"
Deleting file ".\ARM_GCC_493\Debug\cyPm.o"
Deleting file ".\ARM_GCC_493\Debug\cyutils.o"
Deleting file ".\ARM_GCC_493\Debug\CyLFClk.o"
Deleting file ".\ARM_GCC_493\Debug\Blank.o"
Deleting file ".\ARM_GCC_493\Debug\Blank_PM.o"
Deleting file ".\ARM_GCC_493\Debug\SPIM.o"
Deleting file ".\ARM_GCC_493\Debug\SPIM_SPI_UART.o"
Deleting file ".\ARM_GCC_493\Debug\SPIM_PM.o"
Deleting file ".\ARM_GCC_493\Debug\SPIM_SPI.o"
Deleting file ".\ARM_GCC_493\Debug\SPIM_BOOT.o"
Deleting file ".\ARM_GCC_493\Debug\SPIM_SPI_BOOT.o"
Deleting file ".\ARM_GCC_493\Debug\SPIM_SPI_UART_INT.o"
Deleting file ".\ARM_GCC_493\Debug\SPIM_SCBCLK.o"
Deleting file ".\ARM_GCC_493\Debug\SPIM_sclk_m.o"
Deleting file ".\ARM_GCC_493\Debug\SPIM_sclk_m_PM.o"
Deleting file ".\ARM_GCC_493\Debug\SPIM_mosi_m.o"
Deleting file ".\ARM_GCC_493\Debug\SPIM_mosi_m_PM.o"
Deleting file ".\ARM_GCC_493\Debug\Latch.o"
Deleting file ".\ARM_GCC_493\Debug\Latch_PM.o"
Deleting file ".\ARM_GCC_493\Debug\SPIM_SCB_IRQ.o"
Deleting file ".\ARM_GCC_493\Debug\UART_1.o"
Deleting file ".\ARM_GCC_493\Debug\UART_1_SPI_UART.o"
Deleting file ".\ARM_GCC_493\Debug\UART_1_SPI_UART_INT.o"
Deleting file ".\ARM_GCC_493\Debug\UART_1_PM.o"
Deleting file ".\ARM_GCC_493\Debug\UART_1_UART.o"
Deleting file ".\ARM_GCC_493\Debug\UART_1_BOOT.o"
Deleting file ".\ARM_GCC_493\Debug\UART_1_UART_BOOT.o"
Deleting file ".\ARM_GCC_493\Debug\UART_1_SCBCLK.o"
Deleting file ".\ARM_GCC_493\Debug\UART_1_tx.o"
Deleting file ".\ARM_GCC_493\Debug\UART_1_tx_PM.o"
Deleting file ".\ARM_GCC_493\Debug\UART_1_rx.o"
Deleting file ".\ARM_GCC_493\Debug\UART_1_rx_PM.o"
Deleting file ".\ARM_GCC_493\Debug\Slider.hex"
Deleting file ".\ARM_GCC_493\Debug\Slider.elf"
Deleting file ".\ARM_GCC_493\Debug\Slider.map"
Deleting file ".\Slider.cycdx"
Deleting file ".\Slider.rpt"
Deleting file ".\ARM_GCC_493\Debug\.deps\SOURCE_C__ARM_GCC_GENERIC.P"
Deleting file ".\ARM_GCC_493\Debug\.deps\SOURCE_ASM__ARM_GCC_GENERIC.P"
cydsfit.exe -.appdatapath "C:\Users\bg1026370\AppData\Local\Cypress Semiconductor\PSoC Creator\4.0" -.fdsnotice -.fdswarpdepfile=warp_dependencies.txt -.fdselabdepfile=elab_dependencies.txt -.fdsbldfile=generated_files.txt -.fdsreffile=referenced_files.txt -p C:\Bruno\Slider_WS.Bundle05\Slider\Slider.cydsn\Slider.cyprj -d CY8C4045LQI-S411 -s C:\Bruno\Slider_WS.Bundle05\Slider\Slider.cydsn\Generated_Source\PSoC4 -- -yv2 -q10 -ygs -o2 -v3 -.fftcfgtype=LE
Elaborating Design...
HDL Generation...
Synthesis...
Tech Mapping...
Analog Placement...
Analog Routing...
Analog Code Generation...
Digital Placement...
Digital Routing...
Info: pft.M0077: There is no timing information available for the selected device. Static timing checks will not be applied and digital routing will not be timing-driven. (App=cydsfit)
Bitstream Generation...
Bitstream Verification...
Static timing analysis...
API Generation...
Dependency Generation...
Cleanup...
arm-none-eabi-gcc.exe -mcpu=cortex-m0plus -mthumb -I. -IGenerated_Source\PSoC4 -Wa,-alh=.\ARM_GCC_493\Debug/main.lst -g -D DEBUG -Wall -ffunction-sections -Og -ffat-lto-objects -c main.c -o .\ARM_GCC_493\Debug\main.o
arm-none-eabi-gcc.exe -mcpu=cortex-m0plus -mthumb -I. -IGenerated_Source\PSoC4 -Wa,-alh=.\ARM_GCC_493\Debug/cyfitter_cfg.lst -g -D DEBUG -Wall -ffunction-sections -Og -ffat-lto-objects -c Generated_Source\PSoC4\cyfitter_cfg.c -o .\ARM_GCC_493\Debug\cyfitter_cfg.o
arm-none-eabi-gcc.exe -mcpu=cortex-m0plus -mthumb -I. -IGenerated_Source\PSoC4 -Wa,-alh=.\ARM_GCC_493\Debug/cymetadata.lst -g -D DEBUG -Wall -ffunction-sections -Og -ffat-lto-objects -c Generated_Source\PSoC4\cymetadata.c -o .\ARM_GCC_493\Debug\cymetadata.o
arm-none-eabi-gcc.exe -mcpu=cortex-m0plus -mthumb -I. -IGenerated_Source\PSoC4 -Wa,-alh=.\ARM_GCC_493\Debug/CapSense_Control.lst -g -D DEBUG -Wall -ffunction-sections -Og -ffat-lto-objects -c Generated_Source\PSoC4\CapSense_Control.c -o .\ARM_GCC_493\Debug\CapSense_Control.o
arm-none-eabi-gcc.exe -mcpu=cortex-m0plus -mthumb -I. -IGenerated_Source\PSoC4 -Wa,-alh=.\ARM_GCC_493\Debug/CapSense_Processing.lst -g -D DEBUG -Wall -ffunction-sections -Og -ffat-lto-objects -c Generated_Source\PSoC4\CapSense_Processing.c -o .\ARM_GCC_493\Debug\CapSense_Processing.o
arm-none-eabi-gcc.exe -mcpu=cortex-m0plus -mthumb -I. -IGenerated_Source\PSoC4 -Wa,-alh=.\ARM_GCC_493\Debug/CapSense_Structure.lst -g -D DEBUG -Wall -ffunction-sections -Og -ffat-lto-objects -c Generated_Source\PSoC4\CapSense_Structure.c -o .\ARM_GCC_493\Debug\CapSense_Structure.o
arm-none-eabi-gcc.exe -mcpu=cortex-m0plus -mthumb -I. -IGenerated_Source\PSoC4 -Wa,-alh=.\ARM_GCC_493\Debug/CapSense_Tuner.lst -g -D DEBUG -Wall -ffunction-sections -Og -ffat-lto-objects -c Generated_Source\PSoC4\CapSense_Tuner.c -o .\ARM_GCC_493\Debug\CapSense_Tuner.o
arm-none-eabi-gcc.exe -mcpu=cortex-m0plus -mthumb -I. -IGenerated_Source\PSoC4 -Wa,-alh=.\ARM_GCC_493\Debug/CapSense_Filter.lst -g -D DEBUG -Wall -ffunction-sections -Og -ffat-lto-objects -c Generated_Source\PSoC4\CapSense_Filter.c -o .\ARM_GCC_493\Debug\CapSense_Filter.o
arm-none-eabi-gcc.exe -mcpu=cortex-m0plus -mthumb -I. -IGenerated_Source\PSoC4 -Wa,-alh=.\ARM_GCC_493\Debug/CapSense_Sensing.lst -g -D DEBUG -Wall -ffunction-sections -Og -ffat-lto-objects -c Generated_Source\PSoC4\CapSense_Sensing.c -o .\ARM_GCC_493\Debug\CapSense_Sensing.o
arm-none-eabi-gcc.exe -mcpu=cortex-m0plus -mthumb -I. -IGenerated_Source\PSoC4 -Wa,-alh=.\ARM_GCC_493\Debug/CapSense_INT.lst -g -D DEBUG -Wall -ffunction-sections -Og -ffat-lto-objects -c Generated_Source\PSoC4\CapSense_INT.c -o .\ARM_GCC_493\Debug\CapSense_INT.o
arm-none-eabi-gcc.exe -mcpu=cortex-m0plus -mthumb -I. -IGenerated_Source\PSoC4 -Wa,-alh=.\ARM_GCC_493\Debug/CapSense_SensingCSD_LL.lst -g -D DEBUG -Wall -ffunction-sections -Og -ffat-lto-objects -c Generated_Source\PSoC4\CapSense_SensingCSD_LL.c -o .\ARM_GCC_493\Debug\CapSense_SensingCSD_LL.o
arm-none-eabi-gcc.exe -mcpu=cortex-m0plus -mthumb -I. -IGenerated_Source\PSoC4 -Wa,-alh=.\ARM_GCC_493\Debug/CapSense_Centroid_LL.lst -g -D DEBUG -Wall -ffunction-sections -Og -ffat-lto-objects -c Generated_Source\PSoC4\CapSense_Centroid_LL.c -o .\ARM_GCC_493\Debug\CapSense_Centroid_LL.o
arm-none-eabi-gcc.exe -mcpu=cortex-m0plus -mthumb -I. -IGenerated_Source\PSoC4 -Wa,-alh=.\ARM_GCC_493\Debug/CapSense_ISR.lst -g -D DEBUG -Wall -ffunction-sections -Og -ffat-lto-objects -c Generated_Source\PSoC4\CapSense_ISR.c -o .\ARM_GCC_493\Debug\CapSense_ISR.o
arm-none-eabi-gcc.exe -mcpu=cortex-m0plus -mthumb -I. -IGenerated_Source\PSoC4 -Wa,-alh=.\ARM_GCC_493\Debug/Cm0plusStart.lst -g -D DEBUG -Wall -ffunction-sections -Og -ffat-lto-objects -c Generated_Source\PSoC4\Cm0plusStart.c -o .\ARM_GCC_493\Debug\Cm0plusStart.o
arm-none-eabi-gcc.exe -mcpu=cortex-m0plus -mthumb -I. -IGenerated_Source\PSoC4 -Wa,-alh=.\ARM_GCC_493\Debug/CyFlash.lst -g -D DEBUG -Wall -ffunction-sections -Og -ffat-lto-objects -c Generated_Source\PSoC4\CyFlash.c -o .\ARM_GCC_493\Debug\CyFlash.o
arm-none-eabi-gcc.exe -mcpu=cortex-m0plus -mthumb -I. -IGenerated_Source\PSoC4 -Wa,-alh=.\ARM_GCC_493\Debug/CyLib.lst -g -D DEBUG -Wall -ffunction-sections -Og -ffat-lto-objects -c Generated_Source\PSoC4\CyLib.c -o .\ARM_GCC_493\Debug\CyLib.o
arm-none-eabi-gcc.exe -mcpu=cortex-m0plus -mthumb -I. -IGenerated_Source\PSoC4 -Wa,-alh=.\ARM_GCC_493\Debug/cyPm.lst -g -D DEBUG -Wall -ffunction-sections -Og -ffat-lto-objects -c Generated_Source\PSoC4\cyPm.c -o .\ARM_GCC_493\Debug\cyPm.o
arm-none-eabi-gcc.exe -mcpu=cortex-m0plus -mthumb -I. -IGenerated_Source\PSoC4 -Wa,-alh=.\ARM_GCC_493\Debug/cyutils.lst -g -D DEBUG -Wall -ffunction-sections -Og -ffat-lto-objects -c Generated_Source\PSoC4\cyutils.c -o .\ARM_GCC_493\Debug\cyutils.o
arm-none-eabi-gcc.exe -mcpu=cortex-m0plus -mthumb -I. -IGenerated_Source\PSoC4 -Wa,-alh=.\ARM_GCC_493\Debug/CyLFClk.lst -g -D DEBUG -Wall -ffunction-sections -Og -ffat-lto-objects -c Generated_Source\PSoC4\CyLFClk.c -o .\ARM_GCC_493\Debug\CyLFClk.o
arm-none-eabi-gcc.exe -mcpu=cortex-m0plus -mthumb -I. -IGenerated_Source\PSoC4 -Wa,-alh=.\ARM_GCC_493\Debug/Blank.lst -g -D DEBUG -Wall -ffunction-sections -Og -ffat-lto-objects -c Generated_Source\PSoC4\Blank.c -o .\ARM_GCC_493\Debug\Blank.o
arm-none-eabi-gcc.exe -mcpu=cortex-m0plus -mthumb -I. -IGenerated_Source\PSoC4 -Wa,-alh=.\ARM_GCC_493\Debug/Blank_PM.lst -g -D DEBUG -Wall -ffunction-sections -Og -ffat-lto-objects -c Generated_Source\PSoC4\Blank_PM.c -o .\ARM_GCC_493\Debug\Blank_PM.o
arm-none-eabi-gcc.exe -mcpu=cortex-m0plus -mthumb -I. -IGenerated_Source\PSoC4 -Wa,-alh=.\ARM_GCC_493\Debug/SPIM.lst -g -D DEBUG -Wall -ffunction-sections -Og -ffat-lto-objects -c Generated_Source\PSoC4\SPIM.c -o .\ARM_GCC_493\Debug\SPIM.o
arm-none-eabi-gcc.exe -mcpu=cortex-m0plus -mthumb -I. -IGenerated_Source\PSoC4 -Wa,-alh=.\ARM_GCC_493\Debug/SPIM_SPI_UART.lst -g -D DEBUG -Wall -ffunction-sections -Og -ffat-lto-objects -c Generated_Source\PSoC4\SPIM_SPI_UART.c -o .\ARM_GCC_493\Debug\SPIM_SPI_UART.o
arm-none-eabi-gcc.exe -mcpu=cortex-m0plus -mthumb -I. -IGenerated_Source\PSoC4 -Wa,-alh=.\ARM_GCC_493\Debug/SPIM_PM.lst -g -D DEBUG -Wall -ffunction-sections -Og -ffat-lto-objects -c Generated_Source\PSoC4\SPIM_PM.c -o .\ARM_GCC_493\Debug\SPIM_PM.o
arm-none-eabi-gcc.exe -mcpu=cortex-m0plus -mthumb -I. -IGenerated_Source\PSoC4 -Wa,-alh=.\ARM_GCC_493\Debug/SPIM_SPI.lst -g -D DEBUG -Wall -ffunction-sections -Og -ffat-lto-objects -c Generated_Source\PSoC4\SPIM_SPI.c -o .\ARM_GCC_493\Debug\SPIM_SPI.o
arm-none-eabi-gcc.exe -mcpu=cortex-m0plus -mthumb -I. -IGenerated_Source\PSoC4 -Wa,-alh=.\ARM_GCC_493\Debug/SPIM_BOOT.lst -g -D DEBUG -Wall -ffunction-sections -Og -ffat-lto-objects -c Generated_Source\PSoC4\SPIM_BOOT.c -o .\ARM_GCC_493\Debug\SPIM_BOOT.o
arm-none-eabi-gcc.exe -mcpu=cortex-m0plus -mthumb -I. -IGenerated_Source\PSoC4 -Wa,-alh=.\ARM_GCC_493\Debug/SPIM_SPI_BOOT.lst -g -D DEBUG -Wall -ffunction-sections -Og -ffat-lto-objects -c Generated_Source\PSoC4\SPIM_SPI_BOOT.c -o .\ARM_GCC_493\Debug\SPIM_SPI_BOOT.o
arm-none-eabi-gcc.exe -mcpu=cortex-m0plus -mthumb -I. -IGenerated_Source\PSoC4 -Wa,-alh=.\ARM_GCC_493\Debug/SPIM_SPI_UART_INT.lst -g -D DEBUG -Wall -ffunction-sections -Og -ffat-lto-objects -c Generated_Source\PSoC4\SPIM_SPI_UART_INT.c -o .\ARM_GCC_493\Debug\SPIM_SPI_UART_INT.o
arm-none-eabi-gcc.exe -mcpu=cortex-m0plus -mthumb -I. -IGenerated_Source\PSoC4 -Wa,-alh=.\ARM_GCC_493\Debug/SPIM_SCBCLK.lst -g -D DEBUG -Wall -ffunction-sections -Og -ffat-lto-objects -c Generated_Source\PSoC4\SPIM_SCBCLK.c -o .\ARM_GCC_493\Debug\SPIM_SCBCLK.o
arm-none-eabi-gcc.exe -mcpu=cortex-m0plus -mthumb -I. -IGenerated_Source\PSoC4 -Wa,-alh=.\ARM_GCC_493\Debug/SPIM_sclk_m.lst -g -D DEBUG -Wall -ffunction-sections -Og -ffat-lto-objects -c Generated_Source\PSoC4\SPIM_sclk_m.c -o .\ARM_GCC_493\Debug\SPIM_sclk_m.o
arm-none-eabi-gcc.exe -mcpu=cortex-m0plus -mthumb -I. -IGenerated_Source\PSoC4 -Wa,-alh=.\ARM_GCC_493\Debug/SPIM_sclk_m_PM.lst -g -D DEBUG -Wall -ffunction-sections -Og -ffat-lto-objects -c Generated_Source\PSoC4\SPIM_sclk_m_PM.c -o .\ARM_GCC_493\Debug\SPIM_sclk_m_PM.o
arm-none-eabi-gcc.exe -mcpu=cortex-m0plus -mthumb -I. -IGenerated_Source\PSoC4 -Wa,-alh=.\ARM_GCC_493\Debug/SPIM_mosi_m.lst -g -D DEBUG -Wall -ffunction-sections -Og -ffat-lto-objects -c Generated_Source\PSoC4\SPIM_mosi_m.c -o .\ARM_GCC_493\Debug\SPIM_mosi_m.o
arm-none-eabi-gcc.exe -mcpu=cortex-m0plus -mthumb -I. -IGenerated_Source\PSoC4 -Wa,-alh=.\ARM_GCC_493\Debug/SPIM_mosi_m_PM.lst -g -D DEBUG -Wall -ffunction-sections -Og -ffat-lto-objects -c Generated_Source\PSoC4\SPIM_mosi_m_PM.c -o .\ARM_GCC_493\Debug\SPIM_mosi_m_PM.o
arm-none-eabi-gcc.exe -mcpu=cortex-m0plus -mthumb -I. -IGenerated_Source\PSoC4 -Wa,-alh=.\ARM_GCC_493\Debug/Latch.lst -g -D DEBUG -Wall -ffunction-sections -Og -ffat-lto-objects -c Generated_Source\PSoC4\Latch.c -o .\ARM_GCC_493\Debug\Latch.o
arm-none-eabi-gcc.exe -mcpu=cortex-m0plus -mthumb -I. -IGenerated_Source\PSoC4 -Wa,-alh=.\ARM_GCC_493\Debug/Latch_PM.lst -g -D DEBUG -Wall -ffunction-sections -Og -ffat-lto-objects -c Generated_Source\PSoC4\Latch_PM.c -o .\ARM_GCC_493\Debug\Latch_PM.o
arm-none-eabi-gcc.exe -mcpu=cortex-m0plus -mthumb -I. -IGenerated_Source\PSoC4 -Wa,-alh=.\ARM_GCC_493\Debug/SPIM_SCB_IRQ.lst -g -D DEBUG -Wall -ffunction-sections -Og -ffat-lto-objects -c Generated_Source\PSoC4\SPIM_SCB_IRQ.c -o .\ARM_GCC_493\Debug\SPIM_SCB_IRQ.o
arm-none-eabi-gcc.exe -mcpu=cortex-m0plus -mthumb -I. -IGenerated_Source\PSoC4 -Wa,-alh=.\ARM_GCC_493\Debug/UART_1.lst -g -D DEBUG -Wall -ffunction-sections -Og -ffat-lto-objects -c Generated_Source\PSoC4\UART_1.c -o .\ARM_GCC_493\Debug\UART_1.o
arm-none-eabi-gcc.exe -mcpu=cortex-m0plus -mthumb -I. -IGenerated_Source\PSoC4 -Wa,-alh=.\ARM_GCC_493\Debug/UART_1_SPI_UART.lst -g -D DEBUG -Wall -ffunction-sections -Og -ffat-lto-objects -c Generated_Source\PSoC4\UART_1_SPI_UART.c -o .\ARM_GCC_493\Debug\UART_1_SPI_UART.o
arm-none-eabi-gcc.exe -mcpu=cortex-m0plus -mthumb -I. -IGenerated_Source\PSoC4 -Wa,-alh=.\ARM_GCC_493\Debug/UART_1_SPI_UART_INT.lst -g -D DEBUG -Wall -ffunction-sections -Og -ffat-lto-objects -c Generated_Source\PSoC4\UART_1_SPI_UART_INT.c -o .\ARM_GCC_493\Debug\UART_1_SPI_UART_INT.o
arm-none-eabi-gcc.exe -mcpu=cortex-m0plus -mthumb -I. -IGenerated_Source\PSoC4 -Wa,-alh=.\ARM_GCC_493\Debug/UART_1_PM.lst -g -D DEBUG -Wall -ffunction-sections -Og -ffat-lto-objects -c Generated_Source\PSoC4\UART_1_PM.c -o .\ARM_GCC_493\Debug\UART_1_PM.o
arm-none-eabi-gcc.exe -mcpu=cortex-m0plus -mthumb -I. -IGenerated_Source\PSoC4 -Wa,-alh=.\ARM_GCC_493\Debug/UART_1_UART.lst -g -D DEBUG -Wall -ffunction-sections -Og -ffat-lto-objects -c Generated_Source\PSoC4\UART_1_UART.c -o .\ARM_GCC_493\Debug\UART_1_UART.o
arm-none-eabi-gcc.exe -mcpu=cortex-m0plus -mthumb -I. -IGenerated_Source\PSoC4 -Wa,-alh=.\ARM_GCC_493\Debug/UART_1_BOOT.lst -g -D DEBUG -Wall -ffunction-sections -Og -ffat-lto-objects -c Generated_Source\PSoC4\UART_1_BOOT.c -o .\ARM_GCC_493\Debug\UART_1_BOOT.o
arm-none-eabi-gcc.exe -mcpu=cortex-m0plus -mthumb -I. -IGenerated_Source\PSoC4 -Wa,-alh=.\ARM_GCC_493\Debug/UART_1_UART_BOOT.lst -g -D DEBUG -Wall -ffunction-sections -Og -ffat-lto-objects -c Generated_Source\PSoC4\UART_1_UART_BOOT.c -o .\ARM_GCC_493\Debug\UART_1_UART_BOOT.o
arm-none-eabi-gcc.exe -mcpu=cortex-m0plus -mthumb -I. -IGenerated_Source\PSoC4 -Wa,-alh=.\ARM_GCC_493\Debug/UART_1_SCBCLK.lst -g -D DEBUG -Wall -ffunction-sections -Og -ffat-lto-objects -c Generated_Source\PSoC4\UART_1_SCBCLK.c -o .\ARM_GCC_493\Debug\UART_1_SCBCLK.o
arm-none-eabi-gcc.exe -mcpu=cortex-m0plus -mthumb -I. -IGenerated_Source\PSoC4 -Wa,-alh=.\ARM_GCC_493\Debug/UART_1_tx.lst -g -D DEBUG -Wall -ffunction-sections -Og -ffat-lto-objects -c Generated_Source\PSoC4\UART_1_tx.c -o .\ARM_GCC_493\Debug\UART_1_tx.o
arm-none-eabi-gcc.exe -mcpu=cortex-m0plus -mthumb -I. -IGenerated_Source\PSoC4 -Wa,-alh=.\ARM_GCC_493\Debug/UART_1_tx_PM.lst -g -D DEBUG -Wall -ffunction-sections -Og -ffat-lto-objects -c Generated_Source\PSoC4\UART_1_tx_PM.c -o .\ARM_GCC_493\Debug\UART_1_tx_PM.o
arm-none-eabi-gcc.exe -mcpu=cortex-m0plus -mthumb -I. -IGenerated_Source\PSoC4 -Wa,-alh=.\ARM_GCC_493\Debug/UART_1_rx.lst -g -D DEBUG -Wall -ffunction-sections -Og -ffat-lto-objects -c Generated_Source\PSoC4\UART_1_rx.c -o .\ARM_GCC_493\Debug\UART_1_rx.o
arm-none-eabi-gcc.exe -mcpu=cortex-m0plus -mthumb -I. -IGenerated_Source\PSoC4 -Wa,-alh=.\ARM_GCC_493\Debug/UART_1_rx_PM.lst -g -D DEBUG -Wall -ffunction-sections -Og -ffat-lto-objects -c Generated_Source\PSoC4\UART_1_rx_PM.c -o .\ARM_GCC_493\Debug\UART_1_rx_PM.o
arm-none-eabi-as.exe -mcpu=cortex-m0plus -mthumb -I. -IGenerated_Source\PSoC4 -alh=.\ARM_GCC_493\Debug/CyBootAsmGnu.lst -g -W -o .\ARM_GCC_493\Debug\CyBootAsmGnu.o Generated_Source\PSoC4\CyBootAsmGnu.s
arm-none-eabi-ar.exe -rs .\ARM_GCC_493\Debug\Slider.a .\ARM_GCC_493\Debug\cyfitter_cfg.o .\ARM_GCC_493\Debug\CapSense_Control.o .\ARM_GCC_493\Debug\CapSense_Processing.o .\ARM_GCC_493\Debug\CapSense_Structure.o .\ARM_GCC_493\Debug\CapSense_Tuner.o .\ARM_GCC_493\Debug\CapSense_Filter.o .\ARM_GCC_493\Debug\CapSense_Sensing.o .\ARM_GCC_493\Debug\CapSense_INT.o .\ARM_GCC_493\Debug\CapSense_SensingCSD_LL.o .\ARM_GCC_493\Debug\CapSense_Centroid_LL.o .\ARM_GCC_493\Debug\CapSense_ISR.o .\ARM_GCC_493\Debug\CyFlash.o .\ARM_GCC_493\Debug\CyLib.o .\ARM_GCC_493\Debug\cyPm.o .\ARM_GCC_493\Debug\cyutils.o .\ARM_GCC_493\Debug\CyLFClk.o .\ARM_GCC_493\Debug\Blank.o .\ARM_GCC_493\Debug\Blank_PM.o .\ARM_GCC_493\Debug\SPIM.o .\ARM_GCC_493\Debug\SPIM_SPI_UART.o .\ARM_GCC_493\Debug\SPIM_PM.o .\ARM_GCC_493\Debug\SPIM_SPI.o .\ARM_GCC_493\Debug\SPIM_BOOT.o .\ARM_GCC_493\Debug\SPIM_SPI_BOOT.o .\ARM_GCC_493\Debug\SPIM_SPI_UART_INT.o .\ARM_GCC_493\Debug\SPIM_SCBCLK.o .\ARM_GCC_493\Debug\SPIM_sclk_m.o .\ARM_GCC_493\Debug\SPIM_sclk_m_PM.o .\ARM_GCC_493\Debug\SPIM_mosi_m.o .\ARM_GCC_493\Debug\SPIM_mosi_m_PM.o .\ARM_GCC_493\Debug\Latch.o .\ARM_GCC_493\Debug\Latch_PM.o .\ARM_GCC_493\Debug\SPIM_SCB_IRQ.o .\ARM_GCC_493\Debug\UART_1.o .\ARM_GCC_493\Debug\UART_1_SPI_UART.o .\ARM_GCC_493\Debug\UART_1_SPI_UART_INT.o .\ARM_GCC_493\Debug\UART_1_PM.o .\ARM_GCC_493\Debug\UART_1_UART.o .\ARM_GCC_493\Debug\UART_1_BOOT.o .\ARM_GCC_493\Debug\UART_1_UART_BOOT.o .\ARM_GCC_493\Debug\UART_1_SCBCLK.o .\ARM_GCC_493\Debug\UART_1_tx.o .\ARM_GCC_493\Debug\UART_1_tx_PM.o .\ARM_GCC_493\Debug\UART_1_rx.o .\ARM_GCC_493\Debug\UART_1_rx_PM.o .\ARM_GCC_493\Debug\CyBootAsmGnu.o
arm-none-eabi-ar.exe: creating .\ARM_GCC_493\Debug\Slider.a
arm-none-eabi-gcc.exe -Wl,--start-group -o .\ARM_GCC_493\Debug\Slider.elf .\ARM_GCC_493\Debug\main.o .\ARM_GCC_493\Debug\cymetadata.o .\ARM_GCC_493\Debug\Cm0plusStart.o .\ARM_GCC_493\Debug\Slider.a "C:\Program Files (x86)\Cypress\PSoC Creator\4.0\PSoC Creator\psoc\content\cycomponentlibrary\CyComponentLibrary.cylib\CapSense_P4_v3_10\PSoC4\Library\Capsense_P4Library_GCCp.a" -mcpu=cortex-m0plus -mthumb -g -ffunction-sections -Og -ffat-lto-objects -L Generated_Source\PSoC4 -Wl,-Map,.\ARM_GCC_493\Debug/Slider.map -T C:\Bruno\Slider_WS.Bundle05\Slider\Slider.cydsn\Generated_Source\PSoC4\cm0plusgcc.ld -specs=nano.specs -Wl,--gc-sections -Wl,--end-group
cyelftool.exe -C C:\Bruno\Slider_WS.Bundle05\Slider\Slider.cydsn\ARM_GCC_493\Debug\Slider.elf --flash_row_size 128 --flash_size 32768
cyelftool.exe -S C:\Bruno\Slider_WS.Bundle05\Slider\Slider.cydsn\ARM_GCC_493\Debug\Slider.elf
Flash used: 10622 of 32768 bytes (32.4 %).
SRAM used: 1516 of 4096 bytes (37.0 %). Stack: 512 bytes. Heap: 128 bytes.
--------------- Rebuild Succeeded: 01/24/2017 18:01:22 ---------------
