--------------- Clean Started: 05/12/2017 09:14:22 Project: Slider, Configuration: ARM GCC 4.9-2015-q1-update Debug ---------------
Deleting file ".\ARM_GCC_493\Debug\main.o"
Deleting file ".\ARM_GCC_493\Debug\animation.o"
Deleting file ".\ARM_GCC_493\Debug\led.o"
Deleting file ".\ARM_GCC_493\Debug\util.o"
Deleting file ".\ARM_GCC_493\Debug\command_telemetry.o"
Deleting file ".\ARM_GCC_493\Debug\cyfitter_cfg.o"
Deleting file ".\ARM_GCC_493\Debug\cymetadata.o"
Deleting file ".\ARM_GCC_493\Debug\CapSense_Control.o"
Deleting file ".\ARM_GCC_493\Debug\CapSense_Processing.o"
Deleting file ".\ARM_GCC_493\Debug\CapSense_Structure.o"
Deleting file ".\ARM_GCC_493\Debug\CapSense_Tuner.o"
Deleting file ".\ARM_GCC_493\Debug\CapSense_Filter.o"
Deleting file ".\ARM_GCC_493\Debug\CapSense_Sensing.o"
Deleting file ".\ARM_GCC_493\Debug\CapSense_INT.o"
Deleting file ".\ARM_GCC_493\Debug\CapSense_SensingCSD_LL.o"
Deleting file ".\ARM_GCC_493\Debug\CapSense_Centroid_LL.o"
Deleting file ".\ARM_GCC_493\Debug\CapSense_SensingCSX_LL.o"
Deleting file ".\ARM_GCC_493\Debug\CapSense_ISR.o"
Deleting file ".\ARM_GCC_493\Debug\Cm0plusStart.o"
Deleting file ".\ARM_GCC_493\Debug\CyBootAsmGnu.o"
Deleting file ".\ARM_GCC_493\Debug\CyFlash.o"
Deleting file ".\ARM_GCC_493\Debug\CyLib.o"
Deleting file ".\ARM_GCC_493\Debug\cyPm.o"
Deleting file ".\ARM_GCC_493\Debug\cyutils.o"
Deleting file ".\ARM_GCC_493\Debug\CyLFClk.o"
Deleting file ".\ARM_GCC_493\Debug\UART_1.o"
Deleting file ".\ARM_GCC_493\Debug\UART_1_SPI_UART.o"
Deleting file ".\ARM_GCC_493\Debug\UART_1_SPI_UART_INT.o"
Deleting file ".\ARM_GCC_493\Debug\UART_1_PM.o"
Deleting file ".\ARM_GCC_493\Debug\UART_1_UART.o"
Deleting file ".\ARM_GCC_493\Debug\UART_1_BOOT.o"
Deleting file ".\ARM_GCC_493\Debug\UART_1_UART_BOOT.o"
Deleting file ".\ARM_GCC_493\Debug\UART_1_SCBCLK.o"
Deleting file ".\ARM_GCC_493\Debug\UART_1_tx.o"
Deleting file ".\ARM_GCC_493\Debug\UART_1_tx_PM.o"
Deleting file ".\ARM_GCC_493\Debug\UART_1_rx.o"
Deleting file ".\ARM_GCC_493\Debug\UART_1_rx_PM.o"
Deleting file ".\ARM_GCC_493\Debug\UART_1_SCB_IRQ.o"
Deleting file ".\ARM_GCC_493\Debug\Timer_1.o"
Deleting file ".\ARM_GCC_493\Debug\Timer_1_PM.o"
Deleting file ".\ARM_GCC_493\Debug\Clock_1.o"
Deleting file ".\ARM_GCC_493\Debug\TimerISR.o"
Deleting file ".\ARM_GCC_493\Debug\TACT.o"
Deleting file ".\ARM_GCC_493\Debug\TACT_PM.o"
Deleting file ".\ARM_GCC_493\Debug\Slider.hex"
Deleting file ".\ARM_GCC_493\Debug\Slider.elf"
Deleting file ".\ARM_GCC_493\Debug\Slider.map"
Deleting file ".\Slider.cycdx"
Deleting file ".\Slider.rpt"
Deleting file ".\ARM_GCC_493\Debug\.deps\SOURCE_C__ARM_GCC_GENERIC.P"
Deleting file ".\ARM_GCC_493\Debug\.deps\SOURCE_ASM__ARM_GCC_GENERIC.P"
--------------- Clean Succeeded: 05/12/2017 09:14:23 ---------------
