ARM GAS  C:\Users\TB1014~1\AppData\Local\Temp\ccKfE9Jc.s 			page 1


   1              		.cpu cortex-m0plus
   2              		.fpu softvfp
   3              		.eabi_attribute 20, 1
   4              		.eabi_attribute 21, 1
   5              		.eabi_attribute 23, 3
   6              		.eabi_attribute 24, 1
   7              		.eabi_attribute 25, 1
   8              		.eabi_attribute 26, 1
   9              		.eabi_attribute 30, 1
  10              		.eabi_attribute 34, 0
  11              		.eabi_attribute 18, 4
  12              		.code	16
  13              		.file	"SPIM_SPI_UART_INT.c"
  14              		.text
  15              	.Ltext0:
  16              		.cfi_sections	.debug_frame
  17              		.section	.text.SPIM_SPI_UART_ISR,"ax",%progbits
  18              		.align	2
  19              		.global	SPIM_SPI_UART_ISR
  20              		.code	16
  21              		.thumb_func
  22              		.type	SPIM_SPI_UART_ISR, %function
  23              	SPIM_SPI_UART_ISR:
  24              	.LFB1:
  25              		.file 1 "Generated_Source\\PSoC4\\SPIM_SPI_UART_INT.c"
   1:Generated_Source\PSoC4/SPIM_SPI_UART_INT.c **** /***************************************************************************//**
   2:Generated_Source\PSoC4/SPIM_SPI_UART_INT.c **** * \file SPIM_SPI_UART_INT.c
   3:Generated_Source\PSoC4/SPIM_SPI_UART_INT.c **** * \version 3.20
   4:Generated_Source\PSoC4/SPIM_SPI_UART_INT.c **** *
   5:Generated_Source\PSoC4/SPIM_SPI_UART_INT.c **** * \brief
   6:Generated_Source\PSoC4/SPIM_SPI_UART_INT.c **** *  This file provides the source code to the Interrupt Service Routine for
   7:Generated_Source\PSoC4/SPIM_SPI_UART_INT.c **** *  the SCB Component in SPI and UART modes.
   8:Generated_Source\PSoC4/SPIM_SPI_UART_INT.c **** *
   9:Generated_Source\PSoC4/SPIM_SPI_UART_INT.c **** * Note:
  10:Generated_Source\PSoC4/SPIM_SPI_UART_INT.c **** *
  11:Generated_Source\PSoC4/SPIM_SPI_UART_INT.c **** ********************************************************************************
  12:Generated_Source\PSoC4/SPIM_SPI_UART_INT.c **** * \copyright
  13:Generated_Source\PSoC4/SPIM_SPI_UART_INT.c **** * Copyright 2013-2016, Cypress Semiconductor Corporation.  All rights reserved.
  14:Generated_Source\PSoC4/SPIM_SPI_UART_INT.c **** * You may use this file only in accordance with the license, terms, conditions,
  15:Generated_Source\PSoC4/SPIM_SPI_UART_INT.c **** * disclaimers, and limitations in the end user license agreement accompanying
  16:Generated_Source\PSoC4/SPIM_SPI_UART_INT.c **** * the software package with which this file was provided.
  17:Generated_Source\PSoC4/SPIM_SPI_UART_INT.c **** *******************************************************************************/
  18:Generated_Source\PSoC4/SPIM_SPI_UART_INT.c **** 
  19:Generated_Source\PSoC4/SPIM_SPI_UART_INT.c **** #include "SPIM_PVT.h"
  20:Generated_Source\PSoC4/SPIM_SPI_UART_INT.c **** #include "SPIM_SPI_UART_PVT.h"
  21:Generated_Source\PSoC4/SPIM_SPI_UART_INT.c **** 
  22:Generated_Source\PSoC4/SPIM_SPI_UART_INT.c **** 
  23:Generated_Source\PSoC4/SPIM_SPI_UART_INT.c **** #if (SPIM_SCB_IRQ_INTERNAL)
  24:Generated_Source\PSoC4/SPIM_SPI_UART_INT.c **** /*******************************************************************************
  25:Generated_Source\PSoC4/SPIM_SPI_UART_INT.c **** * Function Name: SPIM_SPI_UART_ISR
  26:Generated_Source\PSoC4/SPIM_SPI_UART_INT.c **** ****************************************************************************//**
  27:Generated_Source\PSoC4/SPIM_SPI_UART_INT.c **** *
  28:Generated_Source\PSoC4/SPIM_SPI_UART_INT.c **** *  Handles the Interrupt Service Routine for the SCB SPI or UART modes.
  29:Generated_Source\PSoC4/SPIM_SPI_UART_INT.c **** *
  30:Generated_Source\PSoC4/SPIM_SPI_UART_INT.c **** *******************************************************************************/
  31:Generated_Source\PSoC4/SPIM_SPI_UART_INT.c **** CY_ISR(SPIM_SPI_UART_ISR)
  32:Generated_Source\PSoC4/SPIM_SPI_UART_INT.c **** {
ARM GAS  C:\Users\TB1014~1\AppData\Local\Temp\ccKfE9Jc.s 			page 2


  26              		.loc 1 32 0
  27              		.cfi_startproc
  28 0000 08B5     		push	{r3, lr}
  29              		.cfi_def_cfa_offset 8
  30              		.cfi_offset 3, -8
  31              		.cfi_offset 14, -4
  33:Generated_Source\PSoC4/SPIM_SPI_UART_INT.c **** #if (SPIM_INTERNAL_RX_SW_BUFFER_CONST)
  34:Generated_Source\PSoC4/SPIM_SPI_UART_INT.c ****     uint32 locHead;
  35:Generated_Source\PSoC4/SPIM_SPI_UART_INT.c **** #endif /* (SPIM_INTERNAL_RX_SW_BUFFER_CONST) */
  36:Generated_Source\PSoC4/SPIM_SPI_UART_INT.c **** 
  37:Generated_Source\PSoC4/SPIM_SPI_UART_INT.c **** #if (SPIM_INTERNAL_TX_SW_BUFFER_CONST)
  38:Generated_Source\PSoC4/SPIM_SPI_UART_INT.c ****     uint32 locTail;
  39:Generated_Source\PSoC4/SPIM_SPI_UART_INT.c **** #endif /* (SPIM_INTERNAL_TX_SW_BUFFER_CONST) */
  40:Generated_Source\PSoC4/SPIM_SPI_UART_INT.c **** 
  41:Generated_Source\PSoC4/SPIM_SPI_UART_INT.c **** #ifdef SPIM_SPI_UART_ISR_ENTRY_CALLBACK
  42:Generated_Source\PSoC4/SPIM_SPI_UART_INT.c ****     SPIM_SPI_UART_ISR_EntryCallback();
  43:Generated_Source\PSoC4/SPIM_SPI_UART_INT.c **** #endif /* SPIM_SPI_UART_ISR_ENTRY_CALLBACK */
  44:Generated_Source\PSoC4/SPIM_SPI_UART_INT.c **** 
  45:Generated_Source\PSoC4/SPIM_SPI_UART_INT.c ****     if (NULL != SPIM_customIntrHandler)
  32              		.loc 1 45 0
  33 0002 284B     		ldr	r3, .L15
  34 0004 1B68     		ldr	r3, [r3]
  35 0006 002B     		cmp	r3, #0
  36 0008 00D0     		beq	.L2
  46:Generated_Source\PSoC4/SPIM_SPI_UART_INT.c ****     {
  47:Generated_Source\PSoC4/SPIM_SPI_UART_INT.c ****         SPIM_customIntrHandler();
  37              		.loc 1 47 0
  38 000a 9847     		blx	r3
  39              	.LVL0:
  40              	.L2:
  48:Generated_Source\PSoC4/SPIM_SPI_UART_INT.c ****     }
  49:Generated_Source\PSoC4/SPIM_SPI_UART_INT.c **** 
  50:Generated_Source\PSoC4/SPIM_SPI_UART_INT.c ****     #if(SPIM_CHECK_SPI_WAKE_ENABLE)
  51:Generated_Source\PSoC4/SPIM_SPI_UART_INT.c ****     {
  52:Generated_Source\PSoC4/SPIM_SPI_UART_INT.c ****         /* Clear SPI wakeup source */
  53:Generated_Source\PSoC4/SPIM_SPI_UART_INT.c ****         SPIM_ClearSpiExtClkInterruptSource(SPIM_INTR_SPI_EC_WAKE_UP);
  54:Generated_Source\PSoC4/SPIM_SPI_UART_INT.c ****     }
  55:Generated_Source\PSoC4/SPIM_SPI_UART_INT.c ****     #endif
  56:Generated_Source\PSoC4/SPIM_SPI_UART_INT.c **** 
  57:Generated_Source\PSoC4/SPIM_SPI_UART_INT.c ****     #if (SPIM_CHECK_RX_SW_BUFFER)
  58:Generated_Source\PSoC4/SPIM_SPI_UART_INT.c ****     {
  59:Generated_Source\PSoC4/SPIM_SPI_UART_INT.c ****         if (SPIM_CHECK_INTR_RX_MASKED(SPIM_INTR_RX_NOT_EMPTY))
  41              		.loc 1 59 0
  42 000c 264B     		ldr	r3, .L15+4
  43 000e 1B68     		ldr	r3, [r3]
  44 0010 5B07     		lsl	r3, r3, #29
  45 0012 1ED5     		bpl	.L3
  46              	.L7:
  60:Generated_Source\PSoC4/SPIM_SPI_UART_INT.c ****         {
  61:Generated_Source\PSoC4/SPIM_SPI_UART_INT.c ****             do
  62:Generated_Source\PSoC4/SPIM_SPI_UART_INT.c ****             {
  63:Generated_Source\PSoC4/SPIM_SPI_UART_INT.c ****                 /* Move local head index */
  64:Generated_Source\PSoC4/SPIM_SPI_UART_INT.c ****                 locHead = (SPIM_rxBufferHead + 1u);
  47              		.loc 1 64 0
  48 0014 254B     		ldr	r3, .L15+8
  49 0016 1B68     		ldr	r3, [r3]
  50 0018 0133     		add	r3, r3, #1
ARM GAS  C:\Users\TB1014~1\AppData\Local\Temp\ccKfE9Jc.s 			page 3


  51              	.LVL1:
  65:Generated_Source\PSoC4/SPIM_SPI_UART_INT.c **** 
  66:Generated_Source\PSoC4/SPIM_SPI_UART_INT.c ****                 /* Adjust local head index */
  67:Generated_Source\PSoC4/SPIM_SPI_UART_INT.c ****                 if (SPIM_INTERNAL_RX_BUFFER_SIZE == locHead)
  52              		.loc 1 67 0
  53 001a 252B     		cmp	r3, #37
  54 001c 00D1     		bne	.L4
  68:Generated_Source\PSoC4/SPIM_SPI_UART_INT.c ****                 {
  69:Generated_Source\PSoC4/SPIM_SPI_UART_INT.c ****                     locHead = 0u;
  55              		.loc 1 69 0
  56 001e 0023     		mov	r3, #0
  57              	.LVL2:
  58              	.L4:
  70:Generated_Source\PSoC4/SPIM_SPI_UART_INT.c ****                 }
  71:Generated_Source\PSoC4/SPIM_SPI_UART_INT.c **** 
  72:Generated_Source\PSoC4/SPIM_SPI_UART_INT.c ****                 if (locHead == SPIM_rxBufferTail)
  59              		.loc 1 72 0
  60 0020 234A     		ldr	r2, .L15+12
  61 0022 1268     		ldr	r2, [r2]
  62 0024 9342     		cmp	r3, r2
  63 0026 05D1     		bne	.L5
  73:Generated_Source\PSoC4/SPIM_SPI_UART_INT.c ****                 {
  74:Generated_Source\PSoC4/SPIM_SPI_UART_INT.c ****                     #if (SPIM_CHECK_UART_RTS_CONTROL_FLOW)
  75:Generated_Source\PSoC4/SPIM_SPI_UART_INT.c ****                     {
  76:Generated_Source\PSoC4/SPIM_SPI_UART_INT.c ****                         /* There is no space in the software buffer - disable the
  77:Generated_Source\PSoC4/SPIM_SPI_UART_INT.c ****                         * RX Not Empty interrupt source. The data elements are
  78:Generated_Source\PSoC4/SPIM_SPI_UART_INT.c ****                         * still being received into the RX FIFO until the RTS signal
  79:Generated_Source\PSoC4/SPIM_SPI_UART_INT.c ****                         * stops the transmitter. After the data element is read from the
  80:Generated_Source\PSoC4/SPIM_SPI_UART_INT.c ****                         * buffer, the RX Not Empty interrupt source is enabled to
  81:Generated_Source\PSoC4/SPIM_SPI_UART_INT.c ****                         * move the next data element in the software buffer.
  82:Generated_Source\PSoC4/SPIM_SPI_UART_INT.c ****                         */
  83:Generated_Source\PSoC4/SPIM_SPI_UART_INT.c ****                         SPIM_INTR_RX_MASK_REG &= ~SPIM_INTR_RX_NOT_EMPTY;
  84:Generated_Source\PSoC4/SPIM_SPI_UART_INT.c ****                         break;
  85:Generated_Source\PSoC4/SPIM_SPI_UART_INT.c ****                     }
  86:Generated_Source\PSoC4/SPIM_SPI_UART_INT.c ****                     #else
  87:Generated_Source\PSoC4/SPIM_SPI_UART_INT.c ****                     {
  88:Generated_Source\PSoC4/SPIM_SPI_UART_INT.c ****                         /* Overflow: through away received data element */
  89:Generated_Source\PSoC4/SPIM_SPI_UART_INT.c ****                         (void) SPIM_RX_FIFO_RD_REG;
  64              		.loc 1 89 0
  65 0028 224B     		ldr	r3, .L15+16
  66              	.LVL3:
  67 002a 1B68     		ldr	r3, [r3]
  90:Generated_Source\PSoC4/SPIM_SPI_UART_INT.c ****                         SPIM_rxBufferOverflow = (uint8) SPIM_INTR_RX_OVERFLOW;
  68              		.loc 1 90 0
  69 002c 2022     		mov	r2, #32
  70 002e 224B     		ldr	r3, .L15+20
  71 0030 1A70     		strb	r2, [r3]
  72 0032 07E0     		b	.L6
  73              	.LVL4:
  74              	.L5:
  91:Generated_Source\PSoC4/SPIM_SPI_UART_INT.c ****                     }
  92:Generated_Source\PSoC4/SPIM_SPI_UART_INT.c ****                     #endif
  93:Generated_Source\PSoC4/SPIM_SPI_UART_INT.c ****                 }
  94:Generated_Source\PSoC4/SPIM_SPI_UART_INT.c ****                 else
  95:Generated_Source\PSoC4/SPIM_SPI_UART_INT.c ****                 {
  96:Generated_Source\PSoC4/SPIM_SPI_UART_INT.c ****                     /* Store received data */
  97:Generated_Source\PSoC4/SPIM_SPI_UART_INT.c ****                     SPIM_PutWordInRxBuffer(locHead, SPIM_RX_FIFO_RD_REG);
ARM GAS  C:\Users\TB1014~1\AppData\Local\Temp\ccKfE9Jc.s 			page 4


  75              		.loc 1 97 0
  76 0034 1F4A     		ldr	r2, .L15+16
  77 0036 1268     		ldr	r2, [r2]
  78 0038 92B2     		uxth	r2, r2
  79 003a 5800     		lsl	r0, r3, #1
  80 003c 1F49     		ldr	r1, .L15+24
  81 003e 4252     		strh	r2, [r0, r1]
  98:Generated_Source\PSoC4/SPIM_SPI_UART_INT.c **** 
  99:Generated_Source\PSoC4/SPIM_SPI_UART_INT.c ****                     /* Move head index */
 100:Generated_Source\PSoC4/SPIM_SPI_UART_INT.c ****                     SPIM_rxBufferHead = locHead;
  82              		.loc 1 100 0
  83 0040 1A4A     		ldr	r2, .L15+8
  84 0042 1360     		str	r3, [r2]
  85              	.LVL5:
  86              	.L6:
 101:Generated_Source\PSoC4/SPIM_SPI_UART_INT.c ****                 }
 102:Generated_Source\PSoC4/SPIM_SPI_UART_INT.c ****             }
 103:Generated_Source\PSoC4/SPIM_SPI_UART_INT.c ****             while(0u != SPIM_GET_RX_FIFO_ENTRIES);
  87              		.loc 1 103 0
  88 0044 1E4B     		ldr	r3, .L15+28
  89 0046 1B68     		ldr	r3, [r3]
  90 0048 DB06     		lsl	r3, r3, #27
  91 004a E3D1     		bne	.L7
 104:Generated_Source\PSoC4/SPIM_SPI_UART_INT.c **** 
 105:Generated_Source\PSoC4/SPIM_SPI_UART_INT.c ****             SPIM_ClearRxInterruptSource(SPIM_INTR_RX_NOT_EMPTY);
  92              		.loc 1 105 0
  93 004c 0422     		mov	r2, #4
  94 004e 1D4B     		ldr	r3, .L15+32
  95 0050 1A60     		str	r2, [r3]
  96              	.L3:
 106:Generated_Source\PSoC4/SPIM_SPI_UART_INT.c ****         }
 107:Generated_Source\PSoC4/SPIM_SPI_UART_INT.c ****     }
 108:Generated_Source\PSoC4/SPIM_SPI_UART_INT.c ****     #endif
 109:Generated_Source\PSoC4/SPIM_SPI_UART_INT.c **** 
 110:Generated_Source\PSoC4/SPIM_SPI_UART_INT.c **** 
 111:Generated_Source\PSoC4/SPIM_SPI_UART_INT.c ****     #if (SPIM_CHECK_TX_SW_BUFFER)
 112:Generated_Source\PSoC4/SPIM_SPI_UART_INT.c ****     {
 113:Generated_Source\PSoC4/SPIM_SPI_UART_INT.c ****         if (SPIM_CHECK_INTR_TX_MASKED(SPIM_INTR_TX_NOT_FULL))
  97              		.loc 1 113 0
  98 0052 1D4B     		ldr	r3, .L15+36
  99 0054 1B68     		ldr	r3, [r3]
 100 0056 9B07     		lsl	r3, r3, #30
 101 0058 22D5     		bpl	.L1
 102              	.L11:
 114:Generated_Source\PSoC4/SPIM_SPI_UART_INT.c ****         {
 115:Generated_Source\PSoC4/SPIM_SPI_UART_INT.c ****             do
 116:Generated_Source\PSoC4/SPIM_SPI_UART_INT.c ****             {
 117:Generated_Source\PSoC4/SPIM_SPI_UART_INT.c ****                 /* Check for room in TX software buffer */
 118:Generated_Source\PSoC4/SPIM_SPI_UART_INT.c ****                 if (SPIM_txBufferHead != SPIM_txBufferTail)
 103              		.loc 1 118 0
 104 005a 1C4B     		ldr	r3, .L15+40
 105 005c 1A68     		ldr	r2, [r3]
 106 005e 1C4B     		ldr	r3, .L15+44
 107 0060 1B68     		ldr	r3, [r3]
 108 0062 9A42     		cmp	r2, r3
 109 0064 14D0     		beq	.L9
 119:Generated_Source\PSoC4/SPIM_SPI_UART_INT.c ****                 {
ARM GAS  C:\Users\TB1014~1\AppData\Local\Temp\ccKfE9Jc.s 			page 5


 120:Generated_Source\PSoC4/SPIM_SPI_UART_INT.c ****                     /* Move local tail index */
 121:Generated_Source\PSoC4/SPIM_SPI_UART_INT.c ****                     locTail = (SPIM_txBufferTail + 1u);
 110              		.loc 1 121 0
 111 0066 1A4B     		ldr	r3, .L15+44
 112 0068 1B68     		ldr	r3, [r3]
 113 006a 0133     		add	r3, r3, #1
 114              	.LVL6:
 122:Generated_Source\PSoC4/SPIM_SPI_UART_INT.c **** 
 123:Generated_Source\PSoC4/SPIM_SPI_UART_INT.c ****                     /* Adjust local tail index */
 124:Generated_Source\PSoC4/SPIM_SPI_UART_INT.c ****                     if (SPIM_TX_BUFFER_SIZE == locTail)
 115              		.loc 1 124 0
 116 006c 242B     		cmp	r3, #36
 117 006e 00D1     		bne	.L10
 125:Generated_Source\PSoC4/SPIM_SPI_UART_INT.c ****                     {
 126:Generated_Source\PSoC4/SPIM_SPI_UART_INT.c ****                         locTail = 0u;
 118              		.loc 1 126 0
 119 0070 0023     		mov	r3, #0
 120              	.LVL7:
 121              	.L10:
 127:Generated_Source\PSoC4/SPIM_SPI_UART_INT.c ****                     }
 128:Generated_Source\PSoC4/SPIM_SPI_UART_INT.c **** 
 129:Generated_Source\PSoC4/SPIM_SPI_UART_INT.c ****                     /* Put data into TX FIFO */
 130:Generated_Source\PSoC4/SPIM_SPI_UART_INT.c ****                     SPIM_TX_FIFO_WR_REG = SPIM_GetWordFromTxBuffer(locTail);
 122              		.loc 1 130 0
 123 0072 5900     		lsl	r1, r3, #1
 124 0074 174A     		ldr	r2, .L15+48
 125 0076 8A5A     		ldrh	r2, [r1, r2]
 126 0078 92B2     		uxth	r2, r2
 127 007a 1749     		ldr	r1, .L15+52
 128 007c 0A60     		str	r2, [r1]
 131:Generated_Source\PSoC4/SPIM_SPI_UART_INT.c **** 
 132:Generated_Source\PSoC4/SPIM_SPI_UART_INT.c ****                     /* Move tail index */
 133:Generated_Source\PSoC4/SPIM_SPI_UART_INT.c ****                     SPIM_txBufferTail = locTail;
 129              		.loc 1 133 0
 130 007e 144A     		ldr	r2, .L15+44
 131 0080 1360     		str	r3, [r2]
 134:Generated_Source\PSoC4/SPIM_SPI_UART_INT.c ****                 }
 135:Generated_Source\PSoC4/SPIM_SPI_UART_INT.c ****                 else
 136:Generated_Source\PSoC4/SPIM_SPI_UART_INT.c ****                 {
 137:Generated_Source\PSoC4/SPIM_SPI_UART_INT.c ****                     /* TX software buffer is empty: complete transfer */
 138:Generated_Source\PSoC4/SPIM_SPI_UART_INT.c ****                     SPIM_DISABLE_INTR_TX(SPIM_INTR_TX_NOT_FULL);
 139:Generated_Source\PSoC4/SPIM_SPI_UART_INT.c ****                     break;
 140:Generated_Source\PSoC4/SPIM_SPI_UART_INT.c ****                 }
 141:Generated_Source\PSoC4/SPIM_SPI_UART_INT.c ****             }
 142:Generated_Source\PSoC4/SPIM_SPI_UART_INT.c ****             while (SPIM_SPI_UART_FIFO_SIZE != SPIM_GET_TX_FIFO_ENTRIES);
 132              		.loc 1 142 0
 133 0082 164B     		ldr	r3, .L15+56
 134              	.LVL8:
 135 0084 1B68     		ldr	r3, [r3]
 136 0086 1F22     		mov	r2, #31
 137              	.LVL9:
 138 0088 1340     		and	r3, r2
 139 008a 082B     		cmp	r3, #8
 140 008c E5D1     		bne	.L11
 141 008e 04E0     		b	.L12
 142              	.LVL10:
 143              	.L9:
ARM GAS  C:\Users\TB1014~1\AppData\Local\Temp\ccKfE9Jc.s 			page 6


 138:Generated_Source\PSoC4/SPIM_SPI_UART_INT.c ****                     break;
 144              		.loc 1 138 0
 145 0090 134A     		ldr	r2, .L15+60
 146 0092 1368     		ldr	r3, [r2]
 147 0094 0221     		mov	r1, #2
 148 0096 8B43     		bic	r3, r1
 149 0098 1360     		str	r3, [r2]
 150              	.L12:
 143:Generated_Source\PSoC4/SPIM_SPI_UART_INT.c **** 
 144:Generated_Source\PSoC4/SPIM_SPI_UART_INT.c ****             SPIM_ClearTxInterruptSource(SPIM_INTR_TX_NOT_FULL);
 151              		.loc 1 144 0
 152 009a 0222     		mov	r2, #2
 153 009c 114B     		ldr	r3, .L15+64
 154 009e 1A60     		str	r2, [r3]
 155              	.L1:
 145:Generated_Source\PSoC4/SPIM_SPI_UART_INT.c ****         }
 146:Generated_Source\PSoC4/SPIM_SPI_UART_INT.c ****     }
 147:Generated_Source\PSoC4/SPIM_SPI_UART_INT.c ****     #endif
 148:Generated_Source\PSoC4/SPIM_SPI_UART_INT.c **** 
 149:Generated_Source\PSoC4/SPIM_SPI_UART_INT.c **** #ifdef SPIM_SPI_UART_ISR_EXIT_CALLBACK
 150:Generated_Source\PSoC4/SPIM_SPI_UART_INT.c ****     SPIM_SPI_UART_ISR_ExitCallback();
 151:Generated_Source\PSoC4/SPIM_SPI_UART_INT.c **** #endif /* SPIM_SPI_UART_ISR_EXIT_CALLBACK */
 152:Generated_Source\PSoC4/SPIM_SPI_UART_INT.c **** 
 153:Generated_Source\PSoC4/SPIM_SPI_UART_INT.c **** }
 156              		.loc 1 153 0
 157              		@ sp needed
 158 00a0 08BD     		pop	{r3, pc}
 159              	.L16:
 160 00a2 C046     		.align	2
 161              	.L15:
 162 00a4 00000000 		.word	SPIM_customIntrHandler
 163 00a8 CC0F0940 		.word	1074335692
 164 00ac 00000000 		.word	SPIM_rxBufferHead
 165 00b0 00000000 		.word	SPIM_rxBufferTail
 166 00b4 40030940 		.word	1074332480
 167 00b8 00000000 		.word	SPIM_rxBufferOverflow
 168 00bc 00000000 		.word	SPIM_rxBufferInternal
 169 00c0 08030940 		.word	1074332424
 170 00c4 C00F0940 		.word	1074335680
 171 00c8 8C0F0940 		.word	1074335628
 172 00cc 00000000 		.word	SPIM_txBufferHead
 173 00d0 00000000 		.word	SPIM_txBufferTail
 174 00d4 00000000 		.word	SPIM_txBufferInternal
 175 00d8 40020940 		.word	1074332224
 176 00dc 08020940 		.word	1074332168
 177 00e0 880F0940 		.word	1074335624
 178 00e4 800F0940 		.word	1074335616
 179              		.cfi_endproc
 180              	.LFE1:
 181              		.size	SPIM_SPI_UART_ISR, .-SPIM_SPI_UART_ISR
 182              		.text
 183              	.Letext0:
 184              		.file 2 "Generated_Source\\PSoC4/cytypes.h"
 185              		.file 3 "Generated_Source\\PSoC4\\SPIM_PVT.h"
 186              		.file 4 "Generated_Source\\PSoC4\\SPIM_SPI_UART_PVT.h"
 187              		.section	.debug_info,"",%progbits
 188              	.Ldebug_info0:
ARM GAS  C:\Users\TB1014~1\AppData\Local\Temp\ccKfE9Jc.s 			page 7


 189 0000 87010000 		.4byte	0x187
 190 0004 0400     		.2byte	0x4
 191 0006 00000000 		.4byte	.Ldebug_abbrev0
 192 000a 04       		.byte	0x4
 193 000b 01       		.uleb128 0x1
 194 000c B0000000 		.4byte	.LASF28
 195 0010 01       		.byte	0x1
 196 0011 1C000000 		.4byte	.LASF29
 197 0015 27020000 		.4byte	.LASF30
 198 0019 00000000 		.4byte	.Ldebug_ranges0+0
 199 001d 00000000 		.4byte	0
 200 0021 00000000 		.4byte	.Ldebug_line0
 201 0025 02       		.uleb128 0x2
 202 0026 01       		.byte	0x1
 203 0027 06       		.byte	0x6
 204 0028 CB020000 		.4byte	.LASF0
 205 002c 02       		.uleb128 0x2
 206 002d 01       		.byte	0x1
 207 002e 08       		.byte	0x8
 208 002f A2000000 		.4byte	.LASF1
 209 0033 02       		.uleb128 0x2
 210 0034 02       		.byte	0x2
 211 0035 05       		.byte	0x5
 212 0036 B8020000 		.4byte	.LASF2
 213 003a 02       		.uleb128 0x2
 214 003b 02       		.byte	0x2
 215 003c 07       		.byte	0x7
 216 003d 47000000 		.4byte	.LASF3
 217 0041 02       		.uleb128 0x2
 218 0042 04       		.byte	0x4
 219 0043 05       		.byte	0x5
 220 0044 C2020000 		.4byte	.LASF4
 221 0048 02       		.uleb128 0x2
 222 0049 04       		.byte	0x4
 223 004a 07       		.byte	0x7
 224 004b 42010000 		.4byte	.LASF5
 225 004f 02       		.uleb128 0x2
 226 0050 08       		.byte	0x8
 227 0051 05       		.byte	0x5
 228 0052 FD010000 		.4byte	.LASF6
 229 0056 02       		.uleb128 0x2
 230 0057 08       		.byte	0x8
 231 0058 07       		.byte	0x7
 232 0059 B6010000 		.4byte	.LASF7
 233 005d 03       		.uleb128 0x3
 234 005e 04       		.byte	0x4
 235 005f 05       		.byte	0x5
 236 0060 696E7400 		.ascii	"int\000"
 237 0064 02       		.uleb128 0x2
 238 0065 04       		.byte	0x4
 239 0066 07       		.byte	0x7
 240 0067 A9010000 		.4byte	.LASF8
 241 006b 04       		.uleb128 0x4
 242 006c 54010000 		.4byte	.LASF9
 243 0070 02       		.byte	0x2
 244 0071 B901     		.2byte	0x1b9
 245 0073 2C000000 		.4byte	0x2c
ARM GAS  C:\Users\TB1014~1\AppData\Local\Temp\ccKfE9Jc.s 			page 8


 246 0077 04       		.uleb128 0x4
 247 0078 77010000 		.4byte	.LASF10
 248 007c 02       		.byte	0x2
 249 007d BA01     		.2byte	0x1ba
 250 007f 3A000000 		.4byte	0x3a
 251 0083 04       		.uleb128 0x4
 252 0084 90010000 		.4byte	.LASF11
 253 0088 02       		.byte	0x2
 254 0089 BB01     		.2byte	0x1bb
 255 008b 48000000 		.4byte	0x48
 256 008f 02       		.uleb128 0x2
 257 0090 04       		.byte	0x4
 258 0091 04       		.byte	0x4
 259 0092 9C000000 		.4byte	.LASF12
 260 0096 02       		.uleb128 0x2
 261 0097 08       		.byte	0x8
 262 0098 04       		.byte	0x4
 263 0099 5A010000 		.4byte	.LASF13
 264 009d 02       		.uleb128 0x2
 265 009e 01       		.byte	0x1
 266 009f 08       		.byte	0x8
 267 00a0 22020000 		.4byte	.LASF14
 268 00a4 05       		.uleb128 0x5
 269 00a5 6B000000 		.4byte	0x6b
 270 00a9 04       		.uleb128 0x4
 271 00aa 16000000 		.4byte	.LASF15
 272 00ae 02       		.byte	0x2
 273 00af 6502     		.2byte	0x265
 274 00b1 B5000000 		.4byte	0xb5
 275 00b5 05       		.uleb128 0x5
 276 00b6 83000000 		.4byte	0x83
 277 00ba 04       		.uleb128 0x4
 278 00bb CD010000 		.4byte	.LASF16
 279 00bf 02       		.byte	0x2
 280 00c0 7502     		.2byte	0x275
 281 00c2 C6000000 		.4byte	0xc6
 282 00c6 06       		.uleb128 0x6
 283 00c7 04       		.byte	0x4
 284 00c8 CC000000 		.4byte	0xcc
 285 00cc 07       		.uleb128 0x7
 286 00cd 02       		.uleb128 0x2
 287 00ce 04       		.byte	0x4
 288 00cf 07       		.byte	0x7
 289 00d0 F4010000 		.4byte	.LASF17
 290 00d4 08       		.uleb128 0x8
 291 00d5 97010000 		.4byte	.LASF31
 292 00d9 01       		.byte	0x1
 293 00da 1F       		.byte	0x1f
 294 00db 00000000 		.4byte	.LFB1
 295 00df E8000000 		.4byte	.LFE1-.LFB1
 296 00e3 01       		.uleb128 0x1
 297 00e4 9C       		.byte	0x9c
 298 00e5 08010000 		.4byte	0x108
 299 00e9 09       		.uleb128 0x9
 300 00ea 82000000 		.4byte	.LASF18
 301 00ee 01       		.byte	0x1
 302 00ef 22       		.byte	0x22
ARM GAS  C:\Users\TB1014~1\AppData\Local\Temp\ccKfE9Jc.s 			page 9


 303 00f0 83000000 		.4byte	0x83
 304 00f4 00000000 		.4byte	.LLST0
 305 00f8 09       		.uleb128 0x9
 306 00f9 EC010000 		.4byte	.LASF19
 307 00fd 01       		.byte	0x1
 308 00fe 26       		.byte	0x26
 309 00ff 83000000 		.4byte	0x83
 310 0103 1E000000 		.4byte	.LLST1
 311 0107 00       		.byte	0
 312 0108 0A       		.uleb128 0xa
 313 0109 0B020000 		.4byte	.LASF20
 314 010d 03       		.byte	0x3
 315 010e 3B       		.byte	0x3b
 316 010f BA000000 		.4byte	0xba
 317 0113 0A       		.uleb128 0xa
 318 0114 8A000000 		.4byte	.LASF21
 319 0118 04       		.byte	0x4
 320 0119 1F       		.byte	0x1f
 321 011a B5000000 		.4byte	0xb5
 322 011e 0A       		.uleb128 0xa
 323 011f 7E010000 		.4byte	.LASF22
 324 0123 04       		.byte	0x4
 325 0124 20       		.byte	0x20
 326 0125 B5000000 		.4byte	0xb5
 327 0129 0A       		.uleb128 0xa
 328 012a 5A000000 		.4byte	.LASF23
 329 012e 04       		.byte	0x4
 330 012f 2A       		.byte	0x2a
 331 0130 A4000000 		.4byte	0xa4
 332 0134 0A       		.uleb128 0xa
 333 0135 70000000 		.4byte	.LASF24
 334 0139 04       		.byte	0x4
 335 013a 2F       		.byte	0x2f
 336 013b B5000000 		.4byte	0xb5
 337 013f 0A       		.uleb128 0xa
 338 0140 DA010000 		.4byte	.LASF25
 339 0144 04       		.byte	0x4
 340 0145 30       		.byte	0x30
 341 0146 B5000000 		.4byte	0xb5
 342 014a 0B       		.uleb128 0xb
 343 014b 77000000 		.4byte	0x77
 344 014f 5A010000 		.4byte	0x15a
 345 0153 0C       		.uleb128 0xc
 346 0154 CD000000 		.4byte	0xcd
 347 0158 24       		.byte	0x24
 348 0159 00       		.byte	0
 349 015a 0A       		.uleb128 0xa
 350 015b 00000000 		.4byte	.LASF26
 351 015f 04       		.byte	0x4
 352 0160 34       		.byte	0x34
 353 0161 65010000 		.4byte	0x165
 354 0165 05       		.uleb128 0x5
 355 0166 4A010000 		.4byte	0x14a
 356 016a 0B       		.uleb128 0xb
 357 016b 77000000 		.4byte	0x77
 358 016f 7A010000 		.4byte	0x17a
 359 0173 0C       		.uleb128 0xc
ARM GAS  C:\Users\TB1014~1\AppData\Local\Temp\ccKfE9Jc.s 			page 10


 360 0174 CD000000 		.4byte	0xcd
 361 0178 23       		.byte	0x23
 362 0179 00       		.byte	0
 363 017a 0A       		.uleb128 0xa
 364 017b 61010000 		.4byte	.LASF27
 365 017f 04       		.byte	0x4
 366 0180 38       		.byte	0x38
 367 0181 85010000 		.4byte	0x185
 368 0185 05       		.uleb128 0x5
 369 0186 6A010000 		.4byte	0x16a
 370 018a 00       		.byte	0
 371              		.section	.debug_abbrev,"",%progbits
 372              	.Ldebug_abbrev0:
 373 0000 01       		.uleb128 0x1
 374 0001 11       		.uleb128 0x11
 375 0002 01       		.byte	0x1
 376 0003 25       		.uleb128 0x25
 377 0004 0E       		.uleb128 0xe
 378 0005 13       		.uleb128 0x13
 379 0006 0B       		.uleb128 0xb
 380 0007 03       		.uleb128 0x3
 381 0008 0E       		.uleb128 0xe
 382 0009 1B       		.uleb128 0x1b
 383 000a 0E       		.uleb128 0xe
 384 000b 55       		.uleb128 0x55
 385 000c 17       		.uleb128 0x17
 386 000d 11       		.uleb128 0x11
 387 000e 01       		.uleb128 0x1
 388 000f 10       		.uleb128 0x10
 389 0010 17       		.uleb128 0x17
 390 0011 00       		.byte	0
 391 0012 00       		.byte	0
 392 0013 02       		.uleb128 0x2
 393 0014 24       		.uleb128 0x24
 394 0015 00       		.byte	0
 395 0016 0B       		.uleb128 0xb
 396 0017 0B       		.uleb128 0xb
 397 0018 3E       		.uleb128 0x3e
 398 0019 0B       		.uleb128 0xb
 399 001a 03       		.uleb128 0x3
 400 001b 0E       		.uleb128 0xe
 401 001c 00       		.byte	0
 402 001d 00       		.byte	0
 403 001e 03       		.uleb128 0x3
 404 001f 24       		.uleb128 0x24
 405 0020 00       		.byte	0
 406 0021 0B       		.uleb128 0xb
 407 0022 0B       		.uleb128 0xb
 408 0023 3E       		.uleb128 0x3e
 409 0024 0B       		.uleb128 0xb
 410 0025 03       		.uleb128 0x3
 411 0026 08       		.uleb128 0x8
 412 0027 00       		.byte	0
 413 0028 00       		.byte	0
 414 0029 04       		.uleb128 0x4
 415 002a 16       		.uleb128 0x16
 416 002b 00       		.byte	0
ARM GAS  C:\Users\TB1014~1\AppData\Local\Temp\ccKfE9Jc.s 			page 11


 417 002c 03       		.uleb128 0x3
 418 002d 0E       		.uleb128 0xe
 419 002e 3A       		.uleb128 0x3a
 420 002f 0B       		.uleb128 0xb
 421 0030 3B       		.uleb128 0x3b
 422 0031 05       		.uleb128 0x5
 423 0032 49       		.uleb128 0x49
 424 0033 13       		.uleb128 0x13
 425 0034 00       		.byte	0
 426 0035 00       		.byte	0
 427 0036 05       		.uleb128 0x5
 428 0037 35       		.uleb128 0x35
 429 0038 00       		.byte	0
 430 0039 49       		.uleb128 0x49
 431 003a 13       		.uleb128 0x13
 432 003b 00       		.byte	0
 433 003c 00       		.byte	0
 434 003d 06       		.uleb128 0x6
 435 003e 0F       		.uleb128 0xf
 436 003f 00       		.byte	0
 437 0040 0B       		.uleb128 0xb
 438 0041 0B       		.uleb128 0xb
 439 0042 49       		.uleb128 0x49
 440 0043 13       		.uleb128 0x13
 441 0044 00       		.byte	0
 442 0045 00       		.byte	0
 443 0046 07       		.uleb128 0x7
 444 0047 15       		.uleb128 0x15
 445 0048 00       		.byte	0
 446 0049 27       		.uleb128 0x27
 447 004a 19       		.uleb128 0x19
 448 004b 00       		.byte	0
 449 004c 00       		.byte	0
 450 004d 08       		.uleb128 0x8
 451 004e 2E       		.uleb128 0x2e
 452 004f 01       		.byte	0x1
 453 0050 3F       		.uleb128 0x3f
 454 0051 19       		.uleb128 0x19
 455 0052 03       		.uleb128 0x3
 456 0053 0E       		.uleb128 0xe
 457 0054 3A       		.uleb128 0x3a
 458 0055 0B       		.uleb128 0xb
 459 0056 3B       		.uleb128 0x3b
 460 0057 0B       		.uleb128 0xb
 461 0058 27       		.uleb128 0x27
 462 0059 19       		.uleb128 0x19
 463 005a 11       		.uleb128 0x11
 464 005b 01       		.uleb128 0x1
 465 005c 12       		.uleb128 0x12
 466 005d 06       		.uleb128 0x6
 467 005e 40       		.uleb128 0x40
 468 005f 18       		.uleb128 0x18
 469 0060 9642     		.uleb128 0x2116
 470 0062 19       		.uleb128 0x19
 471 0063 01       		.uleb128 0x1
 472 0064 13       		.uleb128 0x13
 473 0065 00       		.byte	0
ARM GAS  C:\Users\TB1014~1\AppData\Local\Temp\ccKfE9Jc.s 			page 12


 474 0066 00       		.byte	0
 475 0067 09       		.uleb128 0x9
 476 0068 34       		.uleb128 0x34
 477 0069 00       		.byte	0
 478 006a 03       		.uleb128 0x3
 479 006b 0E       		.uleb128 0xe
 480 006c 3A       		.uleb128 0x3a
 481 006d 0B       		.uleb128 0xb
 482 006e 3B       		.uleb128 0x3b
 483 006f 0B       		.uleb128 0xb
 484 0070 49       		.uleb128 0x49
 485 0071 13       		.uleb128 0x13
 486 0072 02       		.uleb128 0x2
 487 0073 17       		.uleb128 0x17
 488 0074 00       		.byte	0
 489 0075 00       		.byte	0
 490 0076 0A       		.uleb128 0xa
 491 0077 34       		.uleb128 0x34
 492 0078 00       		.byte	0
 493 0079 03       		.uleb128 0x3
 494 007a 0E       		.uleb128 0xe
 495 007b 3A       		.uleb128 0x3a
 496 007c 0B       		.uleb128 0xb
 497 007d 3B       		.uleb128 0x3b
 498 007e 0B       		.uleb128 0xb
 499 007f 49       		.uleb128 0x49
 500 0080 13       		.uleb128 0x13
 501 0081 3F       		.uleb128 0x3f
 502 0082 19       		.uleb128 0x19
 503 0083 3C       		.uleb128 0x3c
 504 0084 19       		.uleb128 0x19
 505 0085 00       		.byte	0
 506 0086 00       		.byte	0
 507 0087 0B       		.uleb128 0xb
 508 0088 01       		.uleb128 0x1
 509 0089 01       		.byte	0x1
 510 008a 49       		.uleb128 0x49
 511 008b 13       		.uleb128 0x13
 512 008c 01       		.uleb128 0x1
 513 008d 13       		.uleb128 0x13
 514 008e 00       		.byte	0
 515 008f 00       		.byte	0
 516 0090 0C       		.uleb128 0xc
 517 0091 21       		.uleb128 0x21
 518 0092 00       		.byte	0
 519 0093 49       		.uleb128 0x49
 520 0094 13       		.uleb128 0x13
 521 0095 2F       		.uleb128 0x2f
 522 0096 0B       		.uleb128 0xb
 523 0097 00       		.byte	0
 524 0098 00       		.byte	0
 525 0099 00       		.byte	0
 526              		.section	.debug_loc,"",%progbits
 527              	.Ldebug_loc0:
 528              	.LLST0:
 529 0000 1A000000 		.4byte	.LVL1
 530 0004 2A000000 		.4byte	.LVL3
ARM GAS  C:\Users\TB1014~1\AppData\Local\Temp\ccKfE9Jc.s 			page 13


 531 0008 0100     		.2byte	0x1
 532 000a 53       		.byte	0x53
 533 000b 34000000 		.4byte	.LVL4
 534 000f 44000000 		.4byte	.LVL5
 535 0013 0100     		.2byte	0x1
 536 0015 53       		.byte	0x53
 537 0016 00000000 		.4byte	0
 538 001a 00000000 		.4byte	0
 539              	.LLST1:
 540 001e 6C000000 		.4byte	.LVL6
 541 0022 84000000 		.4byte	.LVL8
 542 0026 0100     		.2byte	0x1
 543 0028 53       		.byte	0x53
 544 0029 84000000 		.4byte	.LVL8
 545 002d 88000000 		.4byte	.LVL9
 546 0031 0200     		.2byte	0x2
 547 0033 72       		.byte	0x72
 548 0034 00       		.sleb128 0
 549 0035 00000000 		.4byte	0
 550 0039 00000000 		.4byte	0
 551              		.section	.debug_aranges,"",%progbits
 552 0000 1C000000 		.4byte	0x1c
 553 0004 0200     		.2byte	0x2
 554 0006 00000000 		.4byte	.Ldebug_info0
 555 000a 04       		.byte	0x4
 556 000b 00       		.byte	0
 557 000c 0000     		.2byte	0
 558 000e 0000     		.2byte	0
 559 0010 00000000 		.4byte	.LFB1
 560 0014 E8000000 		.4byte	.LFE1-.LFB1
 561 0018 00000000 		.4byte	0
 562 001c 00000000 		.4byte	0
 563              		.section	.debug_ranges,"",%progbits
 564              	.Ldebug_ranges0:
 565 0000 00000000 		.4byte	.LFB1
 566 0004 E8000000 		.4byte	.LFE1
 567 0008 00000000 		.4byte	0
 568 000c 00000000 		.4byte	0
 569              		.section	.debug_line,"",%progbits
 570              	.Ldebug_line0:
 571 0000 AA000000 		.section	.debug_str,"MS",%progbits,1
 571      02007300 
 571      00000201 
 571      FB0E0D00 
 571      01010101 
 572              	.LASF26:
 573 0000 5350494D 		.ascii	"SPIM_rxBufferInternal\000"
 573      5F727842 
 573      75666665 
 573      72496E74 
 573      65726E61 
 574              	.LASF15:
 575 0016 72656733 		.ascii	"reg32\000"
 575      3200
 576              	.LASF29:
 577 001c 47656E65 		.ascii	"Generated_Source\\PSoC4\\SPIM_SPI_UART_INT.c\000"
 577      72617465 
ARM GAS  C:\Users\TB1014~1\AppData\Local\Temp\ccKfE9Jc.s 			page 14


 577      645F536F 
 577      75726365 
 577      5C50536F 
 578              	.LASF3:
 579 0047 73686F72 		.ascii	"short unsigned int\000"
 579      7420756E 
 579      7369676E 
 579      65642069 
 579      6E7400
 580              	.LASF23:
 581 005a 5350494D 		.ascii	"SPIM_rxBufferOverflow\000"
 581      5F727842 
 581      75666665 
 581      724F7665 
 581      72666C6F 
 582              	.LASF24:
 583 0070 5350494D 		.ascii	"SPIM_txBufferHead\000"
 583      5F747842 
 583      75666665 
 583      72486561 
 583      6400
 584              	.LASF18:
 585 0082 6C6F6348 		.ascii	"locHead\000"
 585      65616400 
 586              	.LASF21:
 587 008a 5350494D 		.ascii	"SPIM_rxBufferHead\000"
 587      5F727842 
 587      75666665 
 587      72486561 
 587      6400
 588              	.LASF12:
 589 009c 666C6F61 		.ascii	"float\000"
 589      7400
 590              	.LASF1:
 591 00a2 756E7369 		.ascii	"unsigned char\000"
 591      676E6564 
 591      20636861 
 591      7200
 592              	.LASF28:
 593 00b0 474E5520 		.ascii	"GNU C 4.9.3 20150303 (release) [ARM/embedded-4_9-br"
 593      4320342E 
 593      392E3320 
 593      32303135 
 593      30333033 
 594 00e3 616E6368 		.ascii	"anch revision 221220] -mcpu=cortex-m0plus -mthumb -"
 594      20726576 
 594      6973696F 
 594      6E203232 
 594      31323230 
 595 0116 67202D4F 		.ascii	"g -Og -ffunction-sections -ffat-lto-objects\000"
 595      67202D66 
 595      66756E63 
 595      74696F6E 
 595      2D736563 
 596              	.LASF5:
 597 0142 6C6F6E67 		.ascii	"long unsigned int\000"
 597      20756E73 
ARM GAS  C:\Users\TB1014~1\AppData\Local\Temp\ccKfE9Jc.s 			page 15


 597      69676E65 
 597      6420696E 
 597      7400
 598              	.LASF9:
 599 0154 75696E74 		.ascii	"uint8\000"
 599      3800
 600              	.LASF13:
 601 015a 646F7562 		.ascii	"double\000"
 601      6C6500
 602              	.LASF27:
 603 0161 5350494D 		.ascii	"SPIM_txBufferInternal\000"
 603      5F747842 
 603      75666665 
 603      72496E74 
 603      65726E61 
 604              	.LASF10:
 605 0177 75696E74 		.ascii	"uint16\000"
 605      313600
 606              	.LASF22:
 607 017e 5350494D 		.ascii	"SPIM_rxBufferTail\000"
 607      5F727842 
 607      75666665 
 607      72546169 
 607      6C00
 608              	.LASF11:
 609 0190 75696E74 		.ascii	"uint32\000"
 609      333200
 610              	.LASF31:
 611 0197 5350494D 		.ascii	"SPIM_SPI_UART_ISR\000"
 611      5F535049 
 611      5F554152 
 611      545F4953 
 611      5200
 612              	.LASF8:
 613 01a9 756E7369 		.ascii	"unsigned int\000"
 613      676E6564 
 613      20696E74 
 613      00
 614              	.LASF7:
 615 01b6 6C6F6E67 		.ascii	"long long unsigned int\000"
 615      206C6F6E 
 615      6720756E 
 615      7369676E 
 615      65642069 
 616              	.LASF16:
 617 01cd 63796973 		.ascii	"cyisraddress\000"
 617      72616464 
 617      72657373 
 617      00
 618              	.LASF25:
 619 01da 5350494D 		.ascii	"SPIM_txBufferTail\000"
 619      5F747842 
 619      75666665 
 619      72546169 
 619      6C00
 620              	.LASF19:
 621 01ec 6C6F6354 		.ascii	"locTail\000"
ARM GAS  C:\Users\TB1014~1\AppData\Local\Temp\ccKfE9Jc.s 			page 16


 621      61696C00 
 622              	.LASF17:
 623 01f4 73697A65 		.ascii	"sizetype\000"
 623      74797065 
 623      00
 624              	.LASF6:
 625 01fd 6C6F6E67 		.ascii	"long long int\000"
 625      206C6F6E 
 625      6720696E 
 625      7400
 626              	.LASF20:
 627 020b 5350494D 		.ascii	"SPIM_customIntrHandler\000"
 627      5F637573 
 627      746F6D49 
 627      6E747248 
 627      616E646C 
 628              	.LASF14:
 629 0222 63686172 		.ascii	"char\000"
 629      00
 630              	.LASF30:
 631 0227 433A5C55 		.ascii	"C:\\Users\\tb1014481\\Documents\\#PROJECTS#\\Eddie\\"
 631      73657273 
 631      5C746231 
 631      30313434 
 631      38315C44 
 632 0255 536F6674 		.ascii	"Software\\Cypress_PSoC\\Eddie_DP0.0\\Slider_WS.Bund"
 632      77617265 
 632      5C437970 
 632      72657373 
 632      5F50536F 
 633 0285 6C653035 		.ascii	"le05.cywrk.Archive04\\Eddie_DP0_Slider\\Slider.cyds"
 633      2E637977 
 633      726B2E41 
 633      72636869 
 633      76653034 
 634 02b6 6E00     		.ascii	"n\000"
 635              	.LASF2:
 636 02b8 73686F72 		.ascii	"short int\000"
 636      7420696E 
 636      7400
 637              	.LASF4:
 638 02c2 6C6F6E67 		.ascii	"long int\000"
 638      20696E74 
 638      00
 639              	.LASF0:
 640 02cb 7369676E 		.ascii	"signed char\000"
 640      65642063 
 640      68617200 
 641              		.ident	"GCC: (GNU Tools for ARM Embedded Processors) 4.9.3 20150303 (release) [ARM/embedded-4_9-br
