ARM GAS  C:\Users\TB1014~1\AppData\Local\Temp\ccEKoXcK.s 			page 1


   1              		.cpu cortex-m0plus
   2              		.fpu softvfp
   3              		.eabi_attribute 20, 1
   4              		.eabi_attribute 21, 1
   5              		.eabi_attribute 23, 3
   6              		.eabi_attribute 24, 1
   7              		.eabi_attribute 25, 1
   8              		.eabi_attribute 26, 1
   9              		.eabi_attribute 30, 1
  10              		.eabi_attribute 34, 0
  11              		.eabi_attribute 18, 4
  12              		.code	16
  13              		.file	"SPIM_SPI.c"
  14              		.text
  15              	.Ltext0:
  16              		.cfi_sections	.debug_frame
  17              		.section	.text.SPIM_SpiPostEnable,"ax",%progbits
  18              		.align	2
  19              		.global	SPIM_SpiPostEnable
  20              		.code	16
  21              		.thumb_func
  22              		.type	SPIM_SpiPostEnable, %function
  23              	SPIM_SpiPostEnable:
  24              	.LFB2:
  25              		.file 1 "Generated_Source\\PSoC4\\SPIM_SPI.c"
   1:Generated_Source\PSoC4/SPIM_SPI.c **** /***************************************************************************//**
   2:Generated_Source\PSoC4/SPIM_SPI.c **** * \file SPIM_SPI.c
   3:Generated_Source\PSoC4/SPIM_SPI.c **** * \version 3.20
   4:Generated_Source\PSoC4/SPIM_SPI.c **** *
   5:Generated_Source\PSoC4/SPIM_SPI.c **** * \brief
   6:Generated_Source\PSoC4/SPIM_SPI.c **** *  This file provides the source code to the API for the SCB Component in
   7:Generated_Source\PSoC4/SPIM_SPI.c **** *  SPI mode.
   8:Generated_Source\PSoC4/SPIM_SPI.c **** *
   9:Generated_Source\PSoC4/SPIM_SPI.c **** * Note:
  10:Generated_Source\PSoC4/SPIM_SPI.c **** *
  11:Generated_Source\PSoC4/SPIM_SPI.c **** *******************************************************************************
  12:Generated_Source\PSoC4/SPIM_SPI.c **** * \copyright
  13:Generated_Source\PSoC4/SPIM_SPI.c **** * Copyright 2013-2016, Cypress Semiconductor Corporation.  All rights reserved.
  14:Generated_Source\PSoC4/SPIM_SPI.c **** * You may use this file only in accordance with the license, terms, conditions,
  15:Generated_Source\PSoC4/SPIM_SPI.c **** * disclaimers, and limitations in the end user license agreement accompanying
  16:Generated_Source\PSoC4/SPIM_SPI.c **** * the software package with which this file was provided.
  17:Generated_Source\PSoC4/SPIM_SPI.c **** *******************************************************************************/
  18:Generated_Source\PSoC4/SPIM_SPI.c **** 
  19:Generated_Source\PSoC4/SPIM_SPI.c **** #include "SPIM_PVT.h"
  20:Generated_Source\PSoC4/SPIM_SPI.c **** #include "SPIM_SPI_UART_PVT.h"
  21:Generated_Source\PSoC4/SPIM_SPI.c **** 
  22:Generated_Source\PSoC4/SPIM_SPI.c **** #if(SPIM_SCB_MODE_UNCONFIG_CONST_CFG)
  23:Generated_Source\PSoC4/SPIM_SPI.c **** 
  24:Generated_Source\PSoC4/SPIM_SPI.c ****     /***************************************
  25:Generated_Source\PSoC4/SPIM_SPI.c ****     *  Configuration Structure Initialization
  26:Generated_Source\PSoC4/SPIM_SPI.c ****     ***************************************/
  27:Generated_Source\PSoC4/SPIM_SPI.c **** 
  28:Generated_Source\PSoC4/SPIM_SPI.c ****     const SPIM_SPI_INIT_STRUCT SPIM_configSpi =
  29:Generated_Source\PSoC4/SPIM_SPI.c ****     {
  30:Generated_Source\PSoC4/SPIM_SPI.c ****         SPIM_SPI_MODE,
  31:Generated_Source\PSoC4/SPIM_SPI.c ****         SPIM_SPI_SUB_MODE,
  32:Generated_Source\PSoC4/SPIM_SPI.c ****         SPIM_SPI_CLOCK_MODE,
ARM GAS  C:\Users\TB1014~1\AppData\Local\Temp\ccEKoXcK.s 			page 2


  33:Generated_Source\PSoC4/SPIM_SPI.c ****         SPIM_SPI_OVS_FACTOR,
  34:Generated_Source\PSoC4/SPIM_SPI.c ****         SPIM_SPI_MEDIAN_FILTER_ENABLE,
  35:Generated_Source\PSoC4/SPIM_SPI.c ****         SPIM_SPI_LATE_MISO_SAMPLE_ENABLE,
  36:Generated_Source\PSoC4/SPIM_SPI.c ****         SPIM_SPI_WAKE_ENABLE,
  37:Generated_Source\PSoC4/SPIM_SPI.c ****         SPIM_SPI_RX_DATA_BITS_NUM,
  38:Generated_Source\PSoC4/SPIM_SPI.c ****         SPIM_SPI_TX_DATA_BITS_NUM,
  39:Generated_Source\PSoC4/SPIM_SPI.c ****         SPIM_SPI_BITS_ORDER,
  40:Generated_Source\PSoC4/SPIM_SPI.c ****         SPIM_SPI_TRANSFER_SEPARATION,
  41:Generated_Source\PSoC4/SPIM_SPI.c ****         0u,
  42:Generated_Source\PSoC4/SPIM_SPI.c ****         NULL,
  43:Generated_Source\PSoC4/SPIM_SPI.c ****         0u,
  44:Generated_Source\PSoC4/SPIM_SPI.c ****         NULL,
  45:Generated_Source\PSoC4/SPIM_SPI.c ****         (uint32) SPIM_SCB_IRQ_INTERNAL,
  46:Generated_Source\PSoC4/SPIM_SPI.c ****         SPIM_SPI_INTR_RX_MASK,
  47:Generated_Source\PSoC4/SPIM_SPI.c ****         SPIM_SPI_RX_TRIGGER_LEVEL,
  48:Generated_Source\PSoC4/SPIM_SPI.c ****         SPIM_SPI_INTR_TX_MASK,
  49:Generated_Source\PSoC4/SPIM_SPI.c ****         SPIM_SPI_TX_TRIGGER_LEVEL,
  50:Generated_Source\PSoC4/SPIM_SPI.c ****         (uint8) SPIM_SPI_BYTE_MODE_ENABLE,
  51:Generated_Source\PSoC4/SPIM_SPI.c ****         (uint8) SPIM_SPI_FREE_RUN_SCLK_ENABLE,
  52:Generated_Source\PSoC4/SPIM_SPI.c ****         (uint8) SPIM_SPI_SS_POLARITY
  53:Generated_Source\PSoC4/SPIM_SPI.c ****     };
  54:Generated_Source\PSoC4/SPIM_SPI.c **** 
  55:Generated_Source\PSoC4/SPIM_SPI.c **** 
  56:Generated_Source\PSoC4/SPIM_SPI.c ****     /*******************************************************************************
  57:Generated_Source\PSoC4/SPIM_SPI.c ****     * Function Name: SPIM_SpiInit
  58:Generated_Source\PSoC4/SPIM_SPI.c ****     ****************************************************************************//**
  59:Generated_Source\PSoC4/SPIM_SPI.c ****     *
  60:Generated_Source\PSoC4/SPIM_SPI.c ****     *  Configures the SPIM for SPI operation.
  61:Generated_Source\PSoC4/SPIM_SPI.c ****     *
  62:Generated_Source\PSoC4/SPIM_SPI.c ****     *  This function is intended specifically to be used when the SPIM 
  63:Generated_Source\PSoC4/SPIM_SPI.c ****     *  configuration is set to “Unconfigured SPIM” in the customizer. 
  64:Generated_Source\PSoC4/SPIM_SPI.c ****     *  After initializing the SPIM in SPI mode using this function, 
  65:Generated_Source\PSoC4/SPIM_SPI.c ****     *  the component can be enabled using the SPIM_Start() or 
  66:Generated_Source\PSoC4/SPIM_SPI.c ****     * SPIM_Enable() function.
  67:Generated_Source\PSoC4/SPIM_SPI.c ****     *  This function uses a pointer to a structure that provides the configuration 
  68:Generated_Source\PSoC4/SPIM_SPI.c ****     *  settings. This structure contains the same information that would otherwise 
  69:Generated_Source\PSoC4/SPIM_SPI.c ****     *  be provided by the customizer settings.
  70:Generated_Source\PSoC4/SPIM_SPI.c ****     *
  71:Generated_Source\PSoC4/SPIM_SPI.c ****     *  \param config: pointer to a structure that contains the following list of 
  72:Generated_Source\PSoC4/SPIM_SPI.c ****     *   fields. These fields match the selections available in the customizer. 
  73:Generated_Source\PSoC4/SPIM_SPI.c ****     *   Refer to the customizer for further description of the settings.
  74:Generated_Source\PSoC4/SPIM_SPI.c ****     *
  75:Generated_Source\PSoC4/SPIM_SPI.c ****     *******************************************************************************/
  76:Generated_Source\PSoC4/SPIM_SPI.c ****     void SPIM_SpiInit(const SPIM_SPI_INIT_STRUCT *config)
  77:Generated_Source\PSoC4/SPIM_SPI.c ****     {
  78:Generated_Source\PSoC4/SPIM_SPI.c ****         if(NULL == config)
  79:Generated_Source\PSoC4/SPIM_SPI.c ****         {
  80:Generated_Source\PSoC4/SPIM_SPI.c ****             CYASSERT(0u != 0u); /* Halt execution due to bad function parameter */
  81:Generated_Source\PSoC4/SPIM_SPI.c ****         }
  82:Generated_Source\PSoC4/SPIM_SPI.c ****         else
  83:Generated_Source\PSoC4/SPIM_SPI.c ****         {
  84:Generated_Source\PSoC4/SPIM_SPI.c ****             /* Configure pins */
  85:Generated_Source\PSoC4/SPIM_SPI.c ****             SPIM_SetPins(SPIM_SCB_MODE_SPI, config->mode, SPIM_DUMMY_PARAM);
  86:Generated_Source\PSoC4/SPIM_SPI.c **** 
  87:Generated_Source\PSoC4/SPIM_SPI.c ****             /* Store internal configuration */
  88:Generated_Source\PSoC4/SPIM_SPI.c ****             SPIM_scbMode       = (uint8) SPIM_SCB_MODE_SPI;
  89:Generated_Source\PSoC4/SPIM_SPI.c ****             SPIM_scbEnableWake = (uint8) config->enableWake;
ARM GAS  C:\Users\TB1014~1\AppData\Local\Temp\ccEKoXcK.s 			page 3


  90:Generated_Source\PSoC4/SPIM_SPI.c ****             SPIM_scbEnableIntr = (uint8) config->enableInterrupt;
  91:Generated_Source\PSoC4/SPIM_SPI.c **** 
  92:Generated_Source\PSoC4/SPIM_SPI.c ****             /* Set RX direction internal variables */
  93:Generated_Source\PSoC4/SPIM_SPI.c ****             SPIM_rxBuffer      =         config->rxBuffer;
  94:Generated_Source\PSoC4/SPIM_SPI.c ****             SPIM_rxDataBits    = (uint8) config->rxDataBits;
  95:Generated_Source\PSoC4/SPIM_SPI.c ****             SPIM_rxBufferSize  = (uint8) config->rxBufferSize;
  96:Generated_Source\PSoC4/SPIM_SPI.c **** 
  97:Generated_Source\PSoC4/SPIM_SPI.c ****             /* Set TX direction internal variables */
  98:Generated_Source\PSoC4/SPIM_SPI.c ****             SPIM_txBuffer      =         config->txBuffer;
  99:Generated_Source\PSoC4/SPIM_SPI.c ****             SPIM_txDataBits    = (uint8) config->txDataBits;
 100:Generated_Source\PSoC4/SPIM_SPI.c ****             SPIM_txBufferSize  = (uint8) config->txBufferSize;
 101:Generated_Source\PSoC4/SPIM_SPI.c **** 
 102:Generated_Source\PSoC4/SPIM_SPI.c ****             /* Configure SPI interface */
 103:Generated_Source\PSoC4/SPIM_SPI.c ****             SPIM_CTRL_REG     = SPIM_GET_CTRL_OVS(config->oversample)           |
 104:Generated_Source\PSoC4/SPIM_SPI.c ****                                             SPIM_GET_CTRL_BYTE_MODE(config->enableByteMode) |
 105:Generated_Source\PSoC4/SPIM_SPI.c ****                                             SPIM_GET_CTRL_EC_AM_MODE(config->enableWake)    |
 106:Generated_Source\PSoC4/SPIM_SPI.c ****                                             SPIM_CTRL_SPI;
 107:Generated_Source\PSoC4/SPIM_SPI.c **** 
 108:Generated_Source\PSoC4/SPIM_SPI.c ****             SPIM_SPI_CTRL_REG = SPIM_GET_SPI_CTRL_CONTINUOUS    (config->transferSeperation)  |
 109:Generated_Source\PSoC4/SPIM_SPI.c ****                                             SPIM_GET_SPI_CTRL_SELECT_PRECEDE(config->submode &
 110:Generated_Source\PSoC4/SPIM_SPI.c ****                                                                           SPIM_SPI_MODE_TI_PRECEDES
 111:Generated_Source\PSoC4/SPIM_SPI.c ****                                             SPIM_GET_SPI_CTRL_SCLK_MODE     (config->sclkMode)     
 112:Generated_Source\PSoC4/SPIM_SPI.c ****                                             SPIM_GET_SPI_CTRL_LATE_MISO_SAMPLE(config->enableLateSa
 113:Generated_Source\PSoC4/SPIM_SPI.c ****                                             SPIM_GET_SPI_CTRL_SCLK_CONTINUOUS(config->enableFreeRun
 114:Generated_Source\PSoC4/SPIM_SPI.c ****                                             SPIM_GET_SPI_CTRL_SSEL_POLARITY (config->polaritySs)   
 115:Generated_Source\PSoC4/SPIM_SPI.c ****                                             SPIM_GET_SPI_CTRL_SUB_MODE      (config->submode)      
 116:Generated_Source\PSoC4/SPIM_SPI.c ****                                             SPIM_GET_SPI_CTRL_MASTER_MODE   (config->mode);
 117:Generated_Source\PSoC4/SPIM_SPI.c **** 
 118:Generated_Source\PSoC4/SPIM_SPI.c ****             /* Configure RX direction */
 119:Generated_Source\PSoC4/SPIM_SPI.c ****             SPIM_RX_CTRL_REG     =  SPIM_GET_RX_CTRL_DATA_WIDTH(config->rxDataBits)         |
 120:Generated_Source\PSoC4/SPIM_SPI.c ****                                                 SPIM_GET_RX_CTRL_BIT_ORDER (config->bitOrder)      
 121:Generated_Source\PSoC4/SPIM_SPI.c ****                                                 SPIM_GET_RX_CTRL_MEDIAN    (config->enableMedianFil
 122:Generated_Source\PSoC4/SPIM_SPI.c ****                                                 SPIM_SPI_RX_CTRL;
 123:Generated_Source\PSoC4/SPIM_SPI.c **** 
 124:Generated_Source\PSoC4/SPIM_SPI.c ****             SPIM_RX_FIFO_CTRL_REG = SPIM_GET_RX_FIFO_CTRL_TRIGGER_LEVEL(config->rxTriggerLevel);
 125:Generated_Source\PSoC4/SPIM_SPI.c **** 
 126:Generated_Source\PSoC4/SPIM_SPI.c ****             /* Configure TX direction */
 127:Generated_Source\PSoC4/SPIM_SPI.c ****             SPIM_TX_CTRL_REG      = SPIM_GET_TX_CTRL_DATA_WIDTH(config->txDataBits) |
 128:Generated_Source\PSoC4/SPIM_SPI.c ****                                                 SPIM_GET_TX_CTRL_BIT_ORDER (config->bitOrder)   |
 129:Generated_Source\PSoC4/SPIM_SPI.c ****                                                 SPIM_SPI_TX_CTRL;
 130:Generated_Source\PSoC4/SPIM_SPI.c **** 
 131:Generated_Source\PSoC4/SPIM_SPI.c ****             SPIM_TX_FIFO_CTRL_REG = SPIM_GET_TX_FIFO_CTRL_TRIGGER_LEVEL(config->txTriggerLevel);
 132:Generated_Source\PSoC4/SPIM_SPI.c **** 
 133:Generated_Source\PSoC4/SPIM_SPI.c ****             /* Configure interrupt with SPI handler but do not enable it */
 134:Generated_Source\PSoC4/SPIM_SPI.c ****             CyIntDisable    (SPIM_ISR_NUMBER);
 135:Generated_Source\PSoC4/SPIM_SPI.c ****             CyIntSetPriority(SPIM_ISR_NUMBER, SPIM_ISR_PRIORITY);
 136:Generated_Source\PSoC4/SPIM_SPI.c ****             (void) CyIntSetVector(SPIM_ISR_NUMBER, &SPIM_SPI_UART_ISR);
 137:Generated_Source\PSoC4/SPIM_SPI.c **** 
 138:Generated_Source\PSoC4/SPIM_SPI.c ****             /* Configure interrupt sources */
 139:Generated_Source\PSoC4/SPIM_SPI.c ****             SPIM_INTR_I2C_EC_MASK_REG = SPIM_NO_INTR_SOURCES;
 140:Generated_Source\PSoC4/SPIM_SPI.c ****             SPIM_INTR_SPI_EC_MASK_REG = SPIM_NO_INTR_SOURCES;
 141:Generated_Source\PSoC4/SPIM_SPI.c ****             SPIM_INTR_SLAVE_MASK_REG  = SPIM_GET_SPI_INTR_SLAVE_MASK(config->rxInterruptMask);
 142:Generated_Source\PSoC4/SPIM_SPI.c ****             SPIM_INTR_MASTER_MASK_REG = SPIM_GET_SPI_INTR_MASTER_MASK(config->txInterruptMask);
 143:Generated_Source\PSoC4/SPIM_SPI.c ****             SPIM_INTR_RX_MASK_REG     = SPIM_GET_SPI_INTR_RX_MASK(config->rxInterruptMask);
 144:Generated_Source\PSoC4/SPIM_SPI.c ****             SPIM_INTR_TX_MASK_REG     = SPIM_GET_SPI_INTR_TX_MASK(config->txInterruptMask);
 145:Generated_Source\PSoC4/SPIM_SPI.c ****             
 146:Generated_Source\PSoC4/SPIM_SPI.c ****             /* Configure TX interrupt sources to restore. */
ARM GAS  C:\Users\TB1014~1\AppData\Local\Temp\ccEKoXcK.s 			page 4


 147:Generated_Source\PSoC4/SPIM_SPI.c ****             SPIM_IntrTxMask = LO16(SPIM_INTR_TX_MASK_REG);
 148:Generated_Source\PSoC4/SPIM_SPI.c **** 
 149:Generated_Source\PSoC4/SPIM_SPI.c ****             /* Set active SS0 */
 150:Generated_Source\PSoC4/SPIM_SPI.c ****             SPIM_SpiSetActiveSlaveSelect(SPIM_SPI_SLAVE_SELECT0);
 151:Generated_Source\PSoC4/SPIM_SPI.c **** 
 152:Generated_Source\PSoC4/SPIM_SPI.c ****             /* Clear RX buffer indexes */
 153:Generated_Source\PSoC4/SPIM_SPI.c ****             SPIM_rxBufferHead     = 0u;
 154:Generated_Source\PSoC4/SPIM_SPI.c ****             SPIM_rxBufferTail     = 0u;
 155:Generated_Source\PSoC4/SPIM_SPI.c ****             SPIM_rxBufferOverflow = 0u;
 156:Generated_Source\PSoC4/SPIM_SPI.c **** 
 157:Generated_Source\PSoC4/SPIM_SPI.c ****             /* Clear TX buffer indexes */
 158:Generated_Source\PSoC4/SPIM_SPI.c ****             SPIM_txBufferHead = 0u;
 159:Generated_Source\PSoC4/SPIM_SPI.c ****             SPIM_txBufferTail = 0u;
 160:Generated_Source\PSoC4/SPIM_SPI.c ****         }
 161:Generated_Source\PSoC4/SPIM_SPI.c ****     }
 162:Generated_Source\PSoC4/SPIM_SPI.c **** 
 163:Generated_Source\PSoC4/SPIM_SPI.c **** #else
 164:Generated_Source\PSoC4/SPIM_SPI.c **** 
 165:Generated_Source\PSoC4/SPIM_SPI.c ****     /*******************************************************************************
 166:Generated_Source\PSoC4/SPIM_SPI.c ****     * Function Name: SPIM_SpiInit
 167:Generated_Source\PSoC4/SPIM_SPI.c ****     ****************************************************************************//**
 168:Generated_Source\PSoC4/SPIM_SPI.c ****     *
 169:Generated_Source\PSoC4/SPIM_SPI.c ****     *  Configures the SCB for the SPI operation.
 170:Generated_Source\PSoC4/SPIM_SPI.c ****     *
 171:Generated_Source\PSoC4/SPIM_SPI.c ****     *******************************************************************************/
 172:Generated_Source\PSoC4/SPIM_SPI.c ****     void SPIM_SpiInit(void)
 173:Generated_Source\PSoC4/SPIM_SPI.c ****     {
 174:Generated_Source\PSoC4/SPIM_SPI.c ****         /* Configure SPI interface */
 175:Generated_Source\PSoC4/SPIM_SPI.c ****         SPIM_CTRL_REG     = SPIM_SPI_DEFAULT_CTRL;
 176:Generated_Source\PSoC4/SPIM_SPI.c ****         SPIM_SPI_CTRL_REG = SPIM_SPI_DEFAULT_SPI_CTRL;
 177:Generated_Source\PSoC4/SPIM_SPI.c **** 
 178:Generated_Source\PSoC4/SPIM_SPI.c ****         /* Configure TX and RX direction */
 179:Generated_Source\PSoC4/SPIM_SPI.c ****         SPIM_RX_CTRL_REG      = SPIM_SPI_DEFAULT_RX_CTRL;
 180:Generated_Source\PSoC4/SPIM_SPI.c ****         SPIM_RX_FIFO_CTRL_REG = SPIM_SPI_DEFAULT_RX_FIFO_CTRL;
 181:Generated_Source\PSoC4/SPIM_SPI.c **** 
 182:Generated_Source\PSoC4/SPIM_SPI.c ****         /* Configure TX and RX direction */
 183:Generated_Source\PSoC4/SPIM_SPI.c ****         SPIM_TX_CTRL_REG      = SPIM_SPI_DEFAULT_TX_CTRL;
 184:Generated_Source\PSoC4/SPIM_SPI.c ****         SPIM_TX_FIFO_CTRL_REG = SPIM_SPI_DEFAULT_TX_FIFO_CTRL;
 185:Generated_Source\PSoC4/SPIM_SPI.c **** 
 186:Generated_Source\PSoC4/SPIM_SPI.c ****         /* Configure interrupt with SPI handler but do not enable it */
 187:Generated_Source\PSoC4/SPIM_SPI.c ****     #if(SPIM_SCB_IRQ_INTERNAL)
 188:Generated_Source\PSoC4/SPIM_SPI.c ****             CyIntDisable    (SPIM_ISR_NUMBER);
 189:Generated_Source\PSoC4/SPIM_SPI.c ****             CyIntSetPriority(SPIM_ISR_NUMBER, SPIM_ISR_PRIORITY);
 190:Generated_Source\PSoC4/SPIM_SPI.c ****             (void) CyIntSetVector(SPIM_ISR_NUMBER, &SPIM_SPI_UART_ISR);
 191:Generated_Source\PSoC4/SPIM_SPI.c ****     #endif /* (SPIM_SCB_IRQ_INTERNAL) */
 192:Generated_Source\PSoC4/SPIM_SPI.c **** 
 193:Generated_Source\PSoC4/SPIM_SPI.c ****         /* Configure interrupt sources */
 194:Generated_Source\PSoC4/SPIM_SPI.c ****         SPIM_INTR_I2C_EC_MASK_REG = SPIM_SPI_DEFAULT_INTR_I2C_EC_MASK;
 195:Generated_Source\PSoC4/SPIM_SPI.c ****         SPIM_INTR_SPI_EC_MASK_REG = SPIM_SPI_DEFAULT_INTR_SPI_EC_MASK;
 196:Generated_Source\PSoC4/SPIM_SPI.c ****         SPIM_INTR_SLAVE_MASK_REG  = SPIM_SPI_DEFAULT_INTR_SLAVE_MASK;
 197:Generated_Source\PSoC4/SPIM_SPI.c ****         SPIM_INTR_MASTER_MASK_REG = SPIM_SPI_DEFAULT_INTR_MASTER_MASK;
 198:Generated_Source\PSoC4/SPIM_SPI.c ****         SPIM_INTR_RX_MASK_REG     = SPIM_SPI_DEFAULT_INTR_RX_MASK;
 199:Generated_Source\PSoC4/SPIM_SPI.c ****         SPIM_INTR_TX_MASK_REG     = SPIM_SPI_DEFAULT_INTR_TX_MASK;
 200:Generated_Source\PSoC4/SPIM_SPI.c **** 
 201:Generated_Source\PSoC4/SPIM_SPI.c ****         /* Configure TX interrupt sources to restore. */
 202:Generated_Source\PSoC4/SPIM_SPI.c ****         SPIM_IntrTxMask = LO16(SPIM_INTR_TX_MASK_REG);
 203:Generated_Source\PSoC4/SPIM_SPI.c ****             
ARM GAS  C:\Users\TB1014~1\AppData\Local\Temp\ccEKoXcK.s 			page 5


 204:Generated_Source\PSoC4/SPIM_SPI.c ****         /* Set active SS0 for master */
 205:Generated_Source\PSoC4/SPIM_SPI.c ****     #if (SPIM_SPI_MASTER_CONST)
 206:Generated_Source\PSoC4/SPIM_SPI.c ****         SPIM_SpiSetActiveSlaveSelect(SPIM_SPI_SLAVE_SELECT0);
 207:Generated_Source\PSoC4/SPIM_SPI.c ****     #endif /* (SPIM_SPI_MASTER_CONST) */
 208:Generated_Source\PSoC4/SPIM_SPI.c **** 
 209:Generated_Source\PSoC4/SPIM_SPI.c ****     #if(SPIM_INTERNAL_RX_SW_BUFFER_CONST)
 210:Generated_Source\PSoC4/SPIM_SPI.c ****         SPIM_rxBufferHead     = 0u;
 211:Generated_Source\PSoC4/SPIM_SPI.c ****         SPIM_rxBufferTail     = 0u;
 212:Generated_Source\PSoC4/SPIM_SPI.c ****         SPIM_rxBufferOverflow = 0u;
 213:Generated_Source\PSoC4/SPIM_SPI.c ****     #endif /* (SPIM_INTERNAL_RX_SW_BUFFER_CONST) */
 214:Generated_Source\PSoC4/SPIM_SPI.c **** 
 215:Generated_Source\PSoC4/SPIM_SPI.c ****     #if(SPIM_INTERNAL_TX_SW_BUFFER_CONST)
 216:Generated_Source\PSoC4/SPIM_SPI.c ****         SPIM_txBufferHead = 0u;
 217:Generated_Source\PSoC4/SPIM_SPI.c ****         SPIM_txBufferTail = 0u;
 218:Generated_Source\PSoC4/SPIM_SPI.c ****     #endif /* (SPIM_INTERNAL_TX_SW_BUFFER_CONST) */
 219:Generated_Source\PSoC4/SPIM_SPI.c ****     }
 220:Generated_Source\PSoC4/SPIM_SPI.c **** #endif /* (SPIM_SCB_MODE_UNCONFIG_CONST_CFG) */
 221:Generated_Source\PSoC4/SPIM_SPI.c **** 
 222:Generated_Source\PSoC4/SPIM_SPI.c **** 
 223:Generated_Source\PSoC4/SPIM_SPI.c **** /*******************************************************************************
 224:Generated_Source\PSoC4/SPIM_SPI.c **** * Function Name: SPIM_SpiPostEnable
 225:Generated_Source\PSoC4/SPIM_SPI.c **** ****************************************************************************//**
 226:Generated_Source\PSoC4/SPIM_SPI.c **** *
 227:Generated_Source\PSoC4/SPIM_SPI.c **** *  Restores HSIOM settings for the SPI master output pins (SCLK and/or SS0-SS3) 
 228:Generated_Source\PSoC4/SPIM_SPI.c **** *  to be controlled by the SCB SPI.
 229:Generated_Source\PSoC4/SPIM_SPI.c **** *
 230:Generated_Source\PSoC4/SPIM_SPI.c **** *******************************************************************************/
 231:Generated_Source\PSoC4/SPIM_SPI.c **** void SPIM_SpiPostEnable(void)
 232:Generated_Source\PSoC4/SPIM_SPI.c **** {
  26              		.loc 1 232 0
  27              		.cfi_startproc
 233:Generated_Source\PSoC4/SPIM_SPI.c **** #if(SPIM_SCB_MODE_UNCONFIG_CONST_CFG)
 234:Generated_Source\PSoC4/SPIM_SPI.c **** 
 235:Generated_Source\PSoC4/SPIM_SPI.c ****     if (SPIM_CHECK_SPI_MASTER)
 236:Generated_Source\PSoC4/SPIM_SPI.c ****     {
 237:Generated_Source\PSoC4/SPIM_SPI.c ****     #if (SPIM_CTS_SCLK_PIN)
 238:Generated_Source\PSoC4/SPIM_SPI.c ****         /* Set SCB SPI to drive output pin */
 239:Generated_Source\PSoC4/SPIM_SPI.c ****         SPIM_SET_HSIOM_SEL(SPIM_CTS_SCLK_HSIOM_REG, SPIM_CTS_SCLK_HSIOM_MASK,
 240:Generated_Source\PSoC4/SPIM_SPI.c ****                                        SPIM_CTS_SCLK_HSIOM_POS, SPIM_CTS_SCLK_HSIOM_SEL_SPI);
 241:Generated_Source\PSoC4/SPIM_SPI.c ****     #endif /* (SPIM_CTS_SCLK_PIN) */
 242:Generated_Source\PSoC4/SPIM_SPI.c **** 
 243:Generated_Source\PSoC4/SPIM_SPI.c ****     #if (SPIM_RTS_SS0_PIN)
 244:Generated_Source\PSoC4/SPIM_SPI.c ****         /* Set SCB SPI to drive output pin */
 245:Generated_Source\PSoC4/SPIM_SPI.c ****         SPIM_SET_HSIOM_SEL(SPIM_RTS_SS0_HSIOM_REG, SPIM_RTS_SS0_HSIOM_MASK,
 246:Generated_Source\PSoC4/SPIM_SPI.c ****                                        SPIM_RTS_SS0_HSIOM_POS, SPIM_RTS_SS0_HSIOM_SEL_SPI);
 247:Generated_Source\PSoC4/SPIM_SPI.c ****     #endif /* (SPIM_RTS_SS0_PIN) */
 248:Generated_Source\PSoC4/SPIM_SPI.c **** 
 249:Generated_Source\PSoC4/SPIM_SPI.c ****     #if (SPIM_SS1_PIN)
 250:Generated_Source\PSoC4/SPIM_SPI.c ****         /* Set SCB SPI to drive output pin */
 251:Generated_Source\PSoC4/SPIM_SPI.c ****         SPIM_SET_HSIOM_SEL(SPIM_SS1_HSIOM_REG, SPIM_SS1_HSIOM_MASK,
 252:Generated_Source\PSoC4/SPIM_SPI.c ****                                        SPIM_SS1_HSIOM_POS, SPIM_SS1_HSIOM_SEL_SPI);
 253:Generated_Source\PSoC4/SPIM_SPI.c ****     #endif /* (SPIM_SS1_PIN) */
 254:Generated_Source\PSoC4/SPIM_SPI.c **** 
 255:Generated_Source\PSoC4/SPIM_SPI.c ****     #if (SPIM_SS2_PIN)
 256:Generated_Source\PSoC4/SPIM_SPI.c ****         /* Set SCB SPI to drive output pin */
 257:Generated_Source\PSoC4/SPIM_SPI.c ****         SPIM_SET_HSIOM_SEL(SPIM_SS2_HSIOM_REG, SPIM_SS2_HSIOM_MASK,
 258:Generated_Source\PSoC4/SPIM_SPI.c ****                                        SPIM_SS2_HSIOM_POS, SPIM_SS2_HSIOM_SEL_SPI);
ARM GAS  C:\Users\TB1014~1\AppData\Local\Temp\ccEKoXcK.s 			page 6


 259:Generated_Source\PSoC4/SPIM_SPI.c ****     #endif /* (SPIM_SS2_PIN) */
 260:Generated_Source\PSoC4/SPIM_SPI.c **** 
 261:Generated_Source\PSoC4/SPIM_SPI.c ****     #if (SPIM_SS3_PIN)
 262:Generated_Source\PSoC4/SPIM_SPI.c ****         /* Set SCB SPI to drive output pin */
 263:Generated_Source\PSoC4/SPIM_SPI.c ****         SPIM_SET_HSIOM_SEL(SPIM_SS3_HSIOM_REG, SPIM_SS3_HSIOM_MASK,
 264:Generated_Source\PSoC4/SPIM_SPI.c ****                                        SPIM_SS3_HSIOM_POS, SPIM_SS3_HSIOM_SEL_SPI);
 265:Generated_Source\PSoC4/SPIM_SPI.c ****     #endif /* (SPIM_SS3_PIN) */
 266:Generated_Source\PSoC4/SPIM_SPI.c ****     }
 267:Generated_Source\PSoC4/SPIM_SPI.c **** 
 268:Generated_Source\PSoC4/SPIM_SPI.c **** #else
 269:Generated_Source\PSoC4/SPIM_SPI.c **** 
 270:Generated_Source\PSoC4/SPIM_SPI.c ****     #if (SPIM_SPI_MASTER_SCLK_PIN)
 271:Generated_Source\PSoC4/SPIM_SPI.c ****         /* Set SCB SPI to drive output pin */
 272:Generated_Source\PSoC4/SPIM_SPI.c ****         SPIM_SET_HSIOM_SEL(SPIM_SCLK_M_HSIOM_REG, SPIM_SCLK_M_HSIOM_MASK,
  28              		.loc 1 272 0
  29 0000 054A     		ldr	r2, .L2
  30 0002 1368     		ldr	r3, [r2]
  31 0004 F021     		mov	r1, #240
  32 0006 0901     		lsl	r1, r1, #4
  33 0008 0B43     		orr	r3, r1
  34 000a 1360     		str	r3, [r2]
 273:Generated_Source\PSoC4/SPIM_SPI.c ****                                        SPIM_SCLK_M_HSIOM_POS, SPIM_SCLK_M_HSIOM_SEL_SPI);
 274:Generated_Source\PSoC4/SPIM_SPI.c ****     #endif /* (SPIM_MISO_SDA_TX_PIN_PIN) */
 275:Generated_Source\PSoC4/SPIM_SPI.c **** 
 276:Generated_Source\PSoC4/SPIM_SPI.c ****     #if (SPIM_SPI_MASTER_SS0_PIN)
 277:Generated_Source\PSoC4/SPIM_SPI.c ****         /* Set SCB SPI to drive output pin */
 278:Generated_Source\PSoC4/SPIM_SPI.c ****         SPIM_SET_HSIOM_SEL(SPIM_SS0_M_HSIOM_REG, SPIM_SS0_M_HSIOM_MASK,
 279:Generated_Source\PSoC4/SPIM_SPI.c ****                                        SPIM_SS0_M_HSIOM_POS, SPIM_SS0_M_HSIOM_SEL_SPI);
 280:Generated_Source\PSoC4/SPIM_SPI.c ****     #endif /* (SPIM_SPI_MASTER_SS0_PIN) */
 281:Generated_Source\PSoC4/SPIM_SPI.c **** 
 282:Generated_Source\PSoC4/SPIM_SPI.c ****     #if (SPIM_SPI_MASTER_SS1_PIN)
 283:Generated_Source\PSoC4/SPIM_SPI.c ****         /* Set SCB SPI to drive output pin */
 284:Generated_Source\PSoC4/SPIM_SPI.c ****         SPIM_SET_HSIOM_SEL(SPIM_SS1_M_HSIOM_REG, SPIM_SS1_M_HSIOM_MASK,
 285:Generated_Source\PSoC4/SPIM_SPI.c ****                                        SPIM_SS1_M_HSIOM_POS, SPIM_SS1_M_HSIOM_SEL_SPI);
 286:Generated_Source\PSoC4/SPIM_SPI.c ****     #endif /* (SPIM_SPI_MASTER_SS1_PIN) */
 287:Generated_Source\PSoC4/SPIM_SPI.c **** 
 288:Generated_Source\PSoC4/SPIM_SPI.c ****     #if (SPIM_SPI_MASTER_SS2_PIN)
 289:Generated_Source\PSoC4/SPIM_SPI.c ****         /* Set SCB SPI to drive output pin */
 290:Generated_Source\PSoC4/SPIM_SPI.c ****         SPIM_SET_HSIOM_SEL(SPIM_SS2_M_HSIOM_REG, SPIM_SS2_M_HSIOM_MASK,
 291:Generated_Source\PSoC4/SPIM_SPI.c ****                                        SPIM_SS2_M_HSIOM_POS, SPIM_SS2_M_HSIOM_SEL_SPI);
 292:Generated_Source\PSoC4/SPIM_SPI.c ****     #endif /* (SPIM_SPI_MASTER_SS2_PIN) */
 293:Generated_Source\PSoC4/SPIM_SPI.c **** 
 294:Generated_Source\PSoC4/SPIM_SPI.c ****     #if (SPIM_SPI_MASTER_SS3_PIN)
 295:Generated_Source\PSoC4/SPIM_SPI.c ****         /* Set SCB SPI to drive output pin */
 296:Generated_Source\PSoC4/SPIM_SPI.c ****         SPIM_SET_HSIOM_SEL(SPIM_SS3_M_HSIOM_REG, SPIM_SS3_M_HSIOM_MASK,
 297:Generated_Source\PSoC4/SPIM_SPI.c ****                                        SPIM_SS3_M_HSIOM_POS, SPIM_SS3_M_HSIOM_SEL_SPI);
 298:Generated_Source\PSoC4/SPIM_SPI.c ****     #endif /* (SPIM_SPI_MASTER_SS3_PIN) */
 299:Generated_Source\PSoC4/SPIM_SPI.c **** 
 300:Generated_Source\PSoC4/SPIM_SPI.c **** #endif /* (SPIM_SCB_MODE_UNCONFIG_CONST_CFG) */
 301:Generated_Source\PSoC4/SPIM_SPI.c **** 
 302:Generated_Source\PSoC4/SPIM_SPI.c ****     /* Restore TX interrupt sources. */
 303:Generated_Source\PSoC4/SPIM_SPI.c ****     SPIM_SetTxInterruptMode(SPIM_IntrTxMask);
  35              		.loc 1 303 0
  36 000c 034B     		ldr	r3, .L2+4
  37 000e 1A88     		ldrh	r2, [r3]
  38 0010 034B     		ldr	r3, .L2+8
  39 0012 1A60     		str	r2, [r3]
ARM GAS  C:\Users\TB1014~1\AppData\Local\Temp\ccEKoXcK.s 			page 7


 304:Generated_Source\PSoC4/SPIM_SPI.c **** }
  40              		.loc 1 304 0
  41              		@ sp needed
  42 0014 7047     		bx	lr
  43              	.L3:
  44 0016 C046     		.align	2
  45              	.L2:
  46 0018 00030240 		.word	1073873664
  47 001c 00000000 		.word	SPIM_IntrTxMask
  48 0020 880F0940 		.word	1074335624
  49              		.cfi_endproc
  50              	.LFE2:
  51              		.size	SPIM_SpiPostEnable, .-SPIM_SpiPostEnable
  52              		.section	.text.SPIM_SpiStop,"ax",%progbits
  53              		.align	2
  54              		.global	SPIM_SpiStop
  55              		.code	16
  56              		.thumb_func
  57              		.type	SPIM_SpiStop, %function
  58              	SPIM_SpiStop:
  59              	.LFB3:
 305:Generated_Source\PSoC4/SPIM_SPI.c **** 
 306:Generated_Source\PSoC4/SPIM_SPI.c **** 
 307:Generated_Source\PSoC4/SPIM_SPI.c **** /*******************************************************************************
 308:Generated_Source\PSoC4/SPIM_SPI.c **** * Function Name: SPIM_SpiStop
 309:Generated_Source\PSoC4/SPIM_SPI.c **** ****************************************************************************//**
 310:Generated_Source\PSoC4/SPIM_SPI.c **** *
 311:Generated_Source\PSoC4/SPIM_SPI.c **** *  Changes the HSIOM settings for the SPI master output pins 
 312:Generated_Source\PSoC4/SPIM_SPI.c **** *  (SCLK and/or SS0-SS3) to keep them inactive after the block is disabled. 
 313:Generated_Source\PSoC4/SPIM_SPI.c **** *  The output pins are controlled by the GPIO data register.
 314:Generated_Source\PSoC4/SPIM_SPI.c **** *
 315:Generated_Source\PSoC4/SPIM_SPI.c **** *******************************************************************************/
 316:Generated_Source\PSoC4/SPIM_SPI.c **** void SPIM_SpiStop(void)
 317:Generated_Source\PSoC4/SPIM_SPI.c **** {
  60              		.loc 1 317 0
  61              		.cfi_startproc
  62 0000 08B5     		push	{r3, lr}
  63              		.cfi_def_cfa_offset 8
  64              		.cfi_offset 3, -8
  65              		.cfi_offset 14, -4
 318:Generated_Source\PSoC4/SPIM_SPI.c **** #if(SPIM_SCB_MODE_UNCONFIG_CONST_CFG)
 319:Generated_Source\PSoC4/SPIM_SPI.c **** 
 320:Generated_Source\PSoC4/SPIM_SPI.c ****     if (SPIM_CHECK_SPI_MASTER)
 321:Generated_Source\PSoC4/SPIM_SPI.c ****     {
 322:Generated_Source\PSoC4/SPIM_SPI.c ****     #if (SPIM_CTS_SCLK_PIN)
 323:Generated_Source\PSoC4/SPIM_SPI.c ****         /* Set output pin state after block is disabled */
 324:Generated_Source\PSoC4/SPIM_SPI.c ****         SPIM_uart_cts_spi_sclk_Write(SPIM_GET_SPI_SCLK_INACTIVE);
 325:Generated_Source\PSoC4/SPIM_SPI.c **** 
 326:Generated_Source\PSoC4/SPIM_SPI.c ****         /* Set GPIO to drive output pin */
 327:Generated_Source\PSoC4/SPIM_SPI.c ****         SPIM_SET_HSIOM_SEL(SPIM_CTS_SCLK_HSIOM_REG, SPIM_CTS_SCLK_HSIOM_MASK,
 328:Generated_Source\PSoC4/SPIM_SPI.c ****                                        SPIM_CTS_SCLK_HSIOM_POS, SPIM_CTS_SCLK_HSIOM_SEL_GPIO);
 329:Generated_Source\PSoC4/SPIM_SPI.c ****     #endif /* (SPIM_uart_cts_spi_sclk_PIN) */
 330:Generated_Source\PSoC4/SPIM_SPI.c **** 
 331:Generated_Source\PSoC4/SPIM_SPI.c ****     #if (SPIM_RTS_SS0_PIN)
 332:Generated_Source\PSoC4/SPIM_SPI.c ****         /* Set output pin state after block is disabled */
 333:Generated_Source\PSoC4/SPIM_SPI.c ****         SPIM_uart_rts_spi_ss0_Write(SPIM_GET_SPI_SS0_INACTIVE);
 334:Generated_Source\PSoC4/SPIM_SPI.c **** 
ARM GAS  C:\Users\TB1014~1\AppData\Local\Temp\ccEKoXcK.s 			page 8


 335:Generated_Source\PSoC4/SPIM_SPI.c ****         /* Set GPIO to drive output pin */
 336:Generated_Source\PSoC4/SPIM_SPI.c ****         SPIM_SET_HSIOM_SEL(SPIM_RTS_SS0_HSIOM_REG, SPIM_RTS_SS0_HSIOM_MASK,
 337:Generated_Source\PSoC4/SPIM_SPI.c ****                                        SPIM_RTS_SS0_HSIOM_POS, SPIM_RTS_SS0_HSIOM_SEL_GPIO);
 338:Generated_Source\PSoC4/SPIM_SPI.c ****     #endif /* (SPIM_uart_rts_spi_ss0_PIN) */
 339:Generated_Source\PSoC4/SPIM_SPI.c **** 
 340:Generated_Source\PSoC4/SPIM_SPI.c ****     #if (SPIM_SS1_PIN)
 341:Generated_Source\PSoC4/SPIM_SPI.c ****         /* Set output pin state after block is disabled */
 342:Generated_Source\PSoC4/SPIM_SPI.c ****         SPIM_spi_ss1_Write(SPIM_GET_SPI_SS1_INACTIVE);
 343:Generated_Source\PSoC4/SPIM_SPI.c **** 
 344:Generated_Source\PSoC4/SPIM_SPI.c ****         /* Set GPIO to drive output pin */
 345:Generated_Source\PSoC4/SPIM_SPI.c ****         SPIM_SET_HSIOM_SEL(SPIM_SS1_HSIOM_REG, SPIM_SS1_HSIOM_MASK,
 346:Generated_Source\PSoC4/SPIM_SPI.c ****                                        SPIM_SS1_HSIOM_POS, SPIM_SS1_HSIOM_SEL_GPIO);
 347:Generated_Source\PSoC4/SPIM_SPI.c ****     #endif /* (SPIM_SS1_PIN) */
 348:Generated_Source\PSoC4/SPIM_SPI.c **** 
 349:Generated_Source\PSoC4/SPIM_SPI.c ****     #if (SPIM_SS2_PIN)
 350:Generated_Source\PSoC4/SPIM_SPI.c ****         /* Set output pin state after block is disabled */
 351:Generated_Source\PSoC4/SPIM_SPI.c ****         SPIM_spi_ss2_Write(SPIM_GET_SPI_SS2_INACTIVE);
 352:Generated_Source\PSoC4/SPIM_SPI.c **** 
 353:Generated_Source\PSoC4/SPIM_SPI.c ****         /* Set GPIO to drive output pin */
 354:Generated_Source\PSoC4/SPIM_SPI.c ****         SPIM_SET_HSIOM_SEL(SPIM_SS2_HSIOM_REG, SPIM_SS2_HSIOM_MASK,
 355:Generated_Source\PSoC4/SPIM_SPI.c ****                                        SPIM_SS2_HSIOM_POS, SPIM_SS2_HSIOM_SEL_GPIO);
 356:Generated_Source\PSoC4/SPIM_SPI.c ****     #endif /* (SPIM_SS2_PIN) */
 357:Generated_Source\PSoC4/SPIM_SPI.c **** 
 358:Generated_Source\PSoC4/SPIM_SPI.c ****     #if (SPIM_SS3_PIN)
 359:Generated_Source\PSoC4/SPIM_SPI.c ****         /* Set output pin state after block is disabled */
 360:Generated_Source\PSoC4/SPIM_SPI.c ****         SPIM_spi_ss3_Write(SPIM_GET_SPI_SS3_INACTIVE);
 361:Generated_Source\PSoC4/SPIM_SPI.c **** 
 362:Generated_Source\PSoC4/SPIM_SPI.c ****         /* Set GPIO to drive output pin */
 363:Generated_Source\PSoC4/SPIM_SPI.c ****         SPIM_SET_HSIOM_SEL(SPIM_SS3_HSIOM_REG, SPIM_SS3_HSIOM_MASK,
 364:Generated_Source\PSoC4/SPIM_SPI.c ****                                        SPIM_SS3_HSIOM_POS, SPIM_SS3_HSIOM_SEL_GPIO);
 365:Generated_Source\PSoC4/SPIM_SPI.c ****     #endif /* (SPIM_SS3_PIN) */
 366:Generated_Source\PSoC4/SPIM_SPI.c ****     
 367:Generated_Source\PSoC4/SPIM_SPI.c ****         /* Store TX interrupt sources (exclude level triggered) for master. */
 368:Generated_Source\PSoC4/SPIM_SPI.c ****         SPIM_IntrTxMask = LO16(SPIM_GetTxInterruptMode() & SPIM_INTR_SPIM_TX_RESTORE);
 369:Generated_Source\PSoC4/SPIM_SPI.c ****     }
 370:Generated_Source\PSoC4/SPIM_SPI.c ****     else
 371:Generated_Source\PSoC4/SPIM_SPI.c ****     {
 372:Generated_Source\PSoC4/SPIM_SPI.c ****         /* Store TX interrupt sources (exclude level triggered) for slave. */
 373:Generated_Source\PSoC4/SPIM_SPI.c ****         SPIM_IntrTxMask = LO16(SPIM_GetTxInterruptMode() & SPIM_INTR_SPIS_TX_RESTORE);
 374:Generated_Source\PSoC4/SPIM_SPI.c ****     }
 375:Generated_Source\PSoC4/SPIM_SPI.c **** 
 376:Generated_Source\PSoC4/SPIM_SPI.c **** #else
 377:Generated_Source\PSoC4/SPIM_SPI.c **** 
 378:Generated_Source\PSoC4/SPIM_SPI.c **** #if (SPIM_SPI_MASTER_SCLK_PIN)
 379:Generated_Source\PSoC4/SPIM_SPI.c ****     /* Set output pin state after block is disabled */
 380:Generated_Source\PSoC4/SPIM_SPI.c ****     SPIM_sclk_m_Write(SPIM_GET_SPI_SCLK_INACTIVE);
  66              		.loc 1 380 0
  67 0002 094B     		ldr	r3, .L5
  68 0004 1868     		ldr	r0, [r3]
  69 0006 0007     		lsl	r0, r0, #28
  70 0008 C00F     		lsr	r0, r0, #31
  71 000a FFF7FEFF 		bl	SPIM_sclk_m_Write
  72              	.LVL0:
 381:Generated_Source\PSoC4/SPIM_SPI.c **** 
 382:Generated_Source\PSoC4/SPIM_SPI.c ****     /* Set GPIO to drive output pin */
 383:Generated_Source\PSoC4/SPIM_SPI.c ****     SPIM_SET_HSIOM_SEL(SPIM_SCLK_M_HSIOM_REG, SPIM_SCLK_M_HSIOM_MASK,
  73              		.loc 1 383 0
ARM GAS  C:\Users\TB1014~1\AppData\Local\Temp\ccEKoXcK.s 			page 9


  74 000e 074A     		ldr	r2, .L5+4
  75 0010 1168     		ldr	r1, [r2]
  76 0012 074B     		ldr	r3, .L5+8
  77 0014 0B40     		and	r3, r1
  78 0016 1360     		str	r3, [r2]
 384:Generated_Source\PSoC4/SPIM_SPI.c ****                                    SPIM_SCLK_M_HSIOM_POS, SPIM_SCLK_M_HSIOM_SEL_GPIO);
 385:Generated_Source\PSoC4/SPIM_SPI.c **** #endif /* (SPIM_MISO_SDA_TX_PIN_PIN) */
 386:Generated_Source\PSoC4/SPIM_SPI.c **** 
 387:Generated_Source\PSoC4/SPIM_SPI.c **** #if (SPIM_SPI_MASTER_SS0_PIN)
 388:Generated_Source\PSoC4/SPIM_SPI.c ****     /* Set output pin state after block is disabled */
 389:Generated_Source\PSoC4/SPIM_SPI.c ****     SPIM_ss0_m_Write(SPIM_GET_SPI_SS0_INACTIVE);
 390:Generated_Source\PSoC4/SPIM_SPI.c **** 
 391:Generated_Source\PSoC4/SPIM_SPI.c ****     /* Set GPIO to drive output pin */
 392:Generated_Source\PSoC4/SPIM_SPI.c ****     SPIM_SET_HSIOM_SEL(SPIM_SS0_M_HSIOM_REG, SPIM_SS0_M_HSIOM_MASK,
 393:Generated_Source\PSoC4/SPIM_SPI.c ****                                    SPIM_SS0_M_HSIOM_POS, SPIM_SS0_M_HSIOM_SEL_GPIO);
 394:Generated_Source\PSoC4/SPIM_SPI.c **** #endif /* (SPIM_SPI_MASTER_SS0_PIN) */
 395:Generated_Source\PSoC4/SPIM_SPI.c **** 
 396:Generated_Source\PSoC4/SPIM_SPI.c **** #if (SPIM_SPI_MASTER_SS1_PIN)
 397:Generated_Source\PSoC4/SPIM_SPI.c ****     /* Set output pin state after block is disabled */
 398:Generated_Source\PSoC4/SPIM_SPI.c ****     SPIM_ss1_m_Write(SPIM_GET_SPI_SS1_INACTIVE);
 399:Generated_Source\PSoC4/SPIM_SPI.c **** 
 400:Generated_Source\PSoC4/SPIM_SPI.c ****     /* Set GPIO to drive output pin */
 401:Generated_Source\PSoC4/SPIM_SPI.c ****     SPIM_SET_HSIOM_SEL(SPIM_SS1_M_HSIOM_REG, SPIM_SS1_M_HSIOM_MASK,
 402:Generated_Source\PSoC4/SPIM_SPI.c ****                                    SPIM_SS1_M_HSIOM_POS, SPIM_SS1_M_HSIOM_SEL_GPIO);
 403:Generated_Source\PSoC4/SPIM_SPI.c **** #endif /* (SPIM_SPI_MASTER_SS1_PIN) */
 404:Generated_Source\PSoC4/SPIM_SPI.c **** 
 405:Generated_Source\PSoC4/SPIM_SPI.c **** #if (SPIM_SPI_MASTER_SS2_PIN)
 406:Generated_Source\PSoC4/SPIM_SPI.c ****     /* Set output pin state after block is disabled */
 407:Generated_Source\PSoC4/SPIM_SPI.c ****     SPIM_ss2_m_Write(SPIM_GET_SPI_SS2_INACTIVE);
 408:Generated_Source\PSoC4/SPIM_SPI.c **** 
 409:Generated_Source\PSoC4/SPIM_SPI.c ****     /* Set GPIO to drive output pin */
 410:Generated_Source\PSoC4/SPIM_SPI.c ****     SPIM_SET_HSIOM_SEL(SPIM_SS2_M_HSIOM_REG, SPIM_SS2_M_HSIOM_MASK,
 411:Generated_Source\PSoC4/SPIM_SPI.c ****                                    SPIM_SS2_M_HSIOM_POS, SPIM_SS2_M_HSIOM_SEL_GPIO);
 412:Generated_Source\PSoC4/SPIM_SPI.c **** #endif /* (SPIM_SPI_MASTER_SS2_PIN) */
 413:Generated_Source\PSoC4/SPIM_SPI.c **** 
 414:Generated_Source\PSoC4/SPIM_SPI.c **** #if (SPIM_SPI_MASTER_SS3_PIN)
 415:Generated_Source\PSoC4/SPIM_SPI.c ****     /* Set output pin state after block is disabled */
 416:Generated_Source\PSoC4/SPIM_SPI.c ****     SPIM_ss3_m_Write(SPIM_GET_SPI_SS3_INACTIVE);
 417:Generated_Source\PSoC4/SPIM_SPI.c **** 
 418:Generated_Source\PSoC4/SPIM_SPI.c ****     /* Set GPIO to drive output pin */
 419:Generated_Source\PSoC4/SPIM_SPI.c ****     SPIM_SET_HSIOM_SEL(SPIM_SS3_M_HSIOM_REG, SPIM_SS3_M_HSIOM_MASK,
 420:Generated_Source\PSoC4/SPIM_SPI.c ****                                    SPIM_SS3_M_HSIOM_POS, SPIM_SS3_M_HSIOM_SEL_GPIO);
 421:Generated_Source\PSoC4/SPIM_SPI.c **** #endif /* (SPIM_SPI_MASTER_SS3_PIN) */
 422:Generated_Source\PSoC4/SPIM_SPI.c **** 
 423:Generated_Source\PSoC4/SPIM_SPI.c ****     #if (SPIM_SPI_MASTER_CONST)
 424:Generated_Source\PSoC4/SPIM_SPI.c ****         /* Store TX interrupt sources (exclude level triggered). */
 425:Generated_Source\PSoC4/SPIM_SPI.c ****         SPIM_IntrTxMask = LO16(SPIM_GetTxInterruptMode() & SPIM_INTR_SPIM_TX_RESTORE);
  79              		.loc 1 425 0
  80 0018 064B     		ldr	r3, .L5+12
  81 001a 1B68     		ldr	r3, [r3]
  82 001c 2022     		mov	r2, #32
  83 001e 1340     		and	r3, r2
  84 0020 054A     		ldr	r2, .L5+16
  85 0022 1380     		strh	r3, [r2]
 426:Generated_Source\PSoC4/SPIM_SPI.c ****     #else
 427:Generated_Source\PSoC4/SPIM_SPI.c ****         /* Store TX interrupt sources (exclude level triggered). */
 428:Generated_Source\PSoC4/SPIM_SPI.c ****         SPIM_IntrTxMask = LO16(SPIM_GetTxInterruptMode() & SPIM_INTR_SPIS_TX_RESTORE);
ARM GAS  C:\Users\TB1014~1\AppData\Local\Temp\ccEKoXcK.s 			page 10


 429:Generated_Source\PSoC4/SPIM_SPI.c ****     #endif /* (SPIM_SPI_MASTER_CONST) */
 430:Generated_Source\PSoC4/SPIM_SPI.c **** 
 431:Generated_Source\PSoC4/SPIM_SPI.c **** #endif /* (SPIM_SCB_MODE_UNCONFIG_CONST_CFG) */
 432:Generated_Source\PSoC4/SPIM_SPI.c **** }
  86              		.loc 1 432 0
  87              		@ sp needed
  88 0024 08BD     		pop	{r3, pc}
  89              	.L6:
  90 0026 C046     		.align	2
  91              	.L5:
  92 0028 20000940 		.word	1074331680
  93 002c 00030240 		.word	1073873664
  94 0030 FFF0FFFF 		.word	-3841
  95 0034 880F0940 		.word	1074335624
  96 0038 00000000 		.word	SPIM_IntrTxMask
  97              		.cfi_endproc
  98              	.LFE3:
  99              		.size	SPIM_SpiStop, .-SPIM_SpiStop
 100              		.section	.text.SPIM_SpiSetActiveSlaveSelect,"ax",%progbits
 101              		.align	2
 102              		.global	SPIM_SpiSetActiveSlaveSelect
 103              		.code	16
 104              		.thumb_func
 105              		.type	SPIM_SpiSetActiveSlaveSelect, %function
 106              	SPIM_SpiSetActiveSlaveSelect:
 107              	.LFB4:
 433:Generated_Source\PSoC4/SPIM_SPI.c **** 
 434:Generated_Source\PSoC4/SPIM_SPI.c **** 
 435:Generated_Source\PSoC4/SPIM_SPI.c **** #if (SPIM_SPI_MASTER_CONST)
 436:Generated_Source\PSoC4/SPIM_SPI.c ****     /*******************************************************************************
 437:Generated_Source\PSoC4/SPIM_SPI.c ****     * Function Name: SPIM_SetActiveSlaveSelect
 438:Generated_Source\PSoC4/SPIM_SPI.c ****     ****************************************************************************//**
 439:Generated_Source\PSoC4/SPIM_SPI.c ****     *
 440:Generated_Source\PSoC4/SPIM_SPI.c ****     *  Selects one of the four slave select lines to be active during the transfer.
 441:Generated_Source\PSoC4/SPIM_SPI.c ****     *  After initialization the active slave select line is 0.
 442:Generated_Source\PSoC4/SPIM_SPI.c ****     *  The component should be in one of the following states to change the active
 443:Generated_Source\PSoC4/SPIM_SPI.c ****     *  slave select signal source correctly:
 444:Generated_Source\PSoC4/SPIM_SPI.c ****     *   - The component is disabled.
 445:Generated_Source\PSoC4/SPIM_SPI.c ****     *   - The component has completed transfer (TX FIFO is empty and the
 446:Generated_Source\PSoC4/SPIM_SPI.c ****     *     SCB_INTR_MASTER_SPI_DONE status is set).
 447:Generated_Source\PSoC4/SPIM_SPI.c ****     *
 448:Generated_Source\PSoC4/SPIM_SPI.c ****     *  This function does not check that these conditions are met.
 449:Generated_Source\PSoC4/SPIM_SPI.c ****     *  This function is only applicable to SPI Master mode of operation.
 450:Generated_Source\PSoC4/SPIM_SPI.c ****     *
 451:Generated_Source\PSoC4/SPIM_SPI.c ****     *  \param slaveSelect: slave select line which will be active while the following
 452:Generated_Source\PSoC4/SPIM_SPI.c ****     *   transfer.
 453:Generated_Source\PSoC4/SPIM_SPI.c ****     *   - SPIM_SPI_SLAVE_SELECT0 - Slave select 0.
 454:Generated_Source\PSoC4/SPIM_SPI.c ****     *   - SPIM_SPI_SLAVE_SELECT1 - Slave select 1.
 455:Generated_Source\PSoC4/SPIM_SPI.c ****     *   - SPIM_SPI_SLAVE_SELECT2 - Slave select 2.
 456:Generated_Source\PSoC4/SPIM_SPI.c ****     *   - SPIM_SPI_SLAVE_SELECT3 - Slave select 3.
 457:Generated_Source\PSoC4/SPIM_SPI.c ****     *
 458:Generated_Source\PSoC4/SPIM_SPI.c ****     *******************************************************************************/
 459:Generated_Source\PSoC4/SPIM_SPI.c ****     void SPIM_SpiSetActiveSlaveSelect(uint32 slaveSelect)
 460:Generated_Source\PSoC4/SPIM_SPI.c ****     {
 108              		.loc 1 460 0
 109              		.cfi_startproc
 110              	.LVL1:
ARM GAS  C:\Users\TB1014~1\AppData\Local\Temp\ccEKoXcK.s 			page 11


 461:Generated_Source\PSoC4/SPIM_SPI.c ****         uint32 spiCtrl;
 462:Generated_Source\PSoC4/SPIM_SPI.c **** 
 463:Generated_Source\PSoC4/SPIM_SPI.c ****         spiCtrl = SPIM_SPI_CTRL_REG;
 111              		.loc 1 463 0
 112 0000 0549     		ldr	r1, .L8
 113 0002 0A68     		ldr	r2, [r1]
 114              	.LVL2:
 464:Generated_Source\PSoC4/SPIM_SPI.c **** 
 465:Generated_Source\PSoC4/SPIM_SPI.c ****         spiCtrl &= (uint32) ~SPIM_SPI_CTRL_SLAVE_SELECT_MASK;
 115              		.loc 1 465 0
 116 0004 054B     		ldr	r3, .L8+4
 117 0006 1340     		and	r3, r2
 118              	.LVL3:
 466:Generated_Source\PSoC4/SPIM_SPI.c ****         spiCtrl |= (uint32)  SPIM_GET_SPI_CTRL_SS(slaveSelect);
 119              		.loc 1 466 0
 120 0008 8006     		lsl	r0, r0, #26
 121              	.LVL4:
 122 000a C022     		mov	r2, #192
 123 000c 1205     		lsl	r2, r2, #20
 124 000e 1040     		and	r0, r2
 125 0010 1843     		orr	r0, r3
 126              	.LVL5:
 467:Generated_Source\PSoC4/SPIM_SPI.c **** 
 468:Generated_Source\PSoC4/SPIM_SPI.c ****         SPIM_SPI_CTRL_REG = spiCtrl;
 127              		.loc 1 468 0
 128 0012 0860     		str	r0, [r1]
 469:Generated_Source\PSoC4/SPIM_SPI.c ****     }
 129              		.loc 1 469 0
 130              		@ sp needed
 131 0014 7047     		bx	lr
 132              	.L9:
 133 0016 C046     		.align	2
 134              	.L8:
 135 0018 20000940 		.word	1074331680
 136 001c FFFFFFF3 		.word	-201326593
 137              		.cfi_endproc
 138              	.LFE4:
 139              		.size	SPIM_SpiSetActiveSlaveSelect, .-SPIM_SpiSetActiveSlaveSelect
 140              		.section	.text.SPIM_SpiInit,"ax",%progbits
 141              		.align	2
 142              		.global	SPIM_SpiInit
 143              		.code	16
 144              		.thumb_func
 145              		.type	SPIM_SpiInit, %function
 146              	SPIM_SpiInit:
 147              	.LFB1:
 173:Generated_Source\PSoC4/SPIM_SPI.c ****         /* Configure SPI interface */
 148              		.loc 1 173 0
 149              		.cfi_startproc
 150 0000 10B5     		push	{r4, lr}
 151              		.cfi_def_cfa_offset 8
 152              		.cfi_offset 4, -8
 153              		.cfi_offset 14, -4
 175:Generated_Source\PSoC4/SPIM_SPI.c ****         SPIM_SPI_CTRL_REG = SPIM_SPI_DEFAULT_SPI_CTRL;
 154              		.loc 1 175 0
 155 0002 1D4A     		ldr	r2, .L11
 156 0004 1D4B     		ldr	r3, .L11+4
ARM GAS  C:\Users\TB1014~1\AppData\Local\Temp\ccEKoXcK.s 			page 12


 157 0006 1A60     		str	r2, [r3]
 176:Generated_Source\PSoC4/SPIM_SPI.c **** 
 158              		.loc 1 176 0
 159 0008 1D4A     		ldr	r2, .L11+8
 160 000a 1E4B     		ldr	r3, .L11+12
 161 000c 1A60     		str	r2, [r3]
 179:Generated_Source\PSoC4/SPIM_SPI.c ****         SPIM_RX_FIFO_CTRL_REG = SPIM_SPI_DEFAULT_RX_FIFO_CTRL;
 162              		.loc 1 179 0
 163 000e 1E4B     		ldr	r3, .L11+16
 164 0010 1E4A     		ldr	r2, .L11+20
 165 0012 1360     		str	r3, [r2]
 180:Generated_Source\PSoC4/SPIM_SPI.c **** 
 166              		.loc 1 180 0
 167 0014 0721     		mov	r1, #7
 168 0016 1E4A     		ldr	r2, .L11+24
 169 0018 1160     		str	r1, [r2]
 183:Generated_Source\PSoC4/SPIM_SPI.c ****         SPIM_TX_FIFO_CTRL_REG = SPIM_SPI_DEFAULT_TX_FIFO_CTRL;
 170              		.loc 1 183 0
 171 001a 1E4A     		ldr	r2, .L11+28
 172 001c 1360     		str	r3, [r2]
 184:Generated_Source\PSoC4/SPIM_SPI.c **** 
 173              		.loc 1 184 0
 174 001e 0024     		mov	r4, #0
 175 0020 1D4B     		ldr	r3, .L11+32
 176 0022 1C60     		str	r4, [r3]
 188:Generated_Source\PSoC4/SPIM_SPI.c ****             CyIntSetPriority(SPIM_ISR_NUMBER, SPIM_ISR_PRIORITY);
 177              		.loc 1 188 0
 178 0024 0820     		mov	r0, #8
 179 0026 FFF7FEFF 		bl	CyIntDisable
 180              	.LVL6:
 189:Generated_Source\PSoC4/SPIM_SPI.c ****             (void) CyIntSetVector(SPIM_ISR_NUMBER, &SPIM_SPI_UART_ISR);
 181              		.loc 1 189 0
 182 002a 0820     		mov	r0, #8
 183 002c 0321     		mov	r1, #3
 184 002e FFF7FEFF 		bl	CyIntSetPriority
 185              	.LVL7:
 190:Generated_Source\PSoC4/SPIM_SPI.c ****     #endif /* (SPIM_SCB_IRQ_INTERNAL) */
 186              		.loc 1 190 0
 187 0032 0820     		mov	r0, #8
 188 0034 1949     		ldr	r1, .L11+36
 189 0036 FFF7FEFF 		bl	CyIntSetVector
 190              	.LVL8:
 194:Generated_Source\PSoC4/SPIM_SPI.c ****         SPIM_INTR_SPI_EC_MASK_REG = SPIM_SPI_DEFAULT_INTR_SPI_EC_MASK;
 191              		.loc 1 194 0
 192 003a 194B     		ldr	r3, .L11+40
 193 003c 1C60     		str	r4, [r3]
 195:Generated_Source\PSoC4/SPIM_SPI.c ****         SPIM_INTR_SLAVE_MASK_REG  = SPIM_SPI_DEFAULT_INTR_SLAVE_MASK;
 194              		.loc 1 195 0
 195 003e 194B     		ldr	r3, .L11+44
 196 0040 1C60     		str	r4, [r3]
 196:Generated_Source\PSoC4/SPIM_SPI.c ****         SPIM_INTR_MASTER_MASK_REG = SPIM_SPI_DEFAULT_INTR_MASTER_MASK;
 197              		.loc 1 196 0
 198 0042 194B     		ldr	r3, .L11+48
 199 0044 1C60     		str	r4, [r3]
 197:Generated_Source\PSoC4/SPIM_SPI.c ****         SPIM_INTR_RX_MASK_REG     = SPIM_SPI_DEFAULT_INTR_RX_MASK;
 200              		.loc 1 197 0
 201 0046 194B     		ldr	r3, .L11+52
ARM GAS  C:\Users\TB1014~1\AppData\Local\Temp\ccEKoXcK.s 			page 13


 202 0048 1C60     		str	r4, [r3]
 198:Generated_Source\PSoC4/SPIM_SPI.c ****         SPIM_INTR_TX_MASK_REG     = SPIM_SPI_DEFAULT_INTR_TX_MASK;
 203              		.loc 1 198 0
 204 004a 0422     		mov	r2, #4
 205 004c 184B     		ldr	r3, .L11+56
 206 004e 1A60     		str	r2, [r3]
 199:Generated_Source\PSoC4/SPIM_SPI.c **** 
 207              		.loc 1 199 0
 208 0050 184B     		ldr	r3, .L11+60
 209 0052 1C60     		str	r4, [r3]
 202:Generated_Source\PSoC4/SPIM_SPI.c ****             
 210              		.loc 1 202 0
 211 0054 1A68     		ldr	r2, [r3]
 212 0056 184B     		ldr	r3, .L11+64
 213 0058 1A80     		strh	r2, [r3]
 206:Generated_Source\PSoC4/SPIM_SPI.c ****     #endif /* (SPIM_SPI_MASTER_CONST) */
 214              		.loc 1 206 0
 215 005a 0020     		mov	r0, #0
 216 005c FFF7FEFF 		bl	SPIM_SpiSetActiveSlaveSelect
 217              	.LVL9:
 210:Generated_Source\PSoC4/SPIM_SPI.c ****         SPIM_rxBufferTail     = 0u;
 218              		.loc 1 210 0
 219 0060 164B     		ldr	r3, .L11+68
 220 0062 1C60     		str	r4, [r3]
 211:Generated_Source\PSoC4/SPIM_SPI.c ****         SPIM_rxBufferOverflow = 0u;
 221              		.loc 1 211 0
 222 0064 164B     		ldr	r3, .L11+72
 223 0066 1C60     		str	r4, [r3]
 212:Generated_Source\PSoC4/SPIM_SPI.c ****     #endif /* (SPIM_INTERNAL_RX_SW_BUFFER_CONST) */
 224              		.loc 1 212 0
 225 0068 164B     		ldr	r3, .L11+76
 226 006a 1C70     		strb	r4, [r3]
 216:Generated_Source\PSoC4/SPIM_SPI.c ****         SPIM_txBufferTail = 0u;
 227              		.loc 1 216 0
 228 006c 164B     		ldr	r3, .L11+80
 229 006e 1C60     		str	r4, [r3]
 217:Generated_Source\PSoC4/SPIM_SPI.c ****     #endif /* (SPIM_INTERNAL_TX_SW_BUFFER_CONST) */
 230              		.loc 1 217 0
 231 0070 164B     		ldr	r3, .L11+84
 232 0072 1C60     		str	r4, [r3]
 219:Generated_Source\PSoC4/SPIM_SPI.c **** #endif /* (SPIM_SCB_MODE_UNCONFIG_CONST_CFG) */
 233              		.loc 1 219 0
 234              		@ sp needed
 235 0074 10BD     		pop	{r4, pc}
 236              	.L12:
 237 0076 C046     		.align	2
 238              	.L11:
 239 0078 07000001 		.word	16777223
 240 007c 00000940 		.word	1074331648
 241 0080 01000080 		.word	-2147483647
 242 0084 20000940 		.word	1074331680
 243 0088 0B010080 		.word	-2147483381
 244 008c 00030940 		.word	1074332416
 245 0090 04030940 		.word	1074332420
 246 0094 00020940 		.word	1074332160
 247 0098 04020940 		.word	1074332164
 248 009c 00000000 		.word	SPIM_SPI_UART_ISR
ARM GAS  C:\Users\TB1014~1\AppData\Local\Temp\ccEKoXcK.s 			page 14


 249 00a0 880E0940 		.word	1074335368
 250 00a4 C80E0940 		.word	1074335432
 251 00a8 480F0940 		.word	1074335560
 252 00ac 080F0940 		.word	1074335496
 253 00b0 C80F0940 		.word	1074335688
 254 00b4 880F0940 		.word	1074335624
 255 00b8 00000000 		.word	SPIM_IntrTxMask
 256 00bc 00000000 		.word	SPIM_rxBufferHead
 257 00c0 00000000 		.word	SPIM_rxBufferTail
 258 00c4 00000000 		.word	SPIM_rxBufferOverflow
 259 00c8 00000000 		.word	SPIM_txBufferHead
 260 00cc 00000000 		.word	SPIM_txBufferTail
 261              		.cfi_endproc
 262              	.LFE1:
 263              		.size	SPIM_SpiInit, .-SPIM_SpiInit
 264              		.section	.text.SPIM_SpiSetSlaveSelectPolarity,"ax",%progbits
 265              		.align	2
 266              		.global	SPIM_SpiSetSlaveSelectPolarity
 267              		.code	16
 268              		.thumb_func
 269              		.type	SPIM_SpiSetSlaveSelectPolarity, %function
 270              	SPIM_SpiSetSlaveSelectPolarity:
 271              	.LFB5:
 470:Generated_Source\PSoC4/SPIM_SPI.c **** #endif /* (SPIM_SPI_MASTER_CONST) */
 471:Generated_Source\PSoC4/SPIM_SPI.c **** 
 472:Generated_Source\PSoC4/SPIM_SPI.c **** 
 473:Generated_Source\PSoC4/SPIM_SPI.c **** #if !(SPIM_CY_SCBIP_V0 || SPIM_CY_SCBIP_V1)
 474:Generated_Source\PSoC4/SPIM_SPI.c ****     /*******************************************************************************
 475:Generated_Source\PSoC4/SPIM_SPI.c ****     * Function Name: SPIM_SpiSetSlaveSelectPolarity
 476:Generated_Source\PSoC4/SPIM_SPI.c ****     ****************************************************************************//**
 477:Generated_Source\PSoC4/SPIM_SPI.c ****     *
 478:Generated_Source\PSoC4/SPIM_SPI.c ****     *  Sets active polarity for slave select line.
 479:Generated_Source\PSoC4/SPIM_SPI.c ****     *  The component should be in one of the following states to change the active
 480:Generated_Source\PSoC4/SPIM_SPI.c ****     *  slave select signal source correctly:
 481:Generated_Source\PSoC4/SPIM_SPI.c ****     *   - The component is disabled.
 482:Generated_Source\PSoC4/SPIM_SPI.c ****     *   - The component has completed transfer.
 483:Generated_Source\PSoC4/SPIM_SPI.c ****     *  
 484:Generated_Source\PSoC4/SPIM_SPI.c ****     *  This function does not check that these conditions are met.
 485:Generated_Source\PSoC4/SPIM_SPI.c ****     *
 486:Generated_Source\PSoC4/SPIM_SPI.c ****     *  \param slaveSelect: slave select line to change active polarity.
 487:Generated_Source\PSoC4/SPIM_SPI.c ****     *   - SPIM_SPI_SLAVE_SELECT0 - Slave select 0.
 488:Generated_Source\PSoC4/SPIM_SPI.c ****     *   - SPIM_SPI_SLAVE_SELECT1 - Slave select 1.
 489:Generated_Source\PSoC4/SPIM_SPI.c ****     *   - SPIM_SPI_SLAVE_SELECT2 - Slave select 2.
 490:Generated_Source\PSoC4/SPIM_SPI.c ****     *   - SPIM_SPI_SLAVE_SELECT3 - Slave select 3.
 491:Generated_Source\PSoC4/SPIM_SPI.c ****     *
 492:Generated_Source\PSoC4/SPIM_SPI.c ****     *  \param polarity: active polarity of slave select line.
 493:Generated_Source\PSoC4/SPIM_SPI.c ****     *   - SPIM_SPI_SS_ACTIVE_LOW  - Slave select is active low.
 494:Generated_Source\PSoC4/SPIM_SPI.c ****     *   - SPIM_SPI_SS_ACTIVE_HIGH - Slave select is active high.
 495:Generated_Source\PSoC4/SPIM_SPI.c ****     *
 496:Generated_Source\PSoC4/SPIM_SPI.c ****     *******************************************************************************/
 497:Generated_Source\PSoC4/SPIM_SPI.c ****     void SPIM_SpiSetSlaveSelectPolarity(uint32 slaveSelect, uint32 polarity)
 498:Generated_Source\PSoC4/SPIM_SPI.c ****     {
 272              		.loc 1 498 0
 273              		.cfi_startproc
 274              	.LVL10:
 499:Generated_Source\PSoC4/SPIM_SPI.c ****         uint32 ssPolarity;
 500:Generated_Source\PSoC4/SPIM_SPI.c **** 
ARM GAS  C:\Users\TB1014~1\AppData\Local\Temp\ccEKoXcK.s 			page 15


 501:Generated_Source\PSoC4/SPIM_SPI.c ****         /* Get position of the polarity bit associated with slave select line */
 502:Generated_Source\PSoC4/SPIM_SPI.c ****         ssPolarity = SPIM_GET_SPI_CTRL_SSEL_POLARITY((uint32) 1u << slaveSelect);
 275              		.loc 1 502 0
 276 0000 8023     		mov	r3, #128
 277 0002 5B00     		lsl	r3, r3, #1
 278 0004 8340     		lsl	r3, r3, r0
 279 0006 181C     		mov	r0, r3
 280              	.LVL11:
 281 0008 F023     		mov	r3, #240
 282 000a 1B01     		lsl	r3, r3, #4
 283 000c 1840     		and	r0, r3
 284              	.LVL12:
 503:Generated_Source\PSoC4/SPIM_SPI.c **** 
 504:Generated_Source\PSoC4/SPIM_SPI.c ****         if (0u != polarity)
 285              		.loc 1 504 0
 286 000e 0029     		cmp	r1, #0
 287 0010 04D0     		beq	.L14
 505:Generated_Source\PSoC4/SPIM_SPI.c ****         {
 506:Generated_Source\PSoC4/SPIM_SPI.c ****             SPIM_SPI_CTRL_REG |= (uint32)  ssPolarity;
 288              		.loc 1 506 0
 289 0012 054B     		ldr	r3, .L16
 290 0014 1A68     		ldr	r2, [r3]
 291 0016 1043     		orr	r0, r2
 292              	.LVL13:
 293 0018 1860     		str	r0, [r3]
 294 001a 03E0     		b	.L13
 295              	.LVL14:
 296              	.L14:
 507:Generated_Source\PSoC4/SPIM_SPI.c ****         }
 508:Generated_Source\PSoC4/SPIM_SPI.c ****         else
 509:Generated_Source\PSoC4/SPIM_SPI.c ****         {
 510:Generated_Source\PSoC4/SPIM_SPI.c ****             SPIM_SPI_CTRL_REG &= (uint32) ~ssPolarity;
 297              		.loc 1 510 0
 298 001c 024A     		ldr	r2, .L16
 299 001e 1368     		ldr	r3, [r2]
 300 0020 8343     		bic	r3, r0
 301 0022 1360     		str	r3, [r2]
 302              	.LVL15:
 303              	.L13:
 511:Generated_Source\PSoC4/SPIM_SPI.c ****         }
 512:Generated_Source\PSoC4/SPIM_SPI.c ****     }
 304              		.loc 1 512 0
 305              		@ sp needed
 306 0024 7047     		bx	lr
 307              	.L17:
 308 0026 C046     		.align	2
 309              	.L16:
 310 0028 20000940 		.word	1074331680
 311              		.cfi_endproc
 312              	.LFE5:
 313              		.size	SPIM_SpiSetSlaveSelectPolarity, .-SPIM_SpiSetSlaveSelectPolarity
 314              		.text
 315              	.Letext0:
 316              		.file 2 "Generated_Source\\PSoC4/cytypes.h"
 317              		.file 3 "Generated_Source\\PSoC4\\SPIM_PVT.h"
 318              		.file 4 "Generated_Source\\PSoC4\\SPIM_SPI_UART_PVT.h"
 319              		.file 5 "Generated_Source\\PSoC4\\SPIM_sclk_m.h"
ARM GAS  C:\Users\TB1014~1\AppData\Local\Temp\ccEKoXcK.s 			page 16


 320              		.file 6 "Generated_Source\\PSoC4/CyLib.h"
 321              		.section	.debug_info,"",%progbits
 322              	.Ldebug_info0:
 323 0000 72020000 		.4byte	0x272
 324 0004 0400     		.2byte	0x4
 325 0006 00000000 		.4byte	.Ldebug_abbrev0
 326 000a 04       		.byte	0x4
 327 000b 01       		.uleb128 0x1
 328 000c 9F000000 		.4byte	.LASF36
 329 0010 01       		.byte	0x1
 330 0011 8A020000 		.4byte	.LASF37
 331 0015 B6010000 		.4byte	.LASF38
 332 0019 00000000 		.4byte	.Ldebug_ranges0+0
 333 001d 00000000 		.4byte	0
 334 0021 00000000 		.4byte	.Ldebug_line0
 335 0025 02       		.uleb128 0x2
 336 0026 01       		.byte	0x1
 337 0027 06       		.byte	0x6
 338 0028 2D030000 		.4byte	.LASF0
 339 002c 02       		.uleb128 0x2
 340 002d 01       		.byte	0x1
 341 002e 08       		.byte	0x8
 342 002f 91000000 		.4byte	.LASF1
 343 0033 02       		.uleb128 0x2
 344 0034 02       		.byte	0x2
 345 0035 05       		.byte	0x5
 346 0036 F8020000 		.4byte	.LASF2
 347 003a 02       		.uleb128 0x2
 348 003b 02       		.byte	0x2
 349 003c 07       		.byte	0x7
 350 003d 21000000 		.4byte	.LASF3
 351 0041 02       		.uleb128 0x2
 352 0042 04       		.byte	0x4
 353 0043 05       		.byte	0x5
 354 0044 1F030000 		.4byte	.LASF4
 355 0048 02       		.uleb128 0x2
 356 0049 04       		.byte	0x4
 357 004a 07       		.byte	0x7
 358 004b 31010000 		.4byte	.LASF5
 359 004f 02       		.uleb128 0x2
 360 0050 08       		.byte	0x8
 361 0051 05       		.byte	0x5
 362 0052 B5020000 		.4byte	.LASF6
 363 0056 02       		.uleb128 0x2
 364 0057 08       		.byte	0x8
 365 0058 07       		.byte	0x7
 366 0059 47020000 		.4byte	.LASF7
 367 005d 03       		.uleb128 0x3
 368 005e 04       		.byte	0x4
 369 005f 05       		.byte	0x5
 370 0060 696E7400 		.ascii	"int\000"
 371 0064 02       		.uleb128 0x2
 372 0065 04       		.byte	0x4
 373 0066 07       		.byte	0x7
 374 0067 A9010000 		.4byte	.LASF8
 375 006b 04       		.uleb128 0x4
 376 006c 43010000 		.4byte	.LASF9
ARM GAS  C:\Users\TB1014~1\AppData\Local\Temp\ccEKoXcK.s 			page 17


 377 0070 02       		.byte	0x2
 378 0071 B901     		.2byte	0x1b9
 379 0073 2C000000 		.4byte	0x2c
 380 0077 04       		.uleb128 0x4
 381 0078 7C010000 		.4byte	.LASF10
 382 007c 02       		.byte	0x2
 383 007d BA01     		.2byte	0x1ba
 384 007f 3A000000 		.4byte	0x3a
 385 0083 04       		.uleb128 0x4
 386 0084 A2010000 		.4byte	.LASF11
 387 0088 02       		.byte	0x2
 388 0089 BB01     		.2byte	0x1bb
 389 008b 48000000 		.4byte	0x48
 390 008f 02       		.uleb128 0x2
 391 0090 04       		.byte	0x4
 392 0091 04       		.byte	0x4
 393 0092 79000000 		.4byte	.LASF12
 394 0096 02       		.uleb128 0x2
 395 0097 08       		.byte	0x8
 396 0098 04       		.byte	0x4
 397 0099 75010000 		.4byte	.LASF13
 398 009d 02       		.uleb128 0x2
 399 009e 01       		.byte	0x1
 400 009f 08       		.byte	0x8
 401 00a0 28030000 		.4byte	.LASF14
 402 00a4 05       		.uleb128 0x5
 403 00a5 6B000000 		.4byte	0x6b
 404 00a9 04       		.uleb128 0x4
 405 00aa 00000000 		.4byte	.LASF15
 406 00ae 02       		.byte	0x2
 407 00af 6502     		.2byte	0x265
 408 00b1 B5000000 		.4byte	0xb5
 409 00b5 05       		.uleb128 0x5
 410 00b6 83000000 		.4byte	0x83
 411 00ba 04       		.uleb128 0x4
 412 00bb 95010000 		.4byte	.LASF16
 413 00bf 02       		.byte	0x2
 414 00c0 7502     		.2byte	0x275
 415 00c2 C6000000 		.4byte	0xc6
 416 00c6 06       		.uleb128 0x6
 417 00c7 04       		.byte	0x4
 418 00c8 CC000000 		.4byte	0xcc
 419 00cc 07       		.uleb128 0x7
 420 00cd 02       		.uleb128 0x2
 421 00ce 04       		.byte	0x4
 422 00cf 07       		.byte	0x7
 423 00d0 AC020000 		.4byte	.LASF17
 424 00d4 08       		.uleb128 0x8
 425 00d5 D0020000 		.4byte	.LASF39
 426 00d9 01       		.byte	0x1
 427 00da E7       		.byte	0xe7
 428 00db 00000000 		.4byte	.LFB2
 429 00df 24000000 		.4byte	.LFE2-.LFB2
 430 00e3 01       		.uleb128 0x1
 431 00e4 9C       		.byte	0x9c
 432 00e5 09       		.uleb128 0x9
 433 00e6 C3020000 		.4byte	.LASF18
ARM GAS  C:\Users\TB1014~1\AppData\Local\Temp\ccEKoXcK.s 			page 18


 434 00ea 01       		.byte	0x1
 435 00eb 3C01     		.2byte	0x13c
 436 00ed 00000000 		.4byte	.LFB3
 437 00f1 3C000000 		.4byte	.LFE3-.LFB3
 438 00f5 01       		.uleb128 0x1
 439 00f6 9C       		.byte	0x9c
 440 00f7 05010000 		.4byte	0x105
 441 00fb 0A       		.uleb128 0xa
 442 00fc 0E000000 		.4byte	.LVL0
 443 0100 27020000 		.4byte	0x227
 444 0104 00       		.byte	0
 445 0105 09       		.uleb128 0x9
 446 0106 02030000 		.4byte	.LASF19
 447 010a 01       		.byte	0x1
 448 010b CB01     		.2byte	0x1cb
 449 010d 00000000 		.4byte	.LFB4
 450 0111 20000000 		.4byte	.LFE4-.LFB4
 451 0115 01       		.uleb128 0x1
 452 0116 9C       		.byte	0x9c
 453 0117 3C010000 		.4byte	0x13c
 454 011b 0B       		.uleb128 0xb
 455 011c 06000000 		.4byte	.LASF22
 456 0120 01       		.byte	0x1
 457 0121 CB01     		.2byte	0x1cb
 458 0123 83000000 		.4byte	0x83
 459 0127 00000000 		.4byte	.LLST0
 460 012b 0C       		.uleb128 0xc
 461 012c E3020000 		.4byte	.LASF24
 462 0130 01       		.byte	0x1
 463 0131 CD01     		.2byte	0x1cd
 464 0133 83000000 		.4byte	0x83
 465 0137 21000000 		.4byte	.LLST1
 466 013b 00       		.byte	0
 467 013c 0D       		.uleb128 0xd
 468 013d 68010000 		.4byte	.LASF20
 469 0141 01       		.byte	0x1
 470 0142 AC       		.byte	0xac
 471 0143 00000000 		.4byte	.LFB1
 472 0147 D0000000 		.4byte	.LFE1-.LFB1
 473 014b 01       		.uleb128 0x1
 474 014c 9C       		.byte	0x9c
 475 014d A0010000 		.4byte	0x1a0
 476 0151 0E       		.uleb128 0xe
 477 0152 2A000000 		.4byte	.LVL6
 478 0156 38020000 		.4byte	0x238
 479 015a 64010000 		.4byte	0x164
 480 015e 0F       		.uleb128 0xf
 481 015f 01       		.uleb128 0x1
 482 0160 50       		.byte	0x50
 483 0161 01       		.uleb128 0x1
 484 0162 38       		.byte	0x38
 485 0163 00       		.byte	0
 486 0164 0E       		.uleb128 0xe
 487 0165 32000000 		.4byte	.LVL7
 488 0169 49020000 		.4byte	0x249
 489 016d 7C010000 		.4byte	0x17c
 490 0171 0F       		.uleb128 0xf
ARM GAS  C:\Users\TB1014~1\AppData\Local\Temp\ccEKoXcK.s 			page 19


 491 0172 01       		.uleb128 0x1
 492 0173 51       		.byte	0x51
 493 0174 01       		.uleb128 0x1
 494 0175 33       		.byte	0x33
 495 0176 0F       		.uleb128 0xf
 496 0177 01       		.uleb128 0x1
 497 0178 50       		.byte	0x50
 498 0179 01       		.uleb128 0x1
 499 017a 38       		.byte	0x38
 500 017b 00       		.byte	0
 501 017c 0E       		.uleb128 0xe
 502 017d 3A000000 		.4byte	.LVL8
 503 0181 5F020000 		.4byte	0x25f
 504 0185 8F010000 		.4byte	0x18f
 505 0189 0F       		.uleb128 0xf
 506 018a 01       		.uleb128 0x1
 507 018b 50       		.byte	0x50
 508 018c 01       		.uleb128 0x1
 509 018d 38       		.byte	0x38
 510 018e 00       		.byte	0
 511 018f 10       		.uleb128 0x10
 512 0190 60000000 		.4byte	.LVL9
 513 0194 05010000 		.4byte	0x105
 514 0198 0F       		.uleb128 0xf
 515 0199 01       		.uleb128 0x1
 516 019a 50       		.byte	0x50
 517 019b 02       		.uleb128 0x2
 518 019c 74       		.byte	0x74
 519 019d 00       		.sleb128 0
 520 019e 00       		.byte	0
 521 019f 00       		.byte	0
 522 01a0 09       		.uleb128 0x9
 523 01a1 49010000 		.4byte	.LASF21
 524 01a5 01       		.byte	0x1
 525 01a6 F101     		.2byte	0x1f1
 526 01a8 00000000 		.4byte	.LFB5
 527 01ac 2C000000 		.4byte	.LFE5-.LFB5
 528 01b0 01       		.uleb128 0x1
 529 01b1 9C       		.byte	0x9c
 530 01b2 E5010000 		.4byte	0x1e5
 531 01b6 0B       		.uleb128 0xb
 532 01b7 06000000 		.4byte	.LASF22
 533 01bb 01       		.byte	0x1
 534 01bc F101     		.2byte	0x1f1
 535 01be 83000000 		.4byte	0x83
 536 01c2 4A000000 		.4byte	.LLST2
 537 01c6 11       		.uleb128 0x11
 538 01c7 6F020000 		.4byte	.LASF23
 539 01cb 01       		.byte	0x1
 540 01cc F101     		.2byte	0x1f1
 541 01ce 83000000 		.4byte	0x83
 542 01d2 01       		.uleb128 0x1
 543 01d3 51       		.byte	0x51
 544 01d4 0C       		.uleb128 0xc
 545 01d5 34000000 		.4byte	.LASF25
 546 01d9 01       		.byte	0x1
 547 01da F301     		.2byte	0x1f3
ARM GAS  C:\Users\TB1014~1\AppData\Local\Temp\ccEKoXcK.s 			page 20


 548 01dc 83000000 		.4byte	0x83
 549 01e0 6B000000 		.4byte	.LLST3
 550 01e4 00       		.byte	0
 551 01e5 12       		.uleb128 0x12
 552 01e6 39030000 		.4byte	.LASF26
 553 01ea 03       		.byte	0x3
 554 01eb 5B       		.byte	0x5b
 555 01ec 77000000 		.4byte	0x77
 556 01f0 12       		.uleb128 0x12
 557 01f1 67000000 		.4byte	.LASF27
 558 01f5 04       		.byte	0x4
 559 01f6 1F       		.byte	0x1f
 560 01f7 B5000000 		.4byte	0xb5
 561 01fb 12       		.uleb128 0x12
 562 01fc 83010000 		.4byte	.LASF28
 563 0200 04       		.byte	0x4
 564 0201 20       		.byte	0x20
 565 0202 B5000000 		.4byte	0xb5
 566 0206 12       		.uleb128 0x12
 567 0207 3F000000 		.4byte	.LASF29
 568 020b 04       		.byte	0x4
 569 020c 2A       		.byte	0x2a
 570 020d A4000000 		.4byte	0xa4
 571 0211 12       		.uleb128 0x12
 572 0212 55000000 		.4byte	.LASF30
 573 0216 04       		.byte	0x4
 574 0217 2F       		.byte	0x2f
 575 0218 B5000000 		.4byte	0xb5
 576 021c 12       		.uleb128 0x12
 577 021d 78020000 		.4byte	.LASF31
 578 0221 04       		.byte	0x4
 579 0222 30       		.byte	0x30
 580 0223 B5000000 		.4byte	0xb5
 581 0227 13       		.uleb128 0x13
 582 0228 7F000000 		.4byte	.LASF32
 583 022c 05       		.byte	0x5
 584 022d 33       		.byte	0x33
 585 022e 38020000 		.4byte	0x238
 586 0232 14       		.uleb128 0x14
 587 0233 6B000000 		.4byte	0x6b
 588 0237 00       		.byte	0
 589 0238 13       		.uleb128 0x13
 590 0239 EB020000 		.4byte	.LASF33
 591 023d 06       		.byte	0x6
 592 023e C5       		.byte	0xc5
 593 023f 49020000 		.4byte	0x249
 594 0243 14       		.uleb128 0x14
 595 0244 6B000000 		.4byte	0x6b
 596 0248 00       		.byte	0
 597 0249 13       		.uleb128 0x13
 598 024a 5E020000 		.4byte	.LASF34
 599 024e 06       		.byte	0x6
 600 024f C0       		.byte	0xc0
 601 0250 5F020000 		.4byte	0x25f
 602 0254 14       		.uleb128 0x14
 603 0255 6B000000 		.4byte	0x6b
 604 0259 14       		.uleb128 0x14
ARM GAS  C:\Users\TB1014~1\AppData\Local\Temp\ccEKoXcK.s 			page 21


 605 025a 6B000000 		.4byte	0x6b
 606 025e 00       		.byte	0
 607 025f 15       		.uleb128 0x15
 608 0260 12000000 		.4byte	.LASF35
 609 0264 06       		.byte	0x6
 610 0265 BD       		.byte	0xbd
 611 0266 BA000000 		.4byte	0xba
 612 026a 14       		.uleb128 0x14
 613 026b 6B000000 		.4byte	0x6b
 614 026f 14       		.uleb128 0x14
 615 0270 BA000000 		.4byte	0xba
 616 0274 00       		.byte	0
 617 0275 00       		.byte	0
 618              		.section	.debug_abbrev,"",%progbits
 619              	.Ldebug_abbrev0:
 620 0000 01       		.uleb128 0x1
 621 0001 11       		.uleb128 0x11
 622 0002 01       		.byte	0x1
 623 0003 25       		.uleb128 0x25
 624 0004 0E       		.uleb128 0xe
 625 0005 13       		.uleb128 0x13
 626 0006 0B       		.uleb128 0xb
 627 0007 03       		.uleb128 0x3
 628 0008 0E       		.uleb128 0xe
 629 0009 1B       		.uleb128 0x1b
 630 000a 0E       		.uleb128 0xe
 631 000b 55       		.uleb128 0x55
 632 000c 17       		.uleb128 0x17
 633 000d 11       		.uleb128 0x11
 634 000e 01       		.uleb128 0x1
 635 000f 10       		.uleb128 0x10
 636 0010 17       		.uleb128 0x17
 637 0011 00       		.byte	0
 638 0012 00       		.byte	0
 639 0013 02       		.uleb128 0x2
 640 0014 24       		.uleb128 0x24
 641 0015 00       		.byte	0
 642 0016 0B       		.uleb128 0xb
 643 0017 0B       		.uleb128 0xb
 644 0018 3E       		.uleb128 0x3e
 645 0019 0B       		.uleb128 0xb
 646 001a 03       		.uleb128 0x3
 647 001b 0E       		.uleb128 0xe
 648 001c 00       		.byte	0
 649 001d 00       		.byte	0
 650 001e 03       		.uleb128 0x3
 651 001f 24       		.uleb128 0x24
 652 0020 00       		.byte	0
 653 0021 0B       		.uleb128 0xb
 654 0022 0B       		.uleb128 0xb
 655 0023 3E       		.uleb128 0x3e
 656 0024 0B       		.uleb128 0xb
 657 0025 03       		.uleb128 0x3
 658 0026 08       		.uleb128 0x8
 659 0027 00       		.byte	0
 660 0028 00       		.byte	0
 661 0029 04       		.uleb128 0x4
ARM GAS  C:\Users\TB1014~1\AppData\Local\Temp\ccEKoXcK.s 			page 22


 662 002a 16       		.uleb128 0x16
 663 002b 00       		.byte	0
 664 002c 03       		.uleb128 0x3
 665 002d 0E       		.uleb128 0xe
 666 002e 3A       		.uleb128 0x3a
 667 002f 0B       		.uleb128 0xb
 668 0030 3B       		.uleb128 0x3b
 669 0031 05       		.uleb128 0x5
 670 0032 49       		.uleb128 0x49
 671 0033 13       		.uleb128 0x13
 672 0034 00       		.byte	0
 673 0035 00       		.byte	0
 674 0036 05       		.uleb128 0x5
 675 0037 35       		.uleb128 0x35
 676 0038 00       		.byte	0
 677 0039 49       		.uleb128 0x49
 678 003a 13       		.uleb128 0x13
 679 003b 00       		.byte	0
 680 003c 00       		.byte	0
 681 003d 06       		.uleb128 0x6
 682 003e 0F       		.uleb128 0xf
 683 003f 00       		.byte	0
 684 0040 0B       		.uleb128 0xb
 685 0041 0B       		.uleb128 0xb
 686 0042 49       		.uleb128 0x49
 687 0043 13       		.uleb128 0x13
 688 0044 00       		.byte	0
 689 0045 00       		.byte	0
 690 0046 07       		.uleb128 0x7
 691 0047 15       		.uleb128 0x15
 692 0048 00       		.byte	0
 693 0049 27       		.uleb128 0x27
 694 004a 19       		.uleb128 0x19
 695 004b 00       		.byte	0
 696 004c 00       		.byte	0
 697 004d 08       		.uleb128 0x8
 698 004e 2E       		.uleb128 0x2e
 699 004f 00       		.byte	0
 700 0050 3F       		.uleb128 0x3f
 701 0051 19       		.uleb128 0x19
 702 0052 03       		.uleb128 0x3
 703 0053 0E       		.uleb128 0xe
 704 0054 3A       		.uleb128 0x3a
 705 0055 0B       		.uleb128 0xb
 706 0056 3B       		.uleb128 0x3b
 707 0057 0B       		.uleb128 0xb
 708 0058 27       		.uleb128 0x27
 709 0059 19       		.uleb128 0x19
 710 005a 11       		.uleb128 0x11
 711 005b 01       		.uleb128 0x1
 712 005c 12       		.uleb128 0x12
 713 005d 06       		.uleb128 0x6
 714 005e 40       		.uleb128 0x40
 715 005f 18       		.uleb128 0x18
 716 0060 9742     		.uleb128 0x2117
 717 0062 19       		.uleb128 0x19
 718 0063 00       		.byte	0
ARM GAS  C:\Users\TB1014~1\AppData\Local\Temp\ccEKoXcK.s 			page 23


 719 0064 00       		.byte	0
 720 0065 09       		.uleb128 0x9
 721 0066 2E       		.uleb128 0x2e
 722 0067 01       		.byte	0x1
 723 0068 3F       		.uleb128 0x3f
 724 0069 19       		.uleb128 0x19
 725 006a 03       		.uleb128 0x3
 726 006b 0E       		.uleb128 0xe
 727 006c 3A       		.uleb128 0x3a
 728 006d 0B       		.uleb128 0xb
 729 006e 3B       		.uleb128 0x3b
 730 006f 05       		.uleb128 0x5
 731 0070 27       		.uleb128 0x27
 732 0071 19       		.uleb128 0x19
 733 0072 11       		.uleb128 0x11
 734 0073 01       		.uleb128 0x1
 735 0074 12       		.uleb128 0x12
 736 0075 06       		.uleb128 0x6
 737 0076 40       		.uleb128 0x40
 738 0077 18       		.uleb128 0x18
 739 0078 9742     		.uleb128 0x2117
 740 007a 19       		.uleb128 0x19
 741 007b 01       		.uleb128 0x1
 742 007c 13       		.uleb128 0x13
 743 007d 00       		.byte	0
 744 007e 00       		.byte	0
 745 007f 0A       		.uleb128 0xa
 746 0080 898201   		.uleb128 0x4109
 747 0083 00       		.byte	0
 748 0084 11       		.uleb128 0x11
 749 0085 01       		.uleb128 0x1
 750 0086 31       		.uleb128 0x31
 751 0087 13       		.uleb128 0x13
 752 0088 00       		.byte	0
 753 0089 00       		.byte	0
 754 008a 0B       		.uleb128 0xb
 755 008b 05       		.uleb128 0x5
 756 008c 00       		.byte	0
 757 008d 03       		.uleb128 0x3
 758 008e 0E       		.uleb128 0xe
 759 008f 3A       		.uleb128 0x3a
 760 0090 0B       		.uleb128 0xb
 761 0091 3B       		.uleb128 0x3b
 762 0092 05       		.uleb128 0x5
 763 0093 49       		.uleb128 0x49
 764 0094 13       		.uleb128 0x13
 765 0095 02       		.uleb128 0x2
 766 0096 17       		.uleb128 0x17
 767 0097 00       		.byte	0
 768 0098 00       		.byte	0
 769 0099 0C       		.uleb128 0xc
 770 009a 34       		.uleb128 0x34
 771 009b 00       		.byte	0
 772 009c 03       		.uleb128 0x3
 773 009d 0E       		.uleb128 0xe
 774 009e 3A       		.uleb128 0x3a
 775 009f 0B       		.uleb128 0xb
ARM GAS  C:\Users\TB1014~1\AppData\Local\Temp\ccEKoXcK.s 			page 24


 776 00a0 3B       		.uleb128 0x3b
 777 00a1 05       		.uleb128 0x5
 778 00a2 49       		.uleb128 0x49
 779 00a3 13       		.uleb128 0x13
 780 00a4 02       		.uleb128 0x2
 781 00a5 17       		.uleb128 0x17
 782 00a6 00       		.byte	0
 783 00a7 00       		.byte	0
 784 00a8 0D       		.uleb128 0xd
 785 00a9 2E       		.uleb128 0x2e
 786 00aa 01       		.byte	0x1
 787 00ab 3F       		.uleb128 0x3f
 788 00ac 19       		.uleb128 0x19
 789 00ad 03       		.uleb128 0x3
 790 00ae 0E       		.uleb128 0xe
 791 00af 3A       		.uleb128 0x3a
 792 00b0 0B       		.uleb128 0xb
 793 00b1 3B       		.uleb128 0x3b
 794 00b2 0B       		.uleb128 0xb
 795 00b3 27       		.uleb128 0x27
 796 00b4 19       		.uleb128 0x19
 797 00b5 11       		.uleb128 0x11
 798 00b6 01       		.uleb128 0x1
 799 00b7 12       		.uleb128 0x12
 800 00b8 06       		.uleb128 0x6
 801 00b9 40       		.uleb128 0x40
 802 00ba 18       		.uleb128 0x18
 803 00bb 9742     		.uleb128 0x2117
 804 00bd 19       		.uleb128 0x19
 805 00be 01       		.uleb128 0x1
 806 00bf 13       		.uleb128 0x13
 807 00c0 00       		.byte	0
 808 00c1 00       		.byte	0
 809 00c2 0E       		.uleb128 0xe
 810 00c3 898201   		.uleb128 0x4109
 811 00c6 01       		.byte	0x1
 812 00c7 11       		.uleb128 0x11
 813 00c8 01       		.uleb128 0x1
 814 00c9 31       		.uleb128 0x31
 815 00ca 13       		.uleb128 0x13
 816 00cb 01       		.uleb128 0x1
 817 00cc 13       		.uleb128 0x13
 818 00cd 00       		.byte	0
 819 00ce 00       		.byte	0
 820 00cf 0F       		.uleb128 0xf
 821 00d0 8A8201   		.uleb128 0x410a
 822 00d3 00       		.byte	0
 823 00d4 02       		.uleb128 0x2
 824 00d5 18       		.uleb128 0x18
 825 00d6 9142     		.uleb128 0x2111
 826 00d8 18       		.uleb128 0x18
 827 00d9 00       		.byte	0
 828 00da 00       		.byte	0
 829 00db 10       		.uleb128 0x10
 830 00dc 898201   		.uleb128 0x4109
 831 00df 01       		.byte	0x1
 832 00e0 11       		.uleb128 0x11
ARM GAS  C:\Users\TB1014~1\AppData\Local\Temp\ccEKoXcK.s 			page 25


 833 00e1 01       		.uleb128 0x1
 834 00e2 31       		.uleb128 0x31
 835 00e3 13       		.uleb128 0x13
 836 00e4 00       		.byte	0
 837 00e5 00       		.byte	0
 838 00e6 11       		.uleb128 0x11
 839 00e7 05       		.uleb128 0x5
 840 00e8 00       		.byte	0
 841 00e9 03       		.uleb128 0x3
 842 00ea 0E       		.uleb128 0xe
 843 00eb 3A       		.uleb128 0x3a
 844 00ec 0B       		.uleb128 0xb
 845 00ed 3B       		.uleb128 0x3b
 846 00ee 05       		.uleb128 0x5
 847 00ef 49       		.uleb128 0x49
 848 00f0 13       		.uleb128 0x13
 849 00f1 02       		.uleb128 0x2
 850 00f2 18       		.uleb128 0x18
 851 00f3 00       		.byte	0
 852 00f4 00       		.byte	0
 853 00f5 12       		.uleb128 0x12
 854 00f6 34       		.uleb128 0x34
 855 00f7 00       		.byte	0
 856 00f8 03       		.uleb128 0x3
 857 00f9 0E       		.uleb128 0xe
 858 00fa 3A       		.uleb128 0x3a
 859 00fb 0B       		.uleb128 0xb
 860 00fc 3B       		.uleb128 0x3b
 861 00fd 0B       		.uleb128 0xb
 862 00fe 49       		.uleb128 0x49
 863 00ff 13       		.uleb128 0x13
 864 0100 3F       		.uleb128 0x3f
 865 0101 19       		.uleb128 0x19
 866 0102 3C       		.uleb128 0x3c
 867 0103 19       		.uleb128 0x19
 868 0104 00       		.byte	0
 869 0105 00       		.byte	0
 870 0106 13       		.uleb128 0x13
 871 0107 2E       		.uleb128 0x2e
 872 0108 01       		.byte	0x1
 873 0109 3F       		.uleb128 0x3f
 874 010a 19       		.uleb128 0x19
 875 010b 03       		.uleb128 0x3
 876 010c 0E       		.uleb128 0xe
 877 010d 3A       		.uleb128 0x3a
 878 010e 0B       		.uleb128 0xb
 879 010f 3B       		.uleb128 0x3b
 880 0110 0B       		.uleb128 0xb
 881 0111 27       		.uleb128 0x27
 882 0112 19       		.uleb128 0x19
 883 0113 3C       		.uleb128 0x3c
 884 0114 19       		.uleb128 0x19
 885 0115 01       		.uleb128 0x1
 886 0116 13       		.uleb128 0x13
 887 0117 00       		.byte	0
 888 0118 00       		.byte	0
 889 0119 14       		.uleb128 0x14
ARM GAS  C:\Users\TB1014~1\AppData\Local\Temp\ccEKoXcK.s 			page 26


 890 011a 05       		.uleb128 0x5
 891 011b 00       		.byte	0
 892 011c 49       		.uleb128 0x49
 893 011d 13       		.uleb128 0x13
 894 011e 00       		.byte	0
 895 011f 00       		.byte	0
 896 0120 15       		.uleb128 0x15
 897 0121 2E       		.uleb128 0x2e
 898 0122 01       		.byte	0x1
 899 0123 3F       		.uleb128 0x3f
 900 0124 19       		.uleb128 0x19
 901 0125 03       		.uleb128 0x3
 902 0126 0E       		.uleb128 0xe
 903 0127 3A       		.uleb128 0x3a
 904 0128 0B       		.uleb128 0xb
 905 0129 3B       		.uleb128 0x3b
 906 012a 0B       		.uleb128 0xb
 907 012b 27       		.uleb128 0x27
 908 012c 19       		.uleb128 0x19
 909 012d 49       		.uleb128 0x49
 910 012e 13       		.uleb128 0x13
 911 012f 3C       		.uleb128 0x3c
 912 0130 19       		.uleb128 0x19
 913 0131 00       		.byte	0
 914 0132 00       		.byte	0
 915 0133 00       		.byte	0
 916              		.section	.debug_loc,"",%progbits
 917              	.Ldebug_loc0:
 918              	.LLST0:
 919 0000 00000000 		.4byte	.LVL1
 920 0004 0A000000 		.4byte	.LVL4
 921 0008 0100     		.2byte	0x1
 922 000a 50       		.byte	0x50
 923 000b 0A000000 		.4byte	.LVL4
 924 000f 20000000 		.4byte	.LFE4
 925 0013 0400     		.2byte	0x4
 926 0015 F3       		.byte	0xf3
 927 0016 01       		.uleb128 0x1
 928 0017 50       		.byte	0x50
 929 0018 9F       		.byte	0x9f
 930 0019 00000000 		.4byte	0
 931 001d 00000000 		.4byte	0
 932              	.LLST1:
 933 0021 04000000 		.4byte	.LVL2
 934 0025 08000000 		.4byte	.LVL3
 935 0029 0100     		.2byte	0x1
 936 002b 52       		.byte	0x52
 937 002c 08000000 		.4byte	.LVL3
 938 0030 12000000 		.4byte	.LVL5
 939 0034 0100     		.2byte	0x1
 940 0036 53       		.byte	0x53
 941 0037 12000000 		.4byte	.LVL5
 942 003b 20000000 		.4byte	.LFE4
 943 003f 0100     		.2byte	0x1
 944 0041 50       		.byte	0x50
 945 0042 00000000 		.4byte	0
 946 0046 00000000 		.4byte	0
ARM GAS  C:\Users\TB1014~1\AppData\Local\Temp\ccEKoXcK.s 			page 27


 947              	.LLST2:
 948 004a 00000000 		.4byte	.LVL10
 949 004e 08000000 		.4byte	.LVL11
 950 0052 0100     		.2byte	0x1
 951 0054 50       		.byte	0x50
 952 0055 08000000 		.4byte	.LVL11
 953 0059 2C000000 		.4byte	.LFE5
 954 005d 0400     		.2byte	0x4
 955 005f F3       		.byte	0xf3
 956 0060 01       		.uleb128 0x1
 957 0061 50       		.byte	0x50
 958 0062 9F       		.byte	0x9f
 959 0063 00000000 		.4byte	0
 960 0067 00000000 		.4byte	0
 961              	.LLST3:
 962 006b 0E000000 		.4byte	.LVL12
 963 006f 18000000 		.4byte	.LVL13
 964 0073 0100     		.2byte	0x1
 965 0075 50       		.byte	0x50
 966 0076 18000000 		.4byte	.LVL13
 967 007a 1C000000 		.4byte	.LVL14
 968 007e 0C00     		.2byte	0xc
 969 0080 0A       		.byte	0xa
 970 0081 0001     		.2byte	0x100
 971 0083 F3       		.byte	0xf3
 972 0084 01       		.uleb128 0x1
 973 0085 50       		.byte	0x50
 974 0086 24       		.byte	0x24
 975 0087 0A       		.byte	0xa
 976 0088 000F     		.2byte	0xf00
 977 008a 1A       		.byte	0x1a
 978 008b 9F       		.byte	0x9f
 979 008c 1C000000 		.4byte	.LVL14
 980 0090 24000000 		.4byte	.LVL15
 981 0094 0100     		.2byte	0x1
 982 0096 50       		.byte	0x50
 983 0097 24000000 		.4byte	.LVL15
 984 009b 2C000000 		.4byte	.LFE5
 985 009f 0C00     		.2byte	0xc
 986 00a1 0A       		.byte	0xa
 987 00a2 0001     		.2byte	0x100
 988 00a4 F3       		.byte	0xf3
 989 00a5 01       		.uleb128 0x1
 990 00a6 50       		.byte	0x50
 991 00a7 24       		.byte	0x24
 992 00a8 0A       		.byte	0xa
 993 00a9 000F     		.2byte	0xf00
 994 00ab 1A       		.byte	0x1a
 995 00ac 9F       		.byte	0x9f
 996 00ad 00000000 		.4byte	0
 997 00b1 00000000 		.4byte	0
 998              		.section	.debug_aranges,"",%progbits
 999 0000 3C000000 		.4byte	0x3c
 1000 0004 0200     		.2byte	0x2
 1001 0006 00000000 		.4byte	.Ldebug_info0
 1002 000a 04       		.byte	0x4
 1003 000b 00       		.byte	0
ARM GAS  C:\Users\TB1014~1\AppData\Local\Temp\ccEKoXcK.s 			page 28


 1004 000c 0000     		.2byte	0
 1005 000e 0000     		.2byte	0
 1006 0010 00000000 		.4byte	.LFB2
 1007 0014 24000000 		.4byte	.LFE2-.LFB2
 1008 0018 00000000 		.4byte	.LFB3
 1009 001c 3C000000 		.4byte	.LFE3-.LFB3
 1010 0020 00000000 		.4byte	.LFB4
 1011 0024 20000000 		.4byte	.LFE4-.LFB4
 1012 0028 00000000 		.4byte	.LFB1
 1013 002c D0000000 		.4byte	.LFE1-.LFB1
 1014 0030 00000000 		.4byte	.LFB5
 1015 0034 2C000000 		.4byte	.LFE5-.LFB5
 1016 0038 00000000 		.4byte	0
 1017 003c 00000000 		.4byte	0
 1018              		.section	.debug_ranges,"",%progbits
 1019              	.Ldebug_ranges0:
 1020 0000 00000000 		.4byte	.LFB2
 1021 0004 24000000 		.4byte	.LFE2
 1022 0008 00000000 		.4byte	.LFB3
 1023 000c 3C000000 		.4byte	.LFE3
 1024 0010 00000000 		.4byte	.LFB4
 1025 0014 20000000 		.4byte	.LFE4
 1026 0018 00000000 		.4byte	.LFB1
 1027 001c D0000000 		.4byte	.LFE1
 1028 0020 00000000 		.4byte	.LFB5
 1029 0024 2C000000 		.4byte	.LFE5
 1030 0028 00000000 		.4byte	0
 1031 002c 00000000 		.4byte	0
 1032              		.section	.debug_line,"",%progbits
 1033              	.Ldebug_line0:
 1034 0000 0C010000 		.section	.debug_str,"MS",%progbits,1
 1034      02008600 
 1034      00000201 
 1034      FB0E0D00 
 1034      01010101 
 1035              	.LASF15:
 1036 0000 72656733 		.ascii	"reg32\000"
 1036      3200
 1037              	.LASF22:
 1038 0006 736C6176 		.ascii	"slaveSelect\000"
 1038      6553656C 
 1038      65637400 
 1039              	.LASF35:
 1040 0012 4379496E 		.ascii	"CyIntSetVector\000"
 1040      74536574 
 1040      56656374 
 1040      6F7200
 1041              	.LASF3:
 1042 0021 73686F72 		.ascii	"short unsigned int\000"
 1042      7420756E 
 1042      7369676E 
 1042      65642069 
 1042      6E7400
 1043              	.LASF25:
 1044 0034 7373506F 		.ascii	"ssPolarity\000"
 1044      6C617269 
 1044      747900
ARM GAS  C:\Users\TB1014~1\AppData\Local\Temp\ccEKoXcK.s 			page 29


 1045              	.LASF29:
 1046 003f 5350494D 		.ascii	"SPIM_rxBufferOverflow\000"
 1046      5F727842 
 1046      75666665 
 1046      724F7665 
 1046      72666C6F 
 1047              	.LASF30:
 1048 0055 5350494D 		.ascii	"SPIM_txBufferHead\000"
 1048      5F747842 
 1048      75666665 
 1048      72486561 
 1048      6400
 1049              	.LASF27:
 1050 0067 5350494D 		.ascii	"SPIM_rxBufferHead\000"
 1050      5F727842 
 1050      75666665 
 1050      72486561 
 1050      6400
 1051              	.LASF12:
 1052 0079 666C6F61 		.ascii	"float\000"
 1052      7400
 1053              	.LASF32:
 1054 007f 5350494D 		.ascii	"SPIM_sclk_m_Write\000"
 1054      5F73636C 
 1054      6B5F6D5F 
 1054      57726974 
 1054      6500
 1055              	.LASF1:
 1056 0091 756E7369 		.ascii	"unsigned char\000"
 1056      676E6564 
 1056      20636861 
 1056      7200
 1057              	.LASF36:
 1058 009f 474E5520 		.ascii	"GNU C 4.9.3 20150303 (release) [ARM/embedded-4_9-br"
 1058      4320342E 
 1058      392E3320 
 1058      32303135 
 1058      30333033 
 1059 00d2 616E6368 		.ascii	"anch revision 221220] -mcpu=cortex-m0plus -mthumb -"
 1059      20726576 
 1059      6973696F 
 1059      6E203232 
 1059      31323230 
 1060 0105 67202D4F 		.ascii	"g -Og -ffunction-sections -ffat-lto-objects\000"
 1060      67202D66 
 1060      66756E63 
 1060      74696F6E 
 1060      2D736563 
 1061              	.LASF5:
 1062 0131 6C6F6E67 		.ascii	"long unsigned int\000"
 1062      20756E73 
 1062      69676E65 
 1062      6420696E 
 1062      7400
 1063              	.LASF9:
 1064 0143 75696E74 		.ascii	"uint8\000"
 1064      3800
ARM GAS  C:\Users\TB1014~1\AppData\Local\Temp\ccEKoXcK.s 			page 30


 1065              	.LASF21:
 1066 0149 5350494D 		.ascii	"SPIM_SpiSetSlaveSelectPolarity\000"
 1066      5F537069 
 1066      53657453 
 1066      6C617665 
 1066      53656C65 
 1067              	.LASF20:
 1068 0168 5350494D 		.ascii	"SPIM_SpiInit\000"
 1068      5F537069 
 1068      496E6974 
 1068      00
 1069              	.LASF13:
 1070 0175 646F7562 		.ascii	"double\000"
 1070      6C6500
 1071              	.LASF10:
 1072 017c 75696E74 		.ascii	"uint16\000"
 1072      313600
 1073              	.LASF28:
 1074 0183 5350494D 		.ascii	"SPIM_rxBufferTail\000"
 1074      5F727842 
 1074      75666665 
 1074      72546169 
 1074      6C00
 1075              	.LASF16:
 1076 0195 63796973 		.ascii	"cyisraddress\000"
 1076      72616464 
 1076      72657373 
 1076      00
 1077              	.LASF11:
 1078 01a2 75696E74 		.ascii	"uint32\000"
 1078      333200
 1079              	.LASF8:
 1080 01a9 756E7369 		.ascii	"unsigned int\000"
 1080      676E6564 
 1080      20696E74 
 1080      00
 1081              	.LASF38:
 1082 01b6 433A5C55 		.ascii	"C:\\Users\\tb1014481\\Documents\\#PROJECTS#\\Eddie\\"
 1082      73657273 
 1082      5C746231 
 1082      30313434 
 1082      38315C44 
 1083 01e4 536F6674 		.ascii	"Software\\Cypress_PSoC\\Eddie_DP0.0\\Slider_WS.Bund"
 1083      77617265 
 1083      5C437970 
 1083      72657373 
 1083      5F50536F 
 1084 0214 6C653035 		.ascii	"le05.cywrk.Archive04\\Eddie_DP0_Slider\\Slider.cyds"
 1084      2E637977 
 1084      726B2E41 
 1084      72636869 
 1084      76653034 
 1085 0245 6E00     		.ascii	"n\000"
 1086              	.LASF7:
 1087 0247 6C6F6E67 		.ascii	"long long unsigned int\000"
 1087      206C6F6E 
 1087      6720756E 
ARM GAS  C:\Users\TB1014~1\AppData\Local\Temp\ccEKoXcK.s 			page 31


 1087      7369676E 
 1087      65642069 
 1088              	.LASF34:
 1089 025e 4379496E 		.ascii	"CyIntSetPriority\000"
 1089      74536574 
 1089      5072696F 
 1089      72697479 
 1089      00
 1090              	.LASF23:
 1091 026f 706F6C61 		.ascii	"polarity\000"
 1091      72697479 
 1091      00
 1092              	.LASF31:
 1093 0278 5350494D 		.ascii	"SPIM_txBufferTail\000"
 1093      5F747842 
 1093      75666665 
 1093      72546169 
 1093      6C00
 1094              	.LASF37:
 1095 028a 47656E65 		.ascii	"Generated_Source\\PSoC4\\SPIM_SPI.c\000"
 1095      72617465 
 1095      645F536F 
 1095      75726365 
 1095      5C50536F 
 1096              	.LASF17:
 1097 02ac 73697A65 		.ascii	"sizetype\000"
 1097      74797065 
 1097      00
 1098              	.LASF6:
 1099 02b5 6C6F6E67 		.ascii	"long long int\000"
 1099      206C6F6E 
 1099      6720696E 
 1099      7400
 1100              	.LASF18:
 1101 02c3 5350494D 		.ascii	"SPIM_SpiStop\000"
 1101      5F537069 
 1101      53746F70 
 1101      00
 1102              	.LASF39:
 1103 02d0 5350494D 		.ascii	"SPIM_SpiPostEnable\000"
 1103      5F537069 
 1103      506F7374 
 1103      456E6162 
 1103      6C6500
 1104              	.LASF24:
 1105 02e3 73706943 		.ascii	"spiCtrl\000"
 1105      74726C00 
 1106              	.LASF33:
 1107 02eb 4379496E 		.ascii	"CyIntDisable\000"
 1107      74446973 
 1107      61626C65 
 1107      00
 1108              	.LASF2:
 1109 02f8 73686F72 		.ascii	"short int\000"
 1109      7420696E 
 1109      7400
 1110              	.LASF19:
ARM GAS  C:\Users\TB1014~1\AppData\Local\Temp\ccEKoXcK.s 			page 32


 1111 0302 5350494D 		.ascii	"SPIM_SpiSetActiveSlaveSelect\000"
 1111      5F537069 
 1111      53657441 
 1111      63746976 
 1111      65536C61 
 1112              	.LASF4:
 1113 031f 6C6F6E67 		.ascii	"long int\000"
 1113      20696E74 
 1113      00
 1114              	.LASF14:
 1115 0328 63686172 		.ascii	"char\000"
 1115      00
 1116              	.LASF0:
 1117 032d 7369676E 		.ascii	"signed char\000"
 1117      65642063 
 1117      68617200 
 1118              	.LASF26:
 1119 0339 5350494D 		.ascii	"SPIM_IntrTxMask\000"
 1119      5F496E74 
 1119      7254784D 
 1119      61736B00 
 1120              		.ident	"GCC: (GNU Tools for ARM Embedded Processors) 4.9.3 20150303 (release) [ARM/embedded-4_9-br
