--------------- Build Started: 05/18/2017 13:45:43 Project: SCB_I2cCommSlave01, Configuration: ARM GCC 4.9-2015-q1-update Debug ---------------
cydsfit.exe -.appdatapath "C:\Users\mm1005301\AppData\Local\Cypress Semiconductor\PSoC Creator\4.0" -.fdsnotice -.fdswarpdepfile=warp_dependencies.txt -.fdselabdepfile=elab_dependencies.txt -.fdsbldfile=generated_files.txt -.fdsreffile=referenced_files.txt -p C:\work\Eddie\capsense\i2csimple\SCB_I2cCommSlave01\SCB_I2cCommSlave01.cydsn\SCB_I2cCommSlave01.cyprj -d CY8C4025LQI-S412 -s C:\work\Eddie\capsense\i2csimple\SCB_I2cCommSlave01\SCB_I2cCommSlave01.cydsn\Generated_Source\PSoC4 -- -yv2 -q10 -ygs -o2 -v3 -.fftcfgtype=LE
Elaborating Design...
HDL Generation...
Synthesis...
Tech Mapping...
Info: mpr.M0053: Information from the design wide resources Pin Editor has overridden the control file entry for "\I2CS:sda(0)\". (App=cydsfit)
Info: mpr.M0053: Information from the design wide resources Pin Editor has overridden the control file entry for "\I2CS:scl(0)\". (App=cydsfit)
Analog Placement...
Analog Routing...
Analog Code Generation...
Digital Placement...
Digital Routing...
Info: pft.M0077: There is no timing information available for the selected device. Static timing checks will not be applied and digital routing will not be timing-driven. (App=cydsfit)
Bitstream Generation...
Bitstream Verification...
Static timing analysis...
API Generation...
Dependency Generation...
Cleanup...
arm-none-eabi-gcc.exe -mcpu=cortex-m0plus -mthumb -I. -IGenerated_Source\PSoC4 -Wa,-alh=.\CortexM0p\ARM_GCC_493\Debug/cybootloader.lst -g -D DEBUG -Wall -ffunction-sections -Og -ffat-lto-objects -c Generated_Source\PSoC4\cybootloader.c -o .\CortexM0p\ARM_GCC_493\Debug\cybootloader.o
arm-none-eabi-ar.exe -rs .\CortexM0p\ARM_GCC_493\Debug\SCB_I2cCommSlave01.a .\CortexM0p\ARM_GCC_493\Debug\cyfitter_cfg.o .\CortexM0p\ARM_GCC_493\Debug\I2CS.o .\CortexM0p\ARM_GCC_493\Debug\I2CS_I2C_INT.o .\CortexM0p\ARM_GCC_493\Debug\I2CS_I2C.o .\CortexM0p\ARM_GCC_493\Debug\I2CS_I2C_BOOT.o .\CortexM0p\ARM_GCC_493\Debug\I2CS_I2C_SLAVE.o .\CortexM0p\ARM_GCC_493\Debug\I2CS_PM.o .\CortexM0p\ARM_GCC_493\Debug\I2CS_BOOT.o .\CortexM0p\ARM_GCC_493\Debug\I2CS_SCBCLK.o .\CortexM0p\ARM_GCC_493\Debug\I2CS_sda.o .\CortexM0p\ARM_GCC_493\Debug\I2CS_sda_PM.o .\CortexM0p\ARM_GCC_493\Debug\I2CS_scl.o .\CortexM0p\ARM_GCC_493\Debug\I2CS_scl_PM.o .\CortexM0p\ARM_GCC_493\Debug\I2CS_SCB_IRQ.o .\CortexM0p\ARM_GCC_493\Debug\CyFlash.o .\CortexM0p\ARM_GCC_493\Debug\CyLib.o .\CortexM0p\ARM_GCC_493\Debug\cyPm.o .\CortexM0p\ARM_GCC_493\Debug\cyutils.o .\CortexM0p\ARM_GCC_493\Debug\CyLFClk.o .\CortexM0p\ARM_GCC_493\Debug\cap_int.o .\CortexM0p\ARM_GCC_493\Debug\cap_int_PM.o .\CortexM0p\ARM_GCC_493\Debug\Bootloadable_1.o .\CortexM0p\ARM_GCC_493\Debug\CyBootAsmGnu.o
arm-none-eabi-ar.exe: creating .\CortexM0p\ARM_GCC_493\Debug\SCB_I2cCommSlave01.a
arm-none-eabi-gcc.exe -Wl,--start-group -o .\CortexM0p\ARM_GCC_493\Debug\SCB_I2cCommSlave01.elf .\CortexM0p\ARM_GCC_493\Debug\main.o .\CortexM0p\ARM_GCC_493\Debug\cymetadata.o .\CortexM0p\ARM_GCC_493\Debug\Cm0plusStart.o .\CortexM0p\ARM_GCC_493\Debug\cybootloader.o .\CortexM0p\ARM_GCC_493\Debug\SCB_I2cCommSlave01.a -mcpu=cortex-m0plus -mthumb -g -ffunction-sections -Og -ffat-lto-objects -L Generated_Source\PSoC4 -Wl,-Map,.\CortexM0p\ARM_GCC_493\Debug/SCB_I2cCommSlave01.map -T C:\work\Eddie\capsense\i2csimple\SCB_I2cCommSlave01\SCB_I2cCommSlave01.cydsn\Generated_Source\PSoC4\cm0plusgcc.ld -specs=nano.specs -Wl,--gc-sections -Wl,--end-group
cyelftool.exe -B C:\work\Eddie\capsense\i2csimple\SCB_I2cCommSlave01\SCB_I2cCommSlave01.cydsn\CortexM0p\ARM_GCC_493\Debug\SCB_I2cCommSlave01.elf --flash_row_size 128 --flash_size 32768 --flash_array_size 32768
cyelftool.exe -S C:\work\Eddie\capsense\i2csimple\SCB_I2cCommSlave01\SCB_I2cCommSlave01.cydsn\CortexM0p\ARM_GCC_493\Debug\SCB_I2cCommSlave01.elf
Flash used: 9760 of 32768 bytes (29.8 %). Bootloader: 6144 bytes. Application: 3488 bytes. Metadata: 128 bytes.
SRAM used: 1880 of 4096 bytes (45.9 %). Stack: 1024 bytes. Heap: 256 bytes.
--------------- Build Succeeded: 05/18/2017 13:45:49 ---------------
