ARM GAS  C:\Users\RD\AppData\Local\Temp\ccib6Hco.s 			page 1


   1              		.cpu cortex-m0plus
   2              		.fpu softvfp
   3              		.eabi_attribute 20, 1
   4              		.eabi_attribute 21, 1
   5              		.eabi_attribute 23, 3
   6              		.eabi_attribute 24, 1
   7              		.eabi_attribute 25, 1
   8              		.eabi_attribute 26, 1
   9              		.eabi_attribute 30, 1
  10              		.eabi_attribute 34, 0
  11              		.eabi_attribute 18, 4
  12              		.code	16
  13              		.file	"cyfitter_cfg.c"
  14              		.text
  15              	.Ltext0:
  16              		.cfi_sections	.debug_frame
  17              		.section	.psocinit,"ax",%progbits
  18              		.align	2
  19              		.code	16
  20              		.thumb_func
  21              		.type	ClockSetup, %function
  22              	ClockSetup:
  23              	.LFB4:
  24              		.file 1 "Generated_Source\\PSoC4\\cyfitter_cfg.c"
   1:Generated_Source\PSoC4/cyfitter_cfg.c **** /*******************************************************************************
   2:Generated_Source\PSoC4/cyfitter_cfg.c **** * File Name: cyfitter_cfg.c
   3:Generated_Source\PSoC4/cyfitter_cfg.c **** * 
   4:Generated_Source\PSoC4/cyfitter_cfg.c **** * PSoC Creator  4.0
   5:Generated_Source\PSoC4/cyfitter_cfg.c **** *
   6:Generated_Source\PSoC4/cyfitter_cfg.c **** * Description:
   7:Generated_Source\PSoC4/cyfitter_cfg.c **** * This file contains device initialization code.
   8:Generated_Source\PSoC4/cyfitter_cfg.c **** * Except for the user defined sections in CyClockStartupError(), this file should not be modified.
   9:Generated_Source\PSoC4/cyfitter_cfg.c **** * This file is automatically generated by PSoC Creator.
  10:Generated_Source\PSoC4/cyfitter_cfg.c **** *
  11:Generated_Source\PSoC4/cyfitter_cfg.c **** ********************************************************************************
  12:Generated_Source\PSoC4/cyfitter_cfg.c **** * Copyright (c) 2007-2016 Cypress Semiconductor.  All rights reserved.
  13:Generated_Source\PSoC4/cyfitter_cfg.c **** * You may use this file only in accordance with the license, terms, conditions, 
  14:Generated_Source\PSoC4/cyfitter_cfg.c **** * disclaimers, and limitations in the end user license agreement accompanying 
  15:Generated_Source\PSoC4/cyfitter_cfg.c **** * the software package with which this file was provided.
  16:Generated_Source\PSoC4/cyfitter_cfg.c **** ********************************************************************************/
  17:Generated_Source\PSoC4/cyfitter_cfg.c **** 
  18:Generated_Source\PSoC4/cyfitter_cfg.c **** #include <string.h>
  19:Generated_Source\PSoC4/cyfitter_cfg.c **** #include "cytypes.h"
  20:Generated_Source\PSoC4/cyfitter_cfg.c **** #include "cydevice_trm.h"
  21:Generated_Source\PSoC4/cyfitter_cfg.c **** #include "cyfitter.h"
  22:Generated_Source\PSoC4/cyfitter_cfg.c **** #include "CyLib.h"
  23:Generated_Source\PSoC4/cyfitter_cfg.c **** #include "cyfitter_cfg.h"
  24:Generated_Source\PSoC4/cyfitter_cfg.c **** 
  25:Generated_Source\PSoC4/cyfitter_cfg.c **** 
  26:Generated_Source\PSoC4/cyfitter_cfg.c **** #if defined(__GNUC__) || defined(__ARMCC_VERSION)
  27:Generated_Source\PSoC4/cyfitter_cfg.c ****     #define CYPACKED 
  28:Generated_Source\PSoC4/cyfitter_cfg.c ****     #define CYPACKED_ATTR __attribute__ ((packed))
  29:Generated_Source\PSoC4/cyfitter_cfg.c ****     #define CYALIGNED __attribute__ ((aligned))
  30:Generated_Source\PSoC4/cyfitter_cfg.c ****     #define CY_CFG_UNUSED __attribute__ ((unused))
  31:Generated_Source\PSoC4/cyfitter_cfg.c ****     #ifndef CY_CFG_SECTION
  32:Generated_Source\PSoC4/cyfitter_cfg.c ****         #define CY_CFG_SECTION __attribute__ ((section(".psocinit")))
  33:Generated_Source\PSoC4/cyfitter_cfg.c ****     #endif
ARM GAS  C:\Users\RD\AppData\Local\Temp\ccib6Hco.s 			page 2


  34:Generated_Source\PSoC4/cyfitter_cfg.c ****     
  35:Generated_Source\PSoC4/cyfitter_cfg.c ****     #if defined(__ARMCC_VERSION)
  36:Generated_Source\PSoC4/cyfitter_cfg.c ****         #define CY_CFG_MEMORY_BARRIER() __memory_changed()
  37:Generated_Source\PSoC4/cyfitter_cfg.c ****     #else
  38:Generated_Source\PSoC4/cyfitter_cfg.c ****         #define CY_CFG_MEMORY_BARRIER() __sync_synchronize()
  39:Generated_Source\PSoC4/cyfitter_cfg.c ****     #endif
  40:Generated_Source\PSoC4/cyfitter_cfg.c ****     
  41:Generated_Source\PSoC4/cyfitter_cfg.c **** #elif defined(__ICCARM__)
  42:Generated_Source\PSoC4/cyfitter_cfg.c ****     #include <intrinsics.h>
  43:Generated_Source\PSoC4/cyfitter_cfg.c **** 
  44:Generated_Source\PSoC4/cyfitter_cfg.c ****     #define CYPACKED __packed
  45:Generated_Source\PSoC4/cyfitter_cfg.c ****     #define CYPACKED_ATTR 
  46:Generated_Source\PSoC4/cyfitter_cfg.c ****     #define CYALIGNED _Pragma("data_alignment=4")
  47:Generated_Source\PSoC4/cyfitter_cfg.c ****     #define CY_CFG_UNUSED _Pragma("diag_suppress=Pe177")
  48:Generated_Source\PSoC4/cyfitter_cfg.c ****     #define CY_CFG_SECTION _Pragma("location=\".psocinit\"")
  49:Generated_Source\PSoC4/cyfitter_cfg.c ****     
  50:Generated_Source\PSoC4/cyfitter_cfg.c ****     #define CY_CFG_MEMORY_BARRIER() __DMB()
  51:Generated_Source\PSoC4/cyfitter_cfg.c ****     
  52:Generated_Source\PSoC4/cyfitter_cfg.c **** #else
  53:Generated_Source\PSoC4/cyfitter_cfg.c ****     #error Unsupported toolchain
  54:Generated_Source\PSoC4/cyfitter_cfg.c **** #endif
  55:Generated_Source\PSoC4/cyfitter_cfg.c **** 
  56:Generated_Source\PSoC4/cyfitter_cfg.c **** 
  57:Generated_Source\PSoC4/cyfitter_cfg.c **** CY_CFG_UNUSED
  58:Generated_Source\PSoC4/cyfitter_cfg.c **** static void CYMEMZERO(void *s, size_t n);
  59:Generated_Source\PSoC4/cyfitter_cfg.c **** CY_CFG_UNUSED
  60:Generated_Source\PSoC4/cyfitter_cfg.c **** static void CYMEMZERO(void *s, size_t n)
  61:Generated_Source\PSoC4/cyfitter_cfg.c **** {
  62:Generated_Source\PSoC4/cyfitter_cfg.c **** 	(void)memset(s, 0, n);
  63:Generated_Source\PSoC4/cyfitter_cfg.c **** }
  64:Generated_Source\PSoC4/cyfitter_cfg.c **** CY_CFG_UNUSED
  65:Generated_Source\PSoC4/cyfitter_cfg.c **** static void CYCONFIGCPY(void *dest, const void *src, size_t n);
  66:Generated_Source\PSoC4/cyfitter_cfg.c **** CY_CFG_UNUSED
  67:Generated_Source\PSoC4/cyfitter_cfg.c **** static void CYCONFIGCPY(void *dest, const void *src, size_t n)
  68:Generated_Source\PSoC4/cyfitter_cfg.c **** {
  69:Generated_Source\PSoC4/cyfitter_cfg.c **** 	(void)memcpy(dest, src, n);
  70:Generated_Source\PSoC4/cyfitter_cfg.c **** }
  71:Generated_Source\PSoC4/cyfitter_cfg.c **** CY_CFG_UNUSED
  72:Generated_Source\PSoC4/cyfitter_cfg.c **** static void CYCONFIGCPYCODE(void *dest, const void *src, size_t n);
  73:Generated_Source\PSoC4/cyfitter_cfg.c **** CY_CFG_UNUSED
  74:Generated_Source\PSoC4/cyfitter_cfg.c **** static void CYCONFIGCPYCODE(void *dest, const void *src, size_t n)
  75:Generated_Source\PSoC4/cyfitter_cfg.c **** {
  76:Generated_Source\PSoC4/cyfitter_cfg.c **** 	(void)memcpy(dest, src, n);
  77:Generated_Source\PSoC4/cyfitter_cfg.c **** }
  78:Generated_Source\PSoC4/cyfitter_cfg.c **** 
  79:Generated_Source\PSoC4/cyfitter_cfg.c **** 
  80:Generated_Source\PSoC4/cyfitter_cfg.c **** 
  81:Generated_Source\PSoC4/cyfitter_cfg.c **** 
  82:Generated_Source\PSoC4/cyfitter_cfg.c **** /* Clock startup error codes                                                   */
  83:Generated_Source\PSoC4/cyfitter_cfg.c **** #define CYCLOCKSTART_NO_ERROR    0u
  84:Generated_Source\PSoC4/cyfitter_cfg.c **** #define CYCLOCKSTART_XTAL_ERROR  1u
  85:Generated_Source\PSoC4/cyfitter_cfg.c **** #define CYCLOCKSTART_32KHZ_ERROR 2u
  86:Generated_Source\PSoC4/cyfitter_cfg.c **** #define CYCLOCKSTART_PLL_ERROR   3u
  87:Generated_Source\PSoC4/cyfitter_cfg.c **** 
  88:Generated_Source\PSoC4/cyfitter_cfg.c **** 
  89:Generated_Source\PSoC4/cyfitter_cfg.c **** #ifdef CY_NEED_CYCLOCKSTARTUPERROR
  90:Generated_Source\PSoC4/cyfitter_cfg.c **** /*******************************************************************************
ARM GAS  C:\Users\RD\AppData\Local\Temp\ccib6Hco.s 			page 3


  91:Generated_Source\PSoC4/cyfitter_cfg.c **** * Function Name: CyClockStartupError
  92:Generated_Source\PSoC4/cyfitter_cfg.c **** ********************************************************************************
  93:Generated_Source\PSoC4/cyfitter_cfg.c **** * Summary:
  94:Generated_Source\PSoC4/cyfitter_cfg.c **** *  If an error is encountered during clock configuration (crystal startup error,
  95:Generated_Source\PSoC4/cyfitter_cfg.c **** *  PLL lock error, etc.), the system will end up here.  Unless reimplemented by
  96:Generated_Source\PSoC4/cyfitter_cfg.c **** *  the customer, this function will stop in an infinite loop.
  97:Generated_Source\PSoC4/cyfitter_cfg.c **** *
  98:Generated_Source\PSoC4/cyfitter_cfg.c **** * Parameters:
  99:Generated_Source\PSoC4/cyfitter_cfg.c **** *   void
 100:Generated_Source\PSoC4/cyfitter_cfg.c **** *
 101:Generated_Source\PSoC4/cyfitter_cfg.c **** * Return:
 102:Generated_Source\PSoC4/cyfitter_cfg.c **** *   void
 103:Generated_Source\PSoC4/cyfitter_cfg.c **** *
 104:Generated_Source\PSoC4/cyfitter_cfg.c **** *******************************************************************************/
 105:Generated_Source\PSoC4/cyfitter_cfg.c **** CY_CFG_UNUSED
 106:Generated_Source\PSoC4/cyfitter_cfg.c **** static void CyClockStartupError(uint8 errorCode);
 107:Generated_Source\PSoC4/cyfitter_cfg.c **** CY_CFG_UNUSED
 108:Generated_Source\PSoC4/cyfitter_cfg.c **** static void CyClockStartupError(uint8 errorCode)
 109:Generated_Source\PSoC4/cyfitter_cfg.c **** {
 110:Generated_Source\PSoC4/cyfitter_cfg.c ****     /* To remove the compiler warning if errorCode not used.                */
 111:Generated_Source\PSoC4/cyfitter_cfg.c ****     errorCode = errorCode;
 112:Generated_Source\PSoC4/cyfitter_cfg.c **** 
 113:Generated_Source\PSoC4/cyfitter_cfg.c ****     /* If we have a clock startup error (bad MHz crystal, PLL lock, etc.),  */
 114:Generated_Source\PSoC4/cyfitter_cfg.c ****     /* we will end up here to allow the customer to implement something to  */
 115:Generated_Source\PSoC4/cyfitter_cfg.c ****     /* deal with the clock condition.                                       */
 116:Generated_Source\PSoC4/cyfitter_cfg.c **** 
 117:Generated_Source\PSoC4/cyfitter_cfg.c **** #ifdef CY_CFG_CLOCK_STARTUP_ERROR_CALLBACK
 118:Generated_Source\PSoC4/cyfitter_cfg.c **** 	CY_CFG_Clock_Startup_ErrorCallback();
 119:Generated_Source\PSoC4/cyfitter_cfg.c **** #else
 120:Generated_Source\PSoC4/cyfitter_cfg.c **** 	/*  If not using CY_CFG_CLOCK_STARTUP_ERROR_CALLBACK, place your clock startup code here. */
 121:Generated_Source\PSoC4/cyfitter_cfg.c ****     /* `#START CyClockStartupError` */
 122:Generated_Source\PSoC4/cyfitter_cfg.c **** 
 123:Generated_Source\PSoC4/cyfitter_cfg.c ****     /* If we have a clock startup error (bad MHz crystal, PLL lock, etc.),  */
 124:Generated_Source\PSoC4/cyfitter_cfg.c ****     /* we will end up here to allow the customer to implement something to  */
 125:Generated_Source\PSoC4/cyfitter_cfg.c ****     /* deal with the clock condition.                                       */
 126:Generated_Source\PSoC4/cyfitter_cfg.c **** 
 127:Generated_Source\PSoC4/cyfitter_cfg.c ****     /* `#END` */
 128:Generated_Source\PSoC4/cyfitter_cfg.c **** 
 129:Generated_Source\PSoC4/cyfitter_cfg.c ****     /* If nothing else, stop here since the clocks have not started         */
 130:Generated_Source\PSoC4/cyfitter_cfg.c ****     /* correctly.                                                           */
 131:Generated_Source\PSoC4/cyfitter_cfg.c ****     while(1) {}
 132:Generated_Source\PSoC4/cyfitter_cfg.c **** #endif /* CY_CFG_CLOCK_STARTUP_ERROR_CALLBACK */ 
 133:Generated_Source\PSoC4/cyfitter_cfg.c **** }
 134:Generated_Source\PSoC4/cyfitter_cfg.c **** #endif
 135:Generated_Source\PSoC4/cyfitter_cfg.c **** 
 136:Generated_Source\PSoC4/cyfitter_cfg.c **** 
 137:Generated_Source\PSoC4/cyfitter_cfg.c **** 
 138:Generated_Source\PSoC4/cyfitter_cfg.c **** /*******************************************************************************
 139:Generated_Source\PSoC4/cyfitter_cfg.c **** * Function Name: ClockSetup
 140:Generated_Source\PSoC4/cyfitter_cfg.c **** ********************************************************************************
 141:Generated_Source\PSoC4/cyfitter_cfg.c **** *
 142:Generated_Source\PSoC4/cyfitter_cfg.c **** * Summary:
 143:Generated_Source\PSoC4/cyfitter_cfg.c **** *   Performs the initialization of all of the clocks in the device based on the
 144:Generated_Source\PSoC4/cyfitter_cfg.c **** *   settings in the Clock tab of the DWR.  This includes enabling the requested
 145:Generated_Source\PSoC4/cyfitter_cfg.c **** *   clocks and setting the necessary dividers to produce the desired frequency. 
 146:Generated_Source\PSoC4/cyfitter_cfg.c **** *
 147:Generated_Source\PSoC4/cyfitter_cfg.c **** * Parameters:
ARM GAS  C:\Users\RD\AppData\Local\Temp\ccib6Hco.s 			page 4


 148:Generated_Source\PSoC4/cyfitter_cfg.c **** *   void
 149:Generated_Source\PSoC4/cyfitter_cfg.c **** *
 150:Generated_Source\PSoC4/cyfitter_cfg.c **** * Return:
 151:Generated_Source\PSoC4/cyfitter_cfg.c **** *   void
 152:Generated_Source\PSoC4/cyfitter_cfg.c **** *
 153:Generated_Source\PSoC4/cyfitter_cfg.c **** *******************************************************************************/
 154:Generated_Source\PSoC4/cyfitter_cfg.c **** static void ClockSetup(void);
 155:Generated_Source\PSoC4/cyfitter_cfg.c **** CY_CFG_SECTION
 156:Generated_Source\PSoC4/cyfitter_cfg.c **** static void ClockSetup(void)
 157:Generated_Source\PSoC4/cyfitter_cfg.c **** {
  25              		.loc 1 157 0
  26              		.cfi_startproc
  27 0000 08B5     		push	{r3, lr}
  28              		.cfi_def_cfa_offset 8
  29              		.cfi_offset 3, -8
  30              		.cfi_offset 14, -4
 158:Generated_Source\PSoC4/cyfitter_cfg.c **** 
 159:Generated_Source\PSoC4/cyfitter_cfg.c **** 	/* Set Flash Cycles based on max possible frequency in case a glitch occurs during ClockSetup(). *
 160:Generated_Source\PSoC4/cyfitter_cfg.c **** 	CY_SET_REG32((void CYXDATA *)(CYREG_CPUSS_FLASH_CTL), (0x0012u));
  31              		.loc 1 160 0
  32 0002 1222     		mov	r2, #18
  33 0004 114B     		ldr	r3, .L2
  34 0006 1A60     		str	r2, [r3]
 161:Generated_Source\PSoC4/cyfitter_cfg.c **** 	/* Update IMO to new clock speed. */
 162:Generated_Source\PSoC4/cyfitter_cfg.c **** 	CySysClkWriteImoFreq(48u);
  35              		.loc 1 162 0
  36 0008 3020     		mov	r0, #48
  37 000a FFF7FEFF 		bl	CySysClkWriteImoFreq
  38              	.LVL0:
 163:Generated_Source\PSoC4/cyfitter_cfg.c **** 
 164:Generated_Source\PSoC4/cyfitter_cfg.c **** 	/* Setup phase aligned clocks */
 165:Generated_Source\PSoC4/cyfitter_cfg.c **** 	CY_SET_REG32((void *)CYREG_PERI_DIV_16_CTL0, 0x0000FE00u);
  39              		.loc 1 165 0
  40 000e FE22     		mov	r2, #254
  41 0010 1202     		lsl	r2, r2, #8
  42 0012 0F4B     		ldr	r3, .L2+4
  43 0014 1A60     		str	r2, [r3]
 166:Generated_Source\PSoC4/cyfitter_cfg.c **** 	CY_SET_REG32((void *)CYREG_PERI_DIV_CMD, 0x8000FF40u);
  44              		.loc 1 166 0
  45 0016 0F4B     		ldr	r3, .L2+8
  46 0018 0F4A     		ldr	r2, .L2+12
  47 001a 1A60     		str	r2, [r3]
 167:Generated_Source\PSoC4/cyfitter_cfg.c **** 	CY_SET_REG32((void *)CYREG_PERI_DIV_16_CTL1, 0x00000000u);
  48              		.loc 1 167 0
  49 001c 0022     		mov	r2, #0
  50 001e 0F49     		ldr	r1, .L2+16
  51 0020 0A60     		str	r2, [r1]
 168:Generated_Source\PSoC4/cyfitter_cfg.c **** 	CY_SET_REG32((void *)CYREG_PERI_DIV_CMD, 0x8000FF41u);
  52              		.loc 1 168 0
  53 0022 0F49     		ldr	r1, .L2+20
  54 0024 1960     		str	r1, [r3]
 169:Generated_Source\PSoC4/cyfitter_cfg.c **** 	CY_SET_REG32((void *)CYREG_PERI_DIV_16_CTL2, 0x00001D00u);
  55              		.loc 1 169 0
  56 0026 E820     		mov	r0, #232
  57 0028 4001     		lsl	r0, r0, #5
  58 002a 0E49     		ldr	r1, .L2+24
  59 002c 0860     		str	r0, [r1]
ARM GAS  C:\Users\RD\AppData\Local\Temp\ccib6Hco.s 			page 5


 170:Generated_Source\PSoC4/cyfitter_cfg.c **** 	CY_SET_REG32((void *)CYREG_PERI_DIV_CMD, 0x8000FF42u);
  60              		.loc 1 170 0
  61 002e 0E49     		ldr	r1, .L2+28
  62 0030 1960     		str	r1, [r3]
 171:Generated_Source\PSoC4/cyfitter_cfg.c **** 
 172:Generated_Source\PSoC4/cyfitter_cfg.c **** 	/* CYDEV_CLK_SELECT Starting address: CYDEV_CLK_SELECT */
 173:Generated_Source\PSoC4/cyfitter_cfg.c **** 	CY_SET_XTND_REG32((void CYFAR *)(CYREG_CLK_SELECT), 0x00000000u);
  63              		.loc 1 173 0
  64 0032 0E4B     		ldr	r3, .L2+32
  65 0034 1A60     		str	r2, [r3]
 174:Generated_Source\PSoC4/cyfitter_cfg.c **** 
 175:Generated_Source\PSoC4/cyfitter_cfg.c **** 	/* CYDEV_PERI_PCLK_CTL2 Starting address: CYDEV_PERI_PCLK_CTL2 */
 176:Generated_Source\PSoC4/cyfitter_cfg.c **** 	CY_SET_XTND_REG32((void CYFAR *)(CYREG_PERI_PCLK_CTL2), 0x00000040u);
  66              		.loc 1 176 0
  67 0036 4032     		add	r2, r2, #64
  68 0038 0D4B     		ldr	r3, .L2+36
  69 003a 1A60     		str	r2, [r3]
 177:Generated_Source\PSoC4/cyfitter_cfg.c **** 
 178:Generated_Source\PSoC4/cyfitter_cfg.c **** 	/* CYDEV_PERI_PCLK_CTL1 Starting address: CYDEV_PERI_PCLK_CTL1 */
 179:Generated_Source\PSoC4/cyfitter_cfg.c **** 	CY_SET_XTND_REG32((void CYFAR *)(CYREG_PERI_PCLK_CTL1), 0x00000041u);
  70              		.loc 1 179 0
  71 003c 0132     		add	r2, r2, #1
  72 003e 0D4B     		ldr	r3, .L2+40
  73 0040 1A60     		str	r2, [r3]
 180:Generated_Source\PSoC4/cyfitter_cfg.c **** 
 181:Generated_Source\PSoC4/cyfitter_cfg.c **** 	/* CYDEV_PERI_PCLK_CTL0 Starting address: CYDEV_PERI_PCLK_CTL0 */
 182:Generated_Source\PSoC4/cyfitter_cfg.c **** 	CY_SET_XTND_REG32((void CYFAR *)(CYREG_PERI_PCLK_CTL0), 0x00000042u);
  74              		.loc 1 182 0
  75 0042 0132     		add	r2, r2, #1
  76 0044 0C4B     		ldr	r3, .L2+44
  77 0046 1A60     		str	r2, [r3]
 183:Generated_Source\PSoC4/cyfitter_cfg.c **** 
 184:Generated_Source\PSoC4/cyfitter_cfg.c **** }
  78              		.loc 1 184 0
  79              		@ sp needed
  80 0048 08BD     		pop	{r3, pc}
  81              	.L3:
  82 004a C046     		.align	2
  83              	.L2:
  84 004c 30001040 		.word	1074790448
  85 0050 00030140 		.word	1073808128
  86 0054 00000140 		.word	1073807360
  87 0058 40FF0080 		.word	-2147418304
  88 005c 04030140 		.word	1073808132
  89 0060 41FF0080 		.word	-2147418303
  90 0064 08030140 		.word	1073808136
  91 0068 42FF0080 		.word	-2147418302
  92 006c 28000340 		.word	1073938472
  93 0070 08010140 		.word	1073807624
  94 0074 04010140 		.word	1073807620
  95 0078 00010140 		.word	1073807616
  96              		.cfi_endproc
  97              	.LFE4:
  98              		.size	ClockSetup, .-ClockSetup
  99              		.section	.text.SetAnalogRoutingPumps,"ax",%progbits
 100              		.align	2
 101              		.global	SetAnalogRoutingPumps
ARM GAS  C:\Users\RD\AppData\Local\Temp\ccib6Hco.s 			page 6


 102              		.code	16
 103              		.thumb_func
 104              		.type	SetAnalogRoutingPumps, %function
 105              	SetAnalogRoutingPumps:
 106              	.LFB6:
 185:Generated_Source\PSoC4/cyfitter_cfg.c **** 
 186:Generated_Source\PSoC4/cyfitter_cfg.c **** 
 187:Generated_Source\PSoC4/cyfitter_cfg.c **** /* Analog API Functions */
 188:Generated_Source\PSoC4/cyfitter_cfg.c **** 
 189:Generated_Source\PSoC4/cyfitter_cfg.c **** 
 190:Generated_Source\PSoC4/cyfitter_cfg.c **** /*******************************************************************************
 191:Generated_Source\PSoC4/cyfitter_cfg.c **** * Function Name: AnalogSetDefault
 192:Generated_Source\PSoC4/cyfitter_cfg.c **** ********************************************************************************
 193:Generated_Source\PSoC4/cyfitter_cfg.c **** *
 194:Generated_Source\PSoC4/cyfitter_cfg.c **** * Summary:
 195:Generated_Source\PSoC4/cyfitter_cfg.c **** *  Sets up the analog portions of the chip to default values based on chip
 196:Generated_Source\PSoC4/cyfitter_cfg.c **** *  configuration options from the project.
 197:Generated_Source\PSoC4/cyfitter_cfg.c **** *
 198:Generated_Source\PSoC4/cyfitter_cfg.c **** * Parameters:
 199:Generated_Source\PSoC4/cyfitter_cfg.c **** *  void
 200:Generated_Source\PSoC4/cyfitter_cfg.c **** *
 201:Generated_Source\PSoC4/cyfitter_cfg.c **** * Return:
 202:Generated_Source\PSoC4/cyfitter_cfg.c **** *  void
 203:Generated_Source\PSoC4/cyfitter_cfg.c **** *
 204:Generated_Source\PSoC4/cyfitter_cfg.c **** *******************************************************************************/
 205:Generated_Source\PSoC4/cyfitter_cfg.c **** static void AnalogSetDefault(void);
 206:Generated_Source\PSoC4/cyfitter_cfg.c **** static void AnalogSetDefault(void)
 207:Generated_Source\PSoC4/cyfitter_cfg.c **** {
 208:Generated_Source\PSoC4/cyfitter_cfg.c **** 	CY_SET_XTND_REG32((void CYFAR *)CYREG_CSD_SW_DSI_SEL, 0x00000011u);
 209:Generated_Source\PSoC4/cyfitter_cfg.c **** 	SetAnalogRoutingPumps(1);
 210:Generated_Source\PSoC4/cyfitter_cfg.c **** }
 211:Generated_Source\PSoC4/cyfitter_cfg.c **** 
 212:Generated_Source\PSoC4/cyfitter_cfg.c **** 
 213:Generated_Source\PSoC4/cyfitter_cfg.c **** /*******************************************************************************
 214:Generated_Source\PSoC4/cyfitter_cfg.c **** * Function Name: SetAnalogRoutingPumps
 215:Generated_Source\PSoC4/cyfitter_cfg.c **** ********************************************************************************
 216:Generated_Source\PSoC4/cyfitter_cfg.c **** *
 217:Generated_Source\PSoC4/cyfitter_cfg.c **** * Summary:
 218:Generated_Source\PSoC4/cyfitter_cfg.c **** * Enables or disables the analog pumps feeding analog routing switches.
 219:Generated_Source\PSoC4/cyfitter_cfg.c **** * Intended to be called at startup, based on the Vdda system configuration;
 220:Generated_Source\PSoC4/cyfitter_cfg.c **** * may be called during operation when the user informs us that the Vdda voltage crossed the pump th
 221:Generated_Source\PSoC4/cyfitter_cfg.c **** *
 222:Generated_Source\PSoC4/cyfitter_cfg.c **** * Parameters:
 223:Generated_Source\PSoC4/cyfitter_cfg.c **** *  enabled - 1 to enable the pumps, 0 to disable the pumps
 224:Generated_Source\PSoC4/cyfitter_cfg.c **** *
 225:Generated_Source\PSoC4/cyfitter_cfg.c **** * Return:
 226:Generated_Source\PSoC4/cyfitter_cfg.c **** *  void
 227:Generated_Source\PSoC4/cyfitter_cfg.c **** *
 228:Generated_Source\PSoC4/cyfitter_cfg.c **** *******************************************************************************/
 229:Generated_Source\PSoC4/cyfitter_cfg.c **** void SetAnalogRoutingPumps(uint8 enabled)
 230:Generated_Source\PSoC4/cyfitter_cfg.c **** {
 107              		.loc 1 230 0
 108              		.cfi_startproc
 109              	.LVL1:
 231:Generated_Source\PSoC4/cyfitter_cfg.c **** 	uint32 regValue = CY_GET_XTND_REG32((void *)(CYREG_HSIOM_PUMP_CTL));
 110              		.loc 1 231 0
 111 0000 0B4B     		ldr	r3, .L9
ARM GAS  C:\Users\RD\AppData\Local\Temp\ccib6Hco.s 			page 7


 112 0002 1B68     		ldr	r3, [r3]
 113              	.LVL2:
 232:Generated_Source\PSoC4/cyfitter_cfg.c **** 	if (enabled != 0u)
 114              		.loc 1 232 0
 115 0004 0028     		cmp	r0, #0
 116 0006 03D0     		beq	.L5
 233:Generated_Source\PSoC4/cyfitter_cfg.c **** 	{
 234:Generated_Source\PSoC4/cyfitter_cfg.c **** 		regValue |= 0x80000000u;
 117              		.loc 1 234 0
 118 0008 8022     		mov	r2, #128
 119 000a 1206     		lsl	r2, r2, #24
 120 000c 1343     		orr	r3, r2
 121              	.LVL3:
 122 000e 01E0     		b	.L6
 123              	.L5:
 235:Generated_Source\PSoC4/cyfitter_cfg.c **** 	}
 236:Generated_Source\PSoC4/cyfitter_cfg.c **** 	else
 237:Generated_Source\PSoC4/cyfitter_cfg.c **** 	{
 238:Generated_Source\PSoC4/cyfitter_cfg.c **** 		regValue &= ~0x80000000u;
 124              		.loc 1 238 0
 125 0010 5B00     		lsl	r3, r3, #1
 126              	.LVL4:
 127 0012 5B08     		lsr	r3, r3, #1
 128              	.LVL5:
 129              	.L6:
 239:Generated_Source\PSoC4/cyfitter_cfg.c **** 	}
 240:Generated_Source\PSoC4/cyfitter_cfg.c **** 	CY_SET_XTND_REG32((void *)(CYREG_HSIOM_PUMP_CTL), regValue);
 130              		.loc 1 240 0
 131 0014 064A     		ldr	r2, .L9
 132 0016 1360     		str	r3, [r2]
 241:Generated_Source\PSoC4/cyfitter_cfg.c **** 	regValue = CY_GET_XTND_REG32((void *)(CYREG_CLK_SELECT));
 133              		.loc 1 241 0
 134 0018 064B     		ldr	r3, .L9+4
 135              	.LVL6:
 136 001a 1B68     		ldr	r3, [r3]
 137              	.LVL7:
 242:Generated_Source\PSoC4/cyfitter_cfg.c **** 	if (enabled != 0u)
 138              		.loc 1 242 0
 139 001c 0028     		cmp	r0, #0
 140 001e 02D0     		beq	.L7
 243:Generated_Source\PSoC4/cyfitter_cfg.c **** 	{
 244:Generated_Source\PSoC4/cyfitter_cfg.c **** 		regValue |= 0x00000020u;
 141              		.loc 1 244 0
 142 0020 2022     		mov	r2, #32
 143 0022 1343     		orr	r3, r2
 144              	.LVL8:
 145 0024 01E0     		b	.L8
 146              	.L7:
 245:Generated_Source\PSoC4/cyfitter_cfg.c **** 	}
 246:Generated_Source\PSoC4/cyfitter_cfg.c **** 	else
 247:Generated_Source\PSoC4/cyfitter_cfg.c **** 	{
 248:Generated_Source\PSoC4/cyfitter_cfg.c **** 		regValue &= ~0x00000020u;
 147              		.loc 1 248 0
 148 0026 2022     		mov	r2, #32
 149 0028 9343     		bic	r3, r2
 150              	.LVL9:
 151              	.L8:
ARM GAS  C:\Users\RD\AppData\Local\Temp\ccib6Hco.s 			page 8


 249:Generated_Source\PSoC4/cyfitter_cfg.c **** 	}
 250:Generated_Source\PSoC4/cyfitter_cfg.c **** 	CY_SET_XTND_REG32((void *)(CYREG_CLK_SELECT), regValue);
 152              		.loc 1 250 0
 153 002a 024A     		ldr	r2, .L9+4
 154 002c 1360     		str	r3, [r2]
 251:Generated_Source\PSoC4/cyfitter_cfg.c **** }
 155              		.loc 1 251 0
 156              		@ sp needed
 157 002e 7047     		bx	lr
 158              	.L10:
 159              		.align	2
 160              	.L9:
 161 0030 00200240 		.word	1073881088
 162 0034 28000340 		.word	1073938472
 163              		.cfi_endproc
 164              	.LFE6:
 165              		.size	SetAnalogRoutingPumps, .-SetAnalogRoutingPumps
 166              		.section	.text.AnalogSetDefault,"ax",%progbits
 167              		.align	2
 168              		.code	16
 169              		.thumb_func
 170              		.type	AnalogSetDefault, %function
 171              	AnalogSetDefault:
 172              	.LFB5:
 207:Generated_Source\PSoC4/cyfitter_cfg.c **** 	CY_SET_XTND_REG32((void CYFAR *)CYREG_CSD_SW_DSI_SEL, 0x00000011u);
 173              		.loc 1 207 0
 174              		.cfi_startproc
 175 0000 08B5     		push	{r3, lr}
 176              		.cfi_def_cfa_offset 8
 177              		.cfi_offset 3, -8
 178              		.cfi_offset 14, -4
 208:Generated_Source\PSoC4/cyfitter_cfg.c **** 	SetAnalogRoutingPumps(1);
 179              		.loc 1 208 0
 180 0002 1122     		mov	r2, #17
 181 0004 024B     		ldr	r3, .L12
 182 0006 1A60     		str	r2, [r3]
 209:Generated_Source\PSoC4/cyfitter_cfg.c **** }
 183              		.loc 1 209 0
 184 0008 0120     		mov	r0, #1
 185 000a FFF7FEFF 		bl	SetAnalogRoutingPumps
 186              	.LVL10:
 210:Generated_Source\PSoC4/cyfitter_cfg.c **** 
 187              		.loc 1 210 0
 188              		@ sp needed
 189 000e 08BD     		pop	{r3, pc}
 190              	.L13:
 191              		.align	2
 192              	.L12:
 193 0010 C0020B40 		.word	1074463424
 194              		.cfi_endproc
 195              	.LFE5:
 196              		.size	AnalogSetDefault, .-AnalogSetDefault
 197              		.section	.psocinit
 198              		.align	2
 199              		.global	cyfitter_cfg
 200              		.code	16
 201              		.thumb_func
ARM GAS  C:\Users\RD\AppData\Local\Temp\ccib6Hco.s 			page 9


 202              		.type	cyfitter_cfg, %function
 203              	cyfitter_cfg:
 204              	.LFB7:
 252:Generated_Source\PSoC4/cyfitter_cfg.c **** 
 253:Generated_Source\PSoC4/cyfitter_cfg.c **** #define CY_AMUX_UNUSED CYREG_CM0P_ROM_DWT
 254:Generated_Source\PSoC4/cyfitter_cfg.c **** 
 255:Generated_Source\PSoC4/cyfitter_cfg.c **** 
 256:Generated_Source\PSoC4/cyfitter_cfg.c **** /*******************************************************************************
 257:Generated_Source\PSoC4/cyfitter_cfg.c **** * Function Name: cyfitter_cfg
 258:Generated_Source\PSoC4/cyfitter_cfg.c **** ********************************************************************************
 259:Generated_Source\PSoC4/cyfitter_cfg.c **** * Summary:
 260:Generated_Source\PSoC4/cyfitter_cfg.c **** *  This function is called by the start-up code for the selected device. It
 261:Generated_Source\PSoC4/cyfitter_cfg.c **** *  performs all of the necessary device configuration based on the design
 262:Generated_Source\PSoC4/cyfitter_cfg.c **** *  settings.  This includes settings from the Design Wide Resources (DWR) such
 263:Generated_Source\PSoC4/cyfitter_cfg.c **** *  as Clocks and Pins as well as any component configuration that is necessary.
 264:Generated_Source\PSoC4/cyfitter_cfg.c **** *
 265:Generated_Source\PSoC4/cyfitter_cfg.c **** * Parameters:  
 266:Generated_Source\PSoC4/cyfitter_cfg.c **** *   void
 267:Generated_Source\PSoC4/cyfitter_cfg.c **** *
 268:Generated_Source\PSoC4/cyfitter_cfg.c **** * Return:
 269:Generated_Source\PSoC4/cyfitter_cfg.c **** *   void
 270:Generated_Source\PSoC4/cyfitter_cfg.c **** *
 271:Generated_Source\PSoC4/cyfitter_cfg.c **** *******************************************************************************/
 272:Generated_Source\PSoC4/cyfitter_cfg.c **** CY_CFG_SECTION
 273:Generated_Source\PSoC4/cyfitter_cfg.c **** void cyfitter_cfg(void)
 274:Generated_Source\PSoC4/cyfitter_cfg.c **** {
 205              		.loc 1 274 0
 206              		.cfi_startproc
 207 007c 08B5     		push	{r3, lr}
 208              		.cfi_def_cfa_offset 8
 209              		.cfi_offset 3, -8
 210              		.cfi_offset 14, -4
 275:Generated_Source\PSoC4/cyfitter_cfg.c **** 	/* Disable interrupts by default. Let user enable if/when they want. */
 276:Generated_Source\PSoC4/cyfitter_cfg.c **** 	CyGlobalIntDisable;
 211              		.loc 1 276 0
 212              	@ 276 "Generated_Source\PSoC4\cyfitter_cfg.c" 1
 213 007e 72B6     		CPSID   i
 214              	@ 0 "" 2
 277:Generated_Source\PSoC4/cyfitter_cfg.c **** 
 278:Generated_Source\PSoC4/cyfitter_cfg.c **** 	{
 279:Generated_Source\PSoC4/cyfitter_cfg.c **** 		/* HSIOM Starting address: CYDEV_HSIOM_BASE */
 280:Generated_Source\PSoC4/cyfitter_cfg.c **** 		CY_SET_XTND_REG32((void CYFAR *)(CYDEV_HSIOM_BASE), 0x0F000000u);
 215              		.loc 1 280 0
 216              		.code	16
 217 0080 F022     		mov	r2, #240
 218 0082 1205     		lsl	r2, r2, #20
 219 0084 194B     		ldr	r3, .L15
 220 0086 1A60     		str	r2, [r3]
 281:Generated_Source\PSoC4/cyfitter_cfg.c **** 		CY_SET_XTND_REG32((void CYFAR *)(CYREG_HSIOM_PORT_SEL3), 0x0000EE0Fu);
 221              		.loc 1 281 0
 222 0088 194A     		ldr	r2, .L15+4
 223 008a 1A4B     		ldr	r3, .L15+8
 224 008c 1A60     		str	r2, [r3]
 282:Generated_Source\PSoC4/cyfitter_cfg.c **** 		CY_SET_XTND_REG32((void CYFAR *)(CYREG_HSIOM_PORT_SEL4), 0x000000EEu);
 225              		.loc 1 282 0
 226 008e EE22     		mov	r2, #238
 227 0090 194B     		ldr	r3, .L15+12
ARM GAS  C:\Users\RD\AppData\Local\Temp\ccib6Hco.s 			page 10


 228 0092 1A60     		str	r2, [r3]
 283:Generated_Source\PSoC4/cyfitter_cfg.c **** 
 284:Generated_Source\PSoC4/cyfitter_cfg.c **** 	}
 285:Generated_Source\PSoC4/cyfitter_cfg.c **** 
 286:Generated_Source\PSoC4/cyfitter_cfg.c **** 	/* Perform second pass device configuration. These items must be configured in specific order afte
 287:Generated_Source\PSoC4/cyfitter_cfg.c **** 	/* IOPINS0_0 Starting address: CYDEV_GPIO_PRT0_BASE */
 288:Generated_Source\PSoC4/cyfitter_cfg.c **** 	CY_SET_XTND_REG32((void CYFAR *)(CYDEV_GPIO_PRT0_BASE), 0x00000073u);
 229              		.loc 1 288 0
 230 0094 7323     		mov	r3, #115
 231 0096 194A     		ldr	r2, .L15+16
 232 0098 1360     		str	r3, [r2]
 289:Generated_Source\PSoC4/cyfitter_cfg.c **** 	CY_SET_XTND_REG32((void CYFAR *)(CYREG_GPIO_PRT0_PC), 0x00180000u);
 233              		.loc 1 289 0
 234 009a C021     		mov	r1, #192
 235 009c 4903     		lsl	r1, r1, #13
 236 009e 184A     		ldr	r2, .L15+20
 237 00a0 1160     		str	r1, [r2]
 290:Generated_Source\PSoC4/cyfitter_cfg.c **** 	CY_SET_XTND_REG32((void CYFAR *)(CYREG_GPIO_PRT0_PC2), 0x00000073u);
 238              		.loc 1 290 0
 239 00a2 184A     		ldr	r2, .L15+24
 240 00a4 1360     		str	r3, [r2]
 291:Generated_Source\PSoC4/cyfitter_cfg.c **** 
 292:Generated_Source\PSoC4/cyfitter_cfg.c **** 	/* IOPINS0_1 Starting address: CYDEV_GPIO_PRT1_BASE */
 293:Generated_Source\PSoC4/cyfitter_cfg.c **** 	CY_SET_XTND_REG32((void CYFAR *)(CYDEV_GPIO_PRT1_BASE), 0x0000008Cu);
 241              		.loc 1 293 0
 242 00a6 1933     		add	r3, r3, #25
 243 00a8 174A     		ldr	r2, .L15+28
 244 00aa 1360     		str	r3, [r2]
 294:Generated_Source\PSoC4/cyfitter_cfg.c **** 	CY_SET_XTND_REG32((void CYFAR *)(CYREG_GPIO_PRT1_PC2), 0x0000008Cu);
 245              		.loc 1 294 0
 246 00ac 174A     		ldr	r2, .L15+32
 247 00ae 1360     		str	r3, [r2]
 295:Generated_Source\PSoC4/cyfitter_cfg.c **** 
 296:Generated_Source\PSoC4/cyfitter_cfg.c **** 	/* IOPINS0_2 Starting address: CYDEV_GPIO_PRT2_BASE */
 297:Generated_Source\PSoC4/cyfitter_cfg.c **** 	CY_SET_XTND_REG32((void CYFAR *)(CYDEV_GPIO_PRT2_BASE), 0x00000003u);
 248              		.loc 1 297 0
 249 00b0 893B     		sub	r3, r3, #137
 250 00b2 174A     		ldr	r2, .L15+36
 251 00b4 1360     		str	r3, [r2]
 298:Generated_Source\PSoC4/cyfitter_cfg.c **** 	CY_SET_XTND_REG32((void CYFAR *)(CYREG_GPIO_PRT2_PC), 0x00D80000u);
 252              		.loc 1 298 0
 253 00b6 D821     		mov	r1, #216
 254 00b8 0904     		lsl	r1, r1, #16
 255 00ba 164A     		ldr	r2, .L15+40
 256 00bc 1160     		str	r1, [r2]
 299:Generated_Source\PSoC4/cyfitter_cfg.c **** 	CY_SET_XTND_REG32((void CYFAR *)(CYREG_GPIO_PRT2_PC2), 0x00000003u);
 257              		.loc 1 299 0
 258 00be 164A     		ldr	r2, .L15+44
 259 00c0 1360     		str	r3, [r2]
 300:Generated_Source\PSoC4/cyfitter_cfg.c **** 
 301:Generated_Source\PSoC4/cyfitter_cfg.c **** 	/* IOPINS0_3 Starting address: CYDEV_GPIO_PRT3_BASE */
 302:Generated_Source\PSoC4/cyfitter_cfg.c **** 	CY_SET_XTND_REG32((void CYFAR *)(CYDEV_GPIO_PRT3_BASE), 0x00000001u);
 260              		.loc 1 302 0
 261 00c2 0122     		mov	r2, #1
 262 00c4 1549     		ldr	r1, .L15+48
 263 00c6 0A60     		str	r2, [r1]
 303:Generated_Source\PSoC4/cyfitter_cfg.c **** 	CY_SET_XTND_REG32((void CYFAR *)(CYREG_GPIO_PRT3_PC), 0x00000D86u);
ARM GAS  C:\Users\RD\AppData\Local\Temp\ccib6Hco.s 			page 11


 264              		.loc 1 303 0
 265 00c8 1548     		ldr	r0, .L15+52
 266 00ca 1649     		ldr	r1, .L15+56
 267 00cc 0860     		str	r0, [r1]
 304:Generated_Source\PSoC4/cyfitter_cfg.c **** 	CY_SET_XTND_REG32((void CYFAR *)(CYREG_GPIO_PRT3_PC2), 0x00000001u);
 268              		.loc 1 304 0
 269 00ce 1649     		ldr	r1, .L15+60
 270 00d0 0A60     		str	r2, [r1]
 305:Generated_Source\PSoC4/cyfitter_cfg.c **** 
 306:Generated_Source\PSoC4/cyfitter_cfg.c **** 	/* IOPINS0_4 Starting address: CYDEV_GPIO_PRT4_BASE */
 307:Generated_Source\PSoC4/cyfitter_cfg.c **** 	CY_SET_XTND_REG32((void CYFAR *)(CYDEV_GPIO_PRT4_BASE), 0x00000003u);
 271              		.loc 1 307 0
 272 00d2 164A     		ldr	r2, .L15+64
 273 00d4 1360     		str	r3, [r2]
 308:Generated_Source\PSoC4/cyfitter_cfg.c **** 	CY_SET_XTND_REG32((void CYFAR *)(CYREG_GPIO_PRT4_PC), 0x00000024u);
 274              		.loc 1 308 0
 275 00d6 2422     		mov	r2, #36
 276 00d8 154B     		ldr	r3, .L15+68
 277 00da 1A60     		str	r2, [r3]
 309:Generated_Source\PSoC4/cyfitter_cfg.c **** 	CY_SET_XTND_REG32((void CYFAR *)(CYREG_GPIO_PRT4_PC2), 0x0000000Cu);
 278              		.loc 1 309 0
 279 00dc 183A     		sub	r2, r2, #24
 280 00de 154B     		ldr	r3, .L15+72
 281 00e0 1A60     		str	r2, [r3]
 310:Generated_Source\PSoC4/cyfitter_cfg.c **** 
 311:Generated_Source\PSoC4/cyfitter_cfg.c **** 
 312:Generated_Source\PSoC4/cyfitter_cfg.c **** 	/* Setup clocks based on selections from Clock DWR */
 313:Generated_Source\PSoC4/cyfitter_cfg.c **** 	ClockSetup();
 282              		.loc 1 313 0
 283 00e2 FFF78DFF 		bl	ClockSetup
 284              	.LVL11:
 314:Generated_Source\PSoC4/cyfitter_cfg.c **** 
 315:Generated_Source\PSoC4/cyfitter_cfg.c **** 	/* Perform basic analog initialization to defaults */
 316:Generated_Source\PSoC4/cyfitter_cfg.c **** 	AnalogSetDefault();
 285              		.loc 1 316 0
 286 00e6 FFF7FEFF 		bl	AnalogSetDefault
 287              	.LVL12:
 317:Generated_Source\PSoC4/cyfitter_cfg.c **** 
 318:Generated_Source\PSoC4/cyfitter_cfg.c **** }
 288              		.loc 1 318 0
 289              		@ sp needed
 290 00ea 08BD     		pop	{r3, pc}
 291              	.L16:
 292              		.align	2
 293              	.L15:
 294 00ec 00000240 		.word	1073872896
 295 00f0 0FEE0000 		.word	60943
 296 00f4 00030240 		.word	1073873664
 297 00f8 00040240 		.word	1073873920
 298 00fc 00000440 		.word	1074003968
 299 0100 08000440 		.word	1074003976
 300 0104 18000440 		.word	1074003992
 301 0108 00010440 		.word	1074004224
 302 010c 18010440 		.word	1074004248
 303 0110 00020440 		.word	1074004480
 304 0114 08020440 		.word	1074004488
 305 0118 18020440 		.word	1074004504
ARM GAS  C:\Users\RD\AppData\Local\Temp\ccib6Hco.s 			page 12


 306 011c 00030440 		.word	1074004736
 307 0120 860D0000 		.word	3462
 308 0124 08030440 		.word	1074004744
 309 0128 18030440 		.word	1074004760
 310 012c 00040440 		.word	1074004992
 311 0130 08040440 		.word	1074005000
 312 0134 18040440 		.word	1074005016
 313              		.cfi_endproc
 314              	.LFE7:
 315              		.size	cyfitter_cfg, .-cyfitter_cfg
 316              		.text
 317              	.Letext0:
 318              		.file 2 "Generated_Source\\PSoC4\\cytypes.h"
 319              		.file 3 "Generated_Source\\PSoC4\\CyLib.h"
 320              		.section	.debug_info,"",%progbits
 321              	.Ldebug_info0:
 322 0000 60010000 		.4byte	0x160
 323 0004 0400     		.2byte	0x4
 324 0006 00000000 		.4byte	.Ldebug_abbrev0
 325 000a 04       		.byte	0x4
 326 000b 01       		.uleb128 0x1
 327 000c 75010000 		.4byte	.LASF20
 328 0010 01       		.byte	0x1
 329 0011 15000000 		.4byte	.LASF21
 330 0015 48000000 		.4byte	.LASF22
 331 0019 00000000 		.4byte	.Ldebug_ranges0+0
 332 001d 00000000 		.4byte	0
 333 0021 00000000 		.4byte	.Ldebug_line0
 334 0025 02       		.uleb128 0x2
 335 0026 04       		.byte	0x4
 336 0027 05       		.byte	0x5
 337 0028 696E7400 		.ascii	"int\000"
 338 002c 03       		.uleb128 0x3
 339 002d 04       		.byte	0x4
 340 002e 07       		.byte	0x7
 341 002f 3B000000 		.4byte	.LASF0
 342 0033 03       		.uleb128 0x3
 343 0034 01       		.byte	0x1
 344 0035 06       		.byte	0x6
 345 0036 69010000 		.4byte	.LASF1
 346 003a 03       		.uleb128 0x3
 347 003b 01       		.byte	0x1
 348 003c 08       		.byte	0x8
 349 003d 11010000 		.4byte	.LASF2
 350 0041 03       		.uleb128 0x3
 351 0042 02       		.byte	0x2
 352 0043 05       		.byte	0x5
 353 0044 18020000 		.4byte	.LASF3
 354 0048 03       		.uleb128 0x3
 355 0049 02       		.byte	0x2
 356 004a 07       		.byte	0x7
 357 004b 56010000 		.4byte	.LASF4
 358 004f 03       		.uleb128 0x3
 359 0050 04       		.byte	0x4
 360 0051 05       		.byte	0x5
 361 0052 24010000 		.4byte	.LASF5
 362 0056 03       		.uleb128 0x3
ARM GAS  C:\Users\RD\AppData\Local\Temp\ccib6Hco.s 			page 13


 363 0057 04       		.byte	0x4
 364 0058 07       		.byte	0x7
 365 0059 AA000000 		.4byte	.LASF6
 366 005d 03       		.uleb128 0x3
 367 005e 08       		.byte	0x8
 368 005f 05       		.byte	0x5
 369 0060 00000000 		.4byte	.LASF7
 370 0064 03       		.uleb128 0x3
 371 0065 08       		.byte	0x8
 372 0066 07       		.byte	0x7
 373 0067 C9000000 		.4byte	.LASF8
 374 006b 03       		.uleb128 0x3
 375 006c 04       		.byte	0x4
 376 006d 07       		.byte	0x7
 377 006e 22020000 		.4byte	.LASF9
 378 0072 03       		.uleb128 0x3
 379 0073 01       		.byte	0x1
 380 0074 08       		.byte	0x8
 381 0075 1F010000 		.4byte	.LASF10
 382 0079 04       		.uleb128 0x4
 383 007a A4000000 		.4byte	.LASF11
 384 007e 02       		.byte	0x2
 385 007f B901     		.2byte	0x1b9
 386 0081 3A000000 		.4byte	0x3a
 387 0085 04       		.uleb128 0x4
 388 0086 0E000000 		.4byte	.LASF12
 389 008a 02       		.byte	0x2
 390 008b BB01     		.2byte	0x1bb
 391 008d 56000000 		.4byte	0x56
 392 0091 03       		.uleb128 0x3
 393 0092 04       		.byte	0x4
 394 0093 04       		.byte	0x4
 395 0094 E0000000 		.4byte	.LASF13
 396 0098 03       		.uleb128 0x3
 397 0099 08       		.byte	0x8
 398 009a 04       		.byte	0x4
 399 009b 49010000 		.4byte	.LASF14
 400 009f 04       		.uleb128 0x4
 401 00a0 50010000 		.4byte	.LASF15
 402 00a4 02       		.byte	0x2
 403 00a5 6502     		.2byte	0x265
 404 00a7 AB000000 		.4byte	0xab
 405 00ab 05       		.uleb128 0x5
 406 00ac 85000000 		.4byte	0x85
 407 00b0 06       		.uleb128 0x6
 408 00b1 3E010000 		.4byte	.LASF16
 409 00b5 01       		.byte	0x1
 410 00b6 9C       		.byte	0x9c
 411 00b7 00000000 		.4byte	.LFB4
 412 00bb 7C000000 		.4byte	.LFE4-.LFB4
 413 00bf 01       		.uleb128 0x1
 414 00c0 9C       		.byte	0x9c
 415 00c1 D6000000 		.4byte	0xd6
 416 00c5 07       		.uleb128 0x7
 417 00c6 0E000000 		.4byte	.LVL0
 418 00ca 56010000 		.4byte	0x156
 419 00ce 08       		.uleb128 0x8
ARM GAS  C:\Users\RD\AppData\Local\Temp\ccib6Hco.s 			page 14


 420 00cf 01       		.uleb128 0x1
 421 00d0 50       		.byte	0x50
 422 00d1 02       		.uleb128 0x2
 423 00d2 08       		.byte	0x8
 424 00d3 30       		.byte	0x30
 425 00d4 00       		.byte	0
 426 00d5 00       		.byte	0
 427 00d6 09       		.uleb128 0x9
 428 00d7 E6000000 		.4byte	.LASF18
 429 00db 01       		.byte	0x1
 430 00dc E5       		.byte	0xe5
 431 00dd 00000000 		.4byte	.LFB6
 432 00e1 38000000 		.4byte	.LFE6-.LFB6
 433 00e5 01       		.uleb128 0x1
 434 00e6 9C       		.byte	0x9c
 435 00e7 08010000 		.4byte	0x108
 436 00eb 0A       		.uleb128 0xa
 437 00ec 07020000 		.4byte	.LASF23
 438 00f0 01       		.byte	0x1
 439 00f1 E5       		.byte	0xe5
 440 00f2 79000000 		.4byte	0x79
 441 00f6 01       		.uleb128 0x1
 442 00f7 50       		.byte	0x50
 443 00f8 0B       		.uleb128 0xb
 444 00f9 0F020000 		.4byte	.LASF24
 445 00fd 01       		.byte	0x1
 446 00fe E7       		.byte	0xe7
 447 00ff 85000000 		.4byte	0x85
 448 0103 00000000 		.4byte	.LLST0
 449 0107 00       		.byte	0
 450 0108 06       		.uleb128 0x6
 451 0109 2D010000 		.4byte	.LASF17
 452 010d 01       		.byte	0x1
 453 010e CE       		.byte	0xce
 454 010f 00000000 		.4byte	.LFB5
 455 0113 14000000 		.4byte	.LFE5-.LFB5
 456 0117 01       		.uleb128 0x1
 457 0118 9C       		.byte	0x9c
 458 0119 2D010000 		.4byte	0x12d
 459 011d 07       		.uleb128 0x7
 460 011e 0E000000 		.4byte	.LVL10
 461 0122 D6000000 		.4byte	0xd6
 462 0126 08       		.uleb128 0x8
 463 0127 01       		.uleb128 0x1
 464 0128 50       		.byte	0x50
 465 0129 01       		.uleb128 0x1
 466 012a 31       		.byte	0x31
 467 012b 00       		.byte	0
 468 012c 00       		.byte	0
 469 012d 0C       		.uleb128 0xc
 470 012e BC000000 		.4byte	.LASF19
 471 0132 01       		.byte	0x1
 472 0133 1101     		.2byte	0x111
 473 0135 7C000000 		.4byte	.LFB7
 474 0139 BC000000 		.4byte	.LFE7-.LFB7
 475 013d 01       		.uleb128 0x1
 476 013e 9C       		.byte	0x9c
ARM GAS  C:\Users\RD\AppData\Local\Temp\ccib6Hco.s 			page 15


 477 013f 56010000 		.4byte	0x156
 478 0143 0D       		.uleb128 0xd
 479 0144 E6000000 		.4byte	.LVL11
 480 0148 B0000000 		.4byte	0xb0
 481 014c 0D       		.uleb128 0xd
 482 014d EA000000 		.4byte	.LVL12
 483 0151 08010000 		.4byte	0x108
 484 0155 00       		.byte	0
 485 0156 0E       		.uleb128 0xe
 486 0157 FC000000 		.4byte	.LASF25
 487 015b 03       		.byte	0x3
 488 015c 6C       		.byte	0x6c
 489 015d 0F       		.uleb128 0xf
 490 015e 85000000 		.4byte	0x85
 491 0162 00       		.byte	0
 492 0163 00       		.byte	0
 493              		.section	.debug_abbrev,"",%progbits
 494              	.Ldebug_abbrev0:
 495 0000 01       		.uleb128 0x1
 496 0001 11       		.uleb128 0x11
 497 0002 01       		.byte	0x1
 498 0003 25       		.uleb128 0x25
 499 0004 0E       		.uleb128 0xe
 500 0005 13       		.uleb128 0x13
 501 0006 0B       		.uleb128 0xb
 502 0007 03       		.uleb128 0x3
 503 0008 0E       		.uleb128 0xe
 504 0009 1B       		.uleb128 0x1b
 505 000a 0E       		.uleb128 0xe
 506 000b 55       		.uleb128 0x55
 507 000c 17       		.uleb128 0x17
 508 000d 11       		.uleb128 0x11
 509 000e 01       		.uleb128 0x1
 510 000f 10       		.uleb128 0x10
 511 0010 17       		.uleb128 0x17
 512 0011 00       		.byte	0
 513 0012 00       		.byte	0
 514 0013 02       		.uleb128 0x2
 515 0014 24       		.uleb128 0x24
 516 0015 00       		.byte	0
 517 0016 0B       		.uleb128 0xb
 518 0017 0B       		.uleb128 0xb
 519 0018 3E       		.uleb128 0x3e
 520 0019 0B       		.uleb128 0xb
 521 001a 03       		.uleb128 0x3
 522 001b 08       		.uleb128 0x8
 523 001c 00       		.byte	0
 524 001d 00       		.byte	0
 525 001e 03       		.uleb128 0x3
 526 001f 24       		.uleb128 0x24
 527 0020 00       		.byte	0
 528 0021 0B       		.uleb128 0xb
 529 0022 0B       		.uleb128 0xb
 530 0023 3E       		.uleb128 0x3e
 531 0024 0B       		.uleb128 0xb
 532 0025 03       		.uleb128 0x3
 533 0026 0E       		.uleb128 0xe
ARM GAS  C:\Users\RD\AppData\Local\Temp\ccib6Hco.s 			page 16


 534 0027 00       		.byte	0
 535 0028 00       		.byte	0
 536 0029 04       		.uleb128 0x4
 537 002a 16       		.uleb128 0x16
 538 002b 00       		.byte	0
 539 002c 03       		.uleb128 0x3
 540 002d 0E       		.uleb128 0xe
 541 002e 3A       		.uleb128 0x3a
 542 002f 0B       		.uleb128 0xb
 543 0030 3B       		.uleb128 0x3b
 544 0031 05       		.uleb128 0x5
 545 0032 49       		.uleb128 0x49
 546 0033 13       		.uleb128 0x13
 547 0034 00       		.byte	0
 548 0035 00       		.byte	0
 549 0036 05       		.uleb128 0x5
 550 0037 35       		.uleb128 0x35
 551 0038 00       		.byte	0
 552 0039 49       		.uleb128 0x49
 553 003a 13       		.uleb128 0x13
 554 003b 00       		.byte	0
 555 003c 00       		.byte	0
 556 003d 06       		.uleb128 0x6
 557 003e 2E       		.uleb128 0x2e
 558 003f 01       		.byte	0x1
 559 0040 03       		.uleb128 0x3
 560 0041 0E       		.uleb128 0xe
 561 0042 3A       		.uleb128 0x3a
 562 0043 0B       		.uleb128 0xb
 563 0044 3B       		.uleb128 0x3b
 564 0045 0B       		.uleb128 0xb
 565 0046 27       		.uleb128 0x27
 566 0047 19       		.uleb128 0x19
 567 0048 11       		.uleb128 0x11
 568 0049 01       		.uleb128 0x1
 569 004a 12       		.uleb128 0x12
 570 004b 06       		.uleb128 0x6
 571 004c 40       		.uleb128 0x40
 572 004d 18       		.uleb128 0x18
 573 004e 9742     		.uleb128 0x2117
 574 0050 19       		.uleb128 0x19
 575 0051 01       		.uleb128 0x1
 576 0052 13       		.uleb128 0x13
 577 0053 00       		.byte	0
 578 0054 00       		.byte	0
 579 0055 07       		.uleb128 0x7
 580 0056 898201   		.uleb128 0x4109
 581 0059 01       		.byte	0x1
 582 005a 11       		.uleb128 0x11
 583 005b 01       		.uleb128 0x1
 584 005c 31       		.uleb128 0x31
 585 005d 13       		.uleb128 0x13
 586 005e 00       		.byte	0
 587 005f 00       		.byte	0
 588 0060 08       		.uleb128 0x8
 589 0061 8A8201   		.uleb128 0x410a
 590 0064 00       		.byte	0
ARM GAS  C:\Users\RD\AppData\Local\Temp\ccib6Hco.s 			page 17


 591 0065 02       		.uleb128 0x2
 592 0066 18       		.uleb128 0x18
 593 0067 9142     		.uleb128 0x2111
 594 0069 18       		.uleb128 0x18
 595 006a 00       		.byte	0
 596 006b 00       		.byte	0
 597 006c 09       		.uleb128 0x9
 598 006d 2E       		.uleb128 0x2e
 599 006e 01       		.byte	0x1
 600 006f 3F       		.uleb128 0x3f
 601 0070 19       		.uleb128 0x19
 602 0071 03       		.uleb128 0x3
 603 0072 0E       		.uleb128 0xe
 604 0073 3A       		.uleb128 0x3a
 605 0074 0B       		.uleb128 0xb
 606 0075 3B       		.uleb128 0x3b
 607 0076 0B       		.uleb128 0xb
 608 0077 27       		.uleb128 0x27
 609 0078 19       		.uleb128 0x19
 610 0079 11       		.uleb128 0x11
 611 007a 01       		.uleb128 0x1
 612 007b 12       		.uleb128 0x12
 613 007c 06       		.uleb128 0x6
 614 007d 40       		.uleb128 0x40
 615 007e 18       		.uleb128 0x18
 616 007f 9742     		.uleb128 0x2117
 617 0081 19       		.uleb128 0x19
 618 0082 01       		.uleb128 0x1
 619 0083 13       		.uleb128 0x13
 620 0084 00       		.byte	0
 621 0085 00       		.byte	0
 622 0086 0A       		.uleb128 0xa
 623 0087 05       		.uleb128 0x5
 624 0088 00       		.byte	0
 625 0089 03       		.uleb128 0x3
 626 008a 0E       		.uleb128 0xe
 627 008b 3A       		.uleb128 0x3a
 628 008c 0B       		.uleb128 0xb
 629 008d 3B       		.uleb128 0x3b
 630 008e 0B       		.uleb128 0xb
 631 008f 49       		.uleb128 0x49
 632 0090 13       		.uleb128 0x13
 633 0091 02       		.uleb128 0x2
 634 0092 18       		.uleb128 0x18
 635 0093 00       		.byte	0
 636 0094 00       		.byte	0
 637 0095 0B       		.uleb128 0xb
 638 0096 34       		.uleb128 0x34
 639 0097 00       		.byte	0
 640 0098 03       		.uleb128 0x3
 641 0099 0E       		.uleb128 0xe
 642 009a 3A       		.uleb128 0x3a
 643 009b 0B       		.uleb128 0xb
 644 009c 3B       		.uleb128 0x3b
 645 009d 0B       		.uleb128 0xb
 646 009e 49       		.uleb128 0x49
 647 009f 13       		.uleb128 0x13
ARM GAS  C:\Users\RD\AppData\Local\Temp\ccib6Hco.s 			page 18


 648 00a0 02       		.uleb128 0x2
 649 00a1 17       		.uleb128 0x17
 650 00a2 00       		.byte	0
 651 00a3 00       		.byte	0
 652 00a4 0C       		.uleb128 0xc
 653 00a5 2E       		.uleb128 0x2e
 654 00a6 01       		.byte	0x1
 655 00a7 3F       		.uleb128 0x3f
 656 00a8 19       		.uleb128 0x19
 657 00a9 03       		.uleb128 0x3
 658 00aa 0E       		.uleb128 0xe
 659 00ab 3A       		.uleb128 0x3a
 660 00ac 0B       		.uleb128 0xb
 661 00ad 3B       		.uleb128 0x3b
 662 00ae 05       		.uleb128 0x5
 663 00af 27       		.uleb128 0x27
 664 00b0 19       		.uleb128 0x19
 665 00b1 11       		.uleb128 0x11
 666 00b2 01       		.uleb128 0x1
 667 00b3 12       		.uleb128 0x12
 668 00b4 06       		.uleb128 0x6
 669 00b5 40       		.uleb128 0x40
 670 00b6 18       		.uleb128 0x18
 671 00b7 9742     		.uleb128 0x2117
 672 00b9 19       		.uleb128 0x19
 673 00ba 01       		.uleb128 0x1
 674 00bb 13       		.uleb128 0x13
 675 00bc 00       		.byte	0
 676 00bd 00       		.byte	0
 677 00be 0D       		.uleb128 0xd
 678 00bf 898201   		.uleb128 0x4109
 679 00c2 00       		.byte	0
 680 00c3 11       		.uleb128 0x11
 681 00c4 01       		.uleb128 0x1
 682 00c5 31       		.uleb128 0x31
 683 00c6 13       		.uleb128 0x13
 684 00c7 00       		.byte	0
 685 00c8 00       		.byte	0
 686 00c9 0E       		.uleb128 0xe
 687 00ca 2E       		.uleb128 0x2e
 688 00cb 01       		.byte	0x1
 689 00cc 3F       		.uleb128 0x3f
 690 00cd 19       		.uleb128 0x19
 691 00ce 03       		.uleb128 0x3
 692 00cf 0E       		.uleb128 0xe
 693 00d0 3A       		.uleb128 0x3a
 694 00d1 0B       		.uleb128 0xb
 695 00d2 3B       		.uleb128 0x3b
 696 00d3 0B       		.uleb128 0xb
 697 00d4 27       		.uleb128 0x27
 698 00d5 19       		.uleb128 0x19
 699 00d6 3C       		.uleb128 0x3c
 700 00d7 19       		.uleb128 0x19
 701 00d8 00       		.byte	0
 702 00d9 00       		.byte	0
 703 00da 0F       		.uleb128 0xf
 704 00db 05       		.uleb128 0x5
ARM GAS  C:\Users\RD\AppData\Local\Temp\ccib6Hco.s 			page 19


 705 00dc 00       		.byte	0
 706 00dd 49       		.uleb128 0x49
 707 00de 13       		.uleb128 0x13
 708 00df 00       		.byte	0
 709 00e0 00       		.byte	0
 710 00e1 00       		.byte	0
 711              		.section	.debug_loc,"",%progbits
 712              	.Ldebug_loc0:
 713              	.LLST0:
 714 0000 04000000 		.4byte	.LVL2
 715 0004 12000000 		.4byte	.LVL4
 716 0008 0100     		.2byte	0x1
 717 000a 53       		.byte	0x53
 718 000b 14000000 		.4byte	.LVL5
 719 000f 1A000000 		.4byte	.LVL6
 720 0013 0100     		.2byte	0x1
 721 0015 53       		.byte	0x53
 722 0016 1A000000 		.4byte	.LVL6
 723 001a 1C000000 		.4byte	.LVL7
 724 001e 0200     		.2byte	0x2
 725 0020 72       		.byte	0x72
 726 0021 00       		.sleb128 0
 727 0022 1C000000 		.4byte	.LVL7
 728 0026 38000000 		.4byte	.LFE6
 729 002a 0100     		.2byte	0x1
 730 002c 53       		.byte	0x53
 731 002d 00000000 		.4byte	0
 732 0031 00000000 		.4byte	0
 733              		.section	.debug_aranges,"",%progbits
 734 0000 34000000 		.4byte	0x34
 735 0004 0200     		.2byte	0x2
 736 0006 00000000 		.4byte	.Ldebug_info0
 737 000a 04       		.byte	0x4
 738 000b 00       		.byte	0
 739 000c 0000     		.2byte	0
 740 000e 0000     		.2byte	0
 741 0010 00000000 		.4byte	.LFB4
 742 0014 7C000000 		.4byte	.LFE4-.LFB4
 743 0018 00000000 		.4byte	.LFB6
 744 001c 38000000 		.4byte	.LFE6-.LFB6
 745 0020 00000000 		.4byte	.LFB5
 746 0024 14000000 		.4byte	.LFE5-.LFB5
 747 0028 7C000000 		.4byte	.LFB7
 748 002c BC000000 		.4byte	.LFE7-.LFB7
 749 0030 00000000 		.4byte	0
 750 0034 00000000 		.4byte	0
 751              		.section	.debug_ranges,"",%progbits
 752              	.Ldebug_ranges0:
 753 0000 00000000 		.4byte	.LFB4
 754 0004 7C000000 		.4byte	.LFE4
 755 0008 00000000 		.4byte	.LFB6
 756 000c 38000000 		.4byte	.LFE6
 757 0010 00000000 		.4byte	.LFB5
 758 0014 14000000 		.4byte	.LFE5
 759 0018 7C000000 		.4byte	.LFB7
 760 001c 38010000 		.4byte	.LFE7
 761 0020 00000000 		.4byte	0
ARM GAS  C:\Users\RD\AppData\Local\Temp\ccib6Hco.s 			page 20


 762 0024 00000000 		.4byte	0
 763              		.section	.debug_line,"",%progbits
 764              	.Ldebug_line0:
 765 0000 BF000000 		.section	.debug_str,"MS",%progbits,1
 765      02005400 
 765      00000201 
 765      FB0E0D00 
 765      01010101 
 766              	.LASF7:
 767 0000 6C6F6E67 		.ascii	"long long int\000"
 767      206C6F6E 
 767      6720696E 
 767      7400
 768              	.LASF12:
 769 000e 75696E74 		.ascii	"uint32\000"
 769      333200
 770              	.LASF21:
 771 0015 47656E65 		.ascii	"Generated_Source\\PSoC4\\cyfitter_cfg.c\000"
 771      72617465 
 771      645F536F 
 771      75726365 
 771      5C50536F 
 772              	.LASF0:
 773 003b 756E7369 		.ascii	"unsigned int\000"
 773      676E6564 
 773      20696E74 
 773      00
 774              	.LASF22:
 775 0048 433A5C55 		.ascii	"C:\\Users\\RD\\Documents\\Data_RD\\FAE Content\\D2\\"
 775      73657273 
 775      5C52445C 
 775      446F6375 
 775      6D656E74 
 776 0075 426F7365 		.ascii	"Bose\\Capsene Board 12 2016\\Slider\\Slider.cydsn\000"
 776      5C436170 
 776      73656E65 
 776      20426F61 
 776      72642031 
 777              	.LASF11:
 778 00a4 75696E74 		.ascii	"uint8\000"
 778      3800
 779              	.LASF6:
 780 00aa 6C6F6E67 		.ascii	"long unsigned int\000"
 780      20756E73 
 780      69676E65 
 780      6420696E 
 780      7400
 781              	.LASF19:
 782 00bc 63796669 		.ascii	"cyfitter_cfg\000"
 782      74746572 
 782      5F636667 
 782      00
 783              	.LASF8:
 784 00c9 6C6F6E67 		.ascii	"long long unsigned int\000"
 784      206C6F6E 
 784      6720756E 
 784      7369676E 
ARM GAS  C:\Users\RD\AppData\Local\Temp\ccib6Hco.s 			page 21


 784      65642069 
 785              	.LASF13:
 786 00e0 666C6F61 		.ascii	"float\000"
 786      7400
 787              	.LASF18:
 788 00e6 53657441 		.ascii	"SetAnalogRoutingPumps\000"
 788      6E616C6F 
 788      67526F75 
 788      74696E67 
 788      50756D70 
 789              	.LASF25:
 790 00fc 43795379 		.ascii	"CySysClkWriteImoFreq\000"
 790      73436C6B 
 790      57726974 
 790      65496D6F 
 790      46726571 
 791              	.LASF2:
 792 0111 756E7369 		.ascii	"unsigned char\000"
 792      676E6564 
 792      20636861 
 792      7200
 793              	.LASF10:
 794 011f 63686172 		.ascii	"char\000"
 794      00
 795              	.LASF5:
 796 0124 6C6F6E67 		.ascii	"long int\000"
 796      20696E74 
 796      00
 797              	.LASF17:
 798 012d 416E616C 		.ascii	"AnalogSetDefault\000"
 798      6F675365 
 798      74446566 
 798      61756C74 
 798      00
 799              	.LASF16:
 800 013e 436C6F63 		.ascii	"ClockSetup\000"
 800      6B536574 
 800      757000
 801              	.LASF14:
 802 0149 646F7562 		.ascii	"double\000"
 802      6C6500
 803              	.LASF15:
 804 0150 72656733 		.ascii	"reg32\000"
 804      3200
 805              	.LASF4:
 806 0156 73686F72 		.ascii	"short unsigned int\000"
 806      7420756E 
 806      7369676E 
 806      65642069 
 806      6E7400
 807              	.LASF1:
 808 0169 7369676E 		.ascii	"signed char\000"
 808      65642063 
 808      68617200 
 809              	.LASF20:
 810 0175 474E5520 		.ascii	"GNU C 4.9.3 20150303 (release) [ARM/embedded-4_9-br"
 810      4320342E 
ARM GAS  C:\Users\RD\AppData\Local\Temp\ccib6Hco.s 			page 22


 810      392E3320 
 810      32303135 
 810      30333033 
 811 01a8 616E6368 		.ascii	"anch revision 221220] -mcpu=cortex-m0plus -mthumb -"
 811      20726576 
 811      6973696F 
 811      6E203232 
 811      31323230 
 812 01db 67202D4F 		.ascii	"g -Og -ffunction-sections -ffat-lto-objects\000"
 812      67202D66 
 812      66756E63 
 812      74696F6E 
 812      2D736563 
 813              	.LASF23:
 814 0207 656E6162 		.ascii	"enabled\000"
 814      6C656400 
 815              	.LASF24:
 816 020f 72656756 		.ascii	"regValue\000"
 816      616C7565 
 816      00
 817              	.LASF3:
 818 0218 73686F72 		.ascii	"short int\000"
 818      7420696E 
 818      7400
 819              	.LASF9:
 820 0222 73697A65 		.ascii	"sizetype\000"
 820      74797065 
 820      00
 821              		.ident	"GCC: (GNU Tools for ARM Embedded Processors) 4.9.3 20150303 (release) [ARM/embedded-4_9-br
