ARM GAS  C:\Users\RD\AppData\Local\Temp\ccArzOlr.s 			page 1


   1              		.cpu cortex-m0plus
   2              		.fpu softvfp
   3              		.eabi_attribute 20, 1
   4              		.eabi_attribute 21, 1
   5              		.eabi_attribute 23, 3
   6              		.eabi_attribute 24, 1
   7              		.eabi_attribute 25, 1
   8              		.eabi_attribute 26, 1
   9              		.eabi_attribute 30, 1
  10              		.eabi_attribute 34, 0
  11              		.eabi_attribute 18, 4
  12              		.code	16
  13              		.file	"LED_Driver_SPI.c"
  14              		.text
  15              	.Ltext0:
  16              		.cfi_sections	.debug_frame
  17              		.section	.text.LED_Driver_SpiPostEnable,"ax",%progbits
  18              		.align	2
  19              		.global	LED_Driver_SpiPostEnable
  20              		.code	16
  21              		.thumb_func
  22              		.type	LED_Driver_SpiPostEnable, %function
  23              	LED_Driver_SpiPostEnable:
  24              	.LFB2:
  25              		.file 1 "Generated_Source\\PSoC4\\LED_Driver_SPI.c"
   1:Generated_Source\PSoC4/LED_Driver_SPI.c **** /***************************************************************************//**
   2:Generated_Source\PSoC4/LED_Driver_SPI.c **** * \file LED_Driver_SPI.c
   3:Generated_Source\PSoC4/LED_Driver_SPI.c **** * \version 3.20
   4:Generated_Source\PSoC4/LED_Driver_SPI.c **** *
   5:Generated_Source\PSoC4/LED_Driver_SPI.c **** * \brief
   6:Generated_Source\PSoC4/LED_Driver_SPI.c **** *  This file provides the source code to the API for the SCB Component in
   7:Generated_Source\PSoC4/LED_Driver_SPI.c **** *  SPI mode.
   8:Generated_Source\PSoC4/LED_Driver_SPI.c **** *
   9:Generated_Source\PSoC4/LED_Driver_SPI.c **** * Note:
  10:Generated_Source\PSoC4/LED_Driver_SPI.c **** *
  11:Generated_Source\PSoC4/LED_Driver_SPI.c **** *******************************************************************************
  12:Generated_Source\PSoC4/LED_Driver_SPI.c **** * \copyright
  13:Generated_Source\PSoC4/LED_Driver_SPI.c **** * Copyright 2013-2016, Cypress Semiconductor Corporation.  All rights reserved.
  14:Generated_Source\PSoC4/LED_Driver_SPI.c **** * You may use this file only in accordance with the license, terms, conditions,
  15:Generated_Source\PSoC4/LED_Driver_SPI.c **** * disclaimers, and limitations in the end user license agreement accompanying
  16:Generated_Source\PSoC4/LED_Driver_SPI.c **** * the software package with which this file was provided.
  17:Generated_Source\PSoC4/LED_Driver_SPI.c **** *******************************************************************************/
  18:Generated_Source\PSoC4/LED_Driver_SPI.c **** 
  19:Generated_Source\PSoC4/LED_Driver_SPI.c **** #include "LED_Driver_PVT.h"
  20:Generated_Source\PSoC4/LED_Driver_SPI.c **** #include "LED_Driver_SPI_UART_PVT.h"
  21:Generated_Source\PSoC4/LED_Driver_SPI.c **** 
  22:Generated_Source\PSoC4/LED_Driver_SPI.c **** #if(LED_Driver_SCB_MODE_UNCONFIG_CONST_CFG)
  23:Generated_Source\PSoC4/LED_Driver_SPI.c **** 
  24:Generated_Source\PSoC4/LED_Driver_SPI.c ****     /***************************************
  25:Generated_Source\PSoC4/LED_Driver_SPI.c ****     *  Configuration Structure Initialization
  26:Generated_Source\PSoC4/LED_Driver_SPI.c ****     ***************************************/
  27:Generated_Source\PSoC4/LED_Driver_SPI.c **** 
  28:Generated_Source\PSoC4/LED_Driver_SPI.c ****     const LED_Driver_SPI_INIT_STRUCT LED_Driver_configSpi =
  29:Generated_Source\PSoC4/LED_Driver_SPI.c ****     {
  30:Generated_Source\PSoC4/LED_Driver_SPI.c ****         LED_Driver_SPI_MODE,
  31:Generated_Source\PSoC4/LED_Driver_SPI.c ****         LED_Driver_SPI_SUB_MODE,
  32:Generated_Source\PSoC4/LED_Driver_SPI.c ****         LED_Driver_SPI_CLOCK_MODE,
ARM GAS  C:\Users\RD\AppData\Local\Temp\ccArzOlr.s 			page 2


  33:Generated_Source\PSoC4/LED_Driver_SPI.c ****         LED_Driver_SPI_OVS_FACTOR,
  34:Generated_Source\PSoC4/LED_Driver_SPI.c ****         LED_Driver_SPI_MEDIAN_FILTER_ENABLE,
  35:Generated_Source\PSoC4/LED_Driver_SPI.c ****         LED_Driver_SPI_LATE_MISO_SAMPLE_ENABLE,
  36:Generated_Source\PSoC4/LED_Driver_SPI.c ****         LED_Driver_SPI_WAKE_ENABLE,
  37:Generated_Source\PSoC4/LED_Driver_SPI.c ****         LED_Driver_SPI_RX_DATA_BITS_NUM,
  38:Generated_Source\PSoC4/LED_Driver_SPI.c ****         LED_Driver_SPI_TX_DATA_BITS_NUM,
  39:Generated_Source\PSoC4/LED_Driver_SPI.c ****         LED_Driver_SPI_BITS_ORDER,
  40:Generated_Source\PSoC4/LED_Driver_SPI.c ****         LED_Driver_SPI_TRANSFER_SEPARATION,
  41:Generated_Source\PSoC4/LED_Driver_SPI.c ****         0u,
  42:Generated_Source\PSoC4/LED_Driver_SPI.c ****         NULL,
  43:Generated_Source\PSoC4/LED_Driver_SPI.c ****         0u,
  44:Generated_Source\PSoC4/LED_Driver_SPI.c ****         NULL,
  45:Generated_Source\PSoC4/LED_Driver_SPI.c ****         (uint32) LED_Driver_SCB_IRQ_INTERNAL,
  46:Generated_Source\PSoC4/LED_Driver_SPI.c ****         LED_Driver_SPI_INTR_RX_MASK,
  47:Generated_Source\PSoC4/LED_Driver_SPI.c ****         LED_Driver_SPI_RX_TRIGGER_LEVEL,
  48:Generated_Source\PSoC4/LED_Driver_SPI.c ****         LED_Driver_SPI_INTR_TX_MASK,
  49:Generated_Source\PSoC4/LED_Driver_SPI.c ****         LED_Driver_SPI_TX_TRIGGER_LEVEL,
  50:Generated_Source\PSoC4/LED_Driver_SPI.c ****         (uint8) LED_Driver_SPI_BYTE_MODE_ENABLE,
  51:Generated_Source\PSoC4/LED_Driver_SPI.c ****         (uint8) LED_Driver_SPI_FREE_RUN_SCLK_ENABLE,
  52:Generated_Source\PSoC4/LED_Driver_SPI.c ****         (uint8) LED_Driver_SPI_SS_POLARITY
  53:Generated_Source\PSoC4/LED_Driver_SPI.c ****     };
  54:Generated_Source\PSoC4/LED_Driver_SPI.c **** 
  55:Generated_Source\PSoC4/LED_Driver_SPI.c **** 
  56:Generated_Source\PSoC4/LED_Driver_SPI.c ****     /*******************************************************************************
  57:Generated_Source\PSoC4/LED_Driver_SPI.c ****     * Function Name: LED_Driver_SpiInit
  58:Generated_Source\PSoC4/LED_Driver_SPI.c ****     ****************************************************************************//**
  59:Generated_Source\PSoC4/LED_Driver_SPI.c ****     *
  60:Generated_Source\PSoC4/LED_Driver_SPI.c ****     *  Configures the LED_Driver for SPI operation.
  61:Generated_Source\PSoC4/LED_Driver_SPI.c ****     *
  62:Generated_Source\PSoC4/LED_Driver_SPI.c ****     *  This function is intended specifically to be used when the LED_Driver 
  63:Generated_Source\PSoC4/LED_Driver_SPI.c ****     *  configuration is set to “Unconfigured LED_Driver” in the customizer. 
  64:Generated_Source\PSoC4/LED_Driver_SPI.c ****     *  After initializing the LED_Driver in SPI mode using this function, 
  65:Generated_Source\PSoC4/LED_Driver_SPI.c ****     *  the component can be enabled using the LED_Driver_Start() or 
  66:Generated_Source\PSoC4/LED_Driver_SPI.c ****     * LED_Driver_Enable() function.
  67:Generated_Source\PSoC4/LED_Driver_SPI.c ****     *  This function uses a pointer to a structure that provides the configuration 
  68:Generated_Source\PSoC4/LED_Driver_SPI.c ****     *  settings. This structure contains the same information that would otherwise 
  69:Generated_Source\PSoC4/LED_Driver_SPI.c ****     *  be provided by the customizer settings.
  70:Generated_Source\PSoC4/LED_Driver_SPI.c ****     *
  71:Generated_Source\PSoC4/LED_Driver_SPI.c ****     *  \param config: pointer to a structure that contains the following list of 
  72:Generated_Source\PSoC4/LED_Driver_SPI.c ****     *   fields. These fields match the selections available in the customizer. 
  73:Generated_Source\PSoC4/LED_Driver_SPI.c ****     *   Refer to the customizer for further description of the settings.
  74:Generated_Source\PSoC4/LED_Driver_SPI.c ****     *
  75:Generated_Source\PSoC4/LED_Driver_SPI.c ****     *******************************************************************************/
  76:Generated_Source\PSoC4/LED_Driver_SPI.c ****     void LED_Driver_SpiInit(const LED_Driver_SPI_INIT_STRUCT *config)
  77:Generated_Source\PSoC4/LED_Driver_SPI.c ****     {
  78:Generated_Source\PSoC4/LED_Driver_SPI.c ****         if(NULL == config)
  79:Generated_Source\PSoC4/LED_Driver_SPI.c ****         {
  80:Generated_Source\PSoC4/LED_Driver_SPI.c ****             CYASSERT(0u != 0u); /* Halt execution due to bad function parameter */
  81:Generated_Source\PSoC4/LED_Driver_SPI.c ****         }
  82:Generated_Source\PSoC4/LED_Driver_SPI.c ****         else
  83:Generated_Source\PSoC4/LED_Driver_SPI.c ****         {
  84:Generated_Source\PSoC4/LED_Driver_SPI.c ****             /* Configure pins */
  85:Generated_Source\PSoC4/LED_Driver_SPI.c ****             LED_Driver_SetPins(LED_Driver_SCB_MODE_SPI, config->mode, LED_Driver_DUMMY_PARAM);
  86:Generated_Source\PSoC4/LED_Driver_SPI.c **** 
  87:Generated_Source\PSoC4/LED_Driver_SPI.c ****             /* Store internal configuration */
  88:Generated_Source\PSoC4/LED_Driver_SPI.c ****             LED_Driver_scbMode       = (uint8) LED_Driver_SCB_MODE_SPI;
  89:Generated_Source\PSoC4/LED_Driver_SPI.c ****             LED_Driver_scbEnableWake = (uint8) config->enableWake;
ARM GAS  C:\Users\RD\AppData\Local\Temp\ccArzOlr.s 			page 3


  90:Generated_Source\PSoC4/LED_Driver_SPI.c ****             LED_Driver_scbEnableIntr = (uint8) config->enableInterrupt;
  91:Generated_Source\PSoC4/LED_Driver_SPI.c **** 
  92:Generated_Source\PSoC4/LED_Driver_SPI.c ****             /* Set RX direction internal variables */
  93:Generated_Source\PSoC4/LED_Driver_SPI.c ****             LED_Driver_rxBuffer      =         config->rxBuffer;
  94:Generated_Source\PSoC4/LED_Driver_SPI.c ****             LED_Driver_rxDataBits    = (uint8) config->rxDataBits;
  95:Generated_Source\PSoC4/LED_Driver_SPI.c ****             LED_Driver_rxBufferSize  = (uint8) config->rxBufferSize;
  96:Generated_Source\PSoC4/LED_Driver_SPI.c **** 
  97:Generated_Source\PSoC4/LED_Driver_SPI.c ****             /* Set TX direction internal variables */
  98:Generated_Source\PSoC4/LED_Driver_SPI.c ****             LED_Driver_txBuffer      =         config->txBuffer;
  99:Generated_Source\PSoC4/LED_Driver_SPI.c ****             LED_Driver_txDataBits    = (uint8) config->txDataBits;
 100:Generated_Source\PSoC4/LED_Driver_SPI.c ****             LED_Driver_txBufferSize  = (uint8) config->txBufferSize;
 101:Generated_Source\PSoC4/LED_Driver_SPI.c **** 
 102:Generated_Source\PSoC4/LED_Driver_SPI.c ****             /* Configure SPI interface */
 103:Generated_Source\PSoC4/LED_Driver_SPI.c ****             LED_Driver_CTRL_REG     = LED_Driver_GET_CTRL_OVS(config->oversample)           |
 104:Generated_Source\PSoC4/LED_Driver_SPI.c ****                                             LED_Driver_GET_CTRL_BYTE_MODE(config->enableByteMode) |
 105:Generated_Source\PSoC4/LED_Driver_SPI.c ****                                             LED_Driver_GET_CTRL_EC_AM_MODE(config->enableWake)    |
 106:Generated_Source\PSoC4/LED_Driver_SPI.c ****                                             LED_Driver_CTRL_SPI;
 107:Generated_Source\PSoC4/LED_Driver_SPI.c **** 
 108:Generated_Source\PSoC4/LED_Driver_SPI.c ****             LED_Driver_SPI_CTRL_REG = LED_Driver_GET_SPI_CTRL_CONTINUOUS    (config->transferSepera
 109:Generated_Source\PSoC4/LED_Driver_SPI.c ****                                             LED_Driver_GET_SPI_CTRL_SELECT_PRECEDE(config->submode 
 110:Generated_Source\PSoC4/LED_Driver_SPI.c ****                                                                           LED_Driver_SPI_MODE_TI_PR
 111:Generated_Source\PSoC4/LED_Driver_SPI.c ****                                             LED_Driver_GET_SPI_CTRL_SCLK_MODE     (config->sclkMode
 112:Generated_Source\PSoC4/LED_Driver_SPI.c ****                                             LED_Driver_GET_SPI_CTRL_LATE_MISO_SAMPLE(config->enable
 113:Generated_Source\PSoC4/LED_Driver_SPI.c ****                                             LED_Driver_GET_SPI_CTRL_SCLK_CONTINUOUS(config->enableF
 114:Generated_Source\PSoC4/LED_Driver_SPI.c ****                                             LED_Driver_GET_SPI_CTRL_SSEL_POLARITY (config->polarity
 115:Generated_Source\PSoC4/LED_Driver_SPI.c ****                                             LED_Driver_GET_SPI_CTRL_SUB_MODE      (config->submode)
 116:Generated_Source\PSoC4/LED_Driver_SPI.c ****                                             LED_Driver_GET_SPI_CTRL_MASTER_MODE   (config->mode);
 117:Generated_Source\PSoC4/LED_Driver_SPI.c **** 
 118:Generated_Source\PSoC4/LED_Driver_SPI.c ****             /* Configure RX direction */
 119:Generated_Source\PSoC4/LED_Driver_SPI.c ****             LED_Driver_RX_CTRL_REG     =  LED_Driver_GET_RX_CTRL_DATA_WIDTH(config->rxDataBits)    
 120:Generated_Source\PSoC4/LED_Driver_SPI.c ****                                                 LED_Driver_GET_RX_CTRL_BIT_ORDER (config->bitOrder)
 121:Generated_Source\PSoC4/LED_Driver_SPI.c ****                                                 LED_Driver_GET_RX_CTRL_MEDIAN    (config->enableMed
 122:Generated_Source\PSoC4/LED_Driver_SPI.c ****                                                 LED_Driver_SPI_RX_CTRL;
 123:Generated_Source\PSoC4/LED_Driver_SPI.c **** 
 124:Generated_Source\PSoC4/LED_Driver_SPI.c ****             LED_Driver_RX_FIFO_CTRL_REG = LED_Driver_GET_RX_FIFO_CTRL_TRIGGER_LEVEL(config->rxTrigg
 125:Generated_Source\PSoC4/LED_Driver_SPI.c **** 
 126:Generated_Source\PSoC4/LED_Driver_SPI.c ****             /* Configure TX direction */
 127:Generated_Source\PSoC4/LED_Driver_SPI.c ****             LED_Driver_TX_CTRL_REG      = LED_Driver_GET_TX_CTRL_DATA_WIDTH(config->txDataBits) |
 128:Generated_Source\PSoC4/LED_Driver_SPI.c ****                                                 LED_Driver_GET_TX_CTRL_BIT_ORDER (config->bitOrder)
 129:Generated_Source\PSoC4/LED_Driver_SPI.c ****                                                 LED_Driver_SPI_TX_CTRL;
 130:Generated_Source\PSoC4/LED_Driver_SPI.c **** 
 131:Generated_Source\PSoC4/LED_Driver_SPI.c ****             LED_Driver_TX_FIFO_CTRL_REG = LED_Driver_GET_TX_FIFO_CTRL_TRIGGER_LEVEL(config->txTrigg
 132:Generated_Source\PSoC4/LED_Driver_SPI.c **** 
 133:Generated_Source\PSoC4/LED_Driver_SPI.c ****             /* Configure interrupt with SPI handler but do not enable it */
 134:Generated_Source\PSoC4/LED_Driver_SPI.c ****             CyIntDisable    (LED_Driver_ISR_NUMBER);
 135:Generated_Source\PSoC4/LED_Driver_SPI.c ****             CyIntSetPriority(LED_Driver_ISR_NUMBER, LED_Driver_ISR_PRIORITY);
 136:Generated_Source\PSoC4/LED_Driver_SPI.c ****             (void) CyIntSetVector(LED_Driver_ISR_NUMBER, &LED_Driver_SPI_UART_ISR);
 137:Generated_Source\PSoC4/LED_Driver_SPI.c **** 
 138:Generated_Source\PSoC4/LED_Driver_SPI.c ****             /* Configure interrupt sources */
 139:Generated_Source\PSoC4/LED_Driver_SPI.c ****             LED_Driver_INTR_I2C_EC_MASK_REG = LED_Driver_NO_INTR_SOURCES;
 140:Generated_Source\PSoC4/LED_Driver_SPI.c ****             LED_Driver_INTR_SPI_EC_MASK_REG = LED_Driver_NO_INTR_SOURCES;
 141:Generated_Source\PSoC4/LED_Driver_SPI.c ****             LED_Driver_INTR_SLAVE_MASK_REG  = LED_Driver_GET_SPI_INTR_SLAVE_MASK(config->rxInterrup
 142:Generated_Source\PSoC4/LED_Driver_SPI.c ****             LED_Driver_INTR_MASTER_MASK_REG = LED_Driver_GET_SPI_INTR_MASTER_MASK(config->txInterru
 143:Generated_Source\PSoC4/LED_Driver_SPI.c ****             LED_Driver_INTR_RX_MASK_REG     = LED_Driver_GET_SPI_INTR_RX_MASK(config->rxInterruptMa
 144:Generated_Source\PSoC4/LED_Driver_SPI.c ****             LED_Driver_INTR_TX_MASK_REG     = LED_Driver_GET_SPI_INTR_TX_MASK(config->txInterruptMa
 145:Generated_Source\PSoC4/LED_Driver_SPI.c ****             
 146:Generated_Source\PSoC4/LED_Driver_SPI.c ****             /* Configure TX interrupt sources to restore. */
ARM GAS  C:\Users\RD\AppData\Local\Temp\ccArzOlr.s 			page 4


 147:Generated_Source\PSoC4/LED_Driver_SPI.c ****             LED_Driver_IntrTxMask = LO16(LED_Driver_INTR_TX_MASK_REG);
 148:Generated_Source\PSoC4/LED_Driver_SPI.c **** 
 149:Generated_Source\PSoC4/LED_Driver_SPI.c ****             /* Set active SS0 */
 150:Generated_Source\PSoC4/LED_Driver_SPI.c ****             LED_Driver_SpiSetActiveSlaveSelect(LED_Driver_SPI_SLAVE_SELECT0);
 151:Generated_Source\PSoC4/LED_Driver_SPI.c **** 
 152:Generated_Source\PSoC4/LED_Driver_SPI.c ****             /* Clear RX buffer indexes */
 153:Generated_Source\PSoC4/LED_Driver_SPI.c ****             LED_Driver_rxBufferHead     = 0u;
 154:Generated_Source\PSoC4/LED_Driver_SPI.c ****             LED_Driver_rxBufferTail     = 0u;
 155:Generated_Source\PSoC4/LED_Driver_SPI.c ****             LED_Driver_rxBufferOverflow = 0u;
 156:Generated_Source\PSoC4/LED_Driver_SPI.c **** 
 157:Generated_Source\PSoC4/LED_Driver_SPI.c ****             /* Clear TX buffer indexes */
 158:Generated_Source\PSoC4/LED_Driver_SPI.c ****             LED_Driver_txBufferHead = 0u;
 159:Generated_Source\PSoC4/LED_Driver_SPI.c ****             LED_Driver_txBufferTail = 0u;
 160:Generated_Source\PSoC4/LED_Driver_SPI.c ****         }
 161:Generated_Source\PSoC4/LED_Driver_SPI.c ****     }
 162:Generated_Source\PSoC4/LED_Driver_SPI.c **** 
 163:Generated_Source\PSoC4/LED_Driver_SPI.c **** #else
 164:Generated_Source\PSoC4/LED_Driver_SPI.c **** 
 165:Generated_Source\PSoC4/LED_Driver_SPI.c ****     /*******************************************************************************
 166:Generated_Source\PSoC4/LED_Driver_SPI.c ****     * Function Name: LED_Driver_SpiInit
 167:Generated_Source\PSoC4/LED_Driver_SPI.c ****     ****************************************************************************//**
 168:Generated_Source\PSoC4/LED_Driver_SPI.c ****     *
 169:Generated_Source\PSoC4/LED_Driver_SPI.c ****     *  Configures the SCB for the SPI operation.
 170:Generated_Source\PSoC4/LED_Driver_SPI.c ****     *
 171:Generated_Source\PSoC4/LED_Driver_SPI.c ****     *******************************************************************************/
 172:Generated_Source\PSoC4/LED_Driver_SPI.c ****     void LED_Driver_SpiInit(void)
 173:Generated_Source\PSoC4/LED_Driver_SPI.c ****     {
 174:Generated_Source\PSoC4/LED_Driver_SPI.c ****         /* Configure SPI interface */
 175:Generated_Source\PSoC4/LED_Driver_SPI.c ****         LED_Driver_CTRL_REG     = LED_Driver_SPI_DEFAULT_CTRL;
 176:Generated_Source\PSoC4/LED_Driver_SPI.c ****         LED_Driver_SPI_CTRL_REG = LED_Driver_SPI_DEFAULT_SPI_CTRL;
 177:Generated_Source\PSoC4/LED_Driver_SPI.c **** 
 178:Generated_Source\PSoC4/LED_Driver_SPI.c ****         /* Configure TX and RX direction */
 179:Generated_Source\PSoC4/LED_Driver_SPI.c ****         LED_Driver_RX_CTRL_REG      = LED_Driver_SPI_DEFAULT_RX_CTRL;
 180:Generated_Source\PSoC4/LED_Driver_SPI.c ****         LED_Driver_RX_FIFO_CTRL_REG = LED_Driver_SPI_DEFAULT_RX_FIFO_CTRL;
 181:Generated_Source\PSoC4/LED_Driver_SPI.c **** 
 182:Generated_Source\PSoC4/LED_Driver_SPI.c ****         /* Configure TX and RX direction */
 183:Generated_Source\PSoC4/LED_Driver_SPI.c ****         LED_Driver_TX_CTRL_REG      = LED_Driver_SPI_DEFAULT_TX_CTRL;
 184:Generated_Source\PSoC4/LED_Driver_SPI.c ****         LED_Driver_TX_FIFO_CTRL_REG = LED_Driver_SPI_DEFAULT_TX_FIFO_CTRL;
 185:Generated_Source\PSoC4/LED_Driver_SPI.c **** 
 186:Generated_Source\PSoC4/LED_Driver_SPI.c ****         /* Configure interrupt with SPI handler but do not enable it */
 187:Generated_Source\PSoC4/LED_Driver_SPI.c ****     #if(LED_Driver_SCB_IRQ_INTERNAL)
 188:Generated_Source\PSoC4/LED_Driver_SPI.c ****             CyIntDisable    (LED_Driver_ISR_NUMBER);
 189:Generated_Source\PSoC4/LED_Driver_SPI.c ****             CyIntSetPriority(LED_Driver_ISR_NUMBER, LED_Driver_ISR_PRIORITY);
 190:Generated_Source\PSoC4/LED_Driver_SPI.c ****             (void) CyIntSetVector(LED_Driver_ISR_NUMBER, &LED_Driver_SPI_UART_ISR);
 191:Generated_Source\PSoC4/LED_Driver_SPI.c ****     #endif /* (LED_Driver_SCB_IRQ_INTERNAL) */
 192:Generated_Source\PSoC4/LED_Driver_SPI.c **** 
 193:Generated_Source\PSoC4/LED_Driver_SPI.c ****         /* Configure interrupt sources */
 194:Generated_Source\PSoC4/LED_Driver_SPI.c ****         LED_Driver_INTR_I2C_EC_MASK_REG = LED_Driver_SPI_DEFAULT_INTR_I2C_EC_MASK;
 195:Generated_Source\PSoC4/LED_Driver_SPI.c ****         LED_Driver_INTR_SPI_EC_MASK_REG = LED_Driver_SPI_DEFAULT_INTR_SPI_EC_MASK;
 196:Generated_Source\PSoC4/LED_Driver_SPI.c ****         LED_Driver_INTR_SLAVE_MASK_REG  = LED_Driver_SPI_DEFAULT_INTR_SLAVE_MASK;
 197:Generated_Source\PSoC4/LED_Driver_SPI.c ****         LED_Driver_INTR_MASTER_MASK_REG = LED_Driver_SPI_DEFAULT_INTR_MASTER_MASK;
 198:Generated_Source\PSoC4/LED_Driver_SPI.c ****         LED_Driver_INTR_RX_MASK_REG     = LED_Driver_SPI_DEFAULT_INTR_RX_MASK;
 199:Generated_Source\PSoC4/LED_Driver_SPI.c ****         LED_Driver_INTR_TX_MASK_REG     = LED_Driver_SPI_DEFAULT_INTR_TX_MASK;
 200:Generated_Source\PSoC4/LED_Driver_SPI.c **** 
 201:Generated_Source\PSoC4/LED_Driver_SPI.c ****         /* Configure TX interrupt sources to restore. */
 202:Generated_Source\PSoC4/LED_Driver_SPI.c ****         LED_Driver_IntrTxMask = LO16(LED_Driver_INTR_TX_MASK_REG);
 203:Generated_Source\PSoC4/LED_Driver_SPI.c ****             
ARM GAS  C:\Users\RD\AppData\Local\Temp\ccArzOlr.s 			page 5


 204:Generated_Source\PSoC4/LED_Driver_SPI.c ****         /* Set active SS0 for master */
 205:Generated_Source\PSoC4/LED_Driver_SPI.c ****     #if (LED_Driver_SPI_MASTER_CONST)
 206:Generated_Source\PSoC4/LED_Driver_SPI.c ****         LED_Driver_SpiSetActiveSlaveSelect(LED_Driver_SPI_SLAVE_SELECT0);
 207:Generated_Source\PSoC4/LED_Driver_SPI.c ****     #endif /* (LED_Driver_SPI_MASTER_CONST) */
 208:Generated_Source\PSoC4/LED_Driver_SPI.c **** 
 209:Generated_Source\PSoC4/LED_Driver_SPI.c ****     #if(LED_Driver_INTERNAL_RX_SW_BUFFER_CONST)
 210:Generated_Source\PSoC4/LED_Driver_SPI.c ****         LED_Driver_rxBufferHead     = 0u;
 211:Generated_Source\PSoC4/LED_Driver_SPI.c ****         LED_Driver_rxBufferTail     = 0u;
 212:Generated_Source\PSoC4/LED_Driver_SPI.c ****         LED_Driver_rxBufferOverflow = 0u;
 213:Generated_Source\PSoC4/LED_Driver_SPI.c ****     #endif /* (LED_Driver_INTERNAL_RX_SW_BUFFER_CONST) */
 214:Generated_Source\PSoC4/LED_Driver_SPI.c **** 
 215:Generated_Source\PSoC4/LED_Driver_SPI.c ****     #if(LED_Driver_INTERNAL_TX_SW_BUFFER_CONST)
 216:Generated_Source\PSoC4/LED_Driver_SPI.c ****         LED_Driver_txBufferHead = 0u;
 217:Generated_Source\PSoC4/LED_Driver_SPI.c ****         LED_Driver_txBufferTail = 0u;
 218:Generated_Source\PSoC4/LED_Driver_SPI.c ****     #endif /* (LED_Driver_INTERNAL_TX_SW_BUFFER_CONST) */
 219:Generated_Source\PSoC4/LED_Driver_SPI.c ****     }
 220:Generated_Source\PSoC4/LED_Driver_SPI.c **** #endif /* (LED_Driver_SCB_MODE_UNCONFIG_CONST_CFG) */
 221:Generated_Source\PSoC4/LED_Driver_SPI.c **** 
 222:Generated_Source\PSoC4/LED_Driver_SPI.c **** 
 223:Generated_Source\PSoC4/LED_Driver_SPI.c **** /*******************************************************************************
 224:Generated_Source\PSoC4/LED_Driver_SPI.c **** * Function Name: LED_Driver_SpiPostEnable
 225:Generated_Source\PSoC4/LED_Driver_SPI.c **** ****************************************************************************//**
 226:Generated_Source\PSoC4/LED_Driver_SPI.c **** *
 227:Generated_Source\PSoC4/LED_Driver_SPI.c **** *  Restores HSIOM settings for the SPI master output pins (SCLK and/or SS0-SS3) 
 228:Generated_Source\PSoC4/LED_Driver_SPI.c **** *  to be controlled by the SCB SPI.
 229:Generated_Source\PSoC4/LED_Driver_SPI.c **** *
 230:Generated_Source\PSoC4/LED_Driver_SPI.c **** *******************************************************************************/
 231:Generated_Source\PSoC4/LED_Driver_SPI.c **** void LED_Driver_SpiPostEnable(void)
 232:Generated_Source\PSoC4/LED_Driver_SPI.c **** {
  26              		.loc 1 232 0
  27              		.cfi_startproc
 233:Generated_Source\PSoC4/LED_Driver_SPI.c **** #if(LED_Driver_SCB_MODE_UNCONFIG_CONST_CFG)
 234:Generated_Source\PSoC4/LED_Driver_SPI.c **** 
 235:Generated_Source\PSoC4/LED_Driver_SPI.c ****     if (LED_Driver_CHECK_SPI_MASTER)
 236:Generated_Source\PSoC4/LED_Driver_SPI.c ****     {
 237:Generated_Source\PSoC4/LED_Driver_SPI.c ****     #if (LED_Driver_CTS_SCLK_PIN)
 238:Generated_Source\PSoC4/LED_Driver_SPI.c ****         /* Set SCB SPI to drive output pin */
 239:Generated_Source\PSoC4/LED_Driver_SPI.c ****         LED_Driver_SET_HSIOM_SEL(LED_Driver_CTS_SCLK_HSIOM_REG, LED_Driver_CTS_SCLK_HSIOM_MASK,
 240:Generated_Source\PSoC4/LED_Driver_SPI.c ****                                        LED_Driver_CTS_SCLK_HSIOM_POS, LED_Driver_CTS_SCLK_HSIOM_SEL
 241:Generated_Source\PSoC4/LED_Driver_SPI.c ****     #endif /* (LED_Driver_CTS_SCLK_PIN) */
 242:Generated_Source\PSoC4/LED_Driver_SPI.c **** 
 243:Generated_Source\PSoC4/LED_Driver_SPI.c ****     #if (LED_Driver_RTS_SS0_PIN)
 244:Generated_Source\PSoC4/LED_Driver_SPI.c ****         /* Set SCB SPI to drive output pin */
 245:Generated_Source\PSoC4/LED_Driver_SPI.c ****         LED_Driver_SET_HSIOM_SEL(LED_Driver_RTS_SS0_HSIOM_REG, LED_Driver_RTS_SS0_HSIOM_MASK,
 246:Generated_Source\PSoC4/LED_Driver_SPI.c ****                                        LED_Driver_RTS_SS0_HSIOM_POS, LED_Driver_RTS_SS0_HSIOM_SEL_S
 247:Generated_Source\PSoC4/LED_Driver_SPI.c ****     #endif /* (LED_Driver_RTS_SS0_PIN) */
 248:Generated_Source\PSoC4/LED_Driver_SPI.c **** 
 249:Generated_Source\PSoC4/LED_Driver_SPI.c ****     #if (LED_Driver_SS1_PIN)
 250:Generated_Source\PSoC4/LED_Driver_SPI.c ****         /* Set SCB SPI to drive output pin */
 251:Generated_Source\PSoC4/LED_Driver_SPI.c ****         LED_Driver_SET_HSIOM_SEL(LED_Driver_SS1_HSIOM_REG, LED_Driver_SS1_HSIOM_MASK,
 252:Generated_Source\PSoC4/LED_Driver_SPI.c ****                                        LED_Driver_SS1_HSIOM_POS, LED_Driver_SS1_HSIOM_SEL_SPI);
 253:Generated_Source\PSoC4/LED_Driver_SPI.c ****     #endif /* (LED_Driver_SS1_PIN) */
 254:Generated_Source\PSoC4/LED_Driver_SPI.c **** 
 255:Generated_Source\PSoC4/LED_Driver_SPI.c ****     #if (LED_Driver_SS2_PIN)
 256:Generated_Source\PSoC4/LED_Driver_SPI.c ****         /* Set SCB SPI to drive output pin */
 257:Generated_Source\PSoC4/LED_Driver_SPI.c ****         LED_Driver_SET_HSIOM_SEL(LED_Driver_SS2_HSIOM_REG, LED_Driver_SS2_HSIOM_MASK,
 258:Generated_Source\PSoC4/LED_Driver_SPI.c ****                                        LED_Driver_SS2_HSIOM_POS, LED_Driver_SS2_HSIOM_SEL_SPI);
ARM GAS  C:\Users\RD\AppData\Local\Temp\ccArzOlr.s 			page 6


 259:Generated_Source\PSoC4/LED_Driver_SPI.c ****     #endif /* (LED_Driver_SS2_PIN) */
 260:Generated_Source\PSoC4/LED_Driver_SPI.c **** 
 261:Generated_Source\PSoC4/LED_Driver_SPI.c ****     #if (LED_Driver_SS3_PIN)
 262:Generated_Source\PSoC4/LED_Driver_SPI.c ****         /* Set SCB SPI to drive output pin */
 263:Generated_Source\PSoC4/LED_Driver_SPI.c ****         LED_Driver_SET_HSIOM_SEL(LED_Driver_SS3_HSIOM_REG, LED_Driver_SS3_HSIOM_MASK,
 264:Generated_Source\PSoC4/LED_Driver_SPI.c ****                                        LED_Driver_SS3_HSIOM_POS, LED_Driver_SS3_HSIOM_SEL_SPI);
 265:Generated_Source\PSoC4/LED_Driver_SPI.c ****     #endif /* (LED_Driver_SS3_PIN) */
 266:Generated_Source\PSoC4/LED_Driver_SPI.c ****     }
 267:Generated_Source\PSoC4/LED_Driver_SPI.c **** 
 268:Generated_Source\PSoC4/LED_Driver_SPI.c **** #else
 269:Generated_Source\PSoC4/LED_Driver_SPI.c **** 
 270:Generated_Source\PSoC4/LED_Driver_SPI.c ****     #if (LED_Driver_SPI_MASTER_SCLK_PIN)
 271:Generated_Source\PSoC4/LED_Driver_SPI.c ****         /* Set SCB SPI to drive output pin */
 272:Generated_Source\PSoC4/LED_Driver_SPI.c ****         LED_Driver_SET_HSIOM_SEL(LED_Driver_SCLK_M_HSIOM_REG, LED_Driver_SCLK_M_HSIOM_MASK,
  28              		.loc 1 272 0
  29 0000 054A     		ldr	r2, .L2
  30 0002 1368     		ldr	r3, [r2]
  31 0004 F021     		mov	r1, #240
  32 0006 0905     		lsl	r1, r1, #20
  33 0008 0B43     		orr	r3, r1
  34 000a 1360     		str	r3, [r2]
 273:Generated_Source\PSoC4/LED_Driver_SPI.c ****                                        LED_Driver_SCLK_M_HSIOM_POS, LED_Driver_SCLK_M_HSIOM_SEL_SPI
 274:Generated_Source\PSoC4/LED_Driver_SPI.c ****     #endif /* (LED_Driver_MISO_SDA_TX_PIN_PIN) */
 275:Generated_Source\PSoC4/LED_Driver_SPI.c **** 
 276:Generated_Source\PSoC4/LED_Driver_SPI.c ****     #if (LED_Driver_SPI_MASTER_SS0_PIN)
 277:Generated_Source\PSoC4/LED_Driver_SPI.c ****         /* Set SCB SPI to drive output pin */
 278:Generated_Source\PSoC4/LED_Driver_SPI.c ****         LED_Driver_SET_HSIOM_SEL(LED_Driver_SS0_M_HSIOM_REG, LED_Driver_SS0_M_HSIOM_MASK,
 279:Generated_Source\PSoC4/LED_Driver_SPI.c ****                                        LED_Driver_SS0_M_HSIOM_POS, LED_Driver_SS0_M_HSIOM_SEL_SPI);
 280:Generated_Source\PSoC4/LED_Driver_SPI.c ****     #endif /* (LED_Driver_SPI_MASTER_SS0_PIN) */
 281:Generated_Source\PSoC4/LED_Driver_SPI.c **** 
 282:Generated_Source\PSoC4/LED_Driver_SPI.c ****     #if (LED_Driver_SPI_MASTER_SS1_PIN)
 283:Generated_Source\PSoC4/LED_Driver_SPI.c ****         /* Set SCB SPI to drive output pin */
 284:Generated_Source\PSoC4/LED_Driver_SPI.c ****         LED_Driver_SET_HSIOM_SEL(LED_Driver_SS1_M_HSIOM_REG, LED_Driver_SS1_M_HSIOM_MASK,
 285:Generated_Source\PSoC4/LED_Driver_SPI.c ****                                        LED_Driver_SS1_M_HSIOM_POS, LED_Driver_SS1_M_HSIOM_SEL_SPI);
 286:Generated_Source\PSoC4/LED_Driver_SPI.c ****     #endif /* (LED_Driver_SPI_MASTER_SS1_PIN) */
 287:Generated_Source\PSoC4/LED_Driver_SPI.c **** 
 288:Generated_Source\PSoC4/LED_Driver_SPI.c ****     #if (LED_Driver_SPI_MASTER_SS2_PIN)
 289:Generated_Source\PSoC4/LED_Driver_SPI.c ****         /* Set SCB SPI to drive output pin */
 290:Generated_Source\PSoC4/LED_Driver_SPI.c ****         LED_Driver_SET_HSIOM_SEL(LED_Driver_SS2_M_HSIOM_REG, LED_Driver_SS2_M_HSIOM_MASK,
 291:Generated_Source\PSoC4/LED_Driver_SPI.c ****                                        LED_Driver_SS2_M_HSIOM_POS, LED_Driver_SS2_M_HSIOM_SEL_SPI);
 292:Generated_Source\PSoC4/LED_Driver_SPI.c ****     #endif /* (LED_Driver_SPI_MASTER_SS2_PIN) */
 293:Generated_Source\PSoC4/LED_Driver_SPI.c **** 
 294:Generated_Source\PSoC4/LED_Driver_SPI.c ****     #if (LED_Driver_SPI_MASTER_SS3_PIN)
 295:Generated_Source\PSoC4/LED_Driver_SPI.c ****         /* Set SCB SPI to drive output pin */
 296:Generated_Source\PSoC4/LED_Driver_SPI.c ****         LED_Driver_SET_HSIOM_SEL(LED_Driver_SS3_M_HSIOM_REG, LED_Driver_SS3_M_HSIOM_MASK,
 297:Generated_Source\PSoC4/LED_Driver_SPI.c ****                                        LED_Driver_SS3_M_HSIOM_POS, LED_Driver_SS3_M_HSIOM_SEL_SPI);
 298:Generated_Source\PSoC4/LED_Driver_SPI.c ****     #endif /* (LED_Driver_SPI_MASTER_SS3_PIN) */
 299:Generated_Source\PSoC4/LED_Driver_SPI.c **** 
 300:Generated_Source\PSoC4/LED_Driver_SPI.c **** #endif /* (LED_Driver_SCB_MODE_UNCONFIG_CONST_CFG) */
 301:Generated_Source\PSoC4/LED_Driver_SPI.c **** 
 302:Generated_Source\PSoC4/LED_Driver_SPI.c ****     /* Restore TX interrupt sources. */
 303:Generated_Source\PSoC4/LED_Driver_SPI.c ****     LED_Driver_SetTxInterruptMode(LED_Driver_IntrTxMask);
  35              		.loc 1 303 0
  36 000c 034B     		ldr	r3, .L2+4
  37 000e 1A88     		ldrh	r2, [r3]
  38 0010 034B     		ldr	r3, .L2+8
  39 0012 1A60     		str	r2, [r3]
ARM GAS  C:\Users\RD\AppData\Local\Temp\ccArzOlr.s 			page 7


 304:Generated_Source\PSoC4/LED_Driver_SPI.c **** }
  40              		.loc 1 304 0
  41              		@ sp needed
  42 0014 7047     		bx	lr
  43              	.L3:
  44 0016 C046     		.align	2
  45              	.L2:
  46 0018 00000240 		.word	1073872896
  47 001c 00000000 		.word	LED_Driver_IntrTxMask
  48 0020 880F0940 		.word	1074335624
  49              		.cfi_endproc
  50              	.LFE2:
  51              		.size	LED_Driver_SpiPostEnable, .-LED_Driver_SpiPostEnable
  52              		.section	.text.LED_Driver_SpiStop,"ax",%progbits
  53              		.align	2
  54              		.global	LED_Driver_SpiStop
  55              		.code	16
  56              		.thumb_func
  57              		.type	LED_Driver_SpiStop, %function
  58              	LED_Driver_SpiStop:
  59              	.LFB3:
 305:Generated_Source\PSoC4/LED_Driver_SPI.c **** 
 306:Generated_Source\PSoC4/LED_Driver_SPI.c **** 
 307:Generated_Source\PSoC4/LED_Driver_SPI.c **** /*******************************************************************************
 308:Generated_Source\PSoC4/LED_Driver_SPI.c **** * Function Name: LED_Driver_SpiStop
 309:Generated_Source\PSoC4/LED_Driver_SPI.c **** ****************************************************************************//**
 310:Generated_Source\PSoC4/LED_Driver_SPI.c **** *
 311:Generated_Source\PSoC4/LED_Driver_SPI.c **** *  Changes the HSIOM settings for the SPI master output pins 
 312:Generated_Source\PSoC4/LED_Driver_SPI.c **** *  (SCLK and/or SS0-SS3) to keep them inactive after the block is disabled. 
 313:Generated_Source\PSoC4/LED_Driver_SPI.c **** *  The output pins are controlled by the GPIO data register.
 314:Generated_Source\PSoC4/LED_Driver_SPI.c **** *
 315:Generated_Source\PSoC4/LED_Driver_SPI.c **** *******************************************************************************/
 316:Generated_Source\PSoC4/LED_Driver_SPI.c **** void LED_Driver_SpiStop(void)
 317:Generated_Source\PSoC4/LED_Driver_SPI.c **** {
  60              		.loc 1 317 0
  61              		.cfi_startproc
  62 0000 08B5     		push	{r3, lr}
  63              		.cfi_def_cfa_offset 8
  64              		.cfi_offset 3, -8
  65              		.cfi_offset 14, -4
 318:Generated_Source\PSoC4/LED_Driver_SPI.c **** #if(LED_Driver_SCB_MODE_UNCONFIG_CONST_CFG)
 319:Generated_Source\PSoC4/LED_Driver_SPI.c **** 
 320:Generated_Source\PSoC4/LED_Driver_SPI.c ****     if (LED_Driver_CHECK_SPI_MASTER)
 321:Generated_Source\PSoC4/LED_Driver_SPI.c ****     {
 322:Generated_Source\PSoC4/LED_Driver_SPI.c ****     #if (LED_Driver_CTS_SCLK_PIN)
 323:Generated_Source\PSoC4/LED_Driver_SPI.c ****         /* Set output pin state after block is disabled */
 324:Generated_Source\PSoC4/LED_Driver_SPI.c ****         LED_Driver_uart_cts_spi_sclk_Write(LED_Driver_GET_SPI_SCLK_INACTIVE);
 325:Generated_Source\PSoC4/LED_Driver_SPI.c **** 
 326:Generated_Source\PSoC4/LED_Driver_SPI.c ****         /* Set GPIO to drive output pin */
 327:Generated_Source\PSoC4/LED_Driver_SPI.c ****         LED_Driver_SET_HSIOM_SEL(LED_Driver_CTS_SCLK_HSIOM_REG, LED_Driver_CTS_SCLK_HSIOM_MASK,
 328:Generated_Source\PSoC4/LED_Driver_SPI.c ****                                        LED_Driver_CTS_SCLK_HSIOM_POS, LED_Driver_CTS_SCLK_HSIOM_SEL
 329:Generated_Source\PSoC4/LED_Driver_SPI.c ****     #endif /* (LED_Driver_uart_cts_spi_sclk_PIN) */
 330:Generated_Source\PSoC4/LED_Driver_SPI.c **** 
 331:Generated_Source\PSoC4/LED_Driver_SPI.c ****     #if (LED_Driver_RTS_SS0_PIN)
 332:Generated_Source\PSoC4/LED_Driver_SPI.c ****         /* Set output pin state after block is disabled */
 333:Generated_Source\PSoC4/LED_Driver_SPI.c ****         LED_Driver_uart_rts_spi_ss0_Write(LED_Driver_GET_SPI_SS0_INACTIVE);
 334:Generated_Source\PSoC4/LED_Driver_SPI.c **** 
ARM GAS  C:\Users\RD\AppData\Local\Temp\ccArzOlr.s 			page 8


 335:Generated_Source\PSoC4/LED_Driver_SPI.c ****         /* Set GPIO to drive output pin */
 336:Generated_Source\PSoC4/LED_Driver_SPI.c ****         LED_Driver_SET_HSIOM_SEL(LED_Driver_RTS_SS0_HSIOM_REG, LED_Driver_RTS_SS0_HSIOM_MASK,
 337:Generated_Source\PSoC4/LED_Driver_SPI.c ****                                        LED_Driver_RTS_SS0_HSIOM_POS, LED_Driver_RTS_SS0_HSIOM_SEL_G
 338:Generated_Source\PSoC4/LED_Driver_SPI.c ****     #endif /* (LED_Driver_uart_rts_spi_ss0_PIN) */
 339:Generated_Source\PSoC4/LED_Driver_SPI.c **** 
 340:Generated_Source\PSoC4/LED_Driver_SPI.c ****     #if (LED_Driver_SS1_PIN)
 341:Generated_Source\PSoC4/LED_Driver_SPI.c ****         /* Set output pin state after block is disabled */
 342:Generated_Source\PSoC4/LED_Driver_SPI.c ****         LED_Driver_spi_ss1_Write(LED_Driver_GET_SPI_SS1_INACTIVE);
 343:Generated_Source\PSoC4/LED_Driver_SPI.c **** 
 344:Generated_Source\PSoC4/LED_Driver_SPI.c ****         /* Set GPIO to drive output pin */
 345:Generated_Source\PSoC4/LED_Driver_SPI.c ****         LED_Driver_SET_HSIOM_SEL(LED_Driver_SS1_HSIOM_REG, LED_Driver_SS1_HSIOM_MASK,
 346:Generated_Source\PSoC4/LED_Driver_SPI.c ****                                        LED_Driver_SS1_HSIOM_POS, LED_Driver_SS1_HSIOM_SEL_GPIO);
 347:Generated_Source\PSoC4/LED_Driver_SPI.c ****     #endif /* (LED_Driver_SS1_PIN) */
 348:Generated_Source\PSoC4/LED_Driver_SPI.c **** 
 349:Generated_Source\PSoC4/LED_Driver_SPI.c ****     #if (LED_Driver_SS2_PIN)
 350:Generated_Source\PSoC4/LED_Driver_SPI.c ****         /* Set output pin state after block is disabled */
 351:Generated_Source\PSoC4/LED_Driver_SPI.c ****         LED_Driver_spi_ss2_Write(LED_Driver_GET_SPI_SS2_INACTIVE);
 352:Generated_Source\PSoC4/LED_Driver_SPI.c **** 
 353:Generated_Source\PSoC4/LED_Driver_SPI.c ****         /* Set GPIO to drive output pin */
 354:Generated_Source\PSoC4/LED_Driver_SPI.c ****         LED_Driver_SET_HSIOM_SEL(LED_Driver_SS2_HSIOM_REG, LED_Driver_SS2_HSIOM_MASK,
 355:Generated_Source\PSoC4/LED_Driver_SPI.c ****                                        LED_Driver_SS2_HSIOM_POS, LED_Driver_SS2_HSIOM_SEL_GPIO);
 356:Generated_Source\PSoC4/LED_Driver_SPI.c ****     #endif /* (LED_Driver_SS2_PIN) */
 357:Generated_Source\PSoC4/LED_Driver_SPI.c **** 
 358:Generated_Source\PSoC4/LED_Driver_SPI.c ****     #if (LED_Driver_SS3_PIN)
 359:Generated_Source\PSoC4/LED_Driver_SPI.c ****         /* Set output pin state after block is disabled */
 360:Generated_Source\PSoC4/LED_Driver_SPI.c ****         LED_Driver_spi_ss3_Write(LED_Driver_GET_SPI_SS3_INACTIVE);
 361:Generated_Source\PSoC4/LED_Driver_SPI.c **** 
 362:Generated_Source\PSoC4/LED_Driver_SPI.c ****         /* Set GPIO to drive output pin */
 363:Generated_Source\PSoC4/LED_Driver_SPI.c ****         LED_Driver_SET_HSIOM_SEL(LED_Driver_SS3_HSIOM_REG, LED_Driver_SS3_HSIOM_MASK,
 364:Generated_Source\PSoC4/LED_Driver_SPI.c ****                                        LED_Driver_SS3_HSIOM_POS, LED_Driver_SS3_HSIOM_SEL_GPIO);
 365:Generated_Source\PSoC4/LED_Driver_SPI.c ****     #endif /* (LED_Driver_SS3_PIN) */
 366:Generated_Source\PSoC4/LED_Driver_SPI.c ****     
 367:Generated_Source\PSoC4/LED_Driver_SPI.c ****         /* Store TX interrupt sources (exclude level triggered) for master. */
 368:Generated_Source\PSoC4/LED_Driver_SPI.c ****         LED_Driver_IntrTxMask = LO16(LED_Driver_GetTxInterruptMode() & LED_Driver_INTR_SPIM_TX_REST
 369:Generated_Source\PSoC4/LED_Driver_SPI.c ****     }
 370:Generated_Source\PSoC4/LED_Driver_SPI.c ****     else
 371:Generated_Source\PSoC4/LED_Driver_SPI.c ****     {
 372:Generated_Source\PSoC4/LED_Driver_SPI.c ****         /* Store TX interrupt sources (exclude level triggered) for slave. */
 373:Generated_Source\PSoC4/LED_Driver_SPI.c ****         LED_Driver_IntrTxMask = LO16(LED_Driver_GetTxInterruptMode() & LED_Driver_INTR_SPIS_TX_REST
 374:Generated_Source\PSoC4/LED_Driver_SPI.c ****     }
 375:Generated_Source\PSoC4/LED_Driver_SPI.c **** 
 376:Generated_Source\PSoC4/LED_Driver_SPI.c **** #else
 377:Generated_Source\PSoC4/LED_Driver_SPI.c **** 
 378:Generated_Source\PSoC4/LED_Driver_SPI.c **** #if (LED_Driver_SPI_MASTER_SCLK_PIN)
 379:Generated_Source\PSoC4/LED_Driver_SPI.c ****     /* Set output pin state after block is disabled */
 380:Generated_Source\PSoC4/LED_Driver_SPI.c ****     LED_Driver_sclk_m_Write(LED_Driver_GET_SPI_SCLK_INACTIVE);
  66              		.loc 1 380 0
  67 0002 094B     		ldr	r3, .L5
  68 0004 1868     		ldr	r0, [r3]
  69 0006 0007     		lsl	r0, r0, #28
  70 0008 C00F     		lsr	r0, r0, #31
  71 000a FFF7FEFF 		bl	LED_Driver_sclk_m_Write
  72              	.LVL0:
 381:Generated_Source\PSoC4/LED_Driver_SPI.c **** 
 382:Generated_Source\PSoC4/LED_Driver_SPI.c ****     /* Set GPIO to drive output pin */
 383:Generated_Source\PSoC4/LED_Driver_SPI.c ****     LED_Driver_SET_HSIOM_SEL(LED_Driver_SCLK_M_HSIOM_REG, LED_Driver_SCLK_M_HSIOM_MASK,
  73              		.loc 1 383 0
ARM GAS  C:\Users\RD\AppData\Local\Temp\ccArzOlr.s 			page 9


  74 000e 074A     		ldr	r2, .L5+4
  75 0010 1168     		ldr	r1, [r2]
  76 0012 074B     		ldr	r3, .L5+8
  77 0014 0B40     		and	r3, r1
  78 0016 1360     		str	r3, [r2]
 384:Generated_Source\PSoC4/LED_Driver_SPI.c ****                                    LED_Driver_SCLK_M_HSIOM_POS, LED_Driver_SCLK_M_HSIOM_SEL_GPIO);
 385:Generated_Source\PSoC4/LED_Driver_SPI.c **** #endif /* (LED_Driver_MISO_SDA_TX_PIN_PIN) */
 386:Generated_Source\PSoC4/LED_Driver_SPI.c **** 
 387:Generated_Source\PSoC4/LED_Driver_SPI.c **** #if (LED_Driver_SPI_MASTER_SS0_PIN)
 388:Generated_Source\PSoC4/LED_Driver_SPI.c ****     /* Set output pin state after block is disabled */
 389:Generated_Source\PSoC4/LED_Driver_SPI.c ****     LED_Driver_ss0_m_Write(LED_Driver_GET_SPI_SS0_INACTIVE);
 390:Generated_Source\PSoC4/LED_Driver_SPI.c **** 
 391:Generated_Source\PSoC4/LED_Driver_SPI.c ****     /* Set GPIO to drive output pin */
 392:Generated_Source\PSoC4/LED_Driver_SPI.c ****     LED_Driver_SET_HSIOM_SEL(LED_Driver_SS0_M_HSIOM_REG, LED_Driver_SS0_M_HSIOM_MASK,
 393:Generated_Source\PSoC4/LED_Driver_SPI.c ****                                    LED_Driver_SS0_M_HSIOM_POS, LED_Driver_SS0_M_HSIOM_SEL_GPIO);
 394:Generated_Source\PSoC4/LED_Driver_SPI.c **** #endif /* (LED_Driver_SPI_MASTER_SS0_PIN) */
 395:Generated_Source\PSoC4/LED_Driver_SPI.c **** 
 396:Generated_Source\PSoC4/LED_Driver_SPI.c **** #if (LED_Driver_SPI_MASTER_SS1_PIN)
 397:Generated_Source\PSoC4/LED_Driver_SPI.c ****     /* Set output pin state after block is disabled */
 398:Generated_Source\PSoC4/LED_Driver_SPI.c ****     LED_Driver_ss1_m_Write(LED_Driver_GET_SPI_SS1_INACTIVE);
 399:Generated_Source\PSoC4/LED_Driver_SPI.c **** 
 400:Generated_Source\PSoC4/LED_Driver_SPI.c ****     /* Set GPIO to drive output pin */
 401:Generated_Source\PSoC4/LED_Driver_SPI.c ****     LED_Driver_SET_HSIOM_SEL(LED_Driver_SS1_M_HSIOM_REG, LED_Driver_SS1_M_HSIOM_MASK,
 402:Generated_Source\PSoC4/LED_Driver_SPI.c ****                                    LED_Driver_SS1_M_HSIOM_POS, LED_Driver_SS1_M_HSIOM_SEL_GPIO);
 403:Generated_Source\PSoC4/LED_Driver_SPI.c **** #endif /* (LED_Driver_SPI_MASTER_SS1_PIN) */
 404:Generated_Source\PSoC4/LED_Driver_SPI.c **** 
 405:Generated_Source\PSoC4/LED_Driver_SPI.c **** #if (LED_Driver_SPI_MASTER_SS2_PIN)
 406:Generated_Source\PSoC4/LED_Driver_SPI.c ****     /* Set output pin state after block is disabled */
 407:Generated_Source\PSoC4/LED_Driver_SPI.c ****     LED_Driver_ss2_m_Write(LED_Driver_GET_SPI_SS2_INACTIVE);
 408:Generated_Source\PSoC4/LED_Driver_SPI.c **** 
 409:Generated_Source\PSoC4/LED_Driver_SPI.c ****     /* Set GPIO to drive output pin */
 410:Generated_Source\PSoC4/LED_Driver_SPI.c ****     LED_Driver_SET_HSIOM_SEL(LED_Driver_SS2_M_HSIOM_REG, LED_Driver_SS2_M_HSIOM_MASK,
 411:Generated_Source\PSoC4/LED_Driver_SPI.c ****                                    LED_Driver_SS2_M_HSIOM_POS, LED_Driver_SS2_M_HSIOM_SEL_GPIO);
 412:Generated_Source\PSoC4/LED_Driver_SPI.c **** #endif /* (LED_Driver_SPI_MASTER_SS2_PIN) */
 413:Generated_Source\PSoC4/LED_Driver_SPI.c **** 
 414:Generated_Source\PSoC4/LED_Driver_SPI.c **** #if (LED_Driver_SPI_MASTER_SS3_PIN)
 415:Generated_Source\PSoC4/LED_Driver_SPI.c ****     /* Set output pin state after block is disabled */
 416:Generated_Source\PSoC4/LED_Driver_SPI.c ****     LED_Driver_ss3_m_Write(LED_Driver_GET_SPI_SS3_INACTIVE);
 417:Generated_Source\PSoC4/LED_Driver_SPI.c **** 
 418:Generated_Source\PSoC4/LED_Driver_SPI.c ****     /* Set GPIO to drive output pin */
 419:Generated_Source\PSoC4/LED_Driver_SPI.c ****     LED_Driver_SET_HSIOM_SEL(LED_Driver_SS3_M_HSIOM_REG, LED_Driver_SS3_M_HSIOM_MASK,
 420:Generated_Source\PSoC4/LED_Driver_SPI.c ****                                    LED_Driver_SS3_M_HSIOM_POS, LED_Driver_SS3_M_HSIOM_SEL_GPIO);
 421:Generated_Source\PSoC4/LED_Driver_SPI.c **** #endif /* (LED_Driver_SPI_MASTER_SS3_PIN) */
 422:Generated_Source\PSoC4/LED_Driver_SPI.c **** 
 423:Generated_Source\PSoC4/LED_Driver_SPI.c ****     #if (LED_Driver_SPI_MASTER_CONST)
 424:Generated_Source\PSoC4/LED_Driver_SPI.c ****         /* Store TX interrupt sources (exclude level triggered). */
 425:Generated_Source\PSoC4/LED_Driver_SPI.c ****         LED_Driver_IntrTxMask = LO16(LED_Driver_GetTxInterruptMode() & LED_Driver_INTR_SPIM_TX_REST
  79              		.loc 1 425 0
  80 0018 064B     		ldr	r3, .L5+12
  81 001a 1B68     		ldr	r3, [r3]
  82 001c 2022     		mov	r2, #32
  83 001e 1340     		and	r3, r2
  84 0020 054A     		ldr	r2, .L5+16
  85 0022 1380     		strh	r3, [r2]
 426:Generated_Source\PSoC4/LED_Driver_SPI.c ****     #else
 427:Generated_Source\PSoC4/LED_Driver_SPI.c ****         /* Store TX interrupt sources (exclude level triggered). */
 428:Generated_Source\PSoC4/LED_Driver_SPI.c ****         LED_Driver_IntrTxMask = LO16(LED_Driver_GetTxInterruptMode() & LED_Driver_INTR_SPIS_TX_REST
ARM GAS  C:\Users\RD\AppData\Local\Temp\ccArzOlr.s 			page 10


 429:Generated_Source\PSoC4/LED_Driver_SPI.c ****     #endif /* (LED_Driver_SPI_MASTER_CONST) */
 430:Generated_Source\PSoC4/LED_Driver_SPI.c **** 
 431:Generated_Source\PSoC4/LED_Driver_SPI.c **** #endif /* (LED_Driver_SCB_MODE_UNCONFIG_CONST_CFG) */
 432:Generated_Source\PSoC4/LED_Driver_SPI.c **** }
  86              		.loc 1 432 0
  87              		@ sp needed
  88 0024 08BD     		pop	{r3, pc}
  89              	.L6:
  90 0026 C046     		.align	2
  91              	.L5:
  92 0028 20000940 		.word	1074331680
  93 002c 00000240 		.word	1073872896
  94 0030 FFFFFFF0 		.word	-251658241
  95 0034 880F0940 		.word	1074335624
  96 0038 00000000 		.word	LED_Driver_IntrTxMask
  97              		.cfi_endproc
  98              	.LFE3:
  99              		.size	LED_Driver_SpiStop, .-LED_Driver_SpiStop
 100              		.section	.text.LED_Driver_SpiSetActiveSlaveSelect,"ax",%progbits
 101              		.align	2
 102              		.global	LED_Driver_SpiSetActiveSlaveSelect
 103              		.code	16
 104              		.thumb_func
 105              		.type	LED_Driver_SpiSetActiveSlaveSelect, %function
 106              	LED_Driver_SpiSetActiveSlaveSelect:
 107              	.LFB4:
 433:Generated_Source\PSoC4/LED_Driver_SPI.c **** 
 434:Generated_Source\PSoC4/LED_Driver_SPI.c **** 
 435:Generated_Source\PSoC4/LED_Driver_SPI.c **** #if (LED_Driver_SPI_MASTER_CONST)
 436:Generated_Source\PSoC4/LED_Driver_SPI.c ****     /*******************************************************************************
 437:Generated_Source\PSoC4/LED_Driver_SPI.c ****     * Function Name: LED_Driver_SetActiveSlaveSelect
 438:Generated_Source\PSoC4/LED_Driver_SPI.c ****     ****************************************************************************//**
 439:Generated_Source\PSoC4/LED_Driver_SPI.c ****     *
 440:Generated_Source\PSoC4/LED_Driver_SPI.c ****     *  Selects one of the four slave select lines to be active during the transfer.
 441:Generated_Source\PSoC4/LED_Driver_SPI.c ****     *  After initialization the active slave select line is 0.
 442:Generated_Source\PSoC4/LED_Driver_SPI.c ****     *  The component should be in one of the following states to change the active
 443:Generated_Source\PSoC4/LED_Driver_SPI.c ****     *  slave select signal source correctly:
 444:Generated_Source\PSoC4/LED_Driver_SPI.c ****     *   - The component is disabled.
 445:Generated_Source\PSoC4/LED_Driver_SPI.c ****     *   - The component has completed transfer (TX FIFO is empty and the
 446:Generated_Source\PSoC4/LED_Driver_SPI.c ****     *     SCB_INTR_MASTER_SPI_DONE status is set).
 447:Generated_Source\PSoC4/LED_Driver_SPI.c ****     *
 448:Generated_Source\PSoC4/LED_Driver_SPI.c ****     *  This function does not check that these conditions are met.
 449:Generated_Source\PSoC4/LED_Driver_SPI.c ****     *  This function is only applicable to SPI Master mode of operation.
 450:Generated_Source\PSoC4/LED_Driver_SPI.c ****     *
 451:Generated_Source\PSoC4/LED_Driver_SPI.c ****     *  \param slaveSelect: slave select line which will be active while the following
 452:Generated_Source\PSoC4/LED_Driver_SPI.c ****     *   transfer.
 453:Generated_Source\PSoC4/LED_Driver_SPI.c ****     *   - LED_Driver_SPI_SLAVE_SELECT0 - Slave select 0.
 454:Generated_Source\PSoC4/LED_Driver_SPI.c ****     *   - LED_Driver_SPI_SLAVE_SELECT1 - Slave select 1.
 455:Generated_Source\PSoC4/LED_Driver_SPI.c ****     *   - LED_Driver_SPI_SLAVE_SELECT2 - Slave select 2.
 456:Generated_Source\PSoC4/LED_Driver_SPI.c ****     *   - LED_Driver_SPI_SLAVE_SELECT3 - Slave select 3.
 457:Generated_Source\PSoC4/LED_Driver_SPI.c ****     *
 458:Generated_Source\PSoC4/LED_Driver_SPI.c ****     *******************************************************************************/
 459:Generated_Source\PSoC4/LED_Driver_SPI.c ****     void LED_Driver_SpiSetActiveSlaveSelect(uint32 slaveSelect)
 460:Generated_Source\PSoC4/LED_Driver_SPI.c ****     {
 108              		.loc 1 460 0
 109              		.cfi_startproc
 110              	.LVL1:
ARM GAS  C:\Users\RD\AppData\Local\Temp\ccArzOlr.s 			page 11


 461:Generated_Source\PSoC4/LED_Driver_SPI.c ****         uint32 spiCtrl;
 462:Generated_Source\PSoC4/LED_Driver_SPI.c **** 
 463:Generated_Source\PSoC4/LED_Driver_SPI.c ****         spiCtrl = LED_Driver_SPI_CTRL_REG;
 111              		.loc 1 463 0
 112 0000 0549     		ldr	r1, .L8
 113 0002 0A68     		ldr	r2, [r1]
 114              	.LVL2:
 464:Generated_Source\PSoC4/LED_Driver_SPI.c **** 
 465:Generated_Source\PSoC4/LED_Driver_SPI.c ****         spiCtrl &= (uint32) ~LED_Driver_SPI_CTRL_SLAVE_SELECT_MASK;
 115              		.loc 1 465 0
 116 0004 054B     		ldr	r3, .L8+4
 117 0006 1340     		and	r3, r2
 118              	.LVL3:
 466:Generated_Source\PSoC4/LED_Driver_SPI.c ****         spiCtrl |= (uint32)  LED_Driver_GET_SPI_CTRL_SS(slaveSelect);
 119              		.loc 1 466 0
 120 0008 8006     		lsl	r0, r0, #26
 121              	.LVL4:
 122 000a C022     		mov	r2, #192
 123 000c 1205     		lsl	r2, r2, #20
 124 000e 1040     		and	r0, r2
 125 0010 1843     		orr	r0, r3
 126              	.LVL5:
 467:Generated_Source\PSoC4/LED_Driver_SPI.c **** 
 468:Generated_Source\PSoC4/LED_Driver_SPI.c ****         LED_Driver_SPI_CTRL_REG = spiCtrl;
 127              		.loc 1 468 0
 128 0012 0860     		str	r0, [r1]
 469:Generated_Source\PSoC4/LED_Driver_SPI.c ****     }
 129              		.loc 1 469 0
 130              		@ sp needed
 131 0014 7047     		bx	lr
 132              	.L9:
 133 0016 C046     		.align	2
 134              	.L8:
 135 0018 20000940 		.word	1074331680
 136 001c FFFFFFF3 		.word	-201326593
 137              		.cfi_endproc
 138              	.LFE4:
 139              		.size	LED_Driver_SpiSetActiveSlaveSelect, .-LED_Driver_SpiSetActiveSlaveSelect
 140              		.section	.text.LED_Driver_SpiInit,"ax",%progbits
 141              		.align	2
 142              		.global	LED_Driver_SpiInit
 143              		.code	16
 144              		.thumb_func
 145              		.type	LED_Driver_SpiInit, %function
 146              	LED_Driver_SpiInit:
 147              	.LFB1:
 173:Generated_Source\PSoC4/LED_Driver_SPI.c ****         /* Configure SPI interface */
 148              		.loc 1 173 0
 149              		.cfi_startproc
 150 0000 08B5     		push	{r3, lr}
 151              		.cfi_def_cfa_offset 8
 152              		.cfi_offset 3, -8
 153              		.cfi_offset 14, -4
 175:Generated_Source\PSoC4/LED_Driver_SPI.c ****         LED_Driver_SPI_CTRL_REG = LED_Driver_SPI_DEFAULT_SPI_CTRL;
 154              		.loc 1 175 0
 155 0002 124A     		ldr	r2, .L11
 156 0004 124B     		ldr	r3, .L11+4
ARM GAS  C:\Users\RD\AppData\Local\Temp\ccArzOlr.s 			page 12


 157 0006 1A60     		str	r2, [r3]
 176:Generated_Source\PSoC4/LED_Driver_SPI.c **** 
 158              		.loc 1 176 0
 159 0008 124A     		ldr	r2, .L11+8
 160 000a 134B     		ldr	r3, .L11+12
 161 000c 1A60     		str	r2, [r3]
 179:Generated_Source\PSoC4/LED_Driver_SPI.c ****         LED_Driver_RX_FIFO_CTRL_REG = LED_Driver_SPI_DEFAULT_RX_FIFO_CTRL;
 162              		.loc 1 179 0
 163 000e 134B     		ldr	r3, .L11+16
 164 0010 134A     		ldr	r2, .L11+20
 165 0012 1360     		str	r3, [r2]
 180:Generated_Source\PSoC4/LED_Driver_SPI.c **** 
 166              		.loc 1 180 0
 167 0014 0721     		mov	r1, #7
 168 0016 134A     		ldr	r2, .L11+24
 169 0018 1160     		str	r1, [r2]
 183:Generated_Source\PSoC4/LED_Driver_SPI.c ****         LED_Driver_TX_FIFO_CTRL_REG = LED_Driver_SPI_DEFAULT_TX_FIFO_CTRL;
 170              		.loc 1 183 0
 171 001a 134A     		ldr	r2, .L11+28
 172 001c 1360     		str	r3, [r2]
 184:Generated_Source\PSoC4/LED_Driver_SPI.c **** 
 173              		.loc 1 184 0
 174 001e 0023     		mov	r3, #0
 175 0020 124A     		ldr	r2, .L11+32
 176 0022 1360     		str	r3, [r2]
 194:Generated_Source\PSoC4/LED_Driver_SPI.c ****         LED_Driver_INTR_SPI_EC_MASK_REG = LED_Driver_SPI_DEFAULT_INTR_SPI_EC_MASK;
 177              		.loc 1 194 0
 178 0024 124A     		ldr	r2, .L11+36
 179 0026 1360     		str	r3, [r2]
 195:Generated_Source\PSoC4/LED_Driver_SPI.c ****         LED_Driver_INTR_SLAVE_MASK_REG  = LED_Driver_SPI_DEFAULT_INTR_SLAVE_MASK;
 180              		.loc 1 195 0
 181 0028 124A     		ldr	r2, .L11+40
 182 002a 1360     		str	r3, [r2]
 196:Generated_Source\PSoC4/LED_Driver_SPI.c ****         LED_Driver_INTR_MASTER_MASK_REG = LED_Driver_SPI_DEFAULT_INTR_MASTER_MASK;
 183              		.loc 1 196 0
 184 002c 124A     		ldr	r2, .L11+44
 185 002e 1360     		str	r3, [r2]
 197:Generated_Source\PSoC4/LED_Driver_SPI.c ****         LED_Driver_INTR_RX_MASK_REG     = LED_Driver_SPI_DEFAULT_INTR_RX_MASK;
 186              		.loc 1 197 0
 187 0030 124A     		ldr	r2, .L11+48
 188 0032 1360     		str	r3, [r2]
 198:Generated_Source\PSoC4/LED_Driver_SPI.c ****         LED_Driver_INTR_TX_MASK_REG     = LED_Driver_SPI_DEFAULT_INTR_TX_MASK;
 189              		.loc 1 198 0
 190 0034 124A     		ldr	r2, .L11+52
 191 0036 1360     		str	r3, [r2]
 199:Generated_Source\PSoC4/LED_Driver_SPI.c **** 
 192              		.loc 1 199 0
 193 0038 124A     		ldr	r2, .L11+56
 194 003a 1360     		str	r3, [r2]
 202:Generated_Source\PSoC4/LED_Driver_SPI.c ****             
 195              		.loc 1 202 0
 196 003c 1268     		ldr	r2, [r2]
 197 003e 124B     		ldr	r3, .L11+60
 198 0040 1A80     		strh	r2, [r3]
 206:Generated_Source\PSoC4/LED_Driver_SPI.c ****     #endif /* (LED_Driver_SPI_MASTER_CONST) */
 199              		.loc 1 206 0
 200 0042 0020     		mov	r0, #0
ARM GAS  C:\Users\RD\AppData\Local\Temp\ccArzOlr.s 			page 13


 201 0044 FFF7FEFF 		bl	LED_Driver_SpiSetActiveSlaveSelect
 202              	.LVL6:
 219:Generated_Source\PSoC4/LED_Driver_SPI.c **** #endif /* (LED_Driver_SCB_MODE_UNCONFIG_CONST_CFG) */
 203              		.loc 1 219 0
 204              		@ sp needed
 205 0048 08BD     		pop	{r3, pc}
 206              	.L12:
 207 004a C046     		.align	2
 208              	.L11:
 209 004c 0F000001 		.word	16777231
 210 0050 00000940 		.word	1074331648
 211 0054 01000080 		.word	-2147483647
 212 0058 20000940 		.word	1074331680
 213 005c 0B010080 		.word	-2147483381
 214 0060 00030940 		.word	1074332416
 215 0064 04030940 		.word	1074332420
 216 0068 00020940 		.word	1074332160
 217 006c 04020940 		.word	1074332164
 218 0070 880E0940 		.word	1074335368
 219 0074 C80E0940 		.word	1074335432
 220 0078 480F0940 		.word	1074335560
 221 007c 080F0940 		.word	1074335496
 222 0080 C80F0940 		.word	1074335688
 223 0084 880F0940 		.word	1074335624
 224 0088 00000000 		.word	LED_Driver_IntrTxMask
 225              		.cfi_endproc
 226              	.LFE1:
 227              		.size	LED_Driver_SpiInit, .-LED_Driver_SpiInit
 228              		.section	.text.LED_Driver_SpiSetSlaveSelectPolarity,"ax",%progbits
 229              		.align	2
 230              		.global	LED_Driver_SpiSetSlaveSelectPolarity
 231              		.code	16
 232              		.thumb_func
 233              		.type	LED_Driver_SpiSetSlaveSelectPolarity, %function
 234              	LED_Driver_SpiSetSlaveSelectPolarity:
 235              	.LFB5:
 470:Generated_Source\PSoC4/LED_Driver_SPI.c **** #endif /* (LED_Driver_SPI_MASTER_CONST) */
 471:Generated_Source\PSoC4/LED_Driver_SPI.c **** 
 472:Generated_Source\PSoC4/LED_Driver_SPI.c **** 
 473:Generated_Source\PSoC4/LED_Driver_SPI.c **** #if !(LED_Driver_CY_SCBIP_V0 || LED_Driver_CY_SCBIP_V1)
 474:Generated_Source\PSoC4/LED_Driver_SPI.c ****     /*******************************************************************************
 475:Generated_Source\PSoC4/LED_Driver_SPI.c ****     * Function Name: LED_Driver_SpiSetSlaveSelectPolarity
 476:Generated_Source\PSoC4/LED_Driver_SPI.c ****     ****************************************************************************//**
 477:Generated_Source\PSoC4/LED_Driver_SPI.c ****     *
 478:Generated_Source\PSoC4/LED_Driver_SPI.c ****     *  Sets active polarity for slave select line.
 479:Generated_Source\PSoC4/LED_Driver_SPI.c ****     *  The component should be in one of the following states to change the active
 480:Generated_Source\PSoC4/LED_Driver_SPI.c ****     *  slave select signal source correctly:
 481:Generated_Source\PSoC4/LED_Driver_SPI.c ****     *   - The component is disabled.
 482:Generated_Source\PSoC4/LED_Driver_SPI.c ****     *   - The component has completed transfer.
 483:Generated_Source\PSoC4/LED_Driver_SPI.c ****     *  
 484:Generated_Source\PSoC4/LED_Driver_SPI.c ****     *  This function does not check that these conditions are met.
 485:Generated_Source\PSoC4/LED_Driver_SPI.c ****     *
 486:Generated_Source\PSoC4/LED_Driver_SPI.c ****     *  \param slaveSelect: slave select line to change active polarity.
 487:Generated_Source\PSoC4/LED_Driver_SPI.c ****     *   - LED_Driver_SPI_SLAVE_SELECT0 - Slave select 0.
 488:Generated_Source\PSoC4/LED_Driver_SPI.c ****     *   - LED_Driver_SPI_SLAVE_SELECT1 - Slave select 1.
 489:Generated_Source\PSoC4/LED_Driver_SPI.c ****     *   - LED_Driver_SPI_SLAVE_SELECT2 - Slave select 2.
 490:Generated_Source\PSoC4/LED_Driver_SPI.c ****     *   - LED_Driver_SPI_SLAVE_SELECT3 - Slave select 3.
ARM GAS  C:\Users\RD\AppData\Local\Temp\ccArzOlr.s 			page 14


 491:Generated_Source\PSoC4/LED_Driver_SPI.c ****     *
 492:Generated_Source\PSoC4/LED_Driver_SPI.c ****     *  \param polarity: active polarity of slave select line.
 493:Generated_Source\PSoC4/LED_Driver_SPI.c ****     *   - LED_Driver_SPI_SS_ACTIVE_LOW  - Slave select is active low.
 494:Generated_Source\PSoC4/LED_Driver_SPI.c ****     *   - LED_Driver_SPI_SS_ACTIVE_HIGH - Slave select is active high.
 495:Generated_Source\PSoC4/LED_Driver_SPI.c ****     *
 496:Generated_Source\PSoC4/LED_Driver_SPI.c ****     *******************************************************************************/
 497:Generated_Source\PSoC4/LED_Driver_SPI.c ****     void LED_Driver_SpiSetSlaveSelectPolarity(uint32 slaveSelect, uint32 polarity)
 498:Generated_Source\PSoC4/LED_Driver_SPI.c ****     {
 236              		.loc 1 498 0
 237              		.cfi_startproc
 238              	.LVL7:
 499:Generated_Source\PSoC4/LED_Driver_SPI.c ****         uint32 ssPolarity;
 500:Generated_Source\PSoC4/LED_Driver_SPI.c **** 
 501:Generated_Source\PSoC4/LED_Driver_SPI.c ****         /* Get position of the polarity bit associated with slave select line */
 502:Generated_Source\PSoC4/LED_Driver_SPI.c ****         ssPolarity = LED_Driver_GET_SPI_CTRL_SSEL_POLARITY((uint32) 1u << slaveSelect);
 239              		.loc 1 502 0
 240 0000 8023     		mov	r3, #128
 241 0002 5B00     		lsl	r3, r3, #1
 242 0004 8340     		lsl	r3, r3, r0
 243 0006 181C     		mov	r0, r3
 244              	.LVL8:
 245 0008 F023     		mov	r3, #240
 246 000a 1B01     		lsl	r3, r3, #4
 247 000c 1840     		and	r0, r3
 248              	.LVL9:
 503:Generated_Source\PSoC4/LED_Driver_SPI.c **** 
 504:Generated_Source\PSoC4/LED_Driver_SPI.c ****         if (0u != polarity)
 249              		.loc 1 504 0
 250 000e 0029     		cmp	r1, #0
 251 0010 04D0     		beq	.L14
 505:Generated_Source\PSoC4/LED_Driver_SPI.c ****         {
 506:Generated_Source\PSoC4/LED_Driver_SPI.c ****             LED_Driver_SPI_CTRL_REG |= (uint32)  ssPolarity;
 252              		.loc 1 506 0
 253 0012 054B     		ldr	r3, .L16
 254 0014 1A68     		ldr	r2, [r3]
 255 0016 1043     		orr	r0, r2
 256              	.LVL10:
 257 0018 1860     		str	r0, [r3]
 258 001a 03E0     		b	.L13
 259              	.LVL11:
 260              	.L14:
 507:Generated_Source\PSoC4/LED_Driver_SPI.c ****         }
 508:Generated_Source\PSoC4/LED_Driver_SPI.c ****         else
 509:Generated_Source\PSoC4/LED_Driver_SPI.c ****         {
 510:Generated_Source\PSoC4/LED_Driver_SPI.c ****             LED_Driver_SPI_CTRL_REG &= (uint32) ~ssPolarity;
 261              		.loc 1 510 0
 262 001c 024A     		ldr	r2, .L16
 263 001e 1368     		ldr	r3, [r2]
 264 0020 8343     		bic	r3, r0
 265 0022 1360     		str	r3, [r2]
 266              	.LVL12:
 267              	.L13:
 511:Generated_Source\PSoC4/LED_Driver_SPI.c ****         }
 512:Generated_Source\PSoC4/LED_Driver_SPI.c ****     }
 268              		.loc 1 512 0
 269              		@ sp needed
 270 0024 7047     		bx	lr
ARM GAS  C:\Users\RD\AppData\Local\Temp\ccArzOlr.s 			page 15


 271              	.L17:
 272 0026 C046     		.align	2
 273              	.L16:
 274 0028 20000940 		.word	1074331680
 275              		.cfi_endproc
 276              	.LFE5:
 277              		.size	LED_Driver_SpiSetSlaveSelectPolarity, .-LED_Driver_SpiSetSlaveSelectPolarity
 278              		.text
 279              	.Letext0:
 280              		.file 2 "Generated_Source\\PSoC4/cytypes.h"
 281              		.file 3 "Generated_Source\\PSoC4\\LED_Driver_PVT.h"
 282              		.file 4 "Generated_Source\\PSoC4\\LED_Driver_sclk_m.h"
 283              		.section	.debug_info,"",%progbits
 284              	.Ldebug_info0:
 285 0000 A3010000 		.4byte	0x1a3
 286 0004 0400     		.2byte	0x4
 287 0006 00000000 		.4byte	.Ldebug_abbrev0
 288 000a 04       		.byte	0x4
 289 000b 01       		.uleb128 0x1
 290 000c 29010000 		.4byte	.LASF25
 291 0010 01       		.byte	0x1
 292 0011 12000000 		.4byte	.LASF26
 293 0015 3A000000 		.4byte	.LASF27
 294 0019 00000000 		.4byte	.Ldebug_ranges0+0
 295 001d 00000000 		.4byte	0
 296 0021 00000000 		.4byte	.Ldebug_line0
 297 0025 02       		.uleb128 0x2
 298 0026 01       		.byte	0x1
 299 0027 06       		.byte	0x6
 300 0028 A0020000 		.4byte	.LASF0
 301 002c 02       		.uleb128 0x2
 302 002d 01       		.byte	0x1
 303 002e 08       		.byte	0x8
 304 002f 1B010000 		.4byte	.LASF1
 305 0033 02       		.uleb128 0x2
 306 0034 02       		.byte	0x2
 307 0035 05       		.byte	0x5
 308 0036 75020000 		.4byte	.LASF2
 309 003a 02       		.uleb128 0x2
 310 003b 02       		.byte	0x2
 311 003c 07       		.byte	0x7
 312 003d F7000000 		.4byte	.LASF3
 313 0041 02       		.uleb128 0x2
 314 0042 04       		.byte	0x4
 315 0043 05       		.byte	0x5
 316 0044 97020000 		.4byte	.LASF4
 317 0048 02       		.uleb128 0x2
 318 0049 04       		.byte	0x4
 319 004a 07       		.byte	0x7
 320 004b CE010000 		.4byte	.LASF5
 321 004f 02       		.uleb128 0x2
 322 0050 08       		.byte	0x8
 323 0051 05       		.byte	0x5
 324 0052 44020000 		.4byte	.LASF6
 325 0056 02       		.uleb128 0x2
 326 0057 08       		.byte	0x8
 327 0058 07       		.byte	0x7
ARM GAS  C:\Users\RD\AppData\Local\Temp\ccArzOlr.s 			page 16


 328 0059 08020000 		.4byte	.LASF7
 329 005d 03       		.uleb128 0x3
 330 005e 04       		.byte	0x4
 331 005f 05       		.byte	0x5
 332 0060 696E7400 		.ascii	"int\000"
 333 0064 02       		.uleb128 0x2
 334 0065 04       		.byte	0x4
 335 0066 07       		.byte	0x7
 336 0067 FB010000 		.4byte	.LASF8
 337 006b 04       		.uleb128 0x4
 338 006c E0010000 		.4byte	.LASF9
 339 0070 02       		.byte	0x2
 340 0071 9801     		.2byte	0x198
 341 0073 2C000000 		.4byte	0x2c
 342 0077 04       		.uleb128 0x4
 343 0078 ED010000 		.4byte	.LASF10
 344 007c 02       		.byte	0x2
 345 007d 9901     		.2byte	0x199
 346 007f 3A000000 		.4byte	0x3a
 347 0083 04       		.uleb128 0x4
 348 0084 F4010000 		.4byte	.LASF11
 349 0088 02       		.byte	0x2
 350 0089 9A01     		.2byte	0x19a
 351 008b 48000000 		.4byte	0x48
 352 008f 02       		.uleb128 0x2
 353 0090 04       		.byte	0x4
 354 0091 04       		.byte	0x4
 355 0092 15010000 		.4byte	.LASF12
 356 0096 02       		.uleb128 0x2
 357 0097 08       		.byte	0x8
 358 0098 04       		.byte	0x4
 359 0099 E6010000 		.4byte	.LASF13
 360 009d 02       		.uleb128 0x2
 361 009e 01       		.byte	0x1
 362 009f 08       		.byte	0x8
 363 00a0 52020000 		.4byte	.LASF14
 364 00a4 04       		.uleb128 0x4
 365 00a5 00000000 		.4byte	.LASF15
 366 00a9 02       		.byte	0x2
 367 00aa 4402     		.2byte	0x244
 368 00ac B0000000 		.4byte	0xb0
 369 00b0 05       		.uleb128 0x5
 370 00b1 83000000 		.4byte	0x83
 371 00b5 02       		.uleb128 0x2
 372 00b6 04       		.byte	0x4
 373 00b7 07       		.byte	0x7
 374 00b8 3B020000 		.4byte	.LASF16
 375 00bc 06       		.uleb128 0x6
 376 00bd DE000000 		.4byte	.LASF28
 377 00c1 01       		.byte	0x1
 378 00c2 E7       		.byte	0xe7
 379 00c3 00000000 		.4byte	.LFB2
 380 00c7 24000000 		.4byte	.LFE2-.LFB2
 381 00cb 01       		.uleb128 0x1
 382 00cc 9C       		.byte	0x9c
 383 00cd 07       		.uleb128 0x7
 384 00ce 28020000 		.4byte	.LASF17
ARM GAS  C:\Users\RD\AppData\Local\Temp\ccArzOlr.s 			page 17


 385 00d2 01       		.byte	0x1
 386 00d3 3C01     		.2byte	0x13c
 387 00d5 00000000 		.4byte	.LFB3
 388 00d9 3C000000 		.4byte	.LFE3-.LFB3
 389 00dd 01       		.uleb128 0x1
 390 00de 9C       		.byte	0x9c
 391 00df ED000000 		.4byte	0xed
 392 00e3 08       		.uleb128 0x8
 393 00e4 0E000000 		.4byte	.LVL0
 394 00e8 99010000 		.4byte	0x199
 395 00ec 00       		.byte	0
 396 00ed 07       		.uleb128 0x7
 397 00ee BB000000 		.4byte	.LASF18
 398 00f2 01       		.byte	0x1
 399 00f3 CB01     		.2byte	0x1cb
 400 00f5 00000000 		.4byte	.LFB4
 401 00f9 20000000 		.4byte	.LFE4-.LFB4
 402 00fd 01       		.uleb128 0x1
 403 00fe 9C       		.byte	0x9c
 404 00ff 24010000 		.4byte	0x124
 405 0103 09       		.uleb128 0x9
 406 0104 06000000 		.4byte	.LASF21
 407 0108 01       		.byte	0x1
 408 0109 CB01     		.2byte	0x1cb
 409 010b 83000000 		.4byte	0x83
 410 010f 00000000 		.4byte	.LLST0
 411 0113 0A       		.uleb128 0xa
 412 0114 57020000 		.4byte	.LASF23
 413 0118 01       		.byte	0x1
 414 0119 CD01     		.2byte	0x1cd
 415 011b 83000000 		.4byte	0x83
 416 011f 21000000 		.4byte	.LLST1
 417 0123 00       		.byte	0
 418 0124 0B       		.uleb128 0xb
 419 0125 BB010000 		.4byte	.LASF19
 420 0129 01       		.byte	0x1
 421 012a AC       		.byte	0xac
 422 012b 00000000 		.4byte	.LFB1
 423 012f 8C000000 		.4byte	.LFE1-.LFB1
 424 0133 01       		.uleb128 0x1
 425 0134 9C       		.byte	0x9c
 426 0135 49010000 		.4byte	0x149
 427 0139 0C       		.uleb128 0xc
 428 013a 48000000 		.4byte	.LVL6
 429 013e ED000000 		.4byte	0xed
 430 0142 0D       		.uleb128 0xd
 431 0143 01       		.uleb128 0x1
 432 0144 50       		.byte	0x50
 433 0145 01       		.uleb128 0x1
 434 0146 30       		.byte	0x30
 435 0147 00       		.byte	0
 436 0148 00       		.byte	0
 437 0149 07       		.uleb128 0x7
 438 014a 96000000 		.4byte	.LASF20
 439 014e 01       		.byte	0x1
 440 014f F101     		.2byte	0x1f1
 441 0151 00000000 		.4byte	.LFB5
ARM GAS  C:\Users\RD\AppData\Local\Temp\ccArzOlr.s 			page 18


 442 0155 2C000000 		.4byte	.LFE5-.LFB5
 443 0159 01       		.uleb128 0x1
 444 015a 9C       		.byte	0x9c
 445 015b 8E010000 		.4byte	0x18e
 446 015f 09       		.uleb128 0x9
 447 0160 06000000 		.4byte	.LASF21
 448 0164 01       		.byte	0x1
 449 0165 F101     		.2byte	0x1f1
 450 0167 83000000 		.4byte	0x83
 451 016b 4A000000 		.4byte	.LLST2
 452 016f 0E       		.uleb128 0xe
 453 0170 1F020000 		.4byte	.LASF22
 454 0174 01       		.byte	0x1
 455 0175 F101     		.2byte	0x1f1
 456 0177 83000000 		.4byte	0x83
 457 017b 01       		.uleb128 0x1
 458 017c 51       		.byte	0x51
 459 017d 0A       		.uleb128 0xa
 460 017e 0A010000 		.4byte	.LASF24
 461 0182 01       		.byte	0x1
 462 0183 F301     		.2byte	0x1f3
 463 0185 83000000 		.4byte	0x83
 464 0189 6B000000 		.4byte	.LLST3
 465 018d 00       		.byte	0
 466 018e 0F       		.uleb128 0xf
 467 018f 5F020000 		.4byte	.LASF29
 468 0193 03       		.byte	0x3
 469 0194 5B       		.byte	0x5b
 470 0195 77000000 		.4byte	0x77
 471 0199 10       		.uleb128 0x10
 472 019a 7F020000 		.4byte	.LASF30
 473 019e 04       		.byte	0x4
 474 019f 33       		.byte	0x33
 475 01a0 11       		.uleb128 0x11
 476 01a1 6B000000 		.4byte	0x6b
 477 01a5 00       		.byte	0
 478 01a6 00       		.byte	0
 479              		.section	.debug_abbrev,"",%progbits
 480              	.Ldebug_abbrev0:
 481 0000 01       		.uleb128 0x1
 482 0001 11       		.uleb128 0x11
 483 0002 01       		.byte	0x1
 484 0003 25       		.uleb128 0x25
 485 0004 0E       		.uleb128 0xe
 486 0005 13       		.uleb128 0x13
 487 0006 0B       		.uleb128 0xb
 488 0007 03       		.uleb128 0x3
 489 0008 0E       		.uleb128 0xe
 490 0009 1B       		.uleb128 0x1b
 491 000a 0E       		.uleb128 0xe
 492 000b 55       		.uleb128 0x55
 493 000c 17       		.uleb128 0x17
 494 000d 11       		.uleb128 0x11
 495 000e 01       		.uleb128 0x1
 496 000f 10       		.uleb128 0x10
 497 0010 17       		.uleb128 0x17
 498 0011 00       		.byte	0
ARM GAS  C:\Users\RD\AppData\Local\Temp\ccArzOlr.s 			page 19


 499 0012 00       		.byte	0
 500 0013 02       		.uleb128 0x2
 501 0014 24       		.uleb128 0x24
 502 0015 00       		.byte	0
 503 0016 0B       		.uleb128 0xb
 504 0017 0B       		.uleb128 0xb
 505 0018 3E       		.uleb128 0x3e
 506 0019 0B       		.uleb128 0xb
 507 001a 03       		.uleb128 0x3
 508 001b 0E       		.uleb128 0xe
 509 001c 00       		.byte	0
 510 001d 00       		.byte	0
 511 001e 03       		.uleb128 0x3
 512 001f 24       		.uleb128 0x24
 513 0020 00       		.byte	0
 514 0021 0B       		.uleb128 0xb
 515 0022 0B       		.uleb128 0xb
 516 0023 3E       		.uleb128 0x3e
 517 0024 0B       		.uleb128 0xb
 518 0025 03       		.uleb128 0x3
 519 0026 08       		.uleb128 0x8
 520 0027 00       		.byte	0
 521 0028 00       		.byte	0
 522 0029 04       		.uleb128 0x4
 523 002a 16       		.uleb128 0x16
 524 002b 00       		.byte	0
 525 002c 03       		.uleb128 0x3
 526 002d 0E       		.uleb128 0xe
 527 002e 3A       		.uleb128 0x3a
 528 002f 0B       		.uleb128 0xb
 529 0030 3B       		.uleb128 0x3b
 530 0031 05       		.uleb128 0x5
 531 0032 49       		.uleb128 0x49
 532 0033 13       		.uleb128 0x13
 533 0034 00       		.byte	0
 534 0035 00       		.byte	0
 535 0036 05       		.uleb128 0x5
 536 0037 35       		.uleb128 0x35
 537 0038 00       		.byte	0
 538 0039 49       		.uleb128 0x49
 539 003a 13       		.uleb128 0x13
 540 003b 00       		.byte	0
 541 003c 00       		.byte	0
 542 003d 06       		.uleb128 0x6
 543 003e 2E       		.uleb128 0x2e
 544 003f 00       		.byte	0
 545 0040 3F       		.uleb128 0x3f
 546 0041 19       		.uleb128 0x19
 547 0042 03       		.uleb128 0x3
 548 0043 0E       		.uleb128 0xe
 549 0044 3A       		.uleb128 0x3a
 550 0045 0B       		.uleb128 0xb
 551 0046 3B       		.uleb128 0x3b
 552 0047 0B       		.uleb128 0xb
 553 0048 27       		.uleb128 0x27
 554 0049 19       		.uleb128 0x19
 555 004a 11       		.uleb128 0x11
ARM GAS  C:\Users\RD\AppData\Local\Temp\ccArzOlr.s 			page 20


 556 004b 01       		.uleb128 0x1
 557 004c 12       		.uleb128 0x12
 558 004d 06       		.uleb128 0x6
 559 004e 40       		.uleb128 0x40
 560 004f 18       		.uleb128 0x18
 561 0050 9742     		.uleb128 0x2117
 562 0052 19       		.uleb128 0x19
 563 0053 00       		.byte	0
 564 0054 00       		.byte	0
 565 0055 07       		.uleb128 0x7
 566 0056 2E       		.uleb128 0x2e
 567 0057 01       		.byte	0x1
 568 0058 3F       		.uleb128 0x3f
 569 0059 19       		.uleb128 0x19
 570 005a 03       		.uleb128 0x3
 571 005b 0E       		.uleb128 0xe
 572 005c 3A       		.uleb128 0x3a
 573 005d 0B       		.uleb128 0xb
 574 005e 3B       		.uleb128 0x3b
 575 005f 05       		.uleb128 0x5
 576 0060 27       		.uleb128 0x27
 577 0061 19       		.uleb128 0x19
 578 0062 11       		.uleb128 0x11
 579 0063 01       		.uleb128 0x1
 580 0064 12       		.uleb128 0x12
 581 0065 06       		.uleb128 0x6
 582 0066 40       		.uleb128 0x40
 583 0067 18       		.uleb128 0x18
 584 0068 9742     		.uleb128 0x2117
 585 006a 19       		.uleb128 0x19
 586 006b 01       		.uleb128 0x1
 587 006c 13       		.uleb128 0x13
 588 006d 00       		.byte	0
 589 006e 00       		.byte	0
 590 006f 08       		.uleb128 0x8
 591 0070 898201   		.uleb128 0x4109
 592 0073 00       		.byte	0
 593 0074 11       		.uleb128 0x11
 594 0075 01       		.uleb128 0x1
 595 0076 31       		.uleb128 0x31
 596 0077 13       		.uleb128 0x13
 597 0078 00       		.byte	0
 598 0079 00       		.byte	0
 599 007a 09       		.uleb128 0x9
 600 007b 05       		.uleb128 0x5
 601 007c 00       		.byte	0
 602 007d 03       		.uleb128 0x3
 603 007e 0E       		.uleb128 0xe
 604 007f 3A       		.uleb128 0x3a
 605 0080 0B       		.uleb128 0xb
 606 0081 3B       		.uleb128 0x3b
 607 0082 05       		.uleb128 0x5
 608 0083 49       		.uleb128 0x49
 609 0084 13       		.uleb128 0x13
 610 0085 02       		.uleb128 0x2
 611 0086 17       		.uleb128 0x17
 612 0087 00       		.byte	0
ARM GAS  C:\Users\RD\AppData\Local\Temp\ccArzOlr.s 			page 21


 613 0088 00       		.byte	0
 614 0089 0A       		.uleb128 0xa
 615 008a 34       		.uleb128 0x34
 616 008b 00       		.byte	0
 617 008c 03       		.uleb128 0x3
 618 008d 0E       		.uleb128 0xe
 619 008e 3A       		.uleb128 0x3a
 620 008f 0B       		.uleb128 0xb
 621 0090 3B       		.uleb128 0x3b
 622 0091 05       		.uleb128 0x5
 623 0092 49       		.uleb128 0x49
 624 0093 13       		.uleb128 0x13
 625 0094 02       		.uleb128 0x2
 626 0095 17       		.uleb128 0x17
 627 0096 00       		.byte	0
 628 0097 00       		.byte	0
 629 0098 0B       		.uleb128 0xb
 630 0099 2E       		.uleb128 0x2e
 631 009a 01       		.byte	0x1
 632 009b 3F       		.uleb128 0x3f
 633 009c 19       		.uleb128 0x19
 634 009d 03       		.uleb128 0x3
 635 009e 0E       		.uleb128 0xe
 636 009f 3A       		.uleb128 0x3a
 637 00a0 0B       		.uleb128 0xb
 638 00a1 3B       		.uleb128 0x3b
 639 00a2 0B       		.uleb128 0xb
 640 00a3 27       		.uleb128 0x27
 641 00a4 19       		.uleb128 0x19
 642 00a5 11       		.uleb128 0x11
 643 00a6 01       		.uleb128 0x1
 644 00a7 12       		.uleb128 0x12
 645 00a8 06       		.uleb128 0x6
 646 00a9 40       		.uleb128 0x40
 647 00aa 18       		.uleb128 0x18
 648 00ab 9742     		.uleb128 0x2117
 649 00ad 19       		.uleb128 0x19
 650 00ae 01       		.uleb128 0x1
 651 00af 13       		.uleb128 0x13
 652 00b0 00       		.byte	0
 653 00b1 00       		.byte	0
 654 00b2 0C       		.uleb128 0xc
 655 00b3 898201   		.uleb128 0x4109
 656 00b6 01       		.byte	0x1
 657 00b7 11       		.uleb128 0x11
 658 00b8 01       		.uleb128 0x1
 659 00b9 31       		.uleb128 0x31
 660 00ba 13       		.uleb128 0x13
 661 00bb 00       		.byte	0
 662 00bc 00       		.byte	0
 663 00bd 0D       		.uleb128 0xd
 664 00be 8A8201   		.uleb128 0x410a
 665 00c1 00       		.byte	0
 666 00c2 02       		.uleb128 0x2
 667 00c3 18       		.uleb128 0x18
 668 00c4 9142     		.uleb128 0x2111
 669 00c6 18       		.uleb128 0x18
ARM GAS  C:\Users\RD\AppData\Local\Temp\ccArzOlr.s 			page 22


 670 00c7 00       		.byte	0
 671 00c8 00       		.byte	0
 672 00c9 0E       		.uleb128 0xe
 673 00ca 05       		.uleb128 0x5
 674 00cb 00       		.byte	0
 675 00cc 03       		.uleb128 0x3
 676 00cd 0E       		.uleb128 0xe
 677 00ce 3A       		.uleb128 0x3a
 678 00cf 0B       		.uleb128 0xb
 679 00d0 3B       		.uleb128 0x3b
 680 00d1 05       		.uleb128 0x5
 681 00d2 49       		.uleb128 0x49
 682 00d3 13       		.uleb128 0x13
 683 00d4 02       		.uleb128 0x2
 684 00d5 18       		.uleb128 0x18
 685 00d6 00       		.byte	0
 686 00d7 00       		.byte	0
 687 00d8 0F       		.uleb128 0xf
 688 00d9 34       		.uleb128 0x34
 689 00da 00       		.byte	0
 690 00db 03       		.uleb128 0x3
 691 00dc 0E       		.uleb128 0xe
 692 00dd 3A       		.uleb128 0x3a
 693 00de 0B       		.uleb128 0xb
 694 00df 3B       		.uleb128 0x3b
 695 00e0 0B       		.uleb128 0xb
 696 00e1 49       		.uleb128 0x49
 697 00e2 13       		.uleb128 0x13
 698 00e3 3F       		.uleb128 0x3f
 699 00e4 19       		.uleb128 0x19
 700 00e5 3C       		.uleb128 0x3c
 701 00e6 19       		.uleb128 0x19
 702 00e7 00       		.byte	0
 703 00e8 00       		.byte	0
 704 00e9 10       		.uleb128 0x10
 705 00ea 2E       		.uleb128 0x2e
 706 00eb 01       		.byte	0x1
 707 00ec 3F       		.uleb128 0x3f
 708 00ed 19       		.uleb128 0x19
 709 00ee 03       		.uleb128 0x3
 710 00ef 0E       		.uleb128 0xe
 711 00f0 3A       		.uleb128 0x3a
 712 00f1 0B       		.uleb128 0xb
 713 00f2 3B       		.uleb128 0x3b
 714 00f3 0B       		.uleb128 0xb
 715 00f4 27       		.uleb128 0x27
 716 00f5 19       		.uleb128 0x19
 717 00f6 3C       		.uleb128 0x3c
 718 00f7 19       		.uleb128 0x19
 719 00f8 00       		.byte	0
 720 00f9 00       		.byte	0
 721 00fa 11       		.uleb128 0x11
 722 00fb 05       		.uleb128 0x5
 723 00fc 00       		.byte	0
 724 00fd 49       		.uleb128 0x49
 725 00fe 13       		.uleb128 0x13
 726 00ff 00       		.byte	0
ARM GAS  C:\Users\RD\AppData\Local\Temp\ccArzOlr.s 			page 23


 727 0100 00       		.byte	0
 728 0101 00       		.byte	0
 729              		.section	.debug_loc,"",%progbits
 730              	.Ldebug_loc0:
 731              	.LLST0:
 732 0000 00000000 		.4byte	.LVL1
 733 0004 0A000000 		.4byte	.LVL4
 734 0008 0100     		.2byte	0x1
 735 000a 50       		.byte	0x50
 736 000b 0A000000 		.4byte	.LVL4
 737 000f 20000000 		.4byte	.LFE4
 738 0013 0400     		.2byte	0x4
 739 0015 F3       		.byte	0xf3
 740 0016 01       		.uleb128 0x1
 741 0017 50       		.byte	0x50
 742 0018 9F       		.byte	0x9f
 743 0019 00000000 		.4byte	0
 744 001d 00000000 		.4byte	0
 745              	.LLST1:
 746 0021 04000000 		.4byte	.LVL2
 747 0025 08000000 		.4byte	.LVL3
 748 0029 0100     		.2byte	0x1
 749 002b 52       		.byte	0x52
 750 002c 08000000 		.4byte	.LVL3
 751 0030 12000000 		.4byte	.LVL5
 752 0034 0100     		.2byte	0x1
 753 0036 53       		.byte	0x53
 754 0037 12000000 		.4byte	.LVL5
 755 003b 20000000 		.4byte	.LFE4
 756 003f 0100     		.2byte	0x1
 757 0041 50       		.byte	0x50
 758 0042 00000000 		.4byte	0
 759 0046 00000000 		.4byte	0
 760              	.LLST2:
 761 004a 00000000 		.4byte	.LVL7
 762 004e 08000000 		.4byte	.LVL8
 763 0052 0100     		.2byte	0x1
 764 0054 50       		.byte	0x50
 765 0055 08000000 		.4byte	.LVL8
 766 0059 2C000000 		.4byte	.LFE5
 767 005d 0400     		.2byte	0x4
 768 005f F3       		.byte	0xf3
 769 0060 01       		.uleb128 0x1
 770 0061 50       		.byte	0x50
 771 0062 9F       		.byte	0x9f
 772 0063 00000000 		.4byte	0
 773 0067 00000000 		.4byte	0
 774              	.LLST3:
 775 006b 0E000000 		.4byte	.LVL9
 776 006f 18000000 		.4byte	.LVL10
 777 0073 0100     		.2byte	0x1
 778 0075 50       		.byte	0x50
 779 0076 18000000 		.4byte	.LVL10
 780 007a 1C000000 		.4byte	.LVL11
 781 007e 0C00     		.2byte	0xc
 782 0080 0A       		.byte	0xa
 783 0081 0001     		.2byte	0x100
ARM GAS  C:\Users\RD\AppData\Local\Temp\ccArzOlr.s 			page 24


 784 0083 F3       		.byte	0xf3
 785 0084 01       		.uleb128 0x1
 786 0085 50       		.byte	0x50
 787 0086 24       		.byte	0x24
 788 0087 0A       		.byte	0xa
 789 0088 000F     		.2byte	0xf00
 790 008a 1A       		.byte	0x1a
 791 008b 9F       		.byte	0x9f
 792 008c 1C000000 		.4byte	.LVL11
 793 0090 24000000 		.4byte	.LVL12
 794 0094 0100     		.2byte	0x1
 795 0096 50       		.byte	0x50
 796 0097 24000000 		.4byte	.LVL12
 797 009b 2C000000 		.4byte	.LFE5
 798 009f 0C00     		.2byte	0xc
 799 00a1 0A       		.byte	0xa
 800 00a2 0001     		.2byte	0x100
 801 00a4 F3       		.byte	0xf3
 802 00a5 01       		.uleb128 0x1
 803 00a6 50       		.byte	0x50
 804 00a7 24       		.byte	0x24
 805 00a8 0A       		.byte	0xa
 806 00a9 000F     		.2byte	0xf00
 807 00ab 1A       		.byte	0x1a
 808 00ac 9F       		.byte	0x9f
 809 00ad 00000000 		.4byte	0
 810 00b1 00000000 		.4byte	0
 811              		.section	.debug_aranges,"",%progbits
 812 0000 3C000000 		.4byte	0x3c
 813 0004 0200     		.2byte	0x2
 814 0006 00000000 		.4byte	.Ldebug_info0
 815 000a 04       		.byte	0x4
 816 000b 00       		.byte	0
 817 000c 0000     		.2byte	0
 818 000e 0000     		.2byte	0
 819 0010 00000000 		.4byte	.LFB2
 820 0014 24000000 		.4byte	.LFE2-.LFB2
 821 0018 00000000 		.4byte	.LFB3
 822 001c 3C000000 		.4byte	.LFE3-.LFB3
 823 0020 00000000 		.4byte	.LFB4
 824 0024 20000000 		.4byte	.LFE4-.LFB4
 825 0028 00000000 		.4byte	.LFB1
 826 002c 8C000000 		.4byte	.LFE1-.LFB1
 827 0030 00000000 		.4byte	.LFB5
 828 0034 2C000000 		.4byte	.LFE5-.LFB5
 829 0038 00000000 		.4byte	0
 830 003c 00000000 		.4byte	0
 831              		.section	.debug_ranges,"",%progbits
 832              	.Ldebug_ranges0:
 833 0000 00000000 		.4byte	.LFB2
 834 0004 24000000 		.4byte	.LFE2
 835 0008 00000000 		.4byte	.LFB3
 836 000c 3C000000 		.4byte	.LFE3
 837 0010 00000000 		.4byte	.LFB4
 838 0014 20000000 		.4byte	.LFE4
 839 0018 00000000 		.4byte	.LFB1
 840 001c 8C000000 		.4byte	.LFE1
ARM GAS  C:\Users\RD\AppData\Local\Temp\ccArzOlr.s 			page 25


 841 0020 00000000 		.4byte	.LFB5
 842 0024 2C000000 		.4byte	.LFE5
 843 0028 00000000 		.4byte	0
 844 002c 00000000 		.4byte	0
 845              		.section	.debug_line,"",%progbits
 846              	.Ldebug_line0:
 847 0000 F8000000 		.section	.debug_str,"MS",%progbits,1
 847      02007600 
 847      00000201 
 847      FB0E0D00 
 847      01010101 
 848              	.LASF15:
 849 0000 72656733 		.ascii	"reg32\000"
 849      3200
 850              	.LASF21:
 851 0006 736C6176 		.ascii	"slaveSelect\000"
 851      6553656C 
 851      65637400 
 852              	.LASF26:
 853 0012 47656E65 		.ascii	"Generated_Source\\PSoC4\\LED_Driver_SPI.c\000"
 853      72617465 
 853      645F536F 
 853      75726365 
 853      5C50536F 
 854              	.LASF27:
 855 003a 433A5C55 		.ascii	"C:\\Users\\RD\\Documents\\Data_RD\\FAE Content\\D2\\"
 855      73657273 
 855      5C52445C 
 855      446F6375 
 855      6D656E74 
 856 0067 426F7365 		.ascii	"Bose\\Capsene Board 12 2016\\Slider\\Slider.cydsn\000"
 856      5C436170 
 856      73656E65 
 856      20426F61 
 856      72642031 
 857              	.LASF20:
 858 0096 4C45445F 		.ascii	"LED_Driver_SpiSetSlaveSelectPolarity\000"
 858      44726976 
 858      65725F53 
 858      70695365 
 858      74536C61 
 859              	.LASF18:
 860 00bb 4C45445F 		.ascii	"LED_Driver_SpiSetActiveSlaveSelect\000"
 860      44726976 
 860      65725F53 
 860      70695365 
 860      74416374 
 861              	.LASF28:
 862 00de 4C45445F 		.ascii	"LED_Driver_SpiPostEnable\000"
 862      44726976 
 862      65725F53 
 862      7069506F 
 862      7374456E 
 863              	.LASF3:
 864 00f7 73686F72 		.ascii	"short unsigned int\000"
 864      7420756E 
 864      7369676E 
ARM GAS  C:\Users\RD\AppData\Local\Temp\ccArzOlr.s 			page 26


 864      65642069 
 864      6E7400
 865              	.LASF24:
 866 010a 7373506F 		.ascii	"ssPolarity\000"
 866      6C617269 
 866      747900
 867              	.LASF12:
 868 0115 666C6F61 		.ascii	"float\000"
 868      7400
 869              	.LASF1:
 870 011b 756E7369 		.ascii	"unsigned char\000"
 870      676E6564 
 870      20636861 
 870      7200
 871              	.LASF25:
 872 0129 474E5520 		.ascii	"GNU C 4.9.3 20150303 (release) [ARM/embedded-4_9-br"
 872      4320342E 
 872      392E3320 
 872      32303135 
 872      30333033 
 873 015c 616E6368 		.ascii	"anch revision 221220] -mcpu=cortex-m0plus -mthumb -"
 873      20726576 
 873      6973696F 
 873      6E203232 
 873      31323230 
 874 018f 67202D4F 		.ascii	"g -Og -ffunction-sections -ffat-lto-objects\000"
 874      67202D66 
 874      66756E63 
 874      74696F6E 
 874      2D736563 
 875              	.LASF19:
 876 01bb 4C45445F 		.ascii	"LED_Driver_SpiInit\000"
 876      44726976 
 876      65725F53 
 876      7069496E 
 876      697400
 877              	.LASF5:
 878 01ce 6C6F6E67 		.ascii	"long unsigned int\000"
 878      20756E73 
 878      69676E65 
 878      6420696E 
 878      7400
 879              	.LASF9:
 880 01e0 75696E74 		.ascii	"uint8\000"
 880      3800
 881              	.LASF13:
 882 01e6 646F7562 		.ascii	"double\000"
 882      6C6500
 883              	.LASF10:
 884 01ed 75696E74 		.ascii	"uint16\000"
 884      313600
 885              	.LASF11:
 886 01f4 75696E74 		.ascii	"uint32\000"
 886      333200
 887              	.LASF8:
 888 01fb 756E7369 		.ascii	"unsigned int\000"
 888      676E6564 
ARM GAS  C:\Users\RD\AppData\Local\Temp\ccArzOlr.s 			page 27


 888      20696E74 
 888      00
 889              	.LASF7:
 890 0208 6C6F6E67 		.ascii	"long long unsigned int\000"
 890      206C6F6E 
 890      6720756E 
 890      7369676E 
 890      65642069 
 891              	.LASF22:
 892 021f 706F6C61 		.ascii	"polarity\000"
 892      72697479 
 892      00
 893              	.LASF17:
 894 0228 4C45445F 		.ascii	"LED_Driver_SpiStop\000"
 894      44726976 
 894      65725F53 
 894      70695374 
 894      6F7000
 895              	.LASF16:
 896 023b 73697A65 		.ascii	"sizetype\000"
 896      74797065 
 896      00
 897              	.LASF6:
 898 0244 6C6F6E67 		.ascii	"long long int\000"
 898      206C6F6E 
 898      6720696E 
 898      7400
 899              	.LASF14:
 900 0252 63686172 		.ascii	"char\000"
 900      00
 901              	.LASF23:
 902 0257 73706943 		.ascii	"spiCtrl\000"
 902      74726C00 
 903              	.LASF29:
 904 025f 4C45445F 		.ascii	"LED_Driver_IntrTxMask\000"
 904      44726976 
 904      65725F49 
 904      6E747254 
 904      784D6173 
 905              	.LASF2:
 906 0275 73686F72 		.ascii	"short int\000"
 906      7420696E 
 906      7400
 907              	.LASF30:
 908 027f 4C45445F 		.ascii	"LED_Driver_sclk_m_Write\000"
 908      44726976 
 908      65725F73 
 908      636C6B5F 
 908      6D5F5772 
 909              	.LASF4:
 910 0297 6C6F6E67 		.ascii	"long int\000"
 910      20696E74 
 910      00
 911              	.LASF0:
 912 02a0 7369676E 		.ascii	"signed char\000"
 912      65642063 
 912      68617200 
ARM GAS  C:\Users\RD\AppData\Local\Temp\ccArzOlr.s 			page 28


 913              		.ident	"GCC: (GNU Tools for ARM Embedded Processors) 4.9.3 20150303 (release) [ARM/embedded-4_9-br
