ARM GAS  C:\Users\RD\AppData\Local\Temp\cc5BxKRI.s 			page 1


   1              		.cpu cortex-m0plus
   2              		.fpu softvfp
   3              		.eabi_attribute 20, 1
   4              		.eabi_attribute 21, 1
   5              		.eabi_attribute 23, 3
   6              		.eabi_attribute 24, 1
   7              		.eabi_attribute 25, 1
   8              		.eabi_attribute 26, 1
   9              		.eabi_attribute 30, 1
  10              		.eabi_attribute 34, 0
  11              		.eabi_attribute 18, 4
  12              		.code	16
  13              		.file	"LED_Driver_SPI_UART.c"
  14              		.text
  15              	.Ltext0:
  16              		.cfi_sections	.debug_frame
  17              		.section	.text.LED_Driver_SpiUartReadRxData,"ax",%progbits
  18              		.align	2
  19              		.global	LED_Driver_SpiUartReadRxData
  20              		.code	16
  21              		.thumb_func
  22              		.type	LED_Driver_SpiUartReadRxData, %function
  23              	LED_Driver_SpiUartReadRxData:
  24              	.LFB1:
  25              		.file 1 "Generated_Source\\PSoC4\\LED_Driver_SPI_UART.c"
   1:Generated_Source\PSoC4/LED_Driver_SPI_UART.c **** /***************************************************************************//**
   2:Generated_Source\PSoC4/LED_Driver_SPI_UART.c **** * \file LED_Driver_SPI_UART.c
   3:Generated_Source\PSoC4/LED_Driver_SPI_UART.c **** * \version 3.20
   4:Generated_Source\PSoC4/LED_Driver_SPI_UART.c **** *
   5:Generated_Source\PSoC4/LED_Driver_SPI_UART.c **** * \brief
   6:Generated_Source\PSoC4/LED_Driver_SPI_UART.c **** *  This file provides the source code to the API for the SCB Component in
   7:Generated_Source\PSoC4/LED_Driver_SPI_UART.c **** *  SPI and UART modes.
   8:Generated_Source\PSoC4/LED_Driver_SPI_UART.c **** *
   9:Generated_Source\PSoC4/LED_Driver_SPI_UART.c **** * Note:
  10:Generated_Source\PSoC4/LED_Driver_SPI_UART.c **** *
  11:Generated_Source\PSoC4/LED_Driver_SPI_UART.c **** *******************************************************************************
  12:Generated_Source\PSoC4/LED_Driver_SPI_UART.c **** * \copyright
  13:Generated_Source\PSoC4/LED_Driver_SPI_UART.c **** * Copyright 2013-2016, Cypress Semiconductor Corporation.  All rights reserved.
  14:Generated_Source\PSoC4/LED_Driver_SPI_UART.c **** * You may use this file only in accordance with the license, terms, conditions,
  15:Generated_Source\PSoC4/LED_Driver_SPI_UART.c **** * disclaimers, and limitations in the end user license agreement accompanying
  16:Generated_Source\PSoC4/LED_Driver_SPI_UART.c **** * the software package with which this file was provided.
  17:Generated_Source\PSoC4/LED_Driver_SPI_UART.c **** *******************************************************************************/
  18:Generated_Source\PSoC4/LED_Driver_SPI_UART.c **** 
  19:Generated_Source\PSoC4/LED_Driver_SPI_UART.c **** #include "LED_Driver_PVT.h"
  20:Generated_Source\PSoC4/LED_Driver_SPI_UART.c **** #include "LED_Driver_SPI_UART_PVT.h"
  21:Generated_Source\PSoC4/LED_Driver_SPI_UART.c **** 
  22:Generated_Source\PSoC4/LED_Driver_SPI_UART.c **** /***************************************
  23:Generated_Source\PSoC4/LED_Driver_SPI_UART.c **** *        SPI/UART Private Vars
  24:Generated_Source\PSoC4/LED_Driver_SPI_UART.c **** ***************************************/
  25:Generated_Source\PSoC4/LED_Driver_SPI_UART.c **** 
  26:Generated_Source\PSoC4/LED_Driver_SPI_UART.c **** #if(LED_Driver_INTERNAL_RX_SW_BUFFER_CONST)
  27:Generated_Source\PSoC4/LED_Driver_SPI_UART.c ****     /* Start index to put data into the software receive buffer.*/
  28:Generated_Source\PSoC4/LED_Driver_SPI_UART.c ****     volatile uint32 LED_Driver_rxBufferHead;
  29:Generated_Source\PSoC4/LED_Driver_SPI_UART.c ****     /* Start index to get data from the software receive buffer.*/
  30:Generated_Source\PSoC4/LED_Driver_SPI_UART.c ****     volatile uint32 LED_Driver_rxBufferTail;
  31:Generated_Source\PSoC4/LED_Driver_SPI_UART.c ****     /**
  32:Generated_Source\PSoC4/LED_Driver_SPI_UART.c ****     * \addtogroup group_globals
ARM GAS  C:\Users\RD\AppData\Local\Temp\cc5BxKRI.s 			page 2


  33:Generated_Source\PSoC4/LED_Driver_SPI_UART.c ****     * \{
  34:Generated_Source\PSoC4/LED_Driver_SPI_UART.c ****     */
  35:Generated_Source\PSoC4/LED_Driver_SPI_UART.c ****     /** Sets when internal software receive buffer overflow
  36:Generated_Source\PSoC4/LED_Driver_SPI_UART.c ****     *  was occurred.
  37:Generated_Source\PSoC4/LED_Driver_SPI_UART.c ****     */
  38:Generated_Source\PSoC4/LED_Driver_SPI_UART.c ****     volatile uint8  LED_Driver_rxBufferOverflow;
  39:Generated_Source\PSoC4/LED_Driver_SPI_UART.c ****     /** \} globals */
  40:Generated_Source\PSoC4/LED_Driver_SPI_UART.c **** #endif /* (LED_Driver_INTERNAL_RX_SW_BUFFER_CONST) */
  41:Generated_Source\PSoC4/LED_Driver_SPI_UART.c **** 
  42:Generated_Source\PSoC4/LED_Driver_SPI_UART.c **** #if(LED_Driver_INTERNAL_TX_SW_BUFFER_CONST)
  43:Generated_Source\PSoC4/LED_Driver_SPI_UART.c ****     /* Start index to put data into the software transmit buffer.*/
  44:Generated_Source\PSoC4/LED_Driver_SPI_UART.c ****     volatile uint32 LED_Driver_txBufferHead;
  45:Generated_Source\PSoC4/LED_Driver_SPI_UART.c ****     /* Start index to get data from the software transmit buffer.*/
  46:Generated_Source\PSoC4/LED_Driver_SPI_UART.c ****     volatile uint32 LED_Driver_txBufferTail;
  47:Generated_Source\PSoC4/LED_Driver_SPI_UART.c **** #endif /* (LED_Driver_INTERNAL_TX_SW_BUFFER_CONST) */
  48:Generated_Source\PSoC4/LED_Driver_SPI_UART.c **** 
  49:Generated_Source\PSoC4/LED_Driver_SPI_UART.c **** #if(LED_Driver_INTERNAL_RX_SW_BUFFER)
  50:Generated_Source\PSoC4/LED_Driver_SPI_UART.c ****     /* Add one element to the buffer to receive full packet. One byte in receive buffer is always e
  51:Generated_Source\PSoC4/LED_Driver_SPI_UART.c ****     volatile uint16 LED_Driver_rxBufferInternal[LED_Driver_INTERNAL_RX_BUFFER_SIZE];
  52:Generated_Source\PSoC4/LED_Driver_SPI_UART.c **** #endif /* (LED_Driver_INTERNAL_RX_SW_BUFFER) */
  53:Generated_Source\PSoC4/LED_Driver_SPI_UART.c **** 
  54:Generated_Source\PSoC4/LED_Driver_SPI_UART.c **** #if(LED_Driver_INTERNAL_TX_SW_BUFFER)
  55:Generated_Source\PSoC4/LED_Driver_SPI_UART.c ****     volatile uint16 LED_Driver_txBufferInternal[LED_Driver_TX_BUFFER_SIZE];
  56:Generated_Source\PSoC4/LED_Driver_SPI_UART.c **** #endif /* (LED_Driver_INTERNAL_TX_SW_BUFFER) */
  57:Generated_Source\PSoC4/LED_Driver_SPI_UART.c **** 
  58:Generated_Source\PSoC4/LED_Driver_SPI_UART.c **** 
  59:Generated_Source\PSoC4/LED_Driver_SPI_UART.c **** #if(LED_Driver_RX_DIRECTION)
  60:Generated_Source\PSoC4/LED_Driver_SPI_UART.c ****     /*******************************************************************************
  61:Generated_Source\PSoC4/LED_Driver_SPI_UART.c ****     * Function Name: LED_Driver_SpiUartReadRxData
  62:Generated_Source\PSoC4/LED_Driver_SPI_UART.c ****     ****************************************************************************//**
  63:Generated_Source\PSoC4/LED_Driver_SPI_UART.c ****     *
  64:Generated_Source\PSoC4/LED_Driver_SPI_UART.c ****     *  Retrieves the next data element from the receive buffer.
  65:Generated_Source\PSoC4/LED_Driver_SPI_UART.c ****     *   - RX software buffer is disabled: Returns data element retrieved from
  66:Generated_Source\PSoC4/LED_Driver_SPI_UART.c ****     *     RX FIFO. Undefined data will be returned if the RX FIFO is empty.
  67:Generated_Source\PSoC4/LED_Driver_SPI_UART.c ****     *   - RX software buffer is enabled: Returns data element from the software
  68:Generated_Source\PSoC4/LED_Driver_SPI_UART.c ****     *     receive buffer. Zero value is returned if the software receive buffer
  69:Generated_Source\PSoC4/LED_Driver_SPI_UART.c ****     *     is empty.
  70:Generated_Source\PSoC4/LED_Driver_SPI_UART.c ****     *
  71:Generated_Source\PSoC4/LED_Driver_SPI_UART.c ****     * \return
  72:Generated_Source\PSoC4/LED_Driver_SPI_UART.c ****     *  Next data element from the receive buffer. 
  73:Generated_Source\PSoC4/LED_Driver_SPI_UART.c ****     *  The amount of data bits to be received depends on RX data bits selection 
  74:Generated_Source\PSoC4/LED_Driver_SPI_UART.c ****     *  (the data bit counting starts from LSB of return value).
  75:Generated_Source\PSoC4/LED_Driver_SPI_UART.c ****     *
  76:Generated_Source\PSoC4/LED_Driver_SPI_UART.c ****     * \globalvars
  77:Generated_Source\PSoC4/LED_Driver_SPI_UART.c ****     *  LED_Driver_rxBufferHead - the start index to put data into the 
  78:Generated_Source\PSoC4/LED_Driver_SPI_UART.c ****     *  software receive buffer.
  79:Generated_Source\PSoC4/LED_Driver_SPI_UART.c ****     *  LED_Driver_rxBufferTail - the start index to get data from the 
  80:Generated_Source\PSoC4/LED_Driver_SPI_UART.c ****     *  software receive buffer.
  81:Generated_Source\PSoC4/LED_Driver_SPI_UART.c ****     *
  82:Generated_Source\PSoC4/LED_Driver_SPI_UART.c ****     *******************************************************************************/
  83:Generated_Source\PSoC4/LED_Driver_SPI_UART.c ****     uint32 LED_Driver_SpiUartReadRxData(void)
  84:Generated_Source\PSoC4/LED_Driver_SPI_UART.c ****     {
  26              		.loc 1 84 0
  27              		.cfi_startproc
  28              	.LVL0:
  85:Generated_Source\PSoC4/LED_Driver_SPI_UART.c ****         uint32 rxData = 0u;
  86:Generated_Source\PSoC4/LED_Driver_SPI_UART.c **** 
ARM GAS  C:\Users\RD\AppData\Local\Temp\cc5BxKRI.s 			page 3


  87:Generated_Source\PSoC4/LED_Driver_SPI_UART.c ****     #if (LED_Driver_INTERNAL_RX_SW_BUFFER_CONST)
  88:Generated_Source\PSoC4/LED_Driver_SPI_UART.c ****         uint32 locTail;
  89:Generated_Source\PSoC4/LED_Driver_SPI_UART.c ****     #endif /* (LED_Driver_INTERNAL_RX_SW_BUFFER_CONST) */
  90:Generated_Source\PSoC4/LED_Driver_SPI_UART.c **** 
  91:Generated_Source\PSoC4/LED_Driver_SPI_UART.c ****         #if (LED_Driver_CHECK_RX_SW_BUFFER)
  92:Generated_Source\PSoC4/LED_Driver_SPI_UART.c ****         {
  93:Generated_Source\PSoC4/LED_Driver_SPI_UART.c ****             if (LED_Driver_rxBufferHead != LED_Driver_rxBufferTail)
  94:Generated_Source\PSoC4/LED_Driver_SPI_UART.c ****             {
  95:Generated_Source\PSoC4/LED_Driver_SPI_UART.c ****                 /* There is data in RX software buffer */
  96:Generated_Source\PSoC4/LED_Driver_SPI_UART.c **** 
  97:Generated_Source\PSoC4/LED_Driver_SPI_UART.c ****                 /* Calculate index to read from */
  98:Generated_Source\PSoC4/LED_Driver_SPI_UART.c ****                 locTail = (LED_Driver_rxBufferTail + 1u);
  99:Generated_Source\PSoC4/LED_Driver_SPI_UART.c **** 
 100:Generated_Source\PSoC4/LED_Driver_SPI_UART.c ****                 if (LED_Driver_INTERNAL_RX_BUFFER_SIZE == locTail)
 101:Generated_Source\PSoC4/LED_Driver_SPI_UART.c ****                 {
 102:Generated_Source\PSoC4/LED_Driver_SPI_UART.c ****                     locTail = 0u;
 103:Generated_Source\PSoC4/LED_Driver_SPI_UART.c ****                 }
 104:Generated_Source\PSoC4/LED_Driver_SPI_UART.c **** 
 105:Generated_Source\PSoC4/LED_Driver_SPI_UART.c ****                 /* Get data from RX software buffer */
 106:Generated_Source\PSoC4/LED_Driver_SPI_UART.c ****                 rxData = LED_Driver_GetWordFromRxBuffer(locTail);
 107:Generated_Source\PSoC4/LED_Driver_SPI_UART.c **** 
 108:Generated_Source\PSoC4/LED_Driver_SPI_UART.c ****                 /* Change index in the buffer */
 109:Generated_Source\PSoC4/LED_Driver_SPI_UART.c ****                 LED_Driver_rxBufferTail = locTail;
 110:Generated_Source\PSoC4/LED_Driver_SPI_UART.c **** 
 111:Generated_Source\PSoC4/LED_Driver_SPI_UART.c ****                 #if (LED_Driver_CHECK_UART_RTS_CONTROL_FLOW)
 112:Generated_Source\PSoC4/LED_Driver_SPI_UART.c ****                 {
 113:Generated_Source\PSoC4/LED_Driver_SPI_UART.c ****                     /* Check if RX Not Empty is disabled in the interrupt */
 114:Generated_Source\PSoC4/LED_Driver_SPI_UART.c ****                     if (0u == (LED_Driver_INTR_RX_MASK_REG & LED_Driver_INTR_RX_NOT_EMPTY))
 115:Generated_Source\PSoC4/LED_Driver_SPI_UART.c ****                     {
 116:Generated_Source\PSoC4/LED_Driver_SPI_UART.c ****                         /* Enable RX Not Empty interrupt source to continue
 117:Generated_Source\PSoC4/LED_Driver_SPI_UART.c ****                         * receiving data into software buffer.
 118:Generated_Source\PSoC4/LED_Driver_SPI_UART.c ****                         */
 119:Generated_Source\PSoC4/LED_Driver_SPI_UART.c ****                         LED_Driver_INTR_RX_MASK_REG |= LED_Driver_INTR_RX_NOT_EMPTY;
 120:Generated_Source\PSoC4/LED_Driver_SPI_UART.c ****                     }
 121:Generated_Source\PSoC4/LED_Driver_SPI_UART.c ****                 }
 122:Generated_Source\PSoC4/LED_Driver_SPI_UART.c ****                 #endif
 123:Generated_Source\PSoC4/LED_Driver_SPI_UART.c **** 
 124:Generated_Source\PSoC4/LED_Driver_SPI_UART.c ****             }
 125:Generated_Source\PSoC4/LED_Driver_SPI_UART.c ****         }
 126:Generated_Source\PSoC4/LED_Driver_SPI_UART.c ****         #else
 127:Generated_Source\PSoC4/LED_Driver_SPI_UART.c ****         {
 128:Generated_Source\PSoC4/LED_Driver_SPI_UART.c ****             /* Read data from RX FIFO */
 129:Generated_Source\PSoC4/LED_Driver_SPI_UART.c ****             rxData = LED_Driver_RX_FIFO_RD_REG;
  29              		.loc 1 129 0
  30 0000 014B     		ldr	r3, .L2
  31 0002 1868     		ldr	r0, [r3]
  32              	.LVL1:
 130:Generated_Source\PSoC4/LED_Driver_SPI_UART.c ****         }
 131:Generated_Source\PSoC4/LED_Driver_SPI_UART.c ****         #endif
 132:Generated_Source\PSoC4/LED_Driver_SPI_UART.c **** 
 133:Generated_Source\PSoC4/LED_Driver_SPI_UART.c ****         return (rxData);
 134:Generated_Source\PSoC4/LED_Driver_SPI_UART.c ****     }
  33              		.loc 1 134 0
  34              		@ sp needed
  35 0004 7047     		bx	lr
  36              	.L3:
  37 0006 C046     		.align	2
ARM GAS  C:\Users\RD\AppData\Local\Temp\cc5BxKRI.s 			page 4


  38              	.L2:
  39 0008 40030940 		.word	1074332480
  40              		.cfi_endproc
  41              	.LFE1:
  42              		.size	LED_Driver_SpiUartReadRxData, .-LED_Driver_SpiUartReadRxData
  43              		.section	.text.LED_Driver_SpiUartGetRxBufferSize,"ax",%progbits
  44              		.align	2
  45              		.global	LED_Driver_SpiUartGetRxBufferSize
  46              		.code	16
  47              		.thumb_func
  48              		.type	LED_Driver_SpiUartGetRxBufferSize, %function
  49              	LED_Driver_SpiUartGetRxBufferSize:
  50              	.LFB2:
 135:Generated_Source\PSoC4/LED_Driver_SPI_UART.c **** 
 136:Generated_Source\PSoC4/LED_Driver_SPI_UART.c **** 
 137:Generated_Source\PSoC4/LED_Driver_SPI_UART.c ****     /*******************************************************************************
 138:Generated_Source\PSoC4/LED_Driver_SPI_UART.c ****     * Function Name: LED_Driver_SpiUartGetRxBufferSize
 139:Generated_Source\PSoC4/LED_Driver_SPI_UART.c ****     ****************************************************************************//**
 140:Generated_Source\PSoC4/LED_Driver_SPI_UART.c ****     *
 141:Generated_Source\PSoC4/LED_Driver_SPI_UART.c ****     *  Returns the number of received data elements in the receive buffer.
 142:Generated_Source\PSoC4/LED_Driver_SPI_UART.c ****     *   - RX software buffer disabled: returns the number of used entries in
 143:Generated_Source\PSoC4/LED_Driver_SPI_UART.c ****     *     RX FIFO.
 144:Generated_Source\PSoC4/LED_Driver_SPI_UART.c ****     *   - RX software buffer enabled: returns the number of elements which were
 145:Generated_Source\PSoC4/LED_Driver_SPI_UART.c ****     *     placed in the receive buffer. This does not include the hardware RX FIFO.
 146:Generated_Source\PSoC4/LED_Driver_SPI_UART.c ****     *
 147:Generated_Source\PSoC4/LED_Driver_SPI_UART.c ****     * \return
 148:Generated_Source\PSoC4/LED_Driver_SPI_UART.c ****     *  Number of received data elements.
 149:Generated_Source\PSoC4/LED_Driver_SPI_UART.c ****     *
 150:Generated_Source\PSoC4/LED_Driver_SPI_UART.c ****     * \globalvars
 151:Generated_Source\PSoC4/LED_Driver_SPI_UART.c ****     *  LED_Driver_rxBufferHead - the start index to put data into the 
 152:Generated_Source\PSoC4/LED_Driver_SPI_UART.c ****     *  software receive buffer.
 153:Generated_Source\PSoC4/LED_Driver_SPI_UART.c ****     *  LED_Driver_rxBufferTail - the start index to get data from the 
 154:Generated_Source\PSoC4/LED_Driver_SPI_UART.c ****     *  software receive buffer.
 155:Generated_Source\PSoC4/LED_Driver_SPI_UART.c ****     *
 156:Generated_Source\PSoC4/LED_Driver_SPI_UART.c ****     *******************************************************************************/
 157:Generated_Source\PSoC4/LED_Driver_SPI_UART.c ****     uint32 LED_Driver_SpiUartGetRxBufferSize(void)
 158:Generated_Source\PSoC4/LED_Driver_SPI_UART.c ****     {
  51              		.loc 1 158 0
  52              		.cfi_startproc
 159:Generated_Source\PSoC4/LED_Driver_SPI_UART.c ****         uint32 size;
 160:Generated_Source\PSoC4/LED_Driver_SPI_UART.c ****     #if (LED_Driver_INTERNAL_RX_SW_BUFFER_CONST)
 161:Generated_Source\PSoC4/LED_Driver_SPI_UART.c ****         uint32 locHead;
 162:Generated_Source\PSoC4/LED_Driver_SPI_UART.c ****     #endif /* (LED_Driver_INTERNAL_RX_SW_BUFFER_CONST) */
 163:Generated_Source\PSoC4/LED_Driver_SPI_UART.c **** 
 164:Generated_Source\PSoC4/LED_Driver_SPI_UART.c ****         #if (LED_Driver_CHECK_RX_SW_BUFFER)
 165:Generated_Source\PSoC4/LED_Driver_SPI_UART.c ****         {
 166:Generated_Source\PSoC4/LED_Driver_SPI_UART.c ****             locHead = LED_Driver_rxBufferHead;
 167:Generated_Source\PSoC4/LED_Driver_SPI_UART.c **** 
 168:Generated_Source\PSoC4/LED_Driver_SPI_UART.c ****             if(locHead >= LED_Driver_rxBufferTail)
 169:Generated_Source\PSoC4/LED_Driver_SPI_UART.c ****             {
 170:Generated_Source\PSoC4/LED_Driver_SPI_UART.c ****                 size = (locHead - LED_Driver_rxBufferTail);
 171:Generated_Source\PSoC4/LED_Driver_SPI_UART.c ****             }
 172:Generated_Source\PSoC4/LED_Driver_SPI_UART.c ****             else
 173:Generated_Source\PSoC4/LED_Driver_SPI_UART.c ****             {
 174:Generated_Source\PSoC4/LED_Driver_SPI_UART.c ****                 size = (locHead + (LED_Driver_INTERNAL_RX_BUFFER_SIZE - LED_Driver_rxBufferTail));
 175:Generated_Source\PSoC4/LED_Driver_SPI_UART.c ****             }
 176:Generated_Source\PSoC4/LED_Driver_SPI_UART.c ****         }
ARM GAS  C:\Users\RD\AppData\Local\Temp\cc5BxKRI.s 			page 5


 177:Generated_Source\PSoC4/LED_Driver_SPI_UART.c ****         #else
 178:Generated_Source\PSoC4/LED_Driver_SPI_UART.c ****         {
 179:Generated_Source\PSoC4/LED_Driver_SPI_UART.c ****             size = LED_Driver_GET_RX_FIFO_ENTRIES;
  53              		.loc 1 179 0
  54 0000 024B     		ldr	r3, .L5
  55 0002 1B68     		ldr	r3, [r3]
  56 0004 1F20     		mov	r0, #31
  57 0006 1840     		and	r0, r3
  58              	.LVL2:
 180:Generated_Source\PSoC4/LED_Driver_SPI_UART.c ****         }
 181:Generated_Source\PSoC4/LED_Driver_SPI_UART.c ****         #endif
 182:Generated_Source\PSoC4/LED_Driver_SPI_UART.c **** 
 183:Generated_Source\PSoC4/LED_Driver_SPI_UART.c ****         return (size);
 184:Generated_Source\PSoC4/LED_Driver_SPI_UART.c ****     }
  59              		.loc 1 184 0
  60              		@ sp needed
  61 0008 7047     		bx	lr
  62              	.L6:
  63 000a C046     		.align	2
  64              	.L5:
  65 000c 08030940 		.word	1074332424
  66              		.cfi_endproc
  67              	.LFE2:
  68              		.size	LED_Driver_SpiUartGetRxBufferSize, .-LED_Driver_SpiUartGetRxBufferSize
  69              		.section	.text.LED_Driver_SpiUartClearRxBuffer,"ax",%progbits
  70              		.align	2
  71              		.global	LED_Driver_SpiUartClearRxBuffer
  72              		.code	16
  73              		.thumb_func
  74              		.type	LED_Driver_SpiUartClearRxBuffer, %function
  75              	LED_Driver_SpiUartClearRxBuffer:
  76              	.LFB3:
 185:Generated_Source\PSoC4/LED_Driver_SPI_UART.c **** 
 186:Generated_Source\PSoC4/LED_Driver_SPI_UART.c **** 
 187:Generated_Source\PSoC4/LED_Driver_SPI_UART.c ****     /*******************************************************************************
 188:Generated_Source\PSoC4/LED_Driver_SPI_UART.c ****     * Function Name: LED_Driver_SpiUartClearRxBuffer
 189:Generated_Source\PSoC4/LED_Driver_SPI_UART.c ****     ****************************************************************************//**
 190:Generated_Source\PSoC4/LED_Driver_SPI_UART.c ****     *
 191:Generated_Source\PSoC4/LED_Driver_SPI_UART.c ****     *  Clears the receive buffer and RX FIFO.
 192:Generated_Source\PSoC4/LED_Driver_SPI_UART.c ****     *
 193:Generated_Source\PSoC4/LED_Driver_SPI_UART.c ****     * \globalvars
 194:Generated_Source\PSoC4/LED_Driver_SPI_UART.c ****     *  LED_Driver_rxBufferHead - the start index to put data into the 
 195:Generated_Source\PSoC4/LED_Driver_SPI_UART.c ****     *  software receive buffer.
 196:Generated_Source\PSoC4/LED_Driver_SPI_UART.c ****     *  LED_Driver_rxBufferTail - the start index to get data from the 
 197:Generated_Source\PSoC4/LED_Driver_SPI_UART.c ****     *  software receive buffer.
 198:Generated_Source\PSoC4/LED_Driver_SPI_UART.c ****     *
 199:Generated_Source\PSoC4/LED_Driver_SPI_UART.c ****     *******************************************************************************/
 200:Generated_Source\PSoC4/LED_Driver_SPI_UART.c ****     void LED_Driver_SpiUartClearRxBuffer(void)
 201:Generated_Source\PSoC4/LED_Driver_SPI_UART.c ****     {
  77              		.loc 1 201 0
  78              		.cfi_startproc
 202:Generated_Source\PSoC4/LED_Driver_SPI_UART.c ****         #if (LED_Driver_CHECK_RX_SW_BUFFER)
 203:Generated_Source\PSoC4/LED_Driver_SPI_UART.c ****         {
 204:Generated_Source\PSoC4/LED_Driver_SPI_UART.c ****             /* Lock from component interruption */
 205:Generated_Source\PSoC4/LED_Driver_SPI_UART.c ****             LED_Driver_DisableInt();
 206:Generated_Source\PSoC4/LED_Driver_SPI_UART.c **** 
 207:Generated_Source\PSoC4/LED_Driver_SPI_UART.c ****             /* Flush RX software buffer */
ARM GAS  C:\Users\RD\AppData\Local\Temp\cc5BxKRI.s 			page 6


 208:Generated_Source\PSoC4/LED_Driver_SPI_UART.c ****             LED_Driver_rxBufferHead = LED_Driver_rxBufferTail;
 209:Generated_Source\PSoC4/LED_Driver_SPI_UART.c ****             LED_Driver_rxBufferOverflow = 0u;
 210:Generated_Source\PSoC4/LED_Driver_SPI_UART.c **** 
 211:Generated_Source\PSoC4/LED_Driver_SPI_UART.c ****             LED_Driver_CLEAR_RX_FIFO;
 212:Generated_Source\PSoC4/LED_Driver_SPI_UART.c ****             LED_Driver_ClearRxInterruptSource(LED_Driver_INTR_RX_ALL);
 213:Generated_Source\PSoC4/LED_Driver_SPI_UART.c **** 
 214:Generated_Source\PSoC4/LED_Driver_SPI_UART.c ****             #if (LED_Driver_CHECK_UART_RTS_CONTROL_FLOW)
 215:Generated_Source\PSoC4/LED_Driver_SPI_UART.c ****             {
 216:Generated_Source\PSoC4/LED_Driver_SPI_UART.c ****                 /* Enable RX Not Empty interrupt source to continue receiving
 217:Generated_Source\PSoC4/LED_Driver_SPI_UART.c ****                 * data into software buffer.
 218:Generated_Source\PSoC4/LED_Driver_SPI_UART.c ****                 */
 219:Generated_Source\PSoC4/LED_Driver_SPI_UART.c ****                 LED_Driver_INTR_RX_MASK_REG |= LED_Driver_INTR_RX_NOT_EMPTY;
 220:Generated_Source\PSoC4/LED_Driver_SPI_UART.c ****             }
 221:Generated_Source\PSoC4/LED_Driver_SPI_UART.c ****             #endif
 222:Generated_Source\PSoC4/LED_Driver_SPI_UART.c ****             
 223:Generated_Source\PSoC4/LED_Driver_SPI_UART.c ****             /* Release lock */
 224:Generated_Source\PSoC4/LED_Driver_SPI_UART.c ****             LED_Driver_EnableInt();
 225:Generated_Source\PSoC4/LED_Driver_SPI_UART.c ****         }
 226:Generated_Source\PSoC4/LED_Driver_SPI_UART.c ****         #else
 227:Generated_Source\PSoC4/LED_Driver_SPI_UART.c ****         {
 228:Generated_Source\PSoC4/LED_Driver_SPI_UART.c ****             LED_Driver_CLEAR_RX_FIFO;
  79              		.loc 1 228 0
  80 0000 054B     		ldr	r3, .L8
  81 0002 1A68     		ldr	r2, [r3]
  82 0004 8021     		mov	r1, #128
  83 0006 4902     		lsl	r1, r1, #9
  84 0008 0A43     		orr	r2, r1
  85 000a 1A60     		str	r2, [r3]
  86 000c 1968     		ldr	r1, [r3]
  87 000e 034A     		ldr	r2, .L8+4
  88 0010 0A40     		and	r2, r1
  89 0012 1A60     		str	r2, [r3]
 229:Generated_Source\PSoC4/LED_Driver_SPI_UART.c ****         }
 230:Generated_Source\PSoC4/LED_Driver_SPI_UART.c ****         #endif
 231:Generated_Source\PSoC4/LED_Driver_SPI_UART.c ****     }
  90              		.loc 1 231 0
  91              		@ sp needed
  92 0014 7047     		bx	lr
  93              	.L9:
  94 0016 C046     		.align	2
  95              	.L8:
  96 0018 04030940 		.word	1074332420
  97 001c FFFFFEFF 		.word	-65537
  98              		.cfi_endproc
  99              	.LFE3:
 100              		.size	LED_Driver_SpiUartClearRxBuffer, .-LED_Driver_SpiUartClearRxBuffer
 101              		.section	.text.LED_Driver_SpiUartWriteTxData,"ax",%progbits
 102              		.align	2
 103              		.global	LED_Driver_SpiUartWriteTxData
 104              		.code	16
 105              		.thumb_func
 106              		.type	LED_Driver_SpiUartWriteTxData, %function
 107              	LED_Driver_SpiUartWriteTxData:
 108              	.LFB4:
 232:Generated_Source\PSoC4/LED_Driver_SPI_UART.c **** 
 233:Generated_Source\PSoC4/LED_Driver_SPI_UART.c **** #endif /* (LED_Driver_RX_DIRECTION) */
 234:Generated_Source\PSoC4/LED_Driver_SPI_UART.c **** 
ARM GAS  C:\Users\RD\AppData\Local\Temp\cc5BxKRI.s 			page 7


 235:Generated_Source\PSoC4/LED_Driver_SPI_UART.c **** 
 236:Generated_Source\PSoC4/LED_Driver_SPI_UART.c **** #if(LED_Driver_TX_DIRECTION)
 237:Generated_Source\PSoC4/LED_Driver_SPI_UART.c ****     /*******************************************************************************
 238:Generated_Source\PSoC4/LED_Driver_SPI_UART.c ****     * Function Name: LED_Driver_SpiUartWriteTxData
 239:Generated_Source\PSoC4/LED_Driver_SPI_UART.c ****     ****************************************************************************//**
 240:Generated_Source\PSoC4/LED_Driver_SPI_UART.c ****     *
 241:Generated_Source\PSoC4/LED_Driver_SPI_UART.c ****     *  Places a data entry into the transmit buffer to be sent at the next available
 242:Generated_Source\PSoC4/LED_Driver_SPI_UART.c ****     *  bus time.
 243:Generated_Source\PSoC4/LED_Driver_SPI_UART.c ****     *  This function is blocking and waits until there is space available to put the
 244:Generated_Source\PSoC4/LED_Driver_SPI_UART.c ****     *  requested data in the transmit buffer.
 245:Generated_Source\PSoC4/LED_Driver_SPI_UART.c ****     *
 246:Generated_Source\PSoC4/LED_Driver_SPI_UART.c ****     *  \param txDataByte: the data to be transmitted.
 247:Generated_Source\PSoC4/LED_Driver_SPI_UART.c ****     *   The amount of data bits to be transmitted depends on TX data bits selection 
 248:Generated_Source\PSoC4/LED_Driver_SPI_UART.c ****     *   (the data bit counting starts from LSB of txDataByte).
 249:Generated_Source\PSoC4/LED_Driver_SPI_UART.c ****     *
 250:Generated_Source\PSoC4/LED_Driver_SPI_UART.c ****     * \globalvars
 251:Generated_Source\PSoC4/LED_Driver_SPI_UART.c ****     *  LED_Driver_txBufferHead - the start index to put data into the 
 252:Generated_Source\PSoC4/LED_Driver_SPI_UART.c ****     *  software transmit buffer.
 253:Generated_Source\PSoC4/LED_Driver_SPI_UART.c ****     *  LED_Driver_txBufferTail - start index to get data from the software
 254:Generated_Source\PSoC4/LED_Driver_SPI_UART.c ****     *  transmit buffer.
 255:Generated_Source\PSoC4/LED_Driver_SPI_UART.c ****     *
 256:Generated_Source\PSoC4/LED_Driver_SPI_UART.c ****     *******************************************************************************/
 257:Generated_Source\PSoC4/LED_Driver_SPI_UART.c ****     void LED_Driver_SpiUartWriteTxData(uint32 txData)
 258:Generated_Source\PSoC4/LED_Driver_SPI_UART.c ****     {
 109              		.loc 1 258 0
 110              		.cfi_startproc
 111              	.LVL3:
 112              	.L11:
 259:Generated_Source\PSoC4/LED_Driver_SPI_UART.c ****     #if (LED_Driver_INTERNAL_TX_SW_BUFFER_CONST)
 260:Generated_Source\PSoC4/LED_Driver_SPI_UART.c ****         uint32 locHead;
 261:Generated_Source\PSoC4/LED_Driver_SPI_UART.c ****     #endif /* (LED_Driver_INTERNAL_TX_SW_BUFFER_CONST) */
 262:Generated_Source\PSoC4/LED_Driver_SPI_UART.c **** 
 263:Generated_Source\PSoC4/LED_Driver_SPI_UART.c ****         #if (LED_Driver_CHECK_TX_SW_BUFFER)
 264:Generated_Source\PSoC4/LED_Driver_SPI_UART.c ****         {
 265:Generated_Source\PSoC4/LED_Driver_SPI_UART.c ****             /* Put data directly into the TX FIFO */
 266:Generated_Source\PSoC4/LED_Driver_SPI_UART.c ****             if ((LED_Driver_txBufferHead == LED_Driver_txBufferTail) &&
 267:Generated_Source\PSoC4/LED_Driver_SPI_UART.c ****                 (LED_Driver_SPI_UART_FIFO_SIZE != LED_Driver_GET_TX_FIFO_ENTRIES))
 268:Generated_Source\PSoC4/LED_Driver_SPI_UART.c ****             {
 269:Generated_Source\PSoC4/LED_Driver_SPI_UART.c ****                 /* TX software buffer is empty: put data directly in TX FIFO */
 270:Generated_Source\PSoC4/LED_Driver_SPI_UART.c ****                 LED_Driver_TX_FIFO_WR_REG = txData;
 271:Generated_Source\PSoC4/LED_Driver_SPI_UART.c ****             }
 272:Generated_Source\PSoC4/LED_Driver_SPI_UART.c ****             /* Put data into TX software buffer */
 273:Generated_Source\PSoC4/LED_Driver_SPI_UART.c ****             else
 274:Generated_Source\PSoC4/LED_Driver_SPI_UART.c ****             {
 275:Generated_Source\PSoC4/LED_Driver_SPI_UART.c ****                 /* Head index to put data */
 276:Generated_Source\PSoC4/LED_Driver_SPI_UART.c ****                 locHead = (LED_Driver_txBufferHead + 1u);
 277:Generated_Source\PSoC4/LED_Driver_SPI_UART.c **** 
 278:Generated_Source\PSoC4/LED_Driver_SPI_UART.c ****                 /* Adjust TX software buffer index */
 279:Generated_Source\PSoC4/LED_Driver_SPI_UART.c ****                 if (LED_Driver_TX_BUFFER_SIZE == locHead)
 280:Generated_Source\PSoC4/LED_Driver_SPI_UART.c ****                 {
 281:Generated_Source\PSoC4/LED_Driver_SPI_UART.c ****                     locHead = 0u;
 282:Generated_Source\PSoC4/LED_Driver_SPI_UART.c ****                 }
 283:Generated_Source\PSoC4/LED_Driver_SPI_UART.c **** 
 284:Generated_Source\PSoC4/LED_Driver_SPI_UART.c ****                 /* Wait for space in TX software buffer */
 285:Generated_Source\PSoC4/LED_Driver_SPI_UART.c ****                 while (locHead == LED_Driver_txBufferTail)
 286:Generated_Source\PSoC4/LED_Driver_SPI_UART.c ****                 {
 287:Generated_Source\PSoC4/LED_Driver_SPI_UART.c ****                 }
ARM GAS  C:\Users\RD\AppData\Local\Temp\cc5BxKRI.s 			page 8


 288:Generated_Source\PSoC4/LED_Driver_SPI_UART.c **** 
 289:Generated_Source\PSoC4/LED_Driver_SPI_UART.c ****                 /* TX software buffer has at least one room */
 290:Generated_Source\PSoC4/LED_Driver_SPI_UART.c **** 
 291:Generated_Source\PSoC4/LED_Driver_SPI_UART.c ****                 /* Clear old status of INTR_TX_NOT_FULL. It sets at the end of transfer when TX FIF
 292:Generated_Source\PSoC4/LED_Driver_SPI_UART.c ****                 LED_Driver_ClearTxInterruptSource(LED_Driver_INTR_TX_NOT_FULL);
 293:Generated_Source\PSoC4/LED_Driver_SPI_UART.c **** 
 294:Generated_Source\PSoC4/LED_Driver_SPI_UART.c ****                 LED_Driver_PutWordInTxBuffer(locHead, txData);
 295:Generated_Source\PSoC4/LED_Driver_SPI_UART.c **** 
 296:Generated_Source\PSoC4/LED_Driver_SPI_UART.c ****                 LED_Driver_txBufferHead = locHead;
 297:Generated_Source\PSoC4/LED_Driver_SPI_UART.c **** 
 298:Generated_Source\PSoC4/LED_Driver_SPI_UART.c ****                 /* Check if TX Not Full is disabled in interrupt */
 299:Generated_Source\PSoC4/LED_Driver_SPI_UART.c ****                 if (0u == (LED_Driver_INTR_TX_MASK_REG & LED_Driver_INTR_TX_NOT_FULL))
 300:Generated_Source\PSoC4/LED_Driver_SPI_UART.c ****                 {
 301:Generated_Source\PSoC4/LED_Driver_SPI_UART.c ****                     /* Enable TX Not Full interrupt source to transmit from software buffer */
 302:Generated_Source\PSoC4/LED_Driver_SPI_UART.c ****                     LED_Driver_INTR_TX_MASK_REG |= (uint32) LED_Driver_INTR_TX_NOT_FULL;
 303:Generated_Source\PSoC4/LED_Driver_SPI_UART.c ****                 }
 304:Generated_Source\PSoC4/LED_Driver_SPI_UART.c ****             }
 305:Generated_Source\PSoC4/LED_Driver_SPI_UART.c ****         }
 306:Generated_Source\PSoC4/LED_Driver_SPI_UART.c ****         #else
 307:Generated_Source\PSoC4/LED_Driver_SPI_UART.c ****         {
 308:Generated_Source\PSoC4/LED_Driver_SPI_UART.c ****             /* Wait until TX FIFO has space to put data element */
 309:Generated_Source\PSoC4/LED_Driver_SPI_UART.c ****             while (LED_Driver_SPI_UART_FIFO_SIZE == LED_Driver_GET_TX_FIFO_ENTRIES)
 113              		.loc 1 309 0 discriminator 1
 114 0000 044B     		ldr	r3, .L12
 115 0002 1B68     		ldr	r3, [r3]
 116 0004 1F22     		mov	r2, #31
 117 0006 1340     		and	r3, r2
 118 0008 082B     		cmp	r3, #8
 119 000a F9D0     		beq	.L11
 310:Generated_Source\PSoC4/LED_Driver_SPI_UART.c ****             {
 311:Generated_Source\PSoC4/LED_Driver_SPI_UART.c ****             }
 312:Generated_Source\PSoC4/LED_Driver_SPI_UART.c **** 
 313:Generated_Source\PSoC4/LED_Driver_SPI_UART.c ****             LED_Driver_TX_FIFO_WR_REG = txData;
 120              		.loc 1 313 0
 121 000c 024B     		ldr	r3, .L12+4
 122 000e 1860     		str	r0, [r3]
 314:Generated_Source\PSoC4/LED_Driver_SPI_UART.c ****         }
 315:Generated_Source\PSoC4/LED_Driver_SPI_UART.c ****         #endif
 316:Generated_Source\PSoC4/LED_Driver_SPI_UART.c ****     }
 123              		.loc 1 316 0
 124              		@ sp needed
 125 0010 7047     		bx	lr
 126              	.L13:
 127 0012 C046     		.align	2
 128              	.L12:
 129 0014 08020940 		.word	1074332168
 130 0018 40020940 		.word	1074332224
 131              		.cfi_endproc
 132              	.LFE4:
 133              		.size	LED_Driver_SpiUartWriteTxData, .-LED_Driver_SpiUartWriteTxData
 134              		.section	.text.LED_Driver_SpiUartPutArray,"ax",%progbits
 135              		.align	2
 136              		.global	LED_Driver_SpiUartPutArray
 137              		.code	16
 138              		.thumb_func
 139              		.type	LED_Driver_SpiUartPutArray, %function
 140              	LED_Driver_SpiUartPutArray:
ARM GAS  C:\Users\RD\AppData\Local\Temp\cc5BxKRI.s 			page 9


 141              	.LFB5:
 317:Generated_Source\PSoC4/LED_Driver_SPI_UART.c **** 
 318:Generated_Source\PSoC4/LED_Driver_SPI_UART.c **** 
 319:Generated_Source\PSoC4/LED_Driver_SPI_UART.c ****     /*******************************************************************************
 320:Generated_Source\PSoC4/LED_Driver_SPI_UART.c ****     * Function Name: LED_Driver_SpiUartPutArray
 321:Generated_Source\PSoC4/LED_Driver_SPI_UART.c ****     ****************************************************************************//**
 322:Generated_Source\PSoC4/LED_Driver_SPI_UART.c ****     *
 323:Generated_Source\PSoC4/LED_Driver_SPI_UART.c ****     *  Places an array of data into the transmit buffer to be sent.
 324:Generated_Source\PSoC4/LED_Driver_SPI_UART.c ****     *  This function is blocking and waits until there is a space available to put
 325:Generated_Source\PSoC4/LED_Driver_SPI_UART.c ****     *  all the requested data in the transmit buffer. The array size can be greater
 326:Generated_Source\PSoC4/LED_Driver_SPI_UART.c ****     *  than transmit buffer size.
 327:Generated_Source\PSoC4/LED_Driver_SPI_UART.c ****     *
 328:Generated_Source\PSoC4/LED_Driver_SPI_UART.c ****     * \param wrBuf: pointer to an array of data to be placed in transmit buffer. 
 329:Generated_Source\PSoC4/LED_Driver_SPI_UART.c ****     *  The width of the data to be transmitted depends on TX data width selection 
 330:Generated_Source\PSoC4/LED_Driver_SPI_UART.c ****     *  (the data bit counting starts from LSB for each array element).
 331:Generated_Source\PSoC4/LED_Driver_SPI_UART.c ****     * \param count: number of data elements to be placed in the transmit buffer.
 332:Generated_Source\PSoC4/LED_Driver_SPI_UART.c ****     *
 333:Generated_Source\PSoC4/LED_Driver_SPI_UART.c ****     * \globalvars
 334:Generated_Source\PSoC4/LED_Driver_SPI_UART.c ****     *  LED_Driver_txBufferHead - the start index to put data into the 
 335:Generated_Source\PSoC4/LED_Driver_SPI_UART.c ****     *  software transmit buffer.
 336:Generated_Source\PSoC4/LED_Driver_SPI_UART.c ****     *  LED_Driver_txBufferTail - start index to get data from the software
 337:Generated_Source\PSoC4/LED_Driver_SPI_UART.c ****     *  transmit buffer.
 338:Generated_Source\PSoC4/LED_Driver_SPI_UART.c ****     *
 339:Generated_Source\PSoC4/LED_Driver_SPI_UART.c ****     *******************************************************************************/
 340:Generated_Source\PSoC4/LED_Driver_SPI_UART.c ****     void LED_Driver_SpiUartPutArray(const uint16 wrBuf[], uint32 count)
 341:Generated_Source\PSoC4/LED_Driver_SPI_UART.c ****     {
 142              		.loc 1 341 0
 143              		.cfi_startproc
 144              	.LVL4:
 145 0000 70B5     		push	{r4, r5, r6, lr}
 146              		.cfi_def_cfa_offset 16
 147              		.cfi_offset 4, -16
 148              		.cfi_offset 5, -12
 149              		.cfi_offset 6, -8
 150              		.cfi_offset 14, -4
 151 0002 061C     		mov	r6, r0
 152 0004 0D1C     		mov	r5, r1
 153              	.LVL5:
 342:Generated_Source\PSoC4/LED_Driver_SPI_UART.c ****         uint32 i;
 343:Generated_Source\PSoC4/LED_Driver_SPI_UART.c **** 
 344:Generated_Source\PSoC4/LED_Driver_SPI_UART.c ****         for (i=0u; i < count; i++)
 154              		.loc 1 344 0
 155 0006 0024     		mov	r4, #0
 156 0008 04E0     		b	.L15
 157              	.LVL6:
 158              	.L16:
 345:Generated_Source\PSoC4/LED_Driver_SPI_UART.c ****         {
 346:Generated_Source\PSoC4/LED_Driver_SPI_UART.c ****             LED_Driver_SpiUartWriteTxData((uint32) wrBuf[i]);
 159              		.loc 1 346 0 discriminator 3
 160 000a 6300     		lsl	r3, r4, #1
 161 000c 985B     		ldrh	r0, [r3, r6]
 162 000e FFF7FEFF 		bl	LED_Driver_SpiUartWriteTxData
 163              	.LVL7:
 344:Generated_Source\PSoC4/LED_Driver_SPI_UART.c ****         {
 164              		.loc 1 344 0 discriminator 3
 165 0012 0134     		add	r4, r4, #1
 166              	.LVL8:
ARM GAS  C:\Users\RD\AppData\Local\Temp\cc5BxKRI.s 			page 10


 167              	.L15:
 344:Generated_Source\PSoC4/LED_Driver_SPI_UART.c ****         {
 168              		.loc 1 344 0 is_stmt 0 discriminator 1
 169 0014 AC42     		cmp	r4, r5
 170 0016 F8D3     		bcc	.L16
 347:Generated_Source\PSoC4/LED_Driver_SPI_UART.c ****         }
 348:Generated_Source\PSoC4/LED_Driver_SPI_UART.c ****     }
 171              		.loc 1 348 0 is_stmt 1
 172              		@ sp needed
 173              	.LVL9:
 174              	.LVL10:
 175              	.LVL11:
 176 0018 70BD     		pop	{r4, r5, r6, pc}
 177              		.cfi_endproc
 178              	.LFE5:
 179              		.size	LED_Driver_SpiUartPutArray, .-LED_Driver_SpiUartPutArray
 180 001a C046     		.section	.text.LED_Driver_SpiUartGetTxBufferSize,"ax",%progbits
 181              		.align	2
 182              		.global	LED_Driver_SpiUartGetTxBufferSize
 183              		.code	16
 184              		.thumb_func
 185              		.type	LED_Driver_SpiUartGetTxBufferSize, %function
 186              	LED_Driver_SpiUartGetTxBufferSize:
 187              	.LFB6:
 349:Generated_Source\PSoC4/LED_Driver_SPI_UART.c **** 
 350:Generated_Source\PSoC4/LED_Driver_SPI_UART.c **** 
 351:Generated_Source\PSoC4/LED_Driver_SPI_UART.c ****     /*******************************************************************************
 352:Generated_Source\PSoC4/LED_Driver_SPI_UART.c ****     * Function Name: LED_Driver_SpiUartGetTxBufferSize
 353:Generated_Source\PSoC4/LED_Driver_SPI_UART.c ****     ****************************************************************************//**
 354:Generated_Source\PSoC4/LED_Driver_SPI_UART.c ****     *
 355:Generated_Source\PSoC4/LED_Driver_SPI_UART.c ****     *  Returns the number of elements currently in the transmit buffer.
 356:Generated_Source\PSoC4/LED_Driver_SPI_UART.c ****     *   - TX software buffer is disabled: returns the number of used entries in
 357:Generated_Source\PSoC4/LED_Driver_SPI_UART.c ****     *     TX FIFO.
 358:Generated_Source\PSoC4/LED_Driver_SPI_UART.c ****     *   - TX software buffer is enabled: returns the number of elements currently
 359:Generated_Source\PSoC4/LED_Driver_SPI_UART.c ****     *     used in the transmit buffer. This number does not include used entries in
 360:Generated_Source\PSoC4/LED_Driver_SPI_UART.c ****     *     the TX FIFO. The transmit buffer size is zero until the TX FIFO is
 361:Generated_Source\PSoC4/LED_Driver_SPI_UART.c ****     *     not full.
 362:Generated_Source\PSoC4/LED_Driver_SPI_UART.c ****     *
 363:Generated_Source\PSoC4/LED_Driver_SPI_UART.c ****     * \return
 364:Generated_Source\PSoC4/LED_Driver_SPI_UART.c ****     *  Number of data elements ready to transmit.
 365:Generated_Source\PSoC4/LED_Driver_SPI_UART.c ****     *
 366:Generated_Source\PSoC4/LED_Driver_SPI_UART.c ****     * \globalvars
 367:Generated_Source\PSoC4/LED_Driver_SPI_UART.c ****     *  LED_Driver_txBufferHead - the start index to put data into the 
 368:Generated_Source\PSoC4/LED_Driver_SPI_UART.c ****     *  software transmit buffer.
 369:Generated_Source\PSoC4/LED_Driver_SPI_UART.c ****     *  LED_Driver_txBufferTail - start index to get data from the software
 370:Generated_Source\PSoC4/LED_Driver_SPI_UART.c ****     *  transmit buffer.
 371:Generated_Source\PSoC4/LED_Driver_SPI_UART.c ****     *
 372:Generated_Source\PSoC4/LED_Driver_SPI_UART.c ****     *******************************************************************************/
 373:Generated_Source\PSoC4/LED_Driver_SPI_UART.c ****     uint32 LED_Driver_SpiUartGetTxBufferSize(void)
 374:Generated_Source\PSoC4/LED_Driver_SPI_UART.c ****     {
 188              		.loc 1 374 0
 189              		.cfi_startproc
 375:Generated_Source\PSoC4/LED_Driver_SPI_UART.c ****         uint32 size;
 376:Generated_Source\PSoC4/LED_Driver_SPI_UART.c ****     #if (LED_Driver_INTERNAL_TX_SW_BUFFER_CONST)
 377:Generated_Source\PSoC4/LED_Driver_SPI_UART.c ****         uint32 locTail;
 378:Generated_Source\PSoC4/LED_Driver_SPI_UART.c ****     #endif /* (LED_Driver_INTERNAL_TX_SW_BUFFER_CONST) */
 379:Generated_Source\PSoC4/LED_Driver_SPI_UART.c **** 
ARM GAS  C:\Users\RD\AppData\Local\Temp\cc5BxKRI.s 			page 11


 380:Generated_Source\PSoC4/LED_Driver_SPI_UART.c ****         #if (LED_Driver_CHECK_TX_SW_BUFFER)
 381:Generated_Source\PSoC4/LED_Driver_SPI_UART.c ****         {
 382:Generated_Source\PSoC4/LED_Driver_SPI_UART.c ****             /* Get current Tail index */
 383:Generated_Source\PSoC4/LED_Driver_SPI_UART.c ****             locTail = LED_Driver_txBufferTail;
 384:Generated_Source\PSoC4/LED_Driver_SPI_UART.c **** 
 385:Generated_Source\PSoC4/LED_Driver_SPI_UART.c ****             if (LED_Driver_txBufferHead >= locTail)
 386:Generated_Source\PSoC4/LED_Driver_SPI_UART.c ****             {
 387:Generated_Source\PSoC4/LED_Driver_SPI_UART.c ****                 size = (LED_Driver_txBufferHead - locTail);
 388:Generated_Source\PSoC4/LED_Driver_SPI_UART.c ****             }
 389:Generated_Source\PSoC4/LED_Driver_SPI_UART.c ****             else
 390:Generated_Source\PSoC4/LED_Driver_SPI_UART.c ****             {
 391:Generated_Source\PSoC4/LED_Driver_SPI_UART.c ****                 size = (LED_Driver_txBufferHead + (LED_Driver_TX_BUFFER_SIZE - locTail));
 392:Generated_Source\PSoC4/LED_Driver_SPI_UART.c ****             }
 393:Generated_Source\PSoC4/LED_Driver_SPI_UART.c ****         }
 394:Generated_Source\PSoC4/LED_Driver_SPI_UART.c ****         #else
 395:Generated_Source\PSoC4/LED_Driver_SPI_UART.c ****         {
 396:Generated_Source\PSoC4/LED_Driver_SPI_UART.c ****             size = LED_Driver_GET_TX_FIFO_ENTRIES;
 190              		.loc 1 396 0
 191 0000 024B     		ldr	r3, .L18
 192 0002 1B68     		ldr	r3, [r3]
 193 0004 1F20     		mov	r0, #31
 194 0006 1840     		and	r0, r3
 195              	.LVL12:
 397:Generated_Source\PSoC4/LED_Driver_SPI_UART.c ****         }
 398:Generated_Source\PSoC4/LED_Driver_SPI_UART.c ****         #endif
 399:Generated_Source\PSoC4/LED_Driver_SPI_UART.c **** 
 400:Generated_Source\PSoC4/LED_Driver_SPI_UART.c ****         return (size);
 401:Generated_Source\PSoC4/LED_Driver_SPI_UART.c ****     }
 196              		.loc 1 401 0
 197              		@ sp needed
 198 0008 7047     		bx	lr
 199              	.L19:
 200 000a C046     		.align	2
 201              	.L18:
 202 000c 08020940 		.word	1074332168
 203              		.cfi_endproc
 204              	.LFE6:
 205              		.size	LED_Driver_SpiUartGetTxBufferSize, .-LED_Driver_SpiUartGetTxBufferSize
 206              		.section	.text.LED_Driver_SpiUartClearTxBuffer,"ax",%progbits
 207              		.align	2
 208              		.global	LED_Driver_SpiUartClearTxBuffer
 209              		.code	16
 210              		.thumb_func
 211              		.type	LED_Driver_SpiUartClearTxBuffer, %function
 212              	LED_Driver_SpiUartClearTxBuffer:
 213              	.LFB7:
 402:Generated_Source\PSoC4/LED_Driver_SPI_UART.c **** 
 403:Generated_Source\PSoC4/LED_Driver_SPI_UART.c **** 
 404:Generated_Source\PSoC4/LED_Driver_SPI_UART.c ****     /*******************************************************************************
 405:Generated_Source\PSoC4/LED_Driver_SPI_UART.c ****     * Function Name: LED_Driver_SpiUartClearTxBuffer
 406:Generated_Source\PSoC4/LED_Driver_SPI_UART.c ****     ****************************************************************************//**
 407:Generated_Source\PSoC4/LED_Driver_SPI_UART.c ****     *
 408:Generated_Source\PSoC4/LED_Driver_SPI_UART.c ****     *  Clears the transmit buffer and TX FIFO.
 409:Generated_Source\PSoC4/LED_Driver_SPI_UART.c ****     *
 410:Generated_Source\PSoC4/LED_Driver_SPI_UART.c ****     * \globalvars
 411:Generated_Source\PSoC4/LED_Driver_SPI_UART.c ****     *  LED_Driver_txBufferHead - the start index to put data into the 
 412:Generated_Source\PSoC4/LED_Driver_SPI_UART.c ****     *  software transmit buffer.
ARM GAS  C:\Users\RD\AppData\Local\Temp\cc5BxKRI.s 			page 12


 413:Generated_Source\PSoC4/LED_Driver_SPI_UART.c ****     *  LED_Driver_txBufferTail - start index to get data from the software
 414:Generated_Source\PSoC4/LED_Driver_SPI_UART.c ****     *  transmit buffer.
 415:Generated_Source\PSoC4/LED_Driver_SPI_UART.c ****     *
 416:Generated_Source\PSoC4/LED_Driver_SPI_UART.c ****     *******************************************************************************/
 417:Generated_Source\PSoC4/LED_Driver_SPI_UART.c ****     void LED_Driver_SpiUartClearTxBuffer(void)
 418:Generated_Source\PSoC4/LED_Driver_SPI_UART.c ****     {
 214              		.loc 1 418 0
 215              		.cfi_startproc
 419:Generated_Source\PSoC4/LED_Driver_SPI_UART.c ****         #if (LED_Driver_CHECK_TX_SW_BUFFER)
 420:Generated_Source\PSoC4/LED_Driver_SPI_UART.c ****         {
 421:Generated_Source\PSoC4/LED_Driver_SPI_UART.c ****             /* Lock from component interruption */
 422:Generated_Source\PSoC4/LED_Driver_SPI_UART.c ****             LED_Driver_DisableInt();
 423:Generated_Source\PSoC4/LED_Driver_SPI_UART.c **** 
 424:Generated_Source\PSoC4/LED_Driver_SPI_UART.c ****             /* Flush TX software buffer */
 425:Generated_Source\PSoC4/LED_Driver_SPI_UART.c ****             LED_Driver_txBufferHead = LED_Driver_txBufferTail;
 426:Generated_Source\PSoC4/LED_Driver_SPI_UART.c **** 
 427:Generated_Source\PSoC4/LED_Driver_SPI_UART.c ****             LED_Driver_INTR_TX_MASK_REG &= (uint32) ~LED_Driver_INTR_TX_NOT_FULL;
 428:Generated_Source\PSoC4/LED_Driver_SPI_UART.c ****             LED_Driver_CLEAR_TX_FIFO;
 429:Generated_Source\PSoC4/LED_Driver_SPI_UART.c ****             LED_Driver_ClearTxInterruptSource(LED_Driver_INTR_TX_ALL);
 430:Generated_Source\PSoC4/LED_Driver_SPI_UART.c **** 
 431:Generated_Source\PSoC4/LED_Driver_SPI_UART.c ****             /* Release lock */
 432:Generated_Source\PSoC4/LED_Driver_SPI_UART.c ****             LED_Driver_EnableInt();
 433:Generated_Source\PSoC4/LED_Driver_SPI_UART.c ****         }
 434:Generated_Source\PSoC4/LED_Driver_SPI_UART.c ****         #else
 435:Generated_Source\PSoC4/LED_Driver_SPI_UART.c ****         {
 436:Generated_Source\PSoC4/LED_Driver_SPI_UART.c ****             LED_Driver_CLEAR_TX_FIFO;
 216              		.loc 1 436 0
 217 0000 054B     		ldr	r3, .L21
 218 0002 1A68     		ldr	r2, [r3]
 219 0004 8021     		mov	r1, #128
 220 0006 4902     		lsl	r1, r1, #9
 221 0008 0A43     		orr	r2, r1
 222 000a 1A60     		str	r2, [r3]
 223 000c 1968     		ldr	r1, [r3]
 224 000e 034A     		ldr	r2, .L21+4
 225 0010 0A40     		and	r2, r1
 226 0012 1A60     		str	r2, [r3]
 437:Generated_Source\PSoC4/LED_Driver_SPI_UART.c ****         }
 438:Generated_Source\PSoC4/LED_Driver_SPI_UART.c ****         #endif
 439:Generated_Source\PSoC4/LED_Driver_SPI_UART.c ****     }
 227              		.loc 1 439 0
 228              		@ sp needed
 229 0014 7047     		bx	lr
 230              	.L22:
 231 0016 C046     		.align	2
 232              	.L21:
 233 0018 04020940 		.word	1074332164
 234 001c FFFFFEFF 		.word	-65537
 235              		.cfi_endproc
 236              	.LFE7:
 237              		.size	LED_Driver_SpiUartClearTxBuffer, .-LED_Driver_SpiUartClearTxBuffer
 238              		.section	.text.LED_Driver_SpiUartDisableIntRx,"ax",%progbits
 239              		.align	2
 240              		.global	LED_Driver_SpiUartDisableIntRx
 241              		.code	16
 242              		.thumb_func
 243              		.type	LED_Driver_SpiUartDisableIntRx, %function
ARM GAS  C:\Users\RD\AppData\Local\Temp\cc5BxKRI.s 			page 13


 244              	LED_Driver_SpiUartDisableIntRx:
 245              	.LFB8:
 440:Generated_Source\PSoC4/LED_Driver_SPI_UART.c **** 
 441:Generated_Source\PSoC4/LED_Driver_SPI_UART.c **** #endif /* (LED_Driver_TX_DIRECTION) */
 442:Generated_Source\PSoC4/LED_Driver_SPI_UART.c **** 
 443:Generated_Source\PSoC4/LED_Driver_SPI_UART.c **** 
 444:Generated_Source\PSoC4/LED_Driver_SPI_UART.c **** /*******************************************************************************
 445:Generated_Source\PSoC4/LED_Driver_SPI_UART.c **** * Function Name: LED_Driver_SpiUartDisableIntRx
 446:Generated_Source\PSoC4/LED_Driver_SPI_UART.c **** ****************************************************************************//**
 447:Generated_Source\PSoC4/LED_Driver_SPI_UART.c **** *
 448:Generated_Source\PSoC4/LED_Driver_SPI_UART.c **** *  Disables the RX interrupt sources.
 449:Generated_Source\PSoC4/LED_Driver_SPI_UART.c **** *
 450:Generated_Source\PSoC4/LED_Driver_SPI_UART.c **** *  \return
 451:Generated_Source\PSoC4/LED_Driver_SPI_UART.c **** *   Returns the RX interrupt sources enabled before the function call.
 452:Generated_Source\PSoC4/LED_Driver_SPI_UART.c **** *
 453:Generated_Source\PSoC4/LED_Driver_SPI_UART.c **** *******************************************************************************/
 454:Generated_Source\PSoC4/LED_Driver_SPI_UART.c **** uint32 LED_Driver_SpiUartDisableIntRx(void)
 455:Generated_Source\PSoC4/LED_Driver_SPI_UART.c **** {
 246              		.loc 1 455 0
 247              		.cfi_startproc
 456:Generated_Source\PSoC4/LED_Driver_SPI_UART.c ****     uint32 intSource;
 457:Generated_Source\PSoC4/LED_Driver_SPI_UART.c **** 
 458:Generated_Source\PSoC4/LED_Driver_SPI_UART.c ****     intSource = LED_Driver_GetRxInterruptMode();
 248              		.loc 1 458 0
 249 0000 024B     		ldr	r3, .L24
 250 0002 1868     		ldr	r0, [r3]
 251              	.LVL13:
 459:Generated_Source\PSoC4/LED_Driver_SPI_UART.c **** 
 460:Generated_Source\PSoC4/LED_Driver_SPI_UART.c ****     LED_Driver_SetRxInterruptMode(LED_Driver_NO_INTR_SOURCES);
 252              		.loc 1 460 0
 253 0004 0022     		mov	r2, #0
 254 0006 1A60     		str	r2, [r3]
 461:Generated_Source\PSoC4/LED_Driver_SPI_UART.c **** 
 462:Generated_Source\PSoC4/LED_Driver_SPI_UART.c ****     return (intSource);
 463:Generated_Source\PSoC4/LED_Driver_SPI_UART.c **** }
 255              		.loc 1 463 0
 256              		@ sp needed
 257 0008 7047     		bx	lr
 258              	.L25:
 259 000a C046     		.align	2
 260              	.L24:
 261 000c C80F0940 		.word	1074335688
 262              		.cfi_endproc
 263              	.LFE8:
 264              		.size	LED_Driver_SpiUartDisableIntRx, .-LED_Driver_SpiUartDisableIntRx
 265              		.section	.text.LED_Driver_SpiUartDisableIntTx,"ax",%progbits
 266              		.align	2
 267              		.global	LED_Driver_SpiUartDisableIntTx
 268              		.code	16
 269              		.thumb_func
 270              		.type	LED_Driver_SpiUartDisableIntTx, %function
 271              	LED_Driver_SpiUartDisableIntTx:
 272              	.LFB9:
 464:Generated_Source\PSoC4/LED_Driver_SPI_UART.c **** 
 465:Generated_Source\PSoC4/LED_Driver_SPI_UART.c **** 
 466:Generated_Source\PSoC4/LED_Driver_SPI_UART.c **** /*******************************************************************************
 467:Generated_Source\PSoC4/LED_Driver_SPI_UART.c **** * Function Name: LED_Driver_SpiUartDisableIntTx
ARM GAS  C:\Users\RD\AppData\Local\Temp\cc5BxKRI.s 			page 14


 468:Generated_Source\PSoC4/LED_Driver_SPI_UART.c **** ****************************************************************************//**
 469:Generated_Source\PSoC4/LED_Driver_SPI_UART.c **** *
 470:Generated_Source\PSoC4/LED_Driver_SPI_UART.c **** *  Disables TX interrupt sources.
 471:Generated_Source\PSoC4/LED_Driver_SPI_UART.c **** *
 472:Generated_Source\PSoC4/LED_Driver_SPI_UART.c **** *  \return
 473:Generated_Source\PSoC4/LED_Driver_SPI_UART.c **** *   Returns TX interrupt sources enabled before function call.
 474:Generated_Source\PSoC4/LED_Driver_SPI_UART.c **** *
 475:Generated_Source\PSoC4/LED_Driver_SPI_UART.c **** *******************************************************************************/
 476:Generated_Source\PSoC4/LED_Driver_SPI_UART.c **** uint32 LED_Driver_SpiUartDisableIntTx(void)
 477:Generated_Source\PSoC4/LED_Driver_SPI_UART.c **** {
 273              		.loc 1 477 0
 274              		.cfi_startproc
 478:Generated_Source\PSoC4/LED_Driver_SPI_UART.c ****     uint32 intSourceMask;
 479:Generated_Source\PSoC4/LED_Driver_SPI_UART.c **** 
 480:Generated_Source\PSoC4/LED_Driver_SPI_UART.c ****     intSourceMask = LED_Driver_GetTxInterruptMode();
 275              		.loc 1 480 0
 276 0000 024B     		ldr	r3, .L27
 277 0002 1868     		ldr	r0, [r3]
 278              	.LVL14:
 481:Generated_Source\PSoC4/LED_Driver_SPI_UART.c **** 
 482:Generated_Source\PSoC4/LED_Driver_SPI_UART.c ****     LED_Driver_SetTxInterruptMode(LED_Driver_NO_INTR_SOURCES);
 279              		.loc 1 482 0
 280 0004 0022     		mov	r2, #0
 281 0006 1A60     		str	r2, [r3]
 483:Generated_Source\PSoC4/LED_Driver_SPI_UART.c **** 
 484:Generated_Source\PSoC4/LED_Driver_SPI_UART.c ****     return (intSourceMask);
 485:Generated_Source\PSoC4/LED_Driver_SPI_UART.c **** }
 282              		.loc 1 485 0
 283              		@ sp needed
 284 0008 7047     		bx	lr
 285              	.L28:
 286 000a C046     		.align	2
 287              	.L27:
 288 000c 880F0940 		.word	1074335624
 289              		.cfi_endproc
 290              	.LFE9:
 291              		.size	LED_Driver_SpiUartDisableIntTx, .-LED_Driver_SpiUartDisableIntTx
 292              		.text
 293              	.Letext0:
 294              		.file 2 "Generated_Source\\PSoC4/cytypes.h"
 295              		.section	.debug_info,"",%progbits
 296              	.Ldebug_info0:
 297 0000 15020000 		.4byte	0x215
 298 0004 0400     		.2byte	0x4
 299 0006 00000000 		.4byte	.Ldebug_abbrev0
 300 000a 04       		.byte	0x4
 301 000b 01       		.uleb128 0x1
 302 000c EF000000 		.4byte	.LASF32
 303 0010 01       		.byte	0x1
 304 0011 9D000000 		.4byte	.LASF33
 305 0015 06000000 		.4byte	.LASF34
 306 0019 00000000 		.4byte	.Ldebug_ranges0+0
 307 001d 00000000 		.4byte	0
 308 0021 00000000 		.4byte	.Ldebug_line0
 309 0025 02       		.uleb128 0x2
 310 0026 01       		.byte	0x1
 311 0027 06       		.byte	0x6
ARM GAS  C:\Users\RD\AppData\Local\Temp\cc5BxKRI.s 			page 15


 312 0028 B5020000 		.4byte	.LASF0
 313 002c 02       		.uleb128 0x2
 314 002d 01       		.byte	0x1
 315 002e 08       		.byte	0x8
 316 002f CF010000 		.4byte	.LASF1
 317 0033 02       		.uleb128 0x2
 318 0034 02       		.byte	0x2
 319 0035 05       		.byte	0x5
 320 0036 83020000 		.4byte	.LASF2
 321 003a 02       		.uleb128 0x2
 322 003b 02       		.byte	0x2
 323 003c 07       		.byte	0x7
 324 003d 93010000 		.4byte	.LASF3
 325 0041 02       		.uleb128 0x2
 326 0042 04       		.byte	0x4
 327 0043 05       		.byte	0x5
 328 0044 AC020000 		.4byte	.LASF4
 329 0048 02       		.uleb128 0x2
 330 0049 04       		.byte	0x4
 331 004a 07       		.byte	0x7
 332 004b 81010000 		.4byte	.LASF5
 333 004f 02       		.uleb128 0x2
 334 0050 08       		.byte	0x8
 335 0051 05       		.byte	0x5
 336 0052 70020000 		.4byte	.LASF6
 337 0056 02       		.uleb128 0x2
 338 0057 08       		.byte	0x8
 339 0058 07       		.byte	0x7
 340 0059 50020000 		.4byte	.LASF7
 341 005d 03       		.uleb128 0x3
 342 005e 04       		.byte	0x4
 343 005f 05       		.byte	0x5
 344 0060 696E7400 		.ascii	"int\000"
 345 0064 02       		.uleb128 0x2
 346 0065 04       		.byte	0x4
 347 0066 07       		.byte	0x7
 348 0067 6F000000 		.4byte	.LASF8
 349 006b 04       		.uleb128 0x4
 350 006c 02020000 		.4byte	.LASF9
 351 0070 02       		.byte	0x2
 352 0071 9901     		.2byte	0x199
 353 0073 3A000000 		.4byte	0x3a
 354 0077 04       		.uleb128 0x4
 355 0078 0F020000 		.4byte	.LASF10
 356 007c 02       		.byte	0x2
 357 007d 9A01     		.2byte	0x19a
 358 007f 48000000 		.4byte	0x48
 359 0083 02       		.uleb128 0x2
 360 0084 04       		.byte	0x4
 361 0085 04       		.byte	0x4
 362 0086 97000000 		.4byte	.LASF11
 363 008a 02       		.uleb128 0x2
 364 008b 08       		.byte	0x8
 365 008c 04       		.byte	0x4
 366 008d DD010000 		.4byte	.LASF12
 367 0091 02       		.uleb128 0x2
 368 0092 01       		.byte	0x1
ARM GAS  C:\Users\RD\AppData\Local\Temp\cc5BxKRI.s 			page 16


 369 0093 08       		.byte	0x8
 370 0094 7E020000 		.4byte	.LASF13
 371 0098 04       		.uleb128 0x4
 372 0099 00000000 		.4byte	.LASF14
 373 009d 02       		.byte	0x2
 374 009e 4402     		.2byte	0x244
 375 00a0 A4000000 		.4byte	0xa4
 376 00a4 05       		.uleb128 0x5
 377 00a5 77000000 		.4byte	0x77
 378 00a9 02       		.uleb128 0x2
 379 00aa 04       		.byte	0x4
 380 00ab 07       		.byte	0x7
 381 00ac 67020000 		.4byte	.LASF15
 382 00b0 06       		.uleb128 0x6
 383 00b1 00030000 		.4byte	.LASF16
 384 00b5 01       		.byte	0x1
 385 00b6 53       		.byte	0x53
 386 00b7 77000000 		.4byte	0x77
 387 00bb 00000000 		.4byte	.LFB1
 388 00bf 0C000000 		.4byte	.LFE1-.LFB1
 389 00c3 01       		.uleb128 0x1
 390 00c4 9C       		.byte	0x9c
 391 00c5 D9000000 		.4byte	0xd9
 392 00c9 07       		.uleb128 0x7
 393 00ca A6010000 		.4byte	.LASF18
 394 00ce 01       		.byte	0x1
 395 00cf 55       		.byte	0x55
 396 00d0 77000000 		.4byte	0x77
 397 00d4 00000000 		.4byte	.LLST0
 398 00d8 00       		.byte	0
 399 00d9 06       		.uleb128 0x6
 400 00da 2E020000 		.4byte	.LASF17
 401 00de 01       		.byte	0x1
 402 00df 9D       		.byte	0x9d
 403 00e0 77000000 		.4byte	0x77
 404 00e4 00000000 		.4byte	.LFB2
 405 00e8 10000000 		.4byte	.LFE2-.LFB2
 406 00ec 01       		.uleb128 0x1
 407 00ed 9C       		.byte	0x9c
 408 00ee 00010000 		.4byte	0x100
 409 00f2 08       		.uleb128 0x8
 410 00f3 EA000000 		.4byte	.LASF19
 411 00f7 01       		.byte	0x1
 412 00f8 9F       		.byte	0x9f
 413 00f9 77000000 		.4byte	0x77
 414 00fd 01       		.uleb128 0x1
 415 00fe 50       		.byte	0x50
 416 00ff 00       		.byte	0
 417 0100 09       		.uleb128 0x9
 418 0101 CA000000 		.4byte	.LASF26
 419 0105 01       		.byte	0x1
 420 0106 C8       		.byte	0xc8
 421 0107 00000000 		.4byte	.LFB3
 422 010b 20000000 		.4byte	.LFE3-.LFB3
 423 010f 01       		.uleb128 0x1
 424 0110 9C       		.byte	0x9c
 425 0111 0A       		.uleb128 0xa
ARM GAS  C:\Users\RD\AppData\Local\Temp\cc5BxKRI.s 			page 17


 426 0112 E4010000 		.4byte	.LASF20
 427 0116 01       		.byte	0x1
 428 0117 0101     		.2byte	0x101
 429 0119 00000000 		.4byte	.LFB4
 430 011d 1C000000 		.4byte	.LFE4-.LFB4
 431 0121 01       		.uleb128 0x1
 432 0122 9C       		.byte	0x9c
 433 0123 36010000 		.4byte	0x136
 434 0127 0B       		.uleb128 0xb
 435 0128 68000000 		.4byte	.LASF22
 436 012c 01       		.byte	0x1
 437 012d 0101     		.2byte	0x101
 438 012f 77000000 		.4byte	0x77
 439 0133 01       		.uleb128 0x1
 440 0134 50       		.byte	0x50
 441 0135 00       		.byte	0
 442 0136 0A       		.uleb128 0xa
 443 0137 7C000000 		.4byte	.LASF21
 444 013b 01       		.byte	0x1
 445 013c 5401     		.2byte	0x154
 446 013e 00000000 		.4byte	.LFB5
 447 0142 1A000000 		.4byte	.LFE5-.LFB5
 448 0146 01       		.uleb128 0x1
 449 0147 9C       		.byte	0x9c
 450 0148 84010000 		.4byte	0x184
 451 014c 0C       		.uleb128 0xc
 452 014d 09020000 		.4byte	.LASF23
 453 0151 01       		.byte	0x1
 454 0152 5401     		.2byte	0x154
 455 0154 84010000 		.4byte	0x184
 456 0158 1F000000 		.4byte	.LLST1
 457 015c 0C       		.uleb128 0xc
 458 015d 62000000 		.4byte	.LASF24
 459 0161 01       		.byte	0x1
 460 0162 5401     		.2byte	0x154
 461 0164 77000000 		.4byte	0x77
 462 0168 4B000000 		.4byte	.LLST2
 463 016c 0D       		.uleb128 0xd
 464 016d 6900     		.ascii	"i\000"
 465 016f 01       		.byte	0x1
 466 0170 5601     		.2byte	0x156
 467 0172 77000000 		.4byte	0x77
 468 0176 77000000 		.4byte	.LLST3
 469 017a 0E       		.uleb128 0xe
 470 017b 12000000 		.4byte	.LVL7
 471 017f 11010000 		.4byte	0x111
 472 0183 00       		.byte	0
 473 0184 0F       		.uleb128 0xf
 474 0185 04       		.byte	0x4
 475 0186 8A010000 		.4byte	0x18a
 476 018a 10       		.uleb128 0x10
 477 018b 6B000000 		.4byte	0x6b
 478 018f 11       		.uleb128 0x11
 479 0190 AD010000 		.4byte	.LASF25
 480 0194 01       		.byte	0x1
 481 0195 7501     		.2byte	0x175
 482 0197 77000000 		.4byte	0x77
ARM GAS  C:\Users\RD\AppData\Local\Temp\cc5BxKRI.s 			page 18


 483 019b 00000000 		.4byte	.LFB6
 484 019f 10000000 		.4byte	.LFE6-.LFB6
 485 01a3 01       		.uleb128 0x1
 486 01a4 9C       		.byte	0x9c
 487 01a5 B8010000 		.4byte	0x1b8
 488 01a9 12       		.uleb128 0x12
 489 01aa EA000000 		.4byte	.LASF19
 490 01ae 01       		.byte	0x1
 491 01af 7701     		.2byte	0x177
 492 01b1 77000000 		.4byte	0x77
 493 01b5 01       		.uleb128 0x1
 494 01b6 50       		.byte	0x50
 495 01b7 00       		.byte	0
 496 01b8 13       		.uleb128 0x13
 497 01b9 E0020000 		.4byte	.LASF27
 498 01bd 01       		.byte	0x1
 499 01be A101     		.2byte	0x1a1
 500 01c0 00000000 		.4byte	.LFB7
 501 01c4 20000000 		.4byte	.LFE7-.LFB7
 502 01c8 01       		.uleb128 0x1
 503 01c9 9C       		.byte	0x9c
 504 01ca 11       		.uleb128 0x11
 505 01cb 8D020000 		.4byte	.LASF28
 506 01cf 01       		.byte	0x1
 507 01d0 C601     		.2byte	0x1c6
 508 01d2 77000000 		.4byte	0x77
 509 01d6 00000000 		.4byte	.LFB8
 510 01da 10000000 		.4byte	.LFE8-.LFB8
 511 01de 01       		.uleb128 0x1
 512 01df 9C       		.byte	0x9c
 513 01e0 F3010000 		.4byte	0x1f3
 514 01e4 12       		.uleb128 0x12
 515 01e5 24020000 		.4byte	.LASF29
 516 01e9 01       		.byte	0x1
 517 01ea C801     		.2byte	0x1c8
 518 01ec 77000000 		.4byte	0x77
 519 01f0 01       		.uleb128 0x1
 520 01f1 50       		.byte	0x50
 521 01f2 00       		.byte	0
 522 01f3 14       		.uleb128 0x14
 523 01f4 C1020000 		.4byte	.LASF30
 524 01f8 01       		.byte	0x1
 525 01f9 DC01     		.2byte	0x1dc
 526 01fb 77000000 		.4byte	0x77
 527 01ff 00000000 		.4byte	.LFB9
 528 0203 10000000 		.4byte	.LFE9-.LFB9
 529 0207 01       		.uleb128 0x1
 530 0208 9C       		.byte	0x9c
 531 0209 12       		.uleb128 0x12
 532 020a 16020000 		.4byte	.LASF31
 533 020e 01       		.byte	0x1
 534 020f DE01     		.2byte	0x1de
 535 0211 77000000 		.4byte	0x77
 536 0215 01       		.uleb128 0x1
 537 0216 50       		.byte	0x50
 538 0217 00       		.byte	0
 539 0218 00       		.byte	0
ARM GAS  C:\Users\RD\AppData\Local\Temp\cc5BxKRI.s 			page 19


 540              		.section	.debug_abbrev,"",%progbits
 541              	.Ldebug_abbrev0:
 542 0000 01       		.uleb128 0x1
 543 0001 11       		.uleb128 0x11
 544 0002 01       		.byte	0x1
 545 0003 25       		.uleb128 0x25
 546 0004 0E       		.uleb128 0xe
 547 0005 13       		.uleb128 0x13
 548 0006 0B       		.uleb128 0xb
 549 0007 03       		.uleb128 0x3
 550 0008 0E       		.uleb128 0xe
 551 0009 1B       		.uleb128 0x1b
 552 000a 0E       		.uleb128 0xe
 553 000b 55       		.uleb128 0x55
 554 000c 17       		.uleb128 0x17
 555 000d 11       		.uleb128 0x11
 556 000e 01       		.uleb128 0x1
 557 000f 10       		.uleb128 0x10
 558 0010 17       		.uleb128 0x17
 559 0011 00       		.byte	0
 560 0012 00       		.byte	0
 561 0013 02       		.uleb128 0x2
 562 0014 24       		.uleb128 0x24
 563 0015 00       		.byte	0
 564 0016 0B       		.uleb128 0xb
 565 0017 0B       		.uleb128 0xb
 566 0018 3E       		.uleb128 0x3e
 567 0019 0B       		.uleb128 0xb
 568 001a 03       		.uleb128 0x3
 569 001b 0E       		.uleb128 0xe
 570 001c 00       		.byte	0
 571 001d 00       		.byte	0
 572 001e 03       		.uleb128 0x3
 573 001f 24       		.uleb128 0x24
 574 0020 00       		.byte	0
 575 0021 0B       		.uleb128 0xb
 576 0022 0B       		.uleb128 0xb
 577 0023 3E       		.uleb128 0x3e
 578 0024 0B       		.uleb128 0xb
 579 0025 03       		.uleb128 0x3
 580 0026 08       		.uleb128 0x8
 581 0027 00       		.byte	0
 582 0028 00       		.byte	0
 583 0029 04       		.uleb128 0x4
 584 002a 16       		.uleb128 0x16
 585 002b 00       		.byte	0
 586 002c 03       		.uleb128 0x3
 587 002d 0E       		.uleb128 0xe
 588 002e 3A       		.uleb128 0x3a
 589 002f 0B       		.uleb128 0xb
 590 0030 3B       		.uleb128 0x3b
 591 0031 05       		.uleb128 0x5
 592 0032 49       		.uleb128 0x49
 593 0033 13       		.uleb128 0x13
 594 0034 00       		.byte	0
 595 0035 00       		.byte	0
 596 0036 05       		.uleb128 0x5
ARM GAS  C:\Users\RD\AppData\Local\Temp\cc5BxKRI.s 			page 20


 597 0037 35       		.uleb128 0x35
 598 0038 00       		.byte	0
 599 0039 49       		.uleb128 0x49
 600 003a 13       		.uleb128 0x13
 601 003b 00       		.byte	0
 602 003c 00       		.byte	0
 603 003d 06       		.uleb128 0x6
 604 003e 2E       		.uleb128 0x2e
 605 003f 01       		.byte	0x1
 606 0040 3F       		.uleb128 0x3f
 607 0041 19       		.uleb128 0x19
 608 0042 03       		.uleb128 0x3
 609 0043 0E       		.uleb128 0xe
 610 0044 3A       		.uleb128 0x3a
 611 0045 0B       		.uleb128 0xb
 612 0046 3B       		.uleb128 0x3b
 613 0047 0B       		.uleb128 0xb
 614 0048 27       		.uleb128 0x27
 615 0049 19       		.uleb128 0x19
 616 004a 49       		.uleb128 0x49
 617 004b 13       		.uleb128 0x13
 618 004c 11       		.uleb128 0x11
 619 004d 01       		.uleb128 0x1
 620 004e 12       		.uleb128 0x12
 621 004f 06       		.uleb128 0x6
 622 0050 40       		.uleb128 0x40
 623 0051 18       		.uleb128 0x18
 624 0052 9742     		.uleb128 0x2117
 625 0054 19       		.uleb128 0x19
 626 0055 01       		.uleb128 0x1
 627 0056 13       		.uleb128 0x13
 628 0057 00       		.byte	0
 629 0058 00       		.byte	0
 630 0059 07       		.uleb128 0x7
 631 005a 34       		.uleb128 0x34
 632 005b 00       		.byte	0
 633 005c 03       		.uleb128 0x3
 634 005d 0E       		.uleb128 0xe
 635 005e 3A       		.uleb128 0x3a
 636 005f 0B       		.uleb128 0xb
 637 0060 3B       		.uleb128 0x3b
 638 0061 0B       		.uleb128 0xb
 639 0062 49       		.uleb128 0x49
 640 0063 13       		.uleb128 0x13
 641 0064 02       		.uleb128 0x2
 642 0065 17       		.uleb128 0x17
 643 0066 00       		.byte	0
 644 0067 00       		.byte	0
 645 0068 08       		.uleb128 0x8
 646 0069 34       		.uleb128 0x34
 647 006a 00       		.byte	0
 648 006b 03       		.uleb128 0x3
 649 006c 0E       		.uleb128 0xe
 650 006d 3A       		.uleb128 0x3a
 651 006e 0B       		.uleb128 0xb
 652 006f 3B       		.uleb128 0x3b
 653 0070 0B       		.uleb128 0xb
ARM GAS  C:\Users\RD\AppData\Local\Temp\cc5BxKRI.s 			page 21


 654 0071 49       		.uleb128 0x49
 655 0072 13       		.uleb128 0x13
 656 0073 02       		.uleb128 0x2
 657 0074 18       		.uleb128 0x18
 658 0075 00       		.byte	0
 659 0076 00       		.byte	0
 660 0077 09       		.uleb128 0x9
 661 0078 2E       		.uleb128 0x2e
 662 0079 00       		.byte	0
 663 007a 3F       		.uleb128 0x3f
 664 007b 19       		.uleb128 0x19
 665 007c 03       		.uleb128 0x3
 666 007d 0E       		.uleb128 0xe
 667 007e 3A       		.uleb128 0x3a
 668 007f 0B       		.uleb128 0xb
 669 0080 3B       		.uleb128 0x3b
 670 0081 0B       		.uleb128 0xb
 671 0082 27       		.uleb128 0x27
 672 0083 19       		.uleb128 0x19
 673 0084 11       		.uleb128 0x11
 674 0085 01       		.uleb128 0x1
 675 0086 12       		.uleb128 0x12
 676 0087 06       		.uleb128 0x6
 677 0088 40       		.uleb128 0x40
 678 0089 18       		.uleb128 0x18
 679 008a 9742     		.uleb128 0x2117
 680 008c 19       		.uleb128 0x19
 681 008d 00       		.byte	0
 682 008e 00       		.byte	0
 683 008f 0A       		.uleb128 0xa
 684 0090 2E       		.uleb128 0x2e
 685 0091 01       		.byte	0x1
 686 0092 3F       		.uleb128 0x3f
 687 0093 19       		.uleb128 0x19
 688 0094 03       		.uleb128 0x3
 689 0095 0E       		.uleb128 0xe
 690 0096 3A       		.uleb128 0x3a
 691 0097 0B       		.uleb128 0xb
 692 0098 3B       		.uleb128 0x3b
 693 0099 05       		.uleb128 0x5
 694 009a 27       		.uleb128 0x27
 695 009b 19       		.uleb128 0x19
 696 009c 11       		.uleb128 0x11
 697 009d 01       		.uleb128 0x1
 698 009e 12       		.uleb128 0x12
 699 009f 06       		.uleb128 0x6
 700 00a0 40       		.uleb128 0x40
 701 00a1 18       		.uleb128 0x18
 702 00a2 9742     		.uleb128 0x2117
 703 00a4 19       		.uleb128 0x19
 704 00a5 01       		.uleb128 0x1
 705 00a6 13       		.uleb128 0x13
 706 00a7 00       		.byte	0
 707 00a8 00       		.byte	0
 708 00a9 0B       		.uleb128 0xb
 709 00aa 05       		.uleb128 0x5
 710 00ab 00       		.byte	0
ARM GAS  C:\Users\RD\AppData\Local\Temp\cc5BxKRI.s 			page 22


 711 00ac 03       		.uleb128 0x3
 712 00ad 0E       		.uleb128 0xe
 713 00ae 3A       		.uleb128 0x3a
 714 00af 0B       		.uleb128 0xb
 715 00b0 3B       		.uleb128 0x3b
 716 00b1 05       		.uleb128 0x5
 717 00b2 49       		.uleb128 0x49
 718 00b3 13       		.uleb128 0x13
 719 00b4 02       		.uleb128 0x2
 720 00b5 18       		.uleb128 0x18
 721 00b6 00       		.byte	0
 722 00b7 00       		.byte	0
 723 00b8 0C       		.uleb128 0xc
 724 00b9 05       		.uleb128 0x5
 725 00ba 00       		.byte	0
 726 00bb 03       		.uleb128 0x3
 727 00bc 0E       		.uleb128 0xe
 728 00bd 3A       		.uleb128 0x3a
 729 00be 0B       		.uleb128 0xb
 730 00bf 3B       		.uleb128 0x3b
 731 00c0 05       		.uleb128 0x5
 732 00c1 49       		.uleb128 0x49
 733 00c2 13       		.uleb128 0x13
 734 00c3 02       		.uleb128 0x2
 735 00c4 17       		.uleb128 0x17
 736 00c5 00       		.byte	0
 737 00c6 00       		.byte	0
 738 00c7 0D       		.uleb128 0xd
 739 00c8 34       		.uleb128 0x34
 740 00c9 00       		.byte	0
 741 00ca 03       		.uleb128 0x3
 742 00cb 08       		.uleb128 0x8
 743 00cc 3A       		.uleb128 0x3a
 744 00cd 0B       		.uleb128 0xb
 745 00ce 3B       		.uleb128 0x3b
 746 00cf 05       		.uleb128 0x5
 747 00d0 49       		.uleb128 0x49
 748 00d1 13       		.uleb128 0x13
 749 00d2 02       		.uleb128 0x2
 750 00d3 17       		.uleb128 0x17
 751 00d4 00       		.byte	0
 752 00d5 00       		.byte	0
 753 00d6 0E       		.uleb128 0xe
 754 00d7 898201   		.uleb128 0x4109
 755 00da 00       		.byte	0
 756 00db 11       		.uleb128 0x11
 757 00dc 01       		.uleb128 0x1
 758 00dd 31       		.uleb128 0x31
 759 00de 13       		.uleb128 0x13
 760 00df 00       		.byte	0
 761 00e0 00       		.byte	0
 762 00e1 0F       		.uleb128 0xf
 763 00e2 0F       		.uleb128 0xf
 764 00e3 00       		.byte	0
 765 00e4 0B       		.uleb128 0xb
 766 00e5 0B       		.uleb128 0xb
 767 00e6 49       		.uleb128 0x49
ARM GAS  C:\Users\RD\AppData\Local\Temp\cc5BxKRI.s 			page 23


 768 00e7 13       		.uleb128 0x13
 769 00e8 00       		.byte	0
 770 00e9 00       		.byte	0
 771 00ea 10       		.uleb128 0x10
 772 00eb 26       		.uleb128 0x26
 773 00ec 00       		.byte	0
 774 00ed 49       		.uleb128 0x49
 775 00ee 13       		.uleb128 0x13
 776 00ef 00       		.byte	0
 777 00f0 00       		.byte	0
 778 00f1 11       		.uleb128 0x11
 779 00f2 2E       		.uleb128 0x2e
 780 00f3 01       		.byte	0x1
 781 00f4 3F       		.uleb128 0x3f
 782 00f5 19       		.uleb128 0x19
 783 00f6 03       		.uleb128 0x3
 784 00f7 0E       		.uleb128 0xe
 785 00f8 3A       		.uleb128 0x3a
 786 00f9 0B       		.uleb128 0xb
 787 00fa 3B       		.uleb128 0x3b
 788 00fb 05       		.uleb128 0x5
 789 00fc 27       		.uleb128 0x27
 790 00fd 19       		.uleb128 0x19
 791 00fe 49       		.uleb128 0x49
 792 00ff 13       		.uleb128 0x13
 793 0100 11       		.uleb128 0x11
 794 0101 01       		.uleb128 0x1
 795 0102 12       		.uleb128 0x12
 796 0103 06       		.uleb128 0x6
 797 0104 40       		.uleb128 0x40
 798 0105 18       		.uleb128 0x18
 799 0106 9742     		.uleb128 0x2117
 800 0108 19       		.uleb128 0x19
 801 0109 01       		.uleb128 0x1
 802 010a 13       		.uleb128 0x13
 803 010b 00       		.byte	0
 804 010c 00       		.byte	0
 805 010d 12       		.uleb128 0x12
 806 010e 34       		.uleb128 0x34
 807 010f 00       		.byte	0
 808 0110 03       		.uleb128 0x3
 809 0111 0E       		.uleb128 0xe
 810 0112 3A       		.uleb128 0x3a
 811 0113 0B       		.uleb128 0xb
 812 0114 3B       		.uleb128 0x3b
 813 0115 05       		.uleb128 0x5
 814 0116 49       		.uleb128 0x49
 815 0117 13       		.uleb128 0x13
 816 0118 02       		.uleb128 0x2
 817 0119 18       		.uleb128 0x18
 818 011a 00       		.byte	0
 819 011b 00       		.byte	0
 820 011c 13       		.uleb128 0x13
 821 011d 2E       		.uleb128 0x2e
 822 011e 00       		.byte	0
 823 011f 3F       		.uleb128 0x3f
 824 0120 19       		.uleb128 0x19
ARM GAS  C:\Users\RD\AppData\Local\Temp\cc5BxKRI.s 			page 24


 825 0121 03       		.uleb128 0x3
 826 0122 0E       		.uleb128 0xe
 827 0123 3A       		.uleb128 0x3a
 828 0124 0B       		.uleb128 0xb
 829 0125 3B       		.uleb128 0x3b
 830 0126 05       		.uleb128 0x5
 831 0127 27       		.uleb128 0x27
 832 0128 19       		.uleb128 0x19
 833 0129 11       		.uleb128 0x11
 834 012a 01       		.uleb128 0x1
 835 012b 12       		.uleb128 0x12
 836 012c 06       		.uleb128 0x6
 837 012d 40       		.uleb128 0x40
 838 012e 18       		.uleb128 0x18
 839 012f 9742     		.uleb128 0x2117
 840 0131 19       		.uleb128 0x19
 841 0132 00       		.byte	0
 842 0133 00       		.byte	0
 843 0134 14       		.uleb128 0x14
 844 0135 2E       		.uleb128 0x2e
 845 0136 01       		.byte	0x1
 846 0137 3F       		.uleb128 0x3f
 847 0138 19       		.uleb128 0x19
 848 0139 03       		.uleb128 0x3
 849 013a 0E       		.uleb128 0xe
 850 013b 3A       		.uleb128 0x3a
 851 013c 0B       		.uleb128 0xb
 852 013d 3B       		.uleb128 0x3b
 853 013e 05       		.uleb128 0x5
 854 013f 27       		.uleb128 0x27
 855 0140 19       		.uleb128 0x19
 856 0141 49       		.uleb128 0x49
 857 0142 13       		.uleb128 0x13
 858 0143 11       		.uleb128 0x11
 859 0144 01       		.uleb128 0x1
 860 0145 12       		.uleb128 0x12
 861 0146 06       		.uleb128 0x6
 862 0147 40       		.uleb128 0x40
 863 0148 18       		.uleb128 0x18
 864 0149 9742     		.uleb128 0x2117
 865 014b 19       		.uleb128 0x19
 866 014c 00       		.byte	0
 867 014d 00       		.byte	0
 868 014e 00       		.byte	0
 869              		.section	.debug_loc,"",%progbits
 870              	.Ldebug_loc0:
 871              	.LLST0:
 872 0000 00000000 		.4byte	.LVL0
 873 0004 04000000 		.4byte	.LVL1
 874 0008 0200     		.2byte	0x2
 875 000a 30       		.byte	0x30
 876 000b 9F       		.byte	0x9f
 877 000c 04000000 		.4byte	.LVL1
 878 0010 0C000000 		.4byte	.LFE1
 879 0014 0100     		.2byte	0x1
 880 0016 50       		.byte	0x50
 881 0017 00000000 		.4byte	0
ARM GAS  C:\Users\RD\AppData\Local\Temp\cc5BxKRI.s 			page 25


 882 001b 00000000 		.4byte	0
 883              	.LLST1:
 884 001f 00000000 		.4byte	.LVL4
 885 0023 0A000000 		.4byte	.LVL6
 886 0027 0100     		.2byte	0x1
 887 0029 50       		.byte	0x50
 888 002a 0A000000 		.4byte	.LVL6
 889 002e 18000000 		.4byte	.LVL11
 890 0032 0100     		.2byte	0x1
 891 0034 56       		.byte	0x56
 892 0035 18000000 		.4byte	.LVL11
 893 0039 1A000000 		.4byte	.LFE5
 894 003d 0400     		.2byte	0x4
 895 003f F3       		.byte	0xf3
 896 0040 01       		.uleb128 0x1
 897 0041 50       		.byte	0x50
 898 0042 9F       		.byte	0x9f
 899 0043 00000000 		.4byte	0
 900 0047 00000000 		.4byte	0
 901              	.LLST2:
 902 004b 00000000 		.4byte	.LVL4
 903 004f 0A000000 		.4byte	.LVL6
 904 0053 0100     		.2byte	0x1
 905 0055 51       		.byte	0x51
 906 0056 0A000000 		.4byte	.LVL6
 907 005a 18000000 		.4byte	.LVL10
 908 005e 0100     		.2byte	0x1
 909 0060 55       		.byte	0x55
 910 0061 18000000 		.4byte	.LVL10
 911 0065 1A000000 		.4byte	.LFE5
 912 0069 0400     		.2byte	0x4
 913 006b F3       		.byte	0xf3
 914 006c 01       		.uleb128 0x1
 915 006d 51       		.byte	0x51
 916 006e 9F       		.byte	0x9f
 917 006f 00000000 		.4byte	0
 918 0073 00000000 		.4byte	0
 919              	.LLST3:
 920 0077 06000000 		.4byte	.LVL5
 921 007b 0A000000 		.4byte	.LVL6
 922 007f 0200     		.2byte	0x2
 923 0081 30       		.byte	0x30
 924 0082 9F       		.byte	0x9f
 925 0083 0A000000 		.4byte	.LVL6
 926 0087 18000000 		.4byte	.LVL9
 927 008b 0100     		.2byte	0x1
 928 008d 54       		.byte	0x54
 929 008e 00000000 		.4byte	0
 930 0092 00000000 		.4byte	0
 931              		.section	.debug_aranges,"",%progbits
 932 0000 5C000000 		.4byte	0x5c
 933 0004 0200     		.2byte	0x2
 934 0006 00000000 		.4byte	.Ldebug_info0
 935 000a 04       		.byte	0x4
 936 000b 00       		.byte	0
 937 000c 0000     		.2byte	0
 938 000e 0000     		.2byte	0
ARM GAS  C:\Users\RD\AppData\Local\Temp\cc5BxKRI.s 			page 26


 939 0010 00000000 		.4byte	.LFB1
 940 0014 0C000000 		.4byte	.LFE1-.LFB1
 941 0018 00000000 		.4byte	.LFB2
 942 001c 10000000 		.4byte	.LFE2-.LFB2
 943 0020 00000000 		.4byte	.LFB3
 944 0024 20000000 		.4byte	.LFE3-.LFB3
 945 0028 00000000 		.4byte	.LFB4
 946 002c 1C000000 		.4byte	.LFE4-.LFB4
 947 0030 00000000 		.4byte	.LFB5
 948 0034 1A000000 		.4byte	.LFE5-.LFB5
 949 0038 00000000 		.4byte	.LFB6
 950 003c 10000000 		.4byte	.LFE6-.LFB6
 951 0040 00000000 		.4byte	.LFB7
 952 0044 20000000 		.4byte	.LFE7-.LFB7
 953 0048 00000000 		.4byte	.LFB8
 954 004c 10000000 		.4byte	.LFE8-.LFB8
 955 0050 00000000 		.4byte	.LFB9
 956 0054 10000000 		.4byte	.LFE9-.LFB9
 957 0058 00000000 		.4byte	0
 958 005c 00000000 		.4byte	0
 959              		.section	.debug_ranges,"",%progbits
 960              	.Ldebug_ranges0:
 961 0000 00000000 		.4byte	.LFB1
 962 0004 0C000000 		.4byte	.LFE1
 963 0008 00000000 		.4byte	.LFB2
 964 000c 10000000 		.4byte	.LFE2
 965 0010 00000000 		.4byte	.LFB3
 966 0014 20000000 		.4byte	.LFE3
 967 0018 00000000 		.4byte	.LFB4
 968 001c 1C000000 		.4byte	.LFE4
 969 0020 00000000 		.4byte	.LFB5
 970 0024 1A000000 		.4byte	.LFE5
 971 0028 00000000 		.4byte	.LFB6
 972 002c 10000000 		.4byte	.LFE6
 973 0030 00000000 		.4byte	.LFB7
 974 0034 20000000 		.4byte	.LFE7
 975 0038 00000000 		.4byte	.LFB8
 976 003c 10000000 		.4byte	.LFE8
 977 0040 00000000 		.4byte	.LFB9
 978 0044 10000000 		.4byte	.LFE9
 979 0048 00000000 		.4byte	0
 980 004c 00000000 		.4byte	0
 981              		.section	.debug_line,"",%progbits
 982              	.Ldebug_line0:
 983 0000 1C010000 		.section	.debug_str,"MS",%progbits,1
 983      02005000 
 983      00000201 
 983      FB0E0D00 
 983      01010101 
 984              	.LASF14:
 985 0000 72656733 		.ascii	"reg32\000"
 985      3200
 986              	.LASF34:
 987 0006 433A5C55 		.ascii	"C:\\Users\\RD\\Documents\\Data_RD\\FAE Content\\D2\\"
 987      73657273 
 987      5C52445C 
 987      446F6375 
ARM GAS  C:\Users\RD\AppData\Local\Temp\cc5BxKRI.s 			page 27


 987      6D656E74 
 988 0033 426F7365 		.ascii	"Bose\\Capsene Board 12 2016\\Slider\\Slider.cydsn\000"
 988      5C436170 
 988      73656E65 
 988      20426F61 
 988      72642031 
 989              	.LASF24:
 990 0062 636F756E 		.ascii	"count\000"
 990      7400
 991              	.LASF22:
 992 0068 74784461 		.ascii	"txData\000"
 992      746100
 993              	.LASF8:
 994 006f 756E7369 		.ascii	"unsigned int\000"
 994      676E6564 
 994      20696E74 
 994      00
 995              	.LASF21:
 996 007c 4C45445F 		.ascii	"LED_Driver_SpiUartPutArray\000"
 996      44726976 
 996      65725F53 
 996      70695561 
 996      72745075 
 997              	.LASF11:
 998 0097 666C6F61 		.ascii	"float\000"
 998      7400
 999              	.LASF33:
 1000 009d 47656E65 		.ascii	"Generated_Source\\PSoC4\\LED_Driver_SPI_UART.c\000"
 1000      72617465 
 1000      645F536F 
 1000      75726365 
 1000      5C50536F 
 1001              	.LASF26:
 1002 00ca 4C45445F 		.ascii	"LED_Driver_SpiUartClearRxBuffer\000"
 1002      44726976 
 1002      65725F53 
 1002      70695561 
 1002      7274436C 
 1003              	.LASF19:
 1004 00ea 73697A65 		.ascii	"size\000"
 1004      00
 1005              	.LASF32:
 1006 00ef 474E5520 		.ascii	"GNU C 4.9.3 20150303 (release) [ARM/embedded-4_9-br"
 1006      4320342E 
 1006      392E3320 
 1006      32303135 
 1006      30333033 
 1007 0122 616E6368 		.ascii	"anch revision 221220] -mcpu=cortex-m0plus -mthumb -"
 1007      20726576 
 1007      6973696F 
 1007      6E203232 
 1007      31323230 
 1008 0155 67202D4F 		.ascii	"g -Og -ffunction-sections -ffat-lto-objects\000"
 1008      67202D66 
 1008      66756E63 
 1008      74696F6E 
 1008      2D736563 
ARM GAS  C:\Users\RD\AppData\Local\Temp\cc5BxKRI.s 			page 28


 1009              	.LASF5:
 1010 0181 6C6F6E67 		.ascii	"long unsigned int\000"
 1010      20756E73 
 1010      69676E65 
 1010      6420696E 
 1010      7400
 1011              	.LASF3:
 1012 0193 73686F72 		.ascii	"short unsigned int\000"
 1012      7420756E 
 1012      7369676E 
 1012      65642069 
 1012      6E7400
 1013              	.LASF18:
 1014 01a6 72784461 		.ascii	"rxData\000"
 1014      746100
 1015              	.LASF25:
 1016 01ad 4C45445F 		.ascii	"LED_Driver_SpiUartGetTxBufferSize\000"
 1016      44726976 
 1016      65725F53 
 1016      70695561 
 1016      72744765 
 1017              	.LASF1:
 1018 01cf 756E7369 		.ascii	"unsigned char\000"
 1018      676E6564 
 1018      20636861 
 1018      7200
 1019              	.LASF12:
 1020 01dd 646F7562 		.ascii	"double\000"
 1020      6C6500
 1021              	.LASF20:
 1022 01e4 4C45445F 		.ascii	"LED_Driver_SpiUartWriteTxData\000"
 1022      44726976 
 1022      65725F53 
 1022      70695561 
 1022      72745772 
 1023              	.LASF9:
 1024 0202 75696E74 		.ascii	"uint16\000"
 1024      313600
 1025              	.LASF23:
 1026 0209 77724275 		.ascii	"wrBuf\000"
 1026      6600
 1027              	.LASF10:
 1028 020f 75696E74 		.ascii	"uint32\000"
 1028      333200
 1029              	.LASF31:
 1030 0216 696E7453 		.ascii	"intSourceMask\000"
 1030      6F757263 
 1030      654D6173 
 1030      6B00
 1031              	.LASF29:
 1032 0224 696E7453 		.ascii	"intSource\000"
 1032      6F757263 
 1032      6500
 1033              	.LASF17:
 1034 022e 4C45445F 		.ascii	"LED_Driver_SpiUartGetRxBufferSize\000"
 1034      44726976 
 1034      65725F53 
ARM GAS  C:\Users\RD\AppData\Local\Temp\cc5BxKRI.s 			page 29


 1034      70695561 
 1034      72744765 
 1035              	.LASF7:
 1036 0250 6C6F6E67 		.ascii	"long long unsigned int\000"
 1036      206C6F6E 
 1036      6720756E 
 1036      7369676E 
 1036      65642069 
 1037              	.LASF15:
 1038 0267 73697A65 		.ascii	"sizetype\000"
 1038      74797065 
 1038      00
 1039              	.LASF6:
 1040 0270 6C6F6E67 		.ascii	"long long int\000"
 1040      206C6F6E 
 1040      6720696E 
 1040      7400
 1041              	.LASF13:
 1042 027e 63686172 		.ascii	"char\000"
 1042      00
 1043              	.LASF2:
 1044 0283 73686F72 		.ascii	"short int\000"
 1044      7420696E 
 1044      7400
 1045              	.LASF28:
 1046 028d 4C45445F 		.ascii	"LED_Driver_SpiUartDisableIntRx\000"
 1046      44726976 
 1046      65725F53 
 1046      70695561 
 1046      72744469 
 1047              	.LASF4:
 1048 02ac 6C6F6E67 		.ascii	"long int\000"
 1048      20696E74 
 1048      00
 1049              	.LASF0:
 1050 02b5 7369676E 		.ascii	"signed char\000"
 1050      65642063 
 1050      68617200 
 1051              	.LASF30:
 1052 02c1 4C45445F 		.ascii	"LED_Driver_SpiUartDisableIntTx\000"
 1052      44726976 
 1052      65725F53 
 1052      70695561 
 1052      72744469 
 1053              	.LASF27:
 1054 02e0 4C45445F 		.ascii	"LED_Driver_SpiUartClearTxBuffer\000"
 1054      44726976 
 1054      65725F53 
 1054      70695561 
 1054      7274436C 
 1055              	.LASF16:
 1056 0300 4C45445F 		.ascii	"LED_Driver_SpiUartReadRxData\000"
 1056      44726976 
 1056      65725F53 
 1056      70695561 
 1056      72745265 
 1057              		.ident	"GCC: (GNU Tools for ARM Embedded Processors) 4.9.3 20150303 (release) [ARM/embedded-4_9-br
ARM GAS  C:\Users\RD\AppData\Local\Temp\cc5BxKRI.s 			page 30


