ARM GAS  C:\Users\RD\AppData\Local\Temp\ccz1AhgB.s 			page 1


   1              		.cpu cortex-m0plus
   2              		.fpu softvfp
   3              		.eabi_attribute 20, 1
   4              		.eabi_attribute 21, 1
   5              		.eabi_attribute 23, 3
   6              		.eabi_attribute 24, 1
   7              		.eabi_attribute 25, 1
   8              		.eabi_attribute 26, 1
   9              		.eabi_attribute 30, 1
  10              		.eabi_attribute 34, 0
  11              		.eabi_attribute 18, 4
  12              		.code	16
  13              		.file	"main.c"
  14              		.text
  15              	.Ltext0:
  16              		.cfi_sections	.debug_frame
  17              		.global	__aeabi_uidiv
  18              		.section	.text.CapSense_DisplayState,"ax",%progbits
  19              		.align	2
  20              		.global	CapSense_DisplayState
  21              		.code	16
  22              		.thumb_func
  23              		.type	CapSense_DisplayState, %function
  24              	CapSense_DisplayState:
  25              	.LFB36:
  26              		.file 1 "main.c"
   1:main.c        **** ﻿/***************************************************************************//**
   2:main.c        **** * @file    main.c
   3:main.c        **** * @version 1.0
   4:main.c        **** * @authors PRIA
   5:main.c        **** *
   6:main.c        **** * @par Description
   7:main.c        **** *    
   8:main.c        **** *
   9:main.c        **** * @par Notes 
  10:main.c        **** *    None
  11:main.c        **** *
  12:main.c        **** * @par Hardware Dependency
  13:main.c        **** *    
  14:main.c        **** *
  15:main.c        **** * @par References
  16:main.c        **** *    
  17:main.c        **** *
  18:main.c        **** **//****************************************************************************
  19:main.c        **** * Copyright (2016), Cypress Semiconductor Corporation.
  20:main.c        **** ********************************************************************************
  21:main.c        **** * All rights reserved. 
  22:main.c        **** * This software, including source code, documentation and related 
  23:main.c        **** * materials (“Software”), is owned by Cypress Semiconductor 
  24:main.c        **** * Corporation (“Cypress”) and is protected by and subject to worldwide 
  25:main.c        **** * patent protection (United States and foreign), United States copyright 
  26:main.c        **** * laws and international treaty provisions. Therefore, you may use this 
  27:main.c        **** * Software only as provided in the license agreement accompanying the 
  28:main.c        **** * software package from which you obtained this Software (“EULA”). 
  29:main.c        **** *
  30:main.c        **** * If no EULA applies, Cypress hereby grants you a personal, non-exclusive, 
  31:main.c        **** * non-transferable license to copy, modify and compile the Software source code
ARM GAS  C:\Users\RD\AppData\Local\Temp\ccz1AhgB.s 			page 2


  32:main.c        **** * solely for your use in connection with Cypress's integrated circuit products.
  33:main.c        **** * Any reproduction, modification, translation, compilation, or representation
  34:main.c        **** * of this Software except as specified above is prohibited without the express
  35:main.c        **** * written permission of Cypress.
  36:main.c        **** 
  37:main.c        **** * Disclaimer: THIS SOFTWARE IS PROVIDED AS-IS, WITH NO WARRANTY OF ANY KIND,
  38:main.c        **** * EXPRESS OR IMPLIED, INCLUDING, BUT NOT LIMITED TO, NONINFRINGEMENT, IMPLIED
  39:main.c        **** * WARRANTIES OF MERCHANTABILITY AND FITNESS FOR A PARTICULAR PURPOSE.
  40:main.c        **** * Cypress reserves the right to make changes to the Software without notice. 
  41:main.c        **** * Cypress does not assume any liability arising out of the application or use 
  42:main.c        **** * of the Software or any product or circuit described in the Software. Cypress
  43:main.c        **** * does not authorize its products for use in any products where a malfunction
  44:main.c        **** * or failure of the Cypress product may reasonably be expected to result in 
  45:main.c        **** * significant property damage, injury or death (“High Risk Product”). By 
  46:main.c        **** * including Cypress’s product in a High Risk Product, the manufacturer of such  
  47:main.c        **** * system or application assumes all risk of such use and in doing so agrees to  
  48:main.c        **** * indemnify Cypress against all liability. 
  49:main.c        **** *******************************************************************************/
  50:main.c        **** 
  51:main.c        **** /*******************************************************************************
  52:main.c        **** *   Included Headers
  53:main.c        **** *******************************************************************************/
  54:main.c        **** #include <project.h>
  55:main.c        **** 
  56:main.c        **** /*******************************************************************************
  57:main.c        **** *   Macros and #define Constants
  58:main.c        **** *******************************************************************************/
  59:main.c        **** #define LED_ON      (1u)        /* Pin state to turn ON an active-LOW LED */
  60:main.c        **** #define LED_OFF     (0u)        /* Pin state to turn OFF an active-LOW LED */
  61:main.c        **** #define NUMBER_OF_SEGMENTS (10)
  62:main.c        **** #define NUMBER_OF_LEDS (10)
  63:main.c        **** #define SLIDER_RESOLUTION (100)
  64:main.c        **** #define SLIDER_BUCKETS (SLIDER_RESOLUTION/NUMBER_OF_SEGMENTS)
  65:main.c        **** #define LED_BUCKETS (SLIDER_RESOLUTION/NUMBER_OF_LEDS)
  66:main.c        **** 
  67:main.c        **** static uint16 mTx_Base_Buffer[24] = {0};
  68:main.c        **** void CapSense_DisplayState(void);
  69:main.c        **** void LED_Set(uint16);
  70:main.c        **** uint16 curPos, oldPos;
  71:main.c        **** 
  72:main.c        **** /*******************************************************************************
  73:main.c        **** * Function Name: main
  74:main.c        **** ****************************************************************************//**
  75:main.c        **** * @par Summary
  76:main.c        **** *    This is the main entry point for this application. 
  77:main.c        **** *
  78:main.c        **** * @return
  79:main.c        **** *    None
  80:main.c        **** *
  81:main.c        **** * @param[in] 
  82:main.c        **** *    none
  83:main.c        **** *
  84:main.c        **** * @par Theory of Operation
  85:main.c        **** *    This main code scans the left button sensor and turns ON blue LED if the
  86:main.c        **** *    button sensor is touched.
  87:main.c        **** *    It also contains the code required to communicate with the Tuner GUI to 
  88:main.c        **** *    allow tuning using I2C communication with the Tuner GUI.
ARM GAS  C:\Users\RD\AppData\Local\Temp\ccz1AhgB.s 			page 3


  89:main.c        **** *
  90:main.c        **** * @par Notes
  91:main.c        **** *    None
  92:main.c        **** *
  93:main.c        **** **//***************************************************************************/
  94:main.c        **** int main()
  95:main.c        **** {
  96:main.c        ****     SPIM_Start();
  97:main.c        ****     Blank_Write(0);
  98:main.c        ****     Latch_Write(0);
  99:main.c        ****     CyDelayUs(1);
 100:main.c        ****     /* Enable global interrupts before starting CapSense and EzI2C blocks*/
 101:main.c        ****     CyGlobalIntEnable; 	
 102:main.c        ****     
 103:main.c        ****     /* Write out to LED Driver Chip, clear/turn off LEDs */
 104:main.c        ****     SPIM_SpiUartPutArray(mTx_Base_Buffer, 24); 
 105:main.c        ****     Latch_Write(1);        
 106:main.c        ****     CyDelayUs(1);
 107:main.c        ****     Latch_Write(0);
 108:main.c        ****     CyDelayUs(1);
 109:main.c        ****     
 110:main.c        ****     EZI2C_Start();	 		/* Initialize EZI2C block */
 111:main.c        ****     /* Make CapSense RAM data structure an I2C buffer, to use CapSense Tuner */
 112:main.c        ****     EZI2C_EzI2CSetBuffer1(sizeof(CapSense_dsRam), 
 113:main.c        ****                           sizeof(CapSense_dsRam),
 114:main.c        ****                           (uint8 *)&CapSense_dsRam);
 115:main.c        ****  
 116:main.c        ****     CapSense_Start();		/* Initialize CapSense Component */	
 117:main.c        ****     CapSense_ScanAllWidgets();   /* Scan all widgets */
 118:main.c        **** 
 119:main.c        ****     for(;;)
 120:main.c        ****     {
 121:main.c        ****         /* Process data for previous scan and initiate new scan only when 
 122:main.c        ****          * the CapSense hardware is idle */
 123:main.c        ****         if(CapSense_NOT_BUSY == CapSense_IsBusy())
 124:main.c        ****         {   
 125:main.c        ****             CapSense_ProcessAllWidgets();   /* Process data for all widgets */
 126:main.c        ****             curPos = CapSense_GetCentroidPos(0);
 127:main.c        ****             CapSense_DisplayState();
 128:main.c        ****  
 129:main.c        ****             /* Sync CapSense parameters with those set via CapSense tuner before 
 130:main.c        ****              * the beginning of new CapSense scan */
 131:main.c        ****             CapSense_RunTuner();
 132:main.c        **** 
 133:main.c        ****             /* Initiate new scan for all widgets */
 134:main.c        ****             CapSense_ScanAllWidgets();                      
 135:main.c        ****         }
 136:main.c        ****     }
 137:main.c        **** }
 138:main.c        **** 
 139:main.c        **** /*******************************************************************************
 140:main.c        **** * Function Name: CapSense_DisplayState
 141:main.c        **** ********************************************************************************
 142:main.c        **** * Summary:
 143:main.c        **** *  Changes LEDs brightness by changing the duty cycle of PWM signals.
 144:main.c        **** *
 145:main.c        **** * Parameters:
ARM GAS  C:\Users\RD\AppData\Local\Temp\ccz1AhgB.s 			page 4


 146:main.c        **** *  None
 147:main.c        **** *
 148:main.c        **** * Return:
 149:main.c        **** *  None
 150:main.c        **** *
 151:main.c        **** *******************************************************************************/
 152:main.c        **** void CapSense_DisplayState(void)
 153:main.c        **** {
  27              		.loc 1 153 0
  28              		.cfi_startproc
  29 0000 10B5     		push	{r4, lr}
  30              		.cfi_def_cfa_offset 8
  31              		.cfi_offset 4, -8
  32              		.cfi_offset 14, -4
 154:main.c        ****     static uint16 mTx_Mod_Buffer[24] = {0};
 155:main.c        ****     static uint8 desSpot;
 156:main.c        ****     uint8 i;
 157:main.c        **** 
 158:main.c        ****     desSpot = curPos/LED_BUCKETS;
  33              		.loc 1 158 0
  34 0002 2D4B     		ldr	r3, .L8
  35 0004 1C88     		ldrh	r4, [r3]
  36 0006 201C     		mov	r0, r4
  37 0008 0A21     		mov	r1, #10
  38 000a FFF7FEFF 		bl	__aeabi_uidiv
  39              	.LVL0:
  40 000e 2B4B     		ldr	r3, .L8+4
  41 0010 1870     		strb	r0, [r3]
  42              	.LVL1:
 159:main.c        ****     
 160:main.c        ****     for (i = 0; i < 24; i++) mTx_Mod_Buffer[i] = mTx_Base_Buffer[i]; /* zero out LED Buffer */
  43              		.loc 1 160 0
  44 0012 0023     		mov	r3, #0
  45 0014 06E0     		b	.L2
  46              	.LVL2:
  47              	.L3:
  48              		.loc 1 160 0 is_stmt 0 discriminator 3
  49 0016 5A00     		lsl	r2, r3, #1
  50 0018 2849     		ldr	r1, .L8+4
  51 001a 8A18     		add	r2, r1, r2
  52 001c 9188     		ldrh	r1, [r2, #4]
  53 001e 9186     		strh	r1, [r2, #52]
  54 0020 0133     		add	r3, r3, #1
  55              	.LVL3:
  56 0022 DBB2     		uxtb	r3, r3
  57              	.LVL4:
  58              	.L2:
  59              		.loc 1 160 0 discriminator 1
  60 0024 172B     		cmp	r3, #23
  61 0026 F6D9     		bls	.L3
 161:main.c        ****     
 162:main.c        ****     /* Reset position */
 163:main.c        ****     if(curPos == 0xFFFFu)
  62              		.loc 1 163 0 is_stmt 1
  63 0028 254B     		ldr	r3, .L8+8
  64              	.LVL5:
  65 002a 9C42     		cmp	r4, r3
ARM GAS  C:\Users\RD\AppData\Local\Temp\ccz1AhgB.s 			page 5


  66 002c 1ED1     		bne	.L4
 164:main.c        ****     {
 165:main.c        ****         curPos = 0u;
  67              		.loc 1 165 0
  68 002e 0022     		mov	r2, #0
  69 0030 214B     		ldr	r3, .L8
  70 0032 1A80     		strh	r2, [r3]
  71              	.LVL6:
 166:main.c        ****         for (i = 0; i < 24; i++) mTx_Mod_Buffer[i] = mTx_Base_Buffer[i]; /* zero out LED Buffer */
  72              		.loc 1 166 0
  73 0034 0023     		mov	r3, #0
  74 0036 06E0     		b	.L5
  75              	.LVL7:
  76              	.L6:
  77              		.loc 1 166 0 is_stmt 0 discriminator 3
  78 0038 5A00     		lsl	r2, r3, #1
  79 003a 2049     		ldr	r1, .L8+4
  80 003c 8A18     		add	r2, r1, r2
  81 003e 9188     		ldrh	r1, [r2, #4]
  82 0040 9186     		strh	r1, [r2, #52]
  83 0042 0133     		add	r3, r3, #1
  84              	.LVL8:
  85 0044 DBB2     		uxtb	r3, r3
  86              	.LVL9:
  87              	.L5:
  88              		.loc 1 166 0 discriminator 1
  89 0046 172B     		cmp	r3, #23
  90 0048 F6D9     		bls	.L6
 167:main.c        ****         SPIM_SpiUartPutArray(mTx_Mod_Buffer, 24); 
  91              		.loc 1 167 0 is_stmt 1
  92 004a 1C48     		ldr	r0, .L8+4
  93 004c 3430     		add	r0, r0, #52
  94 004e 1821     		mov	r1, #24
  95 0050 FFF7FEFF 		bl	SPIM_SpiUartPutArray
  96              	.LVL10:
 168:main.c        ****         Latch_Write(1);        
  97              		.loc 1 168 0
  98 0054 0120     		mov	r0, #1
  99 0056 FFF7FEFF 		bl	Latch_Write
 100              	.LVL11:
 169:main.c        ****         CyDelayUs(1);
 101              		.loc 1 169 0
 102 005a 0120     		mov	r0, #1
 103 005c FFF7FEFF 		bl	CyDelayUs
 104              	.LVL12:
 170:main.c        ****         Latch_Write(0);
 105              		.loc 1 170 0
 106 0060 0020     		mov	r0, #0
 107 0062 FFF7FEFF 		bl	Latch_Write
 108              	.LVL13:
 171:main.c        ****         CyDelayUs(1);
 109              		.loc 1 171 0
 110 0066 0120     		mov	r0, #1
 111 0068 FFF7FEFF 		bl	CyDelayUs
 112              	.LVL14:
 113              	.L4:
 172:main.c        ****     }
ARM GAS  C:\Users\RD\AppData\Local\Temp\ccz1AhgB.s 			page 6


 173:main.c        **** 
 174:main.c        ****     /* Move LED Display */
 175:main.c        ****     if (curPos != oldPos)
 114              		.loc 1 175 0
 115 006c 124B     		ldr	r3, .L8
 116 006e 1B88     		ldrh	r3, [r3]
 117 0070 144A     		ldr	r2, .L8+12
 118 0072 1288     		ldrh	r2, [r2]
 119 0074 9342     		cmp	r3, r2
 120 0076 1DD0     		beq	.L1
 176:main.c        ****     {
 177:main.c        ****         oldPos = curPos;
 121              		.loc 1 177 0
 122 0078 124A     		ldr	r2, .L8+12
 123 007a 1380     		strh	r3, [r2]
 178:main.c        ****         /* Display Slider bargraph */
 179:main.c        ****         if (curPos != 0u)
 124              		.loc 1 179 0
 125 007c 002B     		cmp	r3, #0
 126 007e 19D0     		beq	.L1
 180:main.c        ****         {
 181:main.c        ****             mTx_Mod_Buffer[22 - desSpot] |= 0xFFF;
 127              		.loc 1 181 0
 128 0080 0E48     		ldr	r0, .L8+4
 129 0082 0278     		ldrb	r2, [r0]
 130 0084 1623     		mov	r3, #22
 131 0086 9B1A     		sub	r3, r3, r2
 132 0088 5B00     		lsl	r3, r3, #1
 133 008a C318     		add	r3, r0, r3
 134 008c 9A8E     		ldrh	r2, [r3, #52]
 135 008e 0E49     		ldr	r1, .L8+16
 136 0090 0A43     		orr	r2, r1
 137 0092 9A86     		strh	r2, [r3, #52]
 182:main.c        ****             SPIM_SpiUartPutArray(mTx_Mod_Buffer, 24); 
 138              		.loc 1 182 0
 139 0094 3430     		add	r0, r0, #52
 140 0096 1821     		mov	r1, #24
 141 0098 FFF7FEFF 		bl	SPIM_SpiUartPutArray
 142              	.LVL15:
 183:main.c        ****             Latch_Write(1);
 143              		.loc 1 183 0
 144 009c 0120     		mov	r0, #1
 145 009e FFF7FEFF 		bl	Latch_Write
 146              	.LVL16:
 184:main.c        ****             CyDelayUs(1);
 147              		.loc 1 184 0
 148 00a2 0120     		mov	r0, #1
 149 00a4 FFF7FEFF 		bl	CyDelayUs
 150              	.LVL17:
 185:main.c        ****             Latch_Write(0);
 151              		.loc 1 185 0
 152 00a8 0020     		mov	r0, #0
 153 00aa FFF7FEFF 		bl	Latch_Write
 154              	.LVL18:
 186:main.c        ****             CyDelayUs(1);
 155              		.loc 1 186 0
 156 00ae 0120     		mov	r0, #1
ARM GAS  C:\Users\RD\AppData\Local\Temp\ccz1AhgB.s 			page 7


 157 00b0 FFF7FEFF 		bl	CyDelayUs
 158              	.LVL19:
 159              	.L1:
 187:main.c        ****          }
 188:main.c        ****     }
 189:main.c        **** }
 160              		.loc 1 189 0
 161              		@ sp needed
 162 00b4 10BD     		pop	{r4, pc}
 163              	.L9:
 164 00b6 C046     		.align	2
 165              	.L8:
 166 00b8 00000000 		.word	curPos
 167 00bc 00000000 		.word	.LANCHOR0
 168 00c0 FFFF0000 		.word	65535
 169 00c4 00000000 		.word	oldPos
 170 00c8 FF0F0000 		.word	4095
 171              		.cfi_endproc
 172              	.LFE36:
 173              		.size	CapSense_DisplayState, .-CapSense_DisplayState
 174              		.section	.text.main,"ax",%progbits
 175              		.align	2
 176              		.global	main
 177              		.code	16
 178              		.thumb_func
 179              		.type	main, %function
 180              	main:
 181              	.LFB35:
  95:main.c        ****     SPIM_Start();
 182              		.loc 1 95 0
 183              		.cfi_startproc
 184 0000 08B5     		push	{r3, lr}
 185              		.cfi_def_cfa_offset 8
 186              		.cfi_offset 3, -8
 187              		.cfi_offset 14, -4
  96:main.c        ****     Blank_Write(0);
 188              		.loc 1 96 0
 189 0002 FFF7FEFF 		bl	SPIM_Start
 190              	.LVL20:
  97:main.c        ****     Latch_Write(0);
 191              		.loc 1 97 0
 192 0006 0020     		mov	r0, #0
 193 0008 FFF7FEFF 		bl	Blank_Write
 194              	.LVL21:
  98:main.c        ****     CyDelayUs(1);
 195              		.loc 1 98 0
 196 000c 0020     		mov	r0, #0
 197 000e FFF7FEFF 		bl	Latch_Write
 198              	.LVL22:
  99:main.c        ****     /* Enable global interrupts before starting CapSense and EzI2C blocks*/
 199              		.loc 1 99 0
 200 0012 0120     		mov	r0, #1
 201 0014 FFF7FEFF 		bl	CyDelayUs
 202              	.LVL23:
 101:main.c        ****     
 203              		.loc 1 101 0
 204              	@ 101 "main.c" 1
ARM GAS  C:\Users\RD\AppData\Local\Temp\ccz1AhgB.s 			page 8


 205 0018 62B6     		CPSIE   i
 206              	@ 0 "" 2
 104:main.c        ****     Latch_Write(1);        
 207              		.loc 1 104 0
 208              		.code	16
 209 001a 1748     		ldr	r0, .L13
 210 001c 0430     		add	r0, r0, #4
 211 001e 1821     		mov	r1, #24
 212 0020 FFF7FEFF 		bl	SPIM_SpiUartPutArray
 213              	.LVL24:
 105:main.c        ****     CyDelayUs(1);
 214              		.loc 1 105 0
 215 0024 0120     		mov	r0, #1
 216 0026 FFF7FEFF 		bl	Latch_Write
 217              	.LVL25:
 106:main.c        ****     Latch_Write(0);
 218              		.loc 1 106 0
 219 002a 0120     		mov	r0, #1
 220 002c FFF7FEFF 		bl	CyDelayUs
 221              	.LVL26:
 107:main.c        ****     CyDelayUs(1);
 222              		.loc 1 107 0
 223 0030 0020     		mov	r0, #0
 224 0032 FFF7FEFF 		bl	Latch_Write
 225              	.LVL27:
 108:main.c        ****     
 226              		.loc 1 108 0
 227 0036 0120     		mov	r0, #1
 228 0038 FFF7FEFF 		bl	CyDelayUs
 229              	.LVL28:
 110:main.c        ****     /* Make CapSense RAM data structure an I2C buffer, to use CapSense Tuner */
 230              		.loc 1 110 0
 231 003c FFF7FEFF 		bl	EZI2C_Start
 232              	.LVL29:
 112:main.c        ****                           sizeof(CapSense_dsRam),
 233              		.loc 1 112 0
 234 0040 C020     		mov	r0, #192
 235 0042 C021     		mov	r1, #192
 236 0044 0D4A     		ldr	r2, .L13+4
 237 0046 FFF7FEFF 		bl	EZI2C_EzI2CSetBuffer1
 238              	.LVL30:
 116:main.c        ****     CapSense_ScanAllWidgets();   /* Scan all widgets */
 239              		.loc 1 116 0
 240 004a FFF7FEFF 		bl	CapSense_Start
 241              	.LVL31:
 117:main.c        **** 
 242              		.loc 1 117 0
 243 004e FFF7FEFF 		bl	CapSense_ScanAllWidgets
 244              	.LVL32:
 245              	.L11:
 123:main.c        ****         {   
 246              		.loc 1 123 0
 247 0052 FFF7FEFF 		bl	CapSense_IsBusy
 248              	.LVL33:
 249 0056 0028     		cmp	r0, #0
 250 0058 FBD1     		bne	.L11
 125:main.c        ****             curPos = CapSense_GetCentroidPos(0);
ARM GAS  C:\Users\RD\AppData\Local\Temp\ccz1AhgB.s 			page 9


 251              		.loc 1 125 0
 252 005a FFF7FEFF 		bl	CapSense_ProcessAllWidgets
 253              	.LVL34:
 126:main.c        ****             CapSense_DisplayState();
 254              		.loc 1 126 0
 255 005e 0020     		mov	r0, #0
 256 0060 FFF7FEFF 		bl	CapSense_GetCentroidPos
 257              	.LVL35:
 258 0064 064B     		ldr	r3, .L13+8
 259 0066 1880     		strh	r0, [r3]
 127:main.c        ****  
 260              		.loc 1 127 0
 261 0068 FFF7FEFF 		bl	CapSense_DisplayState
 262              	.LVL36:
 131:main.c        **** 
 263              		.loc 1 131 0
 264 006c FFF7FEFF 		bl	CapSense_RunTuner
 265              	.LVL37:
 134:main.c        ****         }
 266              		.loc 1 134 0
 267 0070 FFF7FEFF 		bl	CapSense_ScanAllWidgets
 268              	.LVL38:
 269 0074 EDE7     		b	.L11
 270              	.L14:
 271 0076 C046     		.align	2
 272              	.L13:
 273 0078 00000000 		.word	.LANCHOR0
 274 007c 00000000 		.word	CapSense_dsRam
 275 0080 00000000 		.word	curPos
 276              		.cfi_endproc
 277              	.LFE35:
 278              		.size	main, .-main
 279              		.comm	oldPos,2,2
 280              		.comm	curPos,2,2
 281              		.bss
 282              		.align	2
 283              		.set	.LANCHOR0,. + 0
 284              		.type	desSpot.5748, %object
 285              		.size	desSpot.5748, 1
 286              	desSpot.5748:
 287 0000 00       		.space	1
 288 0001 000000   		.space	3
 289              		.type	mTx_Base_Buffer, %object
 290              		.size	mTx_Base_Buffer, 48
 291              	mTx_Base_Buffer:
 292 0004 00000000 		.space	48
 292      00000000 
 292      00000000 
 292      00000000 
 292      00000000 
 293              		.type	mTx_Mod_Buffer.5747, %object
 294              		.size	mTx_Mod_Buffer.5747, 48
 295              	mTx_Mod_Buffer.5747:
 296 0034 00000000 		.space	48
 296      00000000 
 296      00000000 
 296      00000000 
ARM GAS  C:\Users\RD\AppData\Local\Temp\ccz1AhgB.s 			page 10


 296      00000000 
 297              		.text
 298              	.Letext0:
 299              		.file 2 "Generated_Source\\PSoC4/cytypes.h"
 300              		.file 3 "Generated_Source\\PSoC4/CapSense_Configuration.h"
 301              		.file 4 "Generated_Source\\PSoC4/CapSense_Structure.h"
 302              		.file 5 "Generated_Source\\PSoC4/SPIM_SPI_UART.h"
 303              		.file 6 "Generated_Source\\PSoC4/Latch.h"
 304              		.file 7 "Generated_Source\\PSoC4/CyLib.h"
 305              		.file 8 "Generated_Source\\PSoC4/Blank.h"
 306              		.file 9 "Generated_Source\\PSoC4/SPIM.h"
 307              		.file 10 "Generated_Source\\PSoC4/EZI2C.h"
 308              		.file 11 "Generated_Source\\PSoC4/EZI2C_EZI2C.h"
 309              		.file 12 "Generated_Source\\PSoC4/CapSense_Control.h"
 310              		.file 13 "Generated_Source\\PSoC4/CapSense_Sensing.h"
 311              		.file 14 "Generated_Source\\PSoC4/CapSense_Tuner.h"
 312              		.section	.debug_info,"",%progbits
 313              	.Ldebug_info0:
 314 0000 E8060000 		.4byte	0x6e8
 315 0004 0400     		.2byte	0x4
 316 0006 00000000 		.4byte	.Ldebug_abbrev0
 317 000a 04       		.byte	0x4
 318 000b 01       		.uleb128 0x1
 319 000c 7C000000 		.4byte	.LASF81
 320 0010 01       		.byte	0x1
 321 0011 4C040000 		.4byte	.LASF82
 322 0015 B6010000 		.4byte	.LASF83
 323 0019 00000000 		.4byte	.Ldebug_ranges0+0
 324 001d 00000000 		.4byte	0
 325 0021 00000000 		.4byte	.Ldebug_line0
 326 0025 02       		.uleb128 0x2
 327 0026 01       		.byte	0x1
 328 0027 06       		.byte	0x6
 329 0028 B5020000 		.4byte	.LASF0
 330 002c 02       		.uleb128 0x2
 331 002d 01       		.byte	0x1
 332 002e 08       		.byte	0x8
 333 002f 84020000 		.4byte	.LASF1
 334 0033 02       		.uleb128 0x2
 335 0034 02       		.byte	0x2
 336 0035 05       		.byte	0x5
 337 0036 52000000 		.4byte	.LASF2
 338 003a 02       		.uleb128 0x2
 339 003b 02       		.byte	0x2
 340 003c 07       		.byte	0x7
 341 003d CF030000 		.4byte	.LASF3
 342 0041 02       		.uleb128 0x2
 343 0042 04       		.byte	0x4
 344 0043 05       		.byte	0x5
 345 0044 27020000 		.4byte	.LASF4
 346 0048 02       		.uleb128 0x2
 347 0049 04       		.byte	0x4
 348 004a 07       		.byte	0x7
 349 004b 69040000 		.4byte	.LASF5
 350 004f 02       		.uleb128 0x2
 351 0050 08       		.byte	0x8
 352 0051 05       		.byte	0x5
ARM GAS  C:\Users\RD\AppData\Local\Temp\ccz1AhgB.s 			page 11


 353 0052 2B010000 		.4byte	.LASF6
 354 0056 02       		.uleb128 0x2
 355 0057 08       		.byte	0x8
 356 0058 07       		.byte	0x7
 357 0059 DE020000 		.4byte	.LASF7
 358 005d 03       		.uleb128 0x3
 359 005e 04       		.byte	0x4
 360 005f 05       		.byte	0x5
 361 0060 696E7400 		.ascii	"int\000"
 362 0064 02       		.uleb128 0x2
 363 0065 04       		.byte	0x4
 364 0066 07       		.byte	0x7
 365 0067 0B030000 		.4byte	.LASF8
 366 006b 04       		.uleb128 0x4
 367 006c 79010000 		.4byte	.LASF9
 368 0070 02       		.byte	0x2
 369 0071 B901     		.2byte	0x1b9
 370 0073 2C000000 		.4byte	0x2c
 371 0077 04       		.uleb128 0x4
 372 0078 57010000 		.4byte	.LASF10
 373 007c 02       		.byte	0x2
 374 007d BA01     		.2byte	0x1ba
 375 007f 3A000000 		.4byte	0x3a
 376 0083 04       		.uleb128 0x4
 377 0084 45040000 		.4byte	.LASF11
 378 0088 02       		.byte	0x2
 379 0089 BB01     		.2byte	0x1bb
 380 008b 48000000 		.4byte	0x48
 381 008f 02       		.uleb128 0x2
 382 0090 04       		.byte	0x4
 383 0091 04       		.byte	0x4
 384 0092 94010000 		.4byte	.LASF12
 385 0096 02       		.uleb128 0x2
 386 0097 08       		.byte	0x8
 387 0098 04       		.byte	0x4
 388 0099 7B040000 		.4byte	.LASF13
 389 009d 02       		.uleb128 0x2
 390 009e 01       		.byte	0x1
 391 009f 08       		.byte	0x8
 392 00a0 22020000 		.4byte	.LASF14
 393 00a4 04       		.uleb128 0x4
 394 00a5 18030000 		.4byte	.LASF15
 395 00a9 02       		.byte	0x2
 396 00aa 5B02     		.2byte	0x25b
 397 00ac 48000000 		.4byte	0x48
 398 00b0 05       		.uleb128 0x5
 399 00b1 6B000000 		.4byte	0x6b
 400 00b5 02       		.uleb128 0x2
 401 00b6 04       		.byte	0x4
 402 00b7 07       		.byte	0x7
 403 00b8 73000000 		.4byte	.LASF16
 404 00bc 06       		.uleb128 0x6
 405 00bd 9D020000 		.4byte	.LASF17
 406 00c1 03       		.byte	0x3
 407 00c2 E0       		.byte	0xe0
 408 00c3 77000000 		.4byte	0x77
 409 00c7 06       		.uleb128 0x6
ARM GAS  C:\Users\RD\AppData\Local\Temp\ccz1AhgB.s 			page 12


 410 00c8 72030000 		.4byte	.LASF18
 411 00cc 03       		.byte	0x3
 412 00cd E4       		.byte	0xe4
 413 00ce 6B000000 		.4byte	0x6b
 414 00d2 07       		.uleb128 0x7
 415 00d3 6B000000 		.4byte	0x6b
 416 00d7 E2000000 		.4byte	0xe2
 417 00db 08       		.uleb128 0x8
 418 00dc B5000000 		.4byte	0xb5
 419 00e0 00       		.byte	0
 420 00e1 00       		.byte	0
 421 00e2 09       		.uleb128 0x9
 422 00e3 14       		.byte	0x14
 423 00e4 04       		.byte	0x4
 424 00e5 CA       		.byte	0xca
 425 00e6 98010000 		.4byte	0x198
 426 00ea 0A       		.uleb128 0xa
 427 00eb C4030000 		.4byte	.LASF19
 428 00ef 04       		.byte	0x4
 429 00f0 D0       		.byte	0xd0
 430 00f1 77000000 		.4byte	0x77
 431 00f5 00       		.byte	0
 432 00f6 0A       		.uleb128 0xa
 433 00f7 30020000 		.4byte	.LASF20
 434 00fb 04       		.byte	0x4
 435 00fc D5       		.byte	0xd5
 436 00fd BC000000 		.4byte	0xbc
 437 0101 02       		.byte	0x2
 438 0102 0A       		.uleb128 0xa
 439 0103 46010000 		.4byte	.LASF21
 440 0107 04       		.byte	0x4
 441 0108 DA       		.byte	0xda
 442 0109 6B000000 		.4byte	0x6b
 443 010d 04       		.byte	0x4
 444 010e 0A       		.uleb128 0xa
 445 010f 21040000 		.4byte	.LASF22
 446 0113 04       		.byte	0x4
 447 0114 DF       		.byte	0xdf
 448 0115 6B000000 		.4byte	0x6b
 449 0119 05       		.byte	0x5
 450 011a 0A       		.uleb128 0xa
 451 011b 4F020000 		.4byte	.LASF23
 452 011f 04       		.byte	0x4
 453 0120 E4       		.byte	0xe4
 454 0121 6B000000 		.4byte	0x6b
 455 0125 06       		.byte	0x6
 456 0126 0A       		.uleb128 0xa
 457 0127 5C000000 		.4byte	.LASF24
 458 012b 04       		.byte	0x4
 459 012c E9       		.byte	0xe9
 460 012d 6B000000 		.4byte	0x6b
 461 0131 07       		.byte	0x7
 462 0132 0A       		.uleb128 0xa
 463 0133 3A000000 		.4byte	.LASF25
 464 0137 04       		.byte	0x4
 465 0138 EF       		.byte	0xef
 466 0139 C7000000 		.4byte	0xc7
ARM GAS  C:\Users\RD\AppData\Local\Temp\ccz1AhgB.s 			page 13


 467 013d 08       		.byte	0x8
 468 013e 0A       		.uleb128 0xa
 469 013f 01040000 		.4byte	.LASF26
 470 0143 04       		.byte	0x4
 471 0144 F4       		.byte	0xf4
 472 0145 6B000000 		.4byte	0x6b
 473 0149 09       		.byte	0x9
 474 014a 0A       		.uleb128 0xa
 475 014b 4A000000 		.4byte	.LASF27
 476 014f 04       		.byte	0x4
 477 0150 FB       		.byte	0xfb
 478 0151 D2000000 		.4byte	0xd2
 479 0155 0A       		.byte	0xa
 480 0156 0B       		.uleb128 0xb
 481 0157 39020000 		.4byte	.LASF28
 482 015b 04       		.byte	0x4
 483 015c 0201     		.2byte	0x102
 484 015e 6B000000 		.4byte	0x6b
 485 0162 0B       		.byte	0xb
 486 0163 0B       		.uleb128 0xb
 487 0164 39010000 		.4byte	.LASF29
 488 0168 04       		.byte	0x4
 489 0169 0701     		.2byte	0x107
 490 016b 6B000000 		.4byte	0x6b
 491 016f 0C       		.byte	0xc
 492 0170 0B       		.uleb128 0xb
 493 0171 A8040000 		.4byte	.LASF30
 494 0175 04       		.byte	0x4
 495 0176 0D01     		.2byte	0x10d
 496 0178 77000000 		.4byte	0x77
 497 017c 0E       		.byte	0xe
 498 017d 0B       		.uleb128 0xb
 499 017e 3E040000 		.4byte	.LASF31
 500 0182 04       		.byte	0x4
 501 0183 1201     		.2byte	0x112
 502 0185 77000000 		.4byte	0x77
 503 0189 10       		.byte	0x10
 504 018a 0B       		.uleb128 0xb
 505 018b C0040000 		.4byte	.LASF32
 506 018f 04       		.byte	0x4
 507 0190 1701     		.2byte	0x117
 508 0192 98010000 		.4byte	0x198
 509 0196 12       		.byte	0x12
 510 0197 00       		.byte	0
 511 0198 07       		.uleb128 0x7
 512 0199 77000000 		.4byte	0x77
 513 019d A8010000 		.4byte	0x1a8
 514 01a1 08       		.uleb128 0x8
 515 01a2 B5000000 		.4byte	0xb5
 516 01a6 00       		.byte	0
 517 01a7 00       		.byte	0
 518 01a8 04       		.uleb128 0x4
 519 01a9 FE040000 		.4byte	.LASF33
 520 01ad 04       		.byte	0x4
 521 01ae 1801     		.2byte	0x118
 522 01b0 E2000000 		.4byte	0xe2
 523 01b4 0C       		.uleb128 0xc
ARM GAS  C:\Users\RD\AppData\Local\Temp\ccz1AhgB.s 			page 14


 524 01b5 14       		.byte	0x14
 525 01b6 04       		.byte	0x4
 526 01b7 1E01     		.2byte	0x11e
 527 01b9 CB010000 		.4byte	0x1cb
 528 01bd 0B       		.uleb128 0xb
 529 01be B2040000 		.4byte	.LASF34
 530 01c2 04       		.byte	0x4
 531 01c3 2301     		.2byte	0x123
 532 01c5 A8010000 		.4byte	0x1a8
 533 01c9 00       		.byte	0
 534 01ca 00       		.byte	0
 535 01cb 04       		.uleb128 0x4
 536 01cc 9A010000 		.4byte	.LASF35
 537 01d0 04       		.byte	0x4
 538 01d1 2401     		.2byte	0x124
 539 01d3 B4010000 		.4byte	0x1b4
 540 01d7 0C       		.uleb128 0xc
 541 01d8 0E       		.byte	0xe
 542 01d9 04       		.byte	0x4
 543 01da 2A01     		.2byte	0x12a
 544 01dc 3C020000 		.4byte	0x23c
 545 01e0 0D       		.uleb128 0xd
 546 01e1 72617700 		.ascii	"raw\000"
 547 01e5 04       		.byte	0x4
 548 01e6 2F01     		.2byte	0x12f
 549 01e8 98010000 		.4byte	0x198
 550 01ec 00       		.byte	0
 551 01ed 0B       		.uleb128 0xb
 552 01ee 1F000000 		.4byte	.LASF36
 553 01f2 04       		.byte	0x4
 554 01f3 3401     		.2byte	0x134
 555 01f5 98010000 		.4byte	0x198
 556 01f9 02       		.byte	0x2
 557 01fa 0B       		.uleb128 0xb
 558 01fb 82040000 		.4byte	.LASF37
 559 01ff 04       		.byte	0x4
 560 0200 3A01     		.2byte	0x13a
 561 0202 D2000000 		.4byte	0xd2
 562 0206 04       		.byte	0x4
 563 0207 0B       		.uleb128 0xb
 564 0208 45000000 		.4byte	.LASF38
 565 020c 04       		.byte	0x4
 566 020d 3F01     		.2byte	0x13f
 567 020f BC000000 		.4byte	0xbc
 568 0213 06       		.byte	0x6
 569 0214 0B       		.uleb128 0xb
 570 0215 8A040000 		.4byte	.LASF39
 571 0219 04       		.byte	0x4
 572 021a 4401     		.2byte	0x144
 573 021c 3C020000 		.4byte	0x23c
 574 0220 08       		.byte	0x8
 575 0221 0B       		.uleb128 0xb
 576 0222 24000000 		.4byte	.LASF40
 577 0226 04       		.byte	0x4
 578 0227 4901     		.2byte	0x149
 579 0229 98010000 		.4byte	0x198
 580 022d 0A       		.byte	0xa
ARM GAS  C:\Users\RD\AppData\Local\Temp\ccz1AhgB.s 			page 15


 581 022e 0B       		.uleb128 0xb
 582 022f 17010000 		.4byte	.LASF41
 583 0233 04       		.byte	0x4
 584 0234 4F01     		.2byte	0x14f
 585 0236 D2000000 		.4byte	0xd2
 586 023a 0C       		.byte	0xc
 587 023b 00       		.byte	0
 588 023c 07       		.uleb128 0x7
 589 023d C7000000 		.4byte	0xc7
 590 0241 4C020000 		.4byte	0x24c
 591 0245 08       		.uleb128 0x8
 592 0246 B5000000 		.4byte	0xb5
 593 024a 00       		.byte	0
 594 024b 00       		.byte	0
 595 024c 04       		.uleb128 0x4
 596 024d 5A030000 		.4byte	.LASF42
 597 0251 04       		.byte	0x4
 598 0252 5001     		.2byte	0x150
 599 0254 D7010000 		.4byte	0x1d7
 600 0258 0C       		.uleb128 0xc
 601 0259 8C       		.byte	0x8c
 602 025a 04       		.byte	0x4
 603 025b 5601     		.2byte	0x156
 604 025d 6F020000 		.4byte	0x26f
 605 0261 0B       		.uleb128 0xb
 606 0262 B2040000 		.4byte	.LASF34
 607 0266 04       		.byte	0x4
 608 0267 5B01     		.2byte	0x15b
 609 0269 6F020000 		.4byte	0x26f
 610 026d 00       		.byte	0
 611 026e 00       		.byte	0
 612 026f 07       		.uleb128 0x7
 613 0270 4C020000 		.4byte	0x24c
 614 0274 7F020000 		.4byte	0x27f
 615 0278 08       		.uleb128 0x8
 616 0279 B5000000 		.4byte	0xb5
 617 027d 09       		.byte	0x9
 618 027e 00       		.byte	0
 619 027f 04       		.uleb128 0x4
 620 0280 C1020000 		.4byte	.LASF43
 621 0284 04       		.byte	0x4
 622 0285 5C01     		.2byte	0x15c
 623 0287 58020000 		.4byte	0x258
 624 028b 0C       		.uleb128 0xc
 625 028c C0       		.byte	0xc0
 626 028d 04       		.byte	0x4
 627 028e 6301     		.2byte	0x163
 628 0290 65030000 		.4byte	0x365
 629 0294 0B       		.uleb128 0xb
 630 0295 0E010000 		.4byte	.LASF44
 631 0299 04       		.byte	0x4
 632 029a 6901     		.2byte	0x169
 633 029c 77000000 		.4byte	0x77
 634 02a0 00       		.byte	0
 635 02a1 0B       		.uleb128 0xb
 636 02a2 4E010000 		.4byte	.LASF45
 637 02a6 04       		.byte	0x4
ARM GAS  C:\Users\RD\AppData\Local\Temp\ccz1AhgB.s 			page 16


 638 02a7 6E01     		.2byte	0x16e
 639 02a9 77000000 		.4byte	0x77
 640 02ad 02       		.byte	0x2
 641 02ae 0B       		.uleb128 0xb
 642 02af 5A020000 		.4byte	.LASF46
 643 02b3 04       		.byte	0x4
 644 02b4 7401     		.2byte	0x174
 645 02b6 77000000 		.4byte	0x77
 646 02ba 04       		.byte	0x4
 647 02bb 0B       		.uleb128 0xb
 648 02bc 15040000 		.4byte	.LASF47
 649 02c0 04       		.byte	0x4
 650 02c1 7901     		.2byte	0x179
 651 02c3 77000000 		.4byte	0x77
 652 02c7 06       		.byte	0x6
 653 02c8 0B       		.uleb128 0xb
 654 02c9 8D030000 		.4byte	.LASF48
 655 02cd 04       		.byte	0x4
 656 02ce 7E01     		.2byte	0x17e
 657 02d0 83000000 		.4byte	0x83
 658 02d4 08       		.byte	0x8
 659 02d5 0B       		.uleb128 0xb
 660 02d6 37030000 		.4byte	.LASF49
 661 02da 04       		.byte	0x4
 662 02db 8301     		.2byte	0x183
 663 02dd 65030000 		.4byte	0x365
 664 02e1 0C       		.byte	0xc
 665 02e2 0B       		.uleb128 0xb
 666 02e3 6F020000 		.4byte	.LASF50
 667 02e7 04       		.byte	0x4
 668 02e8 8801     		.2byte	0x188
 669 02ea 65030000 		.4byte	0x365
 670 02ee 10       		.byte	0x10
 671 02ef 0B       		.uleb128 0xb
 672 02f0 F4040000 		.4byte	.LASF51
 673 02f4 04       		.byte	0x4
 674 02f5 9601     		.2byte	0x196
 675 02f7 98010000 		.4byte	0x198
 676 02fb 14       		.byte	0x14
 677 02fc 0B       		.uleb128 0xb
 678 02fd 20010000 		.4byte	.LASF52
 679 0301 04       		.byte	0x4
 680 0302 9B01     		.2byte	0x19b
 681 0304 77000000 		.4byte	0x77
 682 0308 16       		.byte	0x16
 683 0309 0B       		.uleb128 0xb
 684 030a 0B040000 		.4byte	.LASF53
 685 030e 04       		.byte	0x4
 686 030f A001     		.2byte	0x1a0
 687 0311 6B000000 		.4byte	0x6b
 688 0315 18       		.byte	0x18
 689 0316 0B       		.uleb128 0xb
 690 0317 70010000 		.4byte	.LASF54
 691 031b 04       		.byte	0x4
 692 031c A501     		.2byte	0x1a5
 693 031e CB010000 		.4byte	0x1cb
 694 0322 1A       		.byte	0x1a
ARM GAS  C:\Users\RD\AppData\Local\Temp\ccz1AhgB.s 			page 17


 695 0323 0B       		.uleb128 0xb
 696 0324 F9030000 		.4byte	.LASF55
 697 0328 04       		.byte	0x4
 698 0329 AA01     		.2byte	0x1aa
 699 032b 7F020000 		.4byte	0x27f
 700 032f 2E       		.byte	0x2e
 701 0330 0B       		.uleb128 0xb
 702 0331 C9040000 		.4byte	.LASF56
 703 0335 04       		.byte	0x4
 704 0336 AF01     		.2byte	0x1af
 705 0338 6B000000 		.4byte	0x6b
 706 033c BA       		.byte	0xba
 707 033d 0B       		.uleb128 0xb
 708 033e 12020000 		.4byte	.LASF57
 709 0342 04       		.byte	0x4
 710 0343 B401     		.2byte	0x1b4
 711 0345 6B000000 		.4byte	0x6b
 712 0349 BB       		.byte	0xbb
 713 034a 0B       		.uleb128 0xb
 714 034b AC030000 		.4byte	.LASF58
 715 034f 04       		.byte	0x4
 716 0350 B901     		.2byte	0x1b9
 717 0352 77000000 		.4byte	0x77
 718 0356 BC       		.byte	0xbc
 719 0357 0B       		.uleb128 0xb
 720 0358 0F000000 		.4byte	.LASF59
 721 035c 04       		.byte	0x4
 722 035d BE01     		.2byte	0x1be
 723 035f 98010000 		.4byte	0x198
 724 0363 BE       		.byte	0xbe
 725 0364 00       		.byte	0
 726 0365 07       		.uleb128 0x7
 727 0366 83000000 		.4byte	0x83
 728 036a 75030000 		.4byte	0x375
 729 036e 08       		.uleb128 0x8
 730 036f B5000000 		.4byte	0xb5
 731 0373 00       		.byte	0
 732 0374 00       		.byte	0
 733 0375 04       		.uleb128 0x4
 734 0376 2A040000 		.4byte	.LASF60
 735 037a 04       		.byte	0x4
 736 037b BF01     		.2byte	0x1bf
 737 037d 8B020000 		.4byte	0x28b
 738 0381 0E       		.uleb128 0xe
 739 0382 53040000 		.4byte	.LASF63
 740 0386 01       		.byte	0x1
 741 0387 98       		.byte	0x98
 742 0388 00000000 		.4byte	.LFB36
 743 038c CC000000 		.4byte	.LFE36-.LFB36
 744 0390 01       		.uleb128 0x1
 745 0391 9C       		.byte	0x9c
 746 0392 92040000 		.4byte	0x492
 747 0396 0F       		.uleb128 0xf
 748 0397 00000000 		.4byte	.LASF61
 749 039b 01       		.byte	0x1
 750 039c 9A       		.byte	0x9a
 751 039d 92040000 		.4byte	0x492
ARM GAS  C:\Users\RD\AppData\Local\Temp\ccz1AhgB.s 			page 18


 752 03a1 05       		.uleb128 0x5
 753 03a2 03       		.byte	0x3
 754 03a3 34000000 		.4byte	mTx_Mod_Buffer.5747
 755 03a7 0F       		.uleb128 0xf
 756 03a8 32000000 		.4byte	.LASF62
 757 03ac 01       		.byte	0x1
 758 03ad 9B       		.byte	0x9b
 759 03ae 6B000000 		.4byte	0x6b
 760 03b2 05       		.uleb128 0x5
 761 03b3 03       		.byte	0x3
 762 03b4 00000000 		.4byte	desSpot.5748
 763 03b8 10       		.uleb128 0x10
 764 03b9 6900     		.ascii	"i\000"
 765 03bb 01       		.byte	0x1
 766 03bc 9C       		.byte	0x9c
 767 03bd 6B000000 		.4byte	0x6b
 768 03c1 00000000 		.4byte	.LLST0
 769 03c5 11       		.uleb128 0x11
 770 03c6 54000000 		.4byte	.LVL10
 771 03ca 1A060000 		.4byte	0x61a
 772 03ce E1030000 		.4byte	0x3e1
 773 03d2 12       		.uleb128 0x12
 774 03d3 01       		.uleb128 0x1
 775 03d4 51       		.byte	0x51
 776 03d5 01       		.uleb128 0x1
 777 03d6 48       		.byte	0x48
 778 03d7 12       		.uleb128 0x12
 779 03d8 01       		.uleb128 0x1
 780 03d9 50       		.byte	0x50
 781 03da 05       		.uleb128 0x5
 782 03db 03       		.byte	0x3
 783 03dc 34000000 		.4byte	.LANCHOR0+52
 784 03e0 00       		.byte	0
 785 03e1 11       		.uleb128 0x11
 786 03e2 5A000000 		.4byte	.LVL11
 787 03e6 3C060000 		.4byte	0x63c
 788 03ea F4030000 		.4byte	0x3f4
 789 03ee 12       		.uleb128 0x12
 790 03ef 01       		.uleb128 0x1
 791 03f0 50       		.byte	0x50
 792 03f1 01       		.uleb128 0x1
 793 03f2 31       		.byte	0x31
 794 03f3 00       		.byte	0
 795 03f4 11       		.uleb128 0x11
 796 03f5 60000000 		.4byte	.LVL12
 797 03f9 4D060000 		.4byte	0x64d
 798 03fd 07040000 		.4byte	0x407
 799 0401 12       		.uleb128 0x12
 800 0402 01       		.uleb128 0x1
 801 0403 50       		.byte	0x50
 802 0404 01       		.uleb128 0x1
 803 0405 31       		.byte	0x31
 804 0406 00       		.byte	0
 805 0407 11       		.uleb128 0x11
 806 0408 66000000 		.4byte	.LVL13
 807 040c 3C060000 		.4byte	0x63c
 808 0410 1A040000 		.4byte	0x41a
ARM GAS  C:\Users\RD\AppData\Local\Temp\ccz1AhgB.s 			page 19


 809 0414 12       		.uleb128 0x12
 810 0415 01       		.uleb128 0x1
 811 0416 50       		.byte	0x50
 812 0417 01       		.uleb128 0x1
 813 0418 30       		.byte	0x30
 814 0419 00       		.byte	0
 815 041a 11       		.uleb128 0x11
 816 041b 6C000000 		.4byte	.LVL14
 817 041f 4D060000 		.4byte	0x64d
 818 0423 2D040000 		.4byte	0x42d
 819 0427 12       		.uleb128 0x12
 820 0428 01       		.uleb128 0x1
 821 0429 50       		.byte	0x50
 822 042a 01       		.uleb128 0x1
 823 042b 31       		.byte	0x31
 824 042c 00       		.byte	0
 825 042d 11       		.uleb128 0x11
 826 042e 9C000000 		.4byte	.LVL15
 827 0432 1A060000 		.4byte	0x61a
 828 0436 49040000 		.4byte	0x449
 829 043a 12       		.uleb128 0x12
 830 043b 01       		.uleb128 0x1
 831 043c 51       		.byte	0x51
 832 043d 01       		.uleb128 0x1
 833 043e 48       		.byte	0x48
 834 043f 12       		.uleb128 0x12
 835 0440 01       		.uleb128 0x1
 836 0441 50       		.byte	0x50
 837 0442 05       		.uleb128 0x5
 838 0443 03       		.byte	0x3
 839 0444 34000000 		.4byte	.LANCHOR0+52
 840 0448 00       		.byte	0
 841 0449 11       		.uleb128 0x11
 842 044a A2000000 		.4byte	.LVL16
 843 044e 3C060000 		.4byte	0x63c
 844 0452 5C040000 		.4byte	0x45c
 845 0456 12       		.uleb128 0x12
 846 0457 01       		.uleb128 0x1
 847 0458 50       		.byte	0x50
 848 0459 01       		.uleb128 0x1
 849 045a 31       		.byte	0x31
 850 045b 00       		.byte	0
 851 045c 11       		.uleb128 0x11
 852 045d A8000000 		.4byte	.LVL17
 853 0461 4D060000 		.4byte	0x64d
 854 0465 6F040000 		.4byte	0x46f
 855 0469 12       		.uleb128 0x12
 856 046a 01       		.uleb128 0x1
 857 046b 50       		.byte	0x50
 858 046c 01       		.uleb128 0x1
 859 046d 31       		.byte	0x31
 860 046e 00       		.byte	0
 861 046f 11       		.uleb128 0x11
 862 0470 AE000000 		.4byte	.LVL18
 863 0474 3C060000 		.4byte	0x63c
 864 0478 82040000 		.4byte	0x482
 865 047c 12       		.uleb128 0x12
ARM GAS  C:\Users\RD\AppData\Local\Temp\ccz1AhgB.s 			page 20


 866 047d 01       		.uleb128 0x1
 867 047e 50       		.byte	0x50
 868 047f 01       		.uleb128 0x1
 869 0480 30       		.byte	0x30
 870 0481 00       		.byte	0
 871 0482 13       		.uleb128 0x13
 872 0483 B4000000 		.4byte	.LVL19
 873 0487 4D060000 		.4byte	0x64d
 874 048b 12       		.uleb128 0x12
 875 048c 01       		.uleb128 0x1
 876 048d 50       		.byte	0x50
 877 048e 01       		.uleb128 0x1
 878 048f 31       		.byte	0x31
 879 0490 00       		.byte	0
 880 0491 00       		.byte	0
 881 0492 07       		.uleb128 0x7
 882 0493 77000000 		.4byte	0x77
 883 0497 A2040000 		.4byte	0x4a2
 884 049b 08       		.uleb128 0x8
 885 049c B5000000 		.4byte	0xb5
 886 04a0 17       		.byte	0x17
 887 04a1 00       		.byte	0
 888 04a2 14       		.uleb128 0x14
 889 04a3 BF030000 		.4byte	.LASF64
 890 04a7 01       		.byte	0x1
 891 04a8 5E       		.byte	0x5e
 892 04a9 5D000000 		.4byte	0x5d
 893 04ad 00000000 		.4byte	.LFB35
 894 04b1 84000000 		.4byte	.LFE35-.LFB35
 895 04b5 01       		.uleb128 0x1
 896 04b6 9C       		.byte	0x9c
 897 04b7 DB050000 		.4byte	0x5db
 898 04bb 15       		.uleb128 0x15
 899 04bc 06000000 		.4byte	.LVL20
 900 04c0 5E060000 		.4byte	0x65e
 901 04c4 11       		.uleb128 0x11
 902 04c5 0C000000 		.4byte	.LVL21
 903 04c9 65060000 		.4byte	0x665
 904 04cd D7040000 		.4byte	0x4d7
 905 04d1 12       		.uleb128 0x12
 906 04d2 01       		.uleb128 0x1
 907 04d3 50       		.byte	0x50
 908 04d4 01       		.uleb128 0x1
 909 04d5 30       		.byte	0x30
 910 04d6 00       		.byte	0
 911 04d7 11       		.uleb128 0x11
 912 04d8 12000000 		.4byte	.LVL22
 913 04dc 3C060000 		.4byte	0x63c
 914 04e0 EA040000 		.4byte	0x4ea
 915 04e4 12       		.uleb128 0x12
 916 04e5 01       		.uleb128 0x1
 917 04e6 50       		.byte	0x50
 918 04e7 01       		.uleb128 0x1
 919 04e8 30       		.byte	0x30
 920 04e9 00       		.byte	0
 921 04ea 11       		.uleb128 0x11
 922 04eb 18000000 		.4byte	.LVL23
ARM GAS  C:\Users\RD\AppData\Local\Temp\ccz1AhgB.s 			page 21


 923 04ef 4D060000 		.4byte	0x64d
 924 04f3 FD040000 		.4byte	0x4fd
 925 04f7 12       		.uleb128 0x12
 926 04f8 01       		.uleb128 0x1
 927 04f9 50       		.byte	0x50
 928 04fa 01       		.uleb128 0x1
 929 04fb 31       		.byte	0x31
 930 04fc 00       		.byte	0
 931 04fd 11       		.uleb128 0x11
 932 04fe 24000000 		.4byte	.LVL24
 933 0502 1A060000 		.4byte	0x61a
 934 0506 19050000 		.4byte	0x519
 935 050a 12       		.uleb128 0x12
 936 050b 01       		.uleb128 0x1
 937 050c 51       		.byte	0x51
 938 050d 01       		.uleb128 0x1
 939 050e 48       		.byte	0x48
 940 050f 12       		.uleb128 0x12
 941 0510 01       		.uleb128 0x1
 942 0511 50       		.byte	0x50
 943 0512 05       		.uleb128 0x5
 944 0513 03       		.byte	0x3
 945 0514 04000000 		.4byte	.LANCHOR0+4
 946 0518 00       		.byte	0
 947 0519 11       		.uleb128 0x11
 948 051a 2A000000 		.4byte	.LVL25
 949 051e 3C060000 		.4byte	0x63c
 950 0522 2C050000 		.4byte	0x52c
 951 0526 12       		.uleb128 0x12
 952 0527 01       		.uleb128 0x1
 953 0528 50       		.byte	0x50
 954 0529 01       		.uleb128 0x1
 955 052a 31       		.byte	0x31
 956 052b 00       		.byte	0
 957 052c 11       		.uleb128 0x11
 958 052d 30000000 		.4byte	.LVL26
 959 0531 4D060000 		.4byte	0x64d
 960 0535 3F050000 		.4byte	0x53f
 961 0539 12       		.uleb128 0x12
 962 053a 01       		.uleb128 0x1
 963 053b 50       		.byte	0x50
 964 053c 01       		.uleb128 0x1
 965 053d 31       		.byte	0x31
 966 053e 00       		.byte	0
 967 053f 11       		.uleb128 0x11
 968 0540 36000000 		.4byte	.LVL27
 969 0544 3C060000 		.4byte	0x63c
 970 0548 52050000 		.4byte	0x552
 971 054c 12       		.uleb128 0x12
 972 054d 01       		.uleb128 0x1
 973 054e 50       		.byte	0x50
 974 054f 01       		.uleb128 0x1
 975 0550 30       		.byte	0x30
 976 0551 00       		.byte	0
 977 0552 11       		.uleb128 0x11
 978 0553 3C000000 		.4byte	.LVL28
 979 0557 4D060000 		.4byte	0x64d
ARM GAS  C:\Users\RD\AppData\Local\Temp\ccz1AhgB.s 			page 22


 980 055b 65050000 		.4byte	0x565
 981 055f 12       		.uleb128 0x12
 982 0560 01       		.uleb128 0x1
 983 0561 50       		.byte	0x50
 984 0562 01       		.uleb128 0x1
 985 0563 31       		.byte	0x31
 986 0564 00       		.byte	0
 987 0565 15       		.uleb128 0x15
 988 0566 40000000 		.4byte	.LVL29
 989 056a 76060000 		.4byte	0x676
 990 056e 11       		.uleb128 0x11
 991 056f 4A000000 		.4byte	.LVL30
 992 0573 7D060000 		.4byte	0x67d
 993 0577 88050000 		.4byte	0x588
 994 057b 12       		.uleb128 0x12
 995 057c 01       		.uleb128 0x1
 996 057d 51       		.byte	0x51
 997 057e 02       		.uleb128 0x2
 998 057f 08       		.byte	0x8
 999 0580 C0       		.byte	0xc0
 1000 0581 12       		.uleb128 0x12
 1001 0582 01       		.uleb128 0x1
 1002 0583 50       		.byte	0x50
 1003 0584 02       		.uleb128 0x2
 1004 0585 08       		.byte	0x8
 1005 0586 C0       		.byte	0xc0
 1006 0587 00       		.byte	0
 1007 0588 15       		.uleb128 0x15
 1008 0589 4E000000 		.4byte	.LVL31
 1009 058d 9E060000 		.4byte	0x69e
 1010 0591 15       		.uleb128 0x15
 1011 0592 52000000 		.4byte	.LVL32
 1012 0596 A9060000 		.4byte	0x6a9
 1013 059a 15       		.uleb128 0x15
 1014 059b 56000000 		.4byte	.LVL33
 1015 059f B4060000 		.4byte	0x6b4
 1016 05a3 15       		.uleb128 0x15
 1017 05a4 5E000000 		.4byte	.LVL34
 1018 05a8 BF060000 		.4byte	0x6bf
 1019 05ac 11       		.uleb128 0x11
 1020 05ad 64000000 		.4byte	.LVL35
 1021 05b1 CA060000 		.4byte	0x6ca
 1022 05b5 BF050000 		.4byte	0x5bf
 1023 05b9 12       		.uleb128 0x12
 1024 05ba 01       		.uleb128 0x1
 1025 05bb 50       		.byte	0x50
 1026 05bc 01       		.uleb128 0x1
 1027 05bd 30       		.byte	0x30
 1028 05be 00       		.byte	0
 1029 05bf 15       		.uleb128 0x15
 1030 05c0 6C000000 		.4byte	.LVL36
 1031 05c4 81030000 		.4byte	0x381
 1032 05c8 15       		.uleb128 0x15
 1033 05c9 70000000 		.4byte	.LVL37
 1034 05cd E0060000 		.4byte	0x6e0
 1035 05d1 15       		.uleb128 0x15
 1036 05d2 74000000 		.4byte	.LVL38
ARM GAS  C:\Users\RD\AppData\Local\Temp\ccz1AhgB.s 			page 23


 1037 05d6 A9060000 		.4byte	0x6a9
 1038 05da 00       		.byte	0
 1039 05db 0F       		.uleb128 0xf
 1040 05dc E9030000 		.4byte	.LASF65
 1041 05e0 01       		.byte	0x1
 1042 05e1 43       		.byte	0x43
 1043 05e2 92040000 		.4byte	0x492
 1044 05e6 05       		.uleb128 0x5
 1045 05e7 03       		.byte	0x3
 1046 05e8 04000000 		.4byte	mTx_Base_Buffer
 1047 05ec 16       		.uleb128 0x16
 1048 05ed 40020000 		.4byte	.LASF66
 1049 05f1 04       		.byte	0x4
 1050 05f2 DE03     		.2byte	0x3de
 1051 05f4 75030000 		.4byte	0x375
 1052 05f8 17       		.uleb128 0x17
 1053 05f9 F5020000 		.4byte	.LASF67
 1054 05fd 01       		.byte	0x1
 1055 05fe 46       		.byte	0x46
 1056 05ff 77000000 		.4byte	0x77
 1057 0603 05       		.uleb128 0x5
 1058 0604 03       		.byte	0x3
 1059 0605 00000000 		.4byte	curPos
 1060 0609 17       		.uleb128 0x17
 1061 060a E2030000 		.4byte	.LASF68
 1062 060e 01       		.byte	0x1
 1063 060f 46       		.byte	0x46
 1064 0610 77000000 		.4byte	0x77
 1065 0614 05       		.uleb128 0x5
 1066 0615 03       		.byte	0x3
 1067 0616 00000000 		.4byte	oldPos
 1068 061a 18       		.uleb128 0x18
 1069 061b 7F010000 		.4byte	.LASF69
 1070 061f 05       		.byte	0x5
 1071 0620 3B03     		.2byte	0x33b
 1072 0622 31060000 		.4byte	0x631
 1073 0626 19       		.uleb128 0x19
 1074 0627 31060000 		.4byte	0x631
 1075 062b 19       		.uleb128 0x19
 1076 062c 83000000 		.4byte	0x83
 1077 0630 00       		.byte	0
 1078 0631 1A       		.uleb128 0x1a
 1079 0632 04       		.byte	0x4
 1080 0633 37060000 		.4byte	0x637
 1081 0637 1B       		.uleb128 0x1b
 1082 0638 77000000 		.4byte	0x77
 1083 063c 1C       		.uleb128 0x1c
 1084 063d 1C050000 		.4byte	.LASF70
 1085 0641 06       		.byte	0x6
 1086 0642 33       		.byte	0x33
 1087 0643 4D060000 		.4byte	0x64d
 1088 0647 19       		.uleb128 0x19
 1089 0648 6B000000 		.4byte	0x6b
 1090 064c 00       		.byte	0
 1091 064d 1C       		.uleb128 0x1c
 1092 064e 7A020000 		.4byte	.LASF71
 1093 0652 07       		.byte	0x7
ARM GAS  C:\Users\RD\AppData\Local\Temp\ccz1AhgB.s 			page 24


 1094 0653 DA       		.byte	0xda
 1095 0654 5E060000 		.4byte	0x65e
 1096 0658 19       		.uleb128 0x19
 1097 0659 77000000 		.4byte	0x77
 1098 065d 00       		.byte	0
 1099 065e 1D       		.uleb128 0x1d
 1100 065f 92020000 		.4byte	.LASF73
 1101 0663 09       		.byte	0x9
 1102 0664 6E       		.byte	0x6e
 1103 0665 1C       		.uleb128 0x1c
 1104 0666 67000000 		.4byte	.LASF72
 1105 066a 08       		.byte	0x8
 1106 066b 33       		.byte	0x33
 1107 066c 76060000 		.4byte	0x676
 1108 0670 19       		.uleb128 0x19
 1109 0671 6B000000 		.4byte	0x6b
 1110 0675 00       		.byte	0
 1111 0676 1D       		.uleb128 0x1d
 1112 0677 63020000 		.4byte	.LASF74
 1113 067b 0A       		.byte	0xa
 1114 067c 6E       		.byte	0x6e
 1115 067d 1C       		.uleb128 0x1c
 1116 067e 21030000 		.4byte	.LASF75
 1117 0682 0B       		.byte	0xb
 1118 0683 A2       		.byte	0xa2
 1119 0684 98060000 		.4byte	0x698
 1120 0688 19       		.uleb128 0x19
 1121 0689 83000000 		.4byte	0x83
 1122 068d 19       		.uleb128 0x19
 1123 068e 83000000 		.4byte	0x83
 1124 0692 19       		.uleb128 0x19
 1125 0693 98060000 		.4byte	0x698
 1126 0697 00       		.byte	0
 1127 0698 1A       		.uleb128 0x1a
 1128 0699 04       		.byte	0x4
 1129 069a B0000000 		.4byte	0xb0
 1130 069e 1E       		.uleb128 0x1e
 1131 069f FC020000 		.4byte	.LASF76
 1132 06a3 0C       		.byte	0xc
 1133 06a4 39       		.byte	0x39
 1134 06a5 A4000000 		.4byte	0xa4
 1135 06a9 1E       		.uleb128 0x1e
 1136 06aa 42030000 		.4byte	.LASF77
 1137 06ae 0D       		.byte	0xd
 1138 06af 5C       		.byte	0x5c
 1139 06b0 A4000000 		.4byte	0xa4
 1140 06b4 1E       		.uleb128 0x1e
 1141 06b5 98040000 		.4byte	.LASF78
 1142 06b9 0D       		.byte	0xd
 1143 06ba 5D       		.byte	0x5d
 1144 06bb 83000000 		.4byte	0x83
 1145 06bf 1E       		.uleb128 0x1e
 1146 06c0 D9040000 		.4byte	.LASF79
 1147 06c4 0C       		.byte	0xc
 1148 06c5 3D       		.byte	0x3d
 1149 06c6 A4000000 		.4byte	0xa4
 1150 06ca 1F       		.uleb128 0x1f
ARM GAS  C:\Users\RD\AppData\Local\Temp\ccz1AhgB.s 			page 25


 1151 06cb 94030000 		.4byte	.LASF84
 1152 06cf 04       		.byte	0x4
 1153 06d0 FF03     		.2byte	0x3ff
 1154 06d2 83000000 		.4byte	0x83
 1155 06d6 E0060000 		.4byte	0x6e0
 1156 06da 19       		.uleb128 0x19
 1157 06db 83000000 		.4byte	0x83
 1158 06df 00       		.byte	0
 1159 06e0 1E       		.uleb128 0x1e
 1160 06e1 5E010000 		.4byte	.LASF80
 1161 06e5 0E       		.byte	0xe
 1162 06e6 48       		.byte	0x48
 1163 06e7 83000000 		.4byte	0x83
 1164 06eb 00       		.byte	0
 1165              		.section	.debug_abbrev,"",%progbits
 1166              	.Ldebug_abbrev0:
 1167 0000 01       		.uleb128 0x1
 1168 0001 11       		.uleb128 0x11
 1169 0002 01       		.byte	0x1
 1170 0003 25       		.uleb128 0x25
 1171 0004 0E       		.uleb128 0xe
 1172 0005 13       		.uleb128 0x13
 1173 0006 0B       		.uleb128 0xb
 1174 0007 03       		.uleb128 0x3
 1175 0008 0E       		.uleb128 0xe
 1176 0009 1B       		.uleb128 0x1b
 1177 000a 0E       		.uleb128 0xe
 1178 000b 55       		.uleb128 0x55
 1179 000c 17       		.uleb128 0x17
 1180 000d 11       		.uleb128 0x11
 1181 000e 01       		.uleb128 0x1
 1182 000f 10       		.uleb128 0x10
 1183 0010 17       		.uleb128 0x17
 1184 0011 00       		.byte	0
 1185 0012 00       		.byte	0
 1186 0013 02       		.uleb128 0x2
 1187 0014 24       		.uleb128 0x24
 1188 0015 00       		.byte	0
 1189 0016 0B       		.uleb128 0xb
 1190 0017 0B       		.uleb128 0xb
 1191 0018 3E       		.uleb128 0x3e
 1192 0019 0B       		.uleb128 0xb
 1193 001a 03       		.uleb128 0x3
 1194 001b 0E       		.uleb128 0xe
 1195 001c 00       		.byte	0
 1196 001d 00       		.byte	0
 1197 001e 03       		.uleb128 0x3
 1198 001f 24       		.uleb128 0x24
 1199 0020 00       		.byte	0
 1200 0021 0B       		.uleb128 0xb
 1201 0022 0B       		.uleb128 0xb
 1202 0023 3E       		.uleb128 0x3e
 1203 0024 0B       		.uleb128 0xb
 1204 0025 03       		.uleb128 0x3
 1205 0026 08       		.uleb128 0x8
 1206 0027 00       		.byte	0
 1207 0028 00       		.byte	0
ARM GAS  C:\Users\RD\AppData\Local\Temp\ccz1AhgB.s 			page 26


 1208 0029 04       		.uleb128 0x4
 1209 002a 16       		.uleb128 0x16
 1210 002b 00       		.byte	0
 1211 002c 03       		.uleb128 0x3
 1212 002d 0E       		.uleb128 0xe
 1213 002e 3A       		.uleb128 0x3a
 1214 002f 0B       		.uleb128 0xb
 1215 0030 3B       		.uleb128 0x3b
 1216 0031 05       		.uleb128 0x5
 1217 0032 49       		.uleb128 0x49
 1218 0033 13       		.uleb128 0x13
 1219 0034 00       		.byte	0
 1220 0035 00       		.byte	0
 1221 0036 05       		.uleb128 0x5
 1222 0037 35       		.uleb128 0x35
 1223 0038 00       		.byte	0
 1224 0039 49       		.uleb128 0x49
 1225 003a 13       		.uleb128 0x13
 1226 003b 00       		.byte	0
 1227 003c 00       		.byte	0
 1228 003d 06       		.uleb128 0x6
 1229 003e 16       		.uleb128 0x16
 1230 003f 00       		.byte	0
 1231 0040 03       		.uleb128 0x3
 1232 0041 0E       		.uleb128 0xe
 1233 0042 3A       		.uleb128 0x3a
 1234 0043 0B       		.uleb128 0xb
 1235 0044 3B       		.uleb128 0x3b
 1236 0045 0B       		.uleb128 0xb
 1237 0046 49       		.uleb128 0x49
 1238 0047 13       		.uleb128 0x13
 1239 0048 00       		.byte	0
 1240 0049 00       		.byte	0
 1241 004a 07       		.uleb128 0x7
 1242 004b 01       		.uleb128 0x1
 1243 004c 01       		.byte	0x1
 1244 004d 49       		.uleb128 0x49
 1245 004e 13       		.uleb128 0x13
 1246 004f 01       		.uleb128 0x1
 1247 0050 13       		.uleb128 0x13
 1248 0051 00       		.byte	0
 1249 0052 00       		.byte	0
 1250 0053 08       		.uleb128 0x8
 1251 0054 21       		.uleb128 0x21
 1252 0055 00       		.byte	0
 1253 0056 49       		.uleb128 0x49
 1254 0057 13       		.uleb128 0x13
 1255 0058 2F       		.uleb128 0x2f
 1256 0059 0B       		.uleb128 0xb
 1257 005a 00       		.byte	0
 1258 005b 00       		.byte	0
 1259 005c 09       		.uleb128 0x9
 1260 005d 13       		.uleb128 0x13
 1261 005e 01       		.byte	0x1
 1262 005f 0B       		.uleb128 0xb
 1263 0060 0B       		.uleb128 0xb
 1264 0061 3A       		.uleb128 0x3a
ARM GAS  C:\Users\RD\AppData\Local\Temp\ccz1AhgB.s 			page 27


 1265 0062 0B       		.uleb128 0xb
 1266 0063 3B       		.uleb128 0x3b
 1267 0064 0B       		.uleb128 0xb
 1268 0065 01       		.uleb128 0x1
 1269 0066 13       		.uleb128 0x13
 1270 0067 00       		.byte	0
 1271 0068 00       		.byte	0
 1272 0069 0A       		.uleb128 0xa
 1273 006a 0D       		.uleb128 0xd
 1274 006b 00       		.byte	0
 1275 006c 03       		.uleb128 0x3
 1276 006d 0E       		.uleb128 0xe
 1277 006e 3A       		.uleb128 0x3a
 1278 006f 0B       		.uleb128 0xb
 1279 0070 3B       		.uleb128 0x3b
 1280 0071 0B       		.uleb128 0xb
 1281 0072 49       		.uleb128 0x49
 1282 0073 13       		.uleb128 0x13
 1283 0074 38       		.uleb128 0x38
 1284 0075 0B       		.uleb128 0xb
 1285 0076 00       		.byte	0
 1286 0077 00       		.byte	0
 1287 0078 0B       		.uleb128 0xb
 1288 0079 0D       		.uleb128 0xd
 1289 007a 00       		.byte	0
 1290 007b 03       		.uleb128 0x3
 1291 007c 0E       		.uleb128 0xe
 1292 007d 3A       		.uleb128 0x3a
 1293 007e 0B       		.uleb128 0xb
 1294 007f 3B       		.uleb128 0x3b
 1295 0080 05       		.uleb128 0x5
 1296 0081 49       		.uleb128 0x49
 1297 0082 13       		.uleb128 0x13
 1298 0083 38       		.uleb128 0x38
 1299 0084 0B       		.uleb128 0xb
 1300 0085 00       		.byte	0
 1301 0086 00       		.byte	0
 1302 0087 0C       		.uleb128 0xc
 1303 0088 13       		.uleb128 0x13
 1304 0089 01       		.byte	0x1
 1305 008a 0B       		.uleb128 0xb
 1306 008b 0B       		.uleb128 0xb
 1307 008c 3A       		.uleb128 0x3a
 1308 008d 0B       		.uleb128 0xb
 1309 008e 3B       		.uleb128 0x3b
 1310 008f 05       		.uleb128 0x5
 1311 0090 01       		.uleb128 0x1
 1312 0091 13       		.uleb128 0x13
 1313 0092 00       		.byte	0
 1314 0093 00       		.byte	0
 1315 0094 0D       		.uleb128 0xd
 1316 0095 0D       		.uleb128 0xd
 1317 0096 00       		.byte	0
 1318 0097 03       		.uleb128 0x3
 1319 0098 08       		.uleb128 0x8
 1320 0099 3A       		.uleb128 0x3a
 1321 009a 0B       		.uleb128 0xb
ARM GAS  C:\Users\RD\AppData\Local\Temp\ccz1AhgB.s 			page 28


 1322 009b 3B       		.uleb128 0x3b
 1323 009c 05       		.uleb128 0x5
 1324 009d 49       		.uleb128 0x49
 1325 009e 13       		.uleb128 0x13
 1326 009f 38       		.uleb128 0x38
 1327 00a0 0B       		.uleb128 0xb
 1328 00a1 00       		.byte	0
 1329 00a2 00       		.byte	0
 1330 00a3 0E       		.uleb128 0xe
 1331 00a4 2E       		.uleb128 0x2e
 1332 00a5 01       		.byte	0x1
 1333 00a6 3F       		.uleb128 0x3f
 1334 00a7 19       		.uleb128 0x19
 1335 00a8 03       		.uleb128 0x3
 1336 00a9 0E       		.uleb128 0xe
 1337 00aa 3A       		.uleb128 0x3a
 1338 00ab 0B       		.uleb128 0xb
 1339 00ac 3B       		.uleb128 0x3b
 1340 00ad 0B       		.uleb128 0xb
 1341 00ae 27       		.uleb128 0x27
 1342 00af 19       		.uleb128 0x19
 1343 00b0 11       		.uleb128 0x11
 1344 00b1 01       		.uleb128 0x1
 1345 00b2 12       		.uleb128 0x12
 1346 00b3 06       		.uleb128 0x6
 1347 00b4 40       		.uleb128 0x40
 1348 00b5 18       		.uleb128 0x18
 1349 00b6 9642     		.uleb128 0x2116
 1350 00b8 19       		.uleb128 0x19
 1351 00b9 01       		.uleb128 0x1
 1352 00ba 13       		.uleb128 0x13
 1353 00bb 00       		.byte	0
 1354 00bc 00       		.byte	0
 1355 00bd 0F       		.uleb128 0xf
 1356 00be 34       		.uleb128 0x34
 1357 00bf 00       		.byte	0
 1358 00c0 03       		.uleb128 0x3
 1359 00c1 0E       		.uleb128 0xe
 1360 00c2 3A       		.uleb128 0x3a
 1361 00c3 0B       		.uleb128 0xb
 1362 00c4 3B       		.uleb128 0x3b
 1363 00c5 0B       		.uleb128 0xb
 1364 00c6 49       		.uleb128 0x49
 1365 00c7 13       		.uleb128 0x13
 1366 00c8 02       		.uleb128 0x2
 1367 00c9 18       		.uleb128 0x18
 1368 00ca 00       		.byte	0
 1369 00cb 00       		.byte	0
 1370 00cc 10       		.uleb128 0x10
 1371 00cd 34       		.uleb128 0x34
 1372 00ce 00       		.byte	0
 1373 00cf 03       		.uleb128 0x3
 1374 00d0 08       		.uleb128 0x8
 1375 00d1 3A       		.uleb128 0x3a
 1376 00d2 0B       		.uleb128 0xb
 1377 00d3 3B       		.uleb128 0x3b
 1378 00d4 0B       		.uleb128 0xb
ARM GAS  C:\Users\RD\AppData\Local\Temp\ccz1AhgB.s 			page 29


 1379 00d5 49       		.uleb128 0x49
 1380 00d6 13       		.uleb128 0x13
 1381 00d7 02       		.uleb128 0x2
 1382 00d8 17       		.uleb128 0x17
 1383 00d9 00       		.byte	0
 1384 00da 00       		.byte	0
 1385 00db 11       		.uleb128 0x11
 1386 00dc 898201   		.uleb128 0x4109
 1387 00df 01       		.byte	0x1
 1388 00e0 11       		.uleb128 0x11
 1389 00e1 01       		.uleb128 0x1
 1390 00e2 31       		.uleb128 0x31
 1391 00e3 13       		.uleb128 0x13
 1392 00e4 01       		.uleb128 0x1
 1393 00e5 13       		.uleb128 0x13
 1394 00e6 00       		.byte	0
 1395 00e7 00       		.byte	0
 1396 00e8 12       		.uleb128 0x12
 1397 00e9 8A8201   		.uleb128 0x410a
 1398 00ec 00       		.byte	0
 1399 00ed 02       		.uleb128 0x2
 1400 00ee 18       		.uleb128 0x18
 1401 00ef 9142     		.uleb128 0x2111
 1402 00f1 18       		.uleb128 0x18
 1403 00f2 00       		.byte	0
 1404 00f3 00       		.byte	0
 1405 00f4 13       		.uleb128 0x13
 1406 00f5 898201   		.uleb128 0x4109
 1407 00f8 01       		.byte	0x1
 1408 00f9 11       		.uleb128 0x11
 1409 00fa 01       		.uleb128 0x1
 1410 00fb 31       		.uleb128 0x31
 1411 00fc 13       		.uleb128 0x13
 1412 00fd 00       		.byte	0
 1413 00fe 00       		.byte	0
 1414 00ff 14       		.uleb128 0x14
 1415 0100 2E       		.uleb128 0x2e
 1416 0101 01       		.byte	0x1
 1417 0102 3F       		.uleb128 0x3f
 1418 0103 19       		.uleb128 0x19
 1419 0104 03       		.uleb128 0x3
 1420 0105 0E       		.uleb128 0xe
 1421 0106 3A       		.uleb128 0x3a
 1422 0107 0B       		.uleb128 0xb
 1423 0108 3B       		.uleb128 0x3b
 1424 0109 0B       		.uleb128 0xb
 1425 010a 49       		.uleb128 0x49
 1426 010b 13       		.uleb128 0x13
 1427 010c 11       		.uleb128 0x11
 1428 010d 01       		.uleb128 0x1
 1429 010e 12       		.uleb128 0x12
 1430 010f 06       		.uleb128 0x6
 1431 0110 40       		.uleb128 0x40
 1432 0111 18       		.uleb128 0x18
 1433 0112 9742     		.uleb128 0x2117
 1434 0114 19       		.uleb128 0x19
 1435 0115 01       		.uleb128 0x1
ARM GAS  C:\Users\RD\AppData\Local\Temp\ccz1AhgB.s 			page 30


 1436 0116 13       		.uleb128 0x13
 1437 0117 00       		.byte	0
 1438 0118 00       		.byte	0
 1439 0119 15       		.uleb128 0x15
 1440 011a 898201   		.uleb128 0x4109
 1441 011d 00       		.byte	0
 1442 011e 11       		.uleb128 0x11
 1443 011f 01       		.uleb128 0x1
 1444 0120 31       		.uleb128 0x31
 1445 0121 13       		.uleb128 0x13
 1446 0122 00       		.byte	0
 1447 0123 00       		.byte	0
 1448 0124 16       		.uleb128 0x16
 1449 0125 34       		.uleb128 0x34
 1450 0126 00       		.byte	0
 1451 0127 03       		.uleb128 0x3
 1452 0128 0E       		.uleb128 0xe
 1453 0129 3A       		.uleb128 0x3a
 1454 012a 0B       		.uleb128 0xb
 1455 012b 3B       		.uleb128 0x3b
 1456 012c 05       		.uleb128 0x5
 1457 012d 49       		.uleb128 0x49
 1458 012e 13       		.uleb128 0x13
 1459 012f 3F       		.uleb128 0x3f
 1460 0130 19       		.uleb128 0x19
 1461 0131 3C       		.uleb128 0x3c
 1462 0132 19       		.uleb128 0x19
 1463 0133 00       		.byte	0
 1464 0134 00       		.byte	0
 1465 0135 17       		.uleb128 0x17
 1466 0136 34       		.uleb128 0x34
 1467 0137 00       		.byte	0
 1468 0138 03       		.uleb128 0x3
 1469 0139 0E       		.uleb128 0xe
 1470 013a 3A       		.uleb128 0x3a
 1471 013b 0B       		.uleb128 0xb
 1472 013c 3B       		.uleb128 0x3b
 1473 013d 0B       		.uleb128 0xb
 1474 013e 49       		.uleb128 0x49
 1475 013f 13       		.uleb128 0x13
 1476 0140 3F       		.uleb128 0x3f
 1477 0141 19       		.uleb128 0x19
 1478 0142 02       		.uleb128 0x2
 1479 0143 18       		.uleb128 0x18
 1480 0144 00       		.byte	0
 1481 0145 00       		.byte	0
 1482 0146 18       		.uleb128 0x18
 1483 0147 2E       		.uleb128 0x2e
 1484 0148 01       		.byte	0x1
 1485 0149 3F       		.uleb128 0x3f
 1486 014a 19       		.uleb128 0x19
 1487 014b 03       		.uleb128 0x3
 1488 014c 0E       		.uleb128 0xe
 1489 014d 3A       		.uleb128 0x3a
 1490 014e 0B       		.uleb128 0xb
 1491 014f 3B       		.uleb128 0x3b
 1492 0150 05       		.uleb128 0x5
ARM GAS  C:\Users\RD\AppData\Local\Temp\ccz1AhgB.s 			page 31


 1493 0151 27       		.uleb128 0x27
 1494 0152 19       		.uleb128 0x19
 1495 0153 3C       		.uleb128 0x3c
 1496 0154 19       		.uleb128 0x19
 1497 0155 01       		.uleb128 0x1
 1498 0156 13       		.uleb128 0x13
 1499 0157 00       		.byte	0
 1500 0158 00       		.byte	0
 1501 0159 19       		.uleb128 0x19
 1502 015a 05       		.uleb128 0x5
 1503 015b 00       		.byte	0
 1504 015c 49       		.uleb128 0x49
 1505 015d 13       		.uleb128 0x13
 1506 015e 00       		.byte	0
 1507 015f 00       		.byte	0
 1508 0160 1A       		.uleb128 0x1a
 1509 0161 0F       		.uleb128 0xf
 1510 0162 00       		.byte	0
 1511 0163 0B       		.uleb128 0xb
 1512 0164 0B       		.uleb128 0xb
 1513 0165 49       		.uleb128 0x49
 1514 0166 13       		.uleb128 0x13
 1515 0167 00       		.byte	0
 1516 0168 00       		.byte	0
 1517 0169 1B       		.uleb128 0x1b
 1518 016a 26       		.uleb128 0x26
 1519 016b 00       		.byte	0
 1520 016c 49       		.uleb128 0x49
 1521 016d 13       		.uleb128 0x13
 1522 016e 00       		.byte	0
 1523 016f 00       		.byte	0
 1524 0170 1C       		.uleb128 0x1c
 1525 0171 2E       		.uleb128 0x2e
 1526 0172 01       		.byte	0x1
 1527 0173 3F       		.uleb128 0x3f
 1528 0174 19       		.uleb128 0x19
 1529 0175 03       		.uleb128 0x3
 1530 0176 0E       		.uleb128 0xe
 1531 0177 3A       		.uleb128 0x3a
 1532 0178 0B       		.uleb128 0xb
 1533 0179 3B       		.uleb128 0x3b
 1534 017a 0B       		.uleb128 0xb
 1535 017b 27       		.uleb128 0x27
 1536 017c 19       		.uleb128 0x19
 1537 017d 3C       		.uleb128 0x3c
 1538 017e 19       		.uleb128 0x19
 1539 017f 01       		.uleb128 0x1
 1540 0180 13       		.uleb128 0x13
 1541 0181 00       		.byte	0
 1542 0182 00       		.byte	0
 1543 0183 1D       		.uleb128 0x1d
 1544 0184 2E       		.uleb128 0x2e
 1545 0185 00       		.byte	0
 1546 0186 3F       		.uleb128 0x3f
 1547 0187 19       		.uleb128 0x19
 1548 0188 03       		.uleb128 0x3
 1549 0189 0E       		.uleb128 0xe
ARM GAS  C:\Users\RD\AppData\Local\Temp\ccz1AhgB.s 			page 32


 1550 018a 3A       		.uleb128 0x3a
 1551 018b 0B       		.uleb128 0xb
 1552 018c 3B       		.uleb128 0x3b
 1553 018d 0B       		.uleb128 0xb
 1554 018e 27       		.uleb128 0x27
 1555 018f 19       		.uleb128 0x19
 1556 0190 3C       		.uleb128 0x3c
 1557 0191 19       		.uleb128 0x19
 1558 0192 00       		.byte	0
 1559 0193 00       		.byte	0
 1560 0194 1E       		.uleb128 0x1e
 1561 0195 2E       		.uleb128 0x2e
 1562 0196 00       		.byte	0
 1563 0197 3F       		.uleb128 0x3f
 1564 0198 19       		.uleb128 0x19
 1565 0199 03       		.uleb128 0x3
 1566 019a 0E       		.uleb128 0xe
 1567 019b 3A       		.uleb128 0x3a
 1568 019c 0B       		.uleb128 0xb
 1569 019d 3B       		.uleb128 0x3b
 1570 019e 0B       		.uleb128 0xb
 1571 019f 27       		.uleb128 0x27
 1572 01a0 19       		.uleb128 0x19
 1573 01a1 49       		.uleb128 0x49
 1574 01a2 13       		.uleb128 0x13
 1575 01a3 3C       		.uleb128 0x3c
 1576 01a4 19       		.uleb128 0x19
 1577 01a5 00       		.byte	0
 1578 01a6 00       		.byte	0
 1579 01a7 1F       		.uleb128 0x1f
 1580 01a8 2E       		.uleb128 0x2e
 1581 01a9 01       		.byte	0x1
 1582 01aa 3F       		.uleb128 0x3f
 1583 01ab 19       		.uleb128 0x19
 1584 01ac 03       		.uleb128 0x3
 1585 01ad 0E       		.uleb128 0xe
 1586 01ae 3A       		.uleb128 0x3a
 1587 01af 0B       		.uleb128 0xb
 1588 01b0 3B       		.uleb128 0x3b
 1589 01b1 05       		.uleb128 0x5
 1590 01b2 27       		.uleb128 0x27
 1591 01b3 19       		.uleb128 0x19
 1592 01b4 49       		.uleb128 0x49
 1593 01b5 13       		.uleb128 0x13
 1594 01b6 3C       		.uleb128 0x3c
 1595 01b7 19       		.uleb128 0x19
 1596 01b8 01       		.uleb128 0x1
 1597 01b9 13       		.uleb128 0x13
 1598 01ba 00       		.byte	0
 1599 01bb 00       		.byte	0
 1600 01bc 00       		.byte	0
 1601              		.section	.debug_loc,"",%progbits
 1602              	.Ldebug_loc0:
 1603              	.LLST0:
 1604 0000 12000000 		.4byte	.LVL1
 1605 0004 16000000 		.4byte	.LVL2
 1606 0008 0200     		.2byte	0x2
ARM GAS  C:\Users\RD\AppData\Local\Temp\ccz1AhgB.s 			page 33


 1607 000a 30       		.byte	0x30
 1608 000b 9F       		.byte	0x9f
 1609 000c 16000000 		.4byte	.LVL2
 1610 0010 22000000 		.4byte	.LVL3
 1611 0014 0100     		.2byte	0x1
 1612 0016 53       		.byte	0x53
 1613 0017 24000000 		.4byte	.LVL4
 1614 001b 2A000000 		.4byte	.LVL5
 1615 001f 0100     		.2byte	0x1
 1616 0021 53       		.byte	0x53
 1617 0022 34000000 		.4byte	.LVL6
 1618 0026 38000000 		.4byte	.LVL7
 1619 002a 0200     		.2byte	0x2
 1620 002c 30       		.byte	0x30
 1621 002d 9F       		.byte	0x9f
 1622 002e 38000000 		.4byte	.LVL7
 1623 0032 44000000 		.4byte	.LVL8
 1624 0036 0100     		.2byte	0x1
 1625 0038 53       		.byte	0x53
 1626 0039 46000000 		.4byte	.LVL9
 1627 003d 53000000 		.4byte	.LVL10-1
 1628 0041 0100     		.2byte	0x1
 1629 0043 53       		.byte	0x53
 1630 0044 00000000 		.4byte	0
 1631 0048 00000000 		.4byte	0
 1632              		.section	.debug_aranges,"",%progbits
 1633 0000 24000000 		.4byte	0x24
 1634 0004 0200     		.2byte	0x2
 1635 0006 00000000 		.4byte	.Ldebug_info0
 1636 000a 04       		.byte	0x4
 1637 000b 00       		.byte	0
 1638 000c 0000     		.2byte	0
 1639 000e 0000     		.2byte	0
 1640 0010 00000000 		.4byte	.LFB36
 1641 0014 CC000000 		.4byte	.LFE36-.LFB36
 1642 0018 00000000 		.4byte	.LFB35
 1643 001c 84000000 		.4byte	.LFE35-.LFB35
 1644 0020 00000000 		.4byte	0
 1645 0024 00000000 		.4byte	0
 1646              		.section	.debug_ranges,"",%progbits
 1647              	.Ldebug_ranges0:
 1648 0000 00000000 		.4byte	.LFB36
 1649 0004 CC000000 		.4byte	.LFE36
 1650 0008 00000000 		.4byte	.LFB35
 1651 000c 84000000 		.4byte	.LFE35
 1652 0010 00000000 		.4byte	0
 1653 0014 00000000 		.4byte	0
 1654              		.section	.debug_line,"",%progbits
 1655              	.Ldebug_line0:
 1656 0000 75010000 		.section	.debug_str,"MS",%progbits,1
 1656      02000F01 
 1656      00000201 
 1656      FB0E0D00 
 1656      01010101 
 1657              	.LASF61:
 1658 0000 6D54785F 		.ascii	"mTx_Mod_Buffer\000"
 1658      4D6F645F 
ARM GAS  C:\Users\RD\AppData\Local\Temp\ccz1AhgB.s 			page 34


 1658      42756666 
 1658      657200
 1659              	.LASF59:
 1660 000f 736E7254 		.ascii	"snrTestRawCount\000"
 1660      65737452 
 1660      6177436F 
 1660      756E7400 
 1661              	.LASF36:
 1662 001f 62736C6E 		.ascii	"bsln\000"
 1662      00
 1663              	.LASF40:
 1664 0024 706F7342 		.ascii	"posBslnRstCnt\000"
 1664      736C6E52 
 1664      7374436E 
 1664      7400
 1665              	.LASF62:
 1666 0032 64657353 		.ascii	"desSpot\000"
 1666      706F7400 
 1667              	.LASF25:
 1668 003a 6C6F7742 		.ascii	"lowBslnRst\000"
 1668      736C6E52 
 1668      737400
 1669              	.LASF38:
 1670 0045 64696666 		.ascii	"diff\000"
 1670      00
 1671              	.LASF27:
 1672 004a 69646163 		.ascii	"idacMod\000"
 1672      4D6F6400 
 1673              	.LASF2:
 1674 0052 73686F72 		.ascii	"short int\000"
 1674      7420696E 
 1674      7400
 1675              	.LASF24:
 1676 005c 6F6E4465 		.ascii	"onDebounce\000"
 1676      626F756E 
 1676      636500
 1677              	.LASF72:
 1678 0067 426C616E 		.ascii	"Blank_Write\000"
 1678      6B5F5772 
 1678      69746500 
 1679              	.LASF16:
 1680 0073 73697A65 		.ascii	"sizetype\000"
 1680      74797065 
 1680      00
 1681              	.LASF81:
 1682 007c 474E5520 		.ascii	"GNU C 4.9.3 20150303 (release) [ARM/embedded-4_9-br"
 1682      4320342E 
 1682      392E3320 
 1682      32303135 
 1682      30333033 
 1683 00af 616E6368 		.ascii	"anch revision 221220] -mcpu=cortex-m0plus -mthumb -"
 1683      20726576 
 1683      6973696F 
 1683      6E203232 
 1683      31323230 
 1684 00e2 67202D4F 		.ascii	"g -Og -ffunction-sections -ffat-lto-objects\000"
 1684      67202D66 
ARM GAS  C:\Users\RD\AppData\Local\Temp\ccz1AhgB.s 			page 35


 1684      66756E63 
 1684      74696F6E 
 1684      2D736563 
 1685              	.LASF44:
 1686 010e 636F6E66 		.ascii	"configId\000"
 1686      69674964 
 1686      00
 1687              	.LASF41:
 1688 0117 69646163 		.ascii	"idacComp\000"
 1688      436F6D70 
 1688      00
 1689              	.LASF52:
 1690 0120 63736430 		.ascii	"csd0Config\000"
 1690      436F6E66 
 1690      696700
 1691              	.LASF6:
 1692 012b 6C6F6E67 		.ascii	"long long int\000"
 1692      206C6F6E 
 1692      6720696E 
 1692      7400
 1693              	.LASF29:
 1694 0139 736E7343 		.ascii	"snsClkSource\000"
 1694      6C6B536F 
 1694      75726365 
 1694      00
 1695              	.LASF21:
 1696 0146 6E6F6973 		.ascii	"noiseTh\000"
 1696      65546800 
 1697              	.LASF45:
 1698 014e 64657669 		.ascii	"deviceId\000"
 1698      63654964 
 1698      00
 1699              	.LASF10:
 1700 0157 75696E74 		.ascii	"uint16\000"
 1700      313600
 1701              	.LASF80:
 1702 015e 43617053 		.ascii	"CapSense_RunTuner\000"
 1702      656E7365 
 1702      5F52756E 
 1702      54756E65 
 1702      7200
 1703              	.LASF54:
 1704 0170 77646774 		.ascii	"wdgtList\000"
 1704      4C697374 
 1704      00
 1705              	.LASF9:
 1706 0179 75696E74 		.ascii	"uint8\000"
 1706      3800
 1707              	.LASF69:
 1708 017f 5350494D 		.ascii	"SPIM_SpiUartPutArray\000"
 1708      5F537069 
 1708      55617274 
 1708      50757441 
 1708      72726179 
 1709              	.LASF12:
 1710 0194 666C6F61 		.ascii	"float\000"
 1710      7400
ARM GAS  C:\Users\RD\AppData\Local\Temp\ccz1AhgB.s 			page 36


 1711              	.LASF35:
 1712 019a 43617053 		.ascii	"CapSense_RAM_WD_LIST_STRUCT\000"
 1712      656E7365 
 1712      5F52414D 
 1712      5F57445F 
 1712      4C495354 
 1713              	.LASF83:
 1714 01b6 433A5C55 		.ascii	"C:\\Users\\RD\\Documents\\Data_RD\\FAE Content\\D2\\"
 1714      73657273 
 1714      5C52445C 
 1714      446F6375 
 1714      6D656E74 
 1715 01e3 426F7365 		.ascii	"Bose\\Capsene Board 12 2016\\Slider\\Slider.cydsn\000"
 1715      5C436170 
 1715      73656E65 
 1715      20426F61 
 1715      72642031 
 1716              	.LASF57:
 1717 0212 736E7254 		.ascii	"snrTestSensorId\000"
 1717      65737453 
 1717      656E736F 
 1717      72496400 
 1718              	.LASF14:
 1719 0222 63686172 		.ascii	"char\000"
 1719      00
 1720              	.LASF4:
 1721 0227 6C6F6E67 		.ascii	"long int\000"
 1721      20696E74 
 1721      00
 1722              	.LASF20:
 1723 0230 66696E67 		.ascii	"fingerTh\000"
 1723      65725468 
 1723      00
 1724              	.LASF28:
 1725 0239 736E7343 		.ascii	"snsClk\000"
 1725      6C6B00
 1726              	.LASF66:
 1727 0240 43617053 		.ascii	"CapSense_dsRam\000"
 1727      656E7365 
 1727      5F647352 
 1727      616D00
 1728              	.LASF23:
 1729 024f 68797374 		.ascii	"hysteresis\000"
 1729      65726573 
 1729      697300
 1730              	.LASF46:
 1731 025a 74756E65 		.ascii	"tunerCmd\000"
 1731      72436D64 
 1731      00
 1732              	.LASF74:
 1733 0263 455A4932 		.ascii	"EZI2C_Start\000"
 1733      435F5374 
 1733      61727400 
 1734              	.LASF50:
 1735 026f 77646774 		.ascii	"wdgtStatus\000"
 1735      53746174 
 1735      757300
ARM GAS  C:\Users\RD\AppData\Local\Temp\ccz1AhgB.s 			page 37


 1736              	.LASF71:
 1737 027a 43794465 		.ascii	"CyDelayUs\000"
 1737      6C617955 
 1737      7300
 1738              	.LASF1:
 1739 0284 756E7369 		.ascii	"unsigned char\000"
 1739      676E6564 
 1739      20636861 
 1739      7200
 1740              	.LASF73:
 1741 0292 5350494D 		.ascii	"SPIM_Start\000"
 1741      5F537461 
 1741      727400
 1742              	.LASF17:
 1743 029d 43617053 		.ascii	"CapSense_THRESHOLD_TYPE\000"
 1743      656E7365 
 1743      5F544852 
 1743      4553484F 
 1743      4C445F54 
 1744              	.LASF0:
 1745 02b5 7369676E 		.ascii	"signed char\000"
 1745      65642063 
 1745      68617200 
 1746              	.LASF43:
 1747 02c1 43617053 		.ascii	"CapSense_RAM_SNS_LIST_STRUCT\000"
 1747      656E7365 
 1747      5F52414D 
 1747      5F534E53 
 1747      5F4C4953 
 1748              	.LASF7:
 1749 02de 6C6F6E67 		.ascii	"long long unsigned int\000"
 1749      206C6F6E 
 1749      6720756E 
 1749      7369676E 
 1749      65642069 
 1750              	.LASF67:
 1751 02f5 63757250 		.ascii	"curPos\000"
 1751      6F7300
 1752              	.LASF76:
 1753 02fc 43617053 		.ascii	"CapSense_Start\000"
 1753      656E7365 
 1753      5F537461 
 1753      727400
 1754              	.LASF8:
 1755 030b 756E7369 		.ascii	"unsigned int\000"
 1755      676E6564 
 1755      20696E74 
 1755      00
 1756              	.LASF15:
 1757 0318 63797374 		.ascii	"cystatus\000"
 1757      61747573 
 1757      00
 1758              	.LASF75:
 1759 0321 455A4932 		.ascii	"EZI2C_EzI2CSetBuffer1\000"
 1759      435F457A 
 1759      49324353 
 1759      65744275 
ARM GAS  C:\Users\RD\AppData\Local\Temp\ccz1AhgB.s 			page 38


 1759      66666572 
 1760              	.LASF49:
 1761 0337 77646774 		.ascii	"wdgtEnable\000"
 1761      456E6162 
 1761      6C6500
 1762              	.LASF77:
 1763 0342 43617053 		.ascii	"CapSense_ScanAllWidgets\000"
 1763      656E7365 
 1763      5F536361 
 1763      6E416C6C 
 1763      57696467 
 1764              	.LASF42:
 1765 035a 43617053 		.ascii	"CapSense_RAM_SNS_STRUCT\000"
 1765      656E7365 
 1765      5F52414D 
 1765      5F534E53 
 1765      5F535452 
 1766              	.LASF18:
 1767 0372 43617053 		.ascii	"CapSense_LOW_BSLN_RST_TYPE\000"
 1767      656E7365 
 1767      5F4C4F57 
 1767      5F42534C 
 1767      4E5F5253 
 1768              	.LASF48:
 1769 038d 73746174 		.ascii	"status\000"
 1769      757300
 1770              	.LASF84:
 1771 0394 43617053 		.ascii	"CapSense_GetCentroidPos\000"
 1771      656E7365 
 1771      5F476574 
 1771      43656E74 
 1771      726F6964 
 1772              	.LASF58:
 1773 03ac 736E7254 		.ascii	"snrTestScanCounter\000"
 1773      65737453 
 1773      63616E43 
 1773      6F756E74 
 1773      657200
 1774              	.LASF64:
 1775 03bf 6D61696E 		.ascii	"main\000"
 1775      00
 1776              	.LASF19:
 1777 03c4 7265736F 		.ascii	"resolution\000"
 1777      6C757469 
 1777      6F6E00
 1778              	.LASF3:
 1779 03cf 73686F72 		.ascii	"short unsigned int\000"
 1779      7420756E 
 1779      7369676E 
 1779      65642069 
 1779      6E7400
 1780              	.LASF68:
 1781 03e2 6F6C6450 		.ascii	"oldPos\000"
 1781      6F7300
 1782              	.LASF65:
 1783 03e9 6D54785F 		.ascii	"mTx_Base_Buffer\000"
 1783      42617365 
ARM GAS  C:\Users\RD\AppData\Local\Temp\ccz1AhgB.s 			page 39


 1783      5F427566 
 1783      66657200 
 1784              	.LASF55:
 1785 03f9 736E734C 		.ascii	"snsList\000"
 1785      69737400 
 1786              	.LASF26:
 1787 0401 62736C6E 		.ascii	"bslnCoeff\000"
 1787      436F6566 
 1787      6600
 1788              	.LASF53:
 1789 040b 6D6F6443 		.ascii	"modCsdClk\000"
 1789      7364436C 
 1789      6B00
 1790              	.LASF47:
 1791 0415 7363616E 		.ascii	"scanCounter\000"
 1791      436F756E 
 1791      74657200 
 1792              	.LASF22:
 1793 0421 6E4E6F69 		.ascii	"nNoiseTh\000"
 1793      73655468 
 1793      00
 1794              	.LASF60:
 1795 042a 43617053 		.ascii	"CapSense_RAM_STRUCT\000"
 1795      656E7365 
 1795      5F52414D 
 1795      5F535452 
 1795      55435400 
 1796              	.LASF31:
 1797 043e 73696750 		.ascii	"sigPFC\000"
 1797      464300
 1798              	.LASF11:
 1799 0445 75696E74 		.ascii	"uint32\000"
 1799      333200
 1800              	.LASF82:
 1801 044c 6D61696E 		.ascii	"main.c\000"
 1801      2E6300
 1802              	.LASF63:
 1803 0453 43617053 		.ascii	"CapSense_DisplayState\000"
 1803      656E7365 
 1803      5F446973 
 1803      706C6179 
 1803      53746174 
 1804              	.LASF5:
 1805 0469 6C6F6E67 		.ascii	"long unsigned int\000"
 1805      20756E73 
 1805      69676E65 
 1805      6420696E 
 1805      7400
 1806              	.LASF13:
 1807 047b 646F7562 		.ascii	"double\000"
 1807      6C6500
 1808              	.LASF37:
 1809 0482 62736C6E 		.ascii	"bslnExt\000"
 1809      45787400 
 1810              	.LASF39:
 1811 048a 6E656742 		.ascii	"negBslnRstCnt\000"
 1811      736C6E52 
ARM GAS  C:\Users\RD\AppData\Local\Temp\ccz1AhgB.s 			page 40


 1811      7374436E 
 1811      7400
 1812              	.LASF78:
 1813 0498 43617053 		.ascii	"CapSense_IsBusy\000"
 1813      656E7365 
 1813      5F497342 
 1813      75737900 
 1814              	.LASF30:
 1815 04a8 66696E67 		.ascii	"fingerCap\000"
 1815      65724361 
 1815      7000
 1816              	.LASF34:
 1817 04b2 6C696E65 		.ascii	"linearslider0\000"
 1817      6172736C 
 1817      69646572 
 1817      3000
 1818              	.LASF32:
 1819 04c0 706F7369 		.ascii	"position\000"
 1819      74696F6E 
 1819      00
 1820              	.LASF56:
 1821 04c9 736E7254 		.ascii	"snrTestWidgetId\000"
 1821      65737457 
 1821      69646765 
 1821      74496400 
 1822              	.LASF79:
 1823 04d9 43617053 		.ascii	"CapSense_ProcessAllWidgets\000"
 1823      656E7365 
 1823      5F50726F 
 1823      63657373 
 1823      416C6C57 
 1824              	.LASF51:
 1825 04f4 736E7353 		.ascii	"snsStatus\000"
 1825      74617475 
 1825      7300
 1826              	.LASF33:
 1827 04fe 43617053 		.ascii	"CapSense_RAM_WD_SLIDER_STRUCT\000"
 1827      656E7365 
 1827      5F52414D 
 1827      5F57445F 
 1827      534C4944 
 1828              	.LASF70:
 1829 051c 4C617463 		.ascii	"Latch_Write\000"
 1829      685F5772 
 1829      69746500 
 1830              		.ident	"GCC: (GNU Tools for ARM Embedded Processors) 4.9.3 20150303 (release) [ARM/embedded-4_9-br
