--------------- Rebuild Started: 12/19/2016 17:27:50 Project: Slider, Configuration: ARM GCC 4.9-2015-q1-update Debug ---------------
Deleting file ".\CortexM0p\ARM_GCC_493\Debug\main.o"
Deleting file ".\CortexM0p\ARM_GCC_493\Debug\cyfitter_cfg.o"
Deleting file ".\CortexM0p\ARM_GCC_493\Debug\cymetadata.o"
Deleting file ".\CortexM0p\ARM_GCC_493\Debug\EZI2C.o"
Deleting file ".\CortexM0p\ARM_GCC_493\Debug\EZI2C_PM.o"
Deleting file ".\CortexM0p\ARM_GCC_493\Debug\EZI2C_BOOT.o"
Deleting file ".\CortexM0p\ARM_GCC_493\Debug\EZI2C_EZI2C.o"
Deleting file ".\CortexM0p\ARM_GCC_493\Debug\EZI2C_EZI2C_INT.o"
Deleting file ".\CortexM0p\ARM_GCC_493\Debug\EZI2C_EZI2C_BOOT.o"
Deleting file ".\CortexM0p\ARM_GCC_493\Debug\CapSense_Control.o"
Deleting file ".\CortexM0p\ARM_GCC_493\Debug\CapSense_Processing.o"
Deleting file ".\CortexM0p\ARM_GCC_493\Debug\CapSense_Structure.o"
Deleting file ".\CortexM0p\ARM_GCC_493\Debug\CapSense_Tuner.o"
Deleting file ".\CortexM0p\ARM_GCC_493\Debug\CapSense_Filter.o"
Deleting file ".\CortexM0p\ARM_GCC_493\Debug\CapSense_Sensing.o"
Deleting file ".\CortexM0p\ARM_GCC_493\Debug\CapSense_INT.o"
Deleting file ".\CortexM0p\ARM_GCC_493\Debug\CapSense_SensingCSD_LL.o"
Deleting file ".\CortexM0p\ARM_GCC_493\Debug\CapSense_Centroid_LL.o"
Deleting file ".\CortexM0p\ARM_GCC_493\Debug\EZI2C_SCBCLK.o"
Deleting file ".\CortexM0p\ARM_GCC_493\Debug\EZI2C_sda.o"
Deleting file ".\CortexM0p\ARM_GCC_493\Debug\EZI2C_sda_PM.o"
Deleting file ".\CortexM0p\ARM_GCC_493\Debug\EZI2C_scl.o"
Deleting file ".\CortexM0p\ARM_GCC_493\Debug\EZI2C_scl_PM.o"
Deleting file ".\CortexM0p\ARM_GCC_493\Debug\EZI2C_SCB_IRQ.o"
Deleting file ".\CortexM0p\ARM_GCC_493\Debug\CapSense_ISR.o"
Deleting file ".\CortexM0p\ARM_GCC_493\Debug\Cm0plusStart.o"
Deleting file ".\CortexM0p\ARM_GCC_493\Debug\CyBootAsmGnu.o"
Deleting file ".\CortexM0p\ARM_GCC_493\Debug\CyFlash.o"
Deleting file ".\CortexM0p\ARM_GCC_493\Debug\CyLib.o"
Deleting file ".\CortexM0p\ARM_GCC_493\Debug\cyPm.o"
Deleting file ".\CortexM0p\ARM_GCC_493\Debug\cyutils.o"
Deleting file ".\CortexM0p\ARM_GCC_493\Debug\CyLFClk.o"
Deleting file ".\CortexM0p\ARM_GCC_493\Debug\Blank.o"
Deleting file ".\CortexM0p\ARM_GCC_493\Debug\Blank_PM.o"
Deleting file ".\CortexM0p\ARM_GCC_493\Debug\SPIM.o"
Deleting file ".\CortexM0p\ARM_GCC_493\Debug\SPIM_SPI_UART.o"
Deleting file ".\CortexM0p\ARM_GCC_493\Debug\SPIM_PM.o"
Deleting file ".\CortexM0p\ARM_GCC_493\Debug\SPIM_SPI.o"
Deleting file ".\CortexM0p\ARM_GCC_493\Debug\SPIM_BOOT.o"
Deleting file ".\CortexM0p\ARM_GCC_493\Debug\SPIM_SPI_BOOT.o"
Deleting file ".\CortexM0p\ARM_GCC_493\Debug\SPIM_SPI_UART_INT.o"
Deleting file ".\CortexM0p\ARM_GCC_493\Debug\SPIM_SCBCLK.o"
Deleting file ".\CortexM0p\ARM_GCC_493\Debug\SPIM_sclk_m.o"
Deleting file ".\CortexM0p\ARM_GCC_493\Debug\SPIM_sclk_m_PM.o"
Deleting file ".\CortexM0p\ARM_GCC_493\Debug\SPIM_mosi_m.o"
Deleting file ".\CortexM0p\ARM_GCC_493\Debug\SPIM_mosi_m_PM.o"
Deleting file ".\CortexM0p\ARM_GCC_493\Debug\Latch.o"
Deleting file ".\CortexM0p\ARM_GCC_493\Debug\Latch_PM.o"
Deleting file ".\CortexM0p\ARM_GCC_493\Debug\SPIM_SCB_IRQ.o"
Deleting file ".\CortexM0p\ARM_GCC_493\Debug\Slider.hex"
Deleting file ".\CortexM0p\ARM_GCC_493\Debug\Slider.elf"
Deleting file ".\CortexM0p\ARM_GCC_493\Debug\Slider.map"
Deleting file ".\Slider.cycdx"
Deleting file ".\Slider.rpt"
Deleting file ".\CortexM0p\ARM_GCC_493\Debug\.deps\SOURCE_C__ARM_GCC_GENERIC.P"
Deleting file ".\CortexM0p\ARM_GCC_493\Debug\.deps\SOURCE_ASM__ARM_GCC_GENERIC.P"
cydsfit.exe -.appdatapath "C:\Users\RD\AppData\Local\Cypress Semiconductor\PSoC Creator\4.0" -.fdsnotice -.fdswarpdepfile=warp_dependencies.txt -.fdselabdepfile=elab_dependencies.txt -.fdsbldfile=generated_files.txt -.fdsreffile=referenced_files.txt -p "C:\Users\RD\Documents\Data_RD\FAE Content\D2\Bose\Capsene Board 12 2016\Slider\Slider.cydsn\Slider.cyprj" -d CY8C4045LQI-S411 -s "C:\Users\RD\Documents\Data_RD\FAE Content\D2\Bose\Capsene Board 12 2016\Slider\Slider.cydsn\Generated_Source\PSoC4" -- -yv2 -q10 -ygs -o2 -v3 -.fftcfgtype=LE
Elaborating Design...
HDL Generation...
Synthesis...
Tech Mapping...
ADD: pft.M0040: information: The following 2 pin(s) will be assigned a location by the fitter: \SPIM:mosi_m(0)\, \SPIM:sclk_m(0)\
Analog Placement...
Analog Routing...
Analog Code Generation...
Digital Placement...
Digital Routing...
Info: pft.M0077: There is no timing information available for the selected device. Static timing checks will not be applied and digital routing will not be timing-driven. (App=cydsfit)
Bitstream Generation...
Bitstream Verification...
Static timing analysis...
API Generation...
Dependency Generation...
Cleanup...
arm-none-eabi-gcc.exe -mcpu=cortex-m0plus -mthumb -I. -IGenerated_Source\PSoC4 -Wa,-alh=.\CortexM0p\ARM_GCC_493\Debug/main.lst -g -D DEBUG -Wall -ffunction-sections -Og -ffat-lto-objects -c main.c -o .\CortexM0p\ARM_GCC_493\Debug\main.o
arm-none-eabi-gcc.exe -mcpu=cortex-m0plus -mthumb -I. -IGenerated_Source\PSoC4 -Wa,-alh=.\CortexM0p\ARM_GCC_493\Debug/cyfitter_cfg.lst -g -D DEBUG -Wall -ffunction-sections -Og -ffat-lto-objects -c Generated_Source\PSoC4\cyfitter_cfg.c -o .\CortexM0p\ARM_GCC_493\Debug\cyfitter_cfg.o
arm-none-eabi-gcc.exe -mcpu=cortex-m0plus -mthumb -I. -IGenerated_Source\PSoC4 -Wa,-alh=.\CortexM0p\ARM_GCC_493\Debug/cymetadata.lst -g -D DEBUG -Wall -ffunction-sections -Og -ffat-lto-objects -c Generated_Source\PSoC4\cymetadata.c -o .\CortexM0p\ARM_GCC_493\Debug\cymetadata.o
arm-none-eabi-gcc.exe -mcpu=cortex-m0plus -mthumb -I. -IGenerated_Source\PSoC4 -Wa,-alh=.\CortexM0p\ARM_GCC_493\Debug/EZI2C.lst -g -D DEBUG -Wall -ffunction-sections -Og -ffat-lto-objects -c Generated_Source\PSoC4\EZI2C.c -o .\CortexM0p\ARM_GCC_493\Debug\EZI2C.o
arm-none-eabi-gcc.exe -mcpu=cortex-m0plus -mthumb -I. -IGenerated_Source\PSoC4 -Wa,-alh=.\CortexM0p\ARM_GCC_493\Debug/EZI2C_PM.lst -g -D DEBUG -Wall -ffunction-sections -Og -ffat-lto-objects -c Generated_Source\PSoC4\EZI2C_PM.c -o .\CortexM0p\ARM_GCC_493\Debug\EZI2C_PM.o
arm-none-eabi-gcc.exe -mcpu=cortex-m0plus -mthumb -I. -IGenerated_Source\PSoC4 -Wa,-alh=.\CortexM0p\ARM_GCC_493\Debug/EZI2C_BOOT.lst -g -D DEBUG -Wall -ffunction-sections -Og -ffat-lto-objects -c Generated_Source\PSoC4\EZI2C_BOOT.c -o .\CortexM0p\ARM_GCC_493\Debug\EZI2C_BOOT.o
arm-none-eabi-gcc.exe -mcpu=cortex-m0plus -mthumb -I. -IGenerated_Source\PSoC4 -Wa,-alh=.\CortexM0p\ARM_GCC_493\Debug/EZI2C_EZI2C.lst -g -D DEBUG -Wall -ffunction-sections -Og -ffat-lto-objects -c Generated_Source\PSoC4\EZI2C_EZI2C.c -o .\CortexM0p\ARM_GCC_493\Debug\EZI2C_EZI2C.o
arm-none-eabi-gcc.exe -mcpu=cortex-m0plus -mthumb -I. -IGenerated_Source\PSoC4 -Wa,-alh=.\CortexM0p\ARM_GCC_493\Debug/EZI2C_EZI2C_INT.lst -g -D DEBUG -Wall -ffunction-sections -Og -ffat-lto-objects -c Generated_Source\PSoC4\EZI2C_EZI2C_INT.c -o .\CortexM0p\ARM_GCC_493\Debug\EZI2C_EZI2C_INT.o
arm-none-eabi-gcc.exe -mcpu=cortex-m0plus -mthumb -I. -IGenerated_Source\PSoC4 -Wa,-alh=.\CortexM0p\ARM_GCC_493\Debug/EZI2C_EZI2C_BOOT.lst -g -D DEBUG -Wall -ffunction-sections -Og -ffat-lto-objects -c Generated_Source\PSoC4\EZI2C_EZI2C_BOOT.c -o .\CortexM0p\ARM_GCC_493\Debug\EZI2C_EZI2C_BOOT.o
arm-none-eabi-gcc.exe -mcpu=cortex-m0plus -mthumb -I. -IGenerated_Source\PSoC4 -Wa,-alh=.\CortexM0p\ARM_GCC_493\Debug/CapSense_Control.lst -g -D DEBUG -Wall -ffunction-sections -Og -ffat-lto-objects -c Generated_Source\PSoC4\CapSense_Control.c -o .\CortexM0p\ARM_GCC_493\Debug\CapSense_Control.o
arm-none-eabi-gcc.exe -mcpu=cortex-m0plus -mthumb -I. -IGenerated_Source\PSoC4 -Wa,-alh=.\CortexM0p\ARM_GCC_493\Debug/CapSense_Processing.lst -g -D DEBUG -Wall -ffunction-sections -Og -ffat-lto-objects -c Generated_Source\PSoC4\CapSense_Processing.c -o .\CortexM0p\ARM_GCC_493\Debug\CapSense_Processing.o
arm-none-eabi-gcc.exe -mcpu=cortex-m0plus -mthumb -I. -IGenerated_Source\PSoC4 -Wa,-alh=.\CortexM0p\ARM_GCC_493\Debug/CapSense_Structure.lst -g -D DEBUG -Wall -ffunction-sections -Og -ffat-lto-objects -c Generated_Source\PSoC4\CapSense_Structure.c -o .\CortexM0p\ARM_GCC_493\Debug\CapSense_Structure.o
arm-none-eabi-gcc.exe -mcpu=cortex-m0plus -mthumb -I. -IGenerated_Source\PSoC4 -Wa,-alh=.\CortexM0p\ARM_GCC_493\Debug/CapSense_Tuner.lst -g -D DEBUG -Wall -ffunction-sections -Og -ffat-lto-objects -c Generated_Source\PSoC4\CapSense_Tuner.c -o .\CortexM0p\ARM_GCC_493\Debug\CapSense_Tuner.o
arm-none-eabi-gcc.exe -mcpu=cortex-m0plus -mthumb -I. -IGenerated_Source\PSoC4 -Wa,-alh=.\CortexM0p\ARM_GCC_493\Debug/CapSense_Filter.lst -g -D DEBUG -Wall -ffunction-sections -Og -ffat-lto-objects -c Generated_Source\PSoC4\CapSense_Filter.c -o .\CortexM0p\ARM_GCC_493\Debug\CapSense_Filter.o
arm-none-eabi-gcc.exe -mcpu=cortex-m0plus -mthumb -I. -IGenerated_Source\PSoC4 -Wa,-alh=.\CortexM0p\ARM_GCC_493\Debug/CapSense_Sensing.lst -g -D DEBUG -Wall -ffunction-sections -Og -ffat-lto-objects -c Generated_Source\PSoC4\CapSense_Sensing.c -o .\CortexM0p\ARM_GCC_493\Debug\CapSense_Sensing.o
arm-none-eabi-gcc.exe -mcpu=cortex-m0plus -mthumb -I. -IGenerated_Source\PSoC4 -Wa,-alh=.\CortexM0p\ARM_GCC_493\Debug/CapSense_INT.lst -g -D DEBUG -Wall -ffunction-sections -Og -ffat-lto-objects -c Generated_Source\PSoC4\CapSense_INT.c -o .\CortexM0p\ARM_GCC_493\Debug\CapSense_INT.o
arm-none-eabi-gcc.exe -mcpu=cortex-m0plus -mthumb -I. -IGenerated_Source\PSoC4 -Wa,-alh=.\CortexM0p\ARM_GCC_493\Debug/CapSense_SensingCSD_LL.lst -g -D DEBUG -Wall -ffunction-sections -Og -ffat-lto-objects -c Generated_Source\PSoC4\CapSense_SensingCSD_LL.c -o .\CortexM0p\ARM_GCC_493\Debug\CapSense_SensingCSD_LL.o
arm-none-eabi-gcc.exe -mcpu=cortex-m0plus -mthumb -I. -IGenerated_Source\PSoC4 -Wa,-alh=.\CortexM0p\ARM_GCC_493\Debug/CapSense_Centroid_LL.lst -g -D DEBUG -Wall -ffunction-sections -Og -ffat-lto-objects -c Generated_Source\PSoC4\CapSense_Centroid_LL.c -o .\CortexM0p\ARM_GCC_493\Debug\CapSense_Centroid_LL.o
arm-none-eabi-gcc.exe -mcpu=cortex-m0plus -mthumb -I. -IGenerated_Source\PSoC4 -Wa,-alh=.\CortexM0p\ARM_GCC_493\Debug/EZI2C_SCBCLK.lst -g -D DEBUG -Wall -ffunction-sections -Og -ffat-lto-objects -c Generated_Source\PSoC4\EZI2C_SCBCLK.c -o .\CortexM0p\ARM_GCC_493\Debug\EZI2C_SCBCLK.o
arm-none-eabi-gcc.exe -mcpu=cortex-m0plus -mthumb -I. -IGenerated_Source\PSoC4 -Wa,-alh=.\CortexM0p\ARM_GCC_493\Debug/EZI2C_sda.lst -g -D DEBUG -Wall -ffunction-sections -Og -ffat-lto-objects -c Generated_Source\PSoC4\EZI2C_sda.c -o .\CortexM0p\ARM_GCC_493\Debug\EZI2C_sda.o
arm-none-eabi-gcc.exe -mcpu=cortex-m0plus -mthumb -I. -IGenerated_Source\PSoC4 -Wa,-alh=.\CortexM0p\ARM_GCC_493\Debug/EZI2C_sda_PM.lst -g -D DEBUG -Wall -ffunction-sections -Og -ffat-lto-objects -c Generated_Source\PSoC4\EZI2C_sda_PM.c -o .\CortexM0p\ARM_GCC_493\Debug\EZI2C_sda_PM.o
arm-none-eabi-gcc.exe -mcpu=cortex-m0plus -mthumb -I. -IGenerated_Source\PSoC4 -Wa,-alh=.\CortexM0p\ARM_GCC_493\Debug/EZI2C_scl.lst -g -D DEBUG -Wall -ffunction-sections -Og -ffat-lto-objects -c Generated_Source\PSoC4\EZI2C_scl.c -o .\CortexM0p\ARM_GCC_493\Debug\EZI2C_scl.o
arm-none-eabi-gcc.exe -mcpu=cortex-m0plus -mthumb -I. -IGenerated_Source\PSoC4 -Wa,-alh=.\CortexM0p\ARM_GCC_493\Debug/EZI2C_scl_PM.lst -g -D DEBUG -Wall -ffunction-sections -Og -ffat-lto-objects -c Generated_Source\PSoC4\EZI2C_scl_PM.c -o .\CortexM0p\ARM_GCC_493\Debug\EZI2C_scl_PM.o
arm-none-eabi-gcc.exe -mcpu=cortex-m0plus -mthumb -I. -IGenerated_Source\PSoC4 -Wa,-alh=.\CortexM0p\ARM_GCC_493\Debug/EZI2C_SCB_IRQ.lst -g -D DEBUG -Wall -ffunction-sections -Og -ffat-lto-objects -c Generated_Source\PSoC4\EZI2C_SCB_IRQ.c -o .\CortexM0p\ARM_GCC_493\Debug\EZI2C_SCB_IRQ.o
arm-none-eabi-gcc.exe -mcpu=cortex-m0plus -mthumb -I. -IGenerated_Source\PSoC4 -Wa,-alh=.\CortexM0p\ARM_GCC_493\Debug/CapSense_ISR.lst -g -D DEBUG -Wall -ffunction-sections -Og -ffat-lto-objects -c Generated_Source\PSoC4\CapSense_ISR.c -o .\CortexM0p\ARM_GCC_493\Debug\CapSense_ISR.o
arm-none-eabi-gcc.exe -mcpu=cortex-m0plus -mthumb -I. -IGenerated_Source\PSoC4 -Wa,-alh=.\CortexM0p\ARM_GCC_493\Debug/Cm0plusStart.lst -g -D DEBUG -Wall -ffunction-sections -Og -ffat-lto-objects -c Generated_Source\PSoC4\Cm0plusStart.c -o .\CortexM0p\ARM_GCC_493\Debug\Cm0plusStart.o
arm-none-eabi-gcc.exe -mcpu=cortex-m0plus -mthumb -I. -IGenerated_Source\PSoC4 -Wa,-alh=.\CortexM0p\ARM_GCC_493\Debug/CyFlash.lst -g -D DEBUG -Wall -ffunction-sections -Og -ffat-lto-objects -c Generated_Source\PSoC4\CyFlash.c -o .\CortexM0p\ARM_GCC_493\Debug\CyFlash.o
arm-none-eabi-gcc.exe -mcpu=cortex-m0plus -mthumb -I. -IGenerated_Source\PSoC4 -Wa,-alh=.\CortexM0p\ARM_GCC_493\Debug/CyLib.lst -g -D DEBUG -Wall -ffunction-sections -Og -ffat-lto-objects -c Generated_Source\PSoC4\CyLib.c -o .\CortexM0p\ARM_GCC_493\Debug\CyLib.o
arm-none-eabi-gcc.exe -mcpu=cortex-m0plus -mthumb -I. -IGenerated_Source\PSoC4 -Wa,-alh=.\CortexM0p\ARM_GCC_493\Debug/cyPm.lst -g -D DEBUG -Wall -ffunction-sections -Og -ffat-lto-objects -c Generated_Source\PSoC4\cyPm.c -o .\CortexM0p\ARM_GCC_493\Debug\cyPm.o
arm-none-eabi-gcc.exe -mcpu=cortex-m0plus -mthumb -I. -IGenerated_Source\PSoC4 -Wa,-alh=.\CortexM0p\ARM_GCC_493\Debug/cyutils.lst -g -D DEBUG -Wall -ffunction-sections -Og -ffat-lto-objects -c Generated_Source\PSoC4\cyutils.c -o .\CortexM0p\ARM_GCC_493\Debug\cyutils.o
arm-none-eabi-gcc.exe -mcpu=cortex-m0plus -mthumb -I. -IGenerated_Source\PSoC4 -Wa,-alh=.\CortexM0p\ARM_GCC_493\Debug/CyLFClk.lst -g -D DEBUG -Wall -ffunction-sections -Og -ffat-lto-objects -c Generated_Source\PSoC4\CyLFClk.c -o .\CortexM0p\ARM_GCC_493\Debug\CyLFClk.o
arm-none-eabi-gcc.exe -mcpu=cortex-m0plus -mthumb -I. -IGenerated_Source\PSoC4 -Wa,-alh=.\CortexM0p\ARM_GCC_493\Debug/Blank.lst -g -D DEBUG -Wall -ffunction-sections -Og -ffat-lto-objects -c Generated_Source\PSoC4\Blank.c -o .\CortexM0p\ARM_GCC_493\Debug\Blank.o
arm-none-eabi-gcc.exe -mcpu=cortex-m0plus -mthumb -I. -IGenerated_Source\PSoC4 -Wa,-alh=.\CortexM0p\ARM_GCC_493\Debug/Blank_PM.lst -g -D DEBUG -Wall -ffunction-sections -Og -ffat-lto-objects -c Generated_Source\PSoC4\Blank_PM.c -o .\CortexM0p\ARM_GCC_493\Debug\Blank_PM.o
arm-none-eabi-gcc.exe -mcpu=cortex-m0plus -mthumb -I. -IGenerated_Source\PSoC4 -Wa,-alh=.\CortexM0p\ARM_GCC_493\Debug/SPIM.lst -g -D DEBUG -Wall -ffunction-sections -Og -ffat-lto-objects -c Generated_Source\PSoC4\SPIM.c -o .\CortexM0p\ARM_GCC_493\Debug\SPIM.o
arm-none-eabi-gcc.exe -mcpu=cortex-m0plus -mthumb -I. -IGenerated_Source\PSoC4 -Wa,-alh=.\CortexM0p\ARM_GCC_493\Debug/SPIM_SPI_UART.lst -g -D DEBUG -Wall -ffunction-sections -Og -ffat-lto-objects -c Generated_Source\PSoC4\SPIM_SPI_UART.c -o .\CortexM0p\ARM_GCC_493\Debug\SPIM_SPI_UART.o
arm-none-eabi-gcc.exe -mcpu=cortex-m0plus -mthumb -I. -IGenerated_Source\PSoC4 -Wa,-alh=.\CortexM0p\ARM_GCC_493\Debug/SPIM_PM.lst -g -D DEBUG -Wall -ffunction-sections -Og -ffat-lto-objects -c Generated_Source\PSoC4\SPIM_PM.c -o .\CortexM0p\ARM_GCC_493\Debug\SPIM_PM.o
arm-none-eabi-gcc.exe -mcpu=cortex-m0plus -mthumb -I. -IGenerated_Source\PSoC4 -Wa,-alh=.\CortexM0p\ARM_GCC_493\Debug/SPIM_SPI.lst -g -D DEBUG -Wall -ffunction-sections -Og -ffat-lto-objects -c Generated_Source\PSoC4\SPIM_SPI.c -o .\CortexM0p\ARM_GCC_493\Debug\SPIM_SPI.o
arm-none-eabi-gcc.exe -mcpu=cortex-m0plus -mthumb -I. -IGenerated_Source\PSoC4 -Wa,-alh=.\CortexM0p\ARM_GCC_493\Debug/SPIM_BOOT.lst -g -D DEBUG -Wall -ffunction-sections -Og -ffat-lto-objects -c Generated_Source\PSoC4\SPIM_BOOT.c -o .\CortexM0p\ARM_GCC_493\Debug\SPIM_BOOT.o
arm-none-eabi-gcc.exe -mcpu=cortex-m0plus -mthumb -I. -IGenerated_Source\PSoC4 -Wa,-alh=.\CortexM0p\ARM_GCC_493\Debug/SPIM_SPI_BOOT.lst -g -D DEBUG -Wall -ffunction-sections -Og -ffat-lto-objects -c Generated_Source\PSoC4\SPIM_SPI_BOOT.c -o .\CortexM0p\ARM_GCC_493\Debug\SPIM_SPI_BOOT.o
arm-none-eabi-gcc.exe -mcpu=cortex-m0plus -mthumb -I. -IGenerated_Source\PSoC4 -Wa,-alh=.\CortexM0p\ARM_GCC_493\Debug/SPIM_SPI_UART_INT.lst -g -D DEBUG -Wall -ffunction-sections -Og -ffat-lto-objects -c Generated_Source\PSoC4\SPIM_SPI_UART_INT.c -o .\CortexM0p\ARM_GCC_493\Debug\SPIM_SPI_UART_INT.o
arm-none-eabi-gcc.exe -mcpu=cortex-m0plus -mthumb -I. -IGenerated_Source\PSoC4 -Wa,-alh=.\CortexM0p\ARM_GCC_493\Debug/SPIM_SCBCLK.lst -g -D DEBUG -Wall -ffunction-sections -Og -ffat-lto-objects -c Generated_Source\PSoC4\SPIM_SCBCLK.c -o .\CortexM0p\ARM_GCC_493\Debug\SPIM_SCBCLK.o
arm-none-eabi-gcc.exe -mcpu=cortex-m0plus -mthumb -I. -IGenerated_Source\PSoC4 -Wa,-alh=.\CortexM0p\ARM_GCC_493\Debug/SPIM_sclk_m.lst -g -D DEBUG -Wall -ffunction-sections -Og -ffat-lto-objects -c Generated_Source\PSoC4\SPIM_sclk_m.c -o .\CortexM0p\ARM_GCC_493\Debug\SPIM_sclk_m.o
arm-none-eabi-gcc.exe -mcpu=cortex-m0plus -mthumb -I. -IGenerated_Source\PSoC4 -Wa,-alh=.\CortexM0p\ARM_GCC_493\Debug/SPIM_sclk_m_PM.lst -g -D DEBUG -Wall -ffunction-sections -Og -ffat-lto-objects -c Generated_Source\PSoC4\SPIM_sclk_m_PM.c -o .\CortexM0p\ARM_GCC_493\Debug\SPIM_sclk_m_PM.o
arm-none-eabi-gcc.exe -mcpu=cortex-m0plus -mthumb -I. -IGenerated_Source\PSoC4 -Wa,-alh=.\CortexM0p\ARM_GCC_493\Debug/SPIM_mosi_m.lst -g -D DEBUG -Wall -ffunction-sections -Og -ffat-lto-objects -c Generated_Source\PSoC4\SPIM_mosi_m.c -o .\CortexM0p\ARM_GCC_493\Debug\SPIM_mosi_m.o
arm-none-eabi-gcc.exe -mcpu=cortex-m0plus -mthumb -I. -IGenerated_Source\PSoC4 -Wa,-alh=.\CortexM0p\ARM_GCC_493\Debug/SPIM_mosi_m_PM.lst -g -D DEBUG -Wall -ffunction-sections -Og -ffat-lto-objects -c Generated_Source\PSoC4\SPIM_mosi_m_PM.c -o .\CortexM0p\ARM_GCC_493\Debug\SPIM_mosi_m_PM.o
arm-none-eabi-gcc.exe -mcpu=cortex-m0plus -mthumb -I. -IGenerated_Source\PSoC4 -Wa,-alh=.\CortexM0p\ARM_GCC_493\Debug/Latch.lst -g -D DEBUG -Wall -ffunction-sections -Og -ffat-lto-objects -c Generated_Source\PSoC4\Latch.c -o .\CortexM0p\ARM_GCC_493\Debug\Latch.o
arm-none-eabi-gcc.exe -mcpu=cortex-m0plus -mthumb -I. -IGenerated_Source\PSoC4 -Wa,-alh=.\CortexM0p\ARM_GCC_493\Debug/Latch_PM.lst -g -D DEBUG -Wall -ffunction-sections -Og -ffat-lto-objects -c Generated_Source\PSoC4\Latch_PM.c -o .\CortexM0p\ARM_GCC_493\Debug\Latch_PM.o
arm-none-eabi-gcc.exe -mcpu=cortex-m0plus -mthumb -I. -IGenerated_Source\PSoC4 -Wa,-alh=.\CortexM0p\ARM_GCC_493\Debug/SPIM_SCB_IRQ.lst -g -D DEBUG -Wall -ffunction-sections -Og -ffat-lto-objects -c Generated_Source\PSoC4\SPIM_SCB_IRQ.c -o .\CortexM0p\ARM_GCC_493\Debug\SPIM_SCB_IRQ.o
arm-none-eabi-as.exe -mcpu=cortex-m0plus -mthumb -I. -IGenerated_Source\PSoC4 -alh=.\CortexM0p\ARM_GCC_493\Debug/CyBootAsmGnu.lst -g -W -o .\CortexM0p\ARM_GCC_493\Debug\CyBootAsmGnu.o Generated_Source\PSoC4\CyBootAsmGnu.s
arm-none-eabi-ar.exe -rs .\CortexM0p\ARM_GCC_493\Debug\Slider.a .\CortexM0p\ARM_GCC_493\Debug\cyfitter_cfg.o .\CortexM0p\ARM_GCC_493\Debug\EZI2C.o .\CortexM0p\ARM_GCC_493\Debug\EZI2C_PM.o .\CortexM0p\ARM_GCC_493\Debug\EZI2C_BOOT.o .\CortexM0p\ARM_GCC_493\Debug\EZI2C_EZI2C.o .\CortexM0p\ARM_GCC_493\Debug\EZI2C_EZI2C_INT.o .\CortexM0p\ARM_GCC_493\Debug\EZI2C_EZI2C_BOOT.o .\CortexM0p\ARM_GCC_493\Debug\CapSense_Control.o .\CortexM0p\ARM_GCC_493\Debug\CapSense_Processing.o .\CortexM0p\ARM_GCC_493\Debug\CapSense_Structure.o .\CortexM0p\ARM_GCC_493\Debug\CapSense_Tuner.o .\CortexM0p\ARM_GCC_493\Debug\CapSense_Filter.o .\CortexM0p\ARM_GCC_493\Debug\CapSense_Sensing.o .\CortexM0p\ARM_GCC_493\Debug\CapSense_INT.o .\CortexM0p\ARM_GCC_493\Debug\CapSense_SensingCSD_LL.o .\CortexM0p\ARM_GCC_493\Debug\CapSense_Centroid_LL.o .\CortexM0p\ARM_GCC_493\Debug\EZI2C_SCBCLK.o .\CortexM0p\ARM_GCC_493\Debug\EZI2C_sda.o .\CortexM0p\ARM_GCC_493\Debug\EZI2C_sda_PM.o .\CortexM0p\ARM_GCC_493\Debug\EZI2C_scl.o .\CortexM0p\ARM_GCC_493\Debug\EZI2C_scl_PM.o .\CortexM0p\ARM_GCC_493\Debug\EZI2C_SCB_IRQ.o .\CortexM0p\ARM_GCC_493\Debug\CapSense_ISR.o .\CortexM0p\ARM_GCC_493\Debug\CyFlash.o .\CortexM0p\ARM_GCC_493\Debug\CyLib.o .\CortexM0p\ARM_GCC_493\Debug\cyPm.o .\CortexM0p\ARM_GCC_493\Debug\cyutils.o .\CortexM0p\ARM_GCC_493\Debug\CyLFClk.o .\CortexM0p\ARM_GCC_493\Debug\Blank.o .\CortexM0p\ARM_GCC_493\Debug\Blank_PM.o .\CortexM0p\ARM_GCC_493\Debug\SPIM.o .\CortexM0p\ARM_GCC_493\Debug\SPIM_SPI_UART.o .\CortexM0p\ARM_GCC_493\Debug\SPIM_PM.o .\CortexM0p\ARM_GCC_493\Debug\SPIM_SPI.o .\CortexM0p\ARM_GCC_493\Debug\SPIM_BOOT.o .\CortexM0p\ARM_GCC_493\Debug\SPIM_SPI_BOOT.o .\CortexM0p\ARM_GCC_493\Debug\SPIM_SPI_UART_INT.o .\CortexM0p\ARM_GCC_493\Debug\SPIM_SCBCLK.o .\CortexM0p\ARM_GCC_493\Debug\SPIM_sclk_m.o .\CortexM0p\ARM_GCC_493\Debug\SPIM_sclk_m_PM.o .\CortexM0p\ARM_GCC_493\Debug\SPIM_mosi_m.o .\CortexM0p\ARM_GCC_493\Debug\SPIM_mosi_m_PM.o .\CortexM0p\ARM_GCC_493\Debug\Latch.o .\CortexM0p\ARM_GCC_493\Debug\Latch_PM.o .\CortexM0p\ARM_GCC_493\Debug\SPIM_SCB_IRQ.o .\CortexM0p\ARM_GCC_493\Debug\CyBootAsmGnu.o
arm-none-eabi-ar.exe: creating .\CortexM0p\ARM_GCC_493\Debug\Slider.a
arm-none-eabi-gcc.exe -Wl,--start-group -o .\CortexM0p\ARM_GCC_493\Debug\Slider.elf .\CortexM0p\ARM_GCC_493\Debug\main.o .\CortexM0p\ARM_GCC_493\Debug\cymetadata.o .\CortexM0p\ARM_GCC_493\Debug\Cm0plusStart.o .\CortexM0p\ARM_GCC_493\Debug\Slider.a "C:\Program Files (x86)\Cypress\PSoC Creator\4.0\PSoC Creator\psoc\content\cycomponentlibrary\CyComponentLibrary.cylib\CapSense_P4_v3_10\PSoC4\Library\Capsense_P4Library_GCCp.a" -mcpu=cortex-m0plus -mthumb -g -ffunction-sections -Og -ffat-lto-objects -L Generated_Source\PSoC4 -Wl,-Map,.\CortexM0p\ARM_GCC_493\Debug/Slider.map -T "C:\Users\RD\Documents\Data_RD\FAE Content\D2\Bose\Capsene Board 12 2016\Slider\Slider.cydsn\Generated_Source\PSoC4\cm0plusgcc.ld" -specs=nano.specs -Wl,--gc-sections -Wl,--end-group
cyelftool.exe -C "C:\Users\RD\Documents\Data_RD\FAE Content\D2\Bose\Capsene Board 12 2016\Slider\Slider.cydsn\CortexM0p\ARM_GCC_493\Debug\Slider.elf" --flash_row_size 128 --flash_size 32768
cyelftool.exe -S "C:\Users\RD\Documents\Data_RD\FAE Content\D2\Bose\Capsene Board 12 2016\Slider\Slider.cydsn\CortexM0p\ARM_GCC_493\Debug\Slider.elf"
Flash used: 9046 of 32768 bytes (27.6 %).
SRAM used: 1324 of 4096 bytes (32.3 %). Stack: 512 bytes. Heap: 128 bytes.
--------------- Rebuild Succeeded: 12/19/2016 17:28:35 ---------------
