ARM GAS  C:\Users\MM1005~1\AppData\Local\Temp\ccDFFPSI.s 			page 1


   1              		.cpu cortex-m0plus
   2              		.fpu softvfp
   3              		.eabi_attribute 20, 1
   4              		.eabi_attribute 21, 1
   5              		.eabi_attribute 23, 3
   6              		.eabi_attribute 24, 1
   7              		.eabi_attribute 25, 1
   8              		.eabi_attribute 26, 1
   9              		.eabi_attribute 30, 1
  10              		.eabi_attribute 34, 0
  11              		.eabi_attribute 18, 4
  12              		.code	16
  13              		.file	"main.c"
  14              		.text
  15              	.Ltext0:
  16              		.cfi_sections	.debug_frame
  17              		.section	.text.main,"ax",%progbits
  18              		.align	2
  19              		.global	main
  20              		.code	16
  21              		.thumb_func
  22              		.type	main, %function
  23              	main:
  24              	.LFB35:
  25              		.file 1 "main.c"
   1:main.c        **** /* ========================================
   2:main.c        ****  *
   3:main.c        ****  * Copyright YOUR COMPANY, THE YEAR
   4:main.c        ****  * All Rights Reserved
   5:main.c        ****  * UNPUBLISHED, LICENSED SOFTWARE.
   6:main.c        ****  *
   7:main.c        ****  * CONFIDENTIAL AND PROPRIETARY INFORMATION
   8:main.c        ****  * WHICH IS THE PROPERTY OF your company.
   9:main.c        ****  *
  10:main.c        ****  * ========================================
  11:main.c        **** */
  12:main.c        **** #include "project.h"
  13:main.c        **** 
  14:main.c        **** int main(void)
  15:main.c        **** {
  26              		.loc 1 15 0
  27              		.cfi_startproc
  28 0000 08B5     		push	{r3, lr}
  29              		.cfi_def_cfa_offset 8
  30              		.cfi_offset 3, -8
  31              		.cfi_offset 14, -4
  16:main.c        ****     CyGlobalIntEnable; /* Enable global interrupts. */
  32              		.loc 1 16 0
  33              	@ 16 "main.c" 1
  34 0002 62B6     		CPSIE   i
  35              	@ 0 "" 2
  17:main.c        **** 
  18:main.c        ****     /* Place your initialization/startup code here (e.g. MyInst_Start()) */
  19:main.c        ****     Bootloader_1_Start();
  36              		.loc 1 19 0
  37              		.code	16
  38 0004 FFF7FEFF 		bl	Bootloader_1_Start
ARM GAS  C:\Users\MM1005~1\AppData\Local\Temp\ccDFFPSI.s 			page 2


  39              	.LVL0:
  40              	.L2:
  20:main.c        **** 
  21:main.c        ****     for(;;)
  22:main.c        ****     {
  23:main.c        ****         /* Place your application code here. */
  24:main.c        ****     }
  41              		.loc 1 24 0 discriminator 1
  42 0008 FEE7     		b	.L2
  43              		.cfi_endproc
  44              	.LFE35:
  45              		.size	main, .-main
  46 000a C046     		.text
  47              	.Letext0:
  48              		.file 2 "Generated_Source\\PSoC4/Bootloader_1.h"
  49              		.section	.debug_info,"",%progbits
  50              	.Ldebug_info0:
  51 0000 AE000000 		.4byte	0xae
  52 0004 0400     		.2byte	0x4
  53 0006 00000000 		.4byte	.Ldebug_abbrev0
  54 000a 04       		.byte	0x4
  55 000b 01       		.uleb128 0x1
  56 000c DA000000 		.4byte	.LASF13
  57 0010 01       		.byte	0x1
  58 0011 2E000000 		.4byte	.LASF14
  59 0015 63000000 		.4byte	.LASF15
  60 0019 00000000 		.4byte	.Ldebug_ranges0+0
  61 001d 00000000 		.4byte	0
  62 0021 00000000 		.4byte	.Ldebug_line0
  63 0025 02       		.uleb128 0x2
  64 0026 01       		.byte	0x1
  65 0027 06       		.byte	0x6
  66 0028 CE000000 		.4byte	.LASF0
  67 002c 02       		.uleb128 0x2
  68 002d 01       		.byte	0x1
  69 002e 08       		.byte	0x8
  70 002f 98000000 		.4byte	.LASF1
  71 0033 02       		.uleb128 0x2
  72 0034 02       		.byte	0x2
  73 0035 05       		.byte	0x5
  74 0036 72010000 		.4byte	.LASF2
  75 003a 02       		.uleb128 0x2
  76 003b 02       		.byte	0x2
  77 003c 07       		.byte	0x7
  78 003d BB000000 		.4byte	.LASF3
  79 0041 02       		.uleb128 0x2
  80 0042 04       		.byte	0x4
  81 0043 05       		.byte	0x5
  82 0044 AB000000 		.4byte	.LASF4
  83 0048 02       		.uleb128 0x2
  84 0049 04       		.byte	0x4
  85 004a 07       		.byte	0x7
  86 004b 3A000000 		.4byte	.LASF5
  87 004f 02       		.uleb128 0x2
  88 0050 08       		.byte	0x8
  89 0051 05       		.byte	0x5
  90 0052 00000000 		.4byte	.LASF6
ARM GAS  C:\Users\MM1005~1\AppData\Local\Temp\ccDFFPSI.s 			page 3


  91 0056 02       		.uleb128 0x2
  92 0057 08       		.byte	0x8
  93 0058 07       		.byte	0x7
  94 0059 4C000000 		.4byte	.LASF7
  95 005d 03       		.uleb128 0x3
  96 005e 04       		.byte	0x4
  97 005f 05       		.byte	0x5
  98 0060 696E7400 		.ascii	"int\000"
  99 0064 02       		.uleb128 0x2
 100 0065 04       		.byte	0x4
 101 0066 07       		.byte	0x7
 102 0067 0E000000 		.4byte	.LASF8
 103 006b 02       		.uleb128 0x2
 104 006c 04       		.byte	0x4
 105 006d 04       		.byte	0x4
 106 006e 6C010000 		.4byte	.LASF9
 107 0072 02       		.uleb128 0x2
 108 0073 08       		.byte	0x8
 109 0074 04       		.byte	0x4
 110 0075 B4000000 		.4byte	.LASF10
 111 0079 02       		.uleb128 0x2
 112 007a 01       		.byte	0x1
 113 007b 08       		.byte	0x8
 114 007c A6000000 		.4byte	.LASF11
 115 0080 02       		.uleb128 0x2
 116 0081 04       		.byte	0x4
 117 0082 07       		.byte	0x7
 118 0083 7C010000 		.4byte	.LASF12
 119 0087 04       		.uleb128 0x4
 120 0088 35000000 		.4byte	.LASF16
 121 008c 01       		.byte	0x1
 122 008d 0E       		.byte	0xe
 123 008e 5D000000 		.4byte	0x5d
 124 0092 00000000 		.4byte	.LFB35
 125 0096 0A000000 		.4byte	.LFE35-.LFB35
 126 009a 01       		.uleb128 0x1
 127 009b 9C       		.byte	0x9c
 128 009c AA000000 		.4byte	0xaa
 129 00a0 05       		.uleb128 0x5
 130 00a1 08000000 		.4byte	.LVL0
 131 00a5 AA000000 		.4byte	0xaa
 132 00a9 00       		.byte	0
 133 00aa 06       		.uleb128 0x6
 134 00ab 1B000000 		.4byte	.LASF17
 135 00af 02       		.byte	0x2
 136 00b0 E6       		.byte	0xe6
 137 00b1 00       		.byte	0
 138              		.section	.debug_abbrev,"",%progbits
 139              	.Ldebug_abbrev0:
 140 0000 01       		.uleb128 0x1
 141 0001 11       		.uleb128 0x11
 142 0002 01       		.byte	0x1
 143 0003 25       		.uleb128 0x25
 144 0004 0E       		.uleb128 0xe
 145 0005 13       		.uleb128 0x13
 146 0006 0B       		.uleb128 0xb
 147 0007 03       		.uleb128 0x3
ARM GAS  C:\Users\MM1005~1\AppData\Local\Temp\ccDFFPSI.s 			page 4


 148 0008 0E       		.uleb128 0xe
 149 0009 1B       		.uleb128 0x1b
 150 000a 0E       		.uleb128 0xe
 151 000b 55       		.uleb128 0x55
 152 000c 17       		.uleb128 0x17
 153 000d 11       		.uleb128 0x11
 154 000e 01       		.uleb128 0x1
 155 000f 10       		.uleb128 0x10
 156 0010 17       		.uleb128 0x17
 157 0011 00       		.byte	0
 158 0012 00       		.byte	0
 159 0013 02       		.uleb128 0x2
 160 0014 24       		.uleb128 0x24
 161 0015 00       		.byte	0
 162 0016 0B       		.uleb128 0xb
 163 0017 0B       		.uleb128 0xb
 164 0018 3E       		.uleb128 0x3e
 165 0019 0B       		.uleb128 0xb
 166 001a 03       		.uleb128 0x3
 167 001b 0E       		.uleb128 0xe
 168 001c 00       		.byte	0
 169 001d 00       		.byte	0
 170 001e 03       		.uleb128 0x3
 171 001f 24       		.uleb128 0x24
 172 0020 00       		.byte	0
 173 0021 0B       		.uleb128 0xb
 174 0022 0B       		.uleb128 0xb
 175 0023 3E       		.uleb128 0x3e
 176 0024 0B       		.uleb128 0xb
 177 0025 03       		.uleb128 0x3
 178 0026 08       		.uleb128 0x8
 179 0027 00       		.byte	0
 180 0028 00       		.byte	0
 181 0029 04       		.uleb128 0x4
 182 002a 2E       		.uleb128 0x2e
 183 002b 01       		.byte	0x1
 184 002c 3F       		.uleb128 0x3f
 185 002d 19       		.uleb128 0x19
 186 002e 03       		.uleb128 0x3
 187 002f 0E       		.uleb128 0xe
 188 0030 3A       		.uleb128 0x3a
 189 0031 0B       		.uleb128 0xb
 190 0032 3B       		.uleb128 0x3b
 191 0033 0B       		.uleb128 0xb
 192 0034 27       		.uleb128 0x27
 193 0035 19       		.uleb128 0x19
 194 0036 49       		.uleb128 0x49
 195 0037 13       		.uleb128 0x13
 196 0038 11       		.uleb128 0x11
 197 0039 01       		.uleb128 0x1
 198 003a 12       		.uleb128 0x12
 199 003b 06       		.uleb128 0x6
 200 003c 40       		.uleb128 0x40
 201 003d 18       		.uleb128 0x18
 202 003e 9742     		.uleb128 0x2117
 203 0040 19       		.uleb128 0x19
 204 0041 01       		.uleb128 0x1
ARM GAS  C:\Users\MM1005~1\AppData\Local\Temp\ccDFFPSI.s 			page 5


 205 0042 13       		.uleb128 0x13
 206 0043 00       		.byte	0
 207 0044 00       		.byte	0
 208 0045 05       		.uleb128 0x5
 209 0046 898201   		.uleb128 0x4109
 210 0049 00       		.byte	0
 211 004a 11       		.uleb128 0x11
 212 004b 01       		.uleb128 0x1
 213 004c 31       		.uleb128 0x31
 214 004d 13       		.uleb128 0x13
 215 004e 00       		.byte	0
 216 004f 00       		.byte	0
 217 0050 06       		.uleb128 0x6
 218 0051 2E       		.uleb128 0x2e
 219 0052 00       		.byte	0
 220 0053 3F       		.uleb128 0x3f
 221 0054 19       		.uleb128 0x19
 222 0055 03       		.uleb128 0x3
 223 0056 0E       		.uleb128 0xe
 224 0057 3A       		.uleb128 0x3a
 225 0058 0B       		.uleb128 0xb
 226 0059 3B       		.uleb128 0x3b
 227 005a 0B       		.uleb128 0xb
 228 005b 27       		.uleb128 0x27
 229 005c 19       		.uleb128 0x19
 230 005d 3C       		.uleb128 0x3c
 231 005e 19       		.uleb128 0x19
 232 005f 00       		.byte	0
 233 0060 00       		.byte	0
 234 0061 00       		.byte	0
 235              		.section	.debug_aranges,"",%progbits
 236 0000 1C000000 		.4byte	0x1c
 237 0004 0200     		.2byte	0x2
 238 0006 00000000 		.4byte	.Ldebug_info0
 239 000a 04       		.byte	0x4
 240 000b 00       		.byte	0
 241 000c 0000     		.2byte	0
 242 000e 0000     		.2byte	0
 243 0010 00000000 		.4byte	.LFB35
 244 0014 0A000000 		.4byte	.LFE35-.LFB35
 245 0018 00000000 		.4byte	0
 246 001c 00000000 		.4byte	0
 247              		.section	.debug_ranges,"",%progbits
 248              	.Ldebug_ranges0:
 249 0000 00000000 		.4byte	.LFB35
 250 0004 0A000000 		.4byte	.LFE35
 251 0008 00000000 		.4byte	0
 252 000c 00000000 		.4byte	0
 253              		.section	.debug_line,"",%progbits
 254              	.Ldebug_line0:
 255 0000 62000000 		.section	.debug_str,"MS",%progbits,1
 255      02004600 
 255      00000201 
 255      FB0E0D00 
 255      01010101 
 256              	.LASF6:
 257 0000 6C6F6E67 		.ascii	"long long int\000"
ARM GAS  C:\Users\MM1005~1\AppData\Local\Temp\ccDFFPSI.s 			page 6


 257      206C6F6E 
 257      6720696E 
 257      7400
 258              	.LASF8:
 259 000e 756E7369 		.ascii	"unsigned int\000"
 259      676E6564 
 259      20696E74 
 259      00
 260              	.LASF17:
 261 001b 426F6F74 		.ascii	"Bootloader_1_Start\000"
 261      6C6F6164 
 261      65725F31 
 261      5F537461 
 261      727400
 262              	.LASF14:
 263 002e 6D61696E 		.ascii	"main.c\000"
 263      2E6300
 264              	.LASF16:
 265 0035 6D61696E 		.ascii	"main\000"
 265      00
 266              	.LASF5:
 267 003a 6C6F6E67 		.ascii	"long unsigned int\000"
 267      20756E73 
 267      69676E65 
 267      6420696E 
 267      7400
 268              	.LASF7:
 269 004c 6C6F6E67 		.ascii	"long long unsigned int\000"
 269      206C6F6E 
 269      6720756E 
 269      7369676E 
 269      65642069 
 270              	.LASF15:
 271 0063 433A5C77 		.ascii	"C:\\work\\Eddie\\Eddie_DP0_Slider\\Bootloader_Prof."
 271      6F726B5C 
 271      45646469 
 271      655C4564 
 271      6469655F 
 272 0092 63796473 		.ascii	"cydsn\000"
 272      6E00
 273              	.LASF1:
 274 0098 756E7369 		.ascii	"unsigned char\000"
 274      676E6564 
 274      20636861 
 274      7200
 275              	.LASF11:
 276 00a6 63686172 		.ascii	"char\000"
 276      00
 277              	.LASF4:
 278 00ab 6C6F6E67 		.ascii	"long int\000"
 278      20696E74 
 278      00
 279              	.LASF10:
 280 00b4 646F7562 		.ascii	"double\000"
 280      6C6500
 281              	.LASF3:
 282 00bb 73686F72 		.ascii	"short unsigned int\000"
ARM GAS  C:\Users\MM1005~1\AppData\Local\Temp\ccDFFPSI.s 			page 7


 282      7420756E 
 282      7369676E 
 282      65642069 
 282      6E7400
 283              	.LASF0:
 284 00ce 7369676E 		.ascii	"signed char\000"
 284      65642063 
 284      68617200 
 285              	.LASF13:
 286 00da 474E5520 		.ascii	"GNU C 4.9.3 20150303 (release) [ARM/embedded-4_9-br"
 286      4320342E 
 286      392E3320 
 286      32303135 
 286      30333033 
 287 010d 616E6368 		.ascii	"anch revision 221220] -mcpu=cortex-m0plus -mthumb -"
 287      20726576 
 287      6973696F 
 287      6E203232 
 287      31323230 
 288 0140 67202D4F 		.ascii	"g -Og -ffunction-sections -ffat-lto-objects\000"
 288      67202D66 
 288      66756E63 
 288      74696F6E 
 288      2D736563 
 289              	.LASF9:
 290 016c 666C6F61 		.ascii	"float\000"
 290      7400
 291              	.LASF2:
 292 0172 73686F72 		.ascii	"short int\000"
 292      7420696E 
 292      7400
 293              	.LASF12:
 294 017c 73697A65 		.ascii	"sizetype\000"
 294      74797065 
 294      00
 295              		.ident	"GCC: (GNU Tools for ARM Embedded Processors) 4.9.3 20150303 (release) [ARM/embedded-4_9-br
