ARM GAS  C:\Users\TB1014~1\AppData\Local\Temp\ccYilXDd.s 			page 1


   1              		.cpu cortex-m0plus
   2              		.fpu softvfp
   3              		.eabi_attribute 20, 1
   4              		.eabi_attribute 21, 1
   5              		.eabi_attribute 23, 3
   6              		.eabi_attribute 24, 1
   7              		.eabi_attribute 25, 1
   8              		.eabi_attribute 26, 1
   9              		.eabi_attribute 30, 1
  10              		.eabi_attribute 34, 0
  11              		.eabi_attribute 18, 4
  12              		.code	16
  13              		.file	"cyfitter_cfg.c"
  14              		.text
  15              	.Ltext0:
  16              		.cfi_sections	.debug_frame
  17              		.section	.psocinit,"ax",%progbits
  18              		.align	2
  19              		.code	16
  20              		.thumb_func
  21              		.type	ClockSetup, %function
  22              	ClockSetup:
  23              	.LFB4:
  24              		.file 1 "Generated_Source\\PSoC4\\cyfitter_cfg.c"
   1:Generated_Source\PSoC4/cyfitter_cfg.c **** /*******************************************************************************
   2:Generated_Source\PSoC4/cyfitter_cfg.c **** * File Name: cyfitter_cfg.c
   3:Generated_Source\PSoC4/cyfitter_cfg.c **** * 
   4:Generated_Source\PSoC4/cyfitter_cfg.c **** * PSoC Creator  4.0 Update 1
   5:Generated_Source\PSoC4/cyfitter_cfg.c **** *
   6:Generated_Source\PSoC4/cyfitter_cfg.c **** * Description:
   7:Generated_Source\PSoC4/cyfitter_cfg.c **** * This file contains device initialization code.
   8:Generated_Source\PSoC4/cyfitter_cfg.c **** * Except for the user defined sections in CyClockStartupError(), this file should not be modified.
   9:Generated_Source\PSoC4/cyfitter_cfg.c **** * This file is automatically generated by PSoC Creator.
  10:Generated_Source\PSoC4/cyfitter_cfg.c **** *
  11:Generated_Source\PSoC4/cyfitter_cfg.c **** ********************************************************************************
  12:Generated_Source\PSoC4/cyfitter_cfg.c **** * Copyright (c) 2007-2016 Cypress Semiconductor.  All rights reserved.
  13:Generated_Source\PSoC4/cyfitter_cfg.c **** * You may use this file only in accordance with the license, terms, conditions, 
  14:Generated_Source\PSoC4/cyfitter_cfg.c **** * disclaimers, and limitations in the end user license agreement accompanying 
  15:Generated_Source\PSoC4/cyfitter_cfg.c **** * the software package with which this file was provided.
  16:Generated_Source\PSoC4/cyfitter_cfg.c **** ********************************************************************************/
  17:Generated_Source\PSoC4/cyfitter_cfg.c **** 
  18:Generated_Source\PSoC4/cyfitter_cfg.c **** #include <string.h>
  19:Generated_Source\PSoC4/cyfitter_cfg.c **** #include "cytypes.h"
  20:Generated_Source\PSoC4/cyfitter_cfg.c **** #include "cydevice_trm.h"
  21:Generated_Source\PSoC4/cyfitter_cfg.c **** #include "cyfitter.h"
  22:Generated_Source\PSoC4/cyfitter_cfg.c **** #include "CyLib.h"
  23:Generated_Source\PSoC4/cyfitter_cfg.c **** #include "cyfitter_cfg.h"
  24:Generated_Source\PSoC4/cyfitter_cfg.c **** 
  25:Generated_Source\PSoC4/cyfitter_cfg.c **** 
  26:Generated_Source\PSoC4/cyfitter_cfg.c **** #if defined(__GNUC__) || defined(__ARMCC_VERSION)
  27:Generated_Source\PSoC4/cyfitter_cfg.c ****     #define CYPACKED 
  28:Generated_Source\PSoC4/cyfitter_cfg.c ****     #define CYPACKED_ATTR __attribute__ ((packed))
  29:Generated_Source\PSoC4/cyfitter_cfg.c ****     #define CYALIGNED __attribute__ ((aligned))
  30:Generated_Source\PSoC4/cyfitter_cfg.c ****     #define CY_CFG_UNUSED __attribute__ ((unused))
  31:Generated_Source\PSoC4/cyfitter_cfg.c ****     #ifndef CY_CFG_SECTION
  32:Generated_Source\PSoC4/cyfitter_cfg.c ****         #define CY_CFG_SECTION __attribute__ ((section(".psocinit")))
  33:Generated_Source\PSoC4/cyfitter_cfg.c ****     #endif
ARM GAS  C:\Users\TB1014~1\AppData\Local\Temp\ccYilXDd.s 			page 2


  34:Generated_Source\PSoC4/cyfitter_cfg.c ****     
  35:Generated_Source\PSoC4/cyfitter_cfg.c ****     #if defined(__ARMCC_VERSION)
  36:Generated_Source\PSoC4/cyfitter_cfg.c ****         #define CY_CFG_MEMORY_BARRIER() __memory_changed()
  37:Generated_Source\PSoC4/cyfitter_cfg.c ****     #else
  38:Generated_Source\PSoC4/cyfitter_cfg.c ****         #define CY_CFG_MEMORY_BARRIER() __sync_synchronize()
  39:Generated_Source\PSoC4/cyfitter_cfg.c ****     #endif
  40:Generated_Source\PSoC4/cyfitter_cfg.c ****     
  41:Generated_Source\PSoC4/cyfitter_cfg.c **** #elif defined(__ICCARM__)
  42:Generated_Source\PSoC4/cyfitter_cfg.c ****     #include <intrinsics.h>
  43:Generated_Source\PSoC4/cyfitter_cfg.c **** 
  44:Generated_Source\PSoC4/cyfitter_cfg.c ****     #define CYPACKED __packed
  45:Generated_Source\PSoC4/cyfitter_cfg.c ****     #define CYPACKED_ATTR 
  46:Generated_Source\PSoC4/cyfitter_cfg.c ****     #define CYALIGNED _Pragma("data_alignment=4")
  47:Generated_Source\PSoC4/cyfitter_cfg.c ****     #define CY_CFG_UNUSED _Pragma("diag_suppress=Pe177")
  48:Generated_Source\PSoC4/cyfitter_cfg.c ****     #define CY_CFG_SECTION _Pragma("location=\".psocinit\"")
  49:Generated_Source\PSoC4/cyfitter_cfg.c ****     
  50:Generated_Source\PSoC4/cyfitter_cfg.c ****     #define CY_CFG_MEMORY_BARRIER() __DMB()
  51:Generated_Source\PSoC4/cyfitter_cfg.c ****     
  52:Generated_Source\PSoC4/cyfitter_cfg.c **** #else
  53:Generated_Source\PSoC4/cyfitter_cfg.c ****     #error Unsupported toolchain
  54:Generated_Source\PSoC4/cyfitter_cfg.c **** #endif
  55:Generated_Source\PSoC4/cyfitter_cfg.c **** 
  56:Generated_Source\PSoC4/cyfitter_cfg.c **** 
  57:Generated_Source\PSoC4/cyfitter_cfg.c **** CY_CFG_UNUSED
  58:Generated_Source\PSoC4/cyfitter_cfg.c **** static void CYMEMZERO(void *s, size_t n);
  59:Generated_Source\PSoC4/cyfitter_cfg.c **** CY_CFG_UNUSED
  60:Generated_Source\PSoC4/cyfitter_cfg.c **** static void CYMEMZERO(void *s, size_t n)
  61:Generated_Source\PSoC4/cyfitter_cfg.c **** {
  62:Generated_Source\PSoC4/cyfitter_cfg.c **** 	(void)memset(s, 0, n);
  63:Generated_Source\PSoC4/cyfitter_cfg.c **** }
  64:Generated_Source\PSoC4/cyfitter_cfg.c **** CY_CFG_UNUSED
  65:Generated_Source\PSoC4/cyfitter_cfg.c **** static void CYCONFIGCPY(void *dest, const void *src, size_t n);
  66:Generated_Source\PSoC4/cyfitter_cfg.c **** CY_CFG_UNUSED
  67:Generated_Source\PSoC4/cyfitter_cfg.c **** static void CYCONFIGCPY(void *dest, const void *src, size_t n)
  68:Generated_Source\PSoC4/cyfitter_cfg.c **** {
  69:Generated_Source\PSoC4/cyfitter_cfg.c **** 	(void)memcpy(dest, src, n);
  70:Generated_Source\PSoC4/cyfitter_cfg.c **** }
  71:Generated_Source\PSoC4/cyfitter_cfg.c **** CY_CFG_UNUSED
  72:Generated_Source\PSoC4/cyfitter_cfg.c **** static void CYCONFIGCPYCODE(void *dest, const void *src, size_t n);
  73:Generated_Source\PSoC4/cyfitter_cfg.c **** CY_CFG_UNUSED
  74:Generated_Source\PSoC4/cyfitter_cfg.c **** static void CYCONFIGCPYCODE(void *dest, const void *src, size_t n)
  75:Generated_Source\PSoC4/cyfitter_cfg.c **** {
  76:Generated_Source\PSoC4/cyfitter_cfg.c **** 	(void)memcpy(dest, src, n);
  77:Generated_Source\PSoC4/cyfitter_cfg.c **** }
  78:Generated_Source\PSoC4/cyfitter_cfg.c **** 
  79:Generated_Source\PSoC4/cyfitter_cfg.c **** 
  80:Generated_Source\PSoC4/cyfitter_cfg.c **** 
  81:Generated_Source\PSoC4/cyfitter_cfg.c **** 
  82:Generated_Source\PSoC4/cyfitter_cfg.c **** /* Clock startup error codes                                                   */
  83:Generated_Source\PSoC4/cyfitter_cfg.c **** #define CYCLOCKSTART_NO_ERROR    0u
  84:Generated_Source\PSoC4/cyfitter_cfg.c **** #define CYCLOCKSTART_XTAL_ERROR  1u
  85:Generated_Source\PSoC4/cyfitter_cfg.c **** #define CYCLOCKSTART_32KHZ_ERROR 2u
  86:Generated_Source\PSoC4/cyfitter_cfg.c **** #define CYCLOCKSTART_PLL_ERROR   3u
  87:Generated_Source\PSoC4/cyfitter_cfg.c **** 
  88:Generated_Source\PSoC4/cyfitter_cfg.c **** 
  89:Generated_Source\PSoC4/cyfitter_cfg.c **** #ifdef CY_NEED_CYCLOCKSTARTUPERROR
  90:Generated_Source\PSoC4/cyfitter_cfg.c **** /*******************************************************************************
ARM GAS  C:\Users\TB1014~1\AppData\Local\Temp\ccYilXDd.s 			page 3


  91:Generated_Source\PSoC4/cyfitter_cfg.c **** * Function Name: CyClockStartupError
  92:Generated_Source\PSoC4/cyfitter_cfg.c **** ********************************************************************************
  93:Generated_Source\PSoC4/cyfitter_cfg.c **** * Summary:
  94:Generated_Source\PSoC4/cyfitter_cfg.c **** *  If an error is encountered during clock configuration (crystal startup error,
  95:Generated_Source\PSoC4/cyfitter_cfg.c **** *  PLL lock error, etc.), the system will end up here.  Unless reimplemented by
  96:Generated_Source\PSoC4/cyfitter_cfg.c **** *  the customer, this function will stop in an infinite loop.
  97:Generated_Source\PSoC4/cyfitter_cfg.c **** *
  98:Generated_Source\PSoC4/cyfitter_cfg.c **** * Parameters:
  99:Generated_Source\PSoC4/cyfitter_cfg.c **** *   void
 100:Generated_Source\PSoC4/cyfitter_cfg.c **** *
 101:Generated_Source\PSoC4/cyfitter_cfg.c **** * Return:
 102:Generated_Source\PSoC4/cyfitter_cfg.c **** *   void
 103:Generated_Source\PSoC4/cyfitter_cfg.c **** *
 104:Generated_Source\PSoC4/cyfitter_cfg.c **** *******************************************************************************/
 105:Generated_Source\PSoC4/cyfitter_cfg.c **** CY_CFG_UNUSED
 106:Generated_Source\PSoC4/cyfitter_cfg.c **** static void CyClockStartupError(uint8 errorCode);
 107:Generated_Source\PSoC4/cyfitter_cfg.c **** CY_CFG_UNUSED
 108:Generated_Source\PSoC4/cyfitter_cfg.c **** static void CyClockStartupError(uint8 errorCode)
 109:Generated_Source\PSoC4/cyfitter_cfg.c **** {
 110:Generated_Source\PSoC4/cyfitter_cfg.c ****     /* To remove the compiler warning if errorCode not used.                */
 111:Generated_Source\PSoC4/cyfitter_cfg.c ****     errorCode = errorCode;
 112:Generated_Source\PSoC4/cyfitter_cfg.c **** 
 113:Generated_Source\PSoC4/cyfitter_cfg.c ****     /* If we have a clock startup error (bad MHz crystal, PLL lock, etc.),  */
 114:Generated_Source\PSoC4/cyfitter_cfg.c ****     /* we will end up here to allow the customer to implement something to  */
 115:Generated_Source\PSoC4/cyfitter_cfg.c ****     /* deal with the clock condition.                                       */
 116:Generated_Source\PSoC4/cyfitter_cfg.c **** 
 117:Generated_Source\PSoC4/cyfitter_cfg.c **** #ifdef CY_CFG_CLOCK_STARTUP_ERROR_CALLBACK
 118:Generated_Source\PSoC4/cyfitter_cfg.c **** 	CY_CFG_Clock_Startup_ErrorCallback();
 119:Generated_Source\PSoC4/cyfitter_cfg.c **** #else
 120:Generated_Source\PSoC4/cyfitter_cfg.c **** 	/*  If not using CY_CFG_CLOCK_STARTUP_ERROR_CALLBACK, place your clock startup code here. */
 121:Generated_Source\PSoC4/cyfitter_cfg.c ****     /* `#START CyClockStartupError` */
 122:Generated_Source\PSoC4/cyfitter_cfg.c **** 
 123:Generated_Source\PSoC4/cyfitter_cfg.c ****     /* If we have a clock startup error (bad MHz crystal, PLL lock, etc.),  */
 124:Generated_Source\PSoC4/cyfitter_cfg.c ****     /* we will end up here to allow the customer to implement something to  */
 125:Generated_Source\PSoC4/cyfitter_cfg.c ****     /* deal with the clock condition.                                       */
 126:Generated_Source\PSoC4/cyfitter_cfg.c **** 
 127:Generated_Source\PSoC4/cyfitter_cfg.c ****     /* `#END` */
 128:Generated_Source\PSoC4/cyfitter_cfg.c **** 
 129:Generated_Source\PSoC4/cyfitter_cfg.c ****     /* If nothing else, stop here since the clocks have not started         */
 130:Generated_Source\PSoC4/cyfitter_cfg.c ****     /* correctly.                                                           */
 131:Generated_Source\PSoC4/cyfitter_cfg.c ****     while(1) {}
 132:Generated_Source\PSoC4/cyfitter_cfg.c **** #endif /* CY_CFG_CLOCK_STARTUP_ERROR_CALLBACK */ 
 133:Generated_Source\PSoC4/cyfitter_cfg.c **** }
 134:Generated_Source\PSoC4/cyfitter_cfg.c **** #endif
 135:Generated_Source\PSoC4/cyfitter_cfg.c **** 
 136:Generated_Source\PSoC4/cyfitter_cfg.c **** 
 137:Generated_Source\PSoC4/cyfitter_cfg.c **** 
 138:Generated_Source\PSoC4/cyfitter_cfg.c **** /*******************************************************************************
 139:Generated_Source\PSoC4/cyfitter_cfg.c **** * Function Name: ClockSetup
 140:Generated_Source\PSoC4/cyfitter_cfg.c **** ********************************************************************************
 141:Generated_Source\PSoC4/cyfitter_cfg.c **** *
 142:Generated_Source\PSoC4/cyfitter_cfg.c **** * Summary:
 143:Generated_Source\PSoC4/cyfitter_cfg.c **** *   Performs the initialization of all of the clocks in the device based on the
 144:Generated_Source\PSoC4/cyfitter_cfg.c **** *   settings in the Clock tab of the DWR.  This includes enabling the requested
 145:Generated_Source\PSoC4/cyfitter_cfg.c **** *   clocks and setting the necessary dividers to produce the desired frequency. 
 146:Generated_Source\PSoC4/cyfitter_cfg.c **** *
 147:Generated_Source\PSoC4/cyfitter_cfg.c **** * Parameters:
ARM GAS  C:\Users\TB1014~1\AppData\Local\Temp\ccYilXDd.s 			page 4


 148:Generated_Source\PSoC4/cyfitter_cfg.c **** *   void
 149:Generated_Source\PSoC4/cyfitter_cfg.c **** *
 150:Generated_Source\PSoC4/cyfitter_cfg.c **** * Return:
 151:Generated_Source\PSoC4/cyfitter_cfg.c **** *   void
 152:Generated_Source\PSoC4/cyfitter_cfg.c **** *
 153:Generated_Source\PSoC4/cyfitter_cfg.c **** *******************************************************************************/
 154:Generated_Source\PSoC4/cyfitter_cfg.c **** static void ClockSetup(void);
 155:Generated_Source\PSoC4/cyfitter_cfg.c **** CY_CFG_SECTION
 156:Generated_Source\PSoC4/cyfitter_cfg.c **** static void ClockSetup(void)
 157:Generated_Source\PSoC4/cyfitter_cfg.c **** {
  25              		.loc 1 157 0
  26              		.cfi_startproc
  27 0000 10B5     		push	{r4, lr}
  28              		.cfi_def_cfa_offset 8
  29              		.cfi_offset 4, -8
  30              		.cfi_offset 14, -4
 158:Generated_Source\PSoC4/cyfitter_cfg.c **** 
 159:Generated_Source\PSoC4/cyfitter_cfg.c **** 	/* Set Flash Cycles based on max possible frequency in case a glitch occurs during ClockSetup(). *
 160:Generated_Source\PSoC4/cyfitter_cfg.c **** 	CY_SET_REG32((void CYXDATA *)(CYREG_CPUSS_FLASH_CTL), (0x0012u));
  31              		.loc 1 160 0
  32 0002 174C     		ldr	r4, .L2
  33 0004 1223     		mov	r3, #18
  34 0006 2360     		str	r3, [r4]
 161:Generated_Source\PSoC4/cyfitter_cfg.c **** 	/* Update IMO to new clock speed. */
 162:Generated_Source\PSoC4/cyfitter_cfg.c **** 	CySysClkWriteImoFreq(24u);
  35              		.loc 1 162 0
  36 0008 1820     		mov	r0, #24
  37 000a FFF7FEFF 		bl	CySysClkWriteImoFreq
  38              	.LVL0:
 163:Generated_Source\PSoC4/cyfitter_cfg.c **** 
 164:Generated_Source\PSoC4/cyfitter_cfg.c **** 	/* Setup phase aligned clocks */
 165:Generated_Source\PSoC4/cyfitter_cfg.c **** 	CY_SET_REG32((void *)CYREG_PERI_DIV_16_CTL2, 0x00000100u);
  39              		.loc 1 165 0
  40 000e 8022     		mov	r2, #128
  41 0010 5200     		lsl	r2, r2, #1
  42 0012 144B     		ldr	r3, .L2+4
  43 0014 1A60     		str	r2, [r3]
 166:Generated_Source\PSoC4/cyfitter_cfg.c **** 	CY_SET_REG32((void *)CYREG_PERI_DIV_CMD, 0x8000FF42u);
  44              		.loc 1 166 0
  45 0016 144B     		ldr	r3, .L2+8
  46 0018 144A     		ldr	r2, .L2+12
  47 001a 1A60     		str	r2, [r3]
 167:Generated_Source\PSoC4/cyfitter_cfg.c **** 	CY_SET_REG32((void *)CYREG_PERI_DIV_16_CTL0, 0x0000FE00u);
  48              		.loc 1 167 0
  49 001c FE21     		mov	r1, #254
  50 001e 0902     		lsl	r1, r1, #8
  51 0020 134A     		ldr	r2, .L2+16
  52 0022 1160     		str	r1, [r2]
 168:Generated_Source\PSoC4/cyfitter_cfg.c **** 	CY_SET_REG32((void *)CYREG_PERI_DIV_CMD, 0x8000FF40u);
  53              		.loc 1 168 0
  54 0024 134A     		ldr	r2, .L2+20
  55 0026 1A60     		str	r2, [r3]
 169:Generated_Source\PSoC4/cyfitter_cfg.c **** 	CY_SET_REG32((void *)CYREG_PERI_DIV_16_CTL3, 0x00000C00u);
  56              		.loc 1 169 0
  57 0028 C021     		mov	r1, #192
  58 002a 0901     		lsl	r1, r1, #4
  59 002c 124A     		ldr	r2, .L2+24
ARM GAS  C:\Users\TB1014~1\AppData\Local\Temp\ccYilXDd.s 			page 5


  60 002e 1160     		str	r1, [r2]
 170:Generated_Source\PSoC4/cyfitter_cfg.c **** 	CY_SET_REG32((void *)CYREG_PERI_DIV_CMD, 0x8000FF43u);
  61              		.loc 1 170 0
  62 0030 124A     		ldr	r2, .L2+28
  63 0032 1A60     		str	r2, [r3]
 171:Generated_Source\PSoC4/cyfitter_cfg.c **** 	CY_SET_REG32((void *)CYREG_PERI_DIV_16_CTL1, 0x00000000u);
  64              		.loc 1 171 0
  65 0034 0022     		mov	r2, #0
  66 0036 1249     		ldr	r1, .L2+32
  67 0038 0A60     		str	r2, [r1]
 172:Generated_Source\PSoC4/cyfitter_cfg.c **** 	CY_SET_REG32((void *)CYREG_PERI_DIV_CMD, 0x8000FF41u);
  68              		.loc 1 172 0
  69 003a 1249     		ldr	r1, .L2+36
  70 003c 1960     		str	r1, [r3]
 173:Generated_Source\PSoC4/cyfitter_cfg.c **** 
 174:Generated_Source\PSoC4/cyfitter_cfg.c **** 	/* CYDEV_CLK_SELECT Starting address: CYDEV_CLK_SELECT */
 175:Generated_Source\PSoC4/cyfitter_cfg.c **** 	CY_SET_XTND_REG32((void CYFAR *)(CYREG_CLK_SELECT), 0x00000000u);
  71              		.loc 1 175 0
  72 003e 124B     		ldr	r3, .L2+40
  73 0040 1A60     		str	r2, [r3]
 176:Generated_Source\PSoC4/cyfitter_cfg.c **** 
 177:Generated_Source\PSoC4/cyfitter_cfg.c **** 	/* CYDEV_PERI_PCLK_CTL3 Starting address: CYDEV_PERI_PCLK_CTL3 */
 178:Generated_Source\PSoC4/cyfitter_cfg.c **** 	CY_SET_XTND_REG32((void CYFAR *)(CYREG_PERI_PCLK_CTL3), 0x00000042u);
  74              		.loc 1 178 0
  75 0042 4232     		add	r2, r2, #66
  76 0044 114B     		ldr	r3, .L2+44
  77 0046 1A60     		str	r2, [r3]
 179:Generated_Source\PSoC4/cyfitter_cfg.c **** 
 180:Generated_Source\PSoC4/cyfitter_cfg.c **** 	/* CYDEV_PERI_PCLK_CTL2 Starting address: CYDEV_PERI_PCLK_CTL2 */
 181:Generated_Source\PSoC4/cyfitter_cfg.c **** 	CY_SET_XTND_REG32((void CYFAR *)(CYREG_PERI_PCLK_CTL2), 0x00000040u);
  78              		.loc 1 181 0
  79 0048 023A     		sub	r2, r2, #2
  80 004a 114B     		ldr	r3, .L2+48
  81 004c 1A60     		str	r2, [r3]
 182:Generated_Source\PSoC4/cyfitter_cfg.c **** 
 183:Generated_Source\PSoC4/cyfitter_cfg.c **** 	/* CYDEV_PERI_PCLK_CTL1 Starting address: CYDEV_PERI_PCLK_CTL1 */
 184:Generated_Source\PSoC4/cyfitter_cfg.c **** 	CY_SET_XTND_REG32((void CYFAR *)(CYREG_PERI_PCLK_CTL1), 0x00000043u);
  82              		.loc 1 184 0
  83 004e 0332     		add	r2, r2, #3
  84 0050 104B     		ldr	r3, .L2+52
  85 0052 1A60     		str	r2, [r3]
 185:Generated_Source\PSoC4/cyfitter_cfg.c **** 
 186:Generated_Source\PSoC4/cyfitter_cfg.c **** 	/* CYDEV_PERI_PCLK_CTL0 Starting address: CYDEV_PERI_PCLK_CTL0 */
 187:Generated_Source\PSoC4/cyfitter_cfg.c **** 	CY_SET_XTND_REG32((void CYFAR *)(CYREG_PERI_PCLK_CTL0), 0x00000041u);
  86              		.loc 1 187 0
  87 0054 023A     		sub	r2, r2, #2
  88 0056 104B     		ldr	r3, .L2+56
  89 0058 1A60     		str	r2, [r3]
 188:Generated_Source\PSoC4/cyfitter_cfg.c **** 
 189:Generated_Source\PSoC4/cyfitter_cfg.c **** 	/* Set Flash Cycles based on newly configured 24.00MHz HFCLK. */
 190:Generated_Source\PSoC4/cyfitter_cfg.c **** 	CY_SET_REG32((void CYXDATA *)(CYREG_CPUSS_FLASH_CTL), (0x0011u));
  90              		.loc 1 190 0
  91 005a 1123     		mov	r3, #17
  92 005c 2360     		str	r3, [r4]
 191:Generated_Source\PSoC4/cyfitter_cfg.c **** }
  93              		.loc 1 191 0
  94              		@ sp needed
ARM GAS  C:\Users\TB1014~1\AppData\Local\Temp\ccYilXDd.s 			page 6


  95 005e 10BD     		pop	{r4, pc}
  96              	.L3:
  97              		.align	2
  98              	.L2:
  99 0060 30001040 		.word	1074790448
 100 0064 08030140 		.word	1073808136
 101 0068 00000140 		.word	1073807360
 102 006c 42FF0080 		.word	-2147418302
 103 0070 00030140 		.word	1073808128
 104 0074 40FF0080 		.word	-2147418304
 105 0078 0C030140 		.word	1073808140
 106 007c 43FF0080 		.word	-2147418301
 107 0080 04030140 		.word	1073808132
 108 0084 41FF0080 		.word	-2147418303
 109 0088 28000340 		.word	1073938472
 110 008c 0C010140 		.word	1073807628
 111 0090 08010140 		.word	1073807624
 112 0094 04010140 		.word	1073807620
 113 0098 00010140 		.word	1073807616
 114              		.cfi_endproc
 115              	.LFE4:
 116              		.size	ClockSetup, .-ClockSetup
 117              		.section	.text.SetAnalogRoutingPumps,"ax",%progbits
 118              		.align	2
 119              		.global	SetAnalogRoutingPumps
 120              		.code	16
 121              		.thumb_func
 122              		.type	SetAnalogRoutingPumps, %function
 123              	SetAnalogRoutingPumps:
 124              	.LFB6:
 192:Generated_Source\PSoC4/cyfitter_cfg.c **** 
 193:Generated_Source\PSoC4/cyfitter_cfg.c **** 
 194:Generated_Source\PSoC4/cyfitter_cfg.c **** /* Analog API Functions */
 195:Generated_Source\PSoC4/cyfitter_cfg.c **** 
 196:Generated_Source\PSoC4/cyfitter_cfg.c **** 
 197:Generated_Source\PSoC4/cyfitter_cfg.c **** /*******************************************************************************
 198:Generated_Source\PSoC4/cyfitter_cfg.c **** * Function Name: AnalogSetDefault
 199:Generated_Source\PSoC4/cyfitter_cfg.c **** ********************************************************************************
 200:Generated_Source\PSoC4/cyfitter_cfg.c **** *
 201:Generated_Source\PSoC4/cyfitter_cfg.c **** * Summary:
 202:Generated_Source\PSoC4/cyfitter_cfg.c **** *  Sets up the analog portions of the chip to default values based on chip
 203:Generated_Source\PSoC4/cyfitter_cfg.c **** *  configuration options from the project.
 204:Generated_Source\PSoC4/cyfitter_cfg.c **** *
 205:Generated_Source\PSoC4/cyfitter_cfg.c **** * Parameters:
 206:Generated_Source\PSoC4/cyfitter_cfg.c **** *  void
 207:Generated_Source\PSoC4/cyfitter_cfg.c **** *
 208:Generated_Source\PSoC4/cyfitter_cfg.c **** * Return:
 209:Generated_Source\PSoC4/cyfitter_cfg.c **** *  void
 210:Generated_Source\PSoC4/cyfitter_cfg.c **** *
 211:Generated_Source\PSoC4/cyfitter_cfg.c **** *******************************************************************************/
 212:Generated_Source\PSoC4/cyfitter_cfg.c **** static void AnalogSetDefault(void);
 213:Generated_Source\PSoC4/cyfitter_cfg.c **** static void AnalogSetDefault(void)
 214:Generated_Source\PSoC4/cyfitter_cfg.c **** {
 215:Generated_Source\PSoC4/cyfitter_cfg.c **** 	CY_SET_XTND_REG32((void CYFAR *)CYREG_CSD_SW_DSI_SEL, 0x00000001u);
 216:Generated_Source\PSoC4/cyfitter_cfg.c **** 	SetAnalogRoutingPumps(1);
 217:Generated_Source\PSoC4/cyfitter_cfg.c **** }
 218:Generated_Source\PSoC4/cyfitter_cfg.c **** 
ARM GAS  C:\Users\TB1014~1\AppData\Local\Temp\ccYilXDd.s 			page 7


 219:Generated_Source\PSoC4/cyfitter_cfg.c **** 
 220:Generated_Source\PSoC4/cyfitter_cfg.c **** /*******************************************************************************
 221:Generated_Source\PSoC4/cyfitter_cfg.c **** * Function Name: SetAnalogRoutingPumps
 222:Generated_Source\PSoC4/cyfitter_cfg.c **** ********************************************************************************
 223:Generated_Source\PSoC4/cyfitter_cfg.c **** *
 224:Generated_Source\PSoC4/cyfitter_cfg.c **** * Summary:
 225:Generated_Source\PSoC4/cyfitter_cfg.c **** * Enables or disables the analog pumps feeding analog routing switches.
 226:Generated_Source\PSoC4/cyfitter_cfg.c **** * Intended to be called at startup, based on the Vdda system configuration;
 227:Generated_Source\PSoC4/cyfitter_cfg.c **** * may be called during operation when the user informs us that the Vdda voltage crossed the pump th
 228:Generated_Source\PSoC4/cyfitter_cfg.c **** *
 229:Generated_Source\PSoC4/cyfitter_cfg.c **** * Parameters:
 230:Generated_Source\PSoC4/cyfitter_cfg.c **** *  enabled - 1 to enable the pumps, 0 to disable the pumps
 231:Generated_Source\PSoC4/cyfitter_cfg.c **** *
 232:Generated_Source\PSoC4/cyfitter_cfg.c **** * Return:
 233:Generated_Source\PSoC4/cyfitter_cfg.c **** *  void
 234:Generated_Source\PSoC4/cyfitter_cfg.c **** *
 235:Generated_Source\PSoC4/cyfitter_cfg.c **** *******************************************************************************/
 236:Generated_Source\PSoC4/cyfitter_cfg.c **** void SetAnalogRoutingPumps(uint8 enabled)
 237:Generated_Source\PSoC4/cyfitter_cfg.c **** {
 125              		.loc 1 237 0
 126              		.cfi_startproc
 127              	.LVL1:
 238:Generated_Source\PSoC4/cyfitter_cfg.c **** 	uint32 regValue = CY_GET_XTND_REG32((void *)(CYREG_HSIOM_PUMP_CTL));
 128              		.loc 1 238 0
 129 0000 0B4B     		ldr	r3, .L9
 130 0002 1B68     		ldr	r3, [r3]
 131              	.LVL2:
 239:Generated_Source\PSoC4/cyfitter_cfg.c **** 	if (enabled != 0u)
 132              		.loc 1 239 0
 133 0004 0028     		cmp	r0, #0
 134 0006 03D0     		beq	.L5
 240:Generated_Source\PSoC4/cyfitter_cfg.c **** 	{
 241:Generated_Source\PSoC4/cyfitter_cfg.c **** 		regValue |= 0x80000000u;
 135              		.loc 1 241 0
 136 0008 8022     		mov	r2, #128
 137 000a 1206     		lsl	r2, r2, #24
 138 000c 1343     		orr	r3, r2
 139              	.LVL3:
 140 000e 01E0     		b	.L6
 141              	.L5:
 242:Generated_Source\PSoC4/cyfitter_cfg.c **** 	}
 243:Generated_Source\PSoC4/cyfitter_cfg.c **** 	else
 244:Generated_Source\PSoC4/cyfitter_cfg.c **** 	{
 245:Generated_Source\PSoC4/cyfitter_cfg.c **** 		regValue &= ~0x80000000u;
 142              		.loc 1 245 0
 143 0010 5B00     		lsl	r3, r3, #1
 144              	.LVL4:
 145 0012 5B08     		lsr	r3, r3, #1
 146              	.LVL5:
 147              	.L6:
 246:Generated_Source\PSoC4/cyfitter_cfg.c **** 	}
 247:Generated_Source\PSoC4/cyfitter_cfg.c **** 	CY_SET_XTND_REG32((void *)(CYREG_HSIOM_PUMP_CTL), regValue);
 148              		.loc 1 247 0
 149 0014 064A     		ldr	r2, .L9
 150 0016 1360     		str	r3, [r2]
 248:Generated_Source\PSoC4/cyfitter_cfg.c **** 	regValue = CY_GET_XTND_REG32((void *)(CYREG_CLK_SELECT));
 151              		.loc 1 248 0
ARM GAS  C:\Users\TB1014~1\AppData\Local\Temp\ccYilXDd.s 			page 8


 152 0018 064B     		ldr	r3, .L9+4
 153              	.LVL6:
 154 001a 1B68     		ldr	r3, [r3]
 155              	.LVL7:
 249:Generated_Source\PSoC4/cyfitter_cfg.c **** 	if (enabled != 0u)
 156              		.loc 1 249 0
 157 001c 0028     		cmp	r0, #0
 158 001e 02D0     		beq	.L7
 250:Generated_Source\PSoC4/cyfitter_cfg.c **** 	{
 251:Generated_Source\PSoC4/cyfitter_cfg.c **** 		regValue |= 0x00000020u;
 159              		.loc 1 251 0
 160 0020 2022     		mov	r2, #32
 161 0022 1343     		orr	r3, r2
 162              	.LVL8:
 163 0024 01E0     		b	.L8
 164              	.L7:
 252:Generated_Source\PSoC4/cyfitter_cfg.c **** 	}
 253:Generated_Source\PSoC4/cyfitter_cfg.c **** 	else
 254:Generated_Source\PSoC4/cyfitter_cfg.c **** 	{
 255:Generated_Source\PSoC4/cyfitter_cfg.c **** 		regValue &= ~0x00000020u;
 165              		.loc 1 255 0
 166 0026 2022     		mov	r2, #32
 167 0028 9343     		bic	r3, r2
 168              	.LVL9:
 169              	.L8:
 256:Generated_Source\PSoC4/cyfitter_cfg.c **** 	}
 257:Generated_Source\PSoC4/cyfitter_cfg.c **** 	CY_SET_XTND_REG32((void *)(CYREG_CLK_SELECT), regValue);
 170              		.loc 1 257 0
 171 002a 024A     		ldr	r2, .L9+4
 172 002c 1360     		str	r3, [r2]
 258:Generated_Source\PSoC4/cyfitter_cfg.c **** }
 173              		.loc 1 258 0
 174              		@ sp needed
 175 002e 7047     		bx	lr
 176              	.L10:
 177              		.align	2
 178              	.L9:
 179 0030 00200240 		.word	1073881088
 180 0034 28000340 		.word	1073938472
 181              		.cfi_endproc
 182              	.LFE6:
 183              		.size	SetAnalogRoutingPumps, .-SetAnalogRoutingPumps
 184              		.section	.text.AnalogSetDefault,"ax",%progbits
 185              		.align	2
 186              		.code	16
 187              		.thumb_func
 188              		.type	AnalogSetDefault, %function
 189              	AnalogSetDefault:
 190              	.LFB5:
 214:Generated_Source\PSoC4/cyfitter_cfg.c **** 	CY_SET_XTND_REG32((void CYFAR *)CYREG_CSD_SW_DSI_SEL, 0x00000001u);
 191              		.loc 1 214 0
 192              		.cfi_startproc
 193 0000 08B5     		push	{r3, lr}
 194              		.cfi_def_cfa_offset 8
 195              		.cfi_offset 3, -8
 196              		.cfi_offset 14, -4
 215:Generated_Source\PSoC4/cyfitter_cfg.c **** 	SetAnalogRoutingPumps(1);
ARM GAS  C:\Users\TB1014~1\AppData\Local\Temp\ccYilXDd.s 			page 9


 197              		.loc 1 215 0
 198 0002 0122     		mov	r2, #1
 199 0004 024B     		ldr	r3, .L12
 200 0006 1A60     		str	r2, [r3]
 216:Generated_Source\PSoC4/cyfitter_cfg.c **** }
 201              		.loc 1 216 0
 202 0008 0120     		mov	r0, #1
 203 000a FFF7FEFF 		bl	SetAnalogRoutingPumps
 204              	.LVL10:
 217:Generated_Source\PSoC4/cyfitter_cfg.c **** 
 205              		.loc 1 217 0
 206              		@ sp needed
 207 000e 08BD     		pop	{r3, pc}
 208              	.L13:
 209              		.align	2
 210              	.L12:
 211 0010 C0020B40 		.word	1074463424
 212              		.cfi_endproc
 213              	.LFE5:
 214              		.size	AnalogSetDefault, .-AnalogSetDefault
 215              		.section	.psocinit
 216              		.align	2
 217              		.global	cyfitter_cfg
 218              		.code	16
 219              		.thumb_func
 220              		.type	cyfitter_cfg, %function
 221              	cyfitter_cfg:
 222              	.LFB7:
 259:Generated_Source\PSoC4/cyfitter_cfg.c **** 
 260:Generated_Source\PSoC4/cyfitter_cfg.c **** #define CY_AMUX_UNUSED CYREG_CM0P_ROM_DWT
 261:Generated_Source\PSoC4/cyfitter_cfg.c **** 
 262:Generated_Source\PSoC4/cyfitter_cfg.c **** 
 263:Generated_Source\PSoC4/cyfitter_cfg.c **** /*******************************************************************************
 264:Generated_Source\PSoC4/cyfitter_cfg.c **** * Function Name: cyfitter_cfg
 265:Generated_Source\PSoC4/cyfitter_cfg.c **** ********************************************************************************
 266:Generated_Source\PSoC4/cyfitter_cfg.c **** * Summary:
 267:Generated_Source\PSoC4/cyfitter_cfg.c **** *  This function is called by the start-up code for the selected device. It
 268:Generated_Source\PSoC4/cyfitter_cfg.c **** *  performs all of the necessary device configuration based on the design
 269:Generated_Source\PSoC4/cyfitter_cfg.c **** *  settings.  This includes settings from the Design Wide Resources (DWR) such
 270:Generated_Source\PSoC4/cyfitter_cfg.c **** *  as Clocks and Pins as well as any component configuration that is necessary.
 271:Generated_Source\PSoC4/cyfitter_cfg.c **** *
 272:Generated_Source\PSoC4/cyfitter_cfg.c **** * Parameters:  
 273:Generated_Source\PSoC4/cyfitter_cfg.c **** *   void
 274:Generated_Source\PSoC4/cyfitter_cfg.c **** *
 275:Generated_Source\PSoC4/cyfitter_cfg.c **** * Return:
 276:Generated_Source\PSoC4/cyfitter_cfg.c **** *   void
 277:Generated_Source\PSoC4/cyfitter_cfg.c **** *
 278:Generated_Source\PSoC4/cyfitter_cfg.c **** *******************************************************************************/
 279:Generated_Source\PSoC4/cyfitter_cfg.c **** CY_CFG_SECTION
 280:Generated_Source\PSoC4/cyfitter_cfg.c **** void cyfitter_cfg(void)
 281:Generated_Source\PSoC4/cyfitter_cfg.c **** {
 223              		.loc 1 281 0
 224              		.cfi_startproc
 225 009c 08B5     		push	{r3, lr}
 226              		.cfi_def_cfa_offset 8
 227              		.cfi_offset 3, -8
 228              		.cfi_offset 14, -4
ARM GAS  C:\Users\TB1014~1\AppData\Local\Temp\ccYilXDd.s 			page 10


 282:Generated_Source\PSoC4/cyfitter_cfg.c **** 	/* Disable interrupts by default. Let user enable if/when they want. */
 283:Generated_Source\PSoC4/cyfitter_cfg.c **** 	CyGlobalIntDisable;
 229              		.loc 1 283 0
 230              	@ 283 "Generated_Source\PSoC4\cyfitter_cfg.c" 1
 231 009e 72B6     		CPSID   i
 232              	@ 0 "" 2
 284:Generated_Source\PSoC4/cyfitter_cfg.c **** 
 285:Generated_Source\PSoC4/cyfitter_cfg.c **** 	{
 286:Generated_Source\PSoC4/cyfitter_cfg.c **** 		/* HSIOM Starting address: CYDEV_HSIOM_BASE */
 287:Generated_Source\PSoC4/cyfitter_cfg.c **** 		CY_SET_XTND_REG32((void CYFAR *)(CYREG_HSIOM_PORT_SEL3), 0x0000EE99u);
 233              		.loc 1 287 0
 234              		.code	16
 235 00a0 194A     		ldr	r2, .L15
 236 00a2 1A4B     		ldr	r3, .L15+4
 237 00a4 1A60     		str	r2, [r3]
 288:Generated_Source\PSoC4/cyfitter_cfg.c **** 		CY_SET_XTND_REG32((void CYFAR *)(CYREG_HSIOM_PORT_SEL4), 0x00000F0Fu);
 238              		.loc 1 288 0
 239 00a6 1A4A     		ldr	r2, .L15+8
 240 00a8 1A4B     		ldr	r3, .L15+12
 241 00aa 1A60     		str	r2, [r3]
 289:Generated_Source\PSoC4/cyfitter_cfg.c **** 
 290:Generated_Source\PSoC4/cyfitter_cfg.c **** 	}
 291:Generated_Source\PSoC4/cyfitter_cfg.c **** 
 292:Generated_Source\PSoC4/cyfitter_cfg.c **** 	/* Perform second pass device configuration. These items must be configured in specific order afte
 293:Generated_Source\PSoC4/cyfitter_cfg.c **** 	/* IOPINS0_0 Starting address: CYDEV_GPIO_PRT0_BASE */
 294:Generated_Source\PSoC4/cyfitter_cfg.c **** 	CY_SET_XTND_REG32((void CYFAR *)(CYDEV_GPIO_PRT0_BASE), 0x0000006Fu);
 242              		.loc 1 294 0
 243 00ac 6F23     		mov	r3, #111
 244 00ae 1A4A     		ldr	r2, .L15+16
 245 00b0 1360     		str	r3, [r2]
 295:Generated_Source\PSoC4/cyfitter_cfg.c **** 	CY_SET_XTND_REG32((void CYFAR *)(CYREG_GPIO_PRT0_PC2), 0x0000006Fu);
 246              		.loc 1 295 0
 247 00b2 1A4A     		ldr	r2, .L15+20
 248 00b4 1360     		str	r3, [r2]
 296:Generated_Source\PSoC4/cyfitter_cfg.c **** 
 297:Generated_Source\PSoC4/cyfitter_cfg.c **** 	/* IOPINS0_1 Starting address: CYDEV_GPIO_PRT1_BASE */
 298:Generated_Source\PSoC4/cyfitter_cfg.c **** 	CY_SET_XTND_REG32((void CYFAR *)(CYDEV_GPIO_PRT1_BASE), 0x0000008Cu);
 249              		.loc 1 298 0
 250 00b6 1D33     		add	r3, r3, #29
 251 00b8 194A     		ldr	r2, .L15+24
 252 00ba 1360     		str	r3, [r2]
 299:Generated_Source\PSoC4/cyfitter_cfg.c **** 	CY_SET_XTND_REG32((void CYFAR *)(CYREG_GPIO_PRT1_PC), 0x00000036u);
 253              		.loc 1 299 0
 254 00bc 3621     		mov	r1, #54
 255 00be 194A     		ldr	r2, .L15+28
 256 00c0 1160     		str	r1, [r2]
 300:Generated_Source\PSoC4/cyfitter_cfg.c **** 	CY_SET_XTND_REG32((void CYFAR *)(CYREG_GPIO_PRT1_PC2), 0x0000008Cu);
 257              		.loc 1 300 0
 258 00c2 194A     		ldr	r2, .L15+32
 259 00c4 1360     		str	r3, [r2]
 301:Generated_Source\PSoC4/cyfitter_cfg.c **** 
 302:Generated_Source\PSoC4/cyfitter_cfg.c **** 	/* IOPINS0_2 Starting address: CYDEV_GPIO_PRT2_BASE */
 303:Generated_Source\PSoC4/cyfitter_cfg.c **** 	CY_SET_XTND_REG32((void CYFAR *)(CYDEV_GPIO_PRT2_BASE), 0x000000EAu);
 260              		.loc 1 303 0
 261 00c6 EA22     		mov	r2, #234
 262 00c8 184B     		ldr	r3, .L15+36
 263 00ca 1A60     		str	r2, [r3]
ARM GAS  C:\Users\TB1014~1\AppData\Local\Temp\ccYilXDd.s 			page 11


 304:Generated_Source\PSoC4/cyfitter_cfg.c **** 	CY_SET_XTND_REG32((void CYFAR *)(CYREG_GPIO_PRT2_PC), 0x00000010u);
 264              		.loc 1 304 0
 265 00cc DA3A     		sub	r2, r2, #218
 266 00ce 184B     		ldr	r3, .L15+40
 267 00d0 1A60     		str	r2, [r3]
 305:Generated_Source\PSoC4/cyfitter_cfg.c **** 	CY_SET_XTND_REG32((void CYFAR *)(CYREG_GPIO_PRT2_PC2), 0x000000ECu);
 268              		.loc 1 305 0
 269 00d2 DC32     		add	r2, r2, #220
 270 00d4 174B     		ldr	r3, .L15+44
 271 00d6 1A60     		str	r2, [r3]
 306:Generated_Source\PSoC4/cyfitter_cfg.c **** 
 307:Generated_Source\PSoC4/cyfitter_cfg.c **** 	/* IOPINS0_3 Starting address: CYDEV_GPIO_PRT3_BASE */
 308:Generated_Source\PSoC4/cyfitter_cfg.c **** 	CY_SET_XTND_REG32((void CYFAR *)(CYDEV_GPIO_PRT3_BASE), 0x00000002u);
 272              		.loc 1 308 0
 273 00d8 0223     		mov	r3, #2
 274 00da 174A     		ldr	r2, .L15+48
 275 00dc 1360     		str	r3, [r2]
 309:Generated_Source\PSoC4/cyfitter_cfg.c **** 	CY_SET_XTND_REG32((void CYFAR *)(CYREG_GPIO_PRT3_PC), 0x00000DB1u);
 276              		.loc 1 309 0
 277 00de 1749     		ldr	r1, .L15+52
 278 00e0 174A     		ldr	r2, .L15+56
 279 00e2 1160     		str	r1, [r2]
 310:Generated_Source\PSoC4/cyfitter_cfg.c **** 	CY_SET_XTND_REG32((void CYFAR *)(CYREG_GPIO_PRT3_PC2), 0x00000002u);
 280              		.loc 1 310 0
 281 00e4 174A     		ldr	r2, .L15+60
 282 00e6 1360     		str	r3, [r2]
 311:Generated_Source\PSoC4/cyfitter_cfg.c **** 
 312:Generated_Source\PSoC4/cyfitter_cfg.c **** 	/* IOPINS0_4 Starting address: CYDEV_GPIO_PRT4_BASE */
 313:Generated_Source\PSoC4/cyfitter_cfg.c **** 	CY_SET_XTND_REG32((void CYFAR *)(CYDEV_GPIO_PRT4_BASE), 0x00000005u);
 283              		.loc 1 313 0
 284 00e8 0522     		mov	r2, #5
 285 00ea 174B     		ldr	r3, .L15+64
 286 00ec 1A60     		str	r2, [r3]
 314:Generated_Source\PSoC4/cyfitter_cfg.c **** 	CY_SET_XTND_REG32((void CYFAR *)(CYREG_GPIO_PRT4_PC), 0x00000186u);
 287              		.loc 1 314 0
 288 00ee 8232     		add	r2, r2, #130
 289 00f0 FF32     		add	r2, r2, #255
 290 00f2 164B     		ldr	r3, .L15+68
 291 00f4 1A60     		str	r2, [r3]
 315:Generated_Source\PSoC4/cyfitter_cfg.c **** 	CY_SET_XTND_REG32((void CYFAR *)(CYREG_GPIO_PRT4_PC2), 0x0000000Du);
 292              		.loc 1 315 0
 293 00f6 7A3A     		sub	r2, r2, #122
 294 00f8 FF3A     		sub	r2, r2, #255
 295 00fa 154B     		ldr	r3, .L15+72
 296 00fc 1A60     		str	r2, [r3]
 316:Generated_Source\PSoC4/cyfitter_cfg.c **** 
 317:Generated_Source\PSoC4/cyfitter_cfg.c **** 
 318:Generated_Source\PSoC4/cyfitter_cfg.c **** 	/* Setup clocks based on selections from Clock DWR */
 319:Generated_Source\PSoC4/cyfitter_cfg.c **** 	ClockSetup();
 297              		.loc 1 319 0
 298 00fe FFF77FFF 		bl	ClockSetup
 299              	.LVL11:
 320:Generated_Source\PSoC4/cyfitter_cfg.c **** 
 321:Generated_Source\PSoC4/cyfitter_cfg.c **** 	/* Perform basic analog initialization to defaults */
 322:Generated_Source\PSoC4/cyfitter_cfg.c **** 	AnalogSetDefault();
 300              		.loc 1 322 0
 301 0102 FFF7FEFF 		bl	AnalogSetDefault
ARM GAS  C:\Users\TB1014~1\AppData\Local\Temp\ccYilXDd.s 			page 12


 302              	.LVL12:
 323:Generated_Source\PSoC4/cyfitter_cfg.c **** 
 324:Generated_Source\PSoC4/cyfitter_cfg.c **** }
 303              		.loc 1 324 0
 304              		@ sp needed
 305 0106 08BD     		pop	{r3, pc}
 306              	.L16:
 307              		.align	2
 308              	.L15:
 309 0108 99EE0000 		.word	61081
 310 010c 00030240 		.word	1073873664
 311 0110 0F0F0000 		.word	3855
 312 0114 00040240 		.word	1073873920
 313 0118 00000440 		.word	1074003968
 314 011c 18000440 		.word	1074003992
 315 0120 00010440 		.word	1074004224
 316 0124 08010440 		.word	1074004232
 317 0128 18010440 		.word	1074004248
 318 012c 00020440 		.word	1074004480
 319 0130 08020440 		.word	1074004488
 320 0134 18020440 		.word	1074004504
 321 0138 00030440 		.word	1074004736
 322 013c B10D0000 		.word	3505
 323 0140 08030440 		.word	1074004744
 324 0144 18030440 		.word	1074004760
 325 0148 00040440 		.word	1074004992
 326 014c 08040440 		.word	1074005000
 327 0150 18040440 		.word	1074005016
 328              		.cfi_endproc
 329              	.LFE7:
 330              		.size	cyfitter_cfg, .-cyfitter_cfg
 331              		.text
 332              	.Letext0:
 333              		.file 2 "Generated_Source\\PSoC4\\cytypes.h"
 334              		.file 3 "Generated_Source\\PSoC4\\CyLib.h"
 335              		.section	.debug_info,"",%progbits
 336              	.Ldebug_info0:
 337 0000 5F010000 		.4byte	0x15f
 338 0004 0400     		.2byte	0x4
 339 0006 00000000 		.4byte	.Ldebug_abbrev0
 340 000a 04       		.byte	0x4
 341 000b 01       		.uleb128 0x1
 342 000c 19010000 		.4byte	.LASF20
 343 0010 01       		.byte	0x1
 344 0011 15000000 		.4byte	.LASF21
 345 0015 C6010000 		.4byte	.LASF22
 346 0019 00000000 		.4byte	.Ldebug_ranges0+0
 347 001d 00000000 		.4byte	0
 348 0021 00000000 		.4byte	.Ldebug_line0
 349 0025 02       		.uleb128 0x2
 350 0026 04       		.byte	0x4
 351 0027 05       		.byte	0x5
 352 0028 696E7400 		.ascii	"int\000"
 353 002c 03       		.uleb128 0x3
 354 002d 04       		.byte	0x4
 355 002e 07       		.byte	0x7
 356 002f 3B000000 		.4byte	.LASF0
ARM GAS  C:\Users\TB1014~1\AppData\Local\Temp\ccYilXDd.s 			page 13


 357 0033 03       		.uleb128 0x3
 358 0034 01       		.byte	0x1
 359 0035 06       		.byte	0x6
 360 0036 0D010000 		.4byte	.LASF1
 361 003a 03       		.uleb128 0x3
 362 003b 01       		.byte	0x1
 363 003c 08       		.byte	0x8
 364 003d B5000000 		.4byte	.LASF2
 365 0041 03       		.uleb128 0x3
 366 0042 02       		.byte	0x2
 367 0043 05       		.byte	0x5
 368 0044 BC010000 		.4byte	.LASF3
 369 0048 03       		.uleb128 0x3
 370 0049 02       		.byte	0x2
 371 004a 07       		.byte	0x7
 372 004b FA000000 		.4byte	.LASF4
 373 004f 03       		.uleb128 0x3
 374 0050 04       		.byte	0x4
 375 0051 05       		.byte	0x5
 376 0052 C8000000 		.4byte	.LASF5
 377 0056 03       		.uleb128 0x3
 378 0057 04       		.byte	0x4
 379 0058 07       		.byte	0x7
 380 0059 4E000000 		.4byte	.LASF6
 381 005d 03       		.uleb128 0x3
 382 005e 08       		.byte	0x8
 383 005f 05       		.byte	0x5
 384 0060 00000000 		.4byte	.LASF7
 385 0064 03       		.uleb128 0x3
 386 0065 08       		.byte	0x8
 387 0066 07       		.byte	0x7
 388 0067 6D000000 		.4byte	.LASF8
 389 006b 03       		.uleb128 0x3
 390 006c 04       		.byte	0x4
 391 006d 07       		.byte	0x7
 392 006e 61020000 		.4byte	.LASF9
 393 0072 03       		.uleb128 0x3
 394 0073 01       		.byte	0x1
 395 0074 08       		.byte	0x8
 396 0075 C3000000 		.4byte	.LASF10
 397 0079 04       		.uleb128 0x4
 398 007a 48000000 		.4byte	.LASF11
 399 007e 02       		.byte	0x2
 400 007f B901     		.2byte	0x1b9
 401 0081 3A000000 		.4byte	0x3a
 402 0085 04       		.uleb128 0x4
 403 0086 0E000000 		.4byte	.LASF12
 404 008a 02       		.byte	0x2
 405 008b BB01     		.2byte	0x1bb
 406 008d 56000000 		.4byte	0x56
 407 0091 03       		.uleb128 0x3
 408 0092 04       		.byte	0x4
 409 0093 04       		.byte	0x4
 410 0094 84000000 		.4byte	.LASF13
 411 0098 03       		.uleb128 0x3
 412 0099 08       		.byte	0x8
 413 009a 04       		.byte	0x4
ARM GAS  C:\Users\TB1014~1\AppData\Local\Temp\ccYilXDd.s 			page 14


 414 009b ED000000 		.4byte	.LASF14
 415 009f 04       		.uleb128 0x4
 416 00a0 F4000000 		.4byte	.LASF15
 417 00a4 02       		.byte	0x2
 418 00a5 6502     		.2byte	0x265
 419 00a7 AB000000 		.4byte	0xab
 420 00ab 05       		.uleb128 0x5
 421 00ac 85000000 		.4byte	0x85
 422 00b0 06       		.uleb128 0x6
 423 00b1 E2000000 		.4byte	.LASF16
 424 00b5 01       		.byte	0x1
 425 00b6 9C       		.byte	0x9c
 426 00b7 00000000 		.4byte	.LFB4
 427 00bb 9C000000 		.4byte	.LFE4-.LFB4
 428 00bf 01       		.uleb128 0x1
 429 00c0 9C       		.byte	0x9c
 430 00c1 D5000000 		.4byte	0xd5
 431 00c5 07       		.uleb128 0x7
 432 00c6 0E000000 		.4byte	.LVL0
 433 00ca 55010000 		.4byte	0x155
 434 00ce 08       		.uleb128 0x8
 435 00cf 01       		.uleb128 0x1
 436 00d0 50       		.byte	0x50
 437 00d1 01       		.uleb128 0x1
 438 00d2 48       		.byte	0x48
 439 00d3 00       		.byte	0
 440 00d4 00       		.byte	0
 441 00d5 09       		.uleb128 0x9
 442 00d6 8A000000 		.4byte	.LASF18
 443 00da 01       		.byte	0x1
 444 00db EC       		.byte	0xec
 445 00dc 00000000 		.4byte	.LFB6
 446 00e0 38000000 		.4byte	.LFE6-.LFB6
 447 00e4 01       		.uleb128 0x1
 448 00e5 9C       		.byte	0x9c
 449 00e6 07010000 		.4byte	0x107
 450 00ea 0A       		.uleb128 0xa
 451 00eb AB010000 		.4byte	.LASF23
 452 00ef 01       		.byte	0x1
 453 00f0 EC       		.byte	0xec
 454 00f1 79000000 		.4byte	0x79
 455 00f5 01       		.uleb128 0x1
 456 00f6 50       		.byte	0x50
 457 00f7 0B       		.uleb128 0xb
 458 00f8 B3010000 		.4byte	.LASF24
 459 00fc 01       		.byte	0x1
 460 00fd EE       		.byte	0xee
 461 00fe 85000000 		.4byte	0x85
 462 0102 00000000 		.4byte	.LLST0
 463 0106 00       		.byte	0
 464 0107 06       		.uleb128 0x6
 465 0108 D1000000 		.4byte	.LASF17
 466 010c 01       		.byte	0x1
 467 010d D5       		.byte	0xd5
 468 010e 00000000 		.4byte	.LFB5
 469 0112 14000000 		.4byte	.LFE5-.LFB5
 470 0116 01       		.uleb128 0x1
ARM GAS  C:\Users\TB1014~1\AppData\Local\Temp\ccYilXDd.s 			page 15


 471 0117 9C       		.byte	0x9c
 472 0118 2C010000 		.4byte	0x12c
 473 011c 07       		.uleb128 0x7
 474 011d 0E000000 		.4byte	.LVL10
 475 0121 D5000000 		.4byte	0xd5
 476 0125 08       		.uleb128 0x8
 477 0126 01       		.uleb128 0x1
 478 0127 50       		.byte	0x50
 479 0128 01       		.uleb128 0x1
 480 0129 31       		.byte	0x31
 481 012a 00       		.byte	0
 482 012b 00       		.byte	0
 483 012c 0C       		.uleb128 0xc
 484 012d 60000000 		.4byte	.LASF19
 485 0131 01       		.byte	0x1
 486 0132 1801     		.2byte	0x118
 487 0134 9C000000 		.4byte	.LFB7
 488 0138 B8000000 		.4byte	.LFE7-.LFB7
 489 013c 01       		.uleb128 0x1
 490 013d 9C       		.byte	0x9c
 491 013e 55010000 		.4byte	0x155
 492 0142 0D       		.uleb128 0xd
 493 0143 02010000 		.4byte	.LVL11
 494 0147 B0000000 		.4byte	0xb0
 495 014b 0D       		.uleb128 0xd
 496 014c 06010000 		.4byte	.LVL12
 497 0150 07010000 		.4byte	0x107
 498 0154 00       		.byte	0
 499 0155 0E       		.uleb128 0xe
 500 0156 A0000000 		.4byte	.LASF25
 501 015a 03       		.byte	0x3
 502 015b 6C       		.byte	0x6c
 503 015c 0F       		.uleb128 0xf
 504 015d 85000000 		.4byte	0x85
 505 0161 00       		.byte	0
 506 0162 00       		.byte	0
 507              		.section	.debug_abbrev,"",%progbits
 508              	.Ldebug_abbrev0:
 509 0000 01       		.uleb128 0x1
 510 0001 11       		.uleb128 0x11
 511 0002 01       		.byte	0x1
 512 0003 25       		.uleb128 0x25
 513 0004 0E       		.uleb128 0xe
 514 0005 13       		.uleb128 0x13
 515 0006 0B       		.uleb128 0xb
 516 0007 03       		.uleb128 0x3
 517 0008 0E       		.uleb128 0xe
 518 0009 1B       		.uleb128 0x1b
 519 000a 0E       		.uleb128 0xe
 520 000b 55       		.uleb128 0x55
 521 000c 17       		.uleb128 0x17
 522 000d 11       		.uleb128 0x11
 523 000e 01       		.uleb128 0x1
 524 000f 10       		.uleb128 0x10
 525 0010 17       		.uleb128 0x17
 526 0011 00       		.byte	0
 527 0012 00       		.byte	0
ARM GAS  C:\Users\TB1014~1\AppData\Local\Temp\ccYilXDd.s 			page 16


 528 0013 02       		.uleb128 0x2
 529 0014 24       		.uleb128 0x24
 530 0015 00       		.byte	0
 531 0016 0B       		.uleb128 0xb
 532 0017 0B       		.uleb128 0xb
 533 0018 3E       		.uleb128 0x3e
 534 0019 0B       		.uleb128 0xb
 535 001a 03       		.uleb128 0x3
 536 001b 08       		.uleb128 0x8
 537 001c 00       		.byte	0
 538 001d 00       		.byte	0
 539 001e 03       		.uleb128 0x3
 540 001f 24       		.uleb128 0x24
 541 0020 00       		.byte	0
 542 0021 0B       		.uleb128 0xb
 543 0022 0B       		.uleb128 0xb
 544 0023 3E       		.uleb128 0x3e
 545 0024 0B       		.uleb128 0xb
 546 0025 03       		.uleb128 0x3
 547 0026 0E       		.uleb128 0xe
 548 0027 00       		.byte	0
 549 0028 00       		.byte	0
 550 0029 04       		.uleb128 0x4
 551 002a 16       		.uleb128 0x16
 552 002b 00       		.byte	0
 553 002c 03       		.uleb128 0x3
 554 002d 0E       		.uleb128 0xe
 555 002e 3A       		.uleb128 0x3a
 556 002f 0B       		.uleb128 0xb
 557 0030 3B       		.uleb128 0x3b
 558 0031 05       		.uleb128 0x5
 559 0032 49       		.uleb128 0x49
 560 0033 13       		.uleb128 0x13
 561 0034 00       		.byte	0
 562 0035 00       		.byte	0
 563 0036 05       		.uleb128 0x5
 564 0037 35       		.uleb128 0x35
 565 0038 00       		.byte	0
 566 0039 49       		.uleb128 0x49
 567 003a 13       		.uleb128 0x13
 568 003b 00       		.byte	0
 569 003c 00       		.byte	0
 570 003d 06       		.uleb128 0x6
 571 003e 2E       		.uleb128 0x2e
 572 003f 01       		.byte	0x1
 573 0040 03       		.uleb128 0x3
 574 0041 0E       		.uleb128 0xe
 575 0042 3A       		.uleb128 0x3a
 576 0043 0B       		.uleb128 0xb
 577 0044 3B       		.uleb128 0x3b
 578 0045 0B       		.uleb128 0xb
 579 0046 27       		.uleb128 0x27
 580 0047 19       		.uleb128 0x19
 581 0048 11       		.uleb128 0x11
 582 0049 01       		.uleb128 0x1
 583 004a 12       		.uleb128 0x12
 584 004b 06       		.uleb128 0x6
ARM GAS  C:\Users\TB1014~1\AppData\Local\Temp\ccYilXDd.s 			page 17


 585 004c 40       		.uleb128 0x40
 586 004d 18       		.uleb128 0x18
 587 004e 9742     		.uleb128 0x2117
 588 0050 19       		.uleb128 0x19
 589 0051 01       		.uleb128 0x1
 590 0052 13       		.uleb128 0x13
 591 0053 00       		.byte	0
 592 0054 00       		.byte	0
 593 0055 07       		.uleb128 0x7
 594 0056 898201   		.uleb128 0x4109
 595 0059 01       		.byte	0x1
 596 005a 11       		.uleb128 0x11
 597 005b 01       		.uleb128 0x1
 598 005c 31       		.uleb128 0x31
 599 005d 13       		.uleb128 0x13
 600 005e 00       		.byte	0
 601 005f 00       		.byte	0
 602 0060 08       		.uleb128 0x8
 603 0061 8A8201   		.uleb128 0x410a
 604 0064 00       		.byte	0
 605 0065 02       		.uleb128 0x2
 606 0066 18       		.uleb128 0x18
 607 0067 9142     		.uleb128 0x2111
 608 0069 18       		.uleb128 0x18
 609 006a 00       		.byte	0
 610 006b 00       		.byte	0
 611 006c 09       		.uleb128 0x9
 612 006d 2E       		.uleb128 0x2e
 613 006e 01       		.byte	0x1
 614 006f 3F       		.uleb128 0x3f
 615 0070 19       		.uleb128 0x19
 616 0071 03       		.uleb128 0x3
 617 0072 0E       		.uleb128 0xe
 618 0073 3A       		.uleb128 0x3a
 619 0074 0B       		.uleb128 0xb
 620 0075 3B       		.uleb128 0x3b
 621 0076 0B       		.uleb128 0xb
 622 0077 27       		.uleb128 0x27
 623 0078 19       		.uleb128 0x19
 624 0079 11       		.uleb128 0x11
 625 007a 01       		.uleb128 0x1
 626 007b 12       		.uleb128 0x12
 627 007c 06       		.uleb128 0x6
 628 007d 40       		.uleb128 0x40
 629 007e 18       		.uleb128 0x18
 630 007f 9742     		.uleb128 0x2117
 631 0081 19       		.uleb128 0x19
 632 0082 01       		.uleb128 0x1
 633 0083 13       		.uleb128 0x13
 634 0084 00       		.byte	0
 635 0085 00       		.byte	0
 636 0086 0A       		.uleb128 0xa
 637 0087 05       		.uleb128 0x5
 638 0088 00       		.byte	0
 639 0089 03       		.uleb128 0x3
 640 008a 0E       		.uleb128 0xe
 641 008b 3A       		.uleb128 0x3a
ARM GAS  C:\Users\TB1014~1\AppData\Local\Temp\ccYilXDd.s 			page 18


 642 008c 0B       		.uleb128 0xb
 643 008d 3B       		.uleb128 0x3b
 644 008e 0B       		.uleb128 0xb
 645 008f 49       		.uleb128 0x49
 646 0090 13       		.uleb128 0x13
 647 0091 02       		.uleb128 0x2
 648 0092 18       		.uleb128 0x18
 649 0093 00       		.byte	0
 650 0094 00       		.byte	0
 651 0095 0B       		.uleb128 0xb
 652 0096 34       		.uleb128 0x34
 653 0097 00       		.byte	0
 654 0098 03       		.uleb128 0x3
 655 0099 0E       		.uleb128 0xe
 656 009a 3A       		.uleb128 0x3a
 657 009b 0B       		.uleb128 0xb
 658 009c 3B       		.uleb128 0x3b
 659 009d 0B       		.uleb128 0xb
 660 009e 49       		.uleb128 0x49
 661 009f 13       		.uleb128 0x13
 662 00a0 02       		.uleb128 0x2
 663 00a1 17       		.uleb128 0x17
 664 00a2 00       		.byte	0
 665 00a3 00       		.byte	0
 666 00a4 0C       		.uleb128 0xc
 667 00a5 2E       		.uleb128 0x2e
 668 00a6 01       		.byte	0x1
 669 00a7 3F       		.uleb128 0x3f
 670 00a8 19       		.uleb128 0x19
 671 00a9 03       		.uleb128 0x3
 672 00aa 0E       		.uleb128 0xe
 673 00ab 3A       		.uleb128 0x3a
 674 00ac 0B       		.uleb128 0xb
 675 00ad 3B       		.uleb128 0x3b
 676 00ae 05       		.uleb128 0x5
 677 00af 27       		.uleb128 0x27
 678 00b0 19       		.uleb128 0x19
 679 00b1 11       		.uleb128 0x11
 680 00b2 01       		.uleb128 0x1
 681 00b3 12       		.uleb128 0x12
 682 00b4 06       		.uleb128 0x6
 683 00b5 40       		.uleb128 0x40
 684 00b6 18       		.uleb128 0x18
 685 00b7 9742     		.uleb128 0x2117
 686 00b9 19       		.uleb128 0x19
 687 00ba 01       		.uleb128 0x1
 688 00bb 13       		.uleb128 0x13
 689 00bc 00       		.byte	0
 690 00bd 00       		.byte	0
 691 00be 0D       		.uleb128 0xd
 692 00bf 898201   		.uleb128 0x4109
 693 00c2 00       		.byte	0
 694 00c3 11       		.uleb128 0x11
 695 00c4 01       		.uleb128 0x1
 696 00c5 31       		.uleb128 0x31
 697 00c6 13       		.uleb128 0x13
 698 00c7 00       		.byte	0
ARM GAS  C:\Users\TB1014~1\AppData\Local\Temp\ccYilXDd.s 			page 19


 699 00c8 00       		.byte	0
 700 00c9 0E       		.uleb128 0xe
 701 00ca 2E       		.uleb128 0x2e
 702 00cb 01       		.byte	0x1
 703 00cc 3F       		.uleb128 0x3f
 704 00cd 19       		.uleb128 0x19
 705 00ce 03       		.uleb128 0x3
 706 00cf 0E       		.uleb128 0xe
 707 00d0 3A       		.uleb128 0x3a
 708 00d1 0B       		.uleb128 0xb
 709 00d2 3B       		.uleb128 0x3b
 710 00d3 0B       		.uleb128 0xb
 711 00d4 27       		.uleb128 0x27
 712 00d5 19       		.uleb128 0x19
 713 00d6 3C       		.uleb128 0x3c
 714 00d7 19       		.uleb128 0x19
 715 00d8 00       		.byte	0
 716 00d9 00       		.byte	0
 717 00da 0F       		.uleb128 0xf
 718 00db 05       		.uleb128 0x5
 719 00dc 00       		.byte	0
 720 00dd 49       		.uleb128 0x49
 721 00de 13       		.uleb128 0x13
 722 00df 00       		.byte	0
 723 00e0 00       		.byte	0
 724 00e1 00       		.byte	0
 725              		.section	.debug_loc,"",%progbits
 726              	.Ldebug_loc0:
 727              	.LLST0:
 728 0000 04000000 		.4byte	.LVL2
 729 0004 12000000 		.4byte	.LVL4
 730 0008 0100     		.2byte	0x1
 731 000a 53       		.byte	0x53
 732 000b 14000000 		.4byte	.LVL5
 733 000f 1A000000 		.4byte	.LVL6
 734 0013 0100     		.2byte	0x1
 735 0015 53       		.byte	0x53
 736 0016 1A000000 		.4byte	.LVL6
 737 001a 1C000000 		.4byte	.LVL7
 738 001e 0200     		.2byte	0x2
 739 0020 72       		.byte	0x72
 740 0021 00       		.sleb128 0
 741 0022 1C000000 		.4byte	.LVL7
 742 0026 38000000 		.4byte	.LFE6
 743 002a 0100     		.2byte	0x1
 744 002c 53       		.byte	0x53
 745 002d 00000000 		.4byte	0
 746 0031 00000000 		.4byte	0
 747              		.section	.debug_aranges,"",%progbits
 748 0000 34000000 		.4byte	0x34
 749 0004 0200     		.2byte	0x2
 750 0006 00000000 		.4byte	.Ldebug_info0
 751 000a 04       		.byte	0x4
 752 000b 00       		.byte	0
 753 000c 0000     		.2byte	0
 754 000e 0000     		.2byte	0
 755 0010 00000000 		.4byte	.LFB4
ARM GAS  C:\Users\TB1014~1\AppData\Local\Temp\ccYilXDd.s 			page 20


 756 0014 9C000000 		.4byte	.LFE4-.LFB4
 757 0018 00000000 		.4byte	.LFB6
 758 001c 38000000 		.4byte	.LFE6-.LFB6
 759 0020 00000000 		.4byte	.LFB5
 760 0024 14000000 		.4byte	.LFE5-.LFB5
 761 0028 9C000000 		.4byte	.LFB7
 762 002c B8000000 		.4byte	.LFE7-.LFB7
 763 0030 00000000 		.4byte	0
 764 0034 00000000 		.4byte	0
 765              		.section	.debug_ranges,"",%progbits
 766              	.Ldebug_ranges0:
 767 0000 00000000 		.4byte	.LFB4
 768 0004 9C000000 		.4byte	.LFE4
 769 0008 00000000 		.4byte	.LFB6
 770 000c 38000000 		.4byte	.LFE6
 771 0010 00000000 		.4byte	.LFB5
 772 0014 14000000 		.4byte	.LFE5
 773 0018 9C000000 		.4byte	.LFB7
 774 001c 54010000 		.4byte	.LFE7
 775 0020 00000000 		.4byte	0
 776 0024 00000000 		.4byte	0
 777              		.section	.debug_line,"",%progbits
 778              	.Ldebug_line0:
 779 0000 C2000000 		.section	.debug_str,"MS",%progbits,1
 779      02005400 
 779      00000201 
 779      FB0E0D00 
 779      01010101 
 780              	.LASF7:
 781 0000 6C6F6E67 		.ascii	"long long int\000"
 781      206C6F6E 
 781      6720696E 
 781      7400
 782              	.LASF12:
 783 000e 75696E74 		.ascii	"uint32\000"
 783      333200
 784              	.LASF21:
 785 0015 47656E65 		.ascii	"Generated_Source\\PSoC4\\cyfitter_cfg.c\000"
 785      72617465 
 785      645F536F 
 785      75726365 
 785      5C50536F 
 786              	.LASF0:
 787 003b 756E7369 		.ascii	"unsigned int\000"
 787      676E6564 
 787      20696E74 
 787      00
 788              	.LASF11:
 789 0048 75696E74 		.ascii	"uint8\000"
 789      3800
 790              	.LASF6:
 791 004e 6C6F6E67 		.ascii	"long unsigned int\000"
 791      20756E73 
 791      69676E65 
 791      6420696E 
 791      7400
 792              	.LASF19:
ARM GAS  C:\Users\TB1014~1\AppData\Local\Temp\ccYilXDd.s 			page 21


 793 0060 63796669 		.ascii	"cyfitter_cfg\000"
 793      74746572 
 793      5F636667 
 793      00
 794              	.LASF8:
 795 006d 6C6F6E67 		.ascii	"long long unsigned int\000"
 795      206C6F6E 
 795      6720756E 
 795      7369676E 
 795      65642069 
 796              	.LASF13:
 797 0084 666C6F61 		.ascii	"float\000"
 797      7400
 798              	.LASF18:
 799 008a 53657441 		.ascii	"SetAnalogRoutingPumps\000"
 799      6E616C6F 
 799      67526F75 
 799      74696E67 
 799      50756D70 
 800              	.LASF25:
 801 00a0 43795379 		.ascii	"CySysClkWriteImoFreq\000"
 801      73436C6B 
 801      57726974 
 801      65496D6F 
 801      46726571 
 802              	.LASF2:
 803 00b5 756E7369 		.ascii	"unsigned char\000"
 803      676E6564 
 803      20636861 
 803      7200
 804              	.LASF10:
 805 00c3 63686172 		.ascii	"char\000"
 805      00
 806              	.LASF5:
 807 00c8 6C6F6E67 		.ascii	"long int\000"
 807      20696E74 
 807      00
 808              	.LASF17:
 809 00d1 416E616C 		.ascii	"AnalogSetDefault\000"
 809      6F675365 
 809      74446566 
 809      61756C74 
 809      00
 810              	.LASF16:
 811 00e2 436C6F63 		.ascii	"ClockSetup\000"
 811      6B536574 
 811      757000
 812              	.LASF14:
 813 00ed 646F7562 		.ascii	"double\000"
 813      6C6500
 814              	.LASF15:
 815 00f4 72656733 		.ascii	"reg32\000"
 815      3200
 816              	.LASF4:
 817 00fa 73686F72 		.ascii	"short unsigned int\000"
 817      7420756E 
 817      7369676E 
ARM GAS  C:\Users\TB1014~1\AppData\Local\Temp\ccYilXDd.s 			page 22


 817      65642069 
 817      6E7400
 818              	.LASF1:
 819 010d 7369676E 		.ascii	"signed char\000"
 819      65642063 
 819      68617200 
 820              	.LASF20:
 821 0119 474E5520 		.ascii	"GNU C 4.9.3 20150303 (release) [ARM/embedded-4_9-br"
 821      4320342E 
 821      392E3320 
 821      32303135 
 821      30333033 
 822 014c 616E6368 		.ascii	"anch revision 221220] -mcpu=cortex-m0plus -mthumb -"
 822      20726576 
 822      6973696F 
 822      6E203232 
 822      31323230 
 823 017f 67202D4F 		.ascii	"g -Og -ffunction-sections -ffat-lto-objects\000"
 823      67202D66 
 823      66756E63 
 823      74696F6E 
 823      2D736563 
 824              	.LASF23:
 825 01ab 656E6162 		.ascii	"enabled\000"
 825      6C656400 
 826              	.LASF24:
 827 01b3 72656756 		.ascii	"regValue\000"
 827      616C7565 
 827      00
 828              	.LASF3:
 829 01bc 73686F72 		.ascii	"short int\000"
 829      7420696E 
 829      7400
 830              	.LASF22:
 831 01c6 433A5C55 		.ascii	"C:\\Users\\tb1014481\\Documents\\#PROJECTS#\\Eddie\\"
 831      73657273 
 831      5C746231 
 831      30313434 
 831      38315C44 
 832 01f4 536F6674 		.ascii	"Software\\Cypress_PSoC\\Eddie_DP0.0\\Slider_WS.Bund"
 832      77617265 
 832      5C437970 
 832      72657373 
 832      5F50536F 
 833 0224 6C653035 		.ascii	"le05.cywrk.Archive04_LEDs_DEMO\\Eddie_DP0_Slider\\S"
 833      2E637977 
 833      726B2E41 
 833      72636869 
 833      76653034 
 834 0255 6C696465 		.ascii	"lider.cydsn\000"
 834      722E6379 
 834      64736E00 
 835              	.LASF9:
 836 0261 73697A65 		.ascii	"sizetype\000"
 836      74797065 
 836      00
 837              		.ident	"GCC: (GNU Tools for ARM Embedded Processors) 4.9.3 20150303 (release) [ARM/embedded-4_9-br
ARM GAS  C:\Users\TB1014~1\AppData\Local\Temp\ccYilXDd.s 			page 23


