Loading plugins phase: Elapsed time ==> 0s.320ms
<CYPRESSTAG name="CyDsfit arguments...">
cydsfit arguments: -.fdsnotice -.fdswarpdepfile=warp_dependencies.txt -.fdselabdepfile=elab_dependencies.txt -.fdsbldfile=generated_files.txt -.fdsreffile=referenced_files.txt -p C:\Bruno\Slider_WS.Bundle05\Slider\Slider.cydsn\Slider.cyprj -d CY8C4045LQI-S411 -s C:\Bruno\Slider_WS.Bundle05\Slider\Slider.cydsn\Generated_Source\PSoC4 -- -yv2 -q10 -ygs -o2 -v3 -.fftcfgtype=LE</CYPRESSTAG>
<CYPRESSTAG name="Design elaboration results...">
</CYPRESSTAG>
Elaboration phase: Elapsed time ==> 2s.021ms
<CYPRESSTAG name="HDL generation results...">
</CYPRESSTAG>
HDL generation phase: Elapsed time ==> 0s.060ms
<CYPRESSTAG name="Synthesis results...">

     | | | | | | |
   _________________
  -|               |-
  -|               |-
  -|               |-
  -|    CYPRESS    |-
  -|               |-
  -|               |-   Warp Verilog Synthesis Compiler: Version 6.3 IR 41
  -|               |-   Copyright (C) 1991-2001 Cypress Semiconductor
   |_______________|
     | | | | | | |

======================================================================
Compiling:  Slider.v
Program  :   C:\Program Files (x86)\Cypress\PSoC Creator\4.0\PSoC Creator\warp\bin\warp.exe
Options  :    -yv2 -q10 -ygs -o2 -v3 -.fftcfgtype=LE -ya -.fftprj=C:\Bruno\Slider_WS.Bundle05\Slider\Slider.cydsn\Slider.cyprj -dcpsoc3 Slider.v -verilog
======================================================================

======================================================================
Compiling:  Slider.v
Program  :   C:\Program Files (x86)\Cypress\PSoC Creator\4.0\PSoC Creator\warp\bin\warp.exe
Options  :    -yv2 -q10 -ygs -o2 -v3 -.fftcfgtype=LE -ya -.fftprj=C:\Bruno\Slider_WS.Bundle05\Slider\Slider.cydsn\Slider.cyprj -dcpsoc3 Slider.v -verilog
======================================================================

======================================================================
Compiling:  Slider.v
Program  :   vlogfe
Options  :    -yv2 -q10 -ygs -o2 -v3 -.fftcfgtype=LE -ya -.fftprj=C:\Bruno\Slider_WS.Bundle05\Slider\Slider.cydsn\Slider.cyprj -dcpsoc3 -verilog Slider.v
======================================================================

vlogfe V6.3 IR 41:  Verilog parser
Mon Feb 06 13:31:01 2017


======================================================================
Compiling:  Slider.v
Program  :   vpp
Options  :    -yv2 -q10 Slider.v
======================================================================

vpp V6.3 IR 41:  Verilog Pre-Processor
Mon Feb 06 13:31:01 2017

Flattening file 'C:\Program Files (x86)\Cypress\PSoC Creator\4.0\PSoC Creator\psoc\content\cyprimitives\CyPrimitives.cylib\cy_analog_virtualmux_v1_0\cy_analog_virtualmux_v1_0.v'
Flattening file 'C:\Program Files (x86)\Cypress\PSoC Creator\4.0\PSoC Creator\psoc\content\cyprimitives\CyPrimitives.cylib\ZeroTerminal\ZeroTerminal.v'
Flattening file 'C:\Program Files (x86)\Cypress\PSoC Creator\4.0\PSoC Creator\psoc\content\cyprimitives\CyPrimitives.cylib\or_v1_0\or_v1_0.v'
Flattening file 'C:\Program Files (x86)\Cypress\PSoC Creator\4.0\PSoC Creator\psoc\content\cyprimitives\CyPrimitives.cylib\cy_virtualmux_v1_0\cy_virtualmux_v1_0.v'

vpp:  No errors.

Library 'work' => directory 'lcpsoc3'
General_symbol_table
General_symbol_table
Linking 'C:\Program Files (x86)\Cypress\PSoC Creator\4.0\PSoC Creator\warp\lib\common\std.vhd'.
Linking 'C:\Program Files (x86)\Cypress\PSoC Creator\4.0\PSoC Creator\warp\lib\common\cypress.vhd'.
Linking 'C:\Program Files (x86)\Cypress\PSoC Creator\4.0\PSoC Creator\warp\lib\common\work\cypress.vif'.
Linking 'C:\Program Files (x86)\Cypress\PSoC Creator\4.0\PSoC Creator\warp\lib\ieee\work\stdlogic.vif'.
Linking 'C:\Program Files (x86)\Cypress\PSoC Creator\4.0\PSoC Creator\warp\lib\common\stdlogic\lpmpkg.vif'.
Linking 'C:\Program Files (x86)\Cypress\PSoC Creator\4.0\PSoC Creator\warp\lib\common\stdlogic\rtlpkg.vif'.
Linking 'C:\Program Files (x86)\Cypress\PSoC Creator\4.0\PSoC Creator\warp\lib\common\stdlogic\mod_cnst.vif'.
Linking 'C:\Program Files (x86)\Cypress\PSoC Creator\4.0\PSoC Creator\warp\lib\common\stdlogic\mod_mthv.vif'.
Linking 'C:\Program Files (x86)\Cypress\PSoC Creator\4.0\PSoC Creator\warp\lib\common\stdlogic\mod_genv.vif'.
Using control file 'Slider.ctl'.

vlogfe:  No errors.


======================================================================
Compiling:  Slider.v
Program  :   tovif
Options  :    -yv2 -q10 -ygs -o2 -v3 -.fftcfgtype=LE -ya -.fftprj=C:\Bruno\Slider_WS.Bundle05\Slider\Slider.cydsn\Slider.cyprj -dcpsoc3 -verilog Slider.v
======================================================================

tovif V6.3 IR 41:  High-level synthesis
Mon Feb 06 13:31:01 2017

Linking 'C:\Program Files (x86)\Cypress\PSoC Creator\4.0\PSoC Creator\warp\lib\common\std.vhd'.
Linking 'C:\Program Files (x86)\Cypress\PSoC Creator\4.0\PSoC Creator\warp\lib\common\cypress.vhd'.
Linking 'C:\Program Files (x86)\Cypress\PSoC Creator\4.0\PSoC Creator\warp\lib\common\work\cypress.vif'.
Linking 'C:\Program Files (x86)\Cypress\PSoC Creator\4.0\PSoC Creator\warp\lib\ieee\work\stdlogic.vif'.
Linking 'C:\Program Files (x86)\Cypress\PSoC Creator\4.0\PSoC Creator\warp\lib\common\stdlogic\lpmpkg.vif'.
Linking 'C:\Program Files (x86)\Cypress\PSoC Creator\4.0\PSoC Creator\warp\lib\common\stdlogic\rtlpkg.vif'.
Linking 'C:\Program Files (x86)\Cypress\PSoC Creator\4.0\PSoC Creator\warp\lib\common\stdlogic\mod_cnst.vif'.
Linking 'C:\Program Files (x86)\Cypress\PSoC Creator\4.0\PSoC Creator\warp\lib\common\stdlogic\mod_mthv.vif'.
Linking 'C:\Program Files (x86)\Cypress\PSoC Creator\4.0\PSoC Creator\warp\lib\common\stdlogic\mod_genv.vif'.
Linking 'C:\Bruno\Slider_WS.Bundle05\Slider\Slider.cydsn\codegentemp\Slider.ctl'.
Linking 'C:\Program Files (x86)\Cypress\PSoC Creator\4.0\PSoC Creator\psoc\content\cyprimitives\CyPrimitives.cylib\cy_analog_virtualmux_v1_0\cy_analog_virtualmux_v1_0.v'.
Linking 'C:\Bruno\Slider_WS.Bundle05\Slider\Slider.cydsn\codegentemp\Slider.v'.
Linking 'C:\Program Files (x86)\Cypress\PSoC Creator\4.0\PSoC Creator\psoc\content\cyprimitives\CyPrimitives.cylib\ZeroTerminal\ZeroTerminal.v'.
Linking 'C:\Program Files (x86)\Cypress\PSoC Creator\4.0\PSoC Creator\psoc\content\cyprimitives\CyPrimitives.cylib\or_v1_0\or_v1_0.v'.
Linking 'C:\Program Files (x86)\Cypress\PSoC Creator\4.0\PSoC Creator\psoc\content\cyprimitives\CyPrimitives.cylib\cy_virtualmux_v1_0\cy_virtualmux_v1_0.v'.

tovif:  No errors.


======================================================================
Compiling:  Slider.v
Program  :   topld
Options  :    -yv2 -q10 -ygs -o2 -v3 -.fftcfgtype=LE -ya -.fftprj=C:\Bruno\Slider_WS.Bundle05\Slider\Slider.cydsn\Slider.cyprj -dcpsoc3 -verilog Slider.v
======================================================================

topld V6.3 IR 41:  Synthesis and optimization
Mon Feb 06 13:31:02 2017

Linking 'C:\Program Files (x86)\Cypress\PSoC Creator\4.0\PSoC Creator\warp\lib\common\std.vhd'.
Linking 'C:\Program Files (x86)\Cypress\PSoC Creator\4.0\PSoC Creator\warp\lib\common\cypress.vhd'.
Linking 'C:\Program Files (x86)\Cypress\PSoC Creator\4.0\PSoC Creator\warp\lib\common\work\cypress.vif'.
Linking 'C:\Program Files (x86)\Cypress\PSoC Creator\4.0\PSoC Creator\warp\lib\ieee\work\stdlogic.vif'.
Linking 'C:\Program Files (x86)\Cypress\PSoC Creator\4.0\PSoC Creator\warp\lib\common\stdlogic\lpmpkg.vif'.
Linking 'C:\Program Files (x86)\Cypress\PSoC Creator\4.0\PSoC Creator\warp\lib\common\stdlogic\rtlpkg.vif'.
Linking 'C:\Program Files (x86)\Cypress\PSoC Creator\4.0\PSoC Creator\warp\lib\common\stdlogic\mod_cnst.vif'.
Linking 'C:\Program Files (x86)\Cypress\PSoC Creator\4.0\PSoC Creator\warp\lib\common\stdlogic\mod_mthv.vif'.
Linking 'C:\Program Files (x86)\Cypress\PSoC Creator\4.0\PSoC Creator\warp\lib\common\stdlogic\mod_genv.vif'.
Linking 'C:\Bruno\Slider_WS.Bundle05\Slider\Slider.cydsn\codegentemp\Slider.ctl'.
Linking 'C:\Program Files (x86)\Cypress\PSoC Creator\4.0\PSoC Creator\psoc\content\cyprimitives\CyPrimitives.cylib\cy_analog_virtualmux_v1_0\cy_analog_virtualmux_v1_0.v'.
Linking 'C:\Bruno\Slider_WS.Bundle05\Slider\Slider.cydsn\codegentemp\Slider.v'.
Linking 'C:\Program Files (x86)\Cypress\PSoC Creator\4.0\PSoC Creator\psoc\content\cyprimitives\CyPrimitives.cylib\ZeroTerminal\ZeroTerminal.v'.
Linking 'C:\Program Files (x86)\Cypress\PSoC Creator\4.0\PSoC Creator\psoc\content\cyprimitives\CyPrimitives.cylib\or_v1_0\or_v1_0.v'.
Linking 'C:\Program Files (x86)\Cypress\PSoC Creator\4.0\PSoC Creator\psoc\content\cyprimitives\CyPrimitives.cylib\cy_virtualmux_v1_0\cy_virtualmux_v1_0.v'.
Linking 'C:\Program Files (x86)\Cypress\PSoC Creator\4.0\PSoC Creator\warp\lib\lcpsoc3\stdlogic\cpsoc3.vif'.

----------------------------------------------------------
Detecting unused logic.
----------------------------------------------------------
    User names
	\CapSense:Net_147\
	\CapSense:Net_146\
	\SPIM:Net_1257\
	\SPIM:uncfg_rx_irq\
	\SPIM:Net_1099\
	\SPIM:Net_1258\
	Net_112
	Net_113
	Net_122
	Net_123
	Net_124
	Net_125
	Net_126
	Net_127
	Net_128
	\UART_1:Net_1257\
	\UART_1:uncfg_rx_irq\
	\UART_1:Net_1099\
	\UART_1:Net_1258\
	Net_131
	Net_132
	Net_141
	Net_142
	Net_143
	Net_144
	Net_145
	Net_146
	Net_147


Deleted 28 User equations/components.
Deleted 0 Synthesized equations/components.

------------------------------------------------------
Alias Detection
------------------------------------------------------
Aliasing \CapSense:Net_94\ to \CapSense:Net_95\
Aliasing \CapSense:Net_93\ to \CapSense:Net_95\
Aliasing \CapSense:Net_92\ to \CapSense:Net_95\
Aliasing \CapSense:tmpOE__Sns_net_8\ to \CapSense:tmpOE__Sns_net_9\
Aliasing \CapSense:tmpOE__Sns_net_7\ to \CapSense:tmpOE__Sns_net_9\
Aliasing \CapSense:tmpOE__Sns_net_6\ to \CapSense:tmpOE__Sns_net_9\
Aliasing \CapSense:tmpOE__Sns_net_5\ to \CapSense:tmpOE__Sns_net_9\
Aliasing \CapSense:tmpOE__Sns_net_4\ to \CapSense:tmpOE__Sns_net_9\
Aliasing \CapSense:tmpOE__Sns_net_3\ to \CapSense:tmpOE__Sns_net_9\
Aliasing \CapSense:tmpOE__Sns_net_2\ to \CapSense:tmpOE__Sns_net_9\
Aliasing \CapSense:tmpOE__Sns_net_1\ to \CapSense:tmpOE__Sns_net_9\
Aliasing \CapSense:tmpOE__Sns_net_0\ to \CapSense:tmpOE__Sns_net_9\
Aliasing zero to \CapSense:Net_95\
Aliasing one to \CapSense:tmpOE__Sns_net_9\
Aliasing \CapSense:Net_57\ to \CapSense:Net_95\
Aliasing \CapSense:Net_56\ to \CapSense:Net_95\
Aliasing \CapSense:Net_55\ to \CapSense:Net_95\
Aliasing \CapSense:Net_54\ to \CapSense:Net_95\
Aliasing \CapSense:Net_44\ to \CapSense:Net_95\
Aliasing \CapSense:Net_46\ to \CapSense:Net_95\
Aliasing \CapSense:Net_47\ to \CapSense:Net_95\
Aliasing \CapSense:Net_48\ to \CapSense:Net_95\
Aliasing \CapSense:tmpOE__Cmod_net_0\ to \CapSense:tmpOE__Sns_net_9\
Aliasing tmpOE__Latch_net_0 to \CapSense:tmpOE__Sns_net_9\
Aliasing tmpOE__Blank_net_0 to \CapSense:tmpOE__Sns_net_9\
Aliasing \SPIM:select_s_wire\ to \CapSense:Net_95\
Aliasing \SPIM:rx_wire\ to \CapSense:Net_95\
Aliasing \SPIM:sclk_s_wire\ to \CapSense:Net_95\
Aliasing \SPIM:mosi_s_wire\ to \CapSense:Net_95\
Aliasing \SPIM:miso_m_wire\ to \CapSense:Net_95\
Aliasing \SPIM:tmpOE__sclk_m_net_0\ to \CapSense:tmpOE__Sns_net_9\
Aliasing \SPIM:tmpOE__mosi_m_net_0\ to \CapSense:tmpOE__Sns_net_9\
Aliasing \SPIM:cts_wire\ to \CapSense:Net_95\
Aliasing \UART_1:select_s_wire\ to \CapSense:Net_95\
Aliasing \UART_1:sclk_s_wire\ to \CapSense:Net_95\
Aliasing \UART_1:mosi_s_wire\ to \CapSense:Net_95\
Aliasing \UART_1:miso_m_wire\ to \CapSense:Net_95\
Aliasing \UART_1:tmpOE__tx_net_0\ to \CapSense:tmpOE__Sns_net_9\
Aliasing \UART_1:tmpOE__rx_net_0\ to \CapSense:tmpOE__Sns_net_9\
Aliasing \UART_1:cts_wire\ to \CapSense:Net_95\
Removing Lhs of wire \CapSense:Net_94\[27] = \CapSense:Net_95\[26]
Removing Lhs of wire \CapSense:Net_93\[31] = \CapSense:Net_95\[26]
Removing Lhs of wire \CapSense:Net_92\[50] = \CapSense:Net_95\[26]
Removing Lhs of wire \CapSense:tmpOE__Sns_net_8\[54] = \CapSense:tmpOE__Sns_net_9\[53]
Removing Lhs of wire \CapSense:tmpOE__Sns_net_7\[55] = \CapSense:tmpOE__Sns_net_9\[53]
Removing Lhs of wire \CapSense:tmpOE__Sns_net_6\[56] = \CapSense:tmpOE__Sns_net_9\[53]
Removing Lhs of wire \CapSense:tmpOE__Sns_net_5\[57] = \CapSense:tmpOE__Sns_net_9\[53]
Removing Lhs of wire \CapSense:tmpOE__Sns_net_4\[58] = \CapSense:tmpOE__Sns_net_9\[53]
Removing Lhs of wire \CapSense:tmpOE__Sns_net_3\[59] = \CapSense:tmpOE__Sns_net_9\[53]
Removing Lhs of wire \CapSense:tmpOE__Sns_net_2\[60] = \CapSense:tmpOE__Sns_net_9\[53]
Removing Lhs of wire \CapSense:tmpOE__Sns_net_1\[61] = \CapSense:tmpOE__Sns_net_9\[53]
Removing Lhs of wire \CapSense:tmpOE__Sns_net_0\[62] = \CapSense:tmpOE__Sns_net_9\[53]
Removing Rhs of wire zero[63] = \CapSense:Net_95\[26]
Removing Rhs of wire one[85] = \CapSense:tmpOE__Sns_net_9\[53]
Removing Lhs of wire \CapSense:Net_57\[90] = zero[63]
Removing Lhs of wire \CapSense:Net_56\[91] = zero[63]
Removing Lhs of wire \CapSense:Net_55\[92] = zero[63]
Removing Lhs of wire \CapSense:Net_54\[93] = zero[63]
Removing Lhs of wire \CapSense:Net_44\[95] = zero[63]
Removing Lhs of wire \CapSense:Net_46\[96] = zero[63]
Removing Lhs of wire \CapSense:Net_47\[97] = zero[63]
Removing Lhs of wire \CapSense:Net_48\[98] = zero[63]
Removing Lhs of wire \CapSense:tmpOE__Cmod_net_0\[100] = one[85]
Removing Lhs of wire tmpOE__Latch_net_0[111] = one[85]
Removing Lhs of wire tmpOE__Blank_net_0[117] = one[85]
Removing Lhs of wire \SPIM:select_s_wire\[124] = zero[63]
Removing Lhs of wire \SPIM:rx_wire\[125] = zero[63]
Removing Lhs of wire \SPIM:Net_1170\[128] = \SPIM:Net_847\[123]
Removing Lhs of wire \SPIM:sclk_s_wire\[129] = zero[63]
Removing Lhs of wire \SPIM:mosi_s_wire\[130] = zero[63]
Removing Lhs of wire \SPIM:miso_m_wire\[131] = zero[63]
Removing Lhs of wire \SPIM:tmpOE__sclk_m_net_0\[135] = one[85]
Removing Lhs of wire \SPIM:tmpOE__mosi_m_net_0\[142] = one[85]
Removing Lhs of wire \SPIM:cts_wire\[150] = zero[63]
Removing Lhs of wire \UART_1:select_s_wire\[175] = zero[63]
Removing Rhs of wire \UART_1:rx_wire\[176] = \UART_1:Net_1268\[177]
Removing Lhs of wire \UART_1:Net_1170\[180] = \UART_1:Net_847\[174]
Removing Lhs of wire \UART_1:sclk_s_wire\[181] = zero[63]
Removing Lhs of wire \UART_1:mosi_s_wire\[182] = zero[63]
Removing Lhs of wire \UART_1:miso_m_wire\[183] = zero[63]
Removing Lhs of wire \UART_1:tmpOE__tx_net_0\[185] = one[85]
Removing Lhs of wire \UART_1:tmpOE__rx_net_0\[196] = one[85]
Removing Lhs of wire \UART_1:cts_wire\[200] = zero[63]

------------------------------------------------------
Aliased 0 equations, 43 wires.
------------------------------------------------------

----------------------------------------------------------
Circuit simplification
----------------------------------------------------------

Substituting virtuals - pass 1:


----------------------------------------------------------
Circuit simplification results:

	Expanded 0 signals.
	Turned 0 signals into soft nodes.
	Maximum default expansion cost was set at 3.
----------------------------------------------------------

topld:  No errors.

CYPRESS_DIR    : C:\Program Files (x86)\Cypress\PSoC Creator\4.0\PSoC Creator\warp
Warp Program   : C:\Program Files (x86)\Cypress\PSoC Creator\4.0\PSoC Creator\warp\bin\warp.exe
Warp Arguments : -yv2 -q10 -ygs -o2 -v3 -.fftcfgtype=LE -ya -.fftprj=C:\Bruno\Slider_WS.Bundle05\Slider\Slider.cydsn\Slider.cyprj -dcpsoc3 Slider.v -verilog
</CYPRESSTAG>
Warp synthesis phase: Elapsed time ==> 0s.401ms
<CYPRESSTAG name="Fitter results...">
<CYPRESSTAG name="Fitter startup details...">
cyp3fit: V4.0.0.432, Family: PSoC3, Started at: Monday, 06 February 2017 13:31:02
Options: -yv2 -q10 -ygs -o2 -v3 -.fftcfgtype=LE -ya -.fftprj=C:\Bruno\Slider_WS.Bundle05\Slider\Slider.cydsn\Slider.cyprj -d CY8C4045LQI-S411 Slider.v -verilog
</CYPRESSTAG>
<CYPRESSTAG name="Design parsing">
Design parsing phase: Elapsed time ==> 0s.010ms
</CYPRESSTAG>
<CYPRESSTAG name="Tech Mapping">
<CYPRESSTAG name="Initial Mapping" icon="FILE_RPT_TECHM">
<CYPRESSTAG name="Global Clock Selection" icon="FILE_RPT_TECHM">
    Fixed Function Clock 2: Automatic-assigning  clock 'CapSense_ModClk'. Signal=\CapSense:Net_1423_ff2\
    Fixed Function Clock 0: Automatic-assigning  clock 'SPIM_SCBCLK'. Signal=\SPIM:Net_847_ff0\
    Fixed Function Clock 1: Automatic-assigning  clock 'UART_1_SCBCLK'. Signal=\UART_1:Net_847_ff1\
<CYPRESSTAG name="UDB Clock/Enable Remapping Results">
</CYPRESSTAG>
</CYPRESSTAG>

Removing unused cells resulting from optimization
Done removing unused cells.
<CYPRESSTAG name="Duplicate Macrocell detection">
</CYPRESSTAG>
</CYPRESSTAG>
<CYPRESSTAG name="Duplicate Macrocell detection">
</CYPRESSTAG>
<CYPRESSTAG name="Design Equations" icon="FILE_RPT_EQUATION">

------------------------------------------------------------
Design Equations
------------------------------------------------------------
    <CYPRESSTAG name="Pin listing">

    ------------------------------------------------------------
    Pin listing
    ------------------------------------------------------------

    Pin : Name = \CapSense:Sns(0)\
        Attributes:
            Alias: LinearSlider0_Sns0
            In Group/Port: True
            In Sync Option: AUTO
            Out Sync Option: AUTO
            Interrupt generated: False
            Interrupt mode: NONE
            Drive mode: HI_Z_ANALOG
            VTrip: EITHER
            Slew: FAST
            Input Sync needed: False
            Output Sync needed: False
            SC shield enabled: False
            POR State: ANY
            LCD Mode: COMMON
            Register Mode: RegComb
            CaSense Mode: NEITHER
            Treat as pin: True
            Is OE Registered: False
            Uses Analog: True
            Can contain Digital: False
            Is SIO: False
            SIO Output Buf: NONREGULATED
            SIO Input Buf: SINGLE_ENDED
            SIO HiFreq: LOW
            SIO Hyst: DISABLED
            SIO Vtrip: MULTIPLIER_0_5
            SIO Multiplier Index: 0
            SIO RefSel: VCC_IO
            Required Capabilitites: ANALOG
            Initial Value: 0
            IO Voltage: 0
        PORT MAP (
            pa_out => \CapSense:Sns(0)\__PA ,
            analog_term => \CapSense:Net_2_0\ ,
            pad => \CapSense:Sns(0)_PAD\ );
        Properties:
        {
        }

    Pin : Name = \CapSense:Sns(1)\
        Attributes:
            Alias: LinearSlider0_Sns1
            In Group/Port: True
            In Sync Option: AUTO
            Out Sync Option: AUTO
            Interrupt generated: False
            Interrupt mode: NONE
            Drive mode: HI_Z_ANALOG
            VTrip: EITHER
            Slew: FAST
            Input Sync needed: False
            Output Sync needed: False
            SC shield enabled: False
            POR State: ANY
            LCD Mode: COMMON
            Register Mode: RegComb
            CaSense Mode: NEITHER
            Treat as pin: True
            Is OE Registered: False
            Uses Analog: True
            Can contain Digital: False
            Is SIO: False
            SIO Output Buf: NONREGULATED
            SIO Input Buf: SINGLE_ENDED
            SIO HiFreq: LOW
            SIO Hyst: DISABLED
            SIO Vtrip: MULTIPLIER_0_5
            SIO Multiplier Index: 0
            SIO RefSel: VCC_IO
            Required Capabilitites: ANALOG
            Initial Value: 1
            IO Voltage: 0
        PORT MAP (
            pa_out => \CapSense:Sns(1)\__PA ,
            analog_term => \CapSense:Net_2_0\ ,
            pad => \CapSense:Sns(1)_PAD\ );
        Properties:
        {
        }

    Pin : Name = \CapSense:Sns(2)\
        Attributes:
            Alias: LinearSlider0_Sns2
            In Group/Port: True
            In Sync Option: AUTO
            Out Sync Option: AUTO
            Interrupt generated: False
            Interrupt mode: NONE
            Drive mode: HI_Z_ANALOG
            VTrip: EITHER
            Slew: FAST
            Input Sync needed: False
            Output Sync needed: False
            SC shield enabled: False
            POR State: ANY
            LCD Mode: COMMON
            Register Mode: RegComb
            CaSense Mode: NEITHER
            Treat as pin: True
            Is OE Registered: False
            Uses Analog: True
            Can contain Digital: False
            Is SIO: False
            SIO Output Buf: NONREGULATED
            SIO Input Buf: SINGLE_ENDED
            SIO HiFreq: LOW
            SIO Hyst: DISABLED
            SIO Vtrip: MULTIPLIER_0_5
            SIO Multiplier Index: 0
            SIO RefSel: VCC_IO
            Required Capabilitites: ANALOG
            Initial Value: 1
            IO Voltage: 0
        PORT MAP (
            pa_out => \CapSense:Sns(2)\__PA ,
            analog_term => \CapSense:Net_2_0\ ,
            pad => \CapSense:Sns(2)_PAD\ );
        Properties:
        {
        }

    Pin : Name = \CapSense:Sns(3)\
        Attributes:
            Alias: LinearSlider0_Sns3
            In Group/Port: True
            In Sync Option: AUTO
            Out Sync Option: AUTO
            Interrupt generated: False
            Interrupt mode: NONE
            Drive mode: HI_Z_ANALOG
            VTrip: EITHER
            Slew: FAST
            Input Sync needed: False
            Output Sync needed: False
            SC shield enabled: False
            POR State: ANY
            LCD Mode: COMMON
            Register Mode: RegComb
            CaSense Mode: NEITHER
            Treat as pin: True
            Is OE Registered: False
            Uses Analog: True
            Can contain Digital: False
            Is SIO: False
            SIO Output Buf: NONREGULATED
            SIO Input Buf: SINGLE_ENDED
            SIO HiFreq: LOW
            SIO Hyst: DISABLED
            SIO Vtrip: MULTIPLIER_0_5
            SIO Multiplier Index: 0
            SIO RefSel: VCC_IO
            Required Capabilitites: ANALOG
            Initial Value: 1
            IO Voltage: 0
        PORT MAP (
            pa_out => \CapSense:Sns(3)\__PA ,
            analog_term => \CapSense:Net_2_0\ ,
            pad => \CapSense:Sns(3)_PAD\ );
        Properties:
        {
        }

    Pin : Name = \CapSense:Sns(4)\
        Attributes:
            Alias: LinearSlider0_Sns4
            In Group/Port: True
            In Sync Option: AUTO
            Out Sync Option: AUTO
            Interrupt generated: False
            Interrupt mode: NONE
            Drive mode: HI_Z_ANALOG
            VTrip: EITHER
            Slew: FAST
            Input Sync needed: False
            Output Sync needed: False
            SC shield enabled: False
            POR State: ANY
            LCD Mode: COMMON
            Register Mode: RegComb
            CaSense Mode: NEITHER
            Treat as pin: True
            Is OE Registered: False
            Uses Analog: True
            Can contain Digital: False
            Is SIO: False
            SIO Output Buf: NONREGULATED
            SIO Input Buf: SINGLE_ENDED
            SIO HiFreq: LOW
            SIO Hyst: DISABLED
            SIO Vtrip: MULTIPLIER_0_5
            SIO Multiplier Index: 0
            SIO RefSel: VCC_IO
            Required Capabilitites: ANALOG
            Initial Value: 1
            IO Voltage: 0
        PORT MAP (
            pa_out => \CapSense:Sns(4)\__PA ,
            analog_term => \CapSense:Net_2_0\ ,
            pad => \CapSense:Sns(4)_PAD\ );
        Properties:
        {
        }

    Pin : Name = \CapSense:Sns(5)\
        Attributes:
            Alias: LinearSlider0_Sns5
            In Group/Port: True
            In Sync Option: AUTO
            Out Sync Option: AUTO
            Interrupt generated: False
            Interrupt mode: NONE
            Drive mode: HI_Z_ANALOG
            VTrip: EITHER
            Slew: FAST
            Input Sync needed: False
            Output Sync needed: False
            SC shield enabled: False
            POR State: ANY
            LCD Mode: COMMON
            Register Mode: RegComb
            CaSense Mode: NEITHER
            Treat as pin: True
            Is OE Registered: False
            Uses Analog: True
            Can contain Digital: False
            Is SIO: False
            SIO Output Buf: NONREGULATED
            SIO Input Buf: SINGLE_ENDED
            SIO HiFreq: LOW
            SIO Hyst: DISABLED
            SIO Vtrip: MULTIPLIER_0_5
            SIO Multiplier Index: 0
            SIO RefSel: VCC_IO
            Required Capabilitites: ANALOG
            Initial Value: 1
            IO Voltage: 0
        PORT MAP (
            pa_out => \CapSense:Sns(5)\__PA ,
            analog_term => \CapSense:Net_2_0\ ,
            pad => \CapSense:Sns(5)_PAD\ );
        Properties:
        {
        }

    Pin : Name = \CapSense:Sns(6)\
        Attributes:
            Alias: LinearSlider0_Sns6
            In Group/Port: True
            In Sync Option: AUTO
            Out Sync Option: AUTO
            Interrupt generated: False
            Interrupt mode: NONE
            Drive mode: HI_Z_ANALOG
            VTrip: EITHER
            Slew: FAST
            Input Sync needed: False
            Output Sync needed: False
            SC shield enabled: False
            POR State: ANY
            LCD Mode: COMMON
            Register Mode: RegComb
            CaSense Mode: NEITHER
            Treat as pin: True
            Is OE Registered: False
            Uses Analog: True
            Can contain Digital: False
            Is SIO: False
            SIO Output Buf: NONREGULATED
            SIO Input Buf: SINGLE_ENDED
            SIO HiFreq: LOW
            SIO Hyst: DISABLED
            SIO Vtrip: MULTIPLIER_0_5
            SIO Multiplier Index: 0
            SIO RefSel: VCC_IO
            Required Capabilitites: ANALOG
            Initial Value: 1
            IO Voltage: 0
        PORT MAP (
            pa_out => \CapSense:Sns(6)\__PA ,
            analog_term => \CapSense:Net_2_0\ ,
            pad => \CapSense:Sns(6)_PAD\ );
        Properties:
        {
        }

    Pin : Name = \CapSense:Sns(7)\
        Attributes:
            Alias: LinearSlider0_Sns7
            In Group/Port: True
            In Sync Option: AUTO
            Out Sync Option: AUTO
            Interrupt generated: False
            Interrupt mode: NONE
            Drive mode: HI_Z_ANALOG
            VTrip: EITHER
            Slew: FAST
            Input Sync needed: False
            Output Sync needed: False
            SC shield enabled: False
            POR State: ANY
            LCD Mode: COMMON
            Register Mode: RegComb
            CaSense Mode: NEITHER
            Treat as pin: True
            Is OE Registered: False
            Uses Analog: True
            Can contain Digital: False
            Is SIO: False
            SIO Output Buf: NONREGULATED
            SIO Input Buf: SINGLE_ENDED
            SIO HiFreq: LOW
            SIO Hyst: DISABLED
            SIO Vtrip: MULTIPLIER_0_5
            SIO Multiplier Index: 0
            SIO RefSel: VCC_IO
            Required Capabilitites: ANALOG
            Initial Value: 1
            IO Voltage: 0
        PORT MAP (
            pa_out => \CapSense:Sns(7)\__PA ,
            analog_term => \CapSense:Net_2_0\ ,
            pad => \CapSense:Sns(7)_PAD\ );
        Properties:
        {
        }

    Pin : Name = \CapSense:Sns(8)\
        Attributes:
            Alias: LinearSlider0_Sns8
            In Group/Port: True
            In Sync Option: AUTO
            Out Sync Option: AUTO
            Interrupt generated: False
            Interrupt mode: NONE
            Drive mode: HI_Z_ANALOG
            VTrip: EITHER
            Slew: FAST
            Input Sync needed: False
            Output Sync needed: False
            SC shield enabled: False
            POR State: ANY
            LCD Mode: COMMON
            Register Mode: RegComb
            CaSense Mode: NEITHER
            Treat as pin: True
            Is OE Registered: False
            Uses Analog: True
            Can contain Digital: False
            Is SIO: False
            SIO Output Buf: NONREGULATED
            SIO Input Buf: SINGLE_ENDED
            SIO HiFreq: LOW
            SIO Hyst: DISABLED
            SIO Vtrip: MULTIPLIER_0_5
            SIO Multiplier Index: 0
            SIO RefSel: VCC_IO
            Required Capabilitites: ANALOG
            Initial Value: 1
            IO Voltage: 0
        PORT MAP (
            pa_out => \CapSense:Sns(8)\__PA ,
            analog_term => \CapSense:Net_2_0\ ,
            pad => \CapSense:Sns(8)_PAD\ );
        Properties:
        {
        }

    Pin : Name = \CapSense:Sns(9)\
        Attributes:
            Alias: LinearSlider0_Sns9
            In Group/Port: True
            In Sync Option: AUTO
            Out Sync Option: AUTO
            Interrupt generated: False
            Interrupt mode: NONE
            Drive mode: HI_Z_ANALOG
            VTrip: EITHER
            Slew: FAST
            Input Sync needed: False
            Output Sync needed: False
            SC shield enabled: False
            POR State: ANY
            LCD Mode: COMMON
            Register Mode: RegComb
            CaSense Mode: NEITHER
            Treat as pin: True
            Is OE Registered: False
            Uses Analog: True
            Can contain Digital: False
            Is SIO: False
            SIO Output Buf: NONREGULATED
            SIO Input Buf: SINGLE_ENDED
            SIO HiFreq: LOW
            SIO Hyst: DISABLED
            SIO Vtrip: MULTIPLIER_0_5
            SIO Multiplier Index: 0
            SIO RefSel: VCC_IO
            Required Capabilitites: ANALOG
            Initial Value: 1
            IO Voltage: 0
        PORT MAP (
            pa_out => \CapSense:Sns(9)\__PA ,
            analog_term => \CapSense:Net_2_0\ ,
            pad => \CapSense:Sns(9)_PAD\ );
        Properties:
        {
        }

    Pin : Name = \CapSense:Cmod(0)\
        Attributes:
            Alias: Cmod
            In Group/Port: True
            In Sync Option: AUTO
            Out Sync Option: AUTO
            Interrupt generated: False
            Interrupt mode: NONE
            Drive mode: HI_Z_ANALOG
            VTrip: EITHER
            Slew: FAST
            Input Sync needed: False
            Output Sync needed: False
            SC shield enabled: False
            POR State: ANY
            LCD Mode: COMMON
            Register Mode: RegComb
            CaSense Mode: NEITHER
            Treat as pin: True
            Is OE Registered: False
            Uses Analog: True
            Can contain Digital: False
            Is SIO: False
            SIO Output Buf: NONREGULATED
            SIO Input Buf: SINGLE_ENDED
            SIO HiFreq: LOW
            SIO Hyst: DISABLED
            SIO Vtrip: MULTIPLIER_0_5
            SIO Multiplier Index: 0
            SIO RefSel: VCC_IO
            Required Capabilitites: ANALOG
            Initial Value: 0
            IO Voltage: 0
        PORT MAP (
            pa_out => \CapSense:Cmod(0)\__PA ,
            analog_term => \CapSense:Net_314\ ,
            pad => \CapSense:Cmod(0)_PAD\ );
        Properties:
        {
        }

    Pin : Name = Latch(0)
        Attributes:
            In Group/Port: True
            In Sync Option: AUTO
            Out Sync Option: NOSYNC
            Interrupt generated: False
            Interrupt mode: NONE
            Drive mode: CMOS_OUT
            VTrip: EITHER
            Slew: FAST
            Input Sync needed: False
            Output Sync needed: False
            SC shield enabled: False
            POR State: ANY
            LCD Mode: COMMON
            Register Mode: RegComb
            CaSense Mode: NEITHER
            Treat as pin: True
            Is OE Registered: False
            Uses Analog: False
            Can contain Digital: True
            Is SIO: False
            SIO Output Buf: NONREGULATED
            SIO Input Buf: SINGLE_ENDED
            SIO HiFreq: LOW
            SIO Hyst: DISABLED
            SIO Vtrip: MULTIPLIER_0_5
            SIO Multiplier Index: 0
            SIO RefSel: VCC_IO
            Required Capabilitites: DIGITAL
            Initial Value: 0
            IO Voltage: 0
        PORT MAP (
            pa_out => Latch(0)__PA ,
            pad => Latch(0)_PAD );
        Properties:
        {
        }

    Pin : Name = Blank(0)
        Attributes:
            In Group/Port: True
            In Sync Option: AUTO
            Out Sync Option: NOSYNC
            Interrupt generated: False
            Interrupt mode: NONE
            Drive mode: CMOS_OUT
            VTrip: EITHER
            Slew: FAST
            Input Sync needed: False
            Output Sync needed: False
            SC shield enabled: False
            POR State: ANY
            LCD Mode: COMMON
            Register Mode: RegComb
            CaSense Mode: NEITHER
            Treat as pin: True
            Is OE Registered: False
            Uses Analog: False
            Can contain Digital: True
            Is SIO: False
            SIO Output Buf: NONREGULATED
            SIO Input Buf: SINGLE_ENDED
            SIO HiFreq: LOW
            SIO Hyst: DISABLED
            SIO Vtrip: MULTIPLIER_0_5
            SIO Multiplier Index: 0
            SIO RefSel: VCC_IO
            Required Capabilitites: DIGITAL
            Initial Value: 0
            IO Voltage: 0
        PORT MAP (
            pa_out => Blank(0)__PA ,
            pad => Blank(0)_PAD );
        Properties:
        {
        }

    Pin : Name = \SPIM:sclk_m(0)\
        Attributes:
            In Group/Port: True
            In Sync Option: NOSYNC
            Out Sync Option: NOSYNC
            Interrupt generated: False
            Interrupt mode: NONE
            Drive mode: CMOS_OUT
            VTrip: CMOS
            Slew: FAST
            Input Sync needed: False
            Output Sync needed: False
            SC shield enabled: False
            POR State: ANY
            LCD Mode: COMMON
            Register Mode: RegComb
            CaSense Mode: NEITHER
            Treat as pin: True
            Is OE Registered: False
            Uses Analog: False
            Can contain Digital: True
            Is SIO: False
            SIO Output Buf: NONREGULATED
            SIO Input Buf: SINGLE_ENDED
            SIO HiFreq: LOW
            SIO Hyst: DISABLED
            SIO Vtrip: MULTIPLIER_0_5
            SIO Multiplier Index: 0
            SIO RefSel: VCC_IO
            Required Capabilitites: DIGITAL
            Initial Value: 1
            IO Voltage: 0
        PORT MAP (
            pa_out => \SPIM:sclk_m(0)\__PA ,
            input => \SPIM:sclk_m_wire\ ,
            pad => \SPIM:sclk_m(0)_PAD\ );
        Properties:
        {
        }

    Pin : Name = \SPIM:mosi_m(0)\
        Attributes:
            In Group/Port: True
            In Sync Option: NOSYNC
            Out Sync Option: NOSYNC
            Interrupt generated: False
            Interrupt mode: NONE
            Drive mode: CMOS_OUT
            VTrip: CMOS
            Slew: FAST
            Input Sync needed: False
            Output Sync needed: False
            SC shield enabled: False
            POR State: ANY
            LCD Mode: COMMON
            Register Mode: RegComb
            CaSense Mode: NEITHER
            Treat as pin: True
            Is OE Registered: False
            Uses Analog: False
            Can contain Digital: True
            Is SIO: False
            SIO Output Buf: NONREGULATED
            SIO Input Buf: SINGLE_ENDED
            SIO HiFreq: LOW
            SIO Hyst: DISABLED
            SIO Vtrip: MULTIPLIER_0_5
            SIO Multiplier Index: 0
            SIO RefSel: VCC_IO
            Required Capabilitites: DIGITAL
            Initial Value: 1
            IO Voltage: 0
        PORT MAP (
            pa_out => \SPIM:mosi_m(0)\__PA ,
            input => \SPIM:mosi_m_wire\ ,
            pad => \SPIM:mosi_m(0)_PAD\ );
        Properties:
        {
        }

    Pin : Name = \UART_1:tx(0)\
        Attributes:
            In Group/Port: True
            In Sync Option: NOSYNC
            Out Sync Option: NOSYNC
            Interrupt generated: False
            Interrupt mode: NONE
            Drive mode: CMOS_OUT
            VTrip: CMOS
            Slew: FAST
            Input Sync needed: False
            Output Sync needed: False
            SC shield enabled: False
            POR State: ANY
            LCD Mode: COMMON
            Register Mode: RegComb
            CaSense Mode: NEITHER
            Treat as pin: True
            Is OE Registered: False
            Uses Analog: False
            Can contain Digital: True
            Is SIO: False
            SIO Output Buf: NONREGULATED
            SIO Input Buf: SINGLE_ENDED
            SIO HiFreq: LOW
            SIO Hyst: DISABLED
            SIO Vtrip: MULTIPLIER_0_5
            SIO Multiplier Index: 0
            SIO RefSel: VCC_IO
            Required Capabilitites: DIGITAL
            Initial Value: 1
            IO Voltage: 0
        PORT MAP (
            pa_out => \UART_1:tx(0)\__PA ,
            input => \UART_1:tx_wire\ ,
            pad => \UART_1:tx(0)_PAD\ );
        Properties:
        {
        }

    Pin : Name = \UART_1:rx(0)\
        Attributes:
            In Group/Port: True
            In Sync Option: NOSYNC
            Out Sync Option: AUTO
            Interrupt generated: False
            Interrupt mode: NONE
            Drive mode: HI_Z_DIGITAL
            VTrip: CMOS
            Slew: FAST
            Input Sync needed: False
            Output Sync needed: False
            SC shield enabled: False
            POR State: ANY
            LCD Mode: COMMON
            Register Mode: RegComb
            CaSense Mode: NEITHER
            Treat as pin: True
            Is OE Registered: False
            Uses Analog: False
            Can contain Digital: True
            Is SIO: False
            SIO Output Buf: NONREGULATED
            SIO Input Buf: SINGLE_ENDED
            SIO HiFreq: LOW
            SIO Hyst: DISABLED
            SIO Vtrip: MULTIPLIER_0_5
            SIO Multiplier Index: 0
            SIO RefSel: VCC_IO
            Required Capabilitites: DIGITAL
            Initial Value: 0
            IO Voltage: 0
        PORT MAP (
            pa_out => \UART_1:rx(0)\__PA ,
            fb => \UART_1:rx_wire\ ,
            pad => \UART_1:rx(0)_PAD\ );
        Properties:
        {
        }
    </CYPRESSTAG>
    <CYPRESSTAG name="Macrocell listing" icon="FILE_RPT_EQUATION">
    </CYPRESSTAG>
    <CYPRESSTAG name="Datapath listing">
    </CYPRESSTAG>
    <CYPRESSTAG name="Status register listing">
    </CYPRESSTAG>
    <CYPRESSTAG name="StatusI register listing">
    </CYPRESSTAG>
    <CYPRESSTAG name="Sync listing">
    </CYPRESSTAG>
    <CYPRESSTAG name="Control register listing">
    </CYPRESSTAG>
    <CYPRESSTAG name="Count7 listing">
    </CYPRESSTAG>
    <CYPRESSTAG name="DRQ listing">
    </CYPRESSTAG>
    <CYPRESSTAG name="Interrupt listing">

    ------------------------------------------------------------
    Interrupt listing
    ------------------------------------------------------------

    interrupt: Name =\CapSense:ISR\
        PORT MAP (
            interrupt => \CapSense:Net_120\ );
        Properties:
        {
            int_type = "10"
            is_nmi = 0
        }

    interrupt: Name =\SPIM:SCB_IRQ\
        PORT MAP (
            interrupt => Net_114 );
        Properties:
        {
            int_type = "10"
            is_nmi = 0
        }

    interrupt: Name =\UART_1:SCB_IRQ\
        PORT MAP (
            interrupt => Net_133 );
        Properties:
        {
            int_type = "10"
            is_nmi = 0
        }
    </CYPRESSTAG>
</CYPRESSTAG>
<CYPRESSTAG name="Technology mapping summary" expanded>

------------------------------------------------------------
Technology mapping summary
------------------------------------------------------------

Resource Type                 : Used : Free :  Max :  % Used
============================================================
Interrupts                    :    3 :   13 :   16 : 18.75 %
IO                            :   19 :    0 :   19 : 100.00 %
Segment LCD                   :    0 :    1 :    1 :  0.00 %
CapSense                      :    1 :    0 :    1 : 100.00 %
Serial Communication (SCB)    :    2 :    0 :    2 : 100.00 %
Timer/Counter/PWM             :    0 :    5 :    5 :  0.00 %
Smart IO Ports                :    0 :    2 :    2 :  0.00 %
Comparator                    :    1 :    0 :    1 : 100.00 %
LP Comparator                 :    0 :    2 :    2 :  0.00 %
DAC                           :      :      :      :        
  7-bit IDAC                  :    2 :    0 :    2 : 100.00 %
</CYPRESSTAG>
Technology Mapping: Elapsed time ==> 0s.020ms
Tech Mapping phase: Elapsed time ==> 0s.030ms
</CYPRESSTAG>
<CYPRESSTAG name="Analog Placement">
<CYPRESSTAG name="Analog Placement">
Elapsed time ==> 0.0760011s
</CYPRESSTAG>
Analog Placement phase: Elapsed time ==> 0s.160ms
</CYPRESSTAG>
<CYPRESSTAG name="Analog Routing">
<CYPRESSTAG name="Analog Routing">
Route success=True, Iterations=1 Elapsed=0.0033806 secs
</CYPRESSTAG>
Analog Routing phase: Elapsed time ==> 0s.020ms
</CYPRESSTAG>
<CYPRESSTAG name="Analog Code Generation">
============ Analog Final Answer Routes ============
Dump of CyAnalogRoutingResultsDB
Map of net to items {
  Net: \CapSense:Net_150\ {
  }
  Net: \CapSense:Net_2_0\ {
    CSD0_sense_internal
    swh_7
    sense0
    BYA
    amuxbusa
    P0_P40
    p0_0
    P2_P41
    p2_1
    P4_P43
    p4_3
    P1_P47
    p1_7
    P0_P41
    p0_1
    P1_P43
    p1_3
    P0_P44
    p0_4
    P2_P40
    p2_0
    P1_P42
    p1_2
    P0_P45
    p0_5
    P4_P42
    p4_2
    idac1_out
    IAIB
    idac0_out
    swhv_3
  }
}
Map of item to net {
  CSD0_sense_internal                              -> \CapSense:Net_2_0\
  swh_7                                            -> \CapSense:Net_2_0\
  sense0                                           -> \CapSense:Net_2_0\
  BYA                                              -> \CapSense:Net_2_0\
  amuxbusa                                         -> \CapSense:Net_2_0\
  P0_P40                                           -> \CapSense:Net_2_0\
  p0_0                                             -> \CapSense:Net_2_0\
  P2_P41                                           -> \CapSense:Net_2_0\
  p2_1                                             -> \CapSense:Net_2_0\
  P4_P43                                           -> \CapSense:Net_2_0\
  p4_3                                             -> \CapSense:Net_2_0\
  P1_P47                                           -> \CapSense:Net_2_0\
  p1_7                                             -> \CapSense:Net_2_0\
  P0_P41                                           -> \CapSense:Net_2_0\
  p0_1                                             -> \CapSense:Net_2_0\
  P1_P43                                           -> \CapSense:Net_2_0\
  p1_3                                             -> \CapSense:Net_2_0\
  P0_P44                                           -> \CapSense:Net_2_0\
  p0_4                                             -> \CapSense:Net_2_0\
  P2_P40                                           -> \CapSense:Net_2_0\
  p2_0                                             -> \CapSense:Net_2_0\
  P1_P42                                           -> \CapSense:Net_2_0\
  p1_2                                             -> \CapSense:Net_2_0\
  P0_P45                                           -> \CapSense:Net_2_0\
  p0_5                                             -> \CapSense:Net_2_0\
  P4_P42                                           -> \CapSense:Net_2_0\
  p4_2                                             -> \CapSense:Net_2_0\
  idac1_out                                        -> \CapSense:Net_2_0\
  IAIB                                             -> \CapSense:Net_2_0\
  idac0_out                                        -> \CapSense:Net_2_0\
  swhv_3                                           -> \CapSense:Net_2_0\
}
Mux Info {
}
Analog Code Generation phase: Elapsed time ==> 0s.020ms
</CYPRESSTAG>
<CYPRESSTAG name="Digital Placement">
<CYPRESSTAG name="Detailed placement messages">
I2076: Total run-time: 0.1 sec.

</CYPRESSTAG>
<CYPRESSTAG name="PLD Packing">
<CYPRESSTAG name="PLD Packing Summary">
No PLDs were packed.
</CYPRESSTAG>
PLD Packing: Elapsed time ==> 0s.000ms
</CYPRESSTAG>
<CYPRESSTAG name="Partitioning">
<CYPRESSTAG name="Initial Partitioning Summary">
Initial Partitioning Summary not displayed at this verbose level.</CYPRESSTAG>
<CYPRESSTAG name="Final Partitioning Summary">
Final Partitioning Summary not displayed at this verbose level.</CYPRESSTAG>
Partitioning: Elapsed time ==> 0s.010ms
</CYPRESSTAG>
<CYPRESSTAG name="Final Placement Summary">

------------------------------------------------------------
Final Placement Summary
------------------------------------------------------------

       Resource Type :      Count : Avg Inputs : Avg Outputs
    ========================================================
                 UDB :          0 :       0.00 :       0.00
<CYPRESSTAG name="Final Placement Details">
<CYPRESSTAG name="Component Details">

------------------------------------------------------------
Component Placement Details
------------------------------------------------------------
Intr container @ [IntrContainer=(0)]: 
  Intr@ [IntrContainer=(0)][IntrId=(7)] 
    interrupt: Name =\UART_1:SCB_IRQ\
        PORT MAP (
            interrupt => Net_133 );
        Properties:
        {
            int_type = "10"
            is_nmi = 0
        }
  Intr@ [IntrContainer=(0)][IntrId=(8)] 
    interrupt: Name =\SPIM:SCB_IRQ\
        PORT MAP (
            interrupt => Net_114 );
        Properties:
        {
            int_type = "10"
            is_nmi = 0
        }
  Intr@ [IntrContainer=(0)][IntrId=(10)] 
    interrupt: Name =\CapSense:ISR\
        PORT MAP (
            interrupt => \CapSense:Net_120\ );
        Properties:
        {
            int_type = "10"
            is_nmi = 0
        }
Port 0 contains the following IO cells:
[IoId=0]: 
Pin : Name = \CapSense:Sns(1)\
    Attributes:
        Alias: LinearSlider0_Sns1
        In Group/Port: True
        In Sync Option: AUTO
        Out Sync Option: AUTO
        Interrupt generated: False
        Interrupt mode: NONE
        Drive mode: HI_Z_ANALOG
        VTrip: EITHER
        Slew: FAST
        Input Sync needed: False
        Output Sync needed: False
        SC shield enabled: False
        POR State: ANY
        LCD Mode: COMMON
        Register Mode: RegComb
        CaSense Mode: NEITHER
        Treat as pin: True
        Is OE Registered: False
        Uses Analog: True
        Can contain Digital: False
        Is SIO: False
        SIO Output Buf: NONREGULATED
        SIO Input Buf: SINGLE_ENDED
        SIO HiFreq: LOW
        SIO Hyst: DISABLED
        SIO Vtrip: MULTIPLIER_0_5
        SIO Multiplier Index: 0
        SIO RefSel: VCC_IO
        Required Capabilitites: ANALOG
        Initial Value: 1
        IO Voltage: 0
    PORT MAP (
        pa_out => \CapSense:Sns(1)\__PA ,
        analog_term => \CapSense:Net_2_0\ ,
        pad => \CapSense:Sns(1)_PAD\ );
    Properties:
    {
    }

[IoId=1]: 
Pin : Name = \CapSense:Sns(2)\
    Attributes:
        Alias: LinearSlider0_Sns2
        In Group/Port: True
        In Sync Option: AUTO
        Out Sync Option: AUTO
        Interrupt generated: False
        Interrupt mode: NONE
        Drive mode: HI_Z_ANALOG
        VTrip: EITHER
        Slew: FAST
        Input Sync needed: False
        Output Sync needed: False
        SC shield enabled: False
        POR State: ANY
        LCD Mode: COMMON
        Register Mode: RegComb
        CaSense Mode: NEITHER
        Treat as pin: True
        Is OE Registered: False
        Uses Analog: True
        Can contain Digital: False
        Is SIO: False
        SIO Output Buf: NONREGULATED
        SIO Input Buf: SINGLE_ENDED
        SIO HiFreq: LOW
        SIO Hyst: DISABLED
        SIO Vtrip: MULTIPLIER_0_5
        SIO Multiplier Index: 0
        SIO RefSel: VCC_IO
        Required Capabilitites: ANALOG
        Initial Value: 1
        IO Voltage: 0
    PORT MAP (
        pa_out => \CapSense:Sns(2)\__PA ,
        analog_term => \CapSense:Net_2_0\ ,
        pad => \CapSense:Sns(2)_PAD\ );
    Properties:
    {
    }

[IoId=4]: 
Pin : Name = \CapSense:Sns(3)\
    Attributes:
        Alias: LinearSlider0_Sns3
        In Group/Port: True
        In Sync Option: AUTO
        Out Sync Option: AUTO
        Interrupt generated: False
        Interrupt mode: NONE
        Drive mode: HI_Z_ANALOG
        VTrip: EITHER
        Slew: FAST
        Input Sync needed: False
        Output Sync needed: False
        SC shield enabled: False
        POR State: ANY
        LCD Mode: COMMON
        Register Mode: RegComb
        CaSense Mode: NEITHER
        Treat as pin: True
        Is OE Registered: False
        Uses Analog: True
        Can contain Digital: False
        Is SIO: False
        SIO Output Buf: NONREGULATED
        SIO Input Buf: SINGLE_ENDED
        SIO HiFreq: LOW
        SIO Hyst: DISABLED
        SIO Vtrip: MULTIPLIER_0_5
        SIO Multiplier Index: 0
        SIO RefSel: VCC_IO
        Required Capabilitites: ANALOG
        Initial Value: 1
        IO Voltage: 0
    PORT MAP (
        pa_out => \CapSense:Sns(3)\__PA ,
        analog_term => \CapSense:Net_2_0\ ,
        pad => \CapSense:Sns(3)_PAD\ );
    Properties:
    {
    }

[IoId=5]: 
Pin : Name = \CapSense:Sns(4)\
    Attributes:
        Alias: LinearSlider0_Sns4
        In Group/Port: True
        In Sync Option: AUTO
        Out Sync Option: AUTO
        Interrupt generated: False
        Interrupt mode: NONE
        Drive mode: HI_Z_ANALOG
        VTrip: EITHER
        Slew: FAST
        Input Sync needed: False
        Output Sync needed: False
        SC shield enabled: False
        POR State: ANY
        LCD Mode: COMMON
        Register Mode: RegComb
        CaSense Mode: NEITHER
        Treat as pin: True
        Is OE Registered: False
        Uses Analog: True
        Can contain Digital: False
        Is SIO: False
        SIO Output Buf: NONREGULATED
        SIO Input Buf: SINGLE_ENDED
        SIO HiFreq: LOW
        SIO Hyst: DISABLED
        SIO Vtrip: MULTIPLIER_0_5
        SIO Multiplier Index: 0
        SIO RefSel: VCC_IO
        Required Capabilitites: ANALOG
        Initial Value: 1
        IO Voltage: 0
    PORT MAP (
        pa_out => \CapSense:Sns(4)\__PA ,
        analog_term => \CapSense:Net_2_0\ ,
        pad => \CapSense:Sns(4)_PAD\ );
    Properties:
    {
    }

[IoId=6]: 
Pin : Name = \SPIM:sclk_m(0)\
    Attributes:
        In Group/Port: True
        In Sync Option: NOSYNC
        Out Sync Option: NOSYNC
        Interrupt generated: False
        Interrupt mode: NONE
        Drive mode: CMOS_OUT
        VTrip: CMOS
        Slew: FAST
        Input Sync needed: False
        Output Sync needed: False
        SC shield enabled: False
        POR State: ANY
        LCD Mode: COMMON
        Register Mode: RegComb
        CaSense Mode: NEITHER
        Treat as pin: True
        Is OE Registered: False
        Uses Analog: False
        Can contain Digital: True
        Is SIO: False
        SIO Output Buf: NONREGULATED
        SIO Input Buf: SINGLE_ENDED
        SIO HiFreq: LOW
        SIO Hyst: DISABLED
        SIO Vtrip: MULTIPLIER_0_5
        SIO Multiplier Index: 0
        SIO RefSel: VCC_IO
        Required Capabilitites: DIGITAL
        Initial Value: 1
        IO Voltage: 0
    PORT MAP (
        pa_out => \SPIM:sclk_m(0)\__PA ,
        input => \SPIM:sclk_m_wire\ ,
        pad => \SPIM:sclk_m(0)_PAD\ );
    Properties:
    {
    }

Port 1 contains the following IO cells:
[IoId=2]: 
Pin : Name = \CapSense:Sns(5)\
    Attributes:
        Alias: LinearSlider0_Sns5
        In Group/Port: True
        In Sync Option: AUTO
        Out Sync Option: AUTO
        Interrupt generated: False
        Interrupt mode: NONE
        Drive mode: HI_Z_ANALOG
        VTrip: EITHER
        Slew: FAST
        Input Sync needed: False
        Output Sync needed: False
        SC shield enabled: False
        POR State: ANY
        LCD Mode: COMMON
        Register Mode: RegComb
        CaSense Mode: NEITHER
        Treat as pin: True
        Is OE Registered: False
        Uses Analog: True
        Can contain Digital: False
        Is SIO: False
        SIO Output Buf: NONREGULATED
        SIO Input Buf: SINGLE_ENDED
        SIO HiFreq: LOW
        SIO Hyst: DISABLED
        SIO Vtrip: MULTIPLIER_0_5
        SIO Multiplier Index: 0
        SIO RefSel: VCC_IO
        Required Capabilitites: ANALOG
        Initial Value: 1
        IO Voltage: 0
    PORT MAP (
        pa_out => \CapSense:Sns(5)\__PA ,
        analog_term => \CapSense:Net_2_0\ ,
        pad => \CapSense:Sns(5)_PAD\ );
    Properties:
    {
    }

[IoId=3]: 
Pin : Name = \CapSense:Sns(6)\
    Attributes:
        Alias: LinearSlider0_Sns6
        In Group/Port: True
        In Sync Option: AUTO
        Out Sync Option: AUTO
        Interrupt generated: False
        Interrupt mode: NONE
        Drive mode: HI_Z_ANALOG
        VTrip: EITHER
        Slew: FAST
        Input Sync needed: False
        Output Sync needed: False
        SC shield enabled: False
        POR State: ANY
        LCD Mode: COMMON
        Register Mode: RegComb
        CaSense Mode: NEITHER
        Treat as pin: True
        Is OE Registered: False
        Uses Analog: True
        Can contain Digital: False
        Is SIO: False
        SIO Output Buf: NONREGULATED
        SIO Input Buf: SINGLE_ENDED
        SIO HiFreq: LOW
        SIO Hyst: DISABLED
        SIO Vtrip: MULTIPLIER_0_5
        SIO Multiplier Index: 0
        SIO RefSel: VCC_IO
        Required Capabilitites: ANALOG
        Initial Value: 1
        IO Voltage: 0
    PORT MAP (
        pa_out => \CapSense:Sns(6)\__PA ,
        analog_term => \CapSense:Net_2_0\ ,
        pad => \CapSense:Sns(6)_PAD\ );
    Properties:
    {
    }

[IoId=7]: 
Pin : Name = \CapSense:Sns(7)\
    Attributes:
        Alias: LinearSlider0_Sns7
        In Group/Port: True
        In Sync Option: AUTO
        Out Sync Option: AUTO
        Interrupt generated: False
        Interrupt mode: NONE
        Drive mode: HI_Z_ANALOG
        VTrip: EITHER
        Slew: FAST
        Input Sync needed: False
        Output Sync needed: False
        SC shield enabled: False
        POR State: ANY
        LCD Mode: COMMON
        Register Mode: RegComb
        CaSense Mode: NEITHER
        Treat as pin: True
        Is OE Registered: False
        Uses Analog: True
        Can contain Digital: False
        Is SIO: False
        SIO Output Buf: NONREGULATED
        SIO Input Buf: SINGLE_ENDED
        SIO HiFreq: LOW
        SIO Hyst: DISABLED
        SIO Vtrip: MULTIPLIER_0_5
        SIO Multiplier Index: 0
        SIO RefSel: VCC_IO
        Required Capabilitites: ANALOG
        Initial Value: 1
        IO Voltage: 0
    PORT MAP (
        pa_out => \CapSense:Sns(7)\__PA ,
        analog_term => \CapSense:Net_2_0\ ,
        pad => \CapSense:Sns(7)_PAD\ );
    Properties:
    {
    }

Port 2 contains the following IO cells:
[IoId=0]: 
Pin : Name = \CapSense:Sns(8)\
    Attributes:
        Alias: LinearSlider0_Sns8
        In Group/Port: True
        In Sync Option: AUTO
        Out Sync Option: AUTO
        Interrupt generated: False
        Interrupt mode: NONE
        Drive mode: HI_Z_ANALOG
        VTrip: EITHER
        Slew: FAST
        Input Sync needed: False
        Output Sync needed: False
        SC shield enabled: False
        POR State: ANY
        LCD Mode: COMMON
        Register Mode: RegComb
        CaSense Mode: NEITHER
        Treat as pin: True
        Is OE Registered: False
        Uses Analog: True
        Can contain Digital: False
        Is SIO: False
        SIO Output Buf: NONREGULATED
        SIO Input Buf: SINGLE_ENDED
        SIO HiFreq: LOW
        SIO Hyst: DISABLED
        SIO Vtrip: MULTIPLIER_0_5
        SIO Multiplier Index: 0
        SIO RefSel: VCC_IO
        Required Capabilitites: ANALOG
        Initial Value: 1
        IO Voltage: 0
    PORT MAP (
        pa_out => \CapSense:Sns(8)\__PA ,
        analog_term => \CapSense:Net_2_0\ ,
        pad => \CapSense:Sns(8)_PAD\ );
    Properties:
    {
    }

[IoId=1]: 
Pin : Name = \CapSense:Sns(9)\
    Attributes:
        Alias: LinearSlider0_Sns9
        In Group/Port: True
        In Sync Option: AUTO
        Out Sync Option: AUTO
        Interrupt generated: False
        Interrupt mode: NONE
        Drive mode: HI_Z_ANALOG
        VTrip: EITHER
        Slew: FAST
        Input Sync needed: False
        Output Sync needed: False
        SC shield enabled: False
        POR State: ANY
        LCD Mode: COMMON
        Register Mode: RegComb
        CaSense Mode: NEITHER
        Treat as pin: True
        Is OE Registered: False
        Uses Analog: True
        Can contain Digital: False
        Is SIO: False
        SIO Output Buf: NONREGULATED
        SIO Input Buf: SINGLE_ENDED
        SIO HiFreq: LOW
        SIO Hyst: DISABLED
        SIO Vtrip: MULTIPLIER_0_5
        SIO Multiplier Index: 0
        SIO RefSel: VCC_IO
        Required Capabilitites: ANALOG
        Initial Value: 1
        IO Voltage: 0
    PORT MAP (
        pa_out => \CapSense:Sns(9)\__PA ,
        analog_term => \CapSense:Net_2_0\ ,
        pad => \CapSense:Sns(9)_PAD\ );
    Properties:
    {
    }

[IoId=6]: 
Pin : Name = Blank(0)
    Attributes:
        In Group/Port: True
        In Sync Option: AUTO
        Out Sync Option: NOSYNC
        Interrupt generated: False
        Interrupt mode: NONE
        Drive mode: CMOS_OUT
        VTrip: EITHER
        Slew: FAST
        Input Sync needed: False
        Output Sync needed: False
        SC shield enabled: False
        POR State: ANY
        LCD Mode: COMMON
        Register Mode: RegComb
        CaSense Mode: NEITHER
        Treat as pin: True
        Is OE Registered: False
        Uses Analog: False
        Can contain Digital: True
        Is SIO: False
        SIO Output Buf: NONREGULATED
        SIO Input Buf: SINGLE_ENDED
        SIO HiFreq: LOW
        SIO Hyst: DISABLED
        SIO Vtrip: MULTIPLIER_0_5
        SIO Multiplier Index: 0
        SIO RefSel: VCC_IO
        Required Capabilitites: DIGITAL
        Initial Value: 0
        IO Voltage: 0
    PORT MAP (
        pa_out => Blank(0)__PA ,
        pad => Blank(0)_PAD );
    Properties:
    {
    }

[IoId=7]: 
Pin : Name = Latch(0)
    Attributes:
        In Group/Port: True
        In Sync Option: AUTO
        Out Sync Option: NOSYNC
        Interrupt generated: False
        Interrupt mode: NONE
        Drive mode: CMOS_OUT
        VTrip: EITHER
        Slew: FAST
        Input Sync needed: False
        Output Sync needed: False
        SC shield enabled: False
        POR State: ANY
        LCD Mode: COMMON
        Register Mode: RegComb
        CaSense Mode: NEITHER
        Treat as pin: True
        Is OE Registered: False
        Uses Analog: False
        Can contain Digital: True
        Is SIO: False
        SIO Output Buf: NONREGULATED
        SIO Input Buf: SINGLE_ENDED
        SIO HiFreq: LOW
        SIO Hyst: DISABLED
        SIO Vtrip: MULTIPLIER_0_5
        SIO Multiplier Index: 0
        SIO RefSel: VCC_IO
        Required Capabilitites: DIGITAL
        Initial Value: 0
        IO Voltage: 0
    PORT MAP (
        pa_out => Latch(0)__PA ,
        pad => Latch(0)_PAD );
    Properties:
    {
    }

Port 3 contains the following IO cells:
[IoId=0]: 
Pin : Name = \SPIM:mosi_m(0)\
    Attributes:
        In Group/Port: True
        In Sync Option: NOSYNC
        Out Sync Option: NOSYNC
        Interrupt generated: False
        Interrupt mode: NONE
        Drive mode: CMOS_OUT
        VTrip: CMOS
        Slew: FAST
        Input Sync needed: False
        Output Sync needed: False
        SC shield enabled: False
        POR State: ANY
        LCD Mode: COMMON
        Register Mode: RegComb
        CaSense Mode: NEITHER
        Treat as pin: True
        Is OE Registered: False
        Uses Analog: False
        Can contain Digital: True
        Is SIO: False
        SIO Output Buf: NONREGULATED
        SIO Input Buf: SINGLE_ENDED
        SIO HiFreq: LOW
        SIO Hyst: DISABLED
        SIO Vtrip: MULTIPLIER_0_5
        SIO Multiplier Index: 0
        SIO RefSel: VCC_IO
        Required Capabilitites: DIGITAL
        Initial Value: 1
        IO Voltage: 0
    PORT MAP (
        pa_out => \SPIM:mosi_m(0)\__PA ,
        input => \SPIM:mosi_m_wire\ ,
        pad => \SPIM:mosi_m(0)_PAD\ );
    Properties:
    {
    }

Port 4 contains the following IO cells:
[IoId=0]: 
Pin : Name = \UART_1:rx(0)\
    Attributes:
        In Group/Port: True
        In Sync Option: NOSYNC
        Out Sync Option: AUTO
        Interrupt generated: False
        Interrupt mode: NONE
        Drive mode: HI_Z_DIGITAL
        VTrip: CMOS
        Slew: FAST
        Input Sync needed: False
        Output Sync needed: False
        SC shield enabled: False
        POR State: ANY
        LCD Mode: COMMON
        Register Mode: RegComb
        CaSense Mode: NEITHER
        Treat as pin: True
        Is OE Registered: False
        Uses Analog: False
        Can contain Digital: True
        Is SIO: False
        SIO Output Buf: NONREGULATED
        SIO Input Buf: SINGLE_ENDED
        SIO HiFreq: LOW
        SIO Hyst: DISABLED
        SIO Vtrip: MULTIPLIER_0_5
        SIO Multiplier Index: 0
        SIO RefSel: VCC_IO
        Required Capabilitites: DIGITAL
        Initial Value: 0
        IO Voltage: 0
    PORT MAP (
        pa_out => \UART_1:rx(0)\__PA ,
        fb => \UART_1:rx_wire\ ,
        pad => \UART_1:rx(0)_PAD\ );
    Properties:
    {
    }

[IoId=1]: 
Pin : Name = \UART_1:tx(0)\
    Attributes:
        In Group/Port: True
        In Sync Option: NOSYNC
        Out Sync Option: NOSYNC
        Interrupt generated: False
        Interrupt mode: NONE
        Drive mode: CMOS_OUT
        VTrip: CMOS
        Slew: FAST
        Input Sync needed: False
        Output Sync needed: False
        SC shield enabled: False
        POR State: ANY
        LCD Mode: COMMON
        Register Mode: RegComb
        CaSense Mode: NEITHER
        Treat as pin: True
        Is OE Registered: False
        Uses Analog: False
        Can contain Digital: True
        Is SIO: False
        SIO Output Buf: NONREGULATED
        SIO Input Buf: SINGLE_ENDED
        SIO HiFreq: LOW
        SIO Hyst: DISABLED
        SIO Vtrip: MULTIPLIER_0_5
        SIO Multiplier Index: 0
        SIO RefSel: VCC_IO
        Required Capabilitites: DIGITAL
        Initial Value: 1
        IO Voltage: 0
    PORT MAP (
        pa_out => \UART_1:tx(0)\__PA ,
        input => \UART_1:tx_wire\ ,
        pad => \UART_1:tx(0)_PAD\ );
    Properties:
    {
    }

[IoId=2]: 
Pin : Name = \CapSense:Cmod(0)\
    Attributes:
        Alias: Cmod
        In Group/Port: True
        In Sync Option: AUTO
        Out Sync Option: AUTO
        Interrupt generated: False
        Interrupt mode: NONE
        Drive mode: HI_Z_ANALOG
        VTrip: EITHER
        Slew: FAST
        Input Sync needed: False
        Output Sync needed: False
        SC shield enabled: False
        POR State: ANY
        LCD Mode: COMMON
        Register Mode: RegComb
        CaSense Mode: NEITHER
        Treat as pin: True
        Is OE Registered: False
        Uses Analog: True
        Can contain Digital: False
        Is SIO: False
        SIO Output Buf: NONREGULATED
        SIO Input Buf: SINGLE_ENDED
        SIO HiFreq: LOW
        SIO Hyst: DISABLED
        SIO Vtrip: MULTIPLIER_0_5
        SIO Multiplier Index: 0
        SIO RefSel: VCC_IO
        Required Capabilitites: ANALOG
        Initial Value: 0
        IO Voltage: 0
    PORT MAP (
        pa_out => \CapSense:Cmod(0)\__PA ,
        analog_term => \CapSense:Net_2_0\ ,
        pad => \CapSense:Cmod(0)_PAD\ );
    Properties:
    {
    }

[IoId=3]: 
Pin : Name = \CapSense:Sns(0)\
    Attributes:
        Alias: LinearSlider0_Sns0
        In Group/Port: True
        In Sync Option: AUTO
        Out Sync Option: AUTO
        Interrupt generated: False
        Interrupt mode: NONE
        Drive mode: HI_Z_ANALOG
        VTrip: EITHER
        Slew: FAST
        Input Sync needed: False
        Output Sync needed: False
        SC shield enabled: False
        POR State: ANY
        LCD Mode: COMMON
        Register Mode: RegComb
        CaSense Mode: NEITHER
        Treat as pin: True
        Is OE Registered: False
        Uses Analog: True
        Can contain Digital: False
        Is SIO: False
        SIO Output Buf: NONREGULATED
        SIO Input Buf: SINGLE_ENDED
        SIO HiFreq: LOW
        SIO Hyst: DISABLED
        SIO Vtrip: MULTIPLIER_0_5
        SIO Multiplier Index: 0
        SIO RefSel: VCC_IO
        Required Capabilitites: ANALOG
        Initial Value: 0
        IO Voltage: 0
    PORT MAP (
        pa_out => \CapSense:Sns(0)\__PA ,
        analog_term => \CapSense:Net_2_0\ ,
        pad => \CapSense:Sns(0)_PAD\ );
    Properties:
    {
    }

Clock group 0: 
    Clock Block @ F(Clock,0): 
    m0s8clockblockcell: Name =ClockBlock
        PORT MAP (
            hfclk => ClockBlock_HFCLK ,
            imo => ClockBlock_IMO ,
            ext => ClockBlock_EXTCLK ,
            sysclk => ClockBlock_SYSCLK ,
            ilo => ClockBlock_ILO ,
            lfclk => ClockBlock_LFCLK ,
            wco => ClockBlock_WCO ,
            ff_div_2 => \CapSense:Net_1423_ff2\ ,
            ff_div_0 => \SPIM:Net_847_ff0\ ,
            ff_div_1 => \UART_1:Net_847_ff1\ );
        Properties:
        {
        }
SPC group 0: empty
WDT group 0: empty
LP Comparator group 0: empty
Serial Communication (SCB) group 0: 
    SCB Block @ F(SCB,0): 
    m0s8scbcell: Name =\UART_1:SCB\
        PORT MAP (
            clock => \UART_1:Net_847_ff1\ ,
            interrupt => Net_133 ,
            rx => \UART_1:rx_wire\ ,
            tx => \UART_1:tx_wire\ ,
            rts => \UART_1:rts_wire\ ,
            mosi_m => \UART_1:mosi_m_wire\ ,
            select_m_3 => \UART_1:select_m_wire_3\ ,
            select_m_2 => \UART_1:select_m_wire_2\ ,
            select_m_1 => \UART_1:select_m_wire_1\ ,
            select_m_0 => \UART_1:select_m_wire_0\ ,
            sclk_m => \UART_1:sclk_m_wire\ ,
            miso_s => \UART_1:miso_s_wire\ ,
            tx_req => Net_136 ,
            rx_req => Net_135 );
        Properties:
        {
            cy_registers = ""
            scb_mode = 2
        }
    SCB Block @ F(SCB,1): 
    m0s8scbcell: Name =\SPIM:SCB\
        PORT MAP (
            clock => \SPIM:Net_847_ff0\ ,
            interrupt => Net_114 ,
            tx => \SPIM:tx_wire\ ,
            rts => \SPIM:rts_wire\ ,
            mosi_m => \SPIM:mosi_m_wire\ ,
            select_m_3 => \SPIM:select_m_wire_3\ ,
            select_m_2 => \SPIM:select_m_wire_2\ ,
            select_m_1 => \SPIM:select_m_wire_1\ ,
            select_m_0 => \SPIM:select_m_wire_0\ ,
            sclk_m => \SPIM:sclk_m_wire\ ,
            miso_s => \SPIM:miso_s_wire\ ,
            tx_req => Net_117 ,
            rx_req => Net_116 );
        Properties:
        {
            cy_registers = ""
            scb_mode = 1
        }
CapSense group 0: 
    PSoC4 CapSense @ F(CSD,0): 
    p4csdcell: Name =\CapSense:CSD\
        PORT MAP (
            source => \CapSense:Net_2_0\ ,
            shield => \CapSense:Net_122\ ,
            csh => \CapSense:Net_84\ ,
            cmod => \CapSense:Net_86\ ,
            shield_pad => \CapSense:Net_15\ ,
            vref_ext => \CapSense:Net_150\ ,
            sense_out => \CapSense:Net_317\ ,
            sample_out => \CapSense:Net_316\ ,
            csh_tank_en => \CapSense:Net_323\ ,
            cmod_en => \CapSense:Net_322\ ,
            hscmp => \CapSense:Net_321\ ,
            sampling => \CapSense:Net_318\ ,
            adc_on => \CapSense:Net_319\ ,
            count_15 => \CapSense:Net_320_15\ ,
            count_14 => \CapSense:Net_320_14\ ,
            count_13 => \CapSense:Net_320_13\ ,
            count_12 => \CapSense:Net_320_12\ ,
            count_11 => \CapSense:Net_320_11\ ,
            count_10 => \CapSense:Net_320_10\ ,
            count_9 => \CapSense:Net_320_9\ ,
            count_8 => \CapSense:Net_320_8\ ,
            count_7 => \CapSense:Net_320_7\ ,
            count_6 => \CapSense:Net_320_6\ ,
            count_5 => \CapSense:Net_320_5\ ,
            count_4 => \CapSense:Net_320_4\ ,
            count_3 => \CapSense:Net_320_3\ ,
            count_2 => \CapSense:Net_320_2\ ,
            count_1 => \CapSense:Net_320_1\ ,
            count_0 => \CapSense:Net_320_0\ ,
            clk => \CapSense:Net_1423_ff2\ ,
            irq => \CapSense:Net_120\ );
        Properties:
        {
            adc_channel_count = 1
            cy_registers = ""
            is_capsense = 1
            is_cmod_charge = 0
            is_csh_charge = 0
            is_mutual = 0
            rx_count = 1
            sensors_count = 10
            shield_count = 1
            tx_count = 1
        }
7-bit IDAC group 0: 
    PSoC4 7-bit IDAC @ F(CSIDAC7,0): 
    p4csidacV2cell: Name =\CapSense:IDACMod\
        PORT MAP (
            iout => \CapSense:Net_2_0\ );
        Properties:
        {
            cy_registers = ""
            leg3_needed = 0
        }
    PSoC4 7-bit IDAC @ F(CSIDAC7,1): 
    p4csidacV2cell: Name =\CapSense:IDACComp\
        PORT MAP (
            iout => \CapSense:Net_2_0\ );
        Properties:
        {
            cy_registers = ""
            leg3_needed = 1
        }
Timer/Counter/PWM group 0: empty
Segment LCD group 0: empty
CLK_GEN group 0: 
    M0S8 Clock Gen Block @ F(CLK_GEN,0): 
    m0s8clockgenblockcell: Name =ClockGenBlock
        PORT MAP (
             );
        Properties:
        {
        }
LPCOMPBLOCK group 0: empty
GANGED_PICU group 0: empty
WCO group 0: empty
Smart IO Ports group 0: empty
</CYPRESSTAG>
<CYPRESSTAG name="Port Configuration Details">

------------------------------------------------------------
Port Configuration report
------------------------------------------------------------
     |     |       | Interrupt |                  |                    | 
Port | Pin | Fixed |      Type |       Drive Mode |               Name | Connections
-----+-----+-------+-----------+------------------+--------------------+---------------------------
   0 |   0 |     * |      NONE |      HI_Z_ANALOG |  \CapSense:Sns(1)\ | Analog(\CapSense:Net_2_0\)
     |   1 |     * |      NONE |      HI_Z_ANALOG |  \CapSense:Sns(2)\ | Analog(\CapSense:Net_2_0\)
     |   4 |     * |      NONE |      HI_Z_ANALOG |  \CapSense:Sns(3)\ | Analog(\CapSense:Net_2_0\)
     |   5 |     * |      NONE |      HI_Z_ANALOG |  \CapSense:Sns(4)\ | Analog(\CapSense:Net_2_0\)
     |   6 |     * |      NONE |         CMOS_OUT |   \SPIM:sclk_m(0)\ | In(\SPIM:sclk_m_wire\)
-----+-----+-------+-----------+------------------+--------------------+---------------------------
   1 |   2 |     * |      NONE |      HI_Z_ANALOG |  \CapSense:Sns(5)\ | Analog(\CapSense:Net_2_0\)
     |   3 |     * |      NONE |      HI_Z_ANALOG |  \CapSense:Sns(6)\ | Analog(\CapSense:Net_2_0\)
     |   7 |     * |      NONE |      HI_Z_ANALOG |  \CapSense:Sns(7)\ | Analog(\CapSense:Net_2_0\)
-----+-----+-------+-----------+------------------+--------------------+---------------------------
   2 |   0 |     * |      NONE |      HI_Z_ANALOG |  \CapSense:Sns(8)\ | Analog(\CapSense:Net_2_0\)
     |   1 |     * |      NONE |      HI_Z_ANALOG |  \CapSense:Sns(9)\ | Analog(\CapSense:Net_2_0\)
     |   6 |     * |      NONE |         CMOS_OUT |           Blank(0) | 
     |   7 |     * |      NONE |         CMOS_OUT |           Latch(0) | 
-----+-----+-------+-----------+------------------+--------------------+---------------------------
   3 |   0 |     * |      NONE |         CMOS_OUT |   \SPIM:mosi_m(0)\ | In(\SPIM:mosi_m_wire\)
-----+-----+-------+-----------+------------------+--------------------+---------------------------
   4 |   0 |     * |      NONE |     HI_Z_DIGITAL |     \UART_1:rx(0)\ | FB(\UART_1:rx_wire\)
     |   1 |     * |      NONE |         CMOS_OUT |     \UART_1:tx(0)\ | In(\UART_1:tx_wire\)
     |   2 |     * |      NONE |      HI_Z_ANALOG | \CapSense:Cmod(0)\ | Analog(\CapSense:Net_2_0\)
     |   3 |     * |      NONE |      HI_Z_ANALOG |  \CapSense:Sns(0)\ | Analog(\CapSense:Net_2_0\)
---------------------------------------------------------------------------------------------------
</CYPRESSTAG>
</CYPRESSTAG>
</CYPRESSTAG>
Digital component placer commit/Report: Elapsed time ==> 0s.000ms
Digital Placement phase: Elapsed time ==> 0s.140ms
</CYPRESSTAG>
<CYPRESSTAG name="Digital Routing">
Info: pft.M0077: There is no timing information available for the selected device. Static timing checks will not be applied and digital routing will not be timing-driven. (App=cydsfit)
Routing successful.
Digital Routing phase: Elapsed time ==> 0s.150ms
</CYPRESSTAG>
<CYPRESSTAG name="Bitstream Generation">
Bitstream Generation phase: Elapsed time ==> 0s.130ms
</CYPRESSTAG>
<CYPRESSTAG name="Bitstream Verification">
Bitstream Verification phase: Elapsed time ==> 0s.000ms
</CYPRESSTAG>
<CYPRESSTAG name="Static timing analysis">
No timing parameter file available for CY8C4045LQI-S411
Static timing analysis phase: Elapsed time ==> 0s.010ms
</CYPRESSTAG>
<CYPRESSTAG name="Data reporting">
Data reporting phase: Elapsed time ==> 0s.000ms
</CYPRESSTAG>
<CYPRESSTAG name="Database update...">
Design database save phase: Elapsed time ==> 0s.160ms
</CYPRESSTAG>
cydsfit: Elapsed time ==> 0s.850ms
</CYPRESSTAG>
Fitter phase: Elapsed time ==> 0s.870ms
API generation phase: Elapsed time ==> 2s.169ms
Dependency generation phase: Elapsed time ==> 0s.020ms
Cleanup phase: Elapsed time ==> 0s.000ms
