--------------- Build Started: 05/18/2017 12:51:31 Project: SCB_I2cCommSlave01, Configuration: ARM GCC 4.9-2015-q1-update Debug ---------------
Initializing Build...
cydsfit.exe -.appdatapath "C:\Users\mm1005301\AppData\Local\Cypress Semiconductor\PSoC Creator\4.0" -.fdsnotice -.fdswarpdepfile=warp_dependencies.txt -.fdselabdepfile=elab_dependencies.txt -.fdsbldfile=generated_files.txt -.fdsreffile=referenced_files.txt -p C:\work\Eddie\capsense\i2csimple\SCB_I2cCommSlave01\SCB_I2cCommSlave01.cydsn\SCB_I2cCommSlave01.cyprj -d CY8C4014FNI-421 -s C:\work\Eddie\capsense\i2csimple\SCB_I2cCommSlave01\SCB_I2cCommSlave01.cydsn\Generated_Source\PSoC4 -- -yv2 -q10 -ygs -o2 -v3 -.fftcfgtype=LE
Elaborating Design...
HDL Generation...
Synthesis...
Tech Mapping...
ADD: pft.M0040: information: The following 1 pin(s) will be assigned a location by the fitter: cap_int(0)
Analog Placement...
Analog Routing...
Analog Code Generation...
Digital Placement...
Digital Routing...
Info: pft.M0077: There is no timing information available for the selected device. Static timing checks will not be applied and digital routing will not be timing-driven. (App=cydsfit)
Bitstream Generation...
Bitstream Verification...
Static timing analysis...
API Generation...
Dependency Generation...
Cleanup...
--------------- Build Succeeded: 05/18/2017 12:51:35 ---------------
